This is pdfTeX, Version 3.14159265-2.6-1.40.16 (TeX Live 2015/Debian) (preloaded format=pdflatex 2017.8.22)  14 OCT 2018 09:31
entering extended mode
 restricted \write18 enabled.
 file:line:error style messages enabled.
 %&-line parsing enabled.
**\input 1409.7504.tex
(./1409.7504.tex (/usr/share/texlive/texmf-dist/tex/latex/amscls/amsart.cls
Document Class: amsart 2015/03/04 v2.20.2
\linespacing=\dimen102
\normalparindent=\dimen103
\normaltopskip=\skip41
(/usr/share/texlive/texmf-dist/tex/latex/amsmath/amsmath.sty
Package: amsmath 2016/03/03 v2.15a AMS math features
\@mathmargin=\skip42

For additional information on amsmath, use the `?' option.
(/usr/share/texlive/texmf-dist/tex/latex/amsmath/amstext.sty
Package: amstext 2000/06/29 v2.01 AMS text

(/usr/share/texlive/texmf-dist/tex/latex/amsmath/amsgen.sty
File: amsgen.sty 1999/11/30 v2.0 generic functions
\@emptytoks=\toks14
\ex@=\dimen104
))
(/usr/share/texlive/texmf-dist/tex/latex/amsmath/amsbsy.sty
Package: amsbsy 1999/11/29 v1.2d Bold Symbols
\pmbraise@=\dimen105
)
(/usr/share/texlive/texmf-dist/tex/latex/amsmath/amsopn.sty
Package: amsopn 1999/12/14 v2.01 operator names
)
\inf@bad=\count79
LaTeX Info: Redefining \frac on input line 199.
\uproot@=\count80
\leftroot@=\count81
LaTeX Info: Redefining \overline on input line 297.
\classnum@=\count82
\DOTSCASE@=\count83
LaTeX Info: Redefining \ldots on input line 394.
LaTeX Info: Redefining \dots on input line 397.
LaTeX Info: Redefining \cdots on input line 518.
\Mathstrutbox@=\box26
\strutbox@=\box27
\big@size=\dimen106
LaTeX Font Info:    Redeclaring font encoding OML on input line 630.
LaTeX Font Info:    Redeclaring font encoding OMS on input line 631.
\macc@depth=\count84
\c@MaxMatrixCols=\count85
\dotsspace@=\muskip10
\c@parentequation=\count86
\dspbrk@lvl=\count87
\tag@help=\toks15
\row@=\count88
\column@=\count89
\maxfields@=\count90
\andhelp@=\toks16
\eqnshift@=\dimen107
\alignsep@=\dimen108
\tagshift@=\dimen109
\tagwidth@=\dimen110
\totwidth@=\dimen111
\lineht@=\dimen112
\@envbody=\toks17
\multlinegap=\skip43
\multlinetaggap=\skip44
\mathdisplay@stack=\toks18
LaTeX Info: Redefining \[ on input line 2735.
LaTeX Info: Redefining \] on input line 2736.
)
LaTeX Font Info:    Try loading font information for U+msa on input line 388.

(/usr/share/texlive/texmf-dist/tex/latex/amsfonts/umsa.fd
File: umsa.fd 2013/01/14 v3.01 AMS symbols A
)
(/usr/share/texlive/texmf-dist/tex/latex/amsfonts/amsfonts.sty
Package: amsfonts 2013/01/14 v3.01 Basic AMSFonts support
\symAMSa=\mathgroup4
\symAMSb=\mathgroup5
LaTeX Font Info:    Overwriting math alphabet `\mathfrak' in version `bold'
(Font)                  U/euf/m/n --> U/euf/b/n on input line 106.
)
\copyins=\insert199
\abstractbox=\box28
\listisep=\skip45
\c@part=\count91
\c@section=\count92
\c@subsection=\count93
\c@subsubsection=\count94
\c@paragraph=\count95
\c@subparagraph=\count96
\c@figure=\count97
\c@table=\count98
\abovecaptionskip=\skip46
\belowcaptionskip=\skip47
\captionindent=\dimen113
\thm@style=\toks19
\thm@bodyfont=\toks20
\thm@headfont=\toks21
\thm@notefont=\toks22
\thm@headpunct=\toks23
\thm@preskip=\skip48
\thm@postskip=\skip49
\thm@headsep=\skip50
\dth@everypar=\toks24
)
(/usr/share/texlive/texmf-dist/tex/latex/amsfonts/amssymb.sty
Package: amssymb 2013/01/14 v3.01 AMS font symbols
)
(/usr/share/texlive/texmf-dist/tex/generic/xypic/xy.sty
(/usr/share/texlive/texmf-dist/tex/generic/xypic/xy.tex Bootstrap'ing:
catcodes, docmode, (/usr/share/texlive/texmf-dist/tex/generic/xypic/xyrecat.tex
) (/usr/share/texlive/texmf-dist/tex/generic/xypic/xyidioms.tex)

 Xy-pic version 3.8.9 <2013/10/06>
 Copyright (c) 1991-2013 by Kristoffer H. Rose <krisrose@tug.org> and others
 Xy-pic is free software: see the User's Guide for details.

Loading kernel: messages; fonts; allocations: state,
\X@c=\dimen114
\Y@c=\dimen115
\U@c=\dimen116
\D@c=\dimen117
\L@c=\dimen118
\R@c=\dimen119
\Edge@c=\toks25
\X@p=\dimen120
\Y@p=\dimen121
\U@p=\dimen122
\D@p=\dimen123
\L@p=\dimen124
\R@p=\dimen125
\Edge@p=\toks26
\X@origin=\dimen126
\Y@origin=\dimen127
\X@xbase=\dimen128
\Y@xbase=\dimen129
\X@ybase=\dimen130
\Y@ybase=\dimen131
\X@min=\dimen132
\Y@min=\dimen133
\X@max=\dimen134
\Y@max=\dimen135
\lastobjectbox@=\box29
\zerodotbox@=\box30
\almostz@=\dimen136
 direction,
\d@X=\dimen137
\d@Y=\dimen138
\K@=\count99
\KK@=\count100
\Direction=\count101
\K@dXdY=\dimen139
\K@dYdX=\dimen140
\xyread@=\read1
\xywrite@=\write3
\csp@=\count102
\quotPTK@=\dimen141

utility macros; pictures: \xy, positions,
\swaptoks@@=\toks27
\connectobjectbox@@=\box31
 objects,
\styletoks@=\toks28
 decorations;
kernel objects: directionals, circles, text; options; algorithms: directions,
edges, connections;  Xy-pic loaded)
(/usr/share/texlive/texmf-dist/tex/generic/oberdiek/ifpdf.sty
Package: ifpdf 2011/01/30 v2.3 Provides the ifpdf switch (HO)
Package ifpdf Info: pdfTeX in PDF mode is detected.
)
Package: xy 2013/10/06 Xy-pic version 3.8.9

(/usr/share/texlive/texmf-dist/tex/generic/xypic/xyall.tex
 Xy-pic option: All features v.3.8
(/usr/share/texlive/texmf-dist/tex/generic/xypic/xycurve.tex
 Xy-pic option: Curve and Spline extension v.3.12 curve,
\crv@cnt@=\count103
\crvpts@=\toks29
\splinebox@=\box32
\splineval@=\dimen142
\splinedepth@=\dimen143
\splinetol@=\dimen144
\splinelength@=\dimen145
 circles,
\L@=\dimen146
 loaded)
(/usr/share/texlive/texmf-dist/tex/generic/xypic/xyframe.tex
 Xy-pic option: Frame and Bracket extension v.3.14 loaded)
(/usr/share/texlive/texmf-dist/tex/generic/xypic/xycmtip.tex
 Xy-pic option: Computer Modern tip extension v.3.7
(/usr/share/texlive/texmf-dist/tex/generic/xypic/xytips.tex
 Xy-pic option: More Tips extension v.3.11 loaded) loaded)
(/usr/share/texlive/texmf-dist/tex/generic/xypic/xyline.tex
 Xy-pic option: Line styles extension v.3.10
\xylinethick@=\dimen147
 loaded)
(/usr/share/texlive/texmf-dist/tex/generic/xypic/xyrotate.tex
 Xy-pic option: Rotate and Scale extension v.3.8 loaded)
(/usr/share/texlive/texmf-dist/tex/generic/xypic/xycolor.tex
 Xy-pic option: Colour extension v.3.11 loaded)
(/usr/share/texlive/texmf-dist/tex/generic/xypic/xymatrix.tex
 Xy-pic option: Matrix feature v.3.14
\Row=\count104
\Col=\count105
\queue@=\toks30
\queue@@=\toks31
\qcount@=\count106
\qcount@@=\count107
\matrixsize@=\count108
 loaded)
(/usr/share/texlive/texmf-dist/tex/generic/xypic/xyarrow.tex
 Xy-pic option: Arrow and Path feature v.3.9 path, \ar, loaded)
(/usr/share/texlive/texmf-dist/tex/generic/xypic/xygraph.tex
 Xy-pic option: Graph feature v.3.11 loaded) loaded)
(/usr/share/texlive/texmf-dist/tex/generic/xypic/xypdf.tex
 Xy-pic option: PDF driver v.1.7 Xy-pic pdf driver: `color' extension support
(/usr/share/texlive/texmf-dist/tex/generic/xypic/xypdf-co.tex loaded)
Xy-pic pdf driver: `curve' extension support
(/usr/share/texlive/texmf-dist/tex/generic/xypic/xypdf-cu.tex loaded)
Xy-pic pdf driver: `frame' extension support
(/usr/share/texlive/texmf-dist/tex/generic/xypic/xypdf-fr.tex loaded)
Xy-pic pdf driver: `line' extension support
(/usr/share/texlive/texmf-dist/tex/generic/xypic/xypdf-li.tex loaded)
Xy-pic pdf driver: `rotate' extension support
(/usr/share/texlive/texmf-dist/tex/generic/xypic/xypdf-ro.tex loaded) loaded))
(/usr/share/texlive/texmf-dist/tex/latex/url/url.sty
\Urlmuskip=\muskip11
Package: url 2013/09/16  ver 3.4  Verb mode for urls, etc.
)
(/usr/share/texlive/texmf-dist/tex/latex/comment/comment.sty
\CommentStream=\write4

Excluding comment 'comment') (../extract.sty
(/usr/share/texlive/texmf-dist/tex/latex/environ/environ.sty
Package: environ 2014/05/04 v0.3 A new way to define environments

(/usr/share/texlive/texmf-dist/tex/latex/trimspaces/trimspaces.sty
Package: trimspaces 2009/09/17 v1.1 Trim spaces around a token list
))
(/usr/share/texlive/texmf-dist/tex/latex/etextools/etextools.sty
Package: etextools 2010/12/07 v3.1415926 e-TeX more useful tools for LaTeX pack
age writers

(/usr/share/texlive/texmf-dist/tex/latex/etex-pkg/etex.sty
Package: etex 2016/01/11 v2.6 eTeX basic definition package (PEB,DPC)
\et@xins=\count109
)
(/usr/share/texlive/texmf-dist/tex/latex/etoolbox/etoolbox.sty
Package: etoolbox 2015/08/02 v2.2a e-TeX tools for LaTeX (JAW)
\etb@tempcnta=\count110
)
(/usr/share/texlive/texmf-dist/tex/latex/oberdiek/letltxmacro.sty
Package: letltxmacro 2010/09/02 v1.4 Let assignment for LaTeX macros (HO)
)
\ettl@fter=\count111
\ettl@for@nested=\count277
)
(/usr/share/texmf/tex/latex/preview/preview.sty
Package: preview 2010/02/14 11.88 (AUCTeX/preview-latex)

(/usr/share/texmf/tex/latex/preview/prtightpage.def
\PreviewBorder=\dimen148
)
\pr@snippet=\count112
\pr@box=\box33
\pr@output=\toks32
)
\c@propcounter=\count113
\mybox=\box34
)
\c@Theorem=\count114

(/usr/share/texlive/texmf-dist/tex/latex/graphics/color.sty
Package: color 2016/01/03 v1.1b Standard LaTeX Color (DPC)

(/usr/share/texlive/texmf-dist/tex/latex/latexconfig/color.cfg
File: color.cfg 2007/01/18 v1.5 color configuration of teTeX/TeXLive
)
Package color Info: Driver file: pdftex.def on input line 143.

(/usr/share/texlive/texmf-dist/tex/latex/pdftex-def/pdftex.def
File: pdftex.def 2011/05/27 v0.06d Graphics/color for pdfTeX

(/usr/share/texlive/texmf-dist/tex/generic/oberdiek/infwarerr.sty
Package: infwarerr 2010/04/08 v1.3 Providing info/warning/error messages (HO)
)
(/usr/share/texlive/texmf-dist/tex/generic/oberdiek/ltxcmds.sty
Package: ltxcmds 2011/11/09 v1.22 LaTeX kernel commands for general use (HO)
)
\Gread@gobject=\count115
))
(./1409.7504.aux)
\openout1 = `1409.7504.aux'.

LaTeX Font Info:    Checking defaults for OML/cmm/m/it on input line 135.
LaTeX Font Info:    ... okay on input line 135.
LaTeX Font Info:    Checking defaults for T1/cmr/m/n on input line 135.
LaTeX Font Info:    ... okay on input line 135.
LaTeX Font Info:    Checking defaults for OT1/cmr/m/n on input line 135.
LaTeX Font Info:    ... okay on input line 135.
LaTeX Font Info:    Checking defaults for OMS/cmsy/m/n on input line 135.
LaTeX Font Info:    ... okay on input line 135.
LaTeX Font Info:    Checking defaults for OMX/cmex/m/n on input line 135.
LaTeX Font Info:    ... okay on input line 135.
LaTeX Font Info:    Checking defaults for U/cmr/m/n on input line 135.
LaTeX Font Info:    ... okay on input line 135.
LaTeX Font Info:    Try loading font information for U+msa on input line 135.
 (/usr/share/texlive/texmf-dist/tex/latex/amsfonts/umsa.fd
File: umsa.fd 2013/01/14 v3.01 AMS symbols A
)
LaTeX Font Info:    Try loading font information for U+msb on input line 135.

(/usr/share/texlive/texmf-dist/tex/latex/amsfonts/umsb.fd
File: umsb.fd 2013/01/14 v3.01 AMS symbols B
)
Package xypdf Info: Line width: 0.47998pt on input line 135.

Preview: Fontsize 12pt
Preview: PDFoutput 1
\extractedfile=\write5
\openout5 = `propositions.txt'.

(/usr/share/texlive/texmf-dist/tex/context/base/supp-pdf.mkii
[Loading MPS to PDF converter (version 2006.09.02).]
\scratchcounter=\count116
\scratchdimen=\dimen149
\scratchbox=\box35
\nofMPsegments=\count117
\nofMParguments=\count118
\everyMPshowfont=\toks33
\MPscratchCnt=\count119
\MPscratchDim=\dimen150
\MPnumerator=\count120
\makeMPintoPDFobject=\count121
\everyMPtoPDFconversion=\toks34
)

Class amsart Warning: Abstract should precede \maketitle in AMS document classe
s; reported on input line 163.

Preview: Tightpage -32891 -32891 32891 32891
[1{/var/lib/texmf/fonts/map/pdftex/updmap/pdftex.map}]
Overfull \hbox (12.0pt too wide) in paragraph at lines 213--213
[][] 
 []


LaTeX Warning: Reference `subsec:fillandsurg' on page 1 undefined on input line
 217.


Overfull \hbox (7.28717pt too wide) in paragraph at lines 215--223
[]\OT1/cmr/m/n/12 Indeed, the construction of [[]] provides a contact structure
 which contains an \OT1/cmr/m/it/12 overtwisted
 []

Excluding 'comment' comment.
Overfull \hbox (9.95543pt too wide) in paragraph at lines 252--265
[]\OT1/cmr/m/n/12 This topological characterization of Stein domains easily gen
eralizes to cobordisms, providing
 []

Excluding 'comment' comment. [2]
Overfull \hbox (12.0pt too wide) in paragraph at lines 295--295
[][] 
 []

[3]
Overfull \hbox (12.0pt too wide) in paragraph at lines 328--328
[][] 
 []

[4]
Overfull \hbox (12.0pt too wide) in paragraph at lines 334--334
[][] 
 []

[5]
Overfull \hbox (12.0pt too wide) in paragraph at lines 376--376
[][] 
 []


Underfull \vbox (badness 10000) has occurred while \output is active []

 [6]
Overfull \hbox (12.0pt too wide) in paragraph at lines 416--416
[][] 
 []


LaTeX Warning: Reference `subsec:explicit' on page 3 undefined on input line 43
5.

[7]
Overfull \hbox (12.0pt too wide) in paragraph at lines 449--449
[][] 
 []

[8]
Overfull \hbox (12.0pt too wide) in paragraph at lines 496--496
[][] 
 []


Underfull \vbox (badness 10000) has occurred while \output is active []


Overfull \hbox (3.48883pt too wide) in paragraph at lines 497--503
[]\OT1/cmr/m/n/12 The improvement provided by Theorem 1.8  over Yang's result i
s the removal of assumptions
 []

[9]
Overfull \hbox (12.0pt too wide) in paragraph at lines 524--524
[][] 
 []


LaTeX Warning: Reference `sec:fillability' on page 4 undefined on input line 52
6.


LaTeX Warning: Reference `sec:max' on page 4 undefined on input line 531.


LaTeX Warning: Reference `subsec:stein_fillability_and_connected_sums' on page 
4 undefined on input line 533.


LaTeX Warning: Reference `sec:nonst-acs' on page 4 undefined on input line 537.



LaTeX Warning: Reference `sec:nonst-acs' on page 4 undefined on input line 540.


[10]
Overfull \hbox (12.0pt too wide) in paragraph at lines 604--604
[][] 
 []

[11]
Overfull \hbox (210.5404pt too wide) in paragraph at lines 606--620
\OT1/cmr/m/n/12 more standard notion of strong fillability. [] 
 []

[12]
Overfull \hbox (51.27966pt too wide) in paragraph at lines 621--635
\OML/cmm/m/it/12 df\OT1/cmr/m/n/12 (\OML/cmm/m/it/12 JX\OT1/cmr/m/n/12 )$). [] 

 []

LaTeX Font Info:    Try loading font information for OMS+cmr on input line 642.

(/usr/share/texlive/texmf-dist/tex/latex/base/omscmr.fd
File: omscmr.fd 2014/09/29 v2.5h Standard LaTeX font definitions
)
LaTeX Font Info:    Font shape `OMS/cmr/m/n' in size <12> not available
(Font)              Font shape `OMS/cmsy/m/n' tried instead on input line 642.
 [13]
Overfull \hbox (12.0pt too wide) in paragraph at lines 657--657
[][] 
 []

[14]
Overfull \hbox (12.0pt too wide) in paragraph at lines 677--677
[][] 
 []


Underfull \vbox (badness 10000) has occurred while \output is active []

 [15]
Overfull \hbox (12.0pt too wide) in paragraph at lines 702--702
[][] 
 []

[16]
Overfull \hbox (12.0pt too wide) in paragraph at lines 714--714
[][] 
 []

<xymatrix 2x2 150> <xymatrix 2x2 150> [17]
Overfull \hbox (12.0pt too wide) in paragraph at lines 766--766
[][] 
 []

Excluding 'comment' comment. [18]
Overfull \hbox (12.0pt too wide) in paragraph at lines 830--830
[][] 
 []

[19]
Overfull \hbox (12.0pt too wide) in paragraph at lines 874--874
[][] 
 []

<xymatrix 3x2 232> <xymatrix 2x2 147> [20]
Overfull \hbox (12.0pt too wide) in paragraph at lines 1028--1028
[][] 
 []

[21]
Overfull \hbox (12.0pt too wide) in paragraph at lines 1064--1064
[][] 
 []


Underfull \hbox (badness 1231) in paragraph at lines 1077--1077
[]\OT1/cmr/m/it/12 Remark \OT1/cmr/m/n/12 2.13\OT1/cmr/m/it/12 . []\OT1/cmr/m/n
/12 The applicability of the obstruction class described above hinges on
 []

[22]
Overfull \hbox (12.0pt too wide) in paragraph at lines 1077--1077
[][] 
 []

<xymatrix 3x2 145> [23]
Overfull \hbox (12.0pt too wide) in paragraph at lines 1103--1103
[][] 
 []


Underfull \vbox (badness 10000) has occurred while \output is active []

 <xymatrix
3x3 427> [24]
Overfull \hbox (12.0pt too wide) in paragraph at lines 1166--1166
[][] 
 []

[25]
Overfull \hbox (12.0pt too wide) in paragraph at lines 1193--1193
[][] 
 []


Overfull \hbox (24.67398pt too wide) in paragraph at lines 1220--1220
[]\OT1/cmr/m/n/12 For $(\OML/cmm/m/it/12 M[]; '[]\OT1/cmr/m/n/12 )$ we can take
 any almost contact $(2\OML/cmm/m/it/12 q[]\OT1/cmr/m/n/12 1)$-manifold where t
he corresponding
 []


Overfull \hbox (10.02513pt too wide) in paragraph at lines 1220--1220
\OT1/cmr/m/n/12 [[], Proposition 2.6] to obtain a stably complex manifold $(\OM
L/cmm/m/it/12 M[]; ^^P[]\OT1/cmr/m/n/12 )$ where $\OML/cmm/m/it/12 ^^P[] [] [] 
M[] \OMS/cmsy/m/n/12 !
 []


LaTeX Warning: Reference `eq:stable_and_unstable_Stein_cobordism' on page 13 un
defined on input line 1220.

[26]
Overfull \hbox (12.0pt too wide) in paragraph at lines 1230--1230
[][] 
 []

[27]
Overfull \hbox (12.0pt too wide) in paragraph at lines 1249--1249
[][] 
 []

[28]
Overfull \hbox (12.0pt too wide) in paragraph at lines 1260--1260
[][] 
 []

[29]
Overfull \hbox (12.0pt too wide) in paragraph at lines 1308--1308
[][] 
 []

Excluding 'comment' comment.
Overfull \hbox (1.5958pt too wide) in paragraph at lines 1364--1376
[]\OT1/cmr/m/n/12 In this section we prove Theorem 1.5 , which shows that in hi
gher dimensions the summands
 []


Overfull \hbox (6.76784pt too wide) in paragraph at lines 1364--1376
\OT1/cmr/m/n/12 of a Stein fillable almost contact manifold in a connected sum 
decomposition are not necessarily
 []

Excluding 'comment' comment. [30]
Overfull \hbox (12.0pt too wide) in paragraph at lines 1415--1415
[][] 
 []

[31]
Overfull \hbox (264.77734pt too wide) in paragraph at lines 1432--1464
\OT1/cmr/m/n/12 concerning these constructions we refer to [[], []]. [] 
 []

[32]
Overfull \hbox (12.0pt too wide) in paragraph at lines 1553--1553
[][] 
 []


Underfull \vbox (badness 10000) has occurred while \output is active []

 [33]
Overfull \hbox (12.0pt too wide) in paragraph at lines 1559--1559
[][] 
 []


LaTeX Warning: Reference `eq:M_to_SO/U' on page 17 undefined on input line 1593
.

[34]
Overfull \hbox (12.0pt too wide) in paragraph at lines 1602--1602
[][] 
 []

[35]
Overfull \hbox (12.0pt too wide) in paragraph at lines 1701--1701
[][] 
 []

[36]
Overfull \hbox (12.0pt too wide) in paragraph at lines 1730--1730
[][] 
 []

[37]
Overfull \hbox (178.2676pt too wide) in paragraph at lines 1740--1750
\OT1/cmr/m/n/12 With the aid of this lemma we have [] 
 []


Overfull \hbox (10.51677pt too wide) in paragraph at lines 1838--1838
[]\OT1/cmr/m/n/12 Let $\OML/cmm/m/it/12 ^^P; ^^P[]$ \OT1/cmr/m/n/12 and $\OML/c
mm/m/it/12 ^^P[]$ \OT1/cmr/m/n/12 be the stable complex structures determined b
y $\OML/cmm/m/it/12 '; '[]$ \OT1/cmr/m/n/12 and $\OML/cmm/m/it/12 '[]$ \OT1/cmr
/m/n/12 respectively.
 []

[38]
Overfull \hbox (12.0pt too wide) in paragraph at lines 1857--1857
[][] 
 []

[39]
Overfull \hbox (12.0pt too wide) in paragraph at lines 1862--1862
[][] 
 []

Excluding 'comment' comment. [40]
Overfull \hbox (12.0pt too wide) in paragraph at lines 1966--1966
[][] 
 []

[41]
Overfull \hbox (12.0pt too wide) in paragraph at lines 2019--2019
[][] 
 []

[42]
Overfull \hbox (12.0pt too wide) in paragraph at lines 2041--2041
[][] 
 []

[43]
Overfull \hbox (12.0pt too wide) in paragraph at lines 2062--2062
[][] 
 []

[44]
Overfull \hbox (164.64644pt too wide) in paragraph at lines 2091--2113
\OT1/cmr/m/n/12 of (2) and (3) of [[], Theorem 1]. [] 
 []

[45]
Overfull \hbox (12.0pt too wide) in paragraph at lines 2125--2125
[][] 
 []

[46]
Overfull \hbox (378.72478pt too wide) in paragraph at lines 2127--2148
\OT1/cmr/m/n/12 removing the assumptions involving Bernoulli numbers from its s
tatement. [] 
 []

[47]
Overfull \hbox (12.0pt too wide) in paragraph at lines 2161--2161
[][] 
 []


LaTeX Warning: Reference `eq:A2m' on page 22 undefined on input line 2244.


LaTeX Warning: Reference `eq:A2m-1' on page 22 undefined on input line 2244.

[48]
Overfull \hbox (302.76596pt too wide) in paragraph at lines 2246--2261
[]\OT1/cmr/m/n/12 To prove Theorem 5.1 , we shall need the following result. []
 
 []


LaTeX Warning: Reference `eq:ex' on page 24 undefined on input line 2404.

[49]
Overfull \hbox (12.0pt too wide) in paragraph at lines 2404--2404
[][] 
 []

Excluding 'comment' comment. [50]
Overfull \hbox (12.0pt too wide) in paragraph at lines 2511--2511
[][] 
 []


LaTeX Warning: Reference `eq:bernoulli_denom' on page 25 undefined on input lin
e 2546.

[51]
Overfull \hbox (12.0pt too wide) in paragraph at lines 2578--2578
[][] 
 []

[52]
Overfull \hbox (12.0pt too wide) in paragraph at lines 2597--2597
[][] 
 []

[53]
Overfull \hbox (12.0pt too wide) in paragraph at lines 2609--2609
[][] 
 []


LaTeX Warning: Reference `eq:bernoulli_denom' on page 26 undefined on input lin
e 2631.


Overfull \hbox (20.70036pt too wide) in paragraph at lines 2868--2868
[]\OT1/cmr/m/sc/10 Mathematisches Institut, Universit[]at Augsburg, Universit[]
atstr 14, 86159 Augsburg, Germany 
 []


Underfull \vbox (badness 10000) has occurred while \output is active []

Missing character: There is no â in font cmcsc10!
Missing character: There is no € in font cmcsc10!
Missing character: There is no “ in font cmcsc10!

Overfull \hbox (13.0642pt too wide) in paragraph at lines 2868--2868
[]\OT1/cmr/m/sc/10 Mathematisches Institut, Universit[]at G[]ottingen, Bunsenst
r. 3-5, 37073 G[]ottingen, Germany 
 []

(./1409.7504.aux)

LaTeX Warning: There were undefined references.

 ) 
Here is how much of TeX's memory you used:
 6410 strings out of 494779
 79045 string characters out of 6179263
 222365 words of memory out of 5000000
 9414 multiletter control sequences out of 15000+600000
 15633 words of font info for 61 fonts, out of 8000000 for 9000
 346 hyphenation exceptions out of 8191
 34i,16n,35p,3243b,512s stack positions out of 5000i,500n,10000p,200000b,80000s
</usr/share/texlive/texmf-dist/fonts/type1/public/amsfonts/cm/cmbx12.pfb></us
r/share/texlive/texmf-dist/fonts/type1/public/amsfonts/cm/cmbxti10.pfb></usr/sh
are/texlive/texmf-dist/fonts/type1/public/amsfonts/cm/cmex10.pfb></usr/share/te
xlive/texmf-dist/fonts/type1/public/amsfonts/cm/cmmi12.pfb></usr/share/texlive/
texmf-dist/fonts/type1/public/amsfonts/cm/cmmi6.pfb></usr/share/texlive/texmf-d
ist/fonts/type1/public/amsfonts/cm/cmmi8.pfb></usr/share/texlive/texmf-dist/fon
ts/type1/public/amsfonts/cm/cmr12.pfb></usr/share/texlive/texmf-dist/fonts/type
1/public/amsfonts/cm/cmr6.pfb></usr/share/texlive/texmf-dist/fonts/type1/public
/amsfonts/cm/cmr8.pfb></usr/share/texlive/texmf-dist/fonts/type1/public/amsfont
s/cm/cmsy10.pfb></usr/share/texlive/texmf-dist/fonts/type1/public/amsfonts/cm/c
msy6.pfb></usr/share/texlive/texmf-dist/fonts/type1/public/amsfonts/cm/cmsy8.pf
b></usr/share/texlive/texmf-dist/fonts/type1/public/amsfonts/cm/cmti12.pfb></us
r/share/texlive/texmf-dist/fonts/type1/public/amsfonts/symbols/msam10.pfb></usr
/share/texlive/texmf-dist/fonts/type1/public/amsfonts/symbols/msbm10.pfb></usr/
share/texlive/texmf-dist/fonts/type1/public/xypic/xyatip10.pfb></usr/share/texl
ive/texmf-dist/fonts/type1/public/xypic/xybtip10.pfb>
Output written on 1409.7504.pdf (53 pages, 219245 bytes).
PDF statistics:
 244 PDF objects out of 1000 (max. 8388607)
 170 compressed objects within 2 object streams
 0 named destinations out of 1000 (max. 500000)
 1 words of extra memory for PDF output out of 10000 (max. 10000000)

