This is pdfTeX, Version 3.14159265-2.6-1.40.16 (TeX Live 2015/Debian) (preloaded format=pdflatex 2017.8.22)  14 OCT 2018 21:51
entering extended mode
 restricted \write18 enabled.
 %&-line parsing enabled.
**source_extraction/results/1412.2550.tex
(./source_extraction/results/1412.2550.tex
LaTeX2e <2016/02/01>
Babel <3.9q> and hyphenation patterns for 1 language(s) loaded.
(/usr/share/texlive/texmf-dist/tex/latex/base/article.cls
Document Class: article 2014/09/29 v1.4h Standard LaTeX document class
(/usr/share/texlive/texmf-dist/tex/latex/base/size12.clo
File: size12.clo 2014/09/29 v1.4h Standard LaTeX file (size option)
)
\c@part=\count79
\c@section=\count80
\c@subsection=\count81
\c@subsubsection=\count82
\c@paragraph=\count83
\c@subparagraph=\count84
\c@figure=\count85
\c@table=\count86
\abovecaptionskip=\skip41
\belowcaptionskip=\skip42
\bibindent=\dimen102
)
(/usr/share/texlive/texmf-dist/tex/latex/amsmath/amsmath.sty
Package: amsmath 2016/03/03 v2.15a AMS math features
\@mathmargin=\skip43

For additional information on amsmath, use the `?' option.
(/usr/share/texlive/texmf-dist/tex/latex/amsmath/amstext.sty
Package: amstext 2000/06/29 v2.01 AMS text

(/usr/share/texlive/texmf-dist/tex/latex/amsmath/amsgen.sty
File: amsgen.sty 1999/11/30 v2.0 generic functions
\@emptytoks=\toks14
\ex@=\dimen103
))
(/usr/share/texlive/texmf-dist/tex/latex/amsmath/amsbsy.sty
Package: amsbsy 1999/11/29 v1.2d Bold Symbols
\pmbraise@=\dimen104
)
(/usr/share/texlive/texmf-dist/tex/latex/amsmath/amsopn.sty
Package: amsopn 1999/12/14 v2.01 operator names
)
\inf@bad=\count87
LaTeX Info: Redefining \frac on input line 199.
\uproot@=\count88
\leftroot@=\count89
LaTeX Info: Redefining \overline on input line 297.
\classnum@=\count90
\DOTSCASE@=\count91
LaTeX Info: Redefining \ldots on input line 394.
LaTeX Info: Redefining \dots on input line 397.
LaTeX Info: Redefining \cdots on input line 518.
\Mathstrutbox@=\box26
\strutbox@=\box27
\big@size=\dimen105
LaTeX Font Info:    Redeclaring font encoding OML on input line 630.
LaTeX Font Info:    Redeclaring font encoding OMS on input line 631.
\macc@depth=\count92
\c@MaxMatrixCols=\count93
\dotsspace@=\muskip10
\c@parentequation=\count94
\dspbrk@lvl=\count95
\tag@help=\toks15
\row@=\count96
\column@=\count97
\maxfields@=\count98
\andhelp@=\toks16
\eqnshift@=\dimen106
\alignsep@=\dimen107
\tagshift@=\dimen108
\tagwidth@=\dimen109
\totwidth@=\dimen110
\lineht@=\dimen111
\@envbody=\toks17
\multlinegap=\skip44
\multlinetaggap=\skip45
\mathdisplay@stack=\toks18
LaTeX Info: Redefining \[ on input line 2735.
LaTeX Info: Redefining \] on input line 2736.
)
(/usr/share/texlive/texmf-dist/tex/latex/base/latexsym.sty
Package: latexsym 1998/08/17 v2.2e Standard LaTeX package (lasy symbols)
\symlasy=\mathgroup4
LaTeX Font Info:    Overwriting symbol font `lasy' in version `bold'
(Font)                  U/lasy/m/n --> U/lasy/b/n on input line 52.
) (./extract.sty
(/usr/share/texlive/texmf-dist/tex/latex/environ/environ.sty
Package: environ 2014/05/04 v0.3 A new way to define environments

(/usr/share/texlive/texmf-dist/tex/latex/trimspaces/trimspaces.sty
Package: trimspaces 2009/09/17 v1.1 Trim spaces around a token list
))
(/usr/share/texlive/texmf-dist/tex/latex/etextools/etextools.sty
Package: etextools 2010/12/07 v3.1415926 e-TeX more useful tools for LaTeX pack
age writers

(/usr/share/texlive/texmf-dist/tex/latex/etex-pkg/etex.sty
Package: etex 2016/01/11 v2.6 eTeX basic definition package (PEB,DPC)
\et@xins=\count99
)
(/usr/share/texlive/texmf-dist/tex/latex/etoolbox/etoolbox.sty
Package: etoolbox 2015/08/02 v2.2a e-TeX tools for LaTeX (JAW)
\etb@tempcnta=\count100
)
(/usr/share/texlive/texmf-dist/tex/latex/oberdiek/letltxmacro.sty
Package: letltxmacro 2010/09/02 v1.4 Let assignment for LaTeX macros (HO)
)
\ettl@fter=\count101
\ettl@for@nested=\count277
)
(/usr/share/texmf/tex/latex/preview/preview.sty
Package: preview 2010/02/14 11.88 (AUCTeX/preview-latex)

(/usr/share/texmf/tex/latex/preview/prtightpage.def
\PreviewBorder=\dimen112
)
\pr@snippet=\count102
\pr@box=\box28
\pr@output=\toks19
)
\c@propcounter=\count103
\mybox=\box29
)
\c@thm=\count104
\c@cor=\count105
\c@lem=\count106
\c@prop=\count107
\c@rem=\count108

(source_extraction/results/1412.2550.aux)
\openout1 = `1412.2550.aux'.

LaTeX Font Info:    Checking defaults for OML/cmm/m/it on input line 57.
LaTeX Font Info:    ... okay on input line 57.
LaTeX Font Info:    Checking defaults for T1/cmr/m/n on input line 57.
LaTeX Font Info:    ... okay on input line 57.
LaTeX Font Info:    Checking defaults for OT1/cmr/m/n on input line 57.
LaTeX Font Info:    ... okay on input line 57.
LaTeX Font Info:    Checking defaults for OMS/cmsy/m/n on input line 57.
LaTeX Font Info:    ... okay on input line 57.
LaTeX Font Info:    Checking defaults for OMX/cmex/m/n on input line 57.
LaTeX Font Info:    ... okay on input line 57.
LaTeX Font Info:    Checking defaults for U/cmr/m/n on input line 57.
LaTeX Font Info:    ... okay on input line 57.

Preview: Fontsize 12pt
Preview: PDFoutput 1
\extractedfile=\write3
\openout3 = `propositions.txt'.

LaTeX Font Info:    Try loading font information for U+lasy on input line 58.
(/usr/share/texlive/texmf-dist/tex/latex/base/ulasy.fd
File: ulasy.fd 1998/08/17 v2.2e LaTeX symbol font definitions
)
LaTeX Font Info:    Try loading font information for OMS+cmr on input line 58.

(/usr/share/texlive/texmf-dist/tex/latex/base/omscmr.fd
File: omscmr.fd 2014/09/29 v2.5h Standard LaTeX font definitions
)
LaTeX Font Info:    Font shape `OMS/cmr/m/n' in size <10> not available
(Font)              Font shape `OMS/cmsy/m/n' tried instead on input line 58.
LaTeX Font Info:    Font shape `OMS/cmr/m/n' in size <7> not available
(Font)              Font shape `OMS/cmsy/m/n' tried instead on input line 58.


LaTeX Warning: Reference `IVP' on page 1 undefined on input line 84.


LaTeX Warning: Reference `IVP' on page 1 undefined on input line 87.


LaTeX Warning: Reference `IVP' on page 1 undefined on input line 91.


LaTeX Warning: Reference `IVP' on page 2 undefined on input line 96.


LaTeX Warning: Reference `gamma' on page 3 undefined on input line 203.


LaTeX Warning: Reference `lifespan_high-d' on page 3 undefined on input line 20
4.


LaTeX Warning: Reference `lifespan_1d' on page 3 undefined on input line 205.


LaTeX Warning: Reference `gamma' on page 3 undefined on input line 206.


LaTeX Warning: Reference `section:ODI' on page 3 undefined on input line 250.


LaTeX Warning: Reference `section:lifespan' on page 4 undefined on input line 2
93.


LaTeX Warning: Reference `section:2d' on page 4 undefined on input line 294.


LaTeX Warning: Reference `section:1d' on page 4 undefined on input line 294.

Preview: Tightpage -32891 -32891 32891 32891
[1{/var/lib/texmf/fonts/map/pdftex/updmap/pdftex.map}] [2]
Overfull \hbox (17.62482pt too wide) in paragraph at lines 341--341
[][] 
 []


LaTeX Warning: Reference `bound:F1' on page 5 undefined on input line 353.

[3] [4]
Overfull \hbox (17.62482pt too wide) in paragraph at lines 451--451
[][] 
 []


Overfull \hbox (0.44684pt too wide) in paragraph at lines 471--476
\OT1/cmr/m/n/12 Therefore, after assuming $\OML/cmm/m/it/12 t \OMS/cmsy/m/n/12 
^^U \OML/cmm/m/it/12 T[]$\OT1/cmr/m/n/12 , one can readily establish the same a
rgument
 []


LaTeX Warning: Reference `IVP' on page 8 undefined on input line 504.

[5]
Overfull \hbox (171.11304pt too wide) in paragraph at lines 482--504
\OT1/cmr/m/n/12 lifespan in high dimensional case. [] 
 []


LaTeX Warning: Reference `lifespan_2d_lim' on page 8 undefined on input line 51
1.


LaTeX Warning: Reference `section:2d' on page 8 undefined on input line 511.


LaTeX Warning: Reference `section:1d' on page 8 undefined on input line 511.

[6]
Overfull \hbox (17.62482pt too wide) in paragraph at lines 511--511
[][] 
 []

[7]
Overfull \hbox (350.59035pt too wide) in paragraph at lines 537--549
[]\OT1/cmr/m/n/12 For the key inequality (2.2 ), we employ the following propos
ition. [] 
 []

[8]
Overfull \hbox (17.62482pt too wide) in paragraph at lines 554--554
[][] 
 []


LaTeX Warning: Reference `IVP' on page 10 undefined on input line 648.

[9]

LaTeX Warning: Reference `lifespan_2d_lim' on page 10 undefined on input line 6
54.

[10]
Overfull \hbox (17.62482pt too wide) in paragraph at lines 654--654
[][] 
 []


LaTeX Warning: Reference `condition_F' on page 11 undefined on input line 659.


LaTeX Warning: Reference `condition_T_0' on page 11 undefined on input line 690
.


LaTeX Warning: Reference `IVP' on page 11 undefined on input line 724.


LaTeX Warning: Reference `a' on page 11 undefined on input line 724.

[11]
Overfull \hbox (17.62482pt too wide) in paragraph at lines 724--724
[][] 
 []


LaTeX Warning: Reference `lifespan_2d_lim' on page 12 undefined on input line 7
39.

[12]
Overfull \hbox (17.62482pt too wide) in paragraph at lines 739--739
[][] 
 []


LaTeX Warning: Reference `est_u_2d' on page 13 undefined on input line 786.

LaTeX Font Info:    Font shape `U/lasy/b/n' in size <8> not available
(Font)              Font shape `U/lasy/m/n' tried instead on input line 800.
LaTeX Font Info:    Font shape `U/lasy/b/n' in size <6> not available
(Font)              Font shape `U/lasy/m/n' tried instead on input line 800.

LaTeX Warning: Reference `R' on page 14 undefined on input line 840.


LaTeX Warning: Reference `est_F''_2d' on page 14 undefined on input line 841.


LaTeX Warning: Reference `est:F' on page 14 undefined on input line 879.


LaTeX Warning: Reference `a' on page 15 undefined on input line 894.


LaTeX Warning: Reference `est:T_0' on page 15 undefined on input line 900.


LaTeX Warning: Reference `R' on page 15 undefined on input line 903.


LaTeX Warning: Reference `est:T_0' on page 15 undefined on input line 908.


LaTeX Warning: Reference `condi:T_0' on page 15 undefined on input line 908.


LaTeX Warning: Reference `est:T_0' on page 15 undefined on input line 931.


LaTeX Warning: Reference `R' on page 15 undefined on input line 932.


LaTeX Warning: Reference `est:T_0' on page 15 undefined on input line 937.


LaTeX Warning: Reference `condi:T_0' on page 15 undefined on input line 937.


LaTeX Warning: Reference `choice1:T_0' on page 16 undefined on input line 948.


LaTeX Warning: Reference `choice2:T_0' on page 16 undefined on input line 948.


LaTeX Warning: Reference `est_F''_2d' on page 16 undefined on input line 963.


LaTeX Warning: Reference `IVP' on page 17 undefined on input line 1043.

[13]
Overfull \hbox (17.62482pt too wide) in paragraph at lines 1043--1043
[][] 
 []

[14]
Overfull \hbox (17.62482pt too wide) in paragraph at lines 1048--1048
[][] 
 []


LaTeX Warning: Reference `IVP' on page 18 undefined on input line 1053.


LaTeX Warning: Reference `rep_1d' on page 18 undefined on input line 1080.


LaTeX Warning: Reference `F''_1d' on page 18 undefined on input line 1088.


LaTeX Warning: Reference `ineq:B_1d' on page 19 undefined on input line 1109.


LaTeX Warning: Reference `rep_1d' on page 19 undefined on input line 1127.


LaTeX Warning: Reference `F''_1d' on page 19 undefined on input line 1131.


Underfull \hbox (badness 3769) in paragraph at lines 1167--1170
[]\OT1/cmr/m/n/12 R.Glassey, \OT1/cmr/m/it/12 Finite-time blow-up for solutions
 of nonlinear wave
 []


Underfull \hbox (badness 2680) in paragraph at lines 1199--1202
[]\OT1/cmr/m/n/12 T.C.Sideris, \OT1/cmr/m/it/12 Nonexistence of global solution
s to semilinear wave
 []


Underfull \hbox (badness 3098) in paragraph at lines 1233--1237
\OT1/cmr/m/it/12 with variable coefficients and boundary\OT1/cmr/m/n/12 , J. Ma
th. Anal. Appl.,
 []

(source_extraction/results/1412.2550.aux)

LaTeX Warning: There were undefined references.

 ) 
Here is how much of TeX's memory you used:
 1979 strings out of 494779
 24366 string characters out of 6179263
 92559 words of memory out of 5000000
 5251 multiletter control sequences out of 15000+600000
 15189 words of font info for 57 fonts, out of 8000000 for 9000
 184 hyphenation exceptions out of 8191
 30i,14n,22p,900b,322s stack positions out of 5000i,500n,10000p,200000b,80000s
</usr/share/texlive/texmf-dist/fonts/type1/public/amsfonts/cm/cmbx12.pfb></us
r/share/texlive/texmf-dist/fonts/type1/public/amsfonts/cm/cmbx8.pfb></usr/share
/texlive/texmf-dist/fonts/type1/public/amsfonts/cm/cmex10.pfb></usr/share/texli
ve/texmf-dist/fonts/type1/public/amsfonts/cm/cmmi12.pfb></usr/share/texlive/tex
mf-dist/fonts/type1/public/amsfonts/cm/cmmi6.pfb></usr/share/texlive/texmf-dist
/fonts/type1/public/amsfonts/cm/cmmi8.pfb></usr/share/texlive/texmf-dist/fonts/
type1/public/amsfonts/cm/cmr12.pfb></usr/share/texlive/texmf-dist/fonts/type1/p
ublic/amsfonts/cm/cmr8.pfb></usr/share/texlive/texmf-dist/fonts/type1/public/am
sfonts/cm/cmsy10.pfb></usr/share/texlive/texmf-dist/fonts/type1/public/amsfonts
/cm/cmsy8.pfb></usr/share/texlive/texmf-dist/fonts/type1/public/amsfonts/cm/cmt
i12.pfb>
Output written on source_extraction/results/1412.2550.pdf (14 pages, 123785 byt
es).
PDF statistics:
 94 PDF objects out of 1000 (max. 8388607)
 66 compressed objects within 1 object stream
 0 named destinations out of 1000 (max. 500000)
 1 words of extra memory for PDF output out of 10000 (max. 10000000)

