This is pdfTeX, Version 3.14159265-2.6-1.40.16 (TeX Live 2015/Debian) (preloaded format=pdflatex 2017.8.22)  14 OCT 2018 21:51
entering extended mode
 restricted \write18 enabled.
 %&-line parsing enabled.
**source_extraction/results/1507.01481.tex
(./source_extraction/results/1507.01481.tex
LaTeX2e <2016/02/01>
Babel <3.9q> and hyphenation patterns for 1 language(s) loaded.
(/usr/share/texlive/texmf-dist/tex/latex/base/article.cls
Document Class: article 2014/09/29 v1.4h Standard LaTeX document class
(/usr/share/texlive/texmf-dist/tex/latex/base/size12.clo
File: size12.clo 2014/09/29 v1.4h Standard LaTeX file (size option)
)
\c@part=\count79
\c@section=\count80
\c@subsection=\count81
\c@subsubsection=\count82
\c@paragraph=\count83
\c@subparagraph=\count84
\c@figure=\count85
\c@table=\count86
\abovecaptionskip=\skip41
\belowcaptionskip=\skip42
\bibindent=\dimen102
)
(/usr/share/texlive/texmf-dist/tex/latex/amsfonts/amssymb.sty
Package: amssymb 2013/01/14 v3.01 AMS font symbols

(/usr/share/texlive/texmf-dist/tex/latex/amsfonts/amsfonts.sty
Package: amsfonts 2013/01/14 v3.01 Basic AMSFonts support
\@emptytoks=\toks14
\symAMSa=\mathgroup4
\symAMSb=\mathgroup5
LaTeX Font Info:    Overwriting math alphabet `\mathfrak' in version `bold'
(Font)                  U/euf/m/n --> U/euf/b/n on input line 106.
))
(/usr/share/texlive/texmf-dist/tex/latex/amsmath/amsmath.sty
Package: amsmath 2016/03/03 v2.15a AMS math features
\@mathmargin=\skip43

For additional information on amsmath, use the `?' option.
(/usr/share/texlive/texmf-dist/tex/latex/amsmath/amstext.sty
Package: amstext 2000/06/29 v2.01 AMS text

(/usr/share/texlive/texmf-dist/tex/latex/amsmath/amsgen.sty
File: amsgen.sty 1999/11/30 v2.0 generic functions
\@emptytoks=\toks15
\ex@=\dimen103
))
(/usr/share/texlive/texmf-dist/tex/latex/amsmath/amsbsy.sty
Package: amsbsy 1999/11/29 v1.2d Bold Symbols
\pmbraise@=\dimen104
)
(/usr/share/texlive/texmf-dist/tex/latex/amsmath/amsopn.sty
Package: amsopn 1999/12/14 v2.01 operator names
)
\inf@bad=\count87
LaTeX Info: Redefining \frac on input line 199.
\uproot@=\count88
\leftroot@=\count89
LaTeX Info: Redefining \overline on input line 297.
\classnum@=\count90
\DOTSCASE@=\count91
LaTeX Info: Redefining \ldots on input line 394.
LaTeX Info: Redefining \dots on input line 397.
LaTeX Info: Redefining \cdots on input line 518.
\Mathstrutbox@=\box26
\strutbox@=\box27
\big@size=\dimen105
LaTeX Font Info:    Redeclaring font encoding OML on input line 630.
LaTeX Font Info:    Redeclaring font encoding OMS on input line 631.
\macc@depth=\count92
\c@MaxMatrixCols=\count93
\dotsspace@=\muskip10
\c@parentequation=\count94
\dspbrk@lvl=\count95
\tag@help=\toks16
\row@=\count96
\column@=\count97
\maxfields@=\count98
\andhelp@=\toks17
\eqnshift@=\dimen106
\alignsep@=\dimen107
\tagshift@=\dimen108
\tagwidth@=\dimen109
\totwidth@=\dimen110
\lineht@=\dimen111
\@envbody=\toks18
\multlinegap=\skip44
\multlinetaggap=\skip45
\mathdisplay@stack=\toks19
LaTeX Info: Redefining \[ on input line 2735.
LaTeX Info: Redefining \] on input line 2736.
) (./extract.sty
(/usr/share/texlive/texmf-dist/tex/latex/environ/environ.sty
Package: environ 2014/05/04 v0.3 A new way to define environments

(/usr/share/texlive/texmf-dist/tex/latex/trimspaces/trimspaces.sty
Package: trimspaces 2009/09/17 v1.1 Trim spaces around a token list
))
(/usr/share/texlive/texmf-dist/tex/latex/etextools/etextools.sty
Package: etextools 2010/12/07 v3.1415926 e-TeX more useful tools for LaTeX pack
age writers

(/usr/share/texlive/texmf-dist/tex/latex/etex-pkg/etex.sty
Package: etex 2016/01/11 v2.6 eTeX basic definition package (PEB,DPC)
\et@xins=\count99
)
(/usr/share/texlive/texmf-dist/tex/latex/etoolbox/etoolbox.sty
Package: etoolbox 2015/08/02 v2.2a e-TeX tools for LaTeX (JAW)
\etb@tempcnta=\count100
)
(/usr/share/texlive/texmf-dist/tex/latex/oberdiek/letltxmacro.sty
Package: letltxmacro 2010/09/02 v1.4 Let assignment for LaTeX macros (HO)
)
\ettl@fter=\count101
\ettl@for@nested=\count277
)
(/usr/share/texmf/tex/latex/preview/preview.sty
Package: preview 2010/02/14 11.88 (AUCTeX/preview-latex)

(/usr/share/texmf/tex/latex/preview/prtightpage.def
\PreviewBorder=\dimen112
)
\pr@snippet=\count102
\pr@box=\box28
\pr@output=\toks20
)
\c@propcounter=\count103
\mybox=\box29
)

! LaTeX Error: No counter '' defined.

See the LaTeX manual or LaTeX Companion for explanation.
Type  H <return>  for immediate help.
 ...                                              
                                                  
l.18 \newtheorem
                {Lem}[Thm]{Lemma}
Your command was ignored.
Type  I <command> <return>  to replace it with another command,
or  <return>  to continue without it.


! LaTeX Error: No counter 'Thm' defined.

See the LaTeX manual or LaTeX Companion for explanation.
Type  H <return>  for immediate help.
 ...                                              
                                                  
l.19 \newtheorem
                {Cor}[Thm]{Corollary}
Your command was ignored.
Type  I <command> <return>  to replace it with another command,
or  <return>  to continue without it.


! LaTeX Error: No counter 'Thm' defined.

See the LaTeX manual or LaTeX Companion for explanation.
Type  H <return>  for immediate help.
 ...                                              
                                                  
l.20 \newtheorem
                {Prop}[Thm]{Proposition}
Your command was ignored.
Type  I <command> <return>  to replace it with another command,
or  <return>  to continue without it.


! LaTeX Error: No counter 'Thm' defined.

See the LaTeX manual or LaTeX Companion for explanation.
Type  H <return>  for immediate help.
 ...                                              
                                                  
l.21 \newtheorem
                {Def}{Definition}
Your command was ignored.
Type  I <command> <return>  to replace it with another command,
or  <return>  to continue without it.


! LaTeX Error: No counter '' defined.

See the LaTeX manual or LaTeX Companion for explanation.
Type  H <return>  for immediate help.
 ...                                              
                                                  
l.22 
     
Your command was ignored.
Type  I <command> <return>  to replace it with another command,
or  <return>  to continue without it.


! LaTeX Error: No counter '' defined.

See the LaTeX manual or LaTeX Companion for explanation.
Type  H <return>  for immediate help.
 ...                                              
                                                  
l.28 \newenvironment
                    {Rk}[1]{\begin{Rmk}[#1]\rm }{\end{Rmk} }
Your command was ignored.
Type  I <command> <return>  to replace it with another command,
or  <return>  to continue without it.

(source_extraction/results/1507.01481.aux)
\openout1 = `1507.01481.aux'.

LaTeX Font Info:    Checking defaults for OML/cmm/m/it on input line 123.
LaTeX Font Info:    ... okay on input line 123.
LaTeX Font Info:    Checking defaults for T1/cmr/m/n on input line 123.
LaTeX Font Info:    ... okay on input line 123.
LaTeX Font Info:    Checking defaults for OT1/cmr/m/n on input line 123.
LaTeX Font Info:    ... okay on input line 123.
LaTeX Font Info:    Checking defaults for OMS/cmsy/m/n on input line 123.
LaTeX Font Info:    ... okay on input line 123.
LaTeX Font Info:    Checking defaults for OMX/cmex/m/n on input line 123.
LaTeX Font Info:    ... okay on input line 123.
LaTeX Font Info:    Checking defaults for U/cmr/m/n on input line 123.
LaTeX Font Info:    ... okay on input line 123.

Preview: Fontsize 12pt
Preview: PDFoutput 1
\extractedfile=\write3
\openout3 = `propositions.txt'.

LaTeX Font Info:    Try loading font information for U+msa on input line 141.
(/usr/share/texlive/texmf-dist/tex/latex/amsfonts/umsa.fd
File: umsa.fd 2013/01/14 v3.01 AMS symbols A
)
LaTeX Font Info:    Try loading font information for U+msb on input line 141.

(/usr/share/texlive/texmf-dist/tex/latex/amsfonts/umsb.fd
File: umsb.fd 2013/01/14 v3.01 AMS symbols B
)
Overfull \hbox (7.25023pt too wide) in paragraph at lines 145--145
 [][] 
 []

LaTeX Font Info:    Try loading font information for OMS+cmr on input line 145.

(/usr/share/texlive/texmf-dist/tex/latex/base/omscmr.fd
File: omscmr.fd 2014/09/29 v2.5h Standard LaTeX font definitions
)
LaTeX Font Info:    Font shape `OMS/cmr/m/n' in size <7> not available
(Font)              Font shape `OMS/cmsy/m/n' tried instead on input line 145.

Overfull \hbox (0.52878pt too wide) in paragraph at lines 361--391
\OT1/cmr/m/it/12 symmetric with respect to all coordinate hyperplanes \OT1/cmr/
m/n/12 (also called \OT1/cmr/m/it/12 unconditional
 []


Overfull \hbox (23.90668pt too wide) in paragraph at lines 361--391
\OML/cmm/m/it/12 x[]; [] ; x[]$ \OT1/cmr/m/n/12 w.r.t. this base, the projectio
ns $(\OML/cmm/m/it/12 x[]; [] ; x[]\OT1/cmr/m/n/12 ) \OMS/cmsy/m/n/12 ! \OT1/cm
r/m/n/12 (\OML/cmm/m/it/12 x[]; [] x[]; x[]; [] x[]\OT1/cmr/m/n/12 )$,
 []


Overfull \hbox (0.97217pt too wide) in paragraph at lines 361--391
\OT1/cmr/m/n/12 where $1 \OMS/cmsy/m/n/12 ^^T \OML/cmm/m/it/12 i \OMS/cmsy/m/n/
12 ^^T \OML/cmm/m/it/12 d$\OT1/cmr/m/n/12 , are contractions. Moreover, [[]] al
so extended his inequality,
 []

LaTeX Font Info:    Font shape `OMS/cmr/m/n' in size <12> not available
(Font)              Font shape `OMS/cmsy/m/n' tried instead on input line 447.

Overfull \hbox (12.66183pt too wide) in paragraph at lines 467--482
\OT1/cmr/m/it/12 non-empty intersections of $\OML/cmm/m/it/12 K$ \OT1/cmr/m/it/
12 with horizontal hyperplanes are positive homothets
 []


Overfull \hbox (6.36444pt too wide) in paragraph at lines 467--482
\OML/cmm/m/it/12 s\OT1/cmr/m/n/12 (\OML/cmm/m/it/12 K\OT1/cmr/m/n/12 )\OMS/cmsy
/m/n/12 j\OML/cmm/m/it/12 =\OT1/cmr/m/n/12 (\OMS/cmsy/m/n/12 j\OML/cmm/m/it/12 
L\OMS/cmsy/m/n/12 j ^^A j\OML/cmm/m/it/12 L \OMS/cmsy/m/n/12 ^^@ \OML/cmm/m/it/
12 s\OT1/cmr/m/n/12 (\OML/cmm/m/it/12 L\OT1/cmr/m/n/12 )\OMS/cmsy/m/n/12 j\OT1/
cmr/m/n/12 )$ \OT1/cmr/m/it/12 attains its minimum $\OT1/cmr/m/n/12 (\OML/cmm/m
/it/12 d \OT1/cmr/m/n/12 + 1)[]\OML/cmm/m/it/12 =d []$ \OT1/cmr/m/n/12 (that is
 independent
 []


Overfull \hbox (2.34042pt too wide) in paragraph at lines 532--540
\OT1/cmr/m/n/12 [[]], B^^?or^^?oczky, K. J.-Hug [[]], Fradelizi-Gordon-Meyer-Re
isner [[]], Fradelizi-
 []


LaTeX Warning: Reference `intr' on page 12 undefined on input line 706.


LaTeX Warning: Reference `intr' on page 12 undefined on input line 710.


Package amsfonts Warning: Obsolete command \Bbb; \mathbb should be used instead
 on input line 775.


Overfull \hbox (5.78719pt too wide) in paragraph at lines 780--787
\OT1/cmr/m/n/12 Milman [[]]. A straightforward calculation shows that this prod
uct of integrals
 []


Overfull \hbox (13.95346pt too wide) in paragraph at lines 780--787
\OT1/cmr/m/n/12 is invariant under non-singular linear substitutions of the var
iable $\OML/cmm/m/it/12 x$ \OT1/cmr/m/n/12 (analogously
 []


Overfull \hbox (5.4445pt too wide) in paragraph at lines 788--818
[]\OT1/cmr/m/n/12 Unfortunately, translations of convex bodies have no (good) g
eneralizations
 []


Overfull \hbox (3.3598pt too wide) in paragraph at lines 843--873
\OT1/cmr/m/n/12 calculation gives that the minimum of this product on the class
 of all translates
 []


Overfull \hbox (1.33597pt too wide) in paragraph at lines 874--882
[]\OT1/cmr/m/it/12 In the case of unconditional functions \OT1/cmr/m/n/12 (i.e.
, $\OML/cmm/m/it/12 f\OT1/cmr/m/n/12 (\OML/cmm/m/it/12 x[]; :::; x[]\OT1/cmr/m/
n/12 ) = \OML/cmm/m/it/12 f\OT1/cmr/m/n/12 (\OMS/cmsy/m/n/12 j\OML/cmm/m/it/12 
x[]\OMS/cmsy/m/n/12 j\OML/cmm/m/it/12 ; :::; \OMS/cmsy/m/n/12 j\OML/cmm/m/it/12
 x[]\OMS/cmsy/m/n/12 j\OT1/cmr/m/n/12 )$),
 []


! LaTeX Error: Environment oldThm undefined.

See the LaTeX manual or LaTeX Companion for explanation.
Type  H <return>  for immediate help.
 ...                                              
                                                  
l.975 \end{Thm}
               
Your command was ignored.
Type  I <command> <return>  to replace it with another command,
or  <return>  to continue without it.


! LaTeX Error: \begin{Thm} on input line 957 ended by \end{oldThm}.

See the LaTeX manual or LaTeX Companion for explanation.
Type  H <return>  for immediate help.
 ...                                              
                                                  
l.975 \end{Thm}
               
Your command was ignored.
Type  I <command> <return>  to replace it with another command,
or  <return>  to continue without it.

Preview: Tightpage -32891 -32891 32891 32891
[1{/var/lib/texmf/fonts/map/pdftex/updmap/pdftex.map}]
Overfull \hbox (17.62482pt too wide) in paragraph at lines 975--975
[][] 
 []


! LaTeX Error: Environment oldThm undefined.

See the LaTeX manual or LaTeX Companion for explanation.
Type  H <return>  for immediate help.
 ...                                              
                                                  
l.998 \end{Thm}
               
Your command was ignored.
Type  I <command> <return>  to replace it with another command,
or  <return>  to continue without it.


! LaTeX Error: \begin{Thm} on input line 979 ended by \end{oldThm}.

See the LaTeX manual or LaTeX Companion for explanation.
Type  H <return>  for immediate help.
 ...                                              
                                                  
l.998 \end{Thm}
               
Your command was ignored.
Type  I <command> <return>  to replace it with another command,
or  <return>  to continue without it.

[2]
Overfull \hbox (17.62482pt too wide) in paragraph at lines 998--998
[][] 
 []


! LaTeX Error: Environment oldThm undefined.

See the LaTeX manual or LaTeX Companion for explanation.
Type  H <return>  for immediate help.
 ...                                              
                                                  
l.1022 \end{Thm}
                
Your command was ignored.
Type  I <command> <return>  to replace it with another command,
or  <return>  to continue without it.


! LaTeX Error: \begin{Thm} on input line 1011 ended by \end{oldThm}.

See the LaTeX manual or LaTeX Companion for explanation.
Type  H <return>  for immediate help.
 ...                                              
                                                  
l.1022 \end{Thm}
                
Your command was ignored.
Type  I <command> <return>  to replace it with another command,
or  <return>  to continue without it.

[3]
Overfull \hbox (17.62482pt too wide) in paragraph at lines 1022--1022
[][] 
 []


! LaTeX Error: Environment oldCor undefined.

See the LaTeX manual or LaTeX Companion for explanation.
Type  H <return>  for immediate help.
 ...                                              
                                                  
l.1059 \end{Cor}
                
Your command was ignored.
Type  I <command> <return>  to replace it with another command,
or  <return>  to continue without it.


! LaTeX Error: \begin{Cor} on input line 1051 ended by \end{oldCor}.

See the LaTeX manual or LaTeX Companion for explanation.
Type  H <return>  for immediate help.
 ...                                              
                                                  
l.1059 \end{Cor}
                
Your command was ignored.
Type  I <command> <return>  to replace it with another command,
or  <return>  to continue without it.

[4]
Overfull \hbox (17.62482pt too wide) in paragraph at lines 1059--1059
[][] 
 []


! LaTeX Error: Environment oldThm undefined.

See the LaTeX manual or LaTeX Companion for explanation.
Type  H <return>  for immediate help.
 ...                                              
                                                  
l.1094 \end{Thm}
                
Your command was ignored.
Type  I <command> <return>  to replace it with another command,
or  <return>  to continue without it.


! LaTeX Error: \begin{Thm} on input line 1071 ended by \end{oldThm}.

See the LaTeX manual or LaTeX Companion for explanation.
Type  H <return>  for immediate help.
 ...                                              
                                                  
l.1094 \end{Thm}
                
Your command was ignored.
Type  I <command> <return>  to replace it with another command,
or  <return>  to continue without it.

[5]
Overfull \hbox (17.62482pt too wide) in paragraph at lines 1094--1094
[][] 
 []


! LaTeX Error: Environment oldThm undefined.

See the LaTeX manual or LaTeX Companion for explanation.
Type  H <return>  for immediate help.
 ...                                              
                                                  
l.1112 \end{Thm}
                
Your command was ignored.
Type  I <command> <return>  to replace it with another command,
or  <return>  to continue without it.


! LaTeX Error: \begin{Thm} on input line 1104 ended by \end{oldThm}.

See the LaTeX manual or LaTeX Companion for explanation.
Type  H <return>  for immediate help.
 ...                                              
                                                  
l.1112 \end{Thm}
                
Your command was ignored.
Type  I <command> <return>  to replace it with another command,
or  <return>  to continue without it.

[6]
Overfull \hbox (17.62482pt too wide) in paragraph at lines 1112--1112
[][] 
 []


LaTeX Warning: Reference `epsilon' on page 18 undefined on input line 1129.


LaTeX Warning: Reference `derivatives' on page 19 undefined on input line 1168.



LaTeX Warning: Reference `derivatives' on page 19 undefined on input line 1173.



! LaTeX Error: Environment oldLem undefined.

See the LaTeX manual or LaTeX Companion for explanation.
Type  H <return>  for immediate help.
 ...                                              
                                                  
l.1281 \end{Lem}
                
Your command was ignored.
Type  I <command> <return>  to replace it with another command,
or  <return>  to continue without it.


! LaTeX Error: \begin{Lem} on input line 1258 ended by \end{oldLem}.

See the LaTeX manual or LaTeX Companion for explanation.
Type  H <return>  for immediate help.
 ...                                              
                                                  
l.1281 \end{Lem}
                
Your command was ignored.
Type  I <command> <return>  to replace it with another command,
or  <return>  to continue without it.

[7]
Overfull \hbox (17.62482pt too wide) in paragraph at lines 1281--1281
[][] 
 []


LaTeX Warning: Reference `Kx' on page 21 undefined on input line 1387.


LaTeX Warning: Reference `Kx' on page 22 undefined on input line 1402.


LaTeX Warning: Reference `K*y' on page 22 undefined on input line 1402.


LaTeX Warning: Reference `sumproddj' on page 24 undefined on input line 1548.


LaTeX Warning: Reference `proddj' on page 24 undefined on input line 1549.


LaTeX Warning: Reference `sumCj' on page 24 undefined on input line 1551.


LaTeX Warning: Reference `CjC*j' on page 24 undefined on input line 1553.


Overfull \hbox (11.33533pt too wide) in paragraph at lines 1561--1587
\OT1/cmr/m/n/12 rotational symmetry about $\OML/cmm/m/it/12 o$\OT1/cmr/m/n/12 .
 The movement of the vertices $\OML/cmm/m/it/12 x[]; x[]; :::x[]$\OT1/cmr/m/n/1
2 ,
 []


! LaTeX Error: Environment oldLem undefined.

See the LaTeX manual or LaTeX Companion for explanation.
Type  H <return>  for immediate help.
 ...                                              
                                                  
l.1624 \end{Lem}
                
Your command was ignored.
Type  I <command> <return>  to replace it with another command,
or  <return>  to continue without it.


! LaTeX Error: \begin{Lem} on input line 1604 ended by \end{oldLem}.

See the LaTeX manual or LaTeX Companion for explanation.
Type  H <return>  for immediate help.
 ...                                              
                                                  
l.1624 \end{Lem}
                
Your command was ignored.
Type  I <command> <return>  to replace it with another command,
or  <return>  to continue without it.

[8]
Overfull \hbox (17.62482pt too wide) in paragraph at lines 1624--1624
[][] 
 []


LaTeX Warning: Reference `ts' on page 26 undefined on input line 1692.


! LaTeX Error: Environment oldLem undefined.

See the LaTeX manual or LaTeX Companion for explanation.
Type  H <return>  for immediate help.
 ...                                              
                                                  
l.1744 \end{Lem}
                
Your command was ignored.
Type  I <command> <return>  to replace it with another command,
or  <return>  to continue without it.


Overfull \hbox (1.63667pt too wide) detected at line 1744
\OML/cmm/m/it/12 g\OT1/cmr/m/n/12 (\OML/cmm/m/it/12 ^^U; ^^V\OT1/cmr/m/n/12 ) :
= (1\OML/cmm/m/it/12 =\OT1/cmr/m/n/12 4) \OMS/cmsy/m/n/12 ^^A \OT1/cmr/m/n/12 (
\OML/cmm/m/it/12 ^^U \OT1/cmr/m/n/12 + \OML/cmm/m/it/12 ^^V \OMS/cmsy/m/n/12 ^^
@ \OT1/cmr/m/n/12 1)[] \OMS/cmsy/m/n/12 ^^A [] f\OT1/cmr/m/n/12 1\OML/cmm/m/it/
12 =\OT1/cmr/m/n/12 [\OML/cmm/m/it/12 ^^V\OT1/cmr/m/n/12 (1 + \OML/cmm/m/it/12 
^^U=\OT1/cmr/m/n/12 4 + \OML/cmm/m/it/12 ^^V\OT1/cmr/m/n/12 )]\OML/cmm/m/it/12 
; \OT1/cmr/m/n/12 1\OML/cmm/m/it/12 =\OT1/cmr/m/n/12 [\OML/cmm/m/it/12 ^^U\OT1/
cmr/m/n/12 (1 + \OML/cmm/m/it/12 ^^U \OT1/cmr/m/n/12 + \OML/cmm/m/it/12 ^^V=\OT
1/cmr/m/n/12 4)]\OML/cmm/m/it/12 ; \OT1/cmr/m/n/12 1\OML/cmm/m/it/12 =\OT1/cmr/
m/n/12 (\OML/cmm/m/it/12 ^^U^^V\OT1/cmr/m/n/12 )\OMS/cmsy/m/n/12 g \OML/cmm/m/i
t/12 ;
 []


! LaTeX Error: \begin{Lem} on input line 1721 ended by \end{oldLem}.

See the LaTeX manual or LaTeX Companion for explanation.
Type  H <return>  for immediate help.
 ...                                              
                                                  
l.1744 \end{Lem}
                
Your command was ignored.
Type  I <command> <return>  to replace it with another command,
or  <return>  to continue without it.

[9]
Overfull \hbox (17.62482pt too wide) in paragraph at lines 1744--1744
[][] 
 []


Overfull \hbox (4.32504pt too wide) in paragraph at lines 1844--1850
\OT1/cmr/m/n/12 (the first term being estimated from below by setting $\OML/cmm
/m/it/12  \OT1/cmr/m/n/12 = 1$ in the denominator
 []


Overfull \hbox (4.95917pt too wide) detected at line 1865
[]
 []


! LaTeX Error: Environment oldCor undefined.

See the LaTeX manual or LaTeX Companion for explanation.
Type  H <return>  for immediate help.
 ...                                              
                                                  
l.1895 \end{Cor}
                
Your command was ignored.
Type  I <command> <return>  to replace it with another command,
or  <return>  to continue without it.


! LaTeX Error: \begin{Cor} on input line 1870 ended by \end{oldCor}.

See the LaTeX manual or LaTeX Companion for explanation.
Type  H <return>  for immediate help.
 ...                                              
                                                  
l.1895 \end{Cor}
                
Your command was ignored.
Type  I <command> <return>  to replace it with another command,
or  <return>  to continue without it.

[10]
Overfull \hbox (17.62482pt too wide) in paragraph at lines 1895--1895
[][] 
 []


! LaTeX Error: Environment oldLem undefined.

See the LaTeX manual or LaTeX Companion for explanation.
Type  H <return>  for immediate help.
 ...                                              
                                                  
l.2008 \end{Lem}
                
Your command was ignored.
Type  I <command> <return>  to replace it with another command,
or  <return>  to continue without it.


! LaTeX Error: \begin{Lem} on input line 1968 ended by \end{oldLem}.

See the LaTeX manual or LaTeX Companion for explanation.
Type  H <return>  for immediate help.
 ...                                              
                                                  
l.2008 \end{Lem}
                
Your command was ignored.
Type  I <command> <return>  to replace it with another command,
or  <return>  to continue without it.

[11]
Overfull \hbox (17.62482pt too wide) in paragraph at lines 2008--2008
[][] 
 []


LaTeX Warning: Reference `eta' on page 30 undefined on input line 2087.


LaTeX Warning: Reference `deltaepsilon' on page 31 undefined on input line 2111
.


LaTeX Warning: Reference `derivatives' on page 31 undefined on input line 2125.



LaTeX Warning: Reference `distcsantalo' on page 31 undefined on input line 2132
.


LaTeX Warning: Reference `distcsantalok' on page 31 undefined on input line 213
2.


LaTeX Warning: Reference `lambda12' on page 32 undefined on input line 2229.


LaTeX Warning: Reference `cs(K_{0,n})1' on page 32 undefined on input line 2247
.


LaTeX Warning: Reference `cs(K_{0,n})1' on page 32 undefined on input line 2253
.


LaTeX Warning: Reference `cs(K_{0,n})3' on page 33 undefined on input line 2278
.


LaTeX Warning: Reference `cs(K_{0,n})4' on page 33 undefined on input line 2278
.


LaTeX Warning: Reference `cs(K_{0,n})5' on page 33 undefined on input line 2289
.


LaTeX Warning: Reference `arithgeostab' on page 34 undefined on input line 2396
.


LaTeX Warning: Reference `MahReis' on page 34 undefined on input line 2396.


LaTeX Warning: Reference `lambda12' on page 34 undefined on input line 2416.


LaTeX Warning: Reference `epsilon' on page 34 undefined on input line 2416.


LaTeX Warning: Reference `lambda12'' on page 35 undefined on input line 2432.


LaTeX Warning: Reference `cs(K_{0,n})1' on page 35 undefined on input line 2435
.


LaTeX Warning: Reference `cs(K_{0,n})2' on page 35 undefined on input line 2435
.


LaTeX Warning: Reference `cs(K_{0,n})1' on page 35 undefined on input line 2450
.


LaTeX Warning: Reference `cs(K_{0,n})4' on page 35 undefined on input line 2450
.


LaTeX Warning: Reference `cs(K_{0,n})5' on page 35 undefined on input line 2451
.


LaTeX Warning: Reference `sumCj' on page 36 undefined on input line 2508.


LaTeX Warning: Reference `sumproddj' on page 36 undefined on input line 2510.


LaTeX Warning: Reference `proddj' on page 36 undefined on input line 2511.


LaTeX Warning: Reference `arithgeostab' on page 36 undefined on input line 2512
.


LaTeX Warning: Reference `djstab' on page 36 undefined on input line 2557.


LaTeX Warning: Reference `djup' on page 36 undefined on input line 2563.


LaTeX Warning: Reference `3.1' on page 37 undefined on input line 2579.


LaTeX Warning: Reference `djup' on page 37 undefined on input line 2588.


LaTeX Warning: Reference `djlow' on page 37 undefined on input line 2598.


LaTeX Warning: Reference `Cjstab' on page 37 undefined on input line 2608.


LaTeX Warning: Reference `Cjlarge' on page 37 undefined on input line 2608.


LaTeX Warning: Reference `Cjsmall' on page 37 undefined on input line 2608.


LaTeX Warning: Reference `lambda12' on page 37 undefined on input line 2635.


LaTeX Warning: Reference `lambda12'' on page 37 undefined on input line 2635.


LaTeX Warning: Reference `epsilon' on page 37 undefined on input line 2636.


LaTeX Warning: Reference `epsilon'' on page 37 undefined on input line 2636.


LaTeX Warning: Reference `lambda12''' on page 37 undefined on input line 2652.


LaTeX Warning: Reference `cs(K_{0,n})1' on page 38 undefined on input line 2656
.


LaTeX Warning: Reference `cs(K_{0,n})1'' on page 38 undefined on input line 265
6.


LaTeX Warning: Reference `cs(K_{0,n})2' on page 38 undefined on input line 2657
.


LaTeX Warning: Reference `cs(K_{0,n})2'' on page 38 undefined on input line 265
7.


LaTeX Warning: Reference `cs(K_{0,n})1' on page 38 undefined on input line 2671
.


LaTeX Warning: Reference `cs(K_{0,n})1'' on page 38 undefined on input line 267
1.


LaTeX Warning: Reference `cs(K_{0,n})4' on page 38 undefined on input line 2672
.


LaTeX Warning: Reference `cs(K_{0,n})4'' on page 38 undefined on input line 267
2.


LaTeX Warning: Reference `cs(K_{0,n})5' on page 38 undefined on input line 2673
.


LaTeX Warning: Reference `cs(K_{0,n})5'' on page 38 undefined on input line 267
3.


! LaTeX Error: Environment oldLem undefined.

See the LaTeX manual or LaTeX Companion for explanation.
Type  H <return>  for immediate help.
 ...                                              
                                                  
l.2743 \end{Lem}
                
Your command was ignored.
Type  I <command> <return>  to replace it with another command,
or  <return>  to continue without it.


! LaTeX Error: \begin{Lem} on input line 2737 ended by \end{oldLem}.

See the LaTeX manual or LaTeX Companion for explanation.
Type  H <return>  for immediate help.
 ...                                              
                                                  
l.2743 \end{Lem}
                
Your command was ignored.
Type  I <command> <return>  to replace it with another command,
or  <return>  to continue without it.

[12]
Overfull \hbox (17.62482pt too wide) in paragraph at lines 2743--2743
[][] 
 []


LaTeX Warning: Reference `Eggleston2' on page 39 undefined on input line 2776.


LaTeX Warning: Reference `Eggleston3' on page 39 undefined on input line 2776.


LaTeX Warning: Reference `Eggleston1' on page 39 undefined on input line 2788.


LaTeX Warning: Reference `Eggleston4' on page 39 undefined on input line 2789.


Overfull \hbox (15.29726pt too wide) in paragraph at lines 2853--2863
\OT1/cmr/m/n/12 analogously as $\OML/cmm/m/it/12 c[]$\OT1/cmr/m/n/12 , but repl
acing at the beginning $\OML/cmm/m/it/12 ^^L[]$ \OT1/cmr/m/n/12 by $3\OML/cmm/m
/it/12 []  \OT1/cmr/m/n/12 (\OMS/cmsy/m/n/12 ^^U \OML/cmm/m/it/12 ^^L[]\OT1/cm
r/m/n/12 )$. Analogously
 []


LaTeX Warning: Reference `alpha _-1' on page 40 undefined on input line 2872.


LaTeX Warning: Reference `alpha _-2' on page 40 undefined on input line 2872.


LaTeX Warning: Reference `alpha _-3' on page 40 undefined on input line 2890.


LaTeX Warning: Reference `alpha _-4' on page 40 undefined on input line 2890.


LaTeX Warning: Reference `alpha _-5' on page 41 undefined on input line 2902.


LaTeX Warning: Reference `alpha _-6' on page 41 undefined on input line 2902.


! LaTeX Error: Environment oldThm undefined.

See the LaTeX manual or LaTeX Companion for explanation.
Type  H <return>  for immediate help.
 ...                                              
                                                  
l.2922 \end{Thm}
                
Your command was ignored.
Type  I <command> <return>  to replace it with another command,
or  <return>  to continue without it.


! LaTeX Error: \begin{Thm} on input line 2915 ended by \end{oldThm}.

See the LaTeX manual or LaTeX Companion for explanation.
Type  H <return>  for immediate help.
 ...                                              
                                                  
l.2922 \end{Thm}
                
Your command was ignored.
Type  I <command> <return>  to replace it with another command,
or  <return>  to continue without it.

[13]

LaTeX Warning: Reference `MR' on page 41 undefined on input line 2958.


Underfull \hbox (badness 10000) in paragraph at lines 3039--3045
[]\OT1/cmr/m/n/12 Blaschke, W., []Uber affine Geometrie VII: Neue
 []


Underfull \hbox (badness 1043) in paragraph at lines 3048--3052
[]\OT1/cmr/m/n/12 Bollob^^Sas, B., Leader, I., Radcliffe, A. J., Reverse Kleitm
an
 []


Underfull \hbox (badness 1067) in paragraph at lines 3090--3094
[]\OT1/cmr/m/n/12 Campi, S., Gronchi, P., On volume product inequalities for
 []


Underfull \hbox (badness 2401) in paragraph at lines 3097--3101
[]\OT1/cmr/m/n/12 Dvoretzky, A., Rogers, C. A., Absolute and unconditional
 []


Underfull \hbox (badness 2600) in paragraph at lines 3143--3146
[]\OT1/cmr/m/n/12 Fradelizi, M., Meyer, M., Some functional inverse Santal^^So
 []


Underfull \hbox (badness 2894) in paragraph at lines 3226--3229
[]\OT1/cmr/m/n/12 Kim, J., Minimal volume product near Hanner polytopes,
 []


Underfull \hbox (badness 10000) in paragraph at lines 3253--3257
[]\OT1/cmr/m/n/12 Kuperberg. G., A low-technology estimate in convex
 []


Underfull \hbox (badness 2409) in paragraph at lines 3253--3257
\OT1/cmr/m/n/12 geometry, \OT1/cmr/m/it/12 Internat. Math. Res. Notices\OT1/cmr
/m/n/12 , 1992 (9), 181-183,
 []


Underfull \hbox (badness 10000) in paragraph at lines 3260--3264
[]\OT1/cmr/m/n/12 Kuperberg. G., From the Mahler conjecture to Gauss
 []


Underfull \hbox (badness 3623) in paragraph at lines 3260--3264
\OT1/cmr/m/n/12 linking integrals, \OT1/cmr/m/it/12 Geom. Funct. Anal. \OT1/cmr
/bx/n/12 18 \OT1/cmr/m/n/12 (2008), 870-892,
 []


Underfull \hbox (badness 10000) in paragraph at lines 3287--3291
[]\OT1/cmr/m/n/12 Mahler, K., Ein Minimalproblem f^^?ur konvexe Polygone,
 []


Underfull \hbox (badness 2951) in paragraph at lines 3306--3310
\OT1/cmr/m/n/12 bodies, \OT1/cmr/m/it/12 Studia Sci. Math. Hungar. \OT1/cmr/bx/
n/12 13 \OT1/cmr/m/n/12 (1978), 19-27, MR
 []


Underfull \hbox (badness 3138) in paragraph at lines 3377--3381
[]\OT1/cmr/m/n/12 Meyer, M., Reisner, S., Shadow systems and volumes of
 []


Underfull \hbox (badness 10000) in paragraph at lines 3377--3381
\OT1/cmr/m/n/12 polar convex bodies, \OT1/cmr/m/it/12 Mathematika \OT1/cmr/bx/n
/12 53 \OT1/cmr/m/n/12 (2006), 129-148,
 []


Underfull \hbox (badness 1303) in paragraph at lines 3391--3397
[]\OT1/cmr/m/n/12 Nazarov, F., The H^^?ormander proof of the Bourgain-Milman
 []


Underfull \hbox (badness 2435) in paragraph at lines 3422--3425
[]\OT1/cmr/m/n/12 Reisner, S., Random polytopes and the volume-product of
 []


Underfull \hbox (badness 1112) in paragraph at lines 3462--3465
[]\OT1/cmr/m/n/12 Santal^^So, L. A., An affine invariant for convex bodies of $
\OML/cmm/m/it/12 n$\OT1/cmr/m/n/12 -
 []

(source_extraction/results/1507.01481.aux)

LaTeX Warning: There were undefined references.

 ) 
Here is how much of TeX's memory you used:
 2319 strings out of 494779
 27360 string characters out of 6179263
 93888 words of memory out of 5000000
 5590 multiletter control sequences out of 15000+600000
 16408 words of font info for 61 fonts, out of 8000000 for 9000
 184 hyphenation exceptions out of 8191
 30i,16n,26p,892b,240s stack positions out of 5000i,500n,10000p,200000b,80000s
</usr/share/texlive/texmf-dist/fonts/type1/public/amsfonts/cm/cmex10.pfb></us
r/share/texlive/texmf-dist/fonts/type1/public/amsfonts/cm/cmmi12.pfb></usr/shar
e/texlive/texmf-dist/fonts/type1/public/amsfonts/cm/cmmi8.pfb></usr/share/texli
ve/texmf-dist/fonts/type1/public/amsfonts/cm/cmr12.pfb></usr/share/texlive/texm
f-dist/fonts/type1/public/amsfonts/cm/cmr6.pfb></usr/share/texlive/texmf-dist/f
onts/type1/public/amsfonts/cm/cmr8.pfb></usr/share/texlive/texmf-dist/fonts/typ
e1/public/amsfonts/cm/cmsy10.pfb></usr/share/texlive/texmf-dist/fonts/type1/pub
lic/amsfonts/cm/cmsy8.pfb></usr/share/texlive/texmf-dist/fonts/type1/public/ams
fonts/symbols/msbm10.pfb>
Output written on source_extraction/results/1507.01481.pdf (13 pages, 96952 byt
es).
PDF statistics:
 83 PDF objects out of 1000 (max. 8388607)
 58 compressed objects within 1 object stream
 0 named destinations out of 1000 (max. 500000)
 1 words of extra memory for PDF output out of 10000 (max. 10000000)

