This is pdfTeX, Version 3.14159265-2.6-1.40.16 (TeX Live 2015/Debian) (preloaded format=pdflatex 2017.8.22)  14 OCT 2018 21:51
entering extended mode
 restricted \write18 enabled.
 %&-line parsing enabled.
**source_extraction/results/1508.02701.tex
(./source_extraction/results/1508.02701.tex
LaTeX2e <2016/02/01>
Babel <3.9q> and hyphenation patterns for 1 language(s) loaded.
(/usr/share/texlive/texmf-dist/tex/latex/amscls/amsart.cls
Document Class: amsart 2015/03/04 v2.20.2
\linespacing=\dimen102
\normalparindent=\dimen103
\normaltopskip=\skip41
(/usr/share/texlive/texmf-dist/tex/latex/amsmath/amsmath.sty
Package: amsmath 2016/03/03 v2.15a AMS math features
\@mathmargin=\skip42

For additional information on amsmath, use the `?' option.
(/usr/share/texlive/texmf-dist/tex/latex/amsmath/amstext.sty
Package: amstext 2000/06/29 v2.01 AMS text

(/usr/share/texlive/texmf-dist/tex/latex/amsmath/amsgen.sty
File: amsgen.sty 1999/11/30 v2.0 generic functions
\@emptytoks=\toks14
\ex@=\dimen104
))
(/usr/share/texlive/texmf-dist/tex/latex/amsmath/amsbsy.sty
Package: amsbsy 1999/11/29 v1.2d Bold Symbols
\pmbraise@=\dimen105
)
(/usr/share/texlive/texmf-dist/tex/latex/amsmath/amsopn.sty
Package: amsopn 1999/12/14 v2.01 operator names
)
\inf@bad=\count79
LaTeX Info: Redefining \frac on input line 199.
\uproot@=\count80
\leftroot@=\count81
LaTeX Info: Redefining \overline on input line 297.
\classnum@=\count82
\DOTSCASE@=\count83
LaTeX Info: Redefining \ldots on input line 394.
LaTeX Info: Redefining \dots on input line 397.
LaTeX Info: Redefining \cdots on input line 518.
\Mathstrutbox@=\box26
\strutbox@=\box27
\big@size=\dimen106
LaTeX Font Info:    Redeclaring font encoding OML on input line 630.
LaTeX Font Info:    Redeclaring font encoding OMS on input line 631.
\macc@depth=\count84
\c@MaxMatrixCols=\count85
\dotsspace@=\muskip10
\c@parentequation=\count86
\dspbrk@lvl=\count87
\tag@help=\toks15
\row@=\count88
\column@=\count89
\maxfields@=\count90
\andhelp@=\toks16
\eqnshift@=\dimen107
\alignsep@=\dimen108
\tagshift@=\dimen109
\tagwidth@=\dimen110
\totwidth@=\dimen111
\lineht@=\dimen112
\@envbody=\toks17
\multlinegap=\skip43
\multlinetaggap=\skip44
\mathdisplay@stack=\toks18
LaTeX Info: Redefining \[ on input line 2735.
LaTeX Info: Redefining \] on input line 2736.
)
LaTeX Font Info:    Try loading font information for U+msa on input line 388.

(/usr/share/texlive/texmf-dist/tex/latex/amsfonts/umsa.fd
File: umsa.fd 2013/01/14 v3.01 AMS symbols A
)
(/usr/share/texlive/texmf-dist/tex/latex/amsfonts/amsfonts.sty
Package: amsfonts 2013/01/14 v3.01 Basic AMSFonts support
\symAMSa=\mathgroup4
\symAMSb=\mathgroup5
LaTeX Font Info:    Overwriting math alphabet `\mathfrak' in version `bold'
(Font)                  U/euf/m/n --> U/euf/b/n on input line 106.
)
\copyins=\insert199
\abstractbox=\box28
\listisep=\skip45
\c@part=\count91
\c@section=\count92
\c@subsection=\count93
\c@subsubsection=\count94
\c@paragraph=\count95
\c@subparagraph=\count96
\c@figure=\count97
\c@table=\count98
\abovecaptionskip=\skip46
\belowcaptionskip=\skip47
\captionindent=\dimen113
\thm@style=\toks19
\thm@bodyfont=\toks20
\thm@headfont=\toks21
\thm@notefont=\toks22
\thm@headpunct=\toks23
\thm@preskip=\skip48
\thm@postskip=\skip49
\thm@headsep=\skip50
\dth@everypar=\toks24
)
(/usr/share/texlive/texmf-dist/tex/latex/amsmath/amscd.sty
Package: amscd 1999/11/29 v2.0 AMS Commutatitive Diagrams
\athelp@=\toks25
\minaw@=\dimen114
\bigaw@=\dimen115
\minCDarrowwidth=\dimen116
)
(/usr/share/texlive/texmf-dist/tex/latex/amsfonts/amssymb.sty
Package: amssymb 2013/01/14 v3.01 AMS font symbols
)
(/usr/share/texlive/texmf-dist/tex/latex/hyperref/hyperref.sty
Package: hyperref 2012/11/06 v6.83m Hypertext links for LaTeX

(/usr/share/texlive/texmf-dist/tex/generic/oberdiek/hobsub-hyperref.sty
Package: hobsub-hyperref 2012/05/28 v1.13 Bundle oberdiek, subset hyperref (HO)


(/usr/share/texlive/texmf-dist/tex/generic/oberdiek/hobsub-generic.sty
Package: hobsub-generic 2012/05/28 v1.13 Bundle oberdiek, subset generic (HO)
Package: hobsub 2012/05/28 v1.13 Construct package bundles (HO)
Package: infwarerr 2010/04/08 v1.3 Providing info/warning/error messages (HO)
Package: ltxcmds 2011/11/09 v1.22 LaTeX kernel commands for general use (HO)
Package: ifluatex 2010/03/01 v1.3 Provides the ifluatex switch (HO)
Package ifluatex Info: LuaTeX not detected.
Package: ifvtex 2010/03/01 v1.5 Detect VTeX and its facilities (HO)
Package ifvtex Info: VTeX not detected.
Package: intcalc 2007/09/27 v1.1 Expandable calculations with integers (HO)
Package: ifpdf 2011/01/30 v2.3 Provides the ifpdf switch (HO)
Package ifpdf Info: pdfTeX in PDF mode is detected.
Package: etexcmds 2011/02/16 v1.5 Avoid name clashes with e-TeX commands (HO)
Package etexcmds Info: Could not find \expanded.
(etexcmds)             That can mean that you are not using pdfTeX 1.50 or
(etexcmds)             that some package has redefined \expanded.
(etexcmds)             In the latter case, load this package earlier.
Package: kvsetkeys 2012/04/25 v1.16 Key value parser (HO)
Package: kvdefinekeys 2011/04/07 v1.3 Define keys (HO)
Package: pdftexcmds 2011/11/29 v0.20 Utility functions of pdfTeX for LuaTeX (HO
)
Package pdftexcmds Info: LuaTeX not detected.
Package pdftexcmds Info: \pdf@primitive is available.
Package pdftexcmds Info: \pdf@ifprimitive is available.
Package pdftexcmds Info: \pdfdraftmode found.
Package: pdfescape 2011/11/25 v1.13 Implements pdfTeX's escape features (HO)
Package: bigintcalc 2012/04/08 v1.3 Expandable calculations on big integers (HO
)
Package: bitset 2011/01/30 v1.1 Handle bit-vector datatype (HO)
Package: uniquecounter 2011/01/30 v1.2 Provide unlimited unique counter (HO)
)
Package hobsub Info: Skipping package `hobsub' (already loaded).
Package: letltxmacro 2010/09/02 v1.4 Let assignment for LaTeX macros (HO)
Package: hopatch 2012/05/28 v1.2 Wrapper for package hooks (HO)
Package: xcolor-patch 2011/01/30 xcolor patch
Package: atveryend 2011/06/30 v1.8 Hooks at the very end of document (HO)
Package atveryend Info: \enddocument detected (standard20110627).
Package: atbegshi 2011/10/05 v1.16 At begin shipout hook (HO)
Package: refcount 2011/10/16 v3.4 Data extraction from label references (HO)
Package: hycolor 2011/01/30 v1.7 Color options for hyperref/bookmark (HO)
)
(/usr/share/texlive/texmf-dist/tex/latex/graphics/keyval.sty
Package: keyval 2014/10/28 v1.15 key=value parser (DPC)
\KV@toks@=\toks26
)
(/usr/share/texlive/texmf-dist/tex/generic/ifxetex/ifxetex.sty
Package: ifxetex 2010/09/12 v0.6 Provides ifxetex conditional
)
(/usr/share/texlive/texmf-dist/tex/latex/oberdiek/auxhook.sty
Package: auxhook 2011/03/04 v1.3 Hooks for auxiliary files (HO)
)
(/usr/share/texlive/texmf-dist/tex/latex/oberdiek/kvoptions.sty
Package: kvoptions 2011/06/30 v3.11 Key value format for package options (HO)
)
\@linkdim=\dimen117
\Hy@linkcounter=\count99
\Hy@pagecounter=\count100

(/usr/share/texlive/texmf-dist/tex/latex/hyperref/pd1enc.def
File: pd1enc.def 2012/11/06 v6.83m Hyperref: PDFDocEncoding definition (HO)
)
\Hy@SavedSpaceFactor=\count101

(/usr/share/texlive/texmf-dist/tex/latex/latexconfig/hyperref.cfg
File: hyperref.cfg 2002/06/06 v1.2 hyperref configuration of TeXLive
)
Package hyperref Info: Option `bookmarksopen' set `true' on input line 4319.
Package hyperref Info: Hyper figures OFF on input line 4443.
Package hyperref Info: Link nesting OFF on input line 4448.
Package hyperref Info: Hyper index ON on input line 4451.
Package hyperref Info: Plain pages OFF on input line 4458.
Package hyperref Info: Backreferencing OFF on input line 4463.
Package hyperref Info: Implicit mode ON; LaTeX internals redefined.
Package hyperref Info: Bookmarks ON on input line 4688.
\c@Hy@tempcnt=\count102

(/usr/share/texlive/texmf-dist/tex/latex/url/url.sty
\Urlmuskip=\muskip11
Package: url 2013/09/16  ver 3.4  Verb mode for urls, etc.
)
LaTeX Info: Redefining \url on input line 5041.
\XeTeXLinkMargin=\dimen118
\Fld@menulength=\count103
\Field@Width=\dimen119
\Fld@charsize=\dimen120
Package hyperref Info: Hyper figures OFF on input line 6295.
Package hyperref Info: Link nesting OFF on input line 6300.
Package hyperref Info: Hyper index ON on input line 6303.
Package hyperref Info: backreferencing OFF on input line 6310.
Package hyperref Info: Link coloring OFF on input line 6315.
Package hyperref Info: Link coloring with OCG OFF on input line 6320.
Package hyperref Info: PDF/A mode OFF on input line 6325.
LaTeX Info: Redefining \ref on input line 6365.
LaTeX Info: Redefining \pageref on input line 6369.
\Hy@abspage=\count104
\c@Item=\count105
\c@Hfootnote=\count106
)

Package hyperref Message: Driver (autodetected): hpdftex.

(/usr/share/texlive/texmf-dist/tex/latex/hyperref/hpdftex.def
File: hpdftex.def 2012/11/06 v6.83m Hyperref driver for pdfTeX
\Fld@listcount=\count107
\c@bookmark@seq@number=\count108

(/usr/share/texlive/texmf-dist/tex/latex/oberdiek/rerunfilecheck.sty
Package: rerunfilecheck 2011/04/15 v1.7 Rerun checks for auxiliary files (HO)
Package uniquecounter Info: New unique counter `rerunfilecheck' on input line 2
82.
)
\Hy@SectionHShift=\skip51
)
(/usr/share/texlive/texmf-dist/tex/latex/graphics/epsfig.sty
Package: epsfig 1999/02/16 v1.7a (e)psfig emulation (SPQR)

(/usr/share/texlive/texmf-dist/tex/latex/graphics/graphicx.sty
Package: graphicx 2014/10/28 v1.0g Enhanced LaTeX Graphics (DPC,SPQR)

(/usr/share/texlive/texmf-dist/tex/latex/graphics/graphics.sty
Package: graphics 2016/01/03 v1.0q Standard LaTeX Graphics (DPC,SPQR)

(/usr/share/texlive/texmf-dist/tex/latex/graphics/trig.sty
Package: trig 2016/01/03 v1.10 sin cos tan (DPC)
)
(/usr/share/texlive/texmf-dist/tex/latex/latexconfig/graphics.cfg
File: graphics.cfg 2010/04/23 v1.9 graphics configuration of TeX Live
)
Package graphics Info: Driver file: pdftex.def on input line 95.

(/usr/share/texlive/texmf-dist/tex/latex/pdftex-def/pdftex.def
File: pdftex.def 2011/05/27 v0.06d Graphics/color for pdfTeX
\Gread@gobject=\count109
))
\Gin@req@height=\dimen121
\Gin@req@width=\dimen122
)
\epsfxsize=\dimen123
\epsfysize=\dimen124
)
(./extract.sty (/usr/share/texlive/texmf-dist/tex/latex/environ/environ.sty
Package: environ 2014/05/04 v0.3 A new way to define environments

(/usr/share/texlive/texmf-dist/tex/latex/trimspaces/trimspaces.sty
Package: trimspaces 2009/09/17 v1.1 Trim spaces around a token list
))
(/usr/share/texlive/texmf-dist/tex/latex/etextools/etextools.sty
Package: etextools 2010/12/07 v3.1415926 e-TeX more useful tools for LaTeX pack
age writers

(/usr/share/texlive/texmf-dist/tex/latex/etex-pkg/etex.sty
Package: etex 2016/01/11 v2.6 eTeX basic definition package (PEB,DPC)
\et@xins=\count110
)
(/usr/share/texlive/texmf-dist/tex/latex/etoolbox/etoolbox.sty
Package: etoolbox 2015/08/02 v2.2a e-TeX tools for LaTeX (JAW)
\etb@tempcnta=\count111
)
\ettl@fter=\count112
\ettl@for@nested=\count277
)
(/usr/share/texmf/tex/latex/preview/preview.sty
Package: preview 2010/02/14 11.88 (AUCTeX/preview-latex)

(/usr/share/texmf/tex/latex/preview/prtightpage.def
\PreviewBorder=\dimen125
)
\pr@snippet=\count113
\pr@box=\box29
\pr@output=\toks27
)
\c@propcounter=\count114
\mybox=\box30
)
\c@theorem=\count115

(source_extraction/results/1508.02701.aux)
\openout1 = `1508.02701.aux'.

LaTeX Font Info:    Checking defaults for OML/cmm/m/it on input line 36.
LaTeX Font Info:    ... okay on input line 36.
LaTeX Font Info:    Checking defaults for T1/cmr/m/n on input line 36.
LaTeX Font Info:    ... okay on input line 36.
LaTeX Font Info:    Checking defaults for OT1/cmr/m/n on input line 36.
LaTeX Font Info:    ... okay on input line 36.
LaTeX Font Info:    Checking defaults for OMS/cmsy/m/n on input line 36.
LaTeX Font Info:    ... okay on input line 36.
LaTeX Font Info:    Checking defaults for OMX/cmex/m/n on input line 36.
LaTeX Font Info:    ... okay on input line 36.
LaTeX Font Info:    Checking defaults for U/cmr/m/n on input line 36.
LaTeX Font Info:    ... okay on input line 36.
LaTeX Font Info:    Checking defaults for PD1/pdf/m/n on input line 36.
LaTeX Font Info:    ... okay on input line 36.
LaTeX Font Info:    Try loading font information for U+msa on input line 36.

(/usr/share/texlive/texmf-dist/tex/latex/amsfonts/umsa.fd
File: umsa.fd 2013/01/14 v3.01 AMS symbols A
)
LaTeX Font Info:    Try loading font information for U+msb on input line 36.

(/usr/share/texlive/texmf-dist/tex/latex/amsfonts/umsb.fd
File: umsb.fd 2013/01/14 v3.01 AMS symbols B
)
\AtBeginShipoutBox=\box31
Package hyperref Info: Link coloring OFF on input line 36.

(/usr/share/texlive/texmf-dist/tex/latex/hyperref/nameref.sty
Package: nameref 2012/10/27 v2.43 Cross-referencing by name of section

(/usr/share/texlive/texmf-dist/tex/generic/oberdiek/gettitlestring.sty
Package: gettitlestring 2010/12/03 v1.4 Cleanup title references (HO)
)
\c@section@level=\count116
)
LaTeX Info: Redefining \ref on input line 36.
LaTeX Info: Redefining \pageref on input line 36.
LaTeX Info: Redefining \nameref on input line 36.

(source_extraction/results/1508.02701.out)
(source_extraction/results/1508.02701.out)
\@outlinefile=\write3
\openout3 = `1508.02701.out'.


(/usr/share/texlive/texmf-dist/tex/context/base/supp-pdf.mkii
[Loading MPS to PDF converter (version 2006.09.02).]
\scratchcounter=\count117
\scratchdimen=\dimen126
\scratchbox=\box32
\nofMPsegments=\count118
\nofMParguments=\count119
\everyMPshowfont=\toks28
\MPscratchCnt=\count120
\MPscratchDim=\dimen127
\MPnumerator=\count121
\makeMPintoPDFobject=\count122
\everyMPtoPDFconversion=\toks29
) (/usr/share/texlive/texmf-dist/tex/latex/oberdiek/epstopdf-base.sty
Package: epstopdf-base 2010/02/09 v2.5 Base part for package epstopdf

(/usr/share/texlive/texmf-dist/tex/latex/oberdiek/grfext.sty
Package: grfext 2010/08/19 v1.1 Manage graphics extensions (HO)
)
Package grfext Info: Graphics extension search list:
(grfext)             [.png,.pdf,.jpg,.mps,.jpeg,.jbig2,.jb2,.PNG,.PDF,.JPG,.JPE
G,.JBIG2,.JB2,.eps]
(grfext)             \AppendGraphicsExtensions on input line 452.

(/usr/share/texlive/texmf-dist/tex/latex/latexconfig/epstopdf-sys.cfg
File: epstopdf-sys.cfg 2010/07/13 v1.3 Configuration of (r)epstopdf for TeX Liv
e
))
Preview: Fontsize 10pt
Preview: PDFoutput 1
\extractedfile=\write4
\openout4 = `propositions.txt'.

(source_extraction/results/1508.02701.toc)
\tf@toc=\write5
\openout5 = `1508.02701.toc'.



LaTeX Warning: Reference `factorized' on page 1 undefined on input line 51.


Overfull \hbox (23.96616pt too wide) in paragraph at lines 50--52
\OT1/cmr/m/n/10 for $\OML/cmm/m/it/10 x[]; []  ; x[]; x[]; []  ; x[] \OMS/cmsy/
m/n/10 2 \U/msb/m/n/10 R[]$\OT1/cmr/m/n/10 . We begin by specifying our convent
ions for differentiation
 []


LaTeX Warning: Reference `label_1' on page 2 undefined on input line 82.


LaTeX Warning: Reference `label_1' on page 2 undefined on input line 84.


Overfull \hbox (1.27827pt too wide) in paragraph at lines 84--85
[]\OT1/cmr/m/n/10 The equation ($[]$) enjoys a special relationship with the cl
assical Hartree equation
 []


Overfull \hbox (22.88971pt too wide) in paragraph at lines 84--85
\OT1/cmr/m/n/10 (that is, the nonlinear Schr^^?odinger equation with nonlocal c
onvolution-type nonlinearity).
 []


LaTeX Warning: Reference `label_1' on page 2 undefined on input line 92.


LaTeX Warning: Reference `label_3' on page 2 undefined on input line 96.


LaTeX Warning: Reference `label_1' on page 2 undefined on input line 96.


LaTeX Warning: Reference `label_1' on page 3 undefined on input line 100.


LaTeX Warning: Reference `label_1' on page 3 undefined on input line 104.


LaTeX Warning: Reference `label_1' on page 3 undefined on input line 124.


LaTeX Warning: Reference `label_1' on page 4 undefined on input line 147.


LaTeX Warning: Reference `label_1' on page 4 undefined on input line 151.


LaTeX Warning: Reference `label_1' on page 4 undefined on input line 160.


LaTeX Warning: Reference `label_1' on page 4 undefined on input line 179.

Preview: Tightpage -32891 -32891 32891 32891
[1{/var/lib/texmf/fonts/map/pdftex/updmap/pdftex.map}]
Overfull \hbox (12.0pt too wide) in paragraph at lines 179--179
[][] 
 []

! Undefined control sequence.
\pr@startbox ...uter \toks@ {#2}\edef \pr@cleanup 
                                                  {\the \toks@ }\setbox \pr@...
l.179 \end{theorem}
                   
The control sequence at the end of the top line
of your error message was never \def'ed. If you have
misspelled it (e.g., `\hobx'), type `I' and the correct
spelling (e.g., `I\hbox'). Otherwise just continue,
and I'll forget about whatever was undefined.

! Undefined control sequence.
\pr@startbox ...uter \toks@ {#2}\edef \pr@cleanup 
                                                  {\the \toks@ }\setbox \pr@...
l.179 \end{theorem}
                   
The control sequence at the end of the top line
of your error message was never \def'ed. If you have
misspelled it (e.g., `\hobx'), type `I' and the correct
spelling (e.g., `I\hbox'). Otherwise just continue,
and I'll forget about whatever was undefined.

! Argument of \@refstar has an extra }.
<inserted text> 
                \par 
l.179 \end{theorem}
                   
I've run across a `}' that doesn't seem to match anything.
For example, `\def\a#1{...}' and `\a}' would produce
this error. If you simply proceed now, the `\par' that
I've just inserted will cause me to report a runaway
argument that might be the root of the problem. But if
your `}' was spurious, just type `2' and it will go away.

Runaway argument?
! Paragraph ended before \@refstar was complete.
<to be read again> 
                   \par 
l.179 \end{theorem}
                   
I suspect you've forgotten a `}', causing me to apply this
control sequence to too much text. How can we recover?
My plan is to forget the whole thing and hope for the best.

! Undefined control sequence.
\pr@startbox ...uter \toks@ {#2}\edef \pr@cleanup 
                                                  {\the \toks@ }\setbox \pr@...
l.179 \end{theorem}
                   
The control sequence at the end of the top line
of your error message was never \def'ed. If you have
misspelled it (e.g., `\hobx'), type `I' and the correct
spelling (e.g., `I\hbox'). Otherwise just continue,
and I'll forget about whatever was undefined.

! Missing \endcsname inserted.
<to be read again> 
                   \color@endgroup 
l.179 \end{theorem}
                   
The control sequence marked <to be read again> should
not appear between \csname and \endcsname.

! Argument of \@firstoffive has an extra }.
<inserted text> 
                \par 
l.179 \end{theorem}
                   
I've run across a `}' that doesn't seem to match anything.
For example, `\def\a#1{...}' and `\a}' would produce
this error. If you simply proceed now, the `\par' that
I've just inserted will cause me to report a runaway
argument that might be the root of the problem. But if
your `}' was spurious, just type `2' and it will go away.

Runaway argument?
! Paragraph ended before \@firstoffive was complete.
<to be read again> 
                   \par 
l.179 \end{theorem}
                   
I suspect you've forgotten a `}', causing me to apply this
control sequence to too much text. How can we recover?
My plan is to forget the whole thing and hope for the best.


LaTeX Warning: Reference `label_1' on page 5 undefined on input line 202.


LaTeX Warning: Reference `label_4' on page 5 undefined on input line 202.

[2]
Overfull \hbox (83.36128pt too wide) in paragraph at lines 181--202
\OT1/cmr/m/n/10 following theorem: [] 
 []

! Undefined control sequence.
\pr@startbox ...uter \toks@ {#2}\edef \pr@cleanup 
                                                  {\the \toks@ }\setbox \pr@...
l.202 \end{theorem}
                   
The control sequence at the end of the top line
of your error message was never \def'ed. If you have
misspelled it (e.g., `\hobx'), type `I' and the correct
spelling (e.g., `I\hbox'). Otherwise just continue,
and I'll forget about whatever was undefined.

! Undefined control sequence.
\pr@startbox ...uter \toks@ {#2}\edef \pr@cleanup 
                                                  {\the \toks@ }\setbox \pr@...
l.202 \end{theorem}
                   
The control sequence at the end of the top line
of your error message was never \def'ed. If you have
misspelled it (e.g., `\hobx'), type `I' and the correct
spelling (e.g., `I\hbox'). Otherwise just continue,
and I'll forget about whatever was undefined.

! Argument of \@refstar has an extra }.
<inserted text> 
                \par 
l.202 \end{theorem}
                   
I've run across a `}' that doesn't seem to match anything.
For example, `\def\a#1{...}' and `\a}' would produce
this error. If you simply proceed now, the `\par' that
I've just inserted will cause me to report a runaway
argument that might be the root of the problem. But if
your `}' was spurious, just type `2' and it will go away.

Runaway argument?
! Paragraph ended before \@refstar was complete.
<to be read again> 
                   \par 
l.202 \end{theorem}
                   
I suspect you've forgotten a `}', causing me to apply this
control sequence to too much text. How can we recover?
My plan is to forget the whole thing and hope for the best.

! Undefined control sequence.
\pr@startbox ...uter \toks@ {#2}\edef \pr@cleanup 
                                                  {\the \toks@ }\setbox \pr@...
l.202 \end{theorem}
                   
The control sequence at the end of the top line
of your error message was never \def'ed. If you have
misspelled it (e.g., `\hobx'), type `I' and the correct
spelling (e.g., `I\hbox'). Otherwise just continue,
and I'll forget about whatever was undefined.

! Missing \endcsname inserted.
<to be read again> 
                   \color@endgroup 
l.202 \end{theorem}
                   
The control sequence marked <to be read again> should
not appear between \csname and \endcsname.

! Argument of \@firstoffive has an extra }.
<inserted text> 
                \par 
l.202 \end{theorem}
                   
I've run across a `}' that doesn't seem to match anything.
For example, `\def\a#1{...}' and `\a}' would produce
this error. If you simply proceed now, the `\par' that
I've just inserted will cause me to report a runaway
argument that might be the root of the problem. But if
your `}' was spurious, just type `2' and it will go away.

Runaway argument?
! Paragraph ended before \@firstoffive was complete.
<to be read again> 
                   \par 
l.202 \end{theorem}
                   
I suspect you've forgotten a `}', causing me to apply this
control sequence to too much text. How can we recover?
My plan is to forget the whole thing and hope for the best.


Overfull \hbox (1.13968pt too wide) in paragraph at lines 208--209
[]\OT1/cmr/m/n/10 the formulation of an appropriate form of a radial truncation
 lemma, Lemma
 []


Overfull \hbox (6.69507pt too wide) in paragraph at lines 209--210
\OT1/cmr/m/n/10 cited therein, for earlier applications of this theorem in the 
hierarchy context);
 []


Underfull \vbox (badness 10000) has occurred while \output is active []



LaTeX Warning: Reference `label_1' on page 6 undefined on input line 215.


LaTeX Warning: Reference `label_1' on page 6 undefined on input line 225.


LaTeX Warning: Reference `label_1' on page 6 undefined on input line 235.

[3]
Overfull \hbox (12.0pt too wide) in paragraph at lines 235--235
[][] 
 []

! Undefined control sequence.
\pr@startbox ...uter \toks@ {#2}\edef \pr@cleanup 
                                                  {\the \toks@ }\setbox \pr@...
l.235 \end{proposition}
                       
The control sequence at the end of the top line
of your error message was never \def'ed. If you have
misspelled it (e.g., `\hobx'), type `I' and the correct
spelling (e.g., `I\hbox'). Otherwise just continue,
and I'll forget about whatever was undefined.

! Undefined control sequence.
\pr@startbox ...uter \toks@ {#2}\edef \pr@cleanup 
                                                  {\the \toks@ }\setbox \pr@...
l.235 \end{proposition}
                       
The control sequence at the end of the top line
of your error message was never \def'ed. If you have
misspelled it (e.g., `\hobx'), type `I' and the correct
spelling (e.g., `I\hbox'). Otherwise just continue,
and I'll forget about whatever was undefined.

! Argument of \@refstar has an extra }.
<inserted text> 
                \par 
l.235 \end{proposition}
                       
I've run across a `}' that doesn't seem to match anything.
For example, `\def\a#1{...}' and `\a}' would produce
this error. If you simply proceed now, the `\par' that
I've just inserted will cause me to report a runaway
argument that might be the root of the problem. But if
your `}' was spurious, just type `2' and it will go away.

Runaway argument?
! Paragraph ended before \@refstar was complete.
<to be read again> 
                   \par 
l.235 \end{proposition}
                       
I suspect you've forgotten a `}', causing me to apply this
control sequence to too much text. How can we recover?
My plan is to forget the whole thing and hope for the best.

! Undefined control sequence.
\pr@startbox ...uter \toks@ {#2}\edef \pr@cleanup 
                                                  {\the \toks@ }\setbox \pr@...
l.235 \end{proposition}
                       
The control sequence at the end of the top line
of your error message was never \def'ed. If you have
misspelled it (e.g., `\hobx'), type `I' and the correct
spelling (e.g., `I\hbox'). Otherwise just continue,
and I'll forget about whatever was undefined.

! Missing \endcsname inserted.
<to be read again> 
                   \color@endgroup 
l.235 \end{proposition}
                       
The control sequence marked <to be read again> should
not appear between \csname and \endcsname.

! Argument of \@firstoffive has an extra }.
<inserted text> 
                \par 
l.235 \end{proposition}
                       
I've run across a `}' that doesn't seem to match anything.
For example, `\def\a#1{...}' and `\a}' would produce
this error. If you simply proceed now, the `\par' that
I've just inserted will cause me to report a runaway
argument that might be the root of the problem. But if
your `}' was spurious, just type `2' and it will go away.

Runaway argument?
! Paragraph ended before \@firstoffive was complete.
<to be read again> 
                   \par 
l.235 \end{proposition}
                       
I suspect you've forgotten a `}', causing me to apply this
control sequence to too much text. How can we recover?
My plan is to forget the whole thing and hope for the best.


LaTeX Warning: Reference `label_1' on page 7 undefined on input line 284.


LaTeX Warning: Reference `label_1' on page 7 undefined on input line 299.

[4]
Overfull \hbox (12.0pt too wide) in paragraph at lines 299--299
[][] 
 []

! Undefined control sequence.
\pr@startbox ...uter \toks@ {#2}\edef \pr@cleanup 
                                                  {\the \toks@ }\setbox \pr@...
l.299 \end{lemma}
                 
The control sequence at the end of the top line
of your error message was never \def'ed. If you have
misspelled it (e.g., `\hobx'), type `I' and the correct
spelling (e.g., `I\hbox'). Otherwise just continue,
and I'll forget about whatever was undefined.

! Undefined control sequence.
\pr@startbox ...uter \toks@ {#2}\edef \pr@cleanup 
                                                  {\the \toks@ }\setbox \pr@...
l.299 \end{lemma}
                 
The control sequence at the end of the top line
of your error message was never \def'ed. If you have
misspelled it (e.g., `\hobx'), type `I' and the correct
spelling (e.g., `I\hbox'). Otherwise just continue,
and I'll forget about whatever was undefined.

! Argument of \@refstar has an extra }.
<inserted text> 
                \par 
l.299 \end{lemma}
                 
I've run across a `}' that doesn't seem to match anything.
For example, `\def\a#1{...}' and `\a}' would produce
this error. If you simply proceed now, the `\par' that
I've just inserted will cause me to report a runaway
argument that might be the root of the problem. But if
your `}' was spurious, just type `2' and it will go away.

Runaway argument?
! Paragraph ended before \@refstar was complete.
<to be read again> 
                   \par 
l.299 \end{lemma}
                 
I suspect you've forgotten a `}', causing me to apply this
control sequence to too much text. How can we recover?
My plan is to forget the whole thing and hope for the best.

! Undefined control sequence.
\pr@startbox ...uter \toks@ {#2}\edef \pr@cleanup 
                                                  {\the \toks@ }\setbox \pr@...
l.299 \end{lemma}
                 
The control sequence at the end of the top line
of your error message was never \def'ed. If you have
misspelled it (e.g., `\hobx'), type `I' and the correct
spelling (e.g., `I\hbox'). Otherwise just continue,
and I'll forget about whatever was undefined.

! Missing \endcsname inserted.
<to be read again> 
                   \color@endgroup 
l.299 \end{lemma}
                 
The control sequence marked <to be read again> should
not appear between \csname and \endcsname.

! Argument of \@firstoffive has an extra }.
<inserted text> 
                \par 
l.299 \end{lemma}
                 
I've run across a `}' that doesn't seem to match anything.
For example, `\def\a#1{...}' and `\a}' would produce
this error. If you simply proceed now, the `\par' that
I've just inserted will cause me to report a runaway
argument that might be the root of the problem. But if
your `}' was spurious, just type `2' and it will go away.

Runaway argument?
! Paragraph ended before \@firstoffive was complete.
<to be read again> 
                   \par 
l.299 \end{lemma}
                 
I suspect you've forgotten a `}', causing me to apply this
control sequence to too much text. How can we recover?
My plan is to forget the whole thing and hope for the best.


LaTeX Warning: Reference `label_1' on page 8 undefined on input line 315.


Overfull \hbox (8.19495pt too wide) in paragraph at lines 315--315
[]\OT1/cmr/m/n/10 Proceeding by direct computation, note that after taking the 
Fourier transform
 []


LaTeX Warning: Reference `label_28' on page 8 undefined on input line 315.


LaTeX Warning: Reference `label_28' on page 8 undefined on input line 315.


LaTeX Warning: Reference `label_1' on page 8 undefined on input line 325.


LaTeX Warning: Reference `label_1' on page 8 undefined on input line 325.

[5]
Overfull \hbox (12.0pt too wide) in paragraph at lines 325--325
[][] 
 []

! Undefined control sequence.
\pr@startbox ...uter \toks@ {#2}\edef \pr@cleanup 
                                                  {\the \toks@ }\setbox \pr@...
l.325 \end{proposition}
                       
The control sequence at the end of the top line
of your error message was never \def'ed. If you have
misspelled it (e.g., `\hobx'), type `I' and the correct
spelling (e.g., `I\hbox'). Otherwise just continue,
and I'll forget about whatever was undefined.

! Undefined control sequence.
\pr@startbox ...uter \toks@ {#2}\edef \pr@cleanup 
                                                  {\the \toks@ }\setbox \pr@...
l.325 \end{proposition}
                       
The control sequence at the end of the top line
of your error message was never \def'ed. If you have
misspelled it (e.g., `\hobx'), type `I' and the correct
spelling (e.g., `I\hbox'). Otherwise just continue,
and I'll forget about whatever was undefined.

! Argument of \@refstar has an extra }.
<inserted text> 
                \par 
l.325 \end{proposition}
                       
I've run across a `}' that doesn't seem to match anything.
For example, `\def\a#1{...}' and `\a}' would produce
this error. If you simply proceed now, the `\par' that
I've just inserted will cause me to report a runaway
argument that might be the root of the problem. But if
your `}' was spurious, just type `2' and it will go away.

Runaway argument?
! Paragraph ended before \@refstar was complete.
<to be read again> 
                   \par 
l.325 \end{proposition}
                       
I suspect you've forgotten a `}', causing me to apply this
control sequence to too much text. How can we recover?
My plan is to forget the whole thing and hope for the best.

! Undefined control sequence.
\pr@startbox ...uter \toks@ {#2}\edef \pr@cleanup 
                                                  {\the \toks@ }\setbox \pr@...
l.325 \end{proposition}
                       
The control sequence at the end of the top line
of your error message was never \def'ed. If you have
misspelled it (e.g., `\hobx'), type `I' and the correct
spelling (e.g., `I\hbox'). Otherwise just continue,
and I'll forget about whatever was undefined.

! Missing \endcsname inserted.
<to be read again> 
                   \color@endgroup 
l.325 \end{proposition}
                       
The control sequence marked <to be read again> should
not appear between \csname and \endcsname.

! Argument of \@firstoffive has an extra }.
<inserted text> 
                \par 
l.325 \end{proposition}
                       
I've run across a `}' that doesn't seem to match anything.
For example, `\def\a#1{...}' and `\a}' would produce
this error. If you simply proceed now, the `\par' that
I've just inserted will cause me to report a runaway
argument that might be the root of the problem. But if
your `}' was spurious, just type `2' and it will go away.

Runaway argument?
! Paragraph ended before \@firstoffive was complete.
<to be read again> 
                   \par 
l.325 \end{proposition}
                       
I suspect you've forgotten a `}', causing me to apply this
control sequence to too much text. How can we recover?
My plan is to forget the whole thing and hope for the best.


LaTeX Warning: Reference `label_1' on page 8 undefined on input line 338.


Overfull \hbox (5.25044pt too wide) in paragraph at lines 338--338
[]\OT1/cmr/m/n/10 As a consequence of the local theory stated above and standar
d approximation
 []


Overfull \hbox (13.77945pt too wide) in paragraph at lines 338--338
\OT1/cmr/m/n/10 arguments, it suffices to show the result under the assumption 
that $\OML/cmm/m/it/10 ^^M[] \OMS/cmsy/m/n/10 2 \OML/cmm/m/it/10 C[]\OT1/cmr/m/
n/10 (\OML/cmm/m/it/10 I\OT1/cmr/m/n/10 ; \OMS/cmsy/m/n/10 S\OT1/cmr/m/n/10 (\U
/msb/m/n/10 R[] \OMS/cmsy/m/n/10 ^^B
 []


LaTeX Warning: Reference `label_a1' on page 8 undefined on input line 338.


LaTeX Warning: Reference `label_36' on page 8 undefined on input line 338.


LaTeX Warning: Reference `label_1' on page 8 undefined on input line 351.


LaTeX Warning: Reference `label_1' on page 8 undefined on input line 351.


LaTeX Warning: Reference `label_4' on page 8 undefined on input line 351.

[6]
Overfull \hbox (12.0pt too wide) in paragraph at lines 351--351
[][] 
 []

! Undefined control sequence.
\pr@startbox ...uter \toks@ {#2}\edef \pr@cleanup 
                                                  {\the \toks@ }\setbox \pr@...
l.351 \end{proposition}
                       
The control sequence at the end of the top line
of your error message was never \def'ed. If you have
misspelled it (e.g., `\hobx'), type `I' and the correct
spelling (e.g., `I\hbox'). Otherwise just continue,
and I'll forget about whatever was undefined.

! Undefined control sequence.
\pr@startbox ...uter \toks@ {#2}\edef \pr@cleanup 
                                                  {\the \toks@ }\setbox \pr@...
l.351 \end{proposition}
                       
The control sequence at the end of the top line
of your error message was never \def'ed. If you have
misspelled it (e.g., `\hobx'), type `I' and the correct
spelling (e.g., `I\hbox'). Otherwise just continue,
and I'll forget about whatever was undefined.

! Argument of \@refstar has an extra }.
<inserted text> 
                \par 
l.351 \end{proposition}
                       
I've run across a `}' that doesn't seem to match anything.
For example, `\def\a#1{...}' and `\a}' would produce
this error. If you simply proceed now, the `\par' that
I've just inserted will cause me to report a runaway
argument that might be the root of the problem. But if
your `}' was spurious, just type `2' and it will go away.

Runaway argument?
! Paragraph ended before \@refstar was complete.
<to be read again> 
                   \par 
l.351 \end{proposition}
                       
I suspect you've forgotten a `}', causing me to apply this
control sequence to too much text. How can we recover?
My plan is to forget the whole thing and hope for the best.

! Undefined control sequence.
\pr@startbox ...uter \toks@ {#2}\edef \pr@cleanup 
                                                  {\the \toks@ }\setbox \pr@...
l.351 \end{proposition}
                       
The control sequence at the end of the top line
of your error message was never \def'ed. If you have
misspelled it (e.g., `\hobx'), type `I' and the correct
spelling (e.g., `I\hbox'). Otherwise just continue,
and I'll forget about whatever was undefined.

! Missing \endcsname inserted.
<to be read again> 
                   \color@endgroup 
l.351 \end{proposition}
                       
The control sequence marked <to be read again> should
not appear between \csname and \endcsname.

! Argument of \@firstoffive has an extra }.
<inserted text> 
                \par 
l.351 \end{proposition}
                       
I've run across a `}' that doesn't seem to match anything.
For example, `\def\a#1{...}' and `\a}' would produce
this error. If you simply proceed now, the `\par' that
I've just inserted will cause me to report a runaway
argument that might be the root of the problem. But if
your `}' was spurious, just type `2' and it will go away.

Runaway argument?
! Paragraph ended before \@firstoffive was complete.
<to be read again> 
                   \par 
l.351 \end{proposition}
                       
I suspect you've forgotten a `}', causing me to apply this
control sequence to too much text. How can we recover?
My plan is to forget the whole thing and hope for the best.


LaTeX Warning: Reference `label_1' on page 9 undefined on input line 401.


LaTeX Warning: Reference `label_11' on page 9 undefined on input line 401.


LaTeX Warning: Reference `label_15' on page 10 undefined on input line 401.


Overfull \hbox (16.8586pt too wide) in paragraph at lines 401--401
\OT1/cmr/m/n/10 Combining this with the observation that symmetry of $\OML/cmm/
m/it/10 ^^M[]$ \OT1/cmr/m/n/10 with respect to permutations
 []


LaTeX Warning: Reference `label_15' on page 10 undefined on input line 401.


LaTeX Warning: Reference `label_15' on page 10 undefined on input line 401.

[7]
Overfull \hbox (12.0pt too wide) in paragraph at lines 410--410
[][] 
 []

! Undefined control sequence.
\pr@startbox ...uter \toks@ {#2}\edef \pr@cleanup 
                                                  {\the \toks@ }\setbox \pr@...
l.410 \end{remark}
                  
The control sequence at the end of the top line
of your error message was never \def'ed. If you have
misspelled it (e.g., `\hobx'), type `I' and the correct
spelling (e.g., `I\hbox'). Otherwise just continue,
and I'll forget about whatever was undefined.

! Undefined control sequence.
\pr@startbox ...uter \toks@ {#2}\edef \pr@cleanup 
                                                  {\the \toks@ }\setbox \pr@...
l.410 \end{remark}
                  
The control sequence at the end of the top line
of your error message was never \def'ed. If you have
misspelled it (e.g., `\hobx'), type `I' and the correct
spelling (e.g., `I\hbox'). Otherwise just continue,
and I'll forget about whatever was undefined.

! Argument of \@refstar has an extra }.
<inserted text> 
                \par 
l.410 \end{remark}
                  
I've run across a `}' that doesn't seem to match anything.
For example, `\def\a#1{...}' and `\a}' would produce
this error. If you simply proceed now, the `\par' that
I've just inserted will cause me to report a runaway
argument that might be the root of the problem. But if
your `}' was spurious, just type `2' and it will go away.

Runaway argument?
! Paragraph ended before \@refstar was complete.
<to be read again> 
                   \par 
l.410 \end{remark}
                  
I suspect you've forgotten a `}', causing me to apply this
control sequence to too much text. How can we recover?
My plan is to forget the whole thing and hope for the best.

! Undefined control sequence.
\pr@startbox ...uter \toks@ {#2}\edef \pr@cleanup 
                                                  {\the \toks@ }\setbox \pr@...
l.410 \end{remark}
                  
The control sequence at the end of the top line
of your error message was never \def'ed. If you have
misspelled it (e.g., `\hobx'), type `I' and the correct
spelling (e.g., `I\hbox'). Otherwise just continue,
and I'll forget about whatever was undefined.

! Missing \endcsname inserted.
<to be read again> 
                   \color@endgroup 
l.410 \end{remark}
                  
The control sequence marked <to be read again> should
not appear between \csname and \endcsname.

! Argument of \@firstoffive has an extra }.
<inserted text> 
                \par 
l.410 \end{remark}
                  
I've run across a `}' that doesn't seem to match anything.
For example, `\def\a#1{...}' and `\a}' would produce
this error. If you simply proceed now, the `\par' that
I've just inserted will cause me to report a runaway
argument that might be the root of the problem. But if
your `}' was spurious, just type `2' and it will go away.

Runaway argument?
! Paragraph ended before \@firstoffive was complete.
<to be read again> 
                   \par 
l.410 \end{remark}
                  
I suspect you've forgotten a `}', causing me to apply this
control sequence to too much text. How can we recover?
My plan is to forget the whole thing and hope for the best.


LaTeX Warning: Reference `label_1' on page 10 undefined on input line 415.


LaTeX Warning: Reference `label_1' on page 10 undefined on input line 425.


LaTeX Warning: Reference `label_1' on page 10 undefined on input line 425.

[8]
Overfull \hbox (12.0pt too wide) in paragraph at lines 425--425
[][] 
 []

! Undefined control sequence.
\pr@startbox ...uter \toks@ {#2}\edef \pr@cleanup 
                                                  {\the \toks@ }\setbox \pr@...
l.425 \end{proposition}
                       
The control sequence at the end of the top line
of your error message was never \def'ed. If you have
misspelled it (e.g., `\hobx'), type `I' and the correct
spelling (e.g., `I\hbox'). Otherwise just continue,
and I'll forget about whatever was undefined.

! Undefined control sequence.
\pr@startbox ...uter \toks@ {#2}\edef \pr@cleanup 
                                                  {\the \toks@ }\setbox \pr@...
l.425 \end{proposition}
                       
The control sequence at the end of the top line
of your error message was never \def'ed. If you have
misspelled it (e.g., `\hobx'), type `I' and the correct
spelling (e.g., `I\hbox'). Otherwise just continue,
and I'll forget about whatever was undefined.

! Argument of \@refstar has an extra }.
<inserted text> 
                \par 
l.425 \end{proposition}
                       
I've run across a `}' that doesn't seem to match anything.
For example, `\def\a#1{...}' and `\a}' would produce
this error. If you simply proceed now, the `\par' that
I've just inserted will cause me to report a runaway
argument that might be the root of the problem. But if
your `}' was spurious, just type `2' and it will go away.

Runaway argument?
! Paragraph ended before \@refstar was complete.
<to be read again> 
                   \par 
l.425 \end{proposition}
                       
I suspect you've forgotten a `}', causing me to apply this
control sequence to too much text. How can we recover?
My plan is to forget the whole thing and hope for the best.

! Undefined control sequence.
\pr@startbox ...uter \toks@ {#2}\edef \pr@cleanup 
                                                  {\the \toks@ }\setbox \pr@...
l.425 \end{proposition}
                       
The control sequence at the end of the top line
of your error message was never \def'ed. If you have
misspelled it (e.g., `\hobx'), type `I' and the correct
spelling (e.g., `I\hbox'). Otherwise just continue,
and I'll forget about whatever was undefined.

! Missing \endcsname inserted.
<to be read again> 
                   \color@endgroup 
l.425 \end{proposition}
                       
The control sequence marked <to be read again> should
not appear between \csname and \endcsname.

! Argument of \@firstoffive has an extra }.
<inserted text> 
                \par 
l.425 \end{proposition}
                       
I've run across a `}' that doesn't seem to match anything.
For example, `\def\a#1{...}' and `\a}' would produce
this error. If you simply proceed now, the `\par' that
I've just inserted will cause me to report a runaway
argument that might be the root of the problem. But if
your `}' was spurious, just type `2' and it will go away.

Runaway argument?
! Paragraph ended before \@firstoffive was complete.
<to be read again> 
                   \par 
l.425 \end{proposition}
                       
I suspect you've forgotten a `}', causing me to apply this
control sequence to too much text. How can we recover?
My plan is to forget the whole thing and hope for the best.


LaTeX Warning: Reference `label_1' on page 11 undefined on input line 511.


LaTeX Warning: Reference `label_31' on page 11 undefined on input line 511.


LaTeX Warning: Reference `label_31' on page 11 undefined on input line 511.


LaTeX Warning: Reference `label_30' on page 11 undefined on input line 511.


LaTeX Warning: Reference `label_30' on page 11 undefined on input line 511.


LaTeX Warning: Reference `label_30' on page 11 undefined on input line 511.


Overfull \hbox (2.1641pt too wide) in paragraph at lines 511--511
[]\OT1/cmr/m/n/10 Expanding $[]$ and $[]$ in this expression by the definition 
of the Fourier transform,
 []


LaTeX Warning: Reference `label_33' on page 12 undefined on input line 511.


LaTeX Warning: Reference `label_33' on page 12 undefined on input line 511.


LaTeX Warning: Reference `label_32' on page 13 undefined on input line 511.


LaTeX Warning: Reference `label_1' on page 13 undefined on input line 523.


LaTeX Warning: Reference `label_1' on page 13 undefined on input line 523.

[9]
Overfull \hbox (12.0pt too wide) in paragraph at lines 523--523
[][] 
 []

! Undefined control sequence.
\pr@startbox ...uter \toks@ {#2}\edef \pr@cleanup 
                                                  {\the \toks@ }\setbox \pr@...
l.523 \end{proposition}
                       
The control sequence at the end of the top line
of your error message was never \def'ed. If you have
misspelled it (e.g., `\hobx'), type `I' and the correct
spelling (e.g., `I\hbox'). Otherwise just continue,
and I'll forget about whatever was undefined.

! Undefined control sequence.
\pr@startbox ...uter \toks@ {#2}\edef \pr@cleanup 
                                                  {\the \toks@ }\setbox \pr@...
l.523 \end{proposition}
                       
The control sequence at the end of the top line
of your error message was never \def'ed. If you have
misspelled it (e.g., `\hobx'), type `I' and the correct
spelling (e.g., `I\hbox'). Otherwise just continue,
and I'll forget about whatever was undefined.

! Argument of \@refstar has an extra }.
<inserted text> 
                \par 
l.523 \end{proposition}
                       
I've run across a `}' that doesn't seem to match anything.
For example, `\def\a#1{...}' and `\a}' would produce
this error. If you simply proceed now, the `\par' that
I've just inserted will cause me to report a runaway
argument that might be the root of the problem. But if
your `}' was spurious, just type `2' and it will go away.

Runaway argument?
! Paragraph ended before \@refstar was complete.
<to be read again> 
                   \par 
l.523 \end{proposition}
                       
I suspect you've forgotten a `}', causing me to apply this
control sequence to too much text. How can we recover?
My plan is to forget the whole thing and hope for the best.

! Undefined control sequence.
\pr@startbox ...uter \toks@ {#2}\edef \pr@cleanup 
                                                  {\the \toks@ }\setbox \pr@...
l.523 \end{proposition}
                       
The control sequence at the end of the top line
of your error message was never \def'ed. If you have
misspelled it (e.g., `\hobx'), type `I' and the correct
spelling (e.g., `I\hbox'). Otherwise just continue,
and I'll forget about whatever was undefined.

! Missing \endcsname inserted.
<to be read again> 
                   \color@endgroup 
l.523 \end{proposition}
                       
The control sequence marked <to be read again> should
not appear between \csname and \endcsname.

! Argument of \@firstoffive has an extra }.
<inserted text> 
                \par 
l.523 \end{proposition}
                       
I've run across a `}' that doesn't seem to match anything.
For example, `\def\a#1{...}' and `\a}' would produce
this error. If you simply proceed now, the `\par' that
I've just inserted will cause me to report a runaway
argument that might be the root of the problem. But if
your `}' was spurious, just type `2' and it will go away.

Runaway argument?
! Paragraph ended before \@firstoffive was complete.
<to be read again> 
                   \par 
l.523 \end{proposition}
                       
I suspect you've forgotten a `}', causing me to apply this
control sequence to too much text. How can we recover?
My plan is to forget the whole thing and hope for the best.


LaTeX Warning: Reference `label_38' on page 13 undefined on input line 559.


LaTeX Warning: Reference `label_38' on page 13 undefined on input line 559.


LaTeX Warning: Reference `label_36' on page 13 undefined on input line 559.


LaTeX Warning: Reference `label_37' on page 13 undefined on input line 559.


LaTeX Warning: Reference `label_39' on page 13 undefined on input line 559.


LaTeX Warning: Reference `label_1' on page 14 undefined on input line 571.

[10]
Overfull \hbox (12.0pt too wide) in paragraph at lines 571--571
[][] 
 []

! Undefined control sequence.
\pr@startbox ...uter \toks@ {#2}\edef \pr@cleanup 
                                                  {\the \toks@ }\setbox \pr@...
l.571 \end{lemma}
                 
The control sequence at the end of the top line
of your error message was never \def'ed. If you have
misspelled it (e.g., `\hobx'), type `I' and the correct
spelling (e.g., `I\hbox'). Otherwise just continue,
and I'll forget about whatever was undefined.

! Undefined control sequence.
\pr@startbox ...uter \toks@ {#2}\edef \pr@cleanup 
                                                  {\the \toks@ }\setbox \pr@...
l.571 \end{lemma}
                 
The control sequence at the end of the top line
of your error message was never \def'ed. If you have
misspelled it (e.g., `\hobx'), type `I' and the correct
spelling (e.g., `I\hbox'). Otherwise just continue,
and I'll forget about whatever was undefined.

! Argument of \@refstar has an extra }.
<inserted text> 
                \par 
l.571 \end{lemma}
                 
I've run across a `}' that doesn't seem to match anything.
For example, `\def\a#1{...}' and `\a}' would produce
this error. If you simply proceed now, the `\par' that
I've just inserted will cause me to report a runaway
argument that might be the root of the problem. But if
your `}' was spurious, just type `2' and it will go away.

Runaway argument?
! Paragraph ended before \@refstar was complete.
<to be read again> 
                   \par 
l.571 \end{lemma}
                 
I suspect you've forgotten a `}', causing me to apply this
control sequence to too much text. How can we recover?
My plan is to forget the whole thing and hope for the best.

! Undefined control sequence.
\pr@startbox ...uter \toks@ {#2}\edef \pr@cleanup 
                                                  {\the \toks@ }\setbox \pr@...
l.571 \end{lemma}
                 
The control sequence at the end of the top line
of your error message was never \def'ed. If you have
misspelled it (e.g., `\hobx'), type `I' and the correct
spelling (e.g., `I\hbox'). Otherwise just continue,
and I'll forget about whatever was undefined.

! Missing \endcsname inserted.
<to be read again> 
                   \color@endgroup 
l.571 \end{lemma}
                 
The control sequence marked <to be read again> should
not appear between \csname and \endcsname.

! Argument of \@firstoffive has an extra }.
<inserted text> 
                \par 
l.571 \end{lemma}
                 
I've run across a `}' that doesn't seem to match anything.
For example, `\def\a#1{...}' and `\a}' would produce
this error. If you simply proceed now, the `\par' that
I've just inserted will cause me to report a runaway
argument that might be the root of the problem. But if
your `}' was spurious, just type `2' and it will go away.

Runaway argument?
! Paragraph ended before \@firstoffive was complete.
<to be read again> 
                   \par 
l.571 \end{lemma}
                 
I suspect you've forgotten a `}', causing me to apply this
control sequence to too much text. How can we recover?
My plan is to forget the whole thing and hope for the best.


LaTeX Warning: Reference `label_41' on page 14 undefined on input line 601.


LaTeX Warning: Reference `label_41' on page 14 undefined on input line 601.


LaTeX Warning: Reference `label_1' on page 15 undefined on input line 606.


LaTeX Warning: Reference `label_1' on page 16 undefined on input line 658.

[11]
Overfull \hbox (12.0pt too wide) in paragraph at lines 658--658
[][] 
 []

! Undefined control sequence.
\pr@startbox ...uter \toks@ {#2}\edef \pr@cleanup 
                                                  {\the \toks@ }\setbox \pr@...
l.658 \end{lemma}
                 
The control sequence at the end of the top line
of your error message was never \def'ed. If you have
misspelled it (e.g., `\hobx'), type `I' and the correct
spelling (e.g., `I\hbox'). Otherwise just continue,
and I'll forget about whatever was undefined.

! Undefined control sequence.
\pr@startbox ...uter \toks@ {#2}\edef \pr@cleanup 
                                                  {\the \toks@ }\setbox \pr@...
l.658 \end{lemma}
                 
The control sequence at the end of the top line
of your error message was never \def'ed. If you have
misspelled it (e.g., `\hobx'), type `I' and the correct
spelling (e.g., `I\hbox'). Otherwise just continue,
and I'll forget about whatever was undefined.

! Argument of \@refstar has an extra }.
<inserted text> 
                \par 
l.658 \end{lemma}
                 
I've run across a `}' that doesn't seem to match anything.
For example, `\def\a#1{...}' and `\a}' would produce
this error. If you simply proceed now, the `\par' that
I've just inserted will cause me to report a runaway
argument that might be the root of the problem. But if
your `}' was spurious, just type `2' and it will go away.

Runaway argument?
! Paragraph ended before \@refstar was complete.
<to be read again> 
                   \par 
l.658 \end{lemma}
                 
I suspect you've forgotten a `}', causing me to apply this
control sequence to too much text. How can we recover?
My plan is to forget the whole thing and hope for the best.

! Undefined control sequence.
\pr@startbox ...uter \toks@ {#2}\edef \pr@cleanup 
                                                  {\the \toks@ }\setbox \pr@...
l.658 \end{lemma}
                 
The control sequence at the end of the top line
of your error message was never \def'ed. If you have
misspelled it (e.g., `\hobx'), type `I' and the correct
spelling (e.g., `I\hbox'). Otherwise just continue,
and I'll forget about whatever was undefined.

! Missing \endcsname inserted.
<to be read again> 
                   \color@endgroup 
l.658 \end{lemma}
                 
The control sequence marked <to be read again> should
not appear between \csname and \endcsname.

! Argument of \@firstoffive has an extra }.
<inserted text> 
                \par 
l.658 \end{lemma}
                 
I've run across a `}' that doesn't seem to match anything.
For example, `\def\a#1{...}' and `\a}' would produce
this error. If you simply proceed now, the `\par' that
I've just inserted will cause me to report a runaway
argument that might be the root of the problem. But if
your `}' was spurious, just type `2' and it will go away.

Runaway argument?
! Paragraph ended before \@firstoffive was complete.
<to be read again> 
                   \par 
l.658 \end{lemma}
                 
I suspect you've forgotten a `}', causing me to apply this
control sequence to too much text. How can we recover?
My plan is to forget the whole thing and hope for the best.

[12]
Overfull \hbox (12.0pt too wide) in paragraph at lines 675--675
[][] 
 []

! Undefined control sequence.
\pr@startbox ...uter \toks@ {#2}\edef \pr@cleanup 
                                                  {\the \toks@ }\setbox \pr@...
l.675 \end{lemma}
                 
The control sequence at the end of the top line
of your error message was never \def'ed. If you have
misspelled it (e.g., `\hobx'), type `I' and the correct
spelling (e.g., `I\hbox'). Otherwise just continue,
and I'll forget about whatever was undefined.

! Undefined control sequence.
\pr@startbox ...uter \toks@ {#2}\edef \pr@cleanup 
                                                  {\the \toks@ }\setbox \pr@...
l.675 \end{lemma}
                 
The control sequence at the end of the top line
of your error message was never \def'ed. If you have
misspelled it (e.g., `\hobx'), type `I' and the correct
spelling (e.g., `I\hbox'). Otherwise just continue,
and I'll forget about whatever was undefined.

! Argument of \@refstar has an extra }.
<inserted text> 
                \par 
l.675 \end{lemma}
                 
I've run across a `}' that doesn't seem to match anything.
For example, `\def\a#1{...}' and `\a}' would produce
this error. If you simply proceed now, the `\par' that
I've just inserted will cause me to report a runaway
argument that might be the root of the problem. But if
your `}' was spurious, just type `2' and it will go away.

Runaway argument?
! Paragraph ended before \@refstar was complete.
<to be read again> 
                   \par 
l.675 \end{lemma}
                 
I suspect you've forgotten a `}', causing me to apply this
control sequence to too much text. How can we recover?
My plan is to forget the whole thing and hope for the best.

! Undefined control sequence.
\pr@startbox ...uter \toks@ {#2}\edef \pr@cleanup 
                                                  {\the \toks@ }\setbox \pr@...
l.675 \end{lemma}
                 
The control sequence at the end of the top line
of your error message was never \def'ed. If you have
misspelled it (e.g., `\hobx'), type `I' and the correct
spelling (e.g., `I\hbox'). Otherwise just continue,
and I'll forget about whatever was undefined.

! Missing \endcsname inserted.
<to be read again> 
                   \color@endgroup 
l.675 \end{lemma}
                 
The control sequence marked <to be read again> should
not appear between \csname and \endcsname.

! Argument of \@firstoffive has an extra }.
<inserted text> 
                \par 
l.675 \end{lemma}
                 
I've run across a `}' that doesn't seem to match anything.
For example, `\def\a#1{...}' and `\a}' would produce
this error. If you simply proceed now, the `\par' that
I've just inserted will cause me to report a runaway
argument that might be the root of the problem. But if
your `}' was spurious, just type `2' and it will go away.

Runaway argument?
! Paragraph ended before \@firstoffive was complete.
<to be read again> 
                   \par 
l.675 \end{lemma}
                 
I suspect you've forgotten a `}', causing me to apply this
control sequence to too much text. How can we recover?
My plan is to forget the whole thing and hope for the best.


LaTeX Warning: Reference `label_app_localized' on page 17 undefined on input li
ne 677.


LaTeX Warning: Reference `label_50' on page 17 undefined on input line 809.


LaTeX Warning: Reference `label_48' on page 17 undefined on input line 809.


LaTeX Warning: Reference `label_50' on page 18 undefined on input line 809.


LaTeX Warning: Reference `label_53' on page 18 undefined on input line 809.


LaTeX Warning: Reference `label_49' on page 18 undefined on input line 809.


LaTeX Warning: Reference `label_55' on page 18 undefined on input line 809.


LaTeX Warning: Reference `label_55' on page 18 undefined on input line 809.


LaTeX Warning: Reference `label_57' on page 19 undefined on input line 809.


LaTeX Warning: Reference `label_57' on page 19 undefined on input line 809.


LaTeX Warning: Reference `label_56' on page 19 undefined on input line 809.


LaTeX Warning: Reference `label_58' on page 19 undefined on input line 809.


LaTeX Warning: Reference `label_52' on page 20 undefined on input line 809.


LaTeX Warning: Reference `label_51' on page 20 undefined on input line 809.


LaTeX Warning: Reference `label_54' on page 20 undefined on input line 809.


LaTeX Warning: Reference `label_59' on page 20 undefined on input line 809.


LaTeX Warning: Reference `label_61' on page 20 undefined on input line 809.


LaTeX Warning: Reference `label_52' on page 20 undefined on input line 809.


LaTeX Warning: Reference `label_46' on page 21 undefined on input line 879.


LaTeX Warning: Reference `label_46' on page 21 undefined on input line 879.


LaTeX Warning: Reference `label_4' on page 21 undefined on input line 879.


LaTeX Warning: Reference `label_47' on page 21 undefined on input line 879.


LaTeX Warning: Reference `label_47' on page 21 undefined on input line 879.


LaTeX Warning: Reference `label_42' on page 22 undefined on input line 879.


LaTeX Warning: Reference `label_20' on page 22 undefined on input line 979.


LaTeX Warning: Reference `label_21' on page 22 undefined on input line 979.


LaTeX Warning: Reference `label_22' on page 22 undefined on input line 979.


LaTeX Warning: Reference `label_23' on page 22 undefined on input line 979.


LaTeX Warning: Reference `label_25' on page 23 undefined on input line 979.

Missing character: There is no  in font cmr8!
Missing character: There is no  in font cmr8!
Missing character: There is no  in font cmr8!
Missing character: There is no  in font cmr8!
Missing character: There is no  in font cmr8!
Missing character: There is no  in font cmr8!
Missing character: There is no  in font cmr8!
Missing character: There is no  in font cmr8!
Missing character: There is no  in font cmr8!
Missing character: There is no  in font cmr8!
Missing character: There is no  in font cmr8!
Missing character: There is no  in font cmr8!
Missing character: There is no  in font cmr8!
Missing character: There is no  in font cmr8!
Missing character: There is no  in font cmr8!
Missing character: There is no  in font cmr8!
Missing character: There is no  in font cmr8!
Missing character: There is no  in font cmr8!
Missing character: There is no  in font cmr8!
Missing character: There is no  in font cmr8!
Missing character: There is no  in font cmr8!
Missing character: There is no  in font cmr8!
Missing character: There is no  in font cmr8!
Package atveryend Info: Empty hook `BeforeClearDocument' on input line 1002.
Package atveryend Info: Empty hook `AfterLastShipout' on input line 1002.
(source_extraction/results/1508.02701.aux)
Package atveryend Info: Executing hook `AtVeryEndDocument' on input line 1002.
Package atveryend Info: Executing hook `AtEndAfterFileList' on input line 1002.

Package rerunfilecheck Info: File `1508.02701.out' has not changed.
(rerunfilecheck)             Checksum: <no file>.


LaTeX Warning: There were undefined references.

Package atveryend Info: Empty hook `AtVeryVeryEnd' on input line 1002.
 )
(\end occurred when \iftrue on line 675 was incomplete)
(\end occurred when \iftrue on line 675 was incomplete)
(\end occurred when \iftrue on line 675 was incomplete)
(\end occurred when \iftrue on line 675 was incomplete)
(\end occurred when \iftrue on line 675 was incomplete)
(\end occurred when \iftrue on line 675 was incomplete)
(\end occurred when \iftrue on line 658 was incomplete)
(\end occurred when \iftrue on line 658 was incomplete)
(\end occurred when \iftrue on line 658 was incomplete)
(\end occurred when \iftrue on line 658 was incomplete)
(\end occurred when \iftrue on line 658 was incomplete)
(\end occurred when \iftrue on line 658 was incomplete)
(\end occurred when \iftrue on line 571 was incomplete)
(\end occurred when \iftrue on line 571 was incomplete)
(\end occurred when \iftrue on line 571 was incomplete)
(\end occurred when \iftrue on line 571 was incomplete)
(\end occurred when \iftrue on line 571 was incomplete)
(\end occurred when \iftrue on line 571 was incomplete)
(\end occurred when \iftrue on line 523 was incomplete)
(\end occurred when \iftrue on line 523 was incomplete)
(\end occurred when \iftrue on line 523 was incomplete)
(\end occurred when \iftrue on line 523 was incomplete)
(\end occurred when \iftrue on line 523 was incomplete)
(\end occurred when \iftrue on line 523 was incomplete)
(\end occurred when \iftrue on line 425 was incomplete)
(\end occurred when \iftrue on line 425 was incomplete)
(\end occurred when \iftrue on line 425 was incomplete)
(\end occurred when \iftrue on line 425 was incomplete)
(\end occurred when \iftrue on line 425 was incomplete)
(\end occurred when \iftrue on line 425 was incomplete)
(\end occurred when \iftrue on line 410 was incomplete)
(\end occurred when \iftrue on line 410 was incomplete)
(\end occurred when \iftrue on line 410 was incomplete)
(\end occurred when \iftrue on line 410 was incomplete)
(\end occurred when \iftrue on line 410 was incomplete)
(\end occurred when \iftrue on line 410 was incomplete)
(\end occurred when \iftrue on line 351 was incomplete)
(\end occurred when \iftrue on line 351 was incomplete)
(\end occurred when \iftrue on line 351 was incomplete)
(\end occurred when \iftrue on line 351 was incomplete)
(\end occurred when \iftrue on line 351 was incomplete)
(\end occurred when \iftrue on line 351 was incomplete)
(\end occurred when \iftrue on line 325 was incomplete)
(\end occurred when \iftrue on line 325 was incomplete)
(\end occurred when \iftrue on line 325 was incomplete)
(\end occurred when \iftrue on line 325 was incomplete)
(\end occurred when \iftrue on line 325 was incomplete)
(\end occurred when \iftrue on line 325 was incomplete)
(\end occurred when \iftrue on line 299 was incomplete)
(\end occurred when \iftrue on line 299 was incomplete)
(\end occurred when \iftrue on line 299 was incomplete)
(\end occurred when \iftrue on line 299 was incomplete)
(\end occurred when \iftrue on line 299 was incomplete)
(\end occurred when \iftrue on line 299 was incomplete)
(\end occurred when \iftrue on line 235 was incomplete)
(\end occurred when \iftrue on line 235 was incomplete)
(\end occurred when \iftrue on line 235 was incomplete)
(\end occurred when \iftrue on line 235 was incomplete)
(\end occurred when \iftrue on line 235 was incomplete)
(\end occurred when \iftrue on line 235 was incomplete)
(\end occurred when \iftrue on line 202 was incomplete)
(\end occurred when \iftrue on line 202 was incomplete)
(\end occurred when \iftrue on line 202 was incomplete)
(\end occurred when \iftrue on line 202 was incomplete)
(\end occurred when \iftrue on line 202 was incomplete)
(\end occurred when \iftrue on line 202 was incomplete)
(\end occurred when \iftrue on line 179 was incomplete)
(\end occurred when \iftrue on line 179 was incomplete)
(\end occurred when \iftrue on line 179 was incomplete)
(\end occurred when \iftrue on line 179 was incomplete)
(\end occurred when \iftrue on line 179 was incomplete)
(\end occurred when \iftrue on line 179 was incomplete) 
Here is how much of TeX's memory you used:
 7501 strings out of 494779
 104183 string characters out of 6179263
 238255 words of memory out of 5000000
 10505 multiletter control sequences out of 15000+600000
 12916 words of font info for 47 fonts, out of 8000000 for 9000
 346 hyphenation exceptions out of 8191
 34i,16n,32p,1117b,491s stack positions out of 5000i,500n,10000p,200000b,80000s
pdfTeX warning (dest): n
ame{cite.CPT} has been referenced but does not exist, replaced by a fixed one

</usr/share/texlive/texmf-dist/fonts/type1/public/amsfonts/cm/cmbx10.pfb></usr/
share/texlive/texmf-dist/fonts/type1/public/amsfonts/cm/cmex10.pfb></usr/share/
texlive/texmf-dist/fonts/type1/public/amsfonts/cm/cmmi10.pfb></usr/share/texliv
e/texmf-dist/fonts/type1/public/amsfonts/cm/cmmi5.pfb></usr/share/texlive/texmf
-dist/fonts/type1/public/amsfonts/cm/cmmi7.pfb></usr/share/texlive/texmf-dist/f
onts/type1/public/amsfonts/cm/cmr10.pfb></usr/share/texlive/texmf-dist/fonts/ty
pe1/public/amsfonts/cm/cmr5.pfb></usr/share/texlive/texmf-dist/fonts/type1/publ
ic/amsfonts/cm/cmr7.pfb></usr/share/texlive/texmf-dist/fonts/type1/public/amsfo
nts/cm/cmsy10.pfb></usr/share/texlive/texmf-dist/fonts/type1/public/amsfonts/cm
/cmsy5.pfb></usr/share/texlive/texmf-dist/fonts/type1/public/amsfonts/cm/cmsy7.
pfb></usr/share/texlive/texmf-dist/fonts/type1/public/amsfonts/cm/cmti10.pfb></
usr/share/texlive/texmf-dist/fonts/type1/public/amsfonts/symbols/msam10.pfb></u
sr/share/texlive/texmf-dist/fonts/type1/public/amsfonts/symbols/msbm10.pfb>
Output written on source_extraction/results/1508.02701.pdf (12 pages, 156994 by
tes).
PDF statistics:
 185 PDF objects out of 1000 (max. 8388607)
 99 compressed objects within 1 object stream
 21 named destinations out of 1000 (max. 500000)
 1 words of extra memory for PDF output out of 10000 (max. 10000000)

