This is pdfTeX, Version 3.14159265-2.6-1.40.16 (TeX Live 2015/Debian) (preloaded format=pdflatex 2017.8.22)  14 OCT 2018 21:52
entering extended mode
 restricted \write18 enabled.
 %&-line parsing enabled.
**source_extraction/results/1601.00170.tex
(./source_extraction/results/1601.00170.tex
LaTeX2e <2016/02/01>
Babel <3.9q> and hyphenation patterns for 1 language(s) loaded.
(/usr/share/texlive/texmf-dist/tex/latex/base/article.cls
Document Class: article 2014/09/29 v1.4h Standard LaTeX document class
(/usr/share/texlive/texmf-dist/tex/latex/base/size10.clo
File: size10.clo 2014/09/29 v1.4h Standard LaTeX file (size option)
)
\c@part=\count79
\c@section=\count80
\c@subsection=\count81
\c@subsubsection=\count82
\c@paragraph=\count83
\c@subparagraph=\count84
\c@figure=\count85
\c@table=\count86
\abovecaptionskip=\skip41
\belowcaptionskip=\skip42
\bibindent=\dimen102
)
(/usr/share/texlive/texmf-dist/tex/latex/base/latexsym.sty
Package: latexsym 1998/08/17 v2.2e Standard LaTeX package (lasy symbols)
\symlasy=\mathgroup4
LaTeX Font Info:    Overwriting symbol font `lasy' in version `bold'
(Font)                  U/lasy/m/n --> U/lasy/b/n on input line 52.
)
(/usr/share/texlive/texmf-dist/tex/latex/amsfonts/amsfonts.sty
Package: amsfonts 2013/01/14 v3.01 Basic AMSFonts support
\@emptytoks=\toks14
\symAMSa=\mathgroup5
\symAMSb=\mathgroup6
LaTeX Font Info:    Overwriting math alphabet `\mathfrak' in version `bold'
(Font)                  U/euf/m/n --> U/euf/b/n on input line 106.
)
(/usr/share/texlive/texmf-dist/tex/latex/amscls/amsthm.sty
Package: amsthm 2015/03/04 v2.20.2
\thm@style=\toks15
\thm@bodyfont=\toks16
\thm@headfont=\toks17
\thm@notefont=\toks18
\thm@headpunct=\toks19
\thm@preskip=\skip43
\thm@postskip=\skip44
\thm@headsep=\skip45
\dth@everypar=\toks20
)
(/usr/share/texlive/texmf-dist/tex/latex/amsmath/amsmath.sty
Package: amsmath 2016/03/03 v2.15a AMS math features
\@mathmargin=\skip46

For additional information on amsmath, use the `?' option.
(/usr/share/texlive/texmf-dist/tex/latex/amsmath/amstext.sty
Package: amstext 2000/06/29 v2.01 AMS text

(/usr/share/texlive/texmf-dist/tex/latex/amsmath/amsgen.sty
File: amsgen.sty 1999/11/30 v2.0 generic functions
\@emptytoks=\toks21
\ex@=\dimen103
))
(/usr/share/texlive/texmf-dist/tex/latex/amsmath/amsbsy.sty
Package: amsbsy 1999/11/29 v1.2d Bold Symbols
\pmbraise@=\dimen104
)
(/usr/share/texlive/texmf-dist/tex/latex/amsmath/amsopn.sty
Package: amsopn 1999/12/14 v2.01 operator names
)
\inf@bad=\count87
LaTeX Info: Redefining \frac on input line 199.
\uproot@=\count88
\leftroot@=\count89
LaTeX Info: Redefining \overline on input line 297.
\classnum@=\count90
\DOTSCASE@=\count91
LaTeX Info: Redefining \ldots on input line 394.
LaTeX Info: Redefining \dots on input line 397.
LaTeX Info: Redefining \cdots on input line 518.
\Mathstrutbox@=\box26
\strutbox@=\box27
\big@size=\dimen105
LaTeX Font Info:    Redeclaring font encoding OML on input line 630.
LaTeX Font Info:    Redeclaring font encoding OMS on input line 631.
\macc@depth=\count92
\c@MaxMatrixCols=\count93
\dotsspace@=\muskip10
\c@parentequation=\count94
\dspbrk@lvl=\count95
\tag@help=\toks22
\row@=\count96
\column@=\count97
\maxfields@=\count98
\andhelp@=\toks23
\eqnshift@=\dimen106
\alignsep@=\dimen107
\tagshift@=\dimen108
\tagwidth@=\dimen109
\totwidth@=\dimen110
\lineht@=\dimen111
\@envbody=\toks24
\multlinegap=\skip47
\multlinetaggap=\skip48
\mathdisplay@stack=\toks25
LaTeX Info: Redefining \[ on input line 2735.
LaTeX Info: Redefining \] on input line 2736.
)
(/usr/share/texlive/texmf-dist/tex/latex/amsmath/amscd.sty
Package: amscd 1999/11/29 v2.0 AMS Commutatitive Diagrams
\athelp@=\toks26
\minaw@=\dimen112
\bigaw@=\dimen113
\minCDarrowwidth=\dimen114
)
(/usr/share/texlive/texmf-dist/tex/latex/amsfonts/amssymb.sty
Package: amssymb 2013/01/14 v3.01 AMS font symbols
)
(/usr/share/texlive/texmf-dist/tex/latex/graphics/graphicx.sty
Package: graphicx 2014/10/28 v1.0g Enhanced LaTeX Graphics (DPC,SPQR)

(/usr/share/texlive/texmf-dist/tex/latex/graphics/keyval.sty
Package: keyval 2014/10/28 v1.15 key=value parser (DPC)
\KV@toks@=\toks27
)
(/usr/share/texlive/texmf-dist/tex/latex/graphics/graphics.sty
Package: graphics 2016/01/03 v1.0q Standard LaTeX Graphics (DPC,SPQR)

(/usr/share/texlive/texmf-dist/tex/latex/graphics/trig.sty
Package: trig 2016/01/03 v1.10 sin cos tan (DPC)
)
(/usr/share/texlive/texmf-dist/tex/latex/latexconfig/graphics.cfg
File: graphics.cfg 2010/04/23 v1.9 graphics configuration of TeX Live
)
Package graphics Info: Driver file: dvips.def on input line 95.

(/usr/share/texlive/texmf-dist/tex/latex/graphics/dvips.def
File: dvips.def 2015/12/30 v3.0k Driver-dependent file (DPC,SPQR)
))
\Gin@req@height=\dimen115
\Gin@req@width=\dimen116
) (./extract.sty
(/usr/share/texlive/texmf-dist/tex/latex/environ/environ.sty
Package: environ 2014/05/04 v0.3 A new way to define environments

(/usr/share/texlive/texmf-dist/tex/latex/trimspaces/trimspaces.sty
Package: trimspaces 2009/09/17 v1.1 Trim spaces around a token list
))
(/usr/share/texlive/texmf-dist/tex/latex/etextools/etextools.sty
Package: etextools 2010/12/07 v3.1415926 e-TeX more useful tools for LaTeX pack
age writers

(/usr/share/texlive/texmf-dist/tex/latex/etex-pkg/etex.sty
Package: etex 2016/01/11 v2.6 eTeX basic definition package (PEB,DPC)
\et@xins=\count99
)
(/usr/share/texlive/texmf-dist/tex/latex/etoolbox/etoolbox.sty
Package: etoolbox 2015/08/02 v2.2a e-TeX tools for LaTeX (JAW)
\etb@tempcnta=\count100
)
(/usr/share/texlive/texmf-dist/tex/latex/oberdiek/letltxmacro.sty
Package: letltxmacro 2010/09/02 v1.4 Let assignment for LaTeX macros (HO)
)
\ettl@fter=\count101
\ettl@for@nested=\count277
)
(/usr/share/texmf/tex/latex/preview/preview.sty
Package: preview 2010/02/14 11.88 (AUCTeX/preview-latex)

(/usr/share/texmf/tex/latex/preview/prtightpage.def
\PreviewBorder=\dimen117
)
\pr@snippet=\count102
\pr@box=\box28
\pr@output=\toks28
)
\c@propcounter=\count103
\mybox=\box29
)
\c@lemma=\count104

(source_extraction/results/1601.00170.aux)
\openout1 = `1601.00170.aux'.

LaTeX Font Info:    Checking defaults for OML/cmm/m/it on input line 66.
LaTeX Font Info:    ... okay on input line 66.
LaTeX Font Info:    Checking defaults for T1/cmr/m/n on input line 66.
LaTeX Font Info:    ... okay on input line 66.
LaTeX Font Info:    Checking defaults for OT1/cmr/m/n on input line 66.
LaTeX Font Info:    ... okay on input line 66.
LaTeX Font Info:    Checking defaults for OMS/cmsy/m/n on input line 66.
LaTeX Font Info:    ... okay on input line 66.
LaTeX Font Info:    Checking defaults for OMX/cmex/m/n on input line 66.
LaTeX Font Info:    ... okay on input line 66.
LaTeX Font Info:    Checking defaults for U/cmr/m/n on input line 66.
LaTeX Font Info:    ... okay on input line 66.

(/usr/share/texlive/texmf-dist/tex/generic/oberdiek/pdftexcmds.sty
Package: pdftexcmds 2011/11/29 v0.20 Utility functions of pdfTeX for LuaTeX (HO
)

(/usr/share/texlive/texmf-dist/tex/generic/oberdiek/infwarerr.sty
Package: infwarerr 2010/04/08 v1.3 Providing info/warning/error messages (HO)
)
(/usr/share/texlive/texmf-dist/tex/generic/oberdiek/ifluatex.sty
Package: ifluatex 2010/03/01 v1.3 Provides the ifluatex switch (HO)
Package ifluatex Info: LuaTeX not detected.
)
(/usr/share/texlive/texmf-dist/tex/generic/oberdiek/ltxcmds.sty
Package: ltxcmds 2011/11/09 v1.22 LaTeX kernel commands for general use (HO)
)
(/usr/share/texlive/texmf-dist/tex/generic/oberdiek/ifpdf.sty
Package: ifpdf 2011/01/30 v2.3 Provides the ifpdf switch (HO)
Package ifpdf Info: pdfTeX in PDF mode is detected.
)
Package pdftexcmds Info: LuaTeX not detected.
Package pdftexcmds Info: \pdf@primitive is available.
Package pdftexcmds Info: \pdf@ifprimitive is available.
Package pdftexcmds Info: \pdfdraftmode found.
)
(/usr/share/texlive/texmf-dist/tex/latex/oberdiek/epstopdf-base.sty
Package: epstopdf-base 2010/02/09 v2.5 Base part for package epstopdf

(/usr/share/texlive/texmf-dist/tex/latex/oberdiek/grfext.sty
Package: grfext 2010/08/19 v1.1 Manage graphics extensions (HO)

(/usr/share/texlive/texmf-dist/tex/generic/oberdiek/kvdefinekeys.sty
Package: kvdefinekeys 2011/04/07 v1.3 Define keys (HO)
))
(/usr/share/texlive/texmf-dist/tex/latex/oberdiek/kvoptions.sty
Package: kvoptions 2011/06/30 v3.11 Key value format for package options (HO)

(/usr/share/texlive/texmf-dist/tex/generic/oberdiek/kvsetkeys.sty
Package: kvsetkeys 2012/04/25 v1.16 Key value parser (HO)

(/usr/share/texlive/texmf-dist/tex/generic/oberdiek/etexcmds.sty
Package: etexcmds 2011/02/16 v1.5 Avoid name clashes with e-TeX commands (HO)
Package etexcmds Info: Could not find \expanded.
(etexcmds)             That can mean that you are not using pdfTeX 1.50 or
(etexcmds)             that some package has redefined \expanded.
(etexcmds)             In the latter case, load this package earlier.
)))

Package epstopdf Warning: Drivers other than `pdftex.def' are not supported.

)
Preview: Fontsize 10pt
Preview: PDFoutput 1
\extractedfile=\write3
\openout3 = `propositions.txt'.

LaTeX Font Info:    Try loading font information for U+lasy on input line 72.
(/usr/share/texlive/texmf-dist/tex/latex/base/ulasy.fd
File: ulasy.fd 1998/08/17 v2.2e LaTeX symbol font definitions
)
LaTeX Font Info:    Try loading font information for U+msa on input line 72.

(/usr/share/texlive/texmf-dist/tex/latex/amsfonts/umsa.fd
File: umsa.fd 2013/01/14 v3.01 AMS symbols A
)
LaTeX Font Info:    Try loading font information for U+msb on input line 72.

(/usr/share/texlive/texmf-dist/tex/latex/amsfonts/umsb.fd
File: umsb.fd 2013/01/14 v3.01 AMS symbols B
)
Preview: Tightpage -32891 -32891 32891 32891
[1{/var/lib/texmf/fonts/map/pdftex/updmap/pdftex.map}]
Overfull \hbox (15.0pt too wide) in paragraph at lines 139--139
[][] 
 []


Overfull \hbox (5.95163pt too wide) in paragraph at lines 233--236
\OT1/cmr/m/n/10 spaces carries a natural \OT1/cmr/bx/n/10 tensor product diffeo
logy \OT1/cmr/m/n/10 (see [[]] and [[]]), which is defined as the pushforward,
 []

[2]
Overfull \hbox (15.0pt too wide) in paragraph at lines 379--379
[][] 
 []

[3]
Overfull \hbox (15.0pt too wide) in paragraph at lines 404--404
[][] 
 []


LaTeX Warning: Reference `natural:inductions:sect' on page 11 undefined on inpu
t line 465.

[4]
Overfull \hbox (15.0pt too wide) in paragraph at lines 473--473
[][] 
 []


Overfull \hbox (47.22327pt too wide) detected at line 533
\OML/cmm/m/it/10 q\OT1/cmr/m/n/10 (\OML/cmm/m/it/10 u\OT1/cmr/m/n/10 ) = []   [
]  \OML/cmm/m/it/10 q[]\OT1/cmr/m/n/10 (\OML/cmm/m/it/10 u\OT1/cmr/m/n/10 ) = [
] ;
 []

[5]
Overfull \hbox (15.0pt too wide) in paragraph at lines 564--564
[][] 
 []

[6]
Overfull \hbox (15.0pt too wide) in paragraph at lines 600--600
[][] 
 []

[7]
Overfull \hbox (15.0pt too wide) in paragraph at lines 632--632
[][] 
 []

[8]
Overfull \hbox (15.0pt too wide) in paragraph at lines 656--656
[][] 
 []

[9]
Overfull \hbox (15.0pt too wide) in paragraph at lines 675--675
[][] 
 []

[10]
Overfull \hbox (15.0pt too wide) in paragraph at lines 705--705
[][] 
 []

[11]
Overfull \hbox (15.0pt too wide) in paragraph at lines 737--737
[][] 
 []


Overfull \hbox (11.42343pt too wide) in paragraph at lines 743--747
\OT1/cmr/m/n/10 The following somewhat technical construction is frequently use
d when dealing with the gluing of diffeological
 []

[12]
Overfull \hbox (15.0pt too wide) in paragraph at lines 761--761
[][] 
 []

[13]
Overfull \hbox (15.0pt too wide) in paragraph at lines 802--802
[][] 
 []

[14]
Overfull \hbox (15.0pt too wide) in paragraph at lines 826--826
[][] 
 []

[15]
Overfull \hbox (15.0pt too wide) in paragraph at lines 865--865
[][] 
 []

[16]
Overfull \hbox (15.0pt too wide) in paragraph at lines 885--885
[][] 
 []

[17]
Overfull \hbox (15.0pt too wide) in paragraph at lines 895--895
[][] 
 []

[18]
Overfull \hbox (15.0pt too wide) in paragraph at lines 929--929
[][] 
 []

[19]
Overfull \hbox (15.0pt too wide) in paragraph at lines 946--946
[][] 
 []

[20]
Overfull \hbox (15.0pt too wide) in paragraph at lines 966--966
[][] 
 []

[21]
Overfull \hbox (15.0pt too wide) in paragraph at lines 985--985
[][] 
 []

[22]
Overfull \hbox (15.0pt too wide) in paragraph at lines 995--995
[][] 
 []

[23]
Overfull \hbox (15.0pt too wide) in paragraph at lines 999--999
[][] 
 []


LaTeX Warning: Reference `f-g:compatibility:sect' on page 23 undefined on input
 line 1041.


LaTeX Warning: Reference `f-g:gluing:of:maps:sect' on page 23 undefined on inpu
t line 1042.

[24]
Overfull \hbox (15.0pt too wide) in paragraph at lines 1047--1047
[][] 
 []

[25]
Overfull \hbox (15.0pt too wide) in paragraph at lines 1076--1076
[][] 
 []

[26]
Overfull \hbox (15.0pt too wide) in paragraph at lines 1082--1082
[][] 
 []

[27]
Overfull \hbox (15.0pt too wide) in paragraph at lines 1119--1119
[][] 
 []

[28]
Overfull \hbox (15.0pt too wide) in paragraph at lines 1160--1160
[][] 
 []


Overfull \hbox (23.16287pt too wide) in paragraph at lines 1189--1189
[]\OT1/cmr/m/n/10 Suppose first that $\OML/cmm/m/it/10 p$ \OT1/cmr/m/n/10 lifts
 to a plot $\OML/cmm/m/it/10 p[]$ \OT1/cmr/m/n/10 (the second case); consider t
he evaluation $(\OML/cmm/m/it/10 u; u[]\OT1/cmr/m/n/10 ) \OMS/cmsy/m/n/10 7! []
\OT1/cmr/m/n/10 (\OML/cmm/m/it/10 p\OT1/cmr/m/n/10 (\OML/cmm/m/it/10 u\OT1/cmr/
m/n/10 ))(\OML/cmm/m/it/10 q\OT1/cmr/m/n/10 (\OML/cmm/m/it/10 u[]\OT1/cmr/m/n/1
0 )\OML/cmm/m/it/10 ; s\OT1/cmr/m/n/10 (\OML/cmm/m/it/10 u[]\OT1/cmr/m/n/10 ))$
.
 []

[29]
Overfull \hbox (15.0pt too wide) in paragraph at lines 1203--1203
[][] 
 []


Overfull \hbox (26.05165pt too wide) in paragraph at lines 1211--1211
[]\OT1/cmr/m/n/10 Let us compare the two maps pointwise, denoting the commutati
ve version by $[]$ and the noncommutative
 []

[30]
Overfull \hbox (15.0pt too wide) in paragraph at lines 1261--1261
[][] 
 []

[31]
Overfull \hbox (15.0pt too wide) in paragraph at lines 1289--1289
[][] 
 []

[32]
Overfull \hbox (15.0pt too wide) in paragraph at lines 1347--1347
[][] 
 []

[33]
Overfull \hbox (15.0pt too wide) in paragraph at lines 1357--1357
[][] 
 []

[34]
Overfull \hbox (15.0pt too wide) in paragraph at lines 1364--1364
[][] 
 []

[35]
Overfull \hbox (15.0pt too wide) in paragraph at lines 1379--1379
[][] 
 []


Underfull \hbox (badness 1701) in paragraph at lines 1409--1410
[]\OT1/cmr/m/sc/10 J.C. V[]arilly\OT1/cmr/m/n/10 , \OT1/cmr/m/it/10 An introduc
tion to noncommutative geometry\OT1/cmr/m/n/10 , EMS Series of Lectures in
 []


Underfull \hbox (badness 10000) in paragraph at lines 1418--1424

 []


Underfull \hbox (badness 10000) in paragraph at lines 1418--1424

 []

(source_extraction/results/1601.00170.aux)

LaTeX Warning: There were undefined references.

 ) 
Here is how much of TeX's memory you used:
 3159 strings out of 494779
 41222 string characters out of 6179263
 140329 words of memory out of 5000000
 6359 multiletter control sequences out of 15000+600000
 16573 words of font info for 66 fonts, out of 8000000 for 9000
 184 hyphenation exceptions out of 8191
 38i,13n,27p,901b,272s stack positions out of 5000i,500n,10000p,200000b,80000s
</usr/share/texlive/texmf-dist/fonts/type1/public/amsfonts/cm/cmbx10.pfb></us
r/share/texlive/texmf-dist/fonts/type1/public/amsfonts/cm/cmbxti10.pfb></usr/sh
are/texlive/texmf-dist/fonts/type1/public/amsfonts/cm/cmex10.pfb></usr/share/te
xlive/texmf-dist/fonts/type1/public/amsfonts/cm/cmmi10.pfb></usr/share/texlive/
texmf-dist/fonts/type1/public/amsfonts/cm/cmmi5.pfb></usr/share/texlive/texmf-d
ist/fonts/type1/public/amsfonts/cm/cmmi7.pfb></usr/share/texlive/texmf-dist/fon
ts/type1/public/amsfonts/cm/cmr10.pfb></usr/share/texlive/texmf-dist/fonts/type
1/public/amsfonts/cm/cmr5.pfb></usr/share/texlive/texmf-dist/fonts/type1/public
/amsfonts/cm/cmr7.pfb></usr/share/texlive/texmf-dist/fonts/type1/public/amsfont
s/cm/cmsy10.pfb></usr/share/texlive/texmf-dist/fonts/type1/public/amsfonts/cm/c
msy5.pfb></usr/share/texlive/texmf-dist/fonts/type1/public/amsfonts/cm/cmsy7.pf
b></usr/share/texlive/texmf-dist/fonts/type1/public/amsfonts/cm/cmti10.pfb></us
r/share/texlive/texmf-dist/fonts/type1/public/amsfonts/symbols/msam10.pfb></usr
/share/texlive/texmf-dist/fonts/type1/public/amsfonts/symbols/msbm10.pfb></usr/
share/texlive/texmf-dist/fonts/type1/public/amsfonts/symbols/msbm7.pfb>
Output written on source_extraction/results/1601.00170.pdf (35 pages, 187752 by
tes).
PDF statistics:
 181 PDF objects out of 1000 (max. 8388607)
 126 compressed objects within 2 object streams
 0 named destinations out of 1000 (max. 500000)
 1 words of extra memory for PDF output out of 10000 (max. 10000000)

