This is pdfTeX, Version 3.14159265-2.6-1.40.16 (TeX Live 2015/Debian) (preloaded format=pdflatex 2017.8.22)  14 OCT 2018 21:52
entering extended mode
 restricted \write18 enabled.
 %&-line parsing enabled.
**source_extraction/results/1603.01867.tex
(./source_extraction/results/1603.01867.tex
LaTeX2e <2016/02/01>
Babel <3.9q> and hyphenation patterns for 1 language(s) loaded.
(/usr/share/texlive/texmf-dist/tex/latex/amscls/amsart.cls
Document Class: amsart 2015/03/04 v2.20.2
\linespacing=\dimen102
\normalparindent=\dimen103
\normaltopskip=\skip41
(/usr/share/texlive/texmf-dist/tex/latex/amsmath/amsmath.sty
Package: amsmath 2016/03/03 v2.15a AMS math features
\@mathmargin=\skip42

For additional information on amsmath, use the `?' option.
(/usr/share/texlive/texmf-dist/tex/latex/amsmath/amstext.sty
Package: amstext 2000/06/29 v2.01 AMS text

(/usr/share/texlive/texmf-dist/tex/latex/amsmath/amsgen.sty
File: amsgen.sty 1999/11/30 v2.0 generic functions
\@emptytoks=\toks14
\ex@=\dimen104
))
(/usr/share/texlive/texmf-dist/tex/latex/amsmath/amsbsy.sty
Package: amsbsy 1999/11/29 v1.2d Bold Symbols
\pmbraise@=\dimen105
)
(/usr/share/texlive/texmf-dist/tex/latex/amsmath/amsopn.sty
Package: amsopn 1999/12/14 v2.01 operator names
)
\inf@bad=\count79
LaTeX Info: Redefining \frac on input line 199.
\uproot@=\count80
\leftroot@=\count81
LaTeX Info: Redefining \overline on input line 297.
\classnum@=\count82
\DOTSCASE@=\count83
LaTeX Info: Redefining \ldots on input line 394.
LaTeX Info: Redefining \dots on input line 397.
LaTeX Info: Redefining \cdots on input line 518.
\Mathstrutbox@=\box26
\strutbox@=\box27
\big@size=\dimen106
LaTeX Font Info:    Redeclaring font encoding OML on input line 630.
LaTeX Font Info:    Redeclaring font encoding OMS on input line 631.
\macc@depth=\count84
\c@MaxMatrixCols=\count85
\dotsspace@=\muskip10
\c@parentequation=\count86
\dspbrk@lvl=\count87
\tag@help=\toks15
\row@=\count88
\column@=\count89
\maxfields@=\count90
\andhelp@=\toks16
\eqnshift@=\dimen107
\alignsep@=\dimen108
\tagshift@=\dimen109
\tagwidth@=\dimen110
\totwidth@=\dimen111
\lineht@=\dimen112
\@envbody=\toks17
\multlinegap=\skip43
\multlinetaggap=\skip44
\mathdisplay@stack=\toks18
LaTeX Info: Redefining \[ on input line 2735.
LaTeX Info: Redefining \] on input line 2736.
)
LaTeX Font Info:    Try loading font information for U+msa on input line 388.

(/usr/share/texlive/texmf-dist/tex/latex/amsfonts/umsa.fd
File: umsa.fd 2013/01/14 v3.01 AMS symbols A
)
(/usr/share/texlive/texmf-dist/tex/latex/amsfonts/amsfonts.sty
Package: amsfonts 2013/01/14 v3.01 Basic AMSFonts support
\symAMSa=\mathgroup4
\symAMSb=\mathgroup5
LaTeX Font Info:    Overwriting math alphabet `\mathfrak' in version `bold'
(Font)                  U/euf/m/n --> U/euf/b/n on input line 106.
)
\copyins=\insert199
\abstractbox=\box28
\listisep=\skip45
\c@part=\count91
\c@section=\count92
\c@subsection=\count93
\c@subsubsection=\count94
\c@paragraph=\count95
\c@subparagraph=\count96
\c@figure=\count97
\c@table=\count98
\abovecaptionskip=\skip46
\belowcaptionskip=\skip47
\captionindent=\dimen113
\thm@style=\toks19
\thm@bodyfont=\toks20
\thm@headfont=\toks21
\thm@notefont=\toks22
\thm@headpunct=\toks23
\thm@preskip=\skip48
\thm@postskip=\skip49
\thm@headsep=\skip50
\dth@everypar=\toks24
)
(/usr/share/texlive/texmf-dist/tex/latex/amsfonts/amssymb.sty
Package: amssymb 2013/01/14 v3.01 AMS font symbols
)
(/usr/share/texlive/texmf-dist/tex/latex/graphics/graphics.sty
Package: graphics 2016/01/03 v1.0q Standard LaTeX Graphics (DPC,SPQR)

(/usr/share/texlive/texmf-dist/tex/latex/graphics/trig.sty
Package: trig 2016/01/03 v1.10 sin cos tan (DPC)
)
(/usr/share/texlive/texmf-dist/tex/latex/latexconfig/graphics.cfg
File: graphics.cfg 2010/04/23 v1.9 graphics configuration of TeX Live
)
Package graphics Info: Driver file: pdftex.def on input line 95.

(/usr/share/texlive/texmf-dist/tex/latex/pdftex-def/pdftex.def
File: pdftex.def 2011/05/27 v0.06d Graphics/color for pdfTeX

(/usr/share/texlive/texmf-dist/tex/generic/oberdiek/infwarerr.sty
Package: infwarerr 2010/04/08 v1.3 Providing info/warning/error messages (HO)
)
(/usr/share/texlive/texmf-dist/tex/generic/oberdiek/ltxcmds.sty
Package: ltxcmds 2011/11/09 v1.22 LaTeX kernel commands for general use (HO)
)
\Gread@gobject=\count99
))
(/usr/share/texlive/texmf-dist/tex/latex/graphics/color.sty
Package: color 2016/01/03 v1.1b Standard LaTeX Color (DPC)

(/usr/share/texlive/texmf-dist/tex/latex/latexconfig/color.cfg
File: color.cfg 2007/01/18 v1.5 color configuration of teTeX/TeXLive
)
Package color Info: Driver file: pdftex.def on input line 143.
) (./extract.sty (/usr/share/texlive/texmf-dist/tex/latex/environ/environ.sty
Package: environ 2014/05/04 v0.3 A new way to define environments

(/usr/share/texlive/texmf-dist/tex/latex/trimspaces/trimspaces.sty
Package: trimspaces 2009/09/17 v1.1 Trim spaces around a token list
))
(/usr/share/texlive/texmf-dist/tex/latex/etextools/etextools.sty
Package: etextools 2010/12/07 v3.1415926 e-TeX more useful tools for LaTeX pack
age writers

(/usr/share/texlive/texmf-dist/tex/latex/etex-pkg/etex.sty
Package: etex 2016/01/11 v2.6 eTeX basic definition package (PEB,DPC)
\et@xins=\count100
)
(/usr/share/texlive/texmf-dist/tex/latex/etoolbox/etoolbox.sty
Package: etoolbox 2015/08/02 v2.2a e-TeX tools for LaTeX (JAW)
\etb@tempcnta=\count101
)
(/usr/share/texlive/texmf-dist/tex/latex/oberdiek/letltxmacro.sty
Package: letltxmacro 2010/09/02 v1.4 Let assignment for LaTeX macros (HO)
)
\ettl@fter=\count102
\ettl@for@nested=\count277
)
(/usr/share/texmf/tex/latex/preview/preview.sty
Package: preview 2010/02/14 11.88 (AUCTeX/preview-latex)

(/usr/share/texmf/tex/latex/preview/prtightpage.def
\PreviewBorder=\dimen114
)
\pr@snippet=\count103
\pr@box=\box29
\pr@output=\toks25
)
\c@propcounter=\count104
\mybox=\box30
)
\c@clai=\count105
\c@subc=\count106
\c@theo=\count107
\c@mtheo=\count108


LaTeX Warning: Unused global option(s):
    [amsmath,amsthm,amssymb,amscd].

(source_extraction/results/1603.01867.aux)
\openout1 = `1603.01867.aux'.

LaTeX Font Info:    Checking defaults for OML/cmm/m/it on input line 161.
LaTeX Font Info:    ... okay on input line 161.
LaTeX Font Info:    Checking defaults for T1/cmr/m/n on input line 161.
LaTeX Font Info:    ... okay on input line 161.
LaTeX Font Info:    Checking defaults for OT1/cmr/m/n on input line 161.
LaTeX Font Info:    ... okay on input line 161.
LaTeX Font Info:    Checking defaults for OMS/cmsy/m/n on input line 161.
LaTeX Font Info:    ... okay on input line 161.
LaTeX Font Info:    Checking defaults for OMX/cmex/m/n on input line 161.
LaTeX Font Info:    ... okay on input line 161.
LaTeX Font Info:    Checking defaults for U/cmr/m/n on input line 161.
LaTeX Font Info:    ... okay on input line 161.
LaTeX Font Info:    Try loading font information for U+msa on input line 161.

(/usr/share/texlive/texmf-dist/tex/latex/amsfonts/umsa.fd
File: umsa.fd 2013/01/14 v3.01 AMS symbols A
)
LaTeX Font Info:    Try loading font information for U+msb on input line 161.

(/usr/share/texlive/texmf-dist/tex/latex/amsfonts/umsb.fd
File: umsb.fd 2013/01/14 v3.01 AMS symbols B
)
(/usr/share/texlive/texmf-dist/tex/context/base/supp-pdf.mkii
[Loading MPS to PDF converter (version 2006.09.02).]
\scratchcounter=\count109
\scratchdimen=\dimen115
\scratchbox=\box31
\nofMPsegments=\count110
\nofMParguments=\count111
\everyMPshowfont=\toks26
\MPscratchCnt=\count112
\MPscratchDim=\dimen116
\MPnumerator=\count113
\makeMPintoPDFobject=\count114
\everyMPtoPDFconversion=\toks27
) (/usr/share/texlive/texmf-dist/tex/generic/oberdiek/pdftexcmds.sty
Package: pdftexcmds 2011/11/29 v0.20 Utility functions of pdfTeX for LuaTeX (HO
)

(/usr/share/texlive/texmf-dist/tex/generic/oberdiek/ifluatex.sty
Package: ifluatex 2010/03/01 v1.3 Provides the ifluatex switch (HO)
Package ifluatex Info: LuaTeX not detected.
)
(/usr/share/texlive/texmf-dist/tex/generic/oberdiek/ifpdf.sty
Package: ifpdf 2011/01/30 v2.3 Provides the ifpdf switch (HO)
Package ifpdf Info: pdfTeX in PDF mode is detected.
)
Package pdftexcmds Info: LuaTeX not detected.
Package pdftexcmds Info: \pdf@primitive is available.
Package pdftexcmds Info: \pdf@ifprimitive is available.
Package pdftexcmds Info: \pdfdraftmode found.
)
(/usr/share/texlive/texmf-dist/tex/latex/oberdiek/epstopdf-base.sty
Package: epstopdf-base 2010/02/09 v2.5 Base part for package epstopdf

(/usr/share/texlive/texmf-dist/tex/latex/oberdiek/grfext.sty
Package: grfext 2010/08/19 v1.1 Manage graphics extensions (HO)

(/usr/share/texlive/texmf-dist/tex/generic/oberdiek/kvdefinekeys.sty
Package: kvdefinekeys 2011/04/07 v1.3 Define keys (HO)
))
(/usr/share/texlive/texmf-dist/tex/latex/oberdiek/kvoptions.sty
Package: kvoptions 2011/06/30 v3.11 Key value format for package options (HO)

(/usr/share/texlive/texmf-dist/tex/latex/graphics/keyval.sty
Package: keyval 2014/10/28 v1.15 key=value parser (DPC)
\KV@toks@=\toks28
)
(/usr/share/texlive/texmf-dist/tex/generic/oberdiek/kvsetkeys.sty
Package: kvsetkeys 2012/04/25 v1.16 Key value parser (HO)

(/usr/share/texlive/texmf-dist/tex/generic/oberdiek/etexcmds.sty
Package: etexcmds 2011/02/16 v1.5 Avoid name clashes with e-TeX commands (HO)
Package etexcmds Info: Could not find \expanded.
(etexcmds)             That can mean that you are not using pdfTeX 1.50 or
(etexcmds)             that some package has redefined \expanded.
(etexcmds)             In the latter case, load this package earlier.
)))
Package grfext Info: Graphics extension search list:
(grfext)             [.png,.pdf,.jpg,.mps,.jpeg,.jbig2,.jb2,.PNG,.PDF,.JPG,.JPE
G,.JBIG2,.JB2,.eps]
(grfext)             \AppendGraphicsExtensions on input line 452.

(/usr/share/texlive/texmf-dist/tex/latex/latexconfig/epstopdf-sys.cfg
File: epstopdf-sys.cfg 2010/07/13 v1.3 Configuration of (r)epstopdf for TeX Liv
e
))
Preview: Fontsize 10.95pt
Preview: PDFoutput 1
\extractedfile=\write3
\openout3 = `propositions.txt'.

(source_extraction/results/1603.01867.toc)
\tf@toc=\write4
\openout4 = `1603.01867.toc'.


Preview: Tightpage -32891 -32891 32891 32891
[1{/var/lib/texmf/fonts/map/pdftex/updmap/pdftex.map}]

LaTeX Warning: Reference `newvara' on page 2 undefined on input line 258.


LaTeX Warning: Reference `sim1aqa' on page 2 undefined on input line 258.


LaTeX Warning: Reference `=simag' on page 2 undefined on input line 272.

[2]
Underfull \hbox (badness 10000) in paragraph at lines 270--280
\OT1/cmr/m/n/10.95 for any $\OML/cmm/m/it/10.95 ^^X[]; ^^X[] \OMS/cmsy/m/n/10.9
5 2 \U/msb/m/n/10.95 C\OML/cmm/m/it/10.95 :$ \OT1/cmr/m/n/10.95 Then $\OML/cmm/
m/it/10.95 V \OMS/cmsy/m/n/10.95 6\OT1/cmr/m/n/10.95 = \OMS/cmsy/m/n/10.95 ;$ \
OT1/cmr/m/n/10.95 by assumption []. The
 []


Underfull \hbox (badness 10000) in paragraph at lines 270--280
\OT1/cmr/m/n/10.95 main result used in the proof of Theorem 1.1  is the followi
ng.
 []


LaTeX Warning: Reference `Acon111' on page 2 undefined on input line 282.

[3]

LaTeX Warning: Reference `CSweaua' on page 3 undefined on input line 335.

[4]
Overfull \hbox (193.98756pt too wide) in paragraph at lines 303--335
\OT1/cmr/m/n/10.95 Then we are able to obtain the following. [] 
 []


LaTeX Warning: Reference `LetNSoOP' on page 3 undefined on input line 423.

[5]
Overfull \hbox (230.59468pt too wide) in paragraph at lines 342--423
[]\OT1/cmr/m/n/10.95 This result is then used to prove the following. [] 
 []


LaTeX Warning: Reference `@such111that=2' on page 3 undefined on input line 530
.


LaTeX Warning: Reference `Acon111' on page 3 undefined on input line 530.


LaTeX Warning: Reference `C12BsM' on page 3 undefined on input line 530.


LaTeX Warning: Reference `2DDDbar1' on page 3 undefined on input line 530.


LaTeX Warning: Reference `Acon111' on page 3 undefined on input line 530.


Underfull \vbox (badness 10000) has occurred while \output is active []

 [6]
Overfull \hbox (12.0pt too wide) in paragraph at lines 530--530
[][] 
 []


Underfull \vbox (badness 10000) has occurred while \output is active []



LaTeX Warning: Reference `1-928384' on page 5 undefined on input line 782.

[7]
Underfull \vbox (badness 10000) has occurred while \output is active []

 [8]
Underfull \vbox (badness 10000) has occurred while \output is active []

 [9]
Overfull \hbox (12.0pt too wide) in paragraph at lines 836--836
[][] 
 []


Underfull \vbox (badness 4686) has occurred while \output is active []



LaTeX Warning: Reference `i-Faa' on page 8 undefined on input line 865.


LaTeX Warning: Reference `Faa' on page 8 undefined on input line 887.


LaTeX Warning: Reference `i-Faa' on page 8 undefined on input line 887.

[10]
Underfull \hbox (badness 10000) in paragraph at lines 863--887
\OT1/cmr/m/n/10.95 for $\OML/cmm/m/it/10.95 i \OMS/cmsy/m/n/10.95 ^^U \OT1/cmr/
m/n/10.95 2$, which is obtained by comparing the coefficients of $\OML/cmm/m/it
/10.95 y[]$ \OT1/cmr/m/n/10.95 in [].
 []


LaTeX Warning: Reference `i-Faa' on page 8 undefined on input line 889.


LaTeX Warning: Reference `to0000' on page 8 undefined on input line 891.


LaTeX Warning: Reference `to0000' on page 9 undefined on input line 899.


LaTeX Warning: Reference `to0000' on page 9 undefined on input line 899.


LaTeX Warning: Reference `i-Faa' on page 9 undefined on input line 899.


LaTeX Warning: Reference `mqp1234-4' on page 9 undefined on input line 933.


LaTeX Warning: Reference `mqp1234-3' on page 9 undefined on input line 933.


LaTeX Warning: Reference `mqp1234-4' on page 9 undefined on input line 933.


LaTeX Warning: Reference `mqp1234-4' on page 9 undefined on input line 934.


LaTeX Warning: Reference `wheraraaa' on page 10 undefined on input line 941.


LaTeX Warning: Reference `mqp1234-5' on page 10 undefined on input line 946.


LaTeX Warning: Reference `Fasa' on page 10 undefined on input line 946.


LaTeX Warning: Reference `Wo(999)' on page 10 undefined on input line 949.


LaTeX Warning: Reference `mqp1234-5' on page 10 undefined on input line 968.


LaTeX Warning: Reference `0-SSS1' on page 10 undefined on input line 976.


LaTeX Warning: Reference `ansnwnw' on page 10 undefined on input line 976.


LaTeX Warning: Reference `sss1==' on page 10 undefined on input line 976.


LaTeX Warning: Reference `+1-928384' on page 10 undefined on input line 976.


LaTeX Warning: Reference `Liebd----' on page 10 undefined on input line 976.

[11]

LaTeX Warning: Reference `928384' on page 10 undefined on input line 981.

[12]
Overfull \hbox (41.67084pt too wide) in paragraph at lines 983--987
\OT1/cmr/m/n/10.95 We have [] 
 []


LaTeX Warning: Reference `bob1=' on page 11 undefined on input line 988.


LaTeX Warning: Reference `bob1=' on page 11 undefined on input line 989.


LaTeX Warning: Reference `SSS1' on page 11 undefined on input line 1001.


LaTeX Warning: Reference `ansnwnw' on page 11 undefined on input line 1002.


LaTeX Warning: Reference `928384' on page 11 undefined on input line 1002.


LaTeX Warning: Reference `0-SSS1' on page 11 undefined on input line 1023.


LaTeX Warning: Reference `SSS1' on page 11 undefined on input line 1025.


LaTeX Warning: Reference `Fasa' on page 11 undefined on input line 1025.


LaTeX Warning: Reference `AlllCASE' on page 11 undefined on input line 1025.


LaTeX Warning: Reference `928384' on page 12 undefined on input line 1050.


LaTeX Warning: Reference `1-928384' on page 12 undefined on input line 1050.


LaTeX Warning: Reference `i-Faa' on page 12 undefined on input line 1051.


LaTeX Warning: Reference `y==inv' on page 12 undefined on input line 1073.


LaTeX Warning: Reference `GasFG' on page 12 undefined on input line 1073.

[13]

LaTeX Warning: Reference `y==inv' on page 12 undefined on input line 1079.


LaTeX Warning: Reference `le-firt' on page 12 undefined on input line 1079.


LaTeX Warning: Reference `le-firt' on page 12 undefined on input line 1080.


LaTeX Warning: Reference `IndF' on page 12 undefined on input line 1080.


LaTeX Warning: Reference `P000===' on page 12 undefined on input line 1083.


LaTeX Warning: Reference `IndF' on page 13 undefined on input line 1087.


LaTeX Warning: Reference `IndF' on page 13 undefined on input line 1092.


LaTeX Warning: Reference `IndF' on page 13 undefined on input line 1094.


LaTeX Warning: Reference `1-928384' on page 13 undefined on input line 1099.


LaTeX Warning: Reference `+1-928384' on page 13 undefined on input line 1099.


LaTeX Warning: Reference `AA+1-928384' on page 13 undefined on input line 1112.



LaTeX Warning: Reference `P'==' on page 13 undefined on input line 1113.


LaTeX Warning: Reference `y0===' on page 13 undefined on input line 1114.


LaTeX Warning: Reference `928384' on page 13 undefined on input line 1117.


LaTeX Warning: Reference `928384' on page 13 undefined on input line 1131.


LaTeX Warning: Reference `+1-928384' on page 13 undefined on input line 1131.


LaTeX Warning: Reference `le-firt' on page 13 undefined on input line 1131.

[14]
Underfull \vbox (badness 10000) has occurred while \output is active []



LaTeX Warning: Reference `GasFG' on page 14 undefined on input line 1135.


LaTeX Warning: Reference `++-SSS1---' on page 14 undefined on input line 1145.


LaTeX Warning: Reference `GasFG' on page 14 undefined on input line 1146.


LaTeX Warning: Reference `++-SSS1---' on page 14 undefined on input line 1146.


LaTeX Warning: Reference `LieANAbdbd1' on page 14 undefined on input line 1146.



LaTeX Warning: Reference `LieANAbdbd1' on page 14 undefined on input line 1151.



LaTeX Warning: Reference `Liebdbd1' on page 14 undefined on input line 1153.


LaTeX Warning: Reference `GasFG-set' on page 14 undefined on input line 1155.


LaTeX Warning: Reference `Liebdbd1' on page 14 undefined on input line 1155.


Underfull \vbox (badness 2134) has occurred while \output is active []



LaTeX Warning: Reference `Liebd----' on page 15 undefined on input line 1169.


LaTeX Warning: Reference `LieANAbdbd1' on page 15 undefined on input line 1169.



LaTeX Warning: Reference `y==inv' on page 15 undefined on input line 1170.


LaTeX Warning: Reference `Liebdbd1' on page 15 undefined on input line 1170.


LaTeX Warning: Reference `mqp1234-3' on page 15 undefined on input line 1188.


LaTeX Warning: Reference `mqp1234-4' on page 15 undefined on input line 1188.


LaTeX Warning: Reference `SeSSS' on page 15 undefined on input line 1199.


LaTeX Warning: Reference `(qqq)' on page 15 undefined on input line 1200.


LaTeX Warning: Reference `ClM0' on page 15 undefined on input line 1229.

[15]
Underfull \hbox (badness 10000) in paragraph at lines 1292--1297
\OT1/cmr/m/n/10.95 The local bijectivity of Keller maps says that for any $\OML
/cmm/m/it/10.95 u; v \OMS/cmsy/m/n/10.95 2 \U/msb/m/n/10.95 C$
 []


Underfull \hbox (badness 10000) in paragraph at lines 1292--1297
\OT1/cmr/m/n/10.95 (cf. Remark 4.1 ), there exist $\OML/cmm/m/it/10.95 s; t \OM
S/cmsy/m/n/10.95 2 \U/msb/m/n/10.95 C$ \OT1/cmr/m/n/10.95 such that $(\OML/cmm/
m/it/10.95 q[]; q[]\OT1/cmr/m/n/10.95 ) \OMS/cmsy/m/n/10.95 2 \OML/cmm/m/it/10.
95 V$\OT1/cmr/m/n/10.95 .
 []


LaTeX Warning: Reference `4-1' on page 16 undefined on input line 1299.


LaTeX Warning: Reference `4-2' on page 16 undefined on input line 1299.


LaTeX Warning: Reference `st=' on page 16 undefined on input line 1309.


LaTeX Warning: Reference `st=' on page 16 undefined on input line 1310.


LaTeX Warning: Reference `st=' on page 16 undefined on input line 1310.


LaTeX Warning: Reference `@suchthat=2-for' on page 16 undefined on input line 1
310.


LaTeX Warning: Reference `SMSMDndndnd' on page 16 undefined on input line 1310.



LaTeX Warning: Reference `q0q1' on page 16 undefined on input line 1311.


LaTeX Warning: Reference `LetA=' on page 16 undefined on input line 1312.


LaTeX Warning: Reference `@suchthat=2-for' on page 16 undefined on input line 1
315.

[16]

LaTeX Warning: Reference `LetA=' on page 17 undefined on input line 1321.


LaTeX Warning: Reference `ClM0' on page 17 undefined on input line 1323.


LaTeX Warning: Reference `@suchthat=2-for' on page 17 undefined on input line 1
324.


LaTeX Warning: Reference `st=' on page 17 undefined on input line 1324.


LaTeX Warning: Reference `TaKa' on page 17 undefined on input line 1330.


LaTeX Warning: Reference `4-1' on page 17 undefined on input line 1334.


LaTeX Warning: Reference `4-2' on page 17 undefined on input line 1334.


LaTeX Warning: Reference `4-1' on page 17 undefined on input line 1337.


LaTeX Warning: Reference `4-2' on page 17 undefined on input line 1337.


LaTeX Warning: Reference `4-3' on page 17 undefined on input line 1349.


LaTeX Warning: Reference `@suchRethat=2-for' on page 17 undefined on input line
 1351.


LaTeX Warning: Reference `NuUUU' on page 17 undefined on input line 1351.


LaTeX Warning: Reference `@suchRethat=2-for' on page 17 undefined on input line
 1352.


LaTeX Warning: Reference `@suchRethat=2-for' on page 17 undefined on input line
 1353.


LaTeX Warning: Reference `MSM1111' on page 17 undefined on input line 1366.


LaTeX Warning: Reference `Ciaiaia' on page 17 undefined on input line 1367.


LaTeX Warning: Reference `4-4' on page 18 undefined on input line 1371.


LaTeX Warning: Reference `4-3' on page 18 undefined on input line 1373.


LaTeX Warning: Reference `4-4' on page 18 undefined on input line 1373.


LaTeX Warning: Reference `st=' on page 18 undefined on input line 1374.


LaTeX Warning: Reference `@suchRethat=2-for' on page 18 undefined on input line
 1374.


LaTeX Warning: Reference `NuUUU' on page 18 undefined on input line 1374.


LaTeX Warning: Reference `[MAMMS]' on page 18 undefined on input line 1377.


LaTeX Warning: Reference `@suchRethat=2-for' on page 18 undefined on input line
 1378.


LaTeX Warning: Reference `@suchthat=2-for' on page 18 undefined on input line 1
378.


LaTeX Warning: Reference `SASSUME' on page 18 undefined on input line 1383.


LaTeX Warning: Reference `ai-=-0' on page 18 undefined on input line 1383.


LaTeX Warning: Reference `@suchRethat=2-for' on page 18 undefined on input line
 1385.


LaTeX Warning: Reference `4-3' on page 18 undefined on input line 1387.


LaTeX Warning: Reference `4-4' on page 18 undefined on input line 1387.


LaTeX Warning: Reference `s=a+1' on page 18 undefined on input line 1391.


LaTeX Warning: Reference `@suchRethat=2-for' on page 18 undefined on input line
 1391.


LaTeX Warning: Reference `s=a+1' on page 18 undefined on input line 1392.


LaTeX Warning: Reference `AMSMSM23333' on page 18 undefined on input line 1392.



LaTeX Warning: Reference `@suchRethat=2-for' on page 18 undefined on input line
 1393.


LaTeX Warning: Reference `@suchthat=2-for' on page 18 undefined on input line 1
393.

[17] [18]
Overfull \hbox (163.0189pt too wide) in paragraph at lines 1409--1411
[]\OT1/cmr/m/n/10.95 Under this assumption, we have [] 
 []


LaTeX Warning: Reference `GMSMSMSMS' on page 19 undefined on input line 1433.


LaTeX Warning: Reference `GMSMSMSMS' on page 19 undefined on input line 1439.


LaTeX Warning: Reference `GMSMSM0999' on page 19 undefined on input line 1441.


LaTeX Warning: Reference `GMSMSMSMS' on page 19 undefined on input line 1441.


LaTeX Warning: Reference `GMSMSMSMS' on page 19 undefined on input line 1444.


LaTeX Warning: Reference `MSM1111' on page 19 undefined on input line 1445.


LaTeX Warning: Reference `GMSMSMSMS' on page 19 undefined on input line 1453.


LaTeX Warning: Reference `GMSMSMSMS' on page 19 undefined on input line 1522.


LaTeX Warning: Reference `GMSMSMSMS' on page 19 undefined on input line 1522.

[19]
Overfull \hbox (12.0pt too wide) in paragraph at lines 1522--1522
[][] 
 []

[20]
Overfull \hbox (12.0pt too wide) in paragraph at lines 1524--1524
[][] 
 []


LaTeX Warning: Reference `Ass1' on page 19 undefined on input line 1525.


LaTeX Warning: Reference `-ANewf0F1++' on page 20 undefined on input line 1576.



LaTeX Warning: Reference `-Aa0b0' on page 20 undefined on input line 1581.


LaTeX Warning: Reference `q0q1' on page 20 undefined on input line 1582.


LaTeX Warning: Reference `Ne2wf0F1++' on page 20 undefined on input line 1582.


LaTeX Warning: Reference `-ANewf0F1++' on page 20 undefined on input line 1582.



LaTeX Warning: Reference `4-1' on page 20 undefined on input line 1588.


LaTeX Warning: Reference `4-2' on page 20 undefined on input line 1588.


LaTeX Warning: Reference `st=' on page 20 undefined on input line 1589.


LaTeX Warning: Reference `-AA===' on page 20 undefined on input line 1599.


LaTeX Warning: Reference `@suc2hthat=4' on page 20 undefined on input line 1600
.


LaTeX Warning: Reference `Ne2wf0F1++' on page 20 undefined on input line 1601.


LaTeX Warning: Reference `-ANewf0F1++' on page 20 undefined on input line 1601.



LaTeX Warning: Reference `bBbbb' on page 20 undefined on input line 1603.

[21]
Overfull \hbox (12.0pt too wide) in paragraph at lines 1608--1608
[][] 
 []


LaTeX Warning: Reference `@suc2hthat=4' on page 20 undefined on input line 1610
.


LaTeX Warning: Reference `1+++q0q1' on page 20 undefined on input line 1612.


LaTeX Warning: Reference `@suc2hthat=4' on page 20 undefined on input line 1612
.


LaTeX Warning: Reference `@suchRethat=2-for' on page 20 undefined on input line
 1623.


LaTeX Warning: Reference `2DDDbar1' on page 20 undefined on input line 1623.


LaTeX Warning: Reference `[MAMMS]' on page 20 undefined on input line 1624.


LaTeX Warning: Reference `s=a' on page 20 undefined on input line 1624.


LaTeX Warning: Reference `AMSMSM23333' on page 20 undefined on input line 1624.



LaTeX Warning: Reference `s=a+1' on page 20 undefined on input line 1624.


LaTeX Warning: Reference `1-MAMMS' on page 21 undefined on input line 1635.


LaTeX Warning: Reference `1-AMSMSM23333' on page 21 undefined on input line 163
6.


LaTeX Warning: Reference `suchThaT' on page 21 undefined on input line 1636.


LaTeX Warning: Reference `suchThaT' on page 21 undefined on input line 1636.


LaTeX Warning: Reference `suchThaT' on page 21 undefined on input line 1636.

[22]
Overfull \hbox (12.0pt too wide) in paragraph at lines 1640--1640
[][] 
 []

[23]
Overfull \hbox (12.0pt too wide) in paragraph at lines 1647--1647
[][] 
 []


LaTeX Warning: Reference `NSoOP' on page 21 undefined on input line 1675.


LaTeX Warning: Reference `1+++q0q1' on page 21 undefined on input line 1686.


LaTeX Warning: Reference `LetNSoOP' on page 21 undefined on input line 1686.


LaTeX Warning: Reference `1+++q0q1' on page 21 undefined on input line 1686.


LaTeX Warning: Reference `NSoOP' on page 21 undefined on input line 1686.

[24]
Overfull \hbox (12.0pt too wide) in paragraph at lines 1686--1686
[][] 
 []


LaTeX Warning: Reference `NSoOP' on page 21 undefined on input line 1688.


LaTeX Warning: Reference `NSoOP' on page 21 undefined on input line 1689.


LaTeX Warning: Reference `NSoOP' on page 21 undefined on input line 1693.


LaTeX Warning: Reference `NSoOP' on page 21 undefined on input line 1703.


LaTeX Warning: Reference `NSoOP' on page 22 undefined on input line 1724.


LaTeX Warning: Reference `1+++q0q1' on page 22 undefined on input line 1724.


LaTeX Warning: Reference `1NSoOP' on page 22 undefined on input line 1737.


LaTeX Warning: Reference `@suc2hthat=4' on page 22 undefined on input line 1740
.


LaTeX Warning: Reference `1NSoOP' on page 22 undefined on input line 1741.


LaTeX Warning: Reference `1NSoOP' on page 22 undefined on input line 1741.


LaTeX Warning: Reference `NSNENNENE' on page 22 undefined on input line 1742.

[25]
Overfull \hbox (12.0pt too wide) in paragraph at lines 1758--1758
[][] 
 []


LaTeX Warning: Reference `NSoMMMOP' on page 22 undefined on input line 1777.


LaTeX Warning: Reference `NSoMMMOP' on page 22 undefined on input line 1786.


LaTeX Warning: Reference `NSoMMMOP' on page 22 undefined on input line 1790.


LaTeX Warning: Reference `NSoMMMOP' on page 22 undefined on input line 1791.


LaTeX Warning: Reference `NSoOP' on page 22 undefined on input line 1801.


LaTeX Warning: Reference `1+++q0q1' on page 22 undefined on input line 1801.


LaTeX Warning: Reference `1NSoMMMOP' on page 23 undefined on input line 1814.


LaTeX Warning: Reference `@suc2hthat=4' on page 23 undefined on input line 1817
.


LaTeX Warning: Reference `1NSoMMMOP' on page 23 undefined on input line 1818.


LaTeX Warning: Reference `1NSoMMMOP' on page 23 undefined on input line 1818.


LaTeX Warning: Reference `LetNSoOP' on page 23 undefined on input line 1947.


LaTeX Warning: Reference `LetNSoOP' on page 23 undefined on input line 1947.


LaTeX Warning: Reference `GMSMSMSMS' on page 23 undefined on input line 1947.


LaTeX Warning: Reference `NSoOP' on page 23 undefined on input line 1947.


LaTeX Warning: Reference `NSoMMMOP' on page 23 undefined on input line 1947.


LaTeX Warning: Reference `NSoMMMOP' on page 23 undefined on input line 1947.


LaTeX Warning: Reference `LetF3rst' on page 23 undefined on input line 1947.


LaTeX Warning: Reference `LetF3rMMMst' on page 23 undefined on input line 1947.



LaTeX Warning: Reference `1NSoOP' on page 23 undefined on input line 1947.


LaTeX Warning: Reference `1NSoMMMOP' on page 23 undefined on input line 1947.


LaTeX Warning: Reference `Akk-bkk' on page 23 undefined on input line 1947.


LaTeX Warning: Reference `Akk-bkk' on page 23 undefined on input line 1947.


LaTeX Warning: Reference `LetNSoOP' on page 23 undefined on input line 1947.


LaTeX Warning: Reference `1MEMEME' on page 23 undefined on input line 1947.

[26]
Overfull \hbox (12.0pt too wide) in paragraph at lines 1947--1947
[][] 
 []


LaTeX Warning: Reference `Akk-bkk' on page 23 undefined on input line 2053.


LaTeX Warning: Reference `11F3rst' on page 23 undefined on input line 2055.


LaTeX Warning: Reference `TaKa' on page 23 undefined on input line 2221.


LaTeX Warning: Reference `LetNSoOP' on page 24 undefined on input line 2300.


LaTeX Warning: Reference `LetNSoOP' on page 24 undefined on input line 2343.


LaTeX Warning: Reference `LetNSoOP' on page 24 undefined on input line 2343.

[27]
Overfull \hbox (244.388pt too wide) in paragraph at lines 2292--2343
\OT1/cmr/m/n/10.95 Obviously we can rewrite [] as the form in []. [] 
 []


LaTeX Warning: Reference `LetNSoOP' on page 24 undefined on input line 2405.

[28]
Overfull \hbox (12.0pt too wide) in paragraph at lines 2405--2405
[][] 
 []


LaTeX Warning: Reference `LetNSoOP' on page 24 undefined on input line 2405.


LaTeX Warning: Reference `SimMMSMS' on page 24 undefined on input line 2410.


LaTeX Warning: Reference `LetNSoOP' on page 24 undefined on input line 2411.


LaTeX Warning: Reference `SDmdeme' on page 24 undefined on input line 2414.


LaTeX Warning: Reference `cLtHHH' on page 24 undefined on input line 2415.


LaTeX Warning: Reference `SDmdeme' on page 24 undefined on input line 2416.


LaTeX Warning: Reference `SimMMSMS' on page 24 undefined on input line 2416.


LaTeX Warning: Reference `v0=1=1=1=1' on page 24 undefined on input line 2417.


LaTeX Warning: Reference `SimMMSMS' on page 24 undefined on input line 2418.

[29]
Overfull \hbox (12.0pt too wide) in paragraph at lines 2938--2938
[][] 
 []


LaTeX Warning: Reference `LetNSoOP' on page 24 undefined on input line 3101.


LaTeX Warning: Reference `LetNSoOP' on page 24 undefined on input line 3102.


LaTeX Warning: Reference `LetNSoOP' on page 24 undefined on input line 3106.


LaTeX Warning: Reference `LetNSoOP' on page 25 undefined on input line 3114.


LaTeX Warning: Reference `LetNSoOP' on page 25 undefined on input line 3116.


LaTeX Warning: Reference `LetNSoOP' on page 25 undefined on input line 3978.


LaTeX Warning: Reference `1+++q0q1' on page 25 undefined on input line 3978.


LaTeX Warning: Reference `MSMSMSMSMS' on page 25 undefined on input line 4001.


LaTeX Warning: Reference `MSMSMSMSMS' on page 25 undefined on input line 4001.


LaTeX Warning: Reference `@suc2hthat=4' on page 25 undefined on input line 4012
.


LaTeX Warning: Reference `v0=1=1=1=1' on page 25 undefined on input line 4012.


LaTeX Warning: Reference `MSMSMSMSMS' on page 25 undefined on input line 4021.


LaTeX Warning: Reference `MSMSMSMSMS' on page 25 undefined on input line 4031.


LaTeX Warning: Reference `LetNSoOP' on page 25 undefined on input line 4466.


LaTeX Warning: Reference `-ANewf0F1++' on page 25 undefined on input line 4475.



LaTeX Warning: Reference `Ne2wf0F1++' on page 25 undefined on input line 4475.


LaTeX Warning: Reference `q0q1' on page 25 undefined on input line 4482.


LaTeX Warning: Reference `1+++q0q1' on page 25 undefined on input line 4482.


LaTeX Warning: Reference `st=' on page 25 undefined on input line 4495.


LaTeX Warning: Reference `@suc2hthat=4' on page 25 undefined on input line 4495
.


LaTeX Font Warning: Command \small invalid in math mode on input line 4502.

[30]
Overfull \hbox (12.0pt too wide) in paragraph at lines 4502--4502
[][] 
 []


LaTeX Warning: Reference `ISISIS' on page 26 undefined on input line 4534.


LaTeX Warning: Reference `@such111that=2' on page 26 undefined on input line 45
59.


LaTeX Warning: Reference `SetV' on page 26 undefined on input line 4565.


LaTeX Warning: Reference `s1t=' on page 26 undefined on input line 4565.


LaTeX Warning: Reference `SetV' on page 26 undefined on input line 4570.


LaTeX Warning: Reference `SSSS0000' on page 26 undefined on input line 4570.


LaTeX Warning: Reference `@such111that=2' on page 26 undefined on input line 45
70.


LaTeX Warning: Reference `tildeS=' on page 26 undefined on input line 4579.


LaTeX Warning: Reference `tildeS=' on page 26 undefined on input line 4583.


LaTeX Warning: Reference `tildeS=' on page 26 undefined on input line 4589.


LaTeX Warning: Reference `tildeS=' on page 26 undefined on input line 4598.


LaTeX Warning: Reference `tildeS=' on page 27 undefined on input line 4605.


LaTeX Warning: Reference `ka4p' on page 27 undefined on input line 4605.


LaTeX Warning: Reference `tildeS=' on page 27 undefined on input line 4607.


LaTeX Warning: Reference `tildeS=' on page 27 undefined on input line 4607.


LaTeX Warning: Reference `Coeffff' on page 27 undefined on input line 4607.


LaTeX Warning: Reference `WeRERE' on page 27 undefined on input line 4607.


LaTeX Warning: Reference `@such111that=2' on page 27 undefined on input line 46
09.


LaTeX Warning: Reference `tildeS=' on page 27 undefined on input line 4609.


LaTeX Warning: Reference `s1t=' on page 27 undefined on input line 4656.


LaTeX Warning: Reference `i.s.SSS' on page 27 undefined on input line 4656.


LaTeX Warning: Reference `s1t=' on page 27 undefined on input line 4685.


LaTeX Warning: Reference `1MEMEME' on page 27 undefined on input line 4708.


LaTeX Warning: Reference `1MEMEME' on page 27 undefined on input line 4731.


LaTeX Warning: Reference `s1t=' on page 27 undefined on input line 4731.


LaTeX Warning: Reference `1MEMEME' on page 27 undefined on input line 4742.


LaTeX Warning: Reference `v====' on page 27 undefined on input line 4743.


LaTeX Warning: Reference `Coeffff' on page 27 undefined on input line 4787.


LaTeX Warning: Reference `LetNSoOP' on page 28 undefined on input line 4805.


LaTeX Warning: Reference `LetNSoOP' on page 28 undefined on input line 4817.


LaTeX Warning: Reference `1MEMEME' on page 28 undefined on input line 4823.


LaTeX Warning: Reference `1MEMEME' on page 28 undefined on input line 4824.


LaTeX Warning: Reference `1MEMEME' on page 28 undefined on input line 4825.


LaTeX Warning: Reference `@such111that=2' on page 28 undefined on input line 50
92.


LaTeX Warning: Reference `1MEMEME' on page 28 undefined on input line 5092.


LaTeX Warning: Reference `1MEMEME' on page 28 undefined on input line 5092.


LaTeX Warning: Reference `1MEMEME' on page 28 undefined on input line 5092.

[31]
Overfull \hbox (12.0pt too wide) in paragraph at lines 5092--5092
[][] 
 []


LaTeX Warning: Reference `(qqq)' on page 29 undefined on input line 5168.


LaTeX Warning: Reference `DeBAR-D=' on page 29 undefined on input line 5173.


LaTeX Warning: Reference `CSweaua' on page 29 undefined on input line 5173.


LaTeX Warning: Reference `MSAMSMS' on page 29 undefined on input line 5175.


LaTeX Warning: Reference `Ne2wf0F1++' on page 29 undefined on input line 5175.


LaTeX Warning: Reference `q0q1' on page 29 undefined on input line 5188.


LaTeX Warning: Reference `1+++q0q1' on page 29 undefined on input line 5188.


LaTeX Warning: Reference `st=' on page 29 undefined on input line 5189.


LaTeX Warning: Reference `s1t=' on page 29 undefined on input line 5189.


LaTeX Warning: Reference `AsIn2.2' on page 29 undefined on input line 5197.


LaTeX Warning: Reference `2DDDbar1' on page 29 undefined on input line 5197.


LaTeX Warning: Reference `2DDDbar1' on page 29 undefined on input line 5197.


LaTeX Warning: Reference `4-2' on page 29 undefined on input line 5198.


LaTeX Warning: Reference `@suchthat=2-for' on page 29 undefined on input line 5
198.


LaTeX Warning: Reference `[MAMMS]' on page 29 undefined on input line 5199.


LaTeX Warning: Reference `s=a' on page 29 undefined on input line 5199.


LaTeX Warning: Reference `AMSMSM23333' on page 29 undefined on input line 5200.



LaTeX Warning: Reference `s=a+1' on page 29 undefined on input line 5200.


LaTeX Warning: Reference `2DDDbar1' on page 29 undefined on input line 5207.


LaTeX Warning: Reference `wheraraaa' on page 29 undefined on input line 5226.


LaTeX Warning: Reference `=simag' on page 29 undefined on input line 5227.


LaTeX Warning: Reference `(qqq)' on page 29 undefined on input line 5236.


LaTeX Warning: Reference `(qqq)' on page 29 undefined on input line 5237.

Missing character: There is no ¡ in font cmr10!
Missing character: There is no ¡ in font cmr10!
(source_extraction/results/1603.01867.aux)

LaTeX Warning: There were undefined references.

 ) 
Here is how much of TeX's memory you used:
 4310 strings out of 494779
 52800 string characters out of 6179263
 178842 words of memory out of 5000000
 7344 multiletter control sequences out of 15000+600000
 20793 words of font info for 74 fonts, out of 8000000 for 9000
 346 hyphenation exceptions out of 8191
 38i,18n,32p,891b,384s stack positions out of 5000i,500n,10000p,200000b,80000s
</usr/share/texlive/texmf-dist/fonts/type1/public/amsfonts/cm/cmbx10.pfb></us
r/share/texlive/texmf-dist/fonts/type1/public/amsfonts/cm/cmbxti10.pfb></usr/sh
are/texlive/texmf-dist/fonts/type1/public/amsfonts/cm/cmex10.pfb></usr/share/te
xlive/texmf-dist/fonts/type1/public/amsfonts/cm/cmmi10.pfb></usr/share/texlive/
texmf-dist/fonts/type1/public/amsfonts/cm/cmmi12.pfb></usr/share/texlive/texmf-
dist/fonts/type1/public/amsfonts/cm/cmmi6.pfb></usr/share/texlive/texmf-dist/fo
nts/type1/public/amsfonts/cm/cmmi8.pfb></usr/share/texlive/texmf-dist/fonts/typ
e1/public/amsfonts/cm/cmr10.pfb></usr/share/texlive/texmf-dist/fonts/type1/publ
ic/amsfonts/cm/cmr6.pfb></usr/share/texlive/texmf-dist/fonts/type1/public/amsfo
nts/cm/cmr8.pfb></usr/share/texlive/texmf-dist/fonts/type1/public/amsfonts/cm/c
msy10.pfb></usr/share/texlive/texmf-dist/fonts/type1/public/amsfonts/cm/cmsy6.p
fb></usr/share/texlive/texmf-dist/fonts/type1/public/amsfonts/cm/cmsy8.pfb></us
r/share/texlive/texmf-dist/fonts/type1/public/amsfonts/cm/cmsy9.pfb></usr/share
/texlive/texmf-dist/fonts/type1/public/amsfonts/cm/cmti10.pfb></usr/share/texli
ve/texmf-dist/fonts/type1/public/amsfonts/symbols/msam10.pfb></usr/share/texliv
e/texmf-dist/fonts/type1/public/amsfonts/symbols/msbm10.pfb>
Output written on source_extraction/results/1603.01867.pdf (31 pages, 227451 by
tes).
PDF statistics:
 173 PDF objects out of 1000 (max. 8388607)
 121 compressed objects within 2 object streams
 0 named destinations out of 1000 (max. 500000)
 1 words of extra memory for PDF output out of 10000 (max. 10000000)

