This is pdfTeX, Version 3.14159265-2.6-1.40.16 (TeX Live 2015/Debian) (preloaded format=pdflatex 2017.8.22)  14 OCT 2018 21:52
entering extended mode
 restricted \write18 enabled.
 %&-line parsing enabled.
**source_extraction/results/1604.01296.tex
(./source_extraction/results/1604.01296.tex
LaTeX2e <2016/02/01>
Babel <3.9q> and hyphenation patterns for 1 language(s) loaded.
(/usr/share/texlive/texmf-dist/tex/latex/amscls/amsart.cls
Document Class: amsart 2015/03/04 v2.20.2
\linespacing=\dimen102
\normalparindent=\dimen103
\normaltopskip=\skip41
(/usr/share/texlive/texmf-dist/tex/latex/amsmath/amsmath.sty
Package: amsmath 2016/03/03 v2.15a AMS math features
\@mathmargin=\skip42

For additional information on amsmath, use the `?' option.
(/usr/share/texlive/texmf-dist/tex/latex/amsmath/amstext.sty
Package: amstext 2000/06/29 v2.01 AMS text

(/usr/share/texlive/texmf-dist/tex/latex/amsmath/amsgen.sty
File: amsgen.sty 1999/11/30 v2.0 generic functions
\@emptytoks=\toks14
\ex@=\dimen104
))
(/usr/share/texlive/texmf-dist/tex/latex/amsmath/amsbsy.sty
Package: amsbsy 1999/11/29 v1.2d Bold Symbols
\pmbraise@=\dimen105
)
(/usr/share/texlive/texmf-dist/tex/latex/amsmath/amsopn.sty
Package: amsopn 1999/12/14 v2.01 operator names
)
\inf@bad=\count79
LaTeX Info: Redefining \frac on input line 199.
\uproot@=\count80
\leftroot@=\count81
LaTeX Info: Redefining \overline on input line 297.
\classnum@=\count82
\DOTSCASE@=\count83
LaTeX Info: Redefining \ldots on input line 394.
LaTeX Info: Redefining \dots on input line 397.
LaTeX Info: Redefining \cdots on input line 518.
\Mathstrutbox@=\box26
\strutbox@=\box27
\big@size=\dimen106
LaTeX Font Info:    Redeclaring font encoding OML on input line 630.
LaTeX Font Info:    Redeclaring font encoding OMS on input line 631.
\macc@depth=\count84
\c@MaxMatrixCols=\count85
\dotsspace@=\muskip10
\c@parentequation=\count86
\dspbrk@lvl=\count87
\tag@help=\toks15
\row@=\count88
\column@=\count89
\maxfields@=\count90
\andhelp@=\toks16
\eqnshift@=\dimen107
\alignsep@=\dimen108
\tagshift@=\dimen109
\tagwidth@=\dimen110
\totwidth@=\dimen111
\lineht@=\dimen112
\@envbody=\toks17
\multlinegap=\skip43
\multlinetaggap=\skip44
\mathdisplay@stack=\toks18
LaTeX Info: Redefining \[ on input line 2735.
LaTeX Info: Redefining \] on input line 2736.
)
LaTeX Font Info:    Try loading font information for U+msa on input line 388.

(/usr/share/texlive/texmf-dist/tex/latex/amsfonts/umsa.fd
File: umsa.fd 2013/01/14 v3.01 AMS symbols A
)
(/usr/share/texlive/texmf-dist/tex/latex/amsfonts/amsfonts.sty
Package: amsfonts 2013/01/14 v3.01 Basic AMSFonts support
\symAMSa=\mathgroup4
\symAMSb=\mathgroup5
LaTeX Font Info:    Overwriting math alphabet `\mathfrak' in version `bold'
(Font)                  U/euf/m/n --> U/euf/b/n on input line 106.
)
\copyins=\insert199
\abstractbox=\box28
\listisep=\skip45
\c@part=\count91
\c@section=\count92
\c@subsection=\count93
\c@subsubsection=\count94
\c@paragraph=\count95
\c@subparagraph=\count96
\c@figure=\count97
\c@table=\count98
\abovecaptionskip=\skip46
\belowcaptionskip=\skip47
\captionindent=\dimen113
\thm@style=\toks19
\thm@bodyfont=\toks20
\thm@headfont=\toks21
\thm@notefont=\toks22
\thm@headpunct=\toks23
\thm@preskip=\skip48
\thm@postskip=\skip49
\thm@headsep=\skip50
\dth@everypar=\toks24
)
(/usr/share/texlive/texmf-dist/tex/latex/tools/enumerate.sty
Package: enumerate 2015/07/23 v3.00 enumerate extensions (DPC)
\@enLab=\toks25
)
(/usr/share/texlive/texmf-dist/tex/latex/amsfonts/amssymb.sty
Package: amssymb 2013/01/14 v3.01 AMS font symbols
) (./extract.sty
(/usr/share/texlive/texmf-dist/tex/latex/environ/environ.sty
Package: environ 2014/05/04 v0.3 A new way to define environments

(/usr/share/texlive/texmf-dist/tex/latex/trimspaces/trimspaces.sty
Package: trimspaces 2009/09/17 v1.1 Trim spaces around a token list
))
(/usr/share/texlive/texmf-dist/tex/latex/etextools/etextools.sty
Package: etextools 2010/12/07 v3.1415926 e-TeX more useful tools for LaTeX pack
age writers

(/usr/share/texlive/texmf-dist/tex/latex/etex-pkg/etex.sty
Package: etex 2016/01/11 v2.6 eTeX basic definition package (PEB,DPC)
\et@xins=\count99
)
(/usr/share/texlive/texmf-dist/tex/latex/etoolbox/etoolbox.sty
Package: etoolbox 2015/08/02 v2.2a e-TeX tools for LaTeX (JAW)
\etb@tempcnta=\count100
)
(/usr/share/texlive/texmf-dist/tex/latex/oberdiek/letltxmacro.sty
Package: letltxmacro 2010/09/02 v1.4 Let assignment for LaTeX macros (HO)
)
\ettl@fter=\count101
\ettl@for@nested=\count277
)
(/usr/share/texmf/tex/latex/preview/preview.sty
Package: preview 2010/02/14 11.88 (AUCTeX/preview-latex)

(/usr/share/texmf/tex/latex/preview/prtightpage.def
\PreviewBorder=\dimen114
)
\pr@snippet=\count102
\pr@box=\box29
\pr@output=\toks26
)
\c@propcounter=\count103
\mybox=\box30
)
\c@thm=\count104

(source_extraction/results/1604.01296.aux)
\openout1 = `1604.01296.aux'.

LaTeX Font Info:    Checking defaults for OML/cmm/m/it on input line 42.
LaTeX Font Info:    ... okay on input line 42.
LaTeX Font Info:    Checking defaults for T1/cmr/m/n on input line 42.
LaTeX Font Info:    ... okay on input line 42.
LaTeX Font Info:    Checking defaults for OT1/cmr/m/n on input line 42.
LaTeX Font Info:    ... okay on input line 42.
LaTeX Font Info:    Checking defaults for OMS/cmsy/m/n on input line 42.
LaTeX Font Info:    ... okay on input line 42.
LaTeX Font Info:    Checking defaults for OMX/cmex/m/n on input line 42.
LaTeX Font Info:    ... okay on input line 42.
LaTeX Font Info:    Checking defaults for U/cmr/m/n on input line 42.
LaTeX Font Info:    ... okay on input line 42.
LaTeX Font Info:    Try loading font information for U+msa on input line 42.

(/usr/share/texlive/texmf-dist/tex/latex/amsfonts/umsa.fd
File: umsa.fd 2013/01/14 v3.01 AMS symbols A
)
LaTeX Font Info:    Try loading font information for U+msb on input line 42.

(/usr/share/texlive/texmf-dist/tex/latex/amsfonts/umsb.fd
File: umsb.fd 2013/01/14 v3.01 AMS symbols B
)
Preview: Fontsize 10pt
Preview: PDFoutput 1
\extractedfile=\write3
\openout3 = `propositions.txt'.


Overfull \hbox (17.4729pt too wide) in paragraph at lines 84--91
[]\OT1/cmr/m/n/10 Metric fixed point theory is a very extensive area of analysi
s with various applications.
 []

Preview: Tightpage -32891 -32891 32891 32891
[1{/var/lib/texmf/fonts/map/pdftex/updmap/pdftex.map}]
Overfull \hbox (12.0pt too wide) in paragraph at lines 100--100
[][] 
 []

[2]
Overfull \hbox (12.0pt too wide) in paragraph at lines 155--155
[][] 
 []

[3]
Overfull \hbox (12.0pt too wide) in paragraph at lines 161--161
[][] 
 []


Overfull \hbox (5.47281pt too wide) in paragraph at lines 163--173
[]\OT1/cmr/m/n/10 The Meir and Keeler's generalized version of Banach contracti
on principle initiated
 []

[4]
Overfull \hbox (12.0pt too wide) in paragraph at lines 183--183
[][] 
 []

[5]
Overfull \hbox (12.0pt too wide) in paragraph at lines 198--198
[][] 
 []

[6]
Overfull \hbox (12.0pt too wide) in paragraph at lines 220--220
[][] 
 []

[7]
Overfull \hbox (12.0pt too wide) in paragraph at lines 234--234
[][] 
 []


LaTeX Warning: Reference `sec:technical-lemma' on page 3 undefined on input lin
e 236.


LaTeX Warning: Reference `sec:fixed-point-theorems' on page 3 undefined on inpu
t line 237.


LaTeX Warning: Reference `sec:asymptotic-contractions' on page 3 undefined on i
nput line 240.

[8]
Overfull \hbox (12.0pt too wide) in paragraph at lines 273--273
[][] 
 []


LaTeX Warning: Reference `eqn:negation-of-Cauchy' on page 3 undefined on input 
line 309.

[9]
Overfull \hbox (12.0pt too wide) in paragraph at lines 320--320
[][] 
 []


LaTeX Warning: Reference `sec:intro' on page 4 undefined on input line 323.

[10]
Overfull \hbox (12.0pt too wide) in paragraph at lines 345--345
[][] 
 []

[11]
Overfull \hbox (12.0pt too wide) in paragraph at lines 391--391
[][] 
 []

[12]
Overfull \hbox (12.0pt too wide) in paragraph at lines 422--422
[][] 
 []

[13]
Overfull \hbox (12.0pt too wide) in paragraph at lines 454--454
[][] 
 []

[14]
Overfull \hbox (12.0pt too wide) in paragraph at lines 464--464
[][] 
 []

[15]
Overfull \hbox (12.0pt too wide) in paragraph at lines 481--481
[][] 
 []

[16]
Overfull \hbox (12.0pt too wide) in paragraph at lines 497--497
[][] 
 []


Overfull \hbox (5.53049pt too wide) in paragraph at lines 515--515
\OT1/cmr/m/n/10 Therefore, $\OML/cmm/m/it/10 d\OT1/cmr/m/n/10 (\OML/cmm/m/it/10
 x[]; x[]\OT1/cmr/m/n/10 ) \OMS/cmsy/m/n/10 ^^T \OML/cmm/m/it/10 ^^O$ \OT1/cmr/
m/n/10 for $\OML/cmm/m/it/10 n$ \OT1/cmr/m/n/10 large. This is a contradiction 
since $\OML/cmm/m/it/10 ^^O < d\OT1/cmr/m/n/10 (\OML/cmm/m/it/10 x[]; x[]\OT1/c
mr/m/n/10 )$
 []

[17]
Overfull \hbox (12.0pt too wide) in paragraph at lines 541--541
[][] 
 []

[18]
Overfull \hbox (12.0pt too wide) in paragraph at lines 582--582
[][] 
 []


LaTeX Warning: Reference `eqn:m(x,y)-in-generalized-Proinov' on page 6 undefine
d on input line 615.

[19]
Overfull \hbox (12.0pt too wide) in paragraph at lines 615--615
[][] 
 []


Underfull \vbox (badness 1092) has occurred while \output is active []



LaTeX Warning: Reference `eqn:m(x,y)-in-generalized-Proinov' on page 7 undefine
d on input line 704.

[20]
Overfull \hbox (12.0pt too wide) in paragraph at lines 704--704
[][] 
 []


Underfull \vbox (badness 10000) has occurred while \output is active []

 [21]
Overfull \hbox (12.0pt too wide) in paragraph at lines 720--720
[][] 
 []

[22]
Overfull \hbox (12.0pt too wide) in paragraph at lines 751--751
[][] 
 []


Underfull \vbox (badness 10000) has occurred while \output is active []

 [23]
Overfull \hbox (12.0pt too wide) in paragraph at lines 845--845
[][] 
 []

[24]
Overfull \hbox (12.0pt too wide) in paragraph at lines 853--853
[][] 
 []


LaTeX Warning: Reference `sec:technical-lemma' on page 10 undefined on input li
ne 855.

[25]
Overfull \hbox (12.0pt too wide) in paragraph at lines 874--874
[][] 
 []

[26]
Overfull \hbox (12.0pt too wide) in paragraph at lines 880--880
[][] 
 []


LaTeX Warning: Reference `eqn:m(x,y)-in-generalized-Proinov' on page 10 undefin
ed on input line 907.


Overfull \hbox (2.06061pt too wide) in paragraph at lines 906--912
\OT1/cmr/m/n/10 general function $\OT1/cmr/bx/n/10 m\OT1/cmr/m/n/10 (\OML/cmm/m
/it/10 x; y\OT1/cmr/m/n/10 )$, such as the one defined by [], it may seem that 
Definition
 []

[27]
Overfull \hbox (12.0pt too wide) in paragraph at lines 918--918
[][] 
 []

Missing character: There is no â in font cmti8!
Missing character: There is no € in font cmti8!
Missing character: There is no “ in font cmti8!

Overfull \hbox (14.24678pt too wide) in paragraph at lines 1116--1116
[]\OT1/cmr/m/sc/8 School of Mathematics and Computer Sciences, Damghan Universi
ty, Damghan, P.O.BOX
 []

(source_extraction/results/1604.01296.aux)

LaTeX Warning: There were undefined references.

 ) 
Here is how much of TeX's memory you used:
 2734 strings out of 494779
 33399 string characters out of 6179263
 116706 words of memory out of 5000000
 5843 multiletter control sequences out of 15000+600000
 12604 words of font info for 46 fonts, out of 8000000 for 9000
 346 hyphenation exceptions out of 8191
 34i,15n,32p,901b,329s stack positions out of 5000i,500n,10000p,200000b,80000s
</usr/share/texlive/texmf-dist/fonts/type1/public/amsfonts/cm/cmbx10.pfb></us
r/share/texlive/texmf-dist/fonts/type1/public/amsfonts/cm/cmex10.pfb></usr/shar
e/texlive/texmf-dist/fonts/type1/public/amsfonts/cm/cmmi10.pfb></usr/share/texl
ive/texmf-dist/fonts/type1/public/amsfonts/cm/cmmi5.pfb></usr/share/texlive/tex
mf-dist/fonts/type1/public/amsfonts/cm/cmmi7.pfb></usr/share/texlive/texmf-dist
/fonts/type1/public/amsfonts/cm/cmr10.pfb></usr/share/texlive/texmf-dist/fonts/
type1/public/amsfonts/cm/cmr7.pfb></usr/share/texlive/texmf-dist/fonts/type1/pu
blic/amsfonts/cm/cmsy10.pfb></usr/share/texlive/texmf-dist/fonts/type1/public/a
msfonts/cm/cmsy7.pfb></usr/share/texlive/texmf-dist/fonts/type1/public/amsfonts
/cm/cmti10.pfb></usr/share/texlive/texmf-dist/fonts/type1/public/amsfonts/symbo
ls/msbm10.pfb>
Output written on source_extraction/results/1604.01296.pdf (27 pages, 148097 by
tes).
PDF statistics:
 135 PDF objects out of 1000 (max. 8388607)
 94 compressed objects within 1 object stream
 0 named destinations out of 1000 (max. 500000)
 1 words of extra memory for PDF output out of 10000 (max. 10000000)

