This is pdfTeX, Version 3.14159265-2.6-1.40.16 (TeX Live 2015/Debian) (preloaded format=pdflatex 2017.8.22)  14 OCT 2018 21:52
entering extended mode
 restricted \write18 enabled.
 %&-line parsing enabled.
**source_extraction/results/1605.05596.tex
(./source_extraction/results/1605.05596.tex
LaTeX2e <2016/02/01>
Babel <3.9q> and hyphenation patterns for 1 language(s) loaded.
(/usr/share/texlive/texmf-dist/tex/latex/amscls/amsart.cls
Document Class: amsart 2015/03/04 v2.20.2
\linespacing=\dimen102
\normalparindent=\dimen103
\normaltopskip=\skip41
(/usr/share/texlive/texmf-dist/tex/latex/amsmath/amsmath.sty
Package: amsmath 2016/03/03 v2.15a AMS math features
\@mathmargin=\skip42

For additional information on amsmath, use the `?' option.
(/usr/share/texlive/texmf-dist/tex/latex/amsmath/amstext.sty
Package: amstext 2000/06/29 v2.01 AMS text

(/usr/share/texlive/texmf-dist/tex/latex/amsmath/amsgen.sty
File: amsgen.sty 1999/11/30 v2.0 generic functions
\@emptytoks=\toks14
\ex@=\dimen104
))
(/usr/share/texlive/texmf-dist/tex/latex/amsmath/amsbsy.sty
Package: amsbsy 1999/11/29 v1.2d Bold Symbols
\pmbraise@=\dimen105
)
(/usr/share/texlive/texmf-dist/tex/latex/amsmath/amsopn.sty
Package: amsopn 1999/12/14 v2.01 operator names
)
\inf@bad=\count79
LaTeX Info: Redefining \frac on input line 199.
\uproot@=\count80
\leftroot@=\count81
LaTeX Info: Redefining \overline on input line 297.
\classnum@=\count82
\DOTSCASE@=\count83
LaTeX Info: Redefining \ldots on input line 394.
LaTeX Info: Redefining \dots on input line 397.
LaTeX Info: Redefining \cdots on input line 518.
\Mathstrutbox@=\box26
\strutbox@=\box27
\big@size=\dimen106
LaTeX Font Info:    Redeclaring font encoding OML on input line 630.
LaTeX Font Info:    Redeclaring font encoding OMS on input line 631.
\macc@depth=\count84
\c@MaxMatrixCols=\count85
\dotsspace@=\muskip10
\c@parentequation=\count86
\dspbrk@lvl=\count87
\tag@help=\toks15
\row@=\count88
\column@=\count89
\maxfields@=\count90
\andhelp@=\toks16
\eqnshift@=\dimen107
\alignsep@=\dimen108
\tagshift@=\dimen109
\tagwidth@=\dimen110
\totwidth@=\dimen111
\lineht@=\dimen112
\@envbody=\toks17
\multlinegap=\skip43
\multlinetaggap=\skip44
\mathdisplay@stack=\toks18
LaTeX Info: Redefining \[ on input line 2735.
LaTeX Info: Redefining \] on input line 2736.
)
LaTeX Font Info:    Try loading font information for U+msa on input line 388.

(/usr/share/texlive/texmf-dist/tex/latex/amsfonts/umsa.fd
File: umsa.fd 2013/01/14 v3.01 AMS symbols A
)
(/usr/share/texlive/texmf-dist/tex/latex/amsfonts/amsfonts.sty
Package: amsfonts 2013/01/14 v3.01 Basic AMSFonts support
\symAMSa=\mathgroup4
\symAMSb=\mathgroup5
LaTeX Font Info:    Overwriting math alphabet `\mathfrak' in version `bold'
(Font)                  U/euf/m/n --> U/euf/b/n on input line 106.
)
\copyins=\insert199
\abstractbox=\box28
\listisep=\skip45
\c@part=\count91
\c@section=\count92
\c@subsection=\count93
\c@subsubsection=\count94
\c@paragraph=\count95
\c@subparagraph=\count96
\c@figure=\count97
\c@table=\count98
\abovecaptionskip=\skip46
\belowcaptionskip=\skip47
\captionindent=\dimen113
\thm@style=\toks19
\thm@bodyfont=\toks20
\thm@headfont=\toks21
\thm@notefont=\toks22
\thm@headpunct=\toks23
\thm@preskip=\skip48
\thm@postskip=\skip49
\thm@headsep=\skip50
\dth@everypar=\toks24
) (./extract.sty (/usr/share/texlive/texmf-dist/tex/latex/environ/environ.sty
Package: environ 2014/05/04 v0.3 A new way to define environments

(/usr/share/texlive/texmf-dist/tex/latex/trimspaces/trimspaces.sty
Package: trimspaces 2009/09/17 v1.1 Trim spaces around a token list
))
(/usr/share/texlive/texmf-dist/tex/latex/etextools/etextools.sty
Package: etextools 2010/12/07 v3.1415926 e-TeX more useful tools for LaTeX pack
age writers

(/usr/share/texlive/texmf-dist/tex/latex/etex-pkg/etex.sty
Package: etex 2016/01/11 v2.6 eTeX basic definition package (PEB,DPC)
\et@xins=\count99
)
(/usr/share/texlive/texmf-dist/tex/latex/etoolbox/etoolbox.sty
Package: etoolbox 2015/08/02 v2.2a e-TeX tools for LaTeX (JAW)
\etb@tempcnta=\count100
)
(/usr/share/texlive/texmf-dist/tex/latex/oberdiek/letltxmacro.sty
Package: letltxmacro 2010/09/02 v1.4 Let assignment for LaTeX macros (HO)
)
\ettl@fter=\count101
\ettl@for@nested=\count277
)
(/usr/share/texmf/tex/latex/preview/preview.sty
Package: preview 2010/02/14 11.88 (AUCTeX/preview-latex)

(/usr/share/texmf/tex/latex/preview/prtightpage.def
\PreviewBorder=\dimen114
)
\pr@snippet=\count102
\pr@box=\box29
\pr@output=\toks25
)
\c@propcounter=\count103
\mybox=\box30
)
\c@THM=\count104
\c@THMX=\count105
\c@theorem=\count106


Package amsthm Warning: Unknown theoremstyle `parrafo' on input line 83.

(source_extraction/results/1605.05596.aux)
\openout1 = `1605.05596.aux'.

LaTeX Font Info:    Checking defaults for OML/cmm/m/it on input line 91.
LaTeX Font Info:    ... okay on input line 91.
LaTeX Font Info:    Checking defaults for T1/cmr/m/n on input line 91.
LaTeX Font Info:    ... okay on input line 91.
LaTeX Font Info:    Checking defaults for OT1/cmr/m/n on input line 91.
LaTeX Font Info:    ... okay on input line 91.
LaTeX Font Info:    Checking defaults for OMS/cmsy/m/n on input line 91.
LaTeX Font Info:    ... okay on input line 91.
LaTeX Font Info:    Checking defaults for OMX/cmex/m/n on input line 91.
LaTeX Font Info:    ... okay on input line 91.
LaTeX Font Info:    Checking defaults for U/cmr/m/n on input line 91.
LaTeX Font Info:    ... okay on input line 91.
LaTeX Font Info:    Try loading font information for U+msa on input line 91.

(/usr/share/texlive/texmf-dist/tex/latex/amsfonts/umsa.fd
File: umsa.fd 2013/01/14 v3.01 AMS symbols A
)
LaTeX Font Info:    Try loading font information for U+msb on input line 91.

(/usr/share/texlive/texmf-dist/tex/latex/amsfonts/umsb.fd
File: umsb.fd 2013/01/14 v3.01 AMS symbols B
)
Preview: Fontsize 12pt
Preview: PDFoutput 1
\extractedfile=\write3
\openout3 = `propositions.txt'.

Preview: Tightpage -32891 -32891 32891 32891
[1{/var/lib/texmf/fonts/map/pdftex/updmap/pdftex.map}]
Overfull \hbox (12.0pt too wide) in paragraph at lines 209--209
[][] 
 []

[2]
Overfull \hbox (12.0pt too wide) in paragraph at lines 223--223
[][] 
 []

[3]
Overfull \hbox (12.0pt too wide) in paragraph at lines 242--242
[][] 
 []

[4]
Overfull \hbox (12.0pt too wide) in paragraph at lines 248--248
[][] 
 []

[5]
Overfull \hbox (12.0pt too wide) in paragraph at lines 269--269
[][] 
 []

[6]
Overfull \hbox (12.0pt too wide) in paragraph at lines 281--281
[][] 
 []

[7]
Overfull \hbox (12.0pt too wide) in paragraph at lines 307--307
[][] 
 []


Overfull \hbox (25.87419pt too wide) in paragraph at lines 309--311
[]\OT1/cmr/m/n/12 The next definition combines the requirement that the microdo
ubling and the local comparability
 []


Underfull \vbox (badness 10000) has occurred while \output is active []

 [8]
Overfull \hbox (12.0pt too wide) in paragraph at lines 318--318
[][] 
 []

[9]
Overfull \hbox (12.0pt too wide) in paragraph at lines 341--341
[][] 
 []

[10]
Overfull \hbox (12.0pt too wide) in paragraph at lines 352--352
[][] 
 []

[11]
Overfull \hbox (12.0pt too wide) in paragraph at lines 358--358
[][] 
 []

[12]
Overfull \hbox (12.0pt too wide) in paragraph at lines 379--379
[][] 
 []


Underfull \vbox (badness 10000) has occurred while \output is active []

 [13]
Overfull \hbox (12.0pt too wide) in paragraph at lines 390--390
[][] 
 []

[14]
Overfull \hbox (12.0pt too wide) in paragraph at lines 420--420
[][] 
 []

[15]
Overfull \hbox (12.0pt too wide) in paragraph at lines 434--434
[][] 
 []


Underfull \vbox (badness 10000) has occurred while \output is active []


Overfull \hbox (2.64946pt too wide) in paragraph at lines 437--439
[]\OT1/cmr/m/n/12 We shall say $\OML/cmm/m/it/12 ^^V$ \OT1/cmr/m/n/12 is a meas
ure that $(\OML/cmm/m/it/12 t; K\OT1/cmr/m/n/12 )$-microblossoms, instead of us
ing the longer expression. 
 []

[16]
Overfull \hbox (12.0pt too wide) in paragraph at lines 456--456
[][] 
 []

[17]
Overfull \hbox (12.0pt too wide) in paragraph at lines 470--470
[][] 
 []

[18]
Overfull \hbox (12.0pt too wide) in paragraph at lines 485--485
[][] 
 []


Underfull \vbox (badness 10000) has occurred while \output is active []

 [19]
Overfull \hbox (12.0pt too wide) in paragraph at lines 530--530
[][] 
 []

[20]
Overfull \hbox (12.0pt too wide) in paragraph at lines 536--536
[][] 
 []

[21]
Overfull \hbox (12.0pt too wide) in paragraph at lines 570--570
[][] 
 []


Overfull \hbox (3.37965pt too wide) in paragraph at lines 624--624
\OT1/cmr/m/n/12 Suppose $[][] []\OT1/cmr/bx/n/12 1[]\OT1/cmr/m/n/12 (\OML/cmm/m
/it/12 z\OT1/cmr/m/n/12 ) \OML/cmm/m/it/12 > \OT1/cmr/m/n/12 0$. Let $\OMS/cmsy
/m/n/12 f\OML/cmm/m/it/12 B\OT1/cmr/m/n/12 (\OML/cmm/m/it/12 x[]; s[]\OT1/cmr/m
/n/12 )\OML/cmm/m/it/12 ;$ $[] ; B\OT1/cmr/m/n/12 (\OML/cmm/m/it/12 x[]; s[]\OT
1/cmr/m/n/12 )\OMS/cmsy/m/n/12 g$ \OT1/cmr/m/n/12 be the collection
 []

[22]
Overfull \hbox (12.0pt too wide) in paragraph at lines 634--634
[][] 
 []

[23]
Overfull \hbox (12.0pt too wide) in paragraph at lines 708--708
[][] 
 []

[24]
Overfull \hbox (12.0pt too wide) in paragraph at lines 738--738
[][] 
 []

[25]
Overfull \hbox (12.0pt too wide) in paragraph at lines 876--876
[][] 
 []

[26]
Overfull \hbox (12.0pt too wide) in paragraph at lines 891--891
[][] 
 []

[27]
Overfull \hbox (12.0pt too wide) in paragraph at lines 921--921
[][] 
 []

[28]
Overfull \hbox (12.0pt too wide) in paragraph at lines 968--968
[][] 
 []


LaTeX Warning: Reference `SSsum' on page 15 undefined on input line 1049.


LaTeX Warning: Reference `SSsum' on page 15 undefined on input line 1049.


LaTeX Warning: Reference `SSsum1' on page 16 undefined on input line 1049.


Overfull \hbox (29.18149pt too wide) in paragraph at lines 1101--1101
[]\OT1/cmr/m/sc/10 Instituto de Ciencias Matem[]aticas (CSIC-UAM-UC3M-UCM) and 
Departamento de Matem[]aticas,
 []

(source_extraction/results/1605.05596.aux)

LaTeX Warning: There were undefined references.

 ) 
Here is how much of TeX's memory you used:
 2500 strings out of 494779
 30150 string characters out of 6179263
 116858 words of memory out of 5000000
 5611 multiletter control sequences out of 15000+600000
 14364 words of font info for 53 fonts, out of 8000000 for 9000
 346 hyphenation exceptions out of 8191
 34i,8n,32p,898b,238s stack positions out of 5000i,500n,10000p,200000b,80000s
</usr/share/texlive/texmf-dist/fonts/type1/public/amsfonts/cm/cmbx12.pfb></us
r/share/texlive/texmf-dist/fonts/type1/public/amsfonts/cm/cmex10.pfb></usr/shar
e/texlive/texmf-dist/fonts/type1/public/amsfonts/cm/cmmi12.pfb></usr/share/texl
ive/texmf-dist/fonts/type1/public/amsfonts/cm/cmmi6.pfb></usr/share/texlive/tex
mf-dist/fonts/type1/public/amsfonts/cm/cmmi8.pfb></usr/share/texlive/texmf-dist
/fonts/type1/public/amsfonts/cm/cmr12.pfb></usr/share/texlive/texmf-dist/fonts/
type1/public/amsfonts/cm/cmr6.pfb></usr/share/texlive/texmf-dist/fonts/type1/pu
blic/amsfonts/cm/cmr8.pfb></usr/share/texlive/texmf-dist/fonts/type1/public/ams
fonts/cm/cmsy10.pfb></usr/share/texlive/texmf-dist/fonts/type1/public/amsfonts/
cm/cmsy6.pfb></usr/share/texlive/texmf-dist/fonts/type1/public/amsfonts/cm/cmsy
8.pfb></usr/share/texlive/texmf-dist/fonts/type1/public/amsfonts/cm/cmti12.pfb>
</usr/share/texlive/texmf-dist/fonts/type1/public/amsfonts/symbols/msbm10.pfb>
Output written on source_extraction/results/1605.05596.pdf (28 pages, 170837 by
tes).
PDF statistics:
 147 PDF objects out of 1000 (max. 8388607)
 102 compressed objects within 2 object streams
 0 named destinations out of 1000 (max. 500000)
 1 words of extra memory for PDF output out of 10000 (max. 10000000)

