This is pdfTeX, Version 3.14159265-2.6-1.40.16 (TeX Live 2015/Debian) (preloaded format=pdflatex 2017.8.22)  14 OCT 2018 21:52
entering extended mode
 restricted \write18 enabled.
 %&-line parsing enabled.
**source_extraction/results/1609.09787.tex
(./source_extraction/results/1609.09787.tex
LaTeX2e <2016/02/01>
Babel <3.9q> and hyphenation patterns for 1 language(s) loaded.
(/usr/share/texlive/texmf-dist/tex/latex/amscls/amsart.cls
Document Class: amsart 2015/03/04 v2.20.2
\linespacing=\dimen102
\normalparindent=\dimen103
\normaltopskip=\skip41
(/usr/share/texlive/texmf-dist/tex/latex/amsmath/amsmath.sty
Package: amsmath 2016/03/03 v2.15a AMS math features
\@mathmargin=\skip42

For additional information on amsmath, use the `?' option.
(/usr/share/texlive/texmf-dist/tex/latex/amsmath/amstext.sty
Package: amstext 2000/06/29 v2.01 AMS text

(/usr/share/texlive/texmf-dist/tex/latex/amsmath/amsgen.sty
File: amsgen.sty 1999/11/30 v2.0 generic functions
\@emptytoks=\toks14
\ex@=\dimen104
))
(/usr/share/texlive/texmf-dist/tex/latex/amsmath/amsbsy.sty
Package: amsbsy 1999/11/29 v1.2d Bold Symbols
\pmbraise@=\dimen105
)
(/usr/share/texlive/texmf-dist/tex/latex/amsmath/amsopn.sty
Package: amsopn 1999/12/14 v2.01 operator names
)
\inf@bad=\count79
LaTeX Info: Redefining \frac on input line 199.
\uproot@=\count80
\leftroot@=\count81
LaTeX Info: Redefining \overline on input line 297.
\classnum@=\count82
\DOTSCASE@=\count83
LaTeX Info: Redefining \ldots on input line 394.
LaTeX Info: Redefining \dots on input line 397.
LaTeX Info: Redefining \cdots on input line 518.
\Mathstrutbox@=\box26
\strutbox@=\box27
\big@size=\dimen106
LaTeX Font Info:    Redeclaring font encoding OML on input line 630.
LaTeX Font Info:    Redeclaring font encoding OMS on input line 631.
\macc@depth=\count84
\c@MaxMatrixCols=\count85
\dotsspace@=\muskip10
\c@parentequation=\count86
\dspbrk@lvl=\count87
\tag@help=\toks15
\row@=\count88
\column@=\count89
\maxfields@=\count90
\andhelp@=\toks16
\eqnshift@=\dimen107
\alignsep@=\dimen108
\tagshift@=\dimen109
\tagwidth@=\dimen110
\totwidth@=\dimen111
\lineht@=\dimen112
\@envbody=\toks17
\multlinegap=\skip43
\multlinetaggap=\skip44
\mathdisplay@stack=\toks18
LaTeX Info: Redefining \[ on input line 2735.
LaTeX Info: Redefining \] on input line 2736.
)
LaTeX Font Info:    Try loading font information for U+msa on input line 388.

(/usr/share/texlive/texmf-dist/tex/latex/amsfonts/umsa.fd
File: umsa.fd 2013/01/14 v3.01 AMS symbols A
)
(/usr/share/texlive/texmf-dist/tex/latex/amsfonts/amsfonts.sty
Package: amsfonts 2013/01/14 v3.01 Basic AMSFonts support
\symAMSa=\mathgroup4
\symAMSb=\mathgroup5
LaTeX Font Info:    Overwriting math alphabet `\mathfrak' in version `bold'
(Font)                  U/euf/m/n --> U/euf/b/n on input line 106.
)
\copyins=\insert199
\abstractbox=\box28
\listisep=\skip45
\c@part=\count91
\c@section=\count92
\c@subsection=\count93
\c@subsubsection=\count94
\c@paragraph=\count95
\c@subparagraph=\count96
\c@figure=\count97
\c@table=\count98
\abovecaptionskip=\skip46
\belowcaptionskip=\skip47
\captionindent=\dimen113
\thm@style=\toks19
\thm@bodyfont=\toks20
\thm@headfont=\toks21
\thm@notefont=\toks22
\thm@headpunct=\toks23
\thm@preskip=\skip48
\thm@postskip=\skip49
\thm@headsep=\skip50
\dth@everypar=\toks24
)
(/usr/share/texlive/texmf-dist/tex/latex/preprint/fullpage.sty
Package: fullpage 1999/02/23 1.1 (PWD)
\FP@margin=\skip51
)
(/usr/share/texlive/texmf-dist/tex/latex/tools/enumerate.sty
Package: enumerate 2015/07/23 v3.00 enumerate extensions (DPC)
\@enLab=\toks25
)
(/usr/share/texlive/texmf-dist/tex/latex/oberdiek/colonequals.sty
Package: colonequals 2006/08/01 v1.0 Colon equals symbols (HO)
)
(/usr/share/texlive/texmf-dist/tex/latex/pdfsync/pdfsync.sty
Package: pdfsync 2008/01/26 v1.1
)
(/usr/share/texlive/texmf-dist/tex/latex/amsfonts/amssymb.sty
Package: amssymb 2013/01/14 v3.01 AMS font symbols
)
(/usr/share/texlive/texmf-dist/tex/latex/base/latexsym.sty
Package: latexsym 1998/08/17 v2.2e Standard LaTeX package (lasy symbols)
\symlasy=\mathgroup6
LaTeX Font Info:    Overwriting symbol font `lasy' in version `bold'
(Font)                  U/lasy/m/n --> U/lasy/b/n on input line 52.
)
(/usr/share/texlive/texmf-dist/tex/latex/url/url.sty
\Urlmuskip=\muskip11
Package: url 2013/09/16  ver 3.4  Verb mode for urls, etc.
)
(/usr/share/texlive/texmf-dist/tex/latex/mathtools/mathtools.sty
Package: mathtools 2015/11/12 v1.18 mathematical typesetting tools

(/usr/share/texlive/texmf-dist/tex/latex/graphics/keyval.sty
Package: keyval 2014/10/28 v1.15 key=value parser (DPC)
\KV@toks@=\toks26
)
(/usr/share/texlive/texmf-dist/tex/latex/tools/calc.sty
Package: calc 2014/10/28 v4.3 Infix arithmetic (KKT,FJ)
\calc@Acount=\count99
\calc@Bcount=\count100
\calc@Adimen=\dimen114
\calc@Bdimen=\dimen115
\calc@Askip=\skip52
\calc@Bskip=\skip53
LaTeX Info: Redefining \setlength on input line 80.
LaTeX Info: Redefining \addtolength on input line 81.
\calc@Ccount=\count101
\calc@Cskip=\skip54
)
(/usr/share/texlive/texmf-dist/tex/latex/mathtools/mhsetup.sty
Package: mhsetup 2010/01/21 v1.2a programming setup (MH)
)
LaTeX Info: Thecontrolsequence`\('isalreadyrobust on input line 129.
LaTeX Info: Thecontrolsequence`\)'isalreadyrobust on input line 129.
LaTeX Info: Thecontrolsequence`\['isalreadyrobust on input line 129.
LaTeX Info: Thecontrolsequence`\]'isalreadyrobust on input line 129.
\g_MT_multlinerow_int=\count102
\l_MT_multwidth_dim=\dimen116
\origjot=\skip55
\l_MT_shortvdotswithinadjustabove_dim=\dimen117
\l_MT_shortvdotswithinadjustbelow_dim=\dimen118
\l_MT_above_intertext_sep=\dimen119
\l_MT_below_intertext_sep=\dimen120
\l_MT_above_shortintertext_sep=\dimen121
\l_MT_below_shortintertext_sep=\dimen122
) (./extract.sty (/usr/share/texlive/texmf-dist/tex/latex/environ/environ.sty
Package: environ 2014/05/04 v0.3 A new way to define environments

(/usr/share/texlive/texmf-dist/tex/latex/trimspaces/trimspaces.sty
Package: trimspaces 2009/09/17 v1.1 Trim spaces around a token list
))
(/usr/share/texlive/texmf-dist/tex/latex/etextools/etextools.sty
Package: etextools 2010/12/07 v3.1415926 e-TeX more useful tools for LaTeX pack
age writers

(/usr/share/texlive/texmf-dist/tex/latex/etex-pkg/etex.sty
Package: etex 2016/01/11 v2.6 eTeX basic definition package (PEB,DPC)
\et@xins=\count103
)
(/usr/share/texlive/texmf-dist/tex/latex/etoolbox/etoolbox.sty
Package: etoolbox 2015/08/02 v2.2a e-TeX tools for LaTeX (JAW)
\etb@tempcnta=\count104
)
(/usr/share/texlive/texmf-dist/tex/latex/oberdiek/letltxmacro.sty
Package: letltxmacro 2010/09/02 v1.4 Let assignment for LaTeX macros (HO)
)
\ettl@fter=\count105
\ettl@for@nested=\count277
)
(/usr/share/texmf/tex/latex/preview/preview.sty
Package: preview 2010/02/14 11.88 (AUCTeX/preview-latex)

(/usr/share/texmf/tex/latex/preview/prtightpage.def
\PreviewBorder=\dimen123
)
\pr@snippet=\count106
\pr@box=\box29
\pr@output=\toks27
)
\c@propcounter=\count107
\mybox=\box30
)
\c@thm=\count108

(source_extraction/results/1609.09787.aux)
\openout1 = `1609.09787.aux'.

LaTeX Font Info:    Checking defaults for OML/cmm/m/it on input line 85.
LaTeX Font Info:    ... okay on input line 85.
LaTeX Font Info:    Checking defaults for T1/cmr/m/n on input line 85.
LaTeX Font Info:    ... okay on input line 85.
LaTeX Font Info:    Checking defaults for OT1/cmr/m/n on input line 85.
LaTeX Font Info:    ... okay on input line 85.
LaTeX Font Info:    Checking defaults for OMS/cmsy/m/n on input line 85.
LaTeX Font Info:    ... okay on input line 85.
LaTeX Font Info:    Checking defaults for OMX/cmex/m/n on input line 85.
LaTeX Font Info:    ... okay on input line 85.
LaTeX Font Info:    Checking defaults for U/cmr/m/n on input line 85.
LaTeX Font Info:    ... okay on input line 85.
LaTeX Font Info:    Try loading font information for U+msa on input line 85.

(/usr/share/texlive/texmf-dist/tex/latex/amsfonts/umsa.fd
File: umsa.fd 2013/01/14 v3.01 AMS symbols A
)
LaTeX Font Info:    Try loading font information for U+msb on input line 85.

(/usr/share/texlive/texmf-dist/tex/latex/amsfonts/umsb.fd
File: umsb.fd 2013/01/14 v3.01 AMS symbols B
)
LaTeX Font Info:    Try loading font information for U+lasy on input line 85.

(/usr/share/texlive/texmf-dist/tex/latex/base/ulasy.fd
File: ulasy.fd 1998/08/17 v2.2e LaTeX symbol font definitions
)
Configuring pdfsync
\PDFSYNC@ut=\write3
\openout3 = `1609.09787.pdfsync'.

\PDFSYNCf@li@=\count109
\PDFSYNC@rder=\count110
**** pdfsync.sty: Synchronizing at \everypar
\PDFSYNCeveryp@r=\toks28
**** pdfsync.sty: Synchronizing at \everymath
\PDFSYNCeverym@th=\toks29
**** pdfsync.sty: Synchronizing at \everyhbox
\PDFSYNCeveryhb@x=\toks30
**** pdfsync.sty: Synchronizing at \everyvbox
\PDFSYNCeveryvb@x=\toks31
**** pdfsync.sty: started

(/usr/share/texlive/texmf-dist/tex/latex/graphics/graphicx.sty
Package: graphicx 2014/10/28 v1.0g Enhanced LaTeX Graphics (DPC,SPQR)

(/usr/share/texlive/texmf-dist/tex/latex/graphics/graphics.sty
Package: graphics 2016/01/03 v1.0q Standard LaTeX Graphics (DPC,SPQR)

(/usr/share/texlive/texmf-dist/tex/latex/graphics/trig.sty
Package: trig 2016/01/03 v1.10 sin cos tan (DPC)
)
(/usr/share/texlive/texmf-dist/tex/latex/latexconfig/graphics.cfg
File: graphics.cfg 2010/04/23 v1.9 graphics configuration of TeX Live
)
Package graphics Info: Driver file: pdftex.def on input line 95.

(/usr/share/texlive/texmf-dist/tex/latex/pdftex-def/pdftex.def
File: pdftex.def 2011/05/27 v0.06d Graphics/color for pdfTeX

(/usr/share/texlive/texmf-dist/tex/generic/oberdiek/infwarerr.sty
Package: infwarerr 2010/04/08 v1.3 Providing info/warning/error messages (HO)
)
(/usr/share/texlive/texmf-dist/tex/generic/oberdiek/ltxcmds.sty
Package: ltxcmds 2011/11/09 v1.22 LaTeX kernel commands for general use (HO)
)
\Gread@gobject=\count111

(/usr/share/texlive/texmf-dist/tex/context/base/supp-pdf.mkii
[Loading MPS to PDF converter (version 2006.09.02).]
\scratchcounter=\count112
\scratchdimen=\dimen124
\scratchbox=\box31
\nofMPsegments=\count113
\nofMParguments=\count114
\everyMPshowfont=\toks32
\MPscratchCnt=\count115
\MPscratchDim=\dimen125
\MPnumerator=\count116
\makeMPintoPDFobject=\count117
\everyMPtoPDFconversion=\toks33
))) (/usr/share/texlive/texmf-dist/tex/generic/oberdiek/pdftexcmds.sty
Package: pdftexcmds 2011/11/29 v0.20 Utility functions of pdfTeX for LuaTeX (HO
)

(/usr/share/texlive/texmf-dist/tex/generic/oberdiek/ifluatex.sty
Package: ifluatex 2010/03/01 v1.3 Provides the ifluatex switch (HO)
Package ifluatex Info: LuaTeX not detected.
)
(/usr/share/texlive/texmf-dist/tex/generic/oberdiek/ifpdf.sty
Package: ifpdf 2011/01/30 v2.3 Provides the ifpdf switch (HO)
Package ifpdf Info: pdfTeX in PDF mode is detected.
)
Package pdftexcmds Info: LuaTeX not detected.
Package pdftexcmds Info: \pdf@primitive is available.
Package pdftexcmds Info: \pdf@ifprimitive is available.
Package pdftexcmds Info: \pdfdraftmode found.
)
(/usr/share/texlive/texmf-dist/tex/latex/oberdiek/epstopdf-base.sty
Package: epstopdf-base 2010/02/09 v2.5 Base part for package epstopdf

(/usr/share/texlive/texmf-dist/tex/latex/oberdiek/grfext.sty
Package: grfext 2010/08/19 v1.1 Manage graphics extensions (HO)

(/usr/share/texlive/texmf-dist/tex/generic/oberdiek/kvdefinekeys.sty
Package: kvdefinekeys 2011/04/07 v1.3 Define keys (HO)
))
(/usr/share/texlive/texmf-dist/tex/latex/oberdiek/kvoptions.sty
Package: kvoptions 2011/06/30 v3.11 Key value format for package options (HO)

(/usr/share/texlive/texmf-dist/tex/generic/oberdiek/kvsetkeys.sty
Package: kvsetkeys 2012/04/25 v1.16 Key value parser (HO)

(/usr/share/texlive/texmf-dist/tex/generic/oberdiek/etexcmds.sty
Package: etexcmds 2011/02/16 v1.5 Avoid name clashes with e-TeX commands (HO)
Package etexcmds Info: Could not find \expanded.
(etexcmds)             That can mean that you are not using pdfTeX 1.50 or
(etexcmds)             that some package has redefined \expanded.
(etexcmds)             In the latter case, load this package earlier.
)))
Package grfext Info: Graphics extension search list:
(grfext)             [.png,.pdf,.jpg,.mps,.jpeg,.jbig2,.jb2,.PNG,.PDF,.JPG,.JPE
G,.JBIG2,.JB2,.eps]
(grfext)             \AppendGraphicsExtensions on input line 452.

(/usr/share/texlive/texmf-dist/tex/latex/latexconfig/epstopdf-sys.cfg
File: epstopdf-sys.cfg 2010/07/13 v1.3 Configuration of (r)epstopdf for TeX Liv
e
))
\Gin@req@height=\dimen126
\Gin@req@width=\dimen127
)
Preview: Fontsize 12pt
Preview: PDFoutput 1
\extractedfile=\write4
\openout4 = `propositions.txt'.


Overfull \hbox (1.53961pt too wide) in paragraph at lines 88--97
[][][]\OT1/cmr/m/n/10 We show that rings of $[][]\OML/cmm/m/it/10 S$\OT1/cmr/m/
n/10 -integers of a global function field $[][]\OML/cmm/m/it/10 K$ \OT1/cmr/m/n
/10 of odd characteristic
 []

Preview: Tightpage -32891 -32891 32891 32891
[1{/var/lib/texmf/fonts/map/pdftex/updmap/pdftex.map}]
Overfull \hbox (125.3223pt too wide) in paragraph at lines 117--127
[][]\U/msb/m/n/12 Z$ \OT1/cmr/m/n/12 is \OT1/cmr/m/it/12 diophantine \OT1/cmr/m
/n/12 over $[][]\U/msb/m/n/12 Q$\OT1/cmr/m/n/12 : [] 
 []


LaTeX Warning: Reference `univdef' on page 2 undefined on input line 166.

[2]
LaTeX Font Info:    Try loading font information for U+euf on input line 176.
 (/usr/share/texlive/texmf-dist/tex/latex/amsfonts/ueuf.fd
File: ueuf.fd 2013/01/14 v3.01 Euler Fraktur
)

LaTeX Warning: Reference `section:non-norms' on page 2 undefined on input line 
228.

[3]
Overfull \hbox (239.06154pt too wide) in paragraph at lines 227--235
\OT1/cmr/m/n/12 In Section [] we show the following new result: [] 
 []

[4]
Overfull \hbox (265.66264pt too wide) in paragraph at lines 239--244
[][][]\OT1/cmr/m/n/12 We also give a new proof of the following theorem: [] 
 []


Overfull \hbox (2.07912pt too wide) in paragraph at lines 245--256
[][][]\OT1/cmr/m/n/12 This was established by Poonen in [[]], using results on 
the Brauer-Manin obstruction.
 []

[5]
Overfull \hbox (12.0pt too wide) in paragraph at lines 334--334
[][][][] 
 []

[6]
Overfull \hbox (12.0pt too wide) in paragraph at lines 338--338
[][][][] 
 []

[7]
Overfull \hbox (12.0pt too wide) in paragraph at lines 380--380
[][][][] 
 []


LaTeX Warning: Reference `integrality' on page 4 undefined on input line 391.

[8]
Overfull \hbox (12.0pt too wide) in paragraph at lines 405--405
[][][][] 
 []

[9]
Overfull \hbox (12.0pt too wide) in paragraph at lines 422--422
[][][][] 
 []

[10]
Overfull \hbox (12.0pt too wide) in paragraph at lines 443--443
[][][][] 
 []

[11]
Overfull \hbox (12.0pt too wide) in paragraph at lines 477--477
[][][][] 
 []

[12]
Overfull \hbox (12.0pt too wide) in paragraph at lines 489--489
[][][][] 
 []

[13]
Overfull \hbox (12.0pt too wide) in paragraph at lines 508--508
[][][][] 
 []


LaTeX Warning: Reference `QAfacts' on page 6 undefined on input line 515.


LaTeX Warning: Reference `integrality' on page 6 undefined on input line 515.


LaTeX Warning: Reference `ffcft' on page 6 undefined on input line 515.


LaTeX Warning: Reference `integralatsigma' on page 6 undefined on input line 51
5.


LaTeX Warning: Reference `univdefthmpf' on page 6 undefined on input line 515.

[14]
Overfull \hbox (12.0pt too wide) in paragraph at lines 555--555
[][][][] 
 []

[15]
Overfull \hbox (12.0pt too wide) in paragraph at lines 567--567
[][][][] 
 []

[16]
Overfull \hbox (12.0pt too wide) in paragraph at lines 607--607
[][][][] 
 []

[17]
Overfull \hbox (12.0pt too wide) in paragraph at lines 639--639
[][][][] 
 []

[18]
Overfull \hbox (12.0pt too wide) in paragraph at lines 669--669
[][][][] 
 []

[19]
Overfull \hbox (12.0pt too wide) in paragraph at lines 679--679
[][][][] 
 []

[20]
Overfull \hbox (12.0pt too wide) in paragraph at lines 683--683
[][][][] 
 []

[21]
Overfull \hbox (243.94565pt too wide) in paragraph at lines 690--701
\OT1/cmr/m/n/12 contained in $[][]\OML/cmm/m/it/12 K$ \OT1/cmr/m/n/12 in order 
to control the poles of $[][]\OML/cmm/m/it/12 q$\OT1/cmr/m/n/12 . [] 
 []


Underfull \hbox (badness 2065) in paragraph at lines 722--722
[][][]\OT1/cmr/m/n/12 We then apply the Chebotarev density theorem to find a pr
ime $[][]\U/euf/m/n/12 q$ \OT1/cmr/m/n/12 such that
 []

[22]
Overfull \hbox (12.0pt too wide) in paragraph at lines 752--752
[][][][] 
 []

[23]
Overfull \hbox (12.0pt too wide) in paragraph at lines 762--762
[][][][] 
 []

[24]
Overfull \hbox (12.0pt too wide) in paragraph at lines 791--791
[][][][] 
 []


LaTeX Warning: Reference `hsymb' on page 10 undefined on input line 820.

[25]
Overfull \hbox (12.0pt too wide) in paragraph at lines 829--829
[][][][] 
 []


LaTeX Warning: Reference `univdef' on page 11 undefined on input line 844.

[26]
Overfull \hbox (12.0pt too wide) in paragraph at lines 853--853
[][][][] 
 []

[27]
Overfull \hbox (12.0pt too wide) in paragraph at lines 869--869
[][][][] 
 []

[28]
Overfull \hbox (12.0pt too wide) in paragraph at lines 964--964
[][][][] 
 []

[29]
Overfull \hbox (234.70834pt too wide) in paragraph at lines 999--1007
[][][]\OT1/cmr/m/n/12 We now need more definitions from [[]]. [] 
 []

[30]
Overfull \hbox (12.0pt too wide) in paragraph at lines 1018--1018
[][][][] 
 []

[31]
Overfull \hbox (12.0pt too wide) in paragraph at lines 1072--1072
[][][][] 
 []

[32]
Overfull \hbox (12.0pt too wide) in paragraph at lines 1079--1079
[][][][] 
 []

[33]
Overfull \hbox (230.1552pt too wide) in paragraph at lines 1091--1098
[][][]\OT1/cmr/m/n/12 Given a modulus $[][]\U/euf/m/n/12 m$\OT1/cmr/m/n/12 , le
t $[][]\OML/cmm/m/it/12 S\OT1/cmr/m/n/12 (\U/euf/m/n/12 m\OT1/cmr/m/n/12 ) := \
OMS/cmsy/m/n/12 f\U/euf/m/n/12 p \OT1/cmr/m/n/12 : \U/euf/m/n/12 p\OMS/cmsy/m/n
/12 j\U/euf/m/n/12 m\OMS/cmsy/m/n/12 g$\OT1/cmr/m/n/12 . [] 
 []

[34]
Overfull \hbox (12.0pt too wide) in paragraph at lines 1181--1181
[][][][] 
 []


Overfull \hbox (20.45866pt too wide) in paragraph at lines 1199--1199
[][][]\OT1/cmr/m/n/12 Now we will prove the second statement. Let $[][]\OML/cmm
/m/it/12 ![]; [] ; ![]$ \OT1/cmr/m/n/12 denote a complete set of representative
s
 []

[35]
Overfull \hbox (330.03003pt too wide) in paragraph at lines 1201--1208
[][][]\OT1/cmr/m/n/12 The main lemma used in proving Theorem 1.4  is the follow
ing: [] 
 []


LaTeX Warning: Reference `integralatsigma' on page 17 undefined on input line 1
211.


LaTeX Warning: Reference `integralatsigma' on page 17 undefined on input line 1
251.

[36]
Overfull \hbox (12.0pt too wide) in paragraph at lines 1251--1251
[][][][] 
 []

[37]
Overfull \hbox (12.0pt too wide) in paragraph at lines 1340--1340
[][][][] 
 []


LaTeX Warning: Reference `QAfacts' on page 19 undefined on input line 1372.

[38]
Overfull \hbox (12.0pt too wide) in paragraph at lines 1378--1378
[][][][] 
 []


Package amsfonts Warning: Obsolete command \Bbb; \mathbb should be used instead
 on input line 1546.


Underfull \hbox (badness 2343) in paragraph at lines 1631--1636
[][][]\OT1/cmr/m/n/10 Alexandra Shlapentokh. On definitions of polynomials over
 function fields of positive
 []

(source_extraction/results/1609.09787.aux)

LaTeX Warning: There were undefined references.

 ) 
Here is how much of TeX's memory you used:
 4746 strings out of 494779
 63625 string characters out of 6179263
 154591 words of memory out of 5000000
 7749 multiletter control sequences out of 15000+600000
 15569 words of font info for 62 fonts, out of 8000000 for 9000
 346 hyphenation exceptions out of 8191
 56i,27n,36p,901b,384s stack positions out of 5000i,500n,10000p,200000b,80000s
</usr/share/texlive/texmf-dist/fonts/type1/public/amsfonts/cm/cmbx12.pfb></us
r/share/texlive/texmf-dist/fonts/type1/public/amsfonts/cm/cmex10.pfb></usr/shar
e/texlive/texmf-dist/fonts/type1/public/amsfonts/cm/cmmi12.pfb></usr/share/texl
ive/texmf-dist/fonts/type1/public/amsfonts/cm/cmmi6.pfb></usr/share/texlive/tex
mf-dist/fonts/type1/public/amsfonts/cm/cmmi8.pfb></usr/share/texlive/texmf-dist
/fonts/type1/public/amsfonts/cm/cmr12.pfb></usr/share/texlive/texmf-dist/fonts/
type1/public/amsfonts/cm/cmr6.pfb></usr/share/texlive/texmf-dist/fonts/type1/pu
blic/amsfonts/cm/cmr8.pfb></usr/share/texlive/texmf-dist/fonts/type1/public/ams
fonts/cm/cmsy10.pfb></usr/share/texlive/texmf-dist/fonts/type1/public/amsfonts/
cm/cmsy6.pfb></usr/share/texlive/texmf-dist/fonts/type1/public/amsfonts/cm/cmsy
8.pfb></usr/share/texlive/texmf-dist/fonts/type1/public/amsfonts/cm/cmti12.pfb>
</usr/share/texlive/texmf-dist/fonts/type1/public/amsfonts/euler/eufm10.pfb></u
sr/share/texlive/texmf-dist/fonts/type1/public/amsfonts/symbols/msbm10.pfb>
Output written on source_extraction/results/1609.09787.pdf (38 pages, 178638 by
tes).
PDF statistics:
 185 PDF objects out of 1000 (max. 8388607)
 129 compressed objects within 2 object streams
 0 named destinations out of 1000 (max. 500000)
 1 words of extra memory for PDF output out of 10000 (max. 10000000)

