This is pdfTeX, Version 3.14159265-2.6-1.40.16 (TeX Live 2015/Debian) (preloaded format=pdflatex 2017.8.22)  14 OCT 2018 21:52
entering extended mode
 restricted \write18 enabled.
 %&-line parsing enabled.
**source_extraction/results/1611.03251.tex
(./source_extraction/results/1611.03251.tex
LaTeX2e <2016/02/01>
Babel <3.9q> and hyphenation patterns for 1 language(s) loaded.
(/usr/share/texlive/texmf-dist/tex/latex/base/article.cls
Document Class: article 2014/09/29 v1.4h Standard LaTeX document class
(/usr/share/texlive/texmf-dist/tex/latex/base/size12.clo
File: size12.clo 2014/09/29 v1.4h Standard LaTeX file (size option)
)
\c@part=\count79
\c@section=\count80
\c@subsection=\count81
\c@subsubsection=\count82
\c@paragraph=\count83
\c@subparagraph=\count84
\c@figure=\count85
\c@table=\count86
\abovecaptionskip=\skip41
\belowcaptionskip=\skip42
\bibindent=\dimen102
)
(/usr/share/texlive/texmf-dist/tex/latex/amsfonts/amsfonts.sty
Package: amsfonts 2013/01/14 v3.01 Basic AMSFonts support
\@emptytoks=\toks14
\symAMSa=\mathgroup4
\symAMSb=\mathgroup5
LaTeX Font Info:    Overwriting math alphabet `\mathfrak' in version `bold'
(Font)                  U/euf/m/n --> U/euf/b/n on input line 106.
)
(/usr/share/texlive/texmf-dist/tex/latex/amsmath/amsmath.sty
Package: amsmath 2016/03/03 v2.15a AMS math features
\@mathmargin=\skip43

For additional information on amsmath, use the `?' option.
(/usr/share/texlive/texmf-dist/tex/latex/amsmath/amstext.sty
Package: amstext 2000/06/29 v2.01 AMS text

(/usr/share/texlive/texmf-dist/tex/latex/amsmath/amsgen.sty
File: amsgen.sty 1999/11/30 v2.0 generic functions
\@emptytoks=\toks15
\ex@=\dimen103
))
(/usr/share/texlive/texmf-dist/tex/latex/amsmath/amsbsy.sty
Package: amsbsy 1999/11/29 v1.2d Bold Symbols
\pmbraise@=\dimen104
)
(/usr/share/texlive/texmf-dist/tex/latex/amsmath/amsopn.sty
Package: amsopn 1999/12/14 v2.01 operator names
)
\inf@bad=\count87
LaTeX Info: Redefining \frac on input line 199.
\uproot@=\count88
\leftroot@=\count89
LaTeX Info: Redefining \overline on input line 297.
\classnum@=\count90
\DOTSCASE@=\count91
LaTeX Info: Redefining \ldots on input line 394.
LaTeX Info: Redefining \dots on input line 397.
LaTeX Info: Redefining \cdots on input line 518.
\Mathstrutbox@=\box26
\strutbox@=\box27
\big@size=\dimen105
LaTeX Font Info:    Redeclaring font encoding OML on input line 630.
LaTeX Font Info:    Redeclaring font encoding OMS on input line 631.
\macc@depth=\count92
\c@MaxMatrixCols=\count93
\dotsspace@=\muskip10
\c@parentequation=\count94
\dspbrk@lvl=\count95
\tag@help=\toks16
\row@=\count96
\column@=\count97
\maxfields@=\count98
\andhelp@=\toks17
\eqnshift@=\dimen106
\alignsep@=\dimen107
\tagshift@=\dimen108
\tagwidth@=\dimen109
\totwidth@=\dimen110
\lineht@=\dimen111
\@envbody=\toks18
\multlinegap=\skip44
\multlinetaggap=\skip45
\mathdisplay@stack=\toks19
LaTeX Info: Redefining \[ on input line 2735.
LaTeX Info: Redefining \] on input line 2736.
)
(/usr/share/texlive/texmf-dist/tex/latex/amsfonts/amssymb.sty
Package: amssymb 2013/01/14 v3.01 AMS font symbols
)
(/usr/share/texlive/texmf-dist/tex/latex/amscls/amsthm.sty
Package: amsthm 2015/03/04 v2.20.2
\thm@style=\toks20
\thm@bodyfont=\toks21
\thm@headfont=\toks22
\thm@notefont=\toks23
\thm@headpunct=\toks24
\thm@preskip=\skip46
\thm@postskip=\skip47
\thm@headsep=\skip48
\dth@everypar=\toks25
)
(/usr/share/texlive/texmf-dist/tex/latex/mathtools/mathtools.sty
Package: mathtools 2015/11/12 v1.18 mathematical typesetting tools

(/usr/share/texlive/texmf-dist/tex/latex/graphics/keyval.sty
Package: keyval 2014/10/28 v1.15 key=value parser (DPC)
\KV@toks@=\toks26
)
(/usr/share/texlive/texmf-dist/tex/latex/tools/calc.sty
Package: calc 2014/10/28 v4.3 Infix arithmetic (KKT,FJ)
\calc@Acount=\count99
\calc@Bcount=\count100
\calc@Adimen=\dimen112
\calc@Bdimen=\dimen113
\calc@Askip=\skip49
\calc@Bskip=\skip50
LaTeX Info: Redefining \setlength on input line 80.
LaTeX Info: Redefining \addtolength on input line 81.
\calc@Ccount=\count101
\calc@Cskip=\skip51
)
(/usr/share/texlive/texmf-dist/tex/latex/mathtools/mhsetup.sty
Package: mhsetup 2010/01/21 v1.2a programming setup (MH)
)
LaTeX Info: Thecontrolsequence`\('isalreadyrobust on input line 129.
LaTeX Info: Thecontrolsequence`\)'isalreadyrobust on input line 129.
LaTeX Info: Thecontrolsequence`\['isalreadyrobust on input line 129.
LaTeX Info: Thecontrolsequence`\]'isalreadyrobust on input line 129.
\g_MT_multlinerow_int=\count102
\l_MT_multwidth_dim=\dimen114
\origjot=\skip52
\l_MT_shortvdotswithinadjustabove_dim=\dimen115
\l_MT_shortvdotswithinadjustbelow_dim=\dimen116
\l_MT_above_intertext_sep=\dimen117
\l_MT_below_intertext_sep=\dimen118
\l_MT_above_shortintertext_sep=\dimen119
\l_MT_below_shortintertext_sep=\dimen120
)
(/usr/share/texlive/texmf-dist/tex/generic/babel/babel.sty
Package: babel 2016/02/24 3.9q The Babel package

(/usr/share/texlive/texmf-dist/tex/generic/babel-english/english.ldf
Language: english 2012/08/20 v3.3p English support from the babel system

(/usr/share/texlive/texmf-dist/tex/generic/babel/babel.def
File: babel.def 2016/02/24 3.9q Babel common definitions
\babel@savecnt=\count103
\U@D=\dimen121
)
\l@british = a dialect from \language\l@english 
\l@UKenglish = a dialect from \language\l@english 
\l@american = a dialect from \language\l@english 
\l@canadian = a dialect from \language\l@american 
\l@australian = a dialect from \language\l@british 
\l@newzealand = a dialect from \language\l@british 
))
(/usr/share/texlive/texmf-dist/tex/latex/comment/comment.sty
\CommentStream=\write3

Excluding comment 'comment')
(/usr/share/texlive/texmf-dist/tex/latex/graphics/color.sty
Package: color 2016/01/03 v1.1b Standard LaTeX Color (DPC)

(/usr/share/texlive/texmf-dist/tex/latex/latexconfig/color.cfg
File: color.cfg 2007/01/18 v1.5 color configuration of teTeX/TeXLive
)
Package color Info: Driver file: pdftex.def on input line 143.

(/usr/share/texlive/texmf-dist/tex/latex/pdftex-def/pdftex.def
File: pdftex.def 2011/05/27 v0.06d Graphics/color for pdfTeX

(/usr/share/texlive/texmf-dist/tex/generic/oberdiek/infwarerr.sty
Package: infwarerr 2010/04/08 v1.3 Providing info/warning/error messages (HO)
)
(/usr/share/texlive/texmf-dist/tex/generic/oberdiek/ltxcmds.sty
Package: ltxcmds 2011/11/09 v1.22 LaTeX kernel commands for general use (HO)
)
\Gread@gobject=\count104
))
(/usr/share/texlive/texmf-dist/tex/latex/graphics/graphicx.sty
Package: graphicx 2014/10/28 v1.0g Enhanced LaTeX Graphics (DPC,SPQR)

(/usr/share/texlive/texmf-dist/tex/latex/graphics/graphics.sty
Package: graphics 2016/01/03 v1.0q Standard LaTeX Graphics (DPC,SPQR)

(/usr/share/texlive/texmf-dist/tex/latex/graphics/trig.sty
Package: trig 2016/01/03 v1.10 sin cos tan (DPC)
)
(/usr/share/texlive/texmf-dist/tex/latex/latexconfig/graphics.cfg
File: graphics.cfg 2010/04/23 v1.9 graphics configuration of TeX Live
)
Package graphics Info: Driver file: pdftex.def on input line 95.
)
\Gin@req@height=\dimen122
\Gin@req@width=\dimen123
)
(/usr/share/texlive/texmf-dist/tex/latex/wrapfig/wrapfig.sty
\wrapoverhang=\dimen124
\WF@size=\dimen125
\c@WF@wrappedlines=\count105
\WF@box=\box28
\WF@everypar=\toks27
Package: wrapfig 2003/01/31  v 3.6
)
(/usr/share/texlive/texmf-dist/tex/latex/hyperref/hyperref.sty
Package: hyperref 2012/11/06 v6.83m Hypertext links for LaTeX

(/usr/share/texlive/texmf-dist/tex/generic/oberdiek/hobsub-hyperref.sty
Package: hobsub-hyperref 2012/05/28 v1.13 Bundle oberdiek, subset hyperref (HO)


(/usr/share/texlive/texmf-dist/tex/generic/oberdiek/hobsub-generic.sty
Package: hobsub-generic 2012/05/28 v1.13 Bundle oberdiek, subset generic (HO)
Package: hobsub 2012/05/28 v1.13 Construct package bundles (HO)
Package hobsub Info: Skipping package `infwarerr' (already loaded).
Package hobsub Info: Skipping package `ltxcmds' (already loaded).
Package: ifluatex 2010/03/01 v1.3 Provides the ifluatex switch (HO)
Package ifluatex Info: LuaTeX not detected.
Package: ifvtex 2010/03/01 v1.5 Detect VTeX and its facilities (HO)
Package ifvtex Info: VTeX not detected.
Package: intcalc 2007/09/27 v1.1 Expandable calculations with integers (HO)
Package: ifpdf 2011/01/30 v2.3 Provides the ifpdf switch (HO)
Package ifpdf Info: pdfTeX in PDF mode is detected.
Package: etexcmds 2011/02/16 v1.5 Avoid name clashes with e-TeX commands (HO)
Package etexcmds Info: Could not find \expanded.
(etexcmds)             That can mean that you are not using pdfTeX 1.50 or
(etexcmds)             that some package has redefined \expanded.
(etexcmds)             In the latter case, load this package earlier.
Package: kvsetkeys 2012/04/25 v1.16 Key value parser (HO)
Package: kvdefinekeys 2011/04/07 v1.3 Define keys (HO)
Package: pdftexcmds 2011/11/29 v0.20 Utility functions of pdfTeX for LuaTeX (HO
)
Package pdftexcmds Info: LuaTeX not detected.
Package pdftexcmds Info: \pdf@primitive is available.
Package pdftexcmds Info: \pdf@ifprimitive is available.
Package pdftexcmds Info: \pdfdraftmode found.
Package: pdfescape 2011/11/25 v1.13 Implements pdfTeX's escape features (HO)
Package: bigintcalc 2012/04/08 v1.3 Expandable calculations on big integers (HO
)
Package: bitset 2011/01/30 v1.1 Handle bit-vector datatype (HO)
Package: uniquecounter 2011/01/30 v1.2 Provide unlimited unique counter (HO)
)
Package hobsub Info: Skipping package `hobsub' (already loaded).
Package: letltxmacro 2010/09/02 v1.4 Let assignment for LaTeX macros (HO)
Package: hopatch 2012/05/28 v1.2 Wrapper for package hooks (HO)
Package: xcolor-patch 2011/01/30 xcolor patch
Package: atveryend 2011/06/30 v1.8 Hooks at the very end of document (HO)
Package atveryend Info: \enddocument detected (standard20110627).
Package: atbegshi 2011/10/05 v1.16 At begin shipout hook (HO)
Package: refcount 2011/10/16 v3.4 Data extraction from label references (HO)
Package: hycolor 2011/01/30 v1.7 Color options for hyperref/bookmark (HO)
)
(/usr/share/texlive/texmf-dist/tex/generic/ifxetex/ifxetex.sty
Package: ifxetex 2010/09/12 v0.6 Provides ifxetex conditional
)
(/usr/share/texlive/texmf-dist/tex/latex/oberdiek/auxhook.sty
Package: auxhook 2011/03/04 v1.3 Hooks for auxiliary files (HO)
)
(/usr/share/texlive/texmf-dist/tex/latex/oberdiek/kvoptions.sty
Package: kvoptions 2011/06/30 v3.11 Key value format for package options (HO)
)
\@linkdim=\dimen126
\Hy@linkcounter=\count106
\Hy@pagecounter=\count107

(/usr/share/texlive/texmf-dist/tex/latex/hyperref/pd1enc.def
File: pd1enc.def 2012/11/06 v6.83m Hyperref: PDFDocEncoding definition (HO)
)
\Hy@SavedSpaceFactor=\count108

(/usr/share/texlive/texmf-dist/tex/latex/latexconfig/hyperref.cfg
File: hyperref.cfg 2002/06/06 v1.2 hyperref configuration of TeXLive
)
Package hyperref Info: Hyper figures OFF on input line 4443.
Package hyperref Info: Link nesting OFF on input line 4448.
Package hyperref Info: Hyper index ON on input line 4451.
Package hyperref Info: Plain pages OFF on input line 4458.
Package hyperref Info: Backreferencing OFF on input line 4463.
Package hyperref Info: Implicit mode ON; LaTeX internals redefined.
Package hyperref Info: Bookmarks ON on input line 4688.
\c@Hy@tempcnt=\count109

(/usr/share/texlive/texmf-dist/tex/latex/url/url.sty
\Urlmuskip=\muskip11
Package: url 2013/09/16  ver 3.4  Verb mode for urls, etc.
)
LaTeX Info: Redefining \url on input line 5041.
\XeTeXLinkMargin=\dimen127
\Fld@menulength=\count110
\Field@Width=\dimen128
\Fld@charsize=\dimen129
Package hyperref Info: Hyper figures OFF on input line 6295.
Package hyperref Info: Link nesting OFF on input line 6300.
Package hyperref Info: Hyper index ON on input line 6303.
Package hyperref Info: backreferencing OFF on input line 6310.
Package hyperref Info: Link coloring OFF on input line 6315.
Package hyperref Info: Link coloring with OCG OFF on input line 6320.
Package hyperref Info: PDF/A mode OFF on input line 6325.
LaTeX Info: Redefining \ref on input line 6365.
LaTeX Info: Redefining \pageref on input line 6369.
\Hy@abspage=\count111
\c@Item=\count112
\c@Hfootnote=\count113
)

Package hyperref Message: Driver (autodetected): hpdftex.

(/usr/share/texlive/texmf-dist/tex/latex/hyperref/hpdftex.def
File: hpdftex.def 2012/11/06 v6.83m Hyperref driver for pdfTeX
\Fld@listcount=\count114
\c@bookmark@seq@number=\count115

(/usr/share/texlive/texmf-dist/tex/latex/oberdiek/rerunfilecheck.sty
Package: rerunfilecheck 2011/04/15 v1.7 Rerun checks for auxiliary files (HO)
Package uniquecounter Info: New unique counter `rerunfilecheck' on input line 2
82.
)
\Hy@SectionHShift=\skip53
)
\c@iii=\count116

(./extract.sty (/usr/share/texlive/texmf-dist/tex/latex/environ/environ.sty
Package: environ 2014/05/04 v0.3 A new way to define environments

(/usr/share/texlive/texmf-dist/tex/latex/trimspaces/trimspaces.sty
Package: trimspaces 2009/09/17 v1.1 Trim spaces around a token list
))
(/usr/share/texlive/texmf-dist/tex/latex/etextools/etextools.sty
Package: etextools 2010/12/07 v3.1415926 e-TeX more useful tools for LaTeX pack
age writers

(/usr/share/texlive/texmf-dist/tex/latex/etex-pkg/etex.sty
Package: etex 2016/01/11 v2.6 eTeX basic definition package (PEB,DPC)
\et@xins=\count117
)
(/usr/share/texlive/texmf-dist/tex/latex/etoolbox/etoolbox.sty
Package: etoolbox 2015/08/02 v2.2a e-TeX tools for LaTeX (JAW)
\etb@tempcnta=\count118
)
\ettl@fter=\count119
\ettl@for@nested=\count277
)
(/usr/share/texmf/tex/latex/preview/preview.sty
Package: preview 2010/02/14 11.88 (AUCTeX/preview-latex)

(/usr/share/texmf/tex/latex/preview/prtightpage.def
\PreviewBorder=\dimen130
)
\pr@snippet=\count120
\pr@box=\box29
\pr@output=\toks28
)
\c@propcounter=\count121
\mybox=\box30
)
\c@theorem=\count122
\c@statement=\count123
\c@lemma=\count124
\c@fact=\count125
\c@problem=\count126
\c@corollary=\count127
\c@conjecture=\count128
\c@project=\count129
\c@definition=\count130
\c@notation=\count131


LaTeX Warning: Unused global option(s):
    [nopagetitle].

(source_extraction/results/1611.03251.aux)
\openout1 = `1611.03251.aux'.

LaTeX Font Info:    Checking defaults for OML/cmm/m/it on input line 43.
LaTeX Font Info:    ... okay on input line 43.
LaTeX Font Info:    Checking defaults for T1/cmr/m/n on input line 43.
LaTeX Font Info:    ... okay on input line 43.
LaTeX Font Info:    Checking defaults for OT1/cmr/m/n on input line 43.
LaTeX Font Info:    ... okay on input line 43.
LaTeX Font Info:    Checking defaults for OMS/cmsy/m/n on input line 43.
LaTeX Font Info:    ... okay on input line 43.
LaTeX Font Info:    Checking defaults for OMX/cmex/m/n on input line 43.
LaTeX Font Info:    ... okay on input line 43.
LaTeX Font Info:    Checking defaults for U/cmr/m/n on input line 43.
LaTeX Font Info:    ... okay on input line 43.
LaTeX Font Info:    Checking defaults for PD1/pdf/m/n on input line 43.
LaTeX Font Info:    ... okay on input line 43.

(/usr/share/texlive/texmf-dist/tex/context/base/supp-pdf.mkii
[Loading MPS to PDF converter (version 2006.09.02).]
\scratchcounter=\count132
\scratchdimen=\dimen131
\scratchbox=\box31
\nofMPsegments=\count133
\nofMParguments=\count134
\everyMPshowfont=\toks29
\MPscratchCnt=\count135
\MPscratchDim=\dimen132
\MPnumerator=\count136
\makeMPintoPDFobject=\count137
\everyMPtoPDFconversion=\toks30
) (/usr/share/texlive/texmf-dist/tex/latex/oberdiek/epstopdf-base.sty
Package: epstopdf-base 2010/02/09 v2.5 Base part for package epstopdf

(/usr/share/texlive/texmf-dist/tex/latex/oberdiek/grfext.sty
Package: grfext 2010/08/19 v1.1 Manage graphics extensions (HO)
)
Package grfext Info: Graphics extension search list:
(grfext)             [.png,.pdf,.jpg,.mps,.jpeg,.jbig2,.jb2,.PNG,.PDF,.JPG,.JPE
G,.JBIG2,.JB2,.eps]
(grfext)             \AppendGraphicsExtensions on input line 452.

(/usr/share/texlive/texmf-dist/tex/latex/latexconfig/epstopdf-sys.cfg
File: epstopdf-sys.cfg 2010/07/13 v1.3 Configuration of (r)epstopdf for TeX Liv
e
))
\AtBeginShipoutBox=\box32
Package hyperref Info: Link coloring OFF on input line 43.

(/usr/share/texlive/texmf-dist/tex/latex/hyperref/nameref.sty
Package: nameref 2012/10/27 v2.43 Cross-referencing by name of section

(/usr/share/texlive/texmf-dist/tex/generic/oberdiek/gettitlestring.sty
Package: gettitlestring 2010/12/03 v1.4 Cleanup title references (HO)
)
\c@section@level=\count138
)
LaTeX Info: Redefining \ref on input line 43.
LaTeX Info: Redefining \pageref on input line 43.
LaTeX Info: Redefining \nameref on input line 43.

(source_extraction/results/1611.03251.out)
(source_extraction/results/1611.03251.out)
\@outlinefile=\write4
\openout4 = `1611.03251.out'.


Preview: Fontsize 12pt
Preview: PDFoutput 1
\extractedfile=\write5
\openout5 = `propositions.txt'.

LaTeX Font Info:    Try loading font information for U+msa on input line 45.
(/usr/share/texlive/texmf-dist/tex/latex/amsfonts/umsa.fd
File: umsa.fd 2013/01/14 v3.01 AMS symbols A
)
LaTeX Font Info:    Try loading font information for U+msb on input line 45.

(/usr/share/texlive/texmf-dist/tex/latex/amsfonts/umsb.fd
File: umsb.fd 2013/01/14 v3.01 AMS symbols B
)
Preview: Tightpage -32891 -32891 32891 32891
[1{/var/lib/texmf/fonts/map/pdftex/updmap/pdftex.map}]
Overfull \hbox (220.87595pt too wide) in paragraph at lines 51--55
[]\OT1/cmr/m/n/10.95 The well-known Helly's theorem [[]] claims. [] 
 []

! Undefined control sequence.
\pr@startbox ...uter \toks@ {#2}\edef \pr@cleanup 
                                                  {\the \toks@ }\setbox \pr@...
l.55 \end{theorem}
                  
The control sequence at the end of the top line
of your error message was never \def'ed. If you have
misspelled it (e.g., `\hobx'), type `I' and the correct
spelling (e.g., `I\hbox'). Otherwise just continue,
and I'll forget about whatever was undefined.

! Undefined control sequence.
\pr@startbox ...uter \toks@ {#2}\edef \pr@cleanup 
                                                  {\the \toks@ }\setbox \pr@...
l.55 \end{theorem}
                  
The control sequence at the end of the top line
of your error message was never \def'ed. If you have
misspelled it (e.g., `\hobx'), type `I' and the correct
spelling (e.g., `I\hbox'). Otherwise just continue,
and I'll forget about whatever was undefined.

! Argument of \@refstar has an extra }.
<inserted text> 
                \par 
l.55 \end{theorem}
                  
I've run across a `}' that doesn't seem to match anything.
For example, `\def\a#1{...}' and `\a}' would produce
this error. If you simply proceed now, the `\par' that
I've just inserted will cause me to report a runaway
argument that might be the root of the problem. But if
your `}' was spurious, just type `2' and it will go away.

Runaway argument?
! Paragraph ended before \@refstar was complete.
<to be read again> 
                   \par 
l.55 \end{theorem}
                  
I suspect you've forgotten a `}', causing me to apply this
control sequence to too much text. How can we recover?
My plan is to forget the whole thing and hope for the best.

! Undefined control sequence.
\pr@startbox ...uter \toks@ {#2}\edef \pr@cleanup 
                                                  {\the \toks@ }\setbox \pr@...
l.55 \end{theorem}
                  
The control sequence at the end of the top line
of your error message was never \def'ed. If you have
misspelled it (e.g., `\hobx'), type `I' and the correct
spelling (e.g., `I\hbox'). Otherwise just continue,
and I'll forget about whatever was undefined.

! Incomplete \iffalse; all text was ignored after line 55.
<inserted text> 
                \fi 
l.55 \end{theorem}
                  
A forbidden control sequence occurred in skipped text.
This kind of error happens when you say `\if...' and forget
the matching `\fi'. I've inserted a `\fi'; this might work.

! Incomplete \iffalse; all text was ignored after line 55.
<inserted text> 
                \fi 
l.55 \end{theorem}
                  
A forbidden control sequence occurred in skipped text.
This kind of error happens when you say `\if...' and forget
the matching `\fi'. I've inserted a `\fi'; this might work.

Runaway text?
BEGIN Theorem \protect \let \reserved@d = *\def \def theorem{preview}\ETC.
! Forbidden control sequence found while scanning text of \write.
<inserted text> 
                }
l.55 \end{theorem}
                  
I suspect you have forgotten a `}', causing me
to read past where you wanted me to stop.
I'll try to recover; but if the error is serious,
you'd better type `E' or `X' now and fix your file.

Runaway text?
BEGIN Theorem \protect \let \reserved@d = *\def \def theorem{preview}\ETC.
! Forbidden control sequence found while scanning text of \write.
<inserted text> 
                }
l.55 \end{theorem}
                  
I suspect you have forgotten a `}', causing me
to read past where you wanted me to stop.
I'll try to recover; but if the error is serious,
you'd better type `E' or `X' now and fix your file.

[2]
! Undefined control sequence.
\pr@startbox ...uter \toks@ {#2}\edef \pr@cleanup 
                                                  {\the \toks@ }\setbox \pr@...
l.61 	\end{problem}
                   
The control sequence at the end of the top line
of your error message was never \def'ed. If you have
misspelled it (e.g., `\hobx'), type `I' and the correct
spelling (e.g., `I\hbox'). Otherwise just continue,
and I'll forget about whatever was undefined.

! Undefined control sequence.
\pr@startbox ...uter \toks@ {#2}\edef \pr@cleanup 
                                                  {\the \toks@ }\setbox \pr@...
l.61 	\end{problem}
                   
The control sequence at the end of the top line
of your error message was never \def'ed. If you have
misspelled it (e.g., `\hobx'), type `I' and the correct
spelling (e.g., `I\hbox'). Otherwise just continue,
and I'll forget about whatever was undefined.

! Argument of \@refstar has an extra }.
<inserted text> 
                \par 
l.61 	\end{problem}
                   
I've run across a `}' that doesn't seem to match anything.
For example, `\def\a#1{...}' and `\a}' would produce
this error. If you simply proceed now, the `\par' that
I've just inserted will cause me to report a runaway
argument that might be the root of the problem. But if
your `}' was spurious, just type `2' and it will go away.

Runaway argument?
! Paragraph ended before \@refstar was complete.
<to be read again> 
                   \par 
l.61 	\end{problem}
                   
I suspect you've forgotten a `}', causing me to apply this
control sequence to too much text. How can we recover?
My plan is to forget the whole thing and hope for the best.

! Undefined control sequence.
\pr@startbox ...uter \toks@ {#2}\edef \pr@cleanup 
                                                  {\the \toks@ }\setbox \pr@...
l.61 	\end{problem}
                   
The control sequence at the end of the top line
of your error message was never \def'ed. If you have
misspelled it (e.g., `\hobx'), type `I' and the correct
spelling (e.g., `I\hbox'). Otherwise just continue,
and I'll forget about whatever was undefined.

! Incomplete \iffalse; all text was ignored after line 61.
<inserted text> 
                \fi 
l.61 	\end{problem}
                   
A forbidden control sequence occurred in skipped text.
This kind of error happens when you say `\if...' and forget
the matching `\fi'. I've inserted a `\fi'; this might work.

! Incomplete \iffalse; all text was ignored after line 61.
<inserted text> 
                \fi 
l.61 	\end{problem}
                   
A forbidden control sequence occurred in skipped text.
This kind of error happens when you say `\if...' and forget
the matching `\fi'. I've inserted a `\fi'; this might work.

Runaway text?
BEGIN Problem \protect \let \reserved@d = *\def \def problem{preview}\ETC.
! Forbidden control sequence found while scanning text of \write.
<inserted text> 
                }
l.61 	\end{problem}
                   
I suspect you have forgotten a `}', causing me
to read past where you wanted me to stop.
I'll try to recover; but if the error is serious,
you'd better type `E' or `X' now and fix your file.

Runaway text?
BEGIN Problem \protect \let \reserved@d = *\def \def problem{preview}\ETC.
! Forbidden control sequence found while scanning text of \write.
<inserted text> 
                }
l.61 	\end{problem}
                   
I suspect you have forgotten a `}', causing me
to read past where you wanted me to stop.
I'll try to recover; but if the error is serious,
you'd better type `E' or `X' now and fix your file.

[3]
! Undefined control sequence.
\pr@startbox ...uter \toks@ {#2}\edef \pr@cleanup 
                                                  {\the \toks@ }\setbox \pr@...
l.66 \end{theorem}
                  
The control sequence at the end of the top line
of your error message was never \def'ed. If you have
misspelled it (e.g., `\hobx'), type `I' and the correct
spelling (e.g., `I\hbox'). Otherwise just continue,
and I'll forget about whatever was undefined.

! Undefined control sequence.
\pr@startbox ...uter \toks@ {#2}\edef \pr@cleanup 
                                                  {\the \toks@ }\setbox \pr@...
l.66 \end{theorem}
                  
The control sequence at the end of the top line
of your error message was never \def'ed. If you have
misspelled it (e.g., `\hobx'), type `I' and the correct
spelling (e.g., `I\hbox'). Otherwise just continue,
and I'll forget about whatever was undefined.

! Argument of \@refstar has an extra }.
<inserted text> 
                \par 
l.66 \end{theorem}
                  
I've run across a `}' that doesn't seem to match anything.
For example, `\def\a#1{...}' and `\a}' would produce
this error. If you simply proceed now, the `\par' that
I've just inserted will cause me to report a runaway
argument that might be the root of the problem. But if
your `}' was spurious, just type `2' and it will go away.

Runaway argument?
! Paragraph ended before \@refstar was complete.
<to be read again> 
                   \par 
l.66 \end{theorem}
                  
I suspect you've forgotten a `}', causing me to apply this
control sequence to too much text. How can we recover?
My plan is to forget the whole thing and hope for the best.

! Undefined control sequence.
\pr@startbox ...uter \toks@ {#2}\edef \pr@cleanup 
                                                  {\the \toks@ }\setbox \pr@...
l.66 \end{theorem}
                  
The control sequence at the end of the top line
of your error message was never \def'ed. If you have
misspelled it (e.g., `\hobx'), type `I' and the correct
spelling (e.g., `I\hbox'). Otherwise just continue,
and I'll forget about whatever was undefined.

! Incomplete \iffalse; all text was ignored after line 66.
<inserted text> 
                \fi 
l.66 \end{theorem}
                  
A forbidden control sequence occurred in skipped text.
This kind of error happens when you say `\if...' and forget
the matching `\fi'. I've inserted a `\fi'; this might work.

! Incomplete \iffalse; all text was ignored after line 66.
<inserted text> 
                \fi 
l.66 \end{theorem}
                  
A forbidden control sequence occurred in skipped text.
This kind of error happens when you say `\if...' and forget
the matching `\fi'. I've inserted a `\fi'; this might work.

Runaway text?
BEGIN Theorem \protect \let \reserved@d = *\def \def theorem{preview}\ETC.
! Forbidden control sequence found while scanning text of \write.
<inserted text> 
                }
l.66 \end{theorem}
                  
I suspect you have forgotten a `}', causing me
to read past where you wanted me to stop.
I'll try to recover; but if the error is serious,
you'd better type `E' or `X' now and fix your file.

Runaway text?
BEGIN Theorem \protect \let \reserved@d = *\def \def theorem{preview}\ETC.
! Forbidden control sequence found while scanning text of \write.
<inserted text> 
                }
l.66 \end{theorem}
                  
I suspect you have forgotten a `}', causing me
to read past where you wanted me to stop.
I'll try to recover; but if the error is serious,
you'd better type `E' or `X' now and fix your file.


LaTeX Warning: Reference `section:proofoftheoremhellyeigenvectors' on page 1 un
defined on input line 67.

[4]
Overfull \hbox (16.42503pt too wide) in paragraph at lines 74--74
[][] 
 []

! Undefined control sequence.
\pr@startbox ...uter \toks@ {#2}\edef \pr@cleanup 
                                                  {\the \toks@ }\setbox \pr@...
l.74 \end{problem}
                  
The control sequence at the end of the top line
of your error message was never \def'ed. If you have
misspelled it (e.g., `\hobx'), type `I' and the correct
spelling (e.g., `I\hbox'). Otherwise just continue,
and I'll forget about whatever was undefined.

! Undefined control sequence.
\pr@startbox ...uter \toks@ {#2}\edef \pr@cleanup 
                                                  {\the \toks@ }\setbox \pr@...
l.74 \end{problem}
                  
The control sequence at the end of the top line
of your error message was never \def'ed. If you have
misspelled it (e.g., `\hobx'), type `I' and the correct
spelling (e.g., `I\hbox'). Otherwise just continue,
and I'll forget about whatever was undefined.

! Argument of \@refstar has an extra }.
<inserted text> 
                \par 
l.74 \end{problem}
                  
I've run across a `}' that doesn't seem to match anything.
For example, `\def\a#1{...}' and `\a}' would produce
this error. If you simply proceed now, the `\par' that
I've just inserted will cause me to report a runaway
argument that might be the root of the problem. But if
your `}' was spurious, just type `2' and it will go away.

Runaway argument?
! Paragraph ended before \@refstar was complete.
<to be read again> 
                   \par 
l.74 \end{problem}
                  
I suspect you've forgotten a `}', causing me to apply this
control sequence to too much text. How can we recover?
My plan is to forget the whole thing and hope for the best.

! Undefined control sequence.
\pr@startbox ...uter \toks@ {#2}\edef \pr@cleanup 
                                                  {\the \toks@ }\setbox \pr@...
l.74 \end{problem}
                  
The control sequence at the end of the top line
of your error message was never \def'ed. If you have
misspelled it (e.g., `\hobx'), type `I' and the correct
spelling (e.g., `I\hbox'). Otherwise just continue,
and I'll forget about whatever was undefined.

! Incomplete \iffalse; all text was ignored after line 74.
<inserted text> 
                \fi 
l.74 \end{problem}
                  
A forbidden control sequence occurred in skipped text.
This kind of error happens when you say `\if...' and forget
the matching `\fi'. I've inserted a `\fi'; this might work.

! Incomplete \iffalse; all text was ignored after line 74.
<inserted text> 
                \fi 
l.74 \end{problem}
                  
A forbidden control sequence occurred in skipped text.
This kind of error happens when you say `\if...' and forget
the matching `\fi'. I've inserted a `\fi'; this might work.

Runaway text?
BEGIN Problem \protect \let \reserved@d = *\def \def problem{preview}\ETC.
! Forbidden control sequence found while scanning text of \write.
<inserted text> 
                }
l.74 \end{problem}
                  
I suspect you have forgotten a `}', causing me
to read past where you wanted me to stop.
I'll try to recover; but if the error is serious,
you'd better type `E' or `X' now and fix your file.

Runaway text?
BEGIN Problem \protect \let \reserved@d = *\def \def problem{preview}\ETC.
! Forbidden control sequence found while scanning text of \write.
<inserted text> 
                }
l.74 \end{problem}
                  
I suspect you have forgotten a `}', causing me
to read past where you wanted me to stop.
I'll try to recover; but if the error is serious,
you'd better type `E' or `X' now and fix your file.

[5]
Overfull \hbox (16.42503pt too wide) in paragraph at lines 81--81
[][] 
 []

! Undefined control sequence.
\pr@startbox ...uter \toks@ {#2}\edef \pr@cleanup 
                                                  {\the \toks@ }\setbox \pr@...
l.81 \end{conjecture}
                     
The control sequence at the end of the top line
of your error message was never \def'ed. If you have
misspelled it (e.g., `\hobx'), type `I' and the correct
spelling (e.g., `I\hbox'). Otherwise just continue,
and I'll forget about whatever was undefined.

! Undefined control sequence.
\pr@startbox ...uter \toks@ {#2}\edef \pr@cleanup 
                                                  {\the \toks@ }\setbox \pr@...
l.81 \end{conjecture}
                     
The control sequence at the end of the top line
of your error message was never \def'ed. If you have
misspelled it (e.g., `\hobx'), type `I' and the correct
spelling (e.g., `I\hbox'). Otherwise just continue,
and I'll forget about whatever was undefined.

! Argument of \@refstar has an extra }.
<inserted text> 
                \par 
l.81 \end{conjecture}
                     
I've run across a `}' that doesn't seem to match anything.
For example, `\def\a#1{...}' and `\a}' would produce
this error. If you simply proceed now, the `\par' that
I've just inserted will cause me to report a runaway
argument that might be the root of the problem. But if
your `}' was spurious, just type `2' and it will go away.

Runaway argument?
! Paragraph ended before \@refstar was complete.
<to be read again> 
                   \par 
l.81 \end{conjecture}
                     
I suspect you've forgotten a `}', causing me to apply this
control sequence to too much text. How can we recover?
My plan is to forget the whole thing and hope for the best.

! Undefined control sequence.
\pr@startbox ...uter \toks@ {#2}\edef \pr@cleanup 
                                                  {\the \toks@ }\setbox \pr@...
l.81 \end{conjecture}
                     
The control sequence at the end of the top line
of your error message was never \def'ed. If you have
misspelled it (e.g., `\hobx'), type `I' and the correct
spelling (e.g., `I\hbox'). Otherwise just continue,
and I'll forget about whatever was undefined.

! Incomplete \iffalse; all text was ignored after line 81.
<inserted text> 
                \fi 
l.81 \end{conjecture}
                     
A forbidden control sequence occurred in skipped text.
This kind of error happens when you say `\if...' and forget
the matching `\fi'. I've inserted a `\fi'; this might work.

! Incomplete \iffalse; all text was ignored after line 81.
<inserted text> 
                \fi 
l.81 \end{conjecture}
                     
A forbidden control sequence occurred in skipped text.
This kind of error happens when you say `\if...' and forget
the matching `\fi'. I've inserted a `\fi'; this might work.

Runaway text?
BEGIN Conjecture \protect \let \reserved@d = *\def \def conjecture{pr\ETC.
! Forbidden control sequence found while scanning text of \write.
<inserted text> 
                }
l.81 \end{conjecture}
                     
I suspect you have forgotten a `}', causing me
to read past where you wanted me to stop.
I'll try to recover; but if the error is serious,
you'd better type `E' or `X' now and fix your file.

Runaway text?
BEGIN Conjecture \protect \let \reserved@d = *\def \def conjecture{pr\ETC.
! Forbidden control sequence found while scanning text of \write.
<inserted text> 
                }
l.81 \end{conjecture}
                     
I suspect you have forgotten a `}', causing me
to read past where you wanted me to stop.
I'll try to recover; but if the error is serious,
you'd better type `E' or `X' now and fix your file.

[6]
Overfull \hbox (16.42503pt too wide) in paragraph at lines 87--87
[][] 
 []

! Undefined control sequence.
\pr@startbox ...uter \toks@ {#2}\edef \pr@cleanup 
                                                  {\the \toks@ }\setbox \pr@...
l.87 \end{theorem}
                  
The control sequence at the end of the top line
of your error message was never \def'ed. If you have
misspelled it (e.g., `\hobx'), type `I' and the correct
spelling (e.g., `I\hbox'). Otherwise just continue,
and I'll forget about whatever was undefined.

! Undefined control sequence.
\pr@startbox ...uter \toks@ {#2}\edef \pr@cleanup 
                                                  {\the \toks@ }\setbox \pr@...
l.87 \end{theorem}
                  
The control sequence at the end of the top line
of your error message was never \def'ed. If you have
misspelled it (e.g., `\hobx'), type `I' and the correct
spelling (e.g., `I\hbox'). Otherwise just continue,
and I'll forget about whatever was undefined.

! Argument of \@refstar has an extra }.
<inserted text> 
                \par 
l.87 \end{theorem}
                  
I've run across a `}' that doesn't seem to match anything.
For example, `\def\a#1{...}' and `\a}' would produce
this error. If you simply proceed now, the `\par' that
I've just inserted will cause me to report a runaway
argument that might be the root of the problem. But if
your `}' was spurious, just type `2' and it will go away.

Runaway argument?
! Paragraph ended before \@refstar was complete.
<to be read again> 
                   \par 
l.87 \end{theorem}
                  
I suspect you've forgotten a `}', causing me to apply this
control sequence to too much text. How can we recover?
My plan is to forget the whole thing and hope for the best.

! Undefined control sequence.
\pr@startbox ...uter \toks@ {#2}\edef \pr@cleanup 
                                                  {\the \toks@ }\setbox \pr@...
l.87 \end{theorem}
                  
The control sequence at the end of the top line
of your error message was never \def'ed. If you have
misspelled it (e.g., `\hobx'), type `I' and the correct
spelling (e.g., `I\hbox'). Otherwise just continue,
and I'll forget about whatever was undefined.

! Incomplete \iffalse; all text was ignored after line 87.
<inserted text> 
                \fi 
l.87 \end{theorem}
                  
A forbidden control sequence occurred in skipped text.
This kind of error happens when you say `\if...' and forget
the matching `\fi'. I've inserted a `\fi'; this might work.

! Incomplete \iffalse; all text was ignored after line 87.
<inserted text> 
                \fi 
l.87 \end{theorem}
                  
A forbidden control sequence occurred in skipped text.
This kind of error happens when you say `\if...' and forget
the matching `\fi'. I've inserted a `\fi'; this might work.

Runaway text?
BEGIN Theorem \protect \let \reserved@d = *\def \def theorem{preview}\ETC.
! Forbidden control sequence found while scanning text of \write.
<inserted text> 
                }
l.87 \end{theorem}
                  
I suspect you have forgotten a `}', causing me
to read past where you wanted me to stop.
I'll try to recover; but if the error is serious,
you'd better type `E' or `X' now and fix your file.

Runaway text?
BEGIN Theorem \protect \let \reserved@d = *\def \def theorem{preview}\ETC.
! Forbidden control sequence found while scanning text of \write.
<inserted text> 
                }
l.87 \end{theorem}
                  
I suspect you have forgotten a `}', causing me
to read past where you wanted me to stop.
I'll try to recover; but if the error is serious,
you'd better type `E' or `X' now and fix your file.

[7]
Overfull \hbox (128.95667pt too wide) in paragraph at lines 88--93
\OT1/cmr/m/n/10.95 be of independent interest. [] 
 []

! Undefined control sequence.
\pr@startbox ...uter \toks@ {#2}\edef \pr@cleanup 
                                                  {\the \toks@ }\setbox \pr@...
l.93 \end{lemma}
                
The control sequence at the end of the top line
of your error message was never \def'ed. If you have
misspelled it (e.g., `\hobx'), type `I' and the correct
spelling (e.g., `I\hbox'). Otherwise just continue,
and I'll forget about whatever was undefined.

! Undefined control sequence.
\pr@startbox ...uter \toks@ {#2}\edef \pr@cleanup 
                                                  {\the \toks@ }\setbox \pr@...
l.93 \end{lemma}
                
The control sequence at the end of the top line
of your error message was never \def'ed. If you have
misspelled it (e.g., `\hobx'), type `I' and the correct
spelling (e.g., `I\hbox'). Otherwise just continue,
and I'll forget about whatever was undefined.

! Argument of \@refstar has an extra }.
<inserted text> 
                \par 
l.93 \end{lemma}
                
I've run across a `}' that doesn't seem to match anything.
For example, `\def\a#1{...}' and `\a}' would produce
this error. If you simply proceed now, the `\par' that
I've just inserted will cause me to report a runaway
argument that might be the root of the problem. But if
your `}' was spurious, just type `2' and it will go away.

Runaway argument?
! Paragraph ended before \@refstar was complete.
<to be read again> 
                   \par 
l.93 \end{lemma}
                
I suspect you've forgotten a `}', causing me to apply this
control sequence to too much text. How can we recover?
My plan is to forget the whole thing and hope for the best.

! Undefined control sequence.
\pr@startbox ...uter \toks@ {#2}\edef \pr@cleanup 
                                                  {\the \toks@ }\setbox \pr@...
l.93 \end{lemma}
                
The control sequence at the end of the top line
of your error message was never \def'ed. If you have
misspelled it (e.g., `\hobx'), type `I' and the correct
spelling (e.g., `I\hbox'). Otherwise just continue,
and I'll forget about whatever was undefined.

! Incomplete \iffalse; all text was ignored after line 93.
<inserted text> 
                \fi 
l.93 \end{lemma}
                
A forbidden control sequence occurred in skipped text.
This kind of error happens when you say `\if...' and forget
the matching `\fi'. I've inserted a `\fi'; this might work.

! Incomplete \iffalse; all text was ignored after line 93.
<inserted text> 
                \fi 
l.93 \end{lemma}
                
A forbidden control sequence occurred in skipped text.
This kind of error happens when you say `\if...' and forget
the matching `\fi'. I've inserted a `\fi'; this might work.

Runaway text?
BEGIN Lemma \protect \let \reserved@d = *\def \def lemma{preview}\edef \ETC.
! Forbidden control sequence found while scanning text of \write.
<inserted text> 
                }
l.93 \end{lemma}
                
I suspect you have forgotten a `}', causing me
to read past where you wanted me to stop.
I'll try to recover; but if the error is serious,
you'd better type `E' or `X' now and fix your file.

Runaway text?
BEGIN Lemma \protect \let \reserved@d = *\def \def lemma{preview}\edef \ETC.
! Forbidden control sequence found while scanning text of \write.
<inserted text> 
                }
l.93 \end{lemma}
                
I suspect you have forgotten a `}', causing me
to read past where you wanted me to stop.
I'll try to recover; but if the error is serious,
you'd better type `E' or `X' now and fix your file.


LaTeX Warning: Reference `section:prooftheoremhellyinvariantsubspaces' on page 
2 undefined on input line 94.


Underfull \hbox (badness 10000) in paragraph at lines 109--113

 []

[8]
Overfull \hbox (314.26286pt too wide) in paragraph at lines 119--123
\OT1/cmr/m/n/10.95 for any $\OML/cmm/m/it/10.95 i \OMS/cmsy/m/n/10.95 2 \OT1/cm
r/m/n/10.95 [\OML/cmm/m/it/10.95 k\OT1/cmr/m/n/10.95 ]$. Here $\OML/cmm/m/it/10
.95 X[]$ \OT1/cmr/m/n/10.95 is the set of $\OML/cmm/m/it/10.95 j \OMS/cmsy/m/n/
10.95 2 \OT1/cmr/m/n/10.95 [\OML/cmm/m/it/10.95 k \OT1/cmr/m/n/10.95 + 1\OML/cm
m/m/it/10.95 ; n\OT1/cmr/m/n/10.95 ]$ such that $\OML/cmm/m/it/10.95 ^^V[] \OMS
/cmsy/m/n/10.95 6\OT1/cmr/m/n/10.95 = 0$. [] 
 []

! Undefined control sequence.
\pr@startbox ...uter \toks@ {#2}\edef \pr@cleanup 
                                                  {\the \toks@ }\setbox \pr@...
l.123 \end{fact}
                
The control sequence at the end of the top line
of your error message was never \def'ed. If you have
misspelled it (e.g., `\hobx'), type `I' and the correct
spelling (e.g., `I\hbox'). Otherwise just continue,
and I'll forget about whatever was undefined.

! Undefined control sequence.
\pr@startbox ...uter \toks@ {#2}\edef \pr@cleanup 
                                                  {\the \toks@ }\setbox \pr@...
l.123 \end{fact}
                
The control sequence at the end of the top line
of your error message was never \def'ed. If you have
misspelled it (e.g., `\hobx'), type `I' and the correct
spelling (e.g., `I\hbox'). Otherwise just continue,
and I'll forget about whatever was undefined.

! Argument of \@refstar has an extra }.
<inserted text> 
                \par 
l.123 \end{fact}
                
I've run across a `}' that doesn't seem to match anything.
For example, `\def\a#1{...}' and `\a}' would produce
this error. If you simply proceed now, the `\par' that
I've just inserted will cause me to report a runaway
argument that might be the root of the problem. But if
your `}' was spurious, just type `2' and it will go away.

Runaway argument?
! Paragraph ended before \@refstar was complete.
<to be read again> 
                   \par 
l.123 \end{fact}
                
I suspect you've forgotten a `}', causing me to apply this
control sequence to too much text. How can we recover?
My plan is to forget the whole thing and hope for the best.

! Undefined control sequence.
\pr@startbox ...uter \toks@ {#2}\edef \pr@cleanup 
                                                  {\the \toks@ }\setbox \pr@...
l.123 \end{fact}
                
The control sequence at the end of the top line
of your error message was never \def'ed. If you have
misspelled it (e.g., `\hobx'), type `I' and the correct
spelling (e.g., `I\hbox'). Otherwise just continue,
and I'll forget about whatever was undefined.

! Incomplete \iffalse; all text was ignored after line 123.
<inserted text> 
                \fi 
l.123 \end{fact}
                
A forbidden control sequence occurred in skipped text.
This kind of error happens when you say `\if...' and forget
the matching `\fi'. I've inserted a `\fi'; this might work.

! Incomplete \iffalse; all text was ignored after line 123.
<inserted text> 
                \fi 
l.123 \end{fact}
                
A forbidden control sequence occurred in skipped text.
This kind of error happens when you say `\if...' and forget
the matching `\fi'. I've inserted a `\fi'; this might work.

Runaway text?
BEGIN Fact \protect \let \reserved@d = *\def \def fact{preview}\edef \ETC.
! Forbidden control sequence found while scanning text of \write.
<inserted text> 
                }
l.123 \end{fact}
                
I suspect you have forgotten a `}', causing me
to read past where you wanted me to stop.
I'll try to recover; but if the error is serious,
you'd better type `E' or `X' now and fix your file.

Runaway text?
BEGIN Fact \protect \let \reserved@d = *\def \def fact{preview}\edef \ETC.
! Forbidden control sequence found while scanning text of \write.
<inserted text> 
                }
l.123 \end{fact}
                
I suspect you have forgotten a `}', causing me
to read past where you wanted me to stop.
I'll try to recover; but if the error is serious,
you'd better type `E' or `X' now and fix your file.


LaTeX Warning: Reference `e3' on page 3 undefined on input line 127.

[9]
Overfull \hbox (16.42503pt too wide) in paragraph at lines 131--131
[][] 
 []

! Undefined control sequence.
\pr@startbox ...uter \toks@ {#2}\edef \pr@cleanup 
                                                  {\the \toks@ }\setbox \pr@...
l.131 		\end{fact}
                  
The control sequence at the end of the top line
of your error message was never \def'ed. If you have
misspelled it (e.g., `\hobx'), type `I' and the correct
spelling (e.g., `I\hbox'). Otherwise just continue,
and I'll forget about whatever was undefined.

! Undefined control sequence.
\pr@startbox ...uter \toks@ {#2}\edef \pr@cleanup 
                                                  {\the \toks@ }\setbox \pr@...
l.131 		\end{fact}
                  
The control sequence at the end of the top line
of your error message was never \def'ed. If you have
misspelled it (e.g., `\hobx'), type `I' and the correct
spelling (e.g., `I\hbox'). Otherwise just continue,
and I'll forget about whatever was undefined.

! Argument of \@refstar has an extra }.
<inserted text> 
                \par 
l.131 		\end{fact}
                  
I've run across a `}' that doesn't seem to match anything.
For example, `\def\a#1{...}' and `\a}' would produce
this error. If you simply proceed now, the `\par' that
I've just inserted will cause me to report a runaway
argument that might be the root of the problem. But if
your `}' was spurious, just type `2' and it will go away.

Runaway argument?
! Paragraph ended before \@refstar was complete.
<to be read again> 
                   \par 
l.131 		\end{fact}
                  
I suspect you've forgotten a `}', causing me to apply this
control sequence to too much text. How can we recover?
My plan is to forget the whole thing and hope for the best.

! Undefined control sequence.
\pr@startbox ...uter \toks@ {#2}\edef \pr@cleanup 
                                                  {\the \toks@ }\setbox \pr@...
l.131 		\end{fact}
                  
The control sequence at the end of the top line
of your error message was never \def'ed. If you have
misspelled it (e.g., `\hobx'), type `I' and the correct
spelling (e.g., `I\hbox'). Otherwise just continue,
and I'll forget about whatever was undefined.

! Incomplete \iffalse; all text was ignored after line 131.
<inserted text> 
                \fi 
l.131 		\end{fact}
                  
A forbidden control sequence occurred in skipped text.
This kind of error happens when you say `\if...' and forget
the matching `\fi'. I've inserted a `\fi'; this might work.

! Incomplete \iffalse; all text was ignored after line 131.
<inserted text> 
                \fi 
l.131 		\end{fact}
                  
A forbidden control sequence occurred in skipped text.
This kind of error happens when you say `\if...' and forget
the matching `\fi'. I've inserted a `\fi'; this might work.

Runaway text?
BEGIN Fact \protect \let \reserved@d = *\def \def fact{preview}\edef \ETC.
! Forbidden control sequence found while scanning text of \write.
<inserted text> 
                }
l.131 		\end{fact}
                  
I suspect you have forgotten a `}', causing me
to read past where you wanted me to stop.
I'll try to recover; but if the error is serious,
you'd better type `E' or `X' now and fix your file.

Runaway text?
BEGIN Fact \protect \let \reserved@d = *\def \def fact{preview}\edef \ETC.
! Forbidden control sequence found while scanning text of \write.
<inserted text> 
                }
l.131 		\end{fact}
                  
I suspect you have forgotten a `}', causing me
to read past where you wanted me to stop.
I'll try to recover; but if the error is serious,
you'd better type `E' or `X' now and fix your file.


LaTeX Warning: Reference `e3' on page 3 undefined on input line 141.


LaTeX Warning: Reference `e4' on page 3 undefined on input line 146.


LaTeX Warning: Reference `e4' on page 3 undefined on input line 147.


LaTeX Warning: Reference `e5' on page 4 undefined on input line 151.


LaTeX Warning: Reference `e3' on page 4 undefined on input line 164.


LaTeX Warning: Reference `e6' on page 4 undefined on input line 169.


LaTeX Warning: Reference `e4' on page 4 undefined on input line 169.


LaTeX Warning: Reference `eq:sum' on page 5 undefined on input line 185.

Missing character: There is no  in font cmr10!
Missing character: There is no  in font cmr10!
Missing character: There is no  in font cmr10!
Missing character: There is no  in font cmr10!
Missing character: There is no  in font cmr10!
Missing character: There is no  in font cmr10!
Package atveryend Info: Empty hook `BeforeClearDocument' on input line 217.
Package atveryend Info: Empty hook `AfterLastShipout' on input line 217.
(source_extraction/results/1611.03251.aux)
Package atveryend Info: Executing hook `AtVeryEndDocument' on input line 217.
Package atveryend Info: Executing hook `AtEndAfterFileList' on input line 217.
Package rerunfilecheck Info: File `1611.03251.out' has not changed.
(rerunfilecheck)             Checksum: <no file>.


LaTeX Warning: There were undefined references.

Package atveryend Info: Empty hook `AtVeryVeryEnd' on input line 217.
 )
(\end occurred when \iftrue on line 131 was incomplete)
(\end occurred when \iftrue on line 131 was incomplete)
(\end occurred when \iftrue on line 131 was incomplete)
(\end occurred when \iftrue on line 131 was incomplete)
(\end occurred when \iftrue on line 131 was incomplete)
(\end occurred when \iftrue on line 131 was incomplete)
(\end occurred when \iftrue on line 123 was incomplete)
(\end occurred when \iftrue on line 123 was incomplete)
(\end occurred when \iftrue on line 123 was incomplete)
(\end occurred when \iftrue on line 123 was incomplete)
(\end occurred when \iftrue on line 123 was incomplete)
(\end occurred when \iftrue on line 123 was incomplete)
(\end occurred when \iftrue on line 93 was incomplete)
(\end occurred when \iftrue on line 93 was incomplete)
(\end occurred when \iftrue on line 93 was incomplete)
(\end occurred when \iftrue on line 93 was incomplete)
(\end occurred when \iftrue on line 93 was incomplete)
(\end occurred when \iftrue on line 93 was incomplete)
(\end occurred when \iftrue on line 87 was incomplete)
(\end occurred when \iftrue on line 87 was incomplete)
(\end occurred when \iftrue on line 87 was incomplete)
(\end occurred when \iftrue on line 87 was incomplete)
(\end occurred when \iftrue on line 87 was incomplete)
(\end occurred when \iftrue on line 87 was incomplete)
(\end occurred when \iftrue on line 81 was incomplete)
(\end occurred when \iftrue on line 81 was incomplete)
(\end occurred when \iftrue on line 81 was incomplete)
(\end occurred when \iftrue on line 81 was incomplete)
(\end occurred when \iftrue on line 81 was incomplete)
(\end occurred when \iftrue on line 81 was incomplete)
(\end occurred when \iftrue on line 74 was incomplete)
(\end occurred when \iftrue on line 74 was incomplete)
(\end occurred when \iftrue on line 74 was incomplete)
(\end occurred when \iftrue on line 74 was incomplete)
(\end occurred when \iftrue on line 74 was incomplete)
(\end occurred when \iftrue on line 74 was incomplete)
(\end occurred when \iftrue on line 66 was incomplete)
(\end occurred when \iftrue on line 66 was incomplete)
(\end occurred when \iftrue on line 66 was incomplete)
(\end occurred when \iftrue on line 66 was incomplete)
(\end occurred when \iftrue on line 66 was incomplete)
(\end occurred when \iftrue on line 66 was incomplete)
(\end occurred when \iftrue on line 61 was incomplete)
(\end occurred when \iftrue on line 61 was incomplete)
(\end occurred when \iftrue on line 61 was incomplete)
(\end occurred when \iftrue on line 61 was incomplete)
(\end occurred when \iftrue on line 61 was incomplete)
(\end occurred when \iftrue on line 61 was incomplete)
(\end occurred when \iftrue on line 55 was incomplete)
(\end occurred when \iftrue on line 55 was incomplete)
(\end occurred when \iftrue on line 55 was incomplete)
(\end occurred when \iftrue on line 55 was incomplete)
(\end occurred when \iftrue on line 55 was incomplete)
(\end occurred when \iftrue on line 55 was incomplete) 
Here is how much of TeX's memory you used:
 8146 strings out of 494779
 116830 string characters out of 6179263
 228194 words of memory out of 5000000
 11287 multiletter control sequences out of 15000+600000
 14829 words of font info for 54 fonts, out of 8000000 for 9000
 184 hyphenation exceptions out of 8191
 30i,9n,28p,1694b,435s stack positions out of 5000i,500n,10000p,200000b,80000s
</usr/share/texlive/texmf
-dist/fonts/type1/public/amsfonts/cm/cmbx10.pfb></usr/share/texlive/texmf-dist/
fonts/type1/public/amsfonts/cm/cmex10.pfb></usr/share/texlive/texmf-dist/fonts/
type1/public/amsfonts/cm/cmmi10.pfb></usr/share/texlive/texmf-dist/fonts/type1/
public/amsfonts/cm/cmmi8.pfb></usr/share/texlive/texmf-dist/fonts/type1/public/
amsfonts/cm/cmr10.pfb></usr/share/texlive/texmf-dist/fonts/type1/public/amsfont
s/cm/cmr8.pfb></usr/share/texlive/texmf-dist/fonts/type1/public/amsfonts/cm/cms
y10.pfb></usr/share/texlive/texmf-dist/fonts/type1/public/amsfonts/cm/cmsy8.pfb
></usr/share/texlive/texmf-dist/fonts/type1/public/amsfonts/cm/cmti10.pfb></usr
/share/texlive/texmf-dist/fonts/type1/public/amsfonts/symbols/msam10.pfb></usr/
share/texlive/texmf-dist/fonts/type1/public/amsfonts/symbols/msbm10.pfb>
Output written on source_extraction/results/1611.03251.pdf (9 pages, 108755 byt
es).
PDF statistics:
 102 PDF objects out of 1000 (max. 8388607)
 69 compressed objects within 1 object stream
 9 named destinations out of 1000 (max. 500000)
 1 words of extra memory for PDF output out of 10000 (max. 10000000)

