This is pdfTeX, Version 3.14159265-2.6-1.40.16 (TeX Live 2015/Debian) (preloaded format=pdflatex 2017.8.22)  14 OCT 2018 21:52
entering extended mode
 restricted \write18 enabled.
 %&-line parsing enabled.
**source_extraction/results/1611.07830.tex
(./source_extraction/results/1611.07830.tex
LaTeX2e <2016/02/01>
Babel <3.9q> and hyphenation patterns for 1 language(s) loaded.
(/usr/share/texlive/texmf-dist/tex/latex/base/article.cls
Document Class: article 2014/09/29 v1.4h Standard LaTeX document class
(/usr/share/texlive/texmf-dist/tex/latex/base/size10.clo
File: size10.clo 2014/09/29 v1.4h Standard LaTeX file (size option)
)
\c@part=\count79
\c@section=\count80
\c@subsection=\count81
\c@subsubsection=\count82
\c@paragraph=\count83
\c@subparagraph=\count84
\c@figure=\count85
\c@table=\count86
\abovecaptionskip=\skip41
\belowcaptionskip=\skip42
\bibindent=\dimen102
)
(/usr/share/texlive/texmf-dist/tex/latex/base/inputenc.sty
Package: inputenc 2015/03/17 v1.2c Input encoding file
\inpenc@prehook=\toks14
\inpenc@posthook=\toks15

(/usr/share/texlive/texmf-dist/tex/latex/base/latin1.def
File: latin1.def 2015/03/17 v1.2c Input encoding file
))
(/usr/share/texlive/texmf-dist/tex/latex/graphics/graphicx.sty
Package: graphicx 2014/10/28 v1.0g Enhanced LaTeX Graphics (DPC,SPQR)

(/usr/share/texlive/texmf-dist/tex/latex/graphics/keyval.sty
Package: keyval 2014/10/28 v1.15 key=value parser (DPC)
\KV@toks@=\toks16
)
(/usr/share/texlive/texmf-dist/tex/latex/graphics/graphics.sty
Package: graphics 2016/01/03 v1.0q Standard LaTeX Graphics (DPC,SPQR)

(/usr/share/texlive/texmf-dist/tex/latex/graphics/trig.sty
Package: trig 2016/01/03 v1.10 sin cos tan (DPC)
)
(/usr/share/texlive/texmf-dist/tex/latex/latexconfig/graphics.cfg
File: graphics.cfg 2010/04/23 v1.9 graphics configuration of TeX Live
)
Package graphics Info: Driver file: pdftex.def on input line 95.

(/usr/share/texlive/texmf-dist/tex/latex/pdftex-def/pdftex.def
File: pdftex.def 2011/05/27 v0.06d Graphics/color for pdfTeX

(/usr/share/texlive/texmf-dist/tex/generic/oberdiek/infwarerr.sty
Package: infwarerr 2010/04/08 v1.3 Providing info/warning/error messages (HO)
)
(/usr/share/texlive/texmf-dist/tex/generic/oberdiek/ltxcmds.sty
Package: ltxcmds 2011/11/09 v1.22 LaTeX kernel commands for general use (HO)
)
\Gread@gobject=\count87
))
\Gin@req@height=\dimen103
\Gin@req@width=\dimen104
)
(/usr/share/texlive/texmf-dist/tex/latex/amsfonts/amssymb.sty
Package: amssymb 2013/01/14 v3.01 AMS font symbols

(/usr/share/texlive/texmf-dist/tex/latex/amsfonts/amsfonts.sty
Package: amsfonts 2013/01/14 v3.01 Basic AMSFonts support
\@emptytoks=\toks17
\symAMSa=\mathgroup4
\symAMSb=\mathgroup5
LaTeX Font Info:    Overwriting math alphabet `\mathfrak' in version `bold'
(Font)                  U/euf/m/n --> U/euf/b/n on input line 106.
))
(/usr/share/texlive/texmf-dist/tex/latex/ntheorem/ntheorem.sty
Style `ntheorem', Version 1.33 <2011/08/15>
Package: ntheorem 2011/08/15 1.33
(/usr/share/texlive/texmf-dist/tex/latex/base/ifthen.sty
Package: ifthen 2014/09/29 v1.1c Standard LaTeX ifthen package (DPC)
)
\theorem@style=\toks18
\theorem@@style=\toks19
\theorembodyfont=\toks20
\theoremnumbering=\toks21
\theorempreskipamount=\skip43
\theorempostskipamount=\skip44
\theoremframepreskipamount=\skip45
\theoremframepostskipamount=\skip46
\theoreminframepreskipamount=\skip47
\theoreminframepostskipamount=\skip48
\theorem@preskip=\toks22
\theorem@postskip=\toks23
\theorem@framepreskip=\toks24
\theorem@framepostskip=\toks25
\theorem@inframepreskip=\toks26
\theorem@inframepostskip=\toks27
\theoremindent=\dimen105
\theorem@indent=\dimen106
\theoremrightindent=\dimen107
\theorem@rightindent=\dimen108
\theoremheaderfont=\toks28
\theoremseparator=\toks29
\theoremprework=\toks30
\theorempostwork=\toks31
\theoremsymbol=\toks32
\qedsymbol=\toks33
\theoremkeyword=\toks34
\qedsymbol=\toks35
\thm@topsep=\skip49
\thm@topsepadd=\skip50
Package ntheorem Info: Option `thmmarks' loaded on input line 1175.
\c@endNonectr=\count88
\c@currNonectr=\count89
\mysavskip=\skip51
)
(/usr/share/texlive/texmf-dist/tex/generic/xypic/xy.sty
(/usr/share/texlive/texmf-dist/tex/generic/xypic/xy.tex Bootstrap'ing:
catcodes, docmode, (/usr/share/texlive/texmf-dist/tex/generic/xypic/xyrecat.tex
) (/usr/share/texlive/texmf-dist/tex/generic/xypic/xyidioms.tex)

 Xy-pic version 3.8.9 <2013/10/06>
 Copyright (c) 1991-2013 by Kristoffer H. Rose <krisrose@tug.org> and others
 Xy-pic is free software: see the User's Guide for details.

Loading kernel: messages; fonts; allocations: state,
\X@c=\dimen109
\Y@c=\dimen110
\U@c=\dimen111
\D@c=\dimen112
\L@c=\dimen113
\R@c=\dimen114
\Edge@c=\toks36
\X@p=\dimen115
\Y@p=\dimen116
\U@p=\dimen117
\D@p=\dimen118
\L@p=\dimen119
\R@p=\dimen120
\Edge@p=\toks37
\X@origin=\dimen121
\Y@origin=\dimen122
\X@xbase=\dimen123
\Y@xbase=\dimen124
\X@ybase=\dimen125
\Y@ybase=\dimen126
\X@min=\dimen127
\Y@min=\dimen128
\X@max=\dimen129
\Y@max=\dimen130
\lastobjectbox@=\box26
\zerodotbox@=\box27
\almostz@=\dimen131
 direction,
\d@X=\dimen132
\d@Y=\dimen133
\K@=\count90
\KK@=\count91
\Direction=\count92
\K@dXdY=\dimen134
\K@dYdX=\dimen135
\xyread@=\read1
\xywrite@=\write3
\csp@=\count93
\quotPTK@=\dimen136

utility macros; pictures: \xy, positions,
\swaptoks@@=\toks38
\connectobjectbox@@=\box28
 objects,
\styletoks@=\toks39
 decorations;
kernel objects: directionals, circles, text; options; algorithms: directions,
edges, connections;  Xy-pic loaded)
(/usr/share/texlive/texmf-dist/tex/generic/oberdiek/ifpdf.sty
Package: ifpdf 2011/01/30 v2.3 Provides the ifpdf switch (HO)
Package ifpdf Info: pdfTeX in PDF mode is detected.
)
Package: xy 2013/10/06 Xy-pic version 3.8.9

(/usr/share/texlive/texmf-dist/tex/generic/xypic/xyall.tex
 Xy-pic option: All features v.3.8
(/usr/share/texlive/texmf-dist/tex/generic/xypic/xycurve.tex
 Xy-pic option: Curve and Spline extension v.3.12 curve,
\crv@cnt@=\count94
\crvpts@=\toks40
\splinebox@=\box29
\splineval@=\dimen137
\splinedepth@=\dimen138
\splinetol@=\dimen139
\splinelength@=\dimen140
 circles,
\L@=\dimen141
 loaded)
(/usr/share/texlive/texmf-dist/tex/generic/xypic/xyframe.tex
 Xy-pic option: Frame and Bracket extension v.3.14 loaded)
(/usr/share/texlive/texmf-dist/tex/generic/xypic/xycmtip.tex
 Xy-pic option: Computer Modern tip extension v.3.7
(/usr/share/texlive/texmf-dist/tex/generic/xypic/xytips.tex
 Xy-pic option: More Tips extension v.3.11 loaded) loaded)
(/usr/share/texlive/texmf-dist/tex/generic/xypic/xyline.tex
 Xy-pic option: Line styles extension v.3.10
\xylinethick@=\dimen142
 loaded)
(/usr/share/texlive/texmf-dist/tex/generic/xypic/xyrotate.tex
 Xy-pic option: Rotate and Scale extension v.3.8 loaded)
(/usr/share/texlive/texmf-dist/tex/generic/xypic/xycolor.tex
 Xy-pic option: Colour extension v.3.11 loaded)
(/usr/share/texlive/texmf-dist/tex/generic/xypic/xymatrix.tex
 Xy-pic option: Matrix feature v.3.14
\Row=\count95
\Col=\count96
\queue@=\toks41
\queue@@=\toks42
\qcount@=\count97
\qcount@@=\count98
\matrixsize@=\count99
 loaded)
(/usr/share/texlive/texmf-dist/tex/generic/xypic/xyarrow.tex
 Xy-pic option: Arrow and Path feature v.3.9 path, \ar, loaded)
(/usr/share/texlive/texmf-dist/tex/generic/xypic/xygraph.tex
 Xy-pic option: Graph feature v.3.11 loaded) loaded)
(/usr/share/texlive/texmf-dist/tex/generic/xypic/xypdf.tex
 Xy-pic option: PDF driver v.1.7 Xy-pic pdf driver: `color' extension support
(/usr/share/texlive/texmf-dist/tex/generic/xypic/xypdf-co.tex loaded)
Xy-pic pdf driver: `curve' extension support
(/usr/share/texlive/texmf-dist/tex/generic/xypic/xypdf-cu.tex loaded)
Xy-pic pdf driver: `frame' extension support
(/usr/share/texlive/texmf-dist/tex/generic/xypic/xypdf-fr.tex loaded)
Xy-pic pdf driver: `line' extension support
(/usr/share/texlive/texmf-dist/tex/generic/xypic/xypdf-li.tex loaded)
Xy-pic pdf driver: `rotate' extension support
(/usr/share/texlive/texmf-dist/tex/generic/xypic/xypdf-ro.tex loaded) loaded))
(./extract.sty (/usr/share/texlive/texmf-dist/tex/latex/environ/environ.sty
Package: environ 2014/05/04 v0.3 A new way to define environments

(/usr/share/texlive/texmf-dist/tex/latex/trimspaces/trimspaces.sty
Package: trimspaces 2009/09/17 v1.1 Trim spaces around a token list
)
\@envbody=\toks43
)
(/usr/share/texlive/texmf-dist/tex/latex/amsmath/amsgen.sty
File: amsgen.sty 1999/11/30 v2.0 generic functions
\@emptytoks=\toks44
\ex@=\dimen143
)
(/usr/share/texlive/texmf-dist/tex/latex/etextools/etextools.sty
Package: etextools 2010/12/07 v3.1415926 e-TeX more useful tools for LaTeX pack
age writers

(/usr/share/texlive/texmf-dist/tex/latex/etex-pkg/etex.sty
Package: etex 2016/01/11 v2.6 eTeX basic definition package (PEB,DPC)
\et@xins=\count100
)
(/usr/share/texlive/texmf-dist/tex/latex/etoolbox/etoolbox.sty
Package: etoolbox 2015/08/02 v2.2a e-TeX tools for LaTeX (JAW)
\etb@tempcnta=\count101
)
(/usr/share/texlive/texmf-dist/tex/latex/oberdiek/letltxmacro.sty
Package: letltxmacro 2010/09/02 v1.4 Let assignment for LaTeX macros (HO)
)
\ettl@fter=\count102
\ettl@for@nested=\count277
)
(/usr/share/texmf/tex/latex/preview/preview.sty
Package: preview 2010/02/14 11.88 (AUCTeX/preview-latex)

(/usr/share/texmf/tex/latex/preview/prtightpage.def
\PreviewBorder=\dimen144
)
\pr@snippet=\count103
\pr@box=\box30
\pr@output=\toks45
)
\c@propcounter=\count104
\mybox=\box31
)
\c@currtheoremctr=\count105
\c@endtheoremctr=\count106


! LaTeX Error: No counter '' defined.

See the LaTeX manual or LaTeX Companion for explanation.
Type  H <return>  for immediate help.
 ...                                              
                                                  
l.54 \newtheorem
                {definition}{Definition}
Your command was ignored.
Type  I <command> <return>  to replace it with another command,
or  <return>  to continue without it.

\c@currdefinitionctr=\count107
\c@enddefinitionctr=\count108

! LaTeX Error: No counter '' defined.

See the LaTeX manual or LaTeX Companion for explanation.
Type  H <return>  for immediate help.
 ...                                              
                                                  
l.55 \newtheorem
                {lemma}{Lemma}
Your command was ignored.
Type  I <command> <return>  to replace it with another command,
or  <return>  to continue without it.

\c@currlemmactr=\count109
\c@endlemmactr=\count110

! LaTeX Error: No counter '' defined.

See the LaTeX manual or LaTeX Companion for explanation.
Type  H <return>  for immediate help.
 ...                                              
                                                  
l.56 \newtheorem
                {cor}{Corollary}
Your command was ignored.
Type  I <command> <return>  to replace it with another command,
or  <return>  to continue without it.

\c@currcorctr=\count111
\c@endcorctr=\count112

! LaTeX Error: No counter '' defined.

See the LaTeX manual or LaTeX Companion for explanation.
Type  H <return>  for immediate help.
 ...                                              
                                                  
l.57 \newtheorem
                {propo}{Proposition}
Your command was ignored.
Type  I <command> <return>  to replace it with another command,
or  <return>  to continue without it.

\c@currpropoctr=\count113
\c@endpropoctr=\count114

! LaTeX Error: No counter '' defined.

See the LaTeX manual or LaTeX Companion for explanation.
Type  H <return>  for immediate help.
 ...                                              
                                                  
l.58 \theoremstyle
                  {nonumberplain}
Your command was ignored.
Type  I <command> <return>  to replace it with another command,
or  <return>  to continue without it.

\c@currdemoctr=\count115
\c@enddemoctr=\count116

! LaTeX Error: No counter '' defined.

See the LaTeX manual or LaTeX Companion for explanation.
Type  H <return>  for immediate help.
 ...                                              
                                                  
l.63 \makeatletter
                  
Your command was ignored.
Type  I <command> <return>  to replace it with another command,
or  <return>  to continue without it.

(source_extraction/results/1611.07830.aux)
\openout1 = `1611.07830.aux'.

LaTeX Font Info:    Checking defaults for OML/cmm/m/it on input line 72.
LaTeX Font Info:    ... okay on input line 72.
LaTeX Font Info:    Checking defaults for T1/cmr/m/n on input line 72.
LaTeX Font Info:    ... okay on input line 72.
LaTeX Font Info:    Checking defaults for OT1/cmr/m/n on input line 72.
LaTeX Font Info:    ... okay on input line 72.
LaTeX Font Info:    Checking defaults for OMS/cmsy/m/n on input line 72.
LaTeX Font Info:    ... okay on input line 72.
LaTeX Font Info:    Checking defaults for OMX/cmex/m/n on input line 72.
LaTeX Font Info:    ... okay on input line 72.
LaTeX Font Info:    Checking defaults for U/cmr/m/n on input line 72.
LaTeX Font Info:    ... okay on input line 72.

(/usr/share/texlive/texmf-dist/tex/context/base/supp-pdf.mkii
[Loading MPS to PDF converter (version 2006.09.02).]
\scratchcounter=\count117
\scratchdimen=\dimen145
\scratchbox=\box32
\nofMPsegments=\count118
\nofMParguments=\count119
\everyMPshowfont=\toks46
\MPscratchCnt=\count120
\MPscratchDim=\dimen146
\MPnumerator=\count121
\makeMPintoPDFobject=\count122
\everyMPtoPDFconversion=\toks47
) (/usr/share/texlive/texmf-dist/tex/generic/oberdiek/pdftexcmds.sty
Package: pdftexcmds 2011/11/29 v0.20 Utility functions of pdfTeX for LuaTeX (HO
)

(/usr/share/texlive/texmf-dist/tex/generic/oberdiek/ifluatex.sty
Package: ifluatex 2010/03/01 v1.3 Provides the ifluatex switch (HO)
Package ifluatex Info: LuaTeX not detected.
)
Package pdftexcmds Info: LuaTeX not detected.
Package pdftexcmds Info: \pdf@primitive is available.
Package pdftexcmds Info: \pdf@ifprimitive is available.
Package pdftexcmds Info: \pdfdraftmode found.
)
(/usr/share/texlive/texmf-dist/tex/latex/oberdiek/epstopdf-base.sty
Package: epstopdf-base 2010/02/09 v2.5 Base part for package epstopdf

(/usr/share/texlive/texmf-dist/tex/latex/oberdiek/grfext.sty
Package: grfext 2010/08/19 v1.1 Manage graphics extensions (HO)

(/usr/share/texlive/texmf-dist/tex/generic/oberdiek/kvdefinekeys.sty
Package: kvdefinekeys 2011/04/07 v1.3 Define keys (HO)
))
(/usr/share/texlive/texmf-dist/tex/latex/oberdiek/kvoptions.sty
Package: kvoptions 2011/06/30 v3.11 Key value format for package options (HO)

(/usr/share/texlive/texmf-dist/tex/generic/oberdiek/kvsetkeys.sty
Package: kvsetkeys 2012/04/25 v1.16 Key value parser (HO)

(/usr/share/texlive/texmf-dist/tex/generic/oberdiek/etexcmds.sty
Package: etexcmds 2011/02/16 v1.5 Avoid name clashes with e-TeX commands (HO)
Package etexcmds Info: Could not find \expanded.
(etexcmds)             That can mean that you are not using pdfTeX 1.50 or
(etexcmds)             that some package has redefined \expanded.
(etexcmds)             In the latter case, load this package earlier.
)))
Package grfext Info: Graphics extension search list:
(grfext)             [.png,.pdf,.jpg,.mps,.jpeg,.jbig2,.jb2,.PNG,.PDF,.JPG,.JPE
G,.JBIG2,.JB2,.eps]
(grfext)             \AppendGraphicsExtensions on input line 452.

(/usr/share/texlive/texmf-dist/tex/latex/latexconfig/epstopdf-sys.cfg
File: epstopdf-sys.cfg 2010/07/13 v1.3 Configuration of (r)epstopdf for TeX Liv
e
))
LaTeX Font Info:    Try loading font information for U+msa on input line 72.

(/usr/share/texlive/texmf-dist/tex/latex/amsfonts/umsa.fd
File: umsa.fd 2013/01/14 v3.01 AMS symbols A
)
LaTeX Font Info:    Try loading font information for U+msb on input line 72.

(/usr/share/texlive/texmf-dist/tex/latex/amsfonts/umsb.fd
File: umsb.fd 2013/01/14 v3.01 AMS symbols B
)
Package xypdf Info: Line width: 0.39998pt on input line 72.

Preview: Fontsize 10pt
Preview: PDFoutput 1
\extractedfile=\write4
\openout4 = `propositions.txt'.

(source_extraction/results/1611.07830.toc)
\tf@toc=\write5
\openout5 = `1611.07830.toc'.


Overfull \hbox (1.83401pt too wide) in paragraph at lines 88--89
\OT1/cmr/m/n/10 Noncommutative geometry, as initiated by Alain Connes, is an op
erator algebraic
 []


Overfull \hbox (1.52843pt too wide) in paragraph at lines 88--89
\OT1/cmr/m/n/10 framework which generalizes Riemannian manifolds in a way which
 harmoniously
 []


Overfull \hbox (6.8617pt too wide) in paragraph at lines 88--89
\OT1/cmr/m/n/10 gathers continuous and discrete spaces, as well as truly noncom
mutative examples.
 []


Underfull \hbox (badness 1107) in paragraph at lines 92--92
[][]\OT1/cmr/m/n/8 Actually, we are also mainly interested in the potential phy
sical applications of
 []


Overfull \hbox (0.13937pt too wide) in paragraph at lines 92--93
[]\OT1/cmr/m/n/10 However, it should be stressed that the solution we will prop
ose is incomplete.
 []


LaTeX Warning: Reference `sec24' on page 4 undefined on input line 118.


LaTeX Warning: Reference `sec27' on page 4 undefined on input line 118.

LaTeX Font Info:    Try loading font information for OMS+cmr on input line 136.

(/usr/share/texlive/texmf-dist/tex/latex/base/omscmr.fd
File: omscmr.fd 2014/09/29 v2.5h Standard LaTeX font definitions
)
LaTeX Font Info:    Font shape `OMS/cmr/m/n' in size <10> not available
(Font)              Font shape `OMS/cmsy/m/n' tried instead on input line 136.

Overfull \hbox (10.16037pt too wide) in paragraph at lines 136--137
\OT1/cmr/m/n/10 symmetric (or complex sesquilinear hermitian) form is the tripl
e $(\OML/cmm/m/it/10 n[]; n[]; n[]\OT1/cmr/m/n/10 )$,
 []


Overfull \hbox (2.51857pt too wide) in paragraph at lines 138--139
[]\OT1/cmr/m/n/10 The real Clifford algebra $\OML/cmm/m/it/10 Cl\OT1/cmr/m/n/10
 (\OML/cmm/m/it/10 V; Q\OT1/cmr/m/n/10 )$ is defined using the following conven
tion[] 
 []

Preview: Tightpage -32891 -32891 32891 32891
[1{/var/lib/texmf/fonts/map/pdftex/updmap/pdftex.map}]
Overfull \hbox (15.0pt too wide) in paragraph at lines 250--250
[][] 
 []

[2]
Overfull \hbox (15.0pt too wide) in paragraph at lines 257--257
[][] 
 []

[3]
Overfull \hbox (15.0pt too wide) in paragraph at lines 329--329
[][] 
 []

[4]
Overfull \hbox (15.0pt too wide) in paragraph at lines 340--340
[][] 
 []


Overfull \hbox (9.88963pt too wide) in paragraph at lines 354--355
\OT1/cmr/m/n/10 automorphism $\OML/cmm/m/it/10 ^^[ \OMS/cmsy/m/n/10 ^^N \OML/cm
m/m/it/10 T$ \OT1/cmr/m/n/10 will then appear naturally as an adjunction, and i
ts exceptional
 []

[5]
Overfull \hbox (15.0pt too wide) in paragraph at lines 361--361
[][] 
 []

[6]
Overfull \hbox (15.0pt too wide) in paragraph at lines 400--400
[][] 
 []

[7]
Overfull \hbox (15.0pt too wide) in paragraph at lines 418--418
[][] 
 []


Overfull \hbox (1.79572pt too wide) in paragraph at lines 422--423
[]\OT1/cmr/m/n/10 Note that the multiplicative property (2 ) of the $\OML/cmm/m
/it/10 ^^[$\OT1/cmr/m/n/10 -product does not generalize
 []

[8]
Overfull \hbox (15.0pt too wide) in paragraph at lines 427--427
[][] 
 []

[9]
Overfull \hbox (15.0pt too wide) in paragraph at lines 436--436
[][] 
 []


Overfull \hbox (0.59486pt too wide) in paragraph at lines 442--443
[]\OT1/cmr/m/n/10 Taking a $\OML/cmm/m/it/10 Q$\OT1/cmr/m/n/10 -pseudo-orthonor
mal basis $(\OML/cmm/m/it/10 e[]\OT1/cmr/m/n/10 )[]$ in $\OML/cmm/m/it/10 V$\OT
1/cmr/m/n/10 , then the decomposition 
 []

[10]
Overfull \hbox (15.0pt too wide) in paragraph at lines 450--450
[][] 
 []

[11]
Overfull \hbox (15.0pt too wide) in paragraph at lines 453--453
[][] 
 []


LaTeX Warning: Reference `decompcliff' on page 11 undefined on input line 455.


Overfull \hbox (2.55605pt too wide) in paragraph at lines 455--456
[]\OT1/cmr/m/n/10 Here is another way to understand why the decomposition ([]) 
is independent
 []


LaTeX Warning: Reference `isotheta' on page 11 undefined on input line 472.

[12]
Overfull \hbox (15.0pt too wide) in paragraph at lines 551--551
[][] 
 []

[13]
Overfull \hbox (15.0pt too wide) in paragraph at lines 553--553
[][] 
 []

[14]
Overfull \hbox (15.0pt too wide) in paragraph at lines 558--558
[][] 
 []


LaTeX Warning: Reference `KreinCliff' on page 12 undefined on input line 564.

[15]
Overfull \hbox (15.0pt too wide) in paragraph at lines 564--564
[][] 
 []

[16]
Overfull \hbox (15.0pt too wide) in paragraph at lines 579--579
[][] 
 []


LaTeX Warning: Reference `cstarstruccliff' on page 12 undefined on input line 5
91.


Overfull \hbox (3.0128pt too wide) in paragraph at lines 590--593
[]\OT1/cmr/bx/n/9 Remark: \OT1/cmr/m/n/9 Another specific feature of Euclidean 
real structures is that the involution
 []

[17]
Overfull \hbox (15.0pt too wide) in paragraph at lines 615--615
[][] 
 []

[18]
Overfull \hbox (15.0pt too wide) in paragraph at lines 620--620
[][] 
 []


Overfull \hbox (9.98672pt too wide) in paragraph at lines 632--633
[]\OT1/cmr/m/n/10 Every minimal left ideal of $\U/msb/m/n/10 C\OML/cmm/m/it/10 
l\OT1/cmr/m/n/10 (\OML/cmm/m/it/10 V\OT1/cmr/m/n/10 )$ is an irreducible module
 for the representation
 []


LaTeX Warning: Reference `kreinalgspin' on page 13 undefined on input line 636.


[19]
Overfull \hbox (15.0pt too wide) in paragraph at lines 651--651
[][] 
 []

[20]
Overfull \hbox (15.0pt too wide) in paragraph at lines 667--667
[][] 
 []

[21]
Overfull \hbox (15.0pt too wide) in paragraph at lines 672--672
[][] 
 []

[22]
Overfull \hbox (15.0pt too wide) in paragraph at lines 677--677
[][] 
 []

[23]
Overfull \hbox (15.0pt too wide) in paragraph at lines 690--690
[][] 
 []

[24]
Overfull \hbox (15.0pt too wide) in paragraph at lines 704--704
[][] 
 []


Overfull \hbox (30.11533pt too wide) in paragraph at lines 710--710
[]\OT1/cmr/bx/n/12 Characterization of the Lorentz and anti-Lorentz signatures 

 []


Overfull \hbox (3.13866pt too wide) in paragraph at lines 719--720
[]$\OML/cmm/m/it/10 Q$ \OT1/cmr/m/n/10 has the anti-Lorentz signature iff there
 exists a line $\OML/cmm/m/it/10 L$ \OT1/cmr/m/n/10 such that $\OML/cmm/m/it/10
 B\OT1/cmr/m/n/10 (\OML/cmm/m/it/10 s[]\OT1/cmr/m/n/10 (\OML/cmm/m/it/10 :\OT1/
cmr/m/n/10 )\OML/cmm/m/it/10 ; :\OT1/cmr/m/n/10 )$
 []

[25]
Overfull \hbox (15.0pt too wide) in paragraph at lines 737--737
[][] 
 []

[26]
Overfull \hbox (15.0pt too wide) in paragraph at lines 752--752
[][] 
 []

[27]
Overfull \hbox (15.0pt too wide) in paragraph at lines 759--759
[][] 
 []

[28]
Overfull \hbox (15.0pt too wide) in paragraph at lines 795--795
[][] 
 []

[29]
Overfull \hbox (15.0pt too wide) in paragraph at lines 798--798
[][] 
 []

[30]
Overfull \hbox (15.0pt too wide) in paragraph at lines 805--805
[][] 
 []

[31]
Overfull \hbox (15.0pt too wide) in paragraph at lines 810--810
[][] 
 []

[32]
Overfull \hbox (15.0pt too wide) in paragraph at lines 819--819
[][] 
 []

[33]
Overfull \hbox (15.0pt too wide) in paragraph at lines 837--837
[][] 
 []

[34]
Overfull \hbox (15.0pt too wide) in paragraph at lines 848--848
[][] 
 []


Overfull \hbox (8.72292pt too wide) in paragraph at lines 869--870
[]\OT1/cmr/m/n/10 When going from antilorentzian/Lorentzian to Euclidean signat
ure, the volume
 []


Overfull \hbox (11.73381pt too wide) in paragraph at lines 885--886
\OT1/cmr/m/n/10 generally uses the operator $\OML/cmm/m/it/10 J$ \OT1/cmr/m/n/1
0 which selects $\OML/cmm/m/it/10 Cl\OT1/cmr/m/n/10 (\OML/cmm/m/it/10 V; \OMS/c
msy/m/n/10 ^^@\OML/cmm/m/it/10 Q\OT1/cmr/m/n/10 )$ (as originally in [[]]).
 []


Overfull \hbox (5.9767pt too wide) in paragraph at lines 889--890
[]\OT1/cmr/m/n/10 We call $\OMS/cmsy/m/n/10 C$ \OT1/cmr/m/n/10 the \OT1/cmr/m/i
t/10 ungraded charge conjugation \OT1/cmr/m/n/10 and $\OML/cmm/m/it/10 J$ \OT1/
cmr/m/n/10 the \OT1/cmr/m/it/10 graded charge conjugation
 []


Overfull \hbox (6.0664pt too wide) in paragraph at lines 891--892
[]\OT1/cmr/m/n/10 The signs $\OML/cmm/m/it/10 ^^O; ^^O[]; ^^O[]$ \OT1/cmr/m/n/1
0 which are given in the definition of spectral triples correspond
 []


LaTeX Warning: Reference `eq1' on page 22 undefined on input line 993.


LaTeX Warning: Reference `eq2' on page 22 undefined on input line 993.

[35]
Overfull \hbox (15.0pt too wide) in paragraph at lines 1025--1025
[][] 
 []

[36]
Overfull \hbox (15.0pt too wide) in paragraph at lines 1032--1032
[][] 
 []


LaTeX Warning: Reference `sec27' on page 25 undefined on input line 1057.


Overfull \hbox (19.27844pt too wide) in paragraph at lines 1057--1058
\OT1/cmr/m/n/10 distinguishing the even and odd cases, and of translating the w
ords timelike/spacelike
 []


Overfull \hbox (18.36884pt too wide) in paragraph at lines 1064--1065
\OT1/cmr/m/n/10 a \OT1/cmr/m/it/10 spacetime\OT1/cmr/m/n/10 . Hence an oriented
 Lorentzian/antilorentzian manifold admits Euclidean
 []

[37]
Overfull \hbox (15.0pt too wide) in paragraph at lines 1075--1075
[][] 
 []

[38]
Overfull \hbox (15.0pt too wide) in paragraph at lines 1109--1109
[][] 
 []


Overfull \hbox (0.75069pt too wide) in paragraph at lines 1121--1122
\OT1/cmr/m/n/10 Unfortunately this cannot be directly generalized in the noncom
mutative setting.
 []


Overfull \hbox (20.63947pt too wide) in paragraph at lines 1125--1126
[]\OT1/cmr/m/n/10 By progressively enriching the structure we can define variou
s kinds of connections
 []

[39]
Overfull \hbox (15.0pt too wide) in paragraph at lines 1141--1141
[][] 
 []

<xymatrix 2x2 182> <xymatrix 2x2 182>

LaTeX Warning: Reference `append' on page 29 undefined on input line 1201.


LaTeX Warning: Reference `sec54' on page 29 undefined on input line 1203.


Overfull \hbox (21.30034pt too wide) in paragraph at lines 1209--1210
\OT1/cmr/m/n/10 given spinor bundle $\OML/cmm/m/it/10 S$ \OT1/cmr/m/n/10 equipp
ed with $\OML/cmm/m/it/10 c$\OT1/cmr/m/n/10 -compatible spinor metric $\OML/cmm
/m/it/10 H$ \OT1/cmr/m/n/10 and representation
 []


Overfull \hbox (12.11514pt too wide) in paragraph at lines 1213--1214
\OT1/cmr/m/n/10 space orientable we can consider a space-orientation[] form $\O
ML/cmm/m/it/10 ^^L$\OT1/cmr/m/n/10 , and the corresponding
 []


LaTeX Warning: Reference `sec23' on page 30 undefined on input line 1219.


Overfull \hbox (12.584pt too wide) in paragraph at lines 1221--1222
[]\OT1/cmr/m/n/10 The canonical spectral ``triple'' of a Riemannian spin manifo
ld of even dimension
 []


Overfull \hbox (1.50899pt too wide) in paragraph at lines 1221--1222
\OT1/cmr/m/n/10 canonical Dirac operator $\OML/cmm/m/it/10 D$\OT1/cmr/m/n/10 , 
charge conjugation operator $\OML/cmm/m/it/10 J$ \OT1/cmr/m/n/10 and chirality 
operator
 []


Overfull \hbox (4.76448pt too wide) in paragraph at lines 1226--1227
\OT1/cmr/m/n/10 Given what we have done just above, characterizing the Lorentzi
an/antilorentzian
 []


Overfull \hbox (23.27853pt too wide) in paragraph at lines 1226--1227
\OT1/cmr/m/n/10 signature of a manifold metric purely in terms of the data avai
lable in noncommutative
 []

[40]
Overfull \hbox (15.0pt too wide) in paragraph at lines 1234--1234
[][] 
 []

[41]
Overfull \hbox (15.0pt too wide) in paragraph at lines 1248--1248
[][] 
 []


Overfull \hbox (18.0378pt too wide) in paragraph at lines 1258--1261
\OT1/cmr/m/n/9 (noncommutative) time functions in noncommutative geometry ([[]]
), the equivalence
 []


Overfull \hbox (13.60283pt too wide) in paragraph at lines 1267--1267
[]\OT1/cmr/bx/n/12 Wick rotation of the gamma matrices and Dirac operator 
 []


LaTeX Warning: Reference `formule11' on page 32 undefined on input line 1322.


LaTeX Warning: Reference `wickdirac' on page 33 undefined on input line 1341.


LaTeX Warning: Reference `wd3' on page 33 undefined on input line 1341.


LaTeX Warning: Reference `wd2' on page 33 undefined on input line 1368.


LaTeX Warning: Reference `wickdirac' on page 34 undefined on input line 1427.


Underfull \hbox (badness 6641) in paragraph at lines 1489--1489
[]\OT1/cmr/m/n/10 The left representation $\OML/cmm/m/it/10 L$ \OT1/cmr/m/n/10 
of $\U/msb/m/n/10 C\OML/cmm/m/it/10 l\OT1/cmr/m/n/10 (\OML/cmm/m/it/10 V\OT1/cm
r/m/n/10 )$ on
 []

[42]

LaTeX Warning: Reference `kreinmultadj' on page 34 undefined on input line 1509
.

[43]
Overfull \hbox (15.0pt too wide) in paragraph at lines 1509--1509
[][] 
 []


Overfull \hbox (15.64511pt too wide) in paragraph at lines 1533--1534
\OT1/cmr/m/n/10 another Euclidean real structure, then $(\U/msb/m/n/10 C\OML/cm
m/m/it/10 l\OT1/cmr/m/n/10 (\OML/cmm/m/it/10 V\OT1/cmr/m/n/10 )\OML/cmm/m/it/10
 ; \OMS/cmsy/m/n/10 ^^B[]\OML/cmm/m/it/10 ; \OMS/cmsy/m/n/10 k\OML/cmm/m/it/10 
:\OMS/cmsy/m/n/10 k[]\OT1/cmr/m/n/10 )$ and $(\U/msb/m/n/10 C\OML/cmm/m/it/10 l
\OT1/cmr/m/n/10 (\OML/cmm/m/it/10 V\OT1/cmr/m/n/10 )\OML/cmm/m/it/10 ; \OMS/cms
y/m/n/10 ^^B[]\OML/cmm/m/it/10 ; \OMS/cmsy/m/n/10 k\OML/cmm/m/it/10 :\OMS/cmsy/
m/n/10 k[]\OT1/cmr/m/n/10 )$
 []


LaTeX Warning: Reference `sec33' on page 36 undefined on input line 1537.

[44]
Overfull \hbox (15.0pt too wide) in paragraph at lines 1542--1542
[][] 
 []

[45]
Overfull \hbox (15.0pt too wide) in paragraph at lines 1565--1565
[][] 
 []


LaTeX Warning: Reference `kreinprod' on page 37 undefined on input line 1567.

[46]
Overfull \hbox (15.0pt too wide) in paragraph at lines 1571--1571
[][] 
 []


Underfull \hbox (badness 10000) in paragraph at lines 1668--1668
\OT1/cmr/m/n/10 from which we infer that $[][] \OML/cmm/m/it/10 ^^M\OT1/cmr/m/n
/10 (\OML/cmm/m/it/10 dx[]\OT1/cmr/m/n/10 )\OMS/cmsy/m/n/10 r[] \OT1/cmr/m/n/10
 = [][] \OMS/cmsy/m/n/10 r[]\OML/cmm/m/it/10 ^^M\OT1/cmr/m/n/10 (\OML/cmm/m/it/
10 dx[]\OT1/cmr/m/n/10 ) +
 []


Overfull \hbox (55.17093pt too wide) detected at line 1668
[] \OML/cmm/m/it/10 dx [] [] \OT1/cmr/m/n/10 = 0
 []


Overfull \hbox (14.7229pt too wide) detected at line 1668
[] \OML/cmm/m/it/10 dx[] [] [] dx \OT1/cmr/m/n/10 = 0
 []


Overfull \hbox (62.39725pt too wide) in alignment at lines 1668--1668
 [][][] []
 []


Overfull \hbox (8.1084pt too wide) detected at line 1668
[] \OML/cmm/m/it/10 dx[]f [] [] \OT1/cmr/m/n/10 = 0
 []

[47]
Overfull \hbox (15.0pt too wide) in paragraph at lines 1668--1668
[][] 
 []


Overfull \vbox (303.79128pt too high) has occurred while \output is active []


Underfull \hbox (badness 10000) in paragraph at lines 1675--1677
[]\OT1/cmr/m/n/10 H. Baum, \OT1/cmr/m/it/10 Spin-Strukturen und Dirac-Operatore
n ^^?uber
 []


Underfull \hbox (badness 1087) in paragraph at lines 1678--1679
[]\OT1/cmr/m/n/10 N. Berline, E. Getzler, M. Vergne, \OT1/cmr/m/it/10 Heat Kern
els and Dirac
 []


Underfull \hbox (badness 7415) in paragraph at lines 1682--1683
[]\OT1/cmr/m/n/10 F. Besnard, \OT1/cmr/m/it/10 Noncommutative ordered spaces, e
xamples and
 []


Underfull \hbox (badness 2042) in paragraph at lines 1690--1691
[]\OT1/cmr/m/n/10 F. Finster, M. Nardmann, \OT1/cmr/m/it/10 Some curvature prob
lems in semi-
 []


Underfull \hbox (badness 10000) in paragraph at lines 1695--1696
[]\OT1/cmr/m/n/10 D.J.H. Garling, \OT1/cmr/m/it/10 Clifford Algebras, an introd
uction\OT1/cmr/m/n/10 , London
 []


Underfull \hbox (badness 1072) in paragraph at lines 1695--1696
\OT1/cmr/m/n/10 Mathematical Society Student Texts \OT1/cmr/bx/n/10 78\OT1/cmr/
m/n/10 , Cambridge University Press
 []


Underfull \hbox (badness 10000) in paragraph at lines 1696--1697
[]\OT1/cmr/m/n/10 K. Kawamura, \OT1/cmr/m/it/10 Algebra with indefinite involut
ion and its
 []


Underfull \hbox (badness 7981) in paragraph at lines 1698--1699
[]\OT1/cmr/m/n/10 M. Marcolli, W. D. van Suijlekom, \OT1/cmr/m/it/10 Gauge Netw
orks in
 []


Underfull \hbox (badness 10000) in paragraph at lines 1698--1699
\OT1/cmr/m/it/10 noncommutative geometry\OT1/cmr/m/n/10 , J. Geom. Phys. \OT1/c
mr/bx/n/10 75\OT1/cmr/m/n/10 , 71--91 (2014),
 []


Underfull \hbox (badness 1292) in paragraph at lines 1706--1707
[]\OT1/cmr/m/n/10 M. S^^Sanchez, \OT1/cmr/m/it/10 Causal hierarchy of spacetime
s, temporal functions
 []


Underfull \hbox (badness 2460) in paragraph at lines 1707--1709
[]\OT1/cmr/m/n/10 H. Schroeder, \OT1/cmr/m/it/10 On the definition of geometric
 Dirac operators\OT1/cmr/m/n/10 ,
 []

\tf@thm=\write6
\openout6 = `1611.07830.thm'.

(source_extraction/results/1611.07830.aux)

LaTeX Warning: There were undefined references.

 ) 
Here is how much of TeX's memory you used:
 6174 strings out of 494779
 79741 string characters out of 6179263
 224171 words of memory out of 5000000
 9304 multiletter control sequences out of 15000+600000
 17506 words of font info for 69 fonts, out of 8000000 for 9000
 184 hyphenation exceptions out of 8191
 38i,12n,26p,3286b,436s stack positions out of 5000i,500n,10000p,200000b,80000s
</usr/share/texlive/texmf-dist/fonts/type1/public/amsfonts/cm/cmbx10.pfb></us
r/share/texlive/texmf-dist/fonts/type1/public/amsfonts/cm/cmex10.pfb></usr/shar
e/texlive/texmf-dist/fonts/type1/public/amsfonts/cm/cmmi10.pfb></usr/share/texl
ive/texmf-dist/fonts/type1/public/amsfonts/cm/cmmi5.pfb></usr/share/texlive/tex
mf-dist/fonts/type1/public/amsfonts/cm/cmmi7.pfb></usr/share/texlive/texmf-dist
/fonts/type1/public/amsfonts/cm/cmr10.pfb></usr/share/texlive/texmf-dist/fonts/
type1/public/amsfonts/cm/cmr5.pfb></usr/share/texlive/texmf-dist/fonts/type1/pu
blic/amsfonts/cm/cmr7.pfb></usr/share/texlive/texmf-dist/fonts/type1/public/ams
fonts/cm/cmsy10.pfb></usr/share/texlive/texmf-dist/fonts/type1/public/amsfonts/
cm/cmsy5.pfb></usr/share/texlive/texmf-dist/fonts/type1/public/amsfonts/cm/cmsy
7.pfb></usr/share/texlive/texmf-dist/fonts/type1/public/amsfonts/cm/cmti10.pfb>
</usr/share/texlive/texmf-dist/fonts/type1/public/amsfonts/symbols/msbm10.pfb><
/usr/share/texlive/texmf-dist/fonts/type1/public/amsfonts/symbols/msbm7.pfb>
Output written on source_extraction/results/1611.07830.pdf (47 pages, 203111 by
tes).
PDF statistics:
 213 PDF objects out of 1000 (max. 8388607)
 148 compressed objects within 2 object streams
 0 named destinations out of 1000 (max. 500000)
 1 words of extra memory for PDF output out of 10000 (max. 10000000)

