This is pdfTeX, Version 3.14159265-2.6-1.40.16 (TeX Live 2015/Debian) (preloaded format=pdflatex 2017.8.22)  14 OCT 2018 21:53
entering extended mode
 restricted \write18 enabled.
 %&-line parsing enabled.
**source_extraction/results/1705.03073.tex
(./source_extraction/results/1705.03073.tex
LaTeX2e <2016/02/01>
Babel <3.9q> and hyphenation patterns for 1 language(s) loaded.
(/usr/share/texlive/texmf-dist/tex/latex/base/article.cls
Document Class: article 2014/09/29 v1.4h Standard LaTeX document class
(/usr/share/texlive/texmf-dist/tex/latex/base/size12.clo
File: size12.clo 2014/09/29 v1.4h Standard LaTeX file (size option)
)
\c@part=\count79
\c@section=\count80
\c@subsection=\count81
\c@subsubsection=\count82
\c@paragraph=\count83
\c@subparagraph=\count84
\c@figure=\count85
\c@table=\count86
\abovecaptionskip=\skip41
\belowcaptionskip=\skip42
\bibindent=\dimen102
)
(/usr/share/texlive/texmf-dist/tex/latex/amsfonts/amssymb.sty
Package: amssymb 2013/01/14 v3.01 AMS font symbols

(/usr/share/texlive/texmf-dist/tex/latex/amsfonts/amsfonts.sty
Package: amsfonts 2013/01/14 v3.01 Basic AMSFonts support
\@emptytoks=\toks14
\symAMSa=\mathgroup4
\symAMSb=\mathgroup5
LaTeX Font Info:    Overwriting math alphabet `\mathfrak' in version `bold'
(Font)                  U/euf/m/n --> U/euf/b/n on input line 106.
))
(/usr/share/texlive/texmf-dist/tex/latex/amsmath/amsmath.sty
Package: amsmath 2016/03/03 v2.15a AMS math features
\@mathmargin=\skip43

For additional information on amsmath, use the `?' option.
(/usr/share/texlive/texmf-dist/tex/latex/amsmath/amstext.sty
Package: amstext 2000/06/29 v2.01 AMS text

(/usr/share/texlive/texmf-dist/tex/latex/amsmath/amsgen.sty
File: amsgen.sty 1999/11/30 v2.0 generic functions
\@emptytoks=\toks15
\ex@=\dimen103
))
(/usr/share/texlive/texmf-dist/tex/latex/amsmath/amsbsy.sty
Package: amsbsy 1999/11/29 v1.2d Bold Symbols
\pmbraise@=\dimen104
)
(/usr/share/texlive/texmf-dist/tex/latex/amsmath/amsopn.sty
Package: amsopn 1999/12/14 v2.01 operator names
)
\inf@bad=\count87
LaTeX Info: Redefining \frac on input line 199.
\uproot@=\count88
\leftroot@=\count89
LaTeX Info: Redefining \overline on input line 297.
\classnum@=\count90
\DOTSCASE@=\count91
LaTeX Info: Redefining \ldots on input line 394.
LaTeX Info: Redefining \dots on input line 397.
LaTeX Info: Redefining \cdots on input line 518.
\Mathstrutbox@=\box26
\strutbox@=\box27
\big@size=\dimen105
LaTeX Font Info:    Redeclaring font encoding OML on input line 630.
LaTeX Font Info:    Redeclaring font encoding OMS on input line 631.
\macc@depth=\count92
\c@MaxMatrixCols=\count93
\dotsspace@=\muskip10
\c@parentequation=\count94
\dspbrk@lvl=\count95
\tag@help=\toks16
\row@=\count96
\column@=\count97
\maxfields@=\count98
\andhelp@=\toks17
\eqnshift@=\dimen106
\alignsep@=\dimen107
\tagshift@=\dimen108
\tagwidth@=\dimen109
\totwidth@=\dimen110
\lineht@=\dimen111
\@envbody=\toks18
\multlinegap=\skip44
\multlinetaggap=\skip45
\mathdisplay@stack=\toks19
LaTeX Info: Redefining \[ on input line 2735.
LaTeX Info: Redefining \] on input line 2736.
)
(/usr/share/texlive/texmf-dist/tex/latex/amscls/amsthm.sty
Package: amsthm 2015/03/04 v2.20.2
\thm@style=\toks20
\thm@bodyfont=\toks21
\thm@headfont=\toks22
\thm@notefont=\toks23
\thm@headpunct=\toks24
\thm@preskip=\skip46
\thm@postskip=\skip47
\thm@headsep=\skip48
\dth@everypar=\toks25
)
(/usr/share/texlive/texmf-dist/tex/latex/preprint/fullpage.sty
Package: fullpage 1999/02/23 1.1 (PWD)
\FP@margin=\skip49
)
(/usr/share/texlive/texmf-dist/tex/generic/babel/babel.sty
Package: babel 2016/02/24 3.9q The Babel package

(/usr/share/texlive/texmf-dist/tex/generic/babel-english/english.ldf
Language: english 2012/08/20 v3.3p English support from the babel system

(/usr/share/texlive/texmf-dist/tex/generic/babel/babel.def
File: babel.def 2016/02/24 3.9q Babel common definitions
\babel@savecnt=\count99
\U@D=\dimen112
)
\l@british = a dialect from \language\l@english 
\l@UKenglish = a dialect from \language\l@english 
\l@american = a dialect from \language\l@english 
\l@canadian = a dialect from \language\l@american 
\l@australian = a dialect from \language\l@british 
\l@newzealand = a dialect from \language\l@british 
))
(/usr/share/texlive/texmf-dist/tex/latex/base/inputenc.sty
Package: inputenc 2015/03/17 v1.2c Input encoding file
\inpenc@prehook=\toks26
\inpenc@posthook=\toks27

(/usr/share/texlive/texmf-dist/tex/latex/base/cp1250.def
File: cp1250.def 2015/03/17 v1.2c Input encoding file
))
(/usr/share/texlive/texmf-dist/tex/latex/base/fontenc.sty
Package: fontenc 2005/09/27 v1.99g Standard LaTeX package

(/usr/share/texlive/texmf-dist/tex/latex/base/t1enc.def
File: t1enc.def 2005/09/27 v1.99g Standard LaTeX file
LaTeX Font Info:    Redeclaring font encoding T1 on input line 48.
))
(/usr/share/texlive/texmf-dist/tex/latex/graphics/graphicx.sty
Package: graphicx 2014/10/28 v1.0g Enhanced LaTeX Graphics (DPC,SPQR)

(/usr/share/texlive/texmf-dist/tex/latex/graphics/keyval.sty
Package: keyval 2014/10/28 v1.15 key=value parser (DPC)
\KV@toks@=\toks28
)
(/usr/share/texlive/texmf-dist/tex/latex/graphics/graphics.sty
Package: graphics 2016/01/03 v1.0q Standard LaTeX Graphics (DPC,SPQR)

(/usr/share/texlive/texmf-dist/tex/latex/graphics/trig.sty
Package: trig 2016/01/03 v1.10 sin cos tan (DPC)
)
(/usr/share/texlive/texmf-dist/tex/latex/latexconfig/graphics.cfg
File: graphics.cfg 2010/04/23 v1.9 graphics configuration of TeX Live
)
Package graphics Info: Driver file: pdftex.def on input line 95.

(/usr/share/texlive/texmf-dist/tex/latex/pdftex-def/pdftex.def
File: pdftex.def 2011/05/27 v0.06d Graphics/color for pdfTeX

(/usr/share/texlive/texmf-dist/tex/generic/oberdiek/infwarerr.sty
Package: infwarerr 2010/04/08 v1.3 Providing info/warning/error messages (HO)
)
(/usr/share/texlive/texmf-dist/tex/generic/oberdiek/ltxcmds.sty
Package: ltxcmds 2011/11/09 v1.22 LaTeX kernel commands for general use (HO)
)
\Gread@gobject=\count100
))
\Gin@req@height=\dimen113
\Gin@req@width=\dimen114
)
(/usr/share/texlive/texmf-dist/tex/latex/booktabs/booktabs.sty
Package: booktabs 2005/04/14 v1.61803 publication quality tables
\heavyrulewidth=\dimen115
\lightrulewidth=\dimen116
\cmidrulewidth=\dimen117
\belowrulesep=\dimen118
\belowbottomsep=\dimen119
\aboverulesep=\dimen120
\abovetopsep=\dimen121
\cmidrulesep=\dimen122
\cmidrulekern=\dimen123
\defaultaddspace=\dimen124
\@cmidla=\count101
\@cmidlb=\count102
\@aboverulesep=\dimen125
\@belowrulesep=\dimen126
\@thisruleclass=\count103
\@lastruleclass=\count104
\@thisrulewidth=\dimen127
) (./extract.sty
(/usr/share/texlive/texmf-dist/tex/latex/environ/environ.sty
Package: environ 2014/05/04 v0.3 A new way to define environments

(/usr/share/texlive/texmf-dist/tex/latex/trimspaces/trimspaces.sty
Package: trimspaces 2009/09/17 v1.1 Trim spaces around a token list
))
(/usr/share/texlive/texmf-dist/tex/latex/etextools/etextools.sty
Package: etextools 2010/12/07 v3.1415926 e-TeX more useful tools for LaTeX pack
age writers

(/usr/share/texlive/texmf-dist/tex/latex/etex-pkg/etex.sty
Package: etex 2016/01/11 v2.6 eTeX basic definition package (PEB,DPC)
\et@xins=\count105
)
(/usr/share/texlive/texmf-dist/tex/latex/etoolbox/etoolbox.sty
Package: etoolbox 2015/08/02 v2.2a e-TeX tools for LaTeX (JAW)
\etb@tempcnta=\count106
)
(/usr/share/texlive/texmf-dist/tex/latex/oberdiek/letltxmacro.sty
Package: letltxmacro 2010/09/02 v1.4 Let assignment for LaTeX macros (HO)
)
\ettl@fter=\count107
\ettl@for@nested=\count277
)
(/usr/share/texmf/tex/latex/preview/preview.sty
Package: preview 2010/02/14 11.88 (AUCTeX/preview-latex)

(/usr/share/texmf/tex/latex/preview/prtightpage.def
\PreviewBorder=\dimen128
)
\pr@snippet=\count108
\pr@box=\box28
\pr@output=\toks29
)
\c@propcounter=\count109
\mybox=\box29
)
\c@thm=\count110
\c@lem=\count111
\c@prop=\count112
\c@rem=\count113
\c@cor=\count114

(source_extraction/results/1705.03073.aux)
\openout1 = `1705.03073.aux'.

LaTeX Font Info:    Checking defaults for OML/cmm/m/it on input line 29.
LaTeX Font Info:    ... okay on input line 29.
LaTeX Font Info:    Checking defaults for T1/cmr/m/n on input line 29.
LaTeX Font Info:    ... okay on input line 29.
LaTeX Font Info:    Checking defaults for OT1/cmr/m/n on input line 29.
LaTeX Font Info:    ... okay on input line 29.
LaTeX Font Info:    Checking defaults for OMS/cmsy/m/n on input line 29.
LaTeX Font Info:    ... okay on input line 29.
LaTeX Font Info:    Checking defaults for OMX/cmex/m/n on input line 29.
LaTeX Font Info:    ... okay on input line 29.
LaTeX Font Info:    Checking defaults for U/cmr/m/n on input line 29.
LaTeX Font Info:    ... okay on input line 29.

(/usr/share/texlive/texmf-dist/tex/context/base/supp-pdf.mkii
[Loading MPS to PDF converter (version 2006.09.02).]
\scratchcounter=\count115
\scratchdimen=\dimen129
\scratchbox=\box30
\nofMPsegments=\count116
\nofMParguments=\count117
\everyMPshowfont=\toks30
\MPscratchCnt=\count118
\MPscratchDim=\dimen130
\MPnumerator=\count119
\makeMPintoPDFobject=\count120
\everyMPtoPDFconversion=\toks31
) (/usr/share/texlive/texmf-dist/tex/generic/oberdiek/pdftexcmds.sty
Package: pdftexcmds 2011/11/29 v0.20 Utility functions of pdfTeX for LuaTeX (HO
)

(/usr/share/texlive/texmf-dist/tex/generic/oberdiek/ifluatex.sty
Package: ifluatex 2010/03/01 v1.3 Provides the ifluatex switch (HO)
Package ifluatex Info: LuaTeX not detected.
)
(/usr/share/texlive/texmf-dist/tex/generic/oberdiek/ifpdf.sty
Package: ifpdf 2011/01/30 v2.3 Provides the ifpdf switch (HO)
Package ifpdf Info: pdfTeX in PDF mode is detected.
)
Package pdftexcmds Info: LuaTeX not detected.
Package pdftexcmds Info: \pdf@primitive is available.
Package pdftexcmds Info: \pdf@ifprimitive is available.
Package pdftexcmds Info: \pdfdraftmode found.
)
(/usr/share/texlive/texmf-dist/tex/latex/oberdiek/epstopdf-base.sty
Package: epstopdf-base 2010/02/09 v2.5 Base part for package epstopdf

(/usr/share/texlive/texmf-dist/tex/latex/oberdiek/grfext.sty
Package: grfext 2010/08/19 v1.1 Manage graphics extensions (HO)

(/usr/share/texlive/texmf-dist/tex/generic/oberdiek/kvdefinekeys.sty
Package: kvdefinekeys 2011/04/07 v1.3 Define keys (HO)
))
(/usr/share/texlive/texmf-dist/tex/latex/oberdiek/kvoptions.sty
Package: kvoptions 2011/06/30 v3.11 Key value format for package options (HO)

(/usr/share/texlive/texmf-dist/tex/generic/oberdiek/kvsetkeys.sty
Package: kvsetkeys 2012/04/25 v1.16 Key value parser (HO)

(/usr/share/texlive/texmf-dist/tex/generic/oberdiek/etexcmds.sty
Package: etexcmds 2011/02/16 v1.5 Avoid name clashes with e-TeX commands (HO)
Package etexcmds Info: Could not find \expanded.
(etexcmds)             That can mean that you are not using pdfTeX 1.50 or
(etexcmds)             that some package has redefined \expanded.
(etexcmds)             In the latter case, load this package earlier.
)))
Package grfext Info: Graphics extension search list:
(grfext)             [.png,.pdf,.jpg,.mps,.jpeg,.jbig2,.jb2,.PNG,.PDF,.JPG,.JPE
G,.JBIG2,.JB2,.eps]
(grfext)             \AppendGraphicsExtensions on input line 452.

(/usr/share/texlive/texmf-dist/tex/latex/latexconfig/epstopdf-sys.cfg
File: epstopdf-sys.cfg 2010/07/13 v1.3 Configuration of (r)epstopdf for TeX Liv
e
))
Preview: Fontsize 12pt
Preview: PDFoutput 1
\extractedfile=\write3
\openout3 = `propositions.txt'.

LaTeX Font Info:    Try loading font information for U+msa on input line 30.
(/usr/share/texlive/texmf-dist/tex/latex/amsfonts/umsa.fd
File: umsa.fd 2013/01/14 v3.01 AMS symbols A
)
LaTeX Font Info:    Try loading font information for U+msb on input line 30.

(/usr/share/texlive/texmf-dist/tex/latex/amsfonts/umsb.fd
File: umsb.fd 2013/01/14 v3.01 AMS symbols B
)
LaTeX Font Info:    Try loading font information for OMS+cmr on input line 30.

(/usr/share/texlive/texmf-dist/tex/latex/base/omscmr.fd
File: omscmr.fd 2014/09/29 v2.5h Standard LaTeX font definitions
)
LaTeX Font Info:    Font shape `OMS/cmr/m/n' in size <10> not available
(Font)              Font shape `OMS/cmsy/m/n' tried instead on input line 30.
LaTeX Font Info:    Font shape `OMS/cmr/m/n' in size <7> not available
(Font)              Font shape `OMS/cmsy/m/n' tried instead on input line 30.

Overfull \hbox (1.71114pt too wide) in paragraph at lines 33--34
[]\T1/cmr/m/n/10.95 In this work we prove that a family of explicit numerical f
inite-difference methods is convergent
 []


Underfull \hbox (badness 10000) in paragraph at lines 33--34

 []


Overfull \hbox (4.78935pt too wide) in paragraph at lines 39--40
\T1/cmr/m/n/12 equations which, many times, are more useful for showing existen
ce, uniqueness and deriving estimates.
 []


LaTeX Warning: Reference `eqn:IntEq0' on page 1 undefined on input line 48.


LaTeX Warning: Reference `eqn:IntEq0' on page 2 undefined on input line 50.


LaTeX Warning: Reference `eqn:IntEq0' on page 2 undefined on input line 53.


LaTeX Warning: Reference `eqn:IntEq' on page 2 undefined on input line 63.


LaTeX Warning: Reference `eqn:KBound' on page 2 undefined on input line 63.


LaTeX Warning: Reference `eqn:IntEq' on page 2 undefined on input line 69.


LaTeX Warning: Reference `eqn:IntEq' on page 2 undefined on input line 84.


LaTeX Warning: Reference `eqn:IntEq' on page 2 undefined on input line 89.


LaTeX Warning: Reference `eqn:NumMet' on page 2 undefined on input line 91.


LaTeX Warning: Reference `eqn:IntEq' on page 2 undefined on input line 91.


LaTeX Warning: Reference `eqn:NumMet' on page 2 undefined on input line 91.


LaTeX Warning: Reference `eqn:IntEq' on page 2 undefined on input line 95.


LaTeX Warning: Reference `eqn:NumMet' on page 2 undefined on input line 95.


LaTeX Warning: Reference `eqn:LocCons' on page 2 undefined on input line 95.

Preview: Tightpage -32891 -32891 32891 32891
[1{/var/lib/texmf/fonts/map/pdftex/updmap/pdftex.map}]
Overfull \hbox (68.82855pt too wide) in paragraph at lines 91--95
\T1/cmr/m/n/12 scheme ([]). [] 
 []

! Incomplete \iffalse; all text was ignored after line 95.
<inserted text> 
                \fi 
l.95 \end{prop}
               
A forbidden control sequence occurred in skipped text.
This kind of error happens when you say `\if...' and forget
the matching `\fi'. I've inserted a `\fi'; this might work.

! Incomplete \iffalse; all text was ignored after line 95.
<inserted text> 
                \fi 
l.95 \end{prop}
               
A forbidden control sequence occurred in skipped text.
This kind of error happens when you say `\if...' and forget
the matching `\fi'. I've inserted a `\fi'; this might work.

Runaway text?
BEGIN Proposition \protect \let 
! Forbidden control sequence found while scanning text of \write.
<inserted text> 
                }
l.95 \end{prop}
               
I suspect you have forgotten a `}', causing me
to read past where you wanted me to stop.
I'll try to recover; but if the error is serious,
you'd better type `E' or `X' now and fix your file.


LaTeX Warning: Reference `eqn:NumMet' on page 3 undefined on input line 105.

[2]
Overfull \hbox (98.82397pt too wide) in paragraph at lines 107--119
\T1/cmr/m/n/12 Bellman's Lemma. [] 
 []

! Incomplete \iffalse; all text was ignored after line 119.
<inserted text> 
                \fi 
l.119 \end{lem}
               
A forbidden control sequence occurred in skipped text.
This kind of error happens when you say `\if...' and forget
the matching `\fi'. I've inserted a `\fi'; this might work.

! Incomplete \iffalse; all text was ignored after line 119.
<inserted text> 
                \fi 
l.119 \end{lem}
               
A forbidden control sequence occurred in skipped text.
This kind of error happens when you say `\if...' and forget
the matching `\fi'. I've inserted a `\fi'; this might work.

Runaway text?
BEGIN Lemma \protect \let 
! Forbidden control sequence found while scanning text of \write.
<inserted text> 
                }
l.119 \end{lem}
               
I suspect you have forgotten a `}', causing me
to read past where you wanted me to stop.
I'll try to recover; but if the error is serious,
you'd better type `E' or `X' now and fix your file.


LaTeX Warning: Reference `eqn:yEst' on page 3 undefined on input line 147.


LaTeX Warning: Reference `eqn:IntEq' on page 3 undefined on input line 160.

[3]
Overfull \hbox (329.9855pt too wide) in paragraph at lines 149--160
[]\T1/cmr/m/n/12 In a similar vein we can prove the following asymptotic result
. [] 
 []

! Incomplete \iffalse; all text was ignored after line 160.
<inserted text> 
                \fi 
l.160 \end{lem}
               
A forbidden control sequence occurred in skipped text.
This kind of error happens when you say `\if...' and forget
the matching `\fi'. I've inserted a `\fi'; this might work.

! Incomplete \iffalse; all text was ignored after line 160.
<inserted text> 
                \fi 
l.160 \end{lem}
               
A forbidden control sequence occurred in skipped text.
This kind of error happens when you say `\if...' and forget
the matching `\fi'. I've inserted a `\fi'; this might work.

Runaway text?
BEGIN Lemma \protect \let 
! Forbidden control sequence found while scanning text of \write.
<inserted text> 
                }
l.160 \end{lem}
               
I suspect you have forgotten a `}', causing me
to read past where you wanted me to stop.
I'll try to recover; but if the error is serious,
you'd better type `E' or `X' now and fix your file.


LaTeX Warning: Reference `eqn:IntEq' on page 4 undefined on input line 187.


LaTeX Warning: Reference `eqn:NumMet' on page 4 undefined on input line 203.


LaTeX Warning: Reference `eqn:KBound' on page 4 undefined on input line 203.


LaTeX Warning: Reference `eqn:LocCons' on page 4 undefined on input line 203.


LaTeX Warning: Reference `eqn:delta' on page 4 undefined on input line 203.


LaTeX Warning: Reference `eqn:LocCons' on page 4 undefined on input line 203.

[4]
Overfull \hbox (290.5064pt too wide) in paragraph at lines 189--203
[]\T1/cmr/m/n/12 The second lemma is a discrete analogue of the above. [] 
 []

! Incomplete \iffalse; all text was ignored after line 203.
<inserted text> 
                \fi 
l.203 \end{lem}
               
A forbidden control sequence occurred in skipped text.
This kind of error happens when you say `\if...' and forget
the matching `\fi'. I've inserted a `\fi'; this might work.

! Incomplete \iffalse; all text was ignored after line 203.
<inserted text> 
                \fi 
l.203 \end{lem}
               
A forbidden control sequence occurred in skipped text.
This kind of error happens when you say `\if...' and forget
the matching `\fi'. I've inserted a `\fi'; this might work.

Runaway text?
BEGIN Lemma \protect \let 
! Forbidden control sequence found while scanning text of \write.
<inserted text> 
                }
l.203 \end{lem}
               
I suspect you have forgotten a `}', causing me
to read past where you wanted me to stop.
I'll try to recover; but if the error is serious,
you'd better type `E' or `X' now and fix your file.


LaTeX Warning: Reference `eqn:NumMet' on page 4 undefined on input line 225.


LaTeX Warning: Reference `eqn:KBound' on page 4 undefined on input line 225.


LaTeX Warning: Reference `eqn:LocCons' on page 4 undefined on input line 225.

[5]
! Incomplete \iffalse; all text was ignored after line 249.
<inserted text> 
                \fi 
l.249 \end{lem}
               
A forbidden control sequence occurred in skipped text.
This kind of error happens when you say `\if...' and forget
the matching `\fi'. I've inserted a `\fi'; this might work.

! Incomplete \iffalse; all text was ignored after line 249.
<inserted text> 
                \fi 
l.249 \end{lem}
               
A forbidden control sequence occurred in skipped text.
This kind of error happens when you say `\if...' and forget
the matching `\fi'. I've inserted a `\fi'; this might work.

Runaway text?
BEGIN Lemma \protect \let 
! Forbidden control sequence found while scanning text of \write.
<inserted text> 
                }
l.249 \end{lem}
               
I suspect you have forgotten a `}', causing me
to read past where you wanted me to stop.
I'll try to recover; but if the error is serious,
you'd better type `E' or `X' now and fix your file.


LaTeX Warning: Reference `eqn:NumMet' on page 6 undefined on input line 336.


LaTeX Warning: Reference `eqn:IntEq' on page 6 undefined on input line 336.


LaTeX Warning: Reference `eqn:IntEq' on page 6 undefined on input line 336.


LaTeX Warning: Reference `eqn:IntEq' on page 6 undefined on input line 346.


LaTeX Warning: Reference `eqn:KBound' on page 6 undefined on input line 346.


LaTeX Warning: Reference `eqn:LocCons' on page 6 undefined on input line 346.


LaTeX Warning: Reference `eqn:NumMet' on page 6 undefined on input line 346.

[6]
Overfull \hbox (17.62482pt too wide) in paragraph at lines 346--346
[][] 
 []

! Incomplete \iffalse; all text was ignored after line 346.
<inserted text> 
                \fi 
l.346 \end{thm}
               
A forbidden control sequence occurred in skipped text.
This kind of error happens when you say `\if...' and forget
the matching `\fi'. I've inserted a `\fi'; this might work.

! Incomplete \iffalse; all text was ignored after line 346.
<inserted text> 
                \fi 
l.346 \end{thm}
               
A forbidden control sequence occurred in skipped text.
This kind of error happens when you say `\if...' and forget
the matching `\fi'. I've inserted a `\fi'; this might work.

Runaway text?
BEGIN Theorem \protect \let 
! Forbidden control sequence found while scanning text of \write.
<inserted text> 
                }
l.346 \end{thm}
               
I suspect you have forgotten a `}', causing me
to read past where you wanted me to stop.
I'll try to recover; but if the error is serious,
you'd better type `E' or `X' now and fix your file.


LaTeX Warning: Reference `eqn:IntEq' on page 6 undefined on input line 384.


LaTeX Warning: Reference `eqn:LocCons' on page 6 undefined on input line 384.


LaTeX Warning: Reference `eqn:IntEq' on page 7 undefined on input line 393.


LaTeX Warning: Reference `eqn:KBound' on page 7 undefined on input line 393.

[7]
Overfull \hbox (69.134pt too wide) in paragraph at lines 385--393
\T1/cmr/m/n/12 quadratures. [] 
 []

! Incomplete \iffalse; all text was ignored after line 393.
<inserted text> 
                \fi 
l.393 \end{cor}
               
A forbidden control sequence occurred in skipped text.
This kind of error happens when you say `\if...' and forget
the matching `\fi'. I've inserted a `\fi'; this might work.

! Incomplete \iffalse; all text was ignored after line 393.
<inserted text> 
                \fi 
l.393 \end{cor}
               
A forbidden control sequence occurred in skipped text.
This kind of error happens when you say `\if...' and forget
the matching `\fi'. I've inserted a `\fi'; this might work.

Runaway text?
BEGIN Corollary \protect \let 
! Forbidden control sequence found while scanning text of \write.
<inserted text> 
                }
l.393 \end{cor}
               
I suspect you have forgotten a `}', causing me
to read past where you wanted me to stop.
I'll try to recover; but if the error is serious,
you'd better type `E' or `X' now and fix your file.


LaTeX Warning: Reference `eqn:xi' on page 7 undefined on input line 396.


LaTeX Warning: Reference `eqn:enEst' on page 7 undefined on input line 396.


LaTeX Warning: Reference `eqn:NumMet' on page 7 undefined on input line 399.


LaTeX Warning: Reference `eqn:IntEq' on page 8 undefined on input line 407.


LaTeX Warning: Reference `eqn:NumMet' on page 8 undefined on input line 411.


LaTeX Warning: Reference `eqn:IntEq' on page 8 undefined on input line 426.


LaTeX Warning: Reference `eqn:y1' on page 8 undefined on input line 431.


Underfull \hbox (badness 10000) in paragraph at lines 430--432

 []


LaTeX Warning: Reference `eqn:Midpoint' on page 9 undefined on input line 442.


LaTeX Warning: Reference `tab:Ex1' on page 9 undefined on input line 444.


Underfull \hbox (badness 10000) in paragraph at lines 444--445

 []


LaTeX Warning: Reference `eqn:Midpoint' on page 9 undefined on input line 457.


LaTeX Warning: Reference `eqn:Ex1' on page 9 undefined on input line 457.


LaTeX Warning: Reference `eqn:Midpoint' on page 9 undefined on input line 457.


LaTeX Warning: Reference `eqn:Ex1' on page 9 undefined on input line 457.


LaTeX Warning: Reference `tab:Ex2' on page 9 undefined on input line 469.


LaTeX Warning: Reference `eqn:Midpoint' on page 9 undefined on input line 482.


LaTeX Warning: Reference `eqn:Ex2' on page 9 undefined on input line 482.


LaTeX Warning: Reference `eqn:Midpoint' on page 9 undefined on input line 482.


LaTeX Warning: Reference `eqn:Ex2' on page 9 undefined on input line 482.


Underfull \hbox (badness 10000) in paragraph at lines 536--537

 []


Underfull \hbox (badness 1043) in paragraph at lines 730--735
\T1/cmr/m/n/12 approximation and applications.  \T1/cmr/m/it/12 Communications 
in Nonlinear Science and Numerical
 []

(source_extraction/results/1705.03073.aux)

LaTeX Warning: There were undefined references.

 ) 
Here is how much of TeX's memory you used:
 4279 strings out of 494779
 54746 string characters out of 6179263
 134309 words of memory out of 5000000
 7444 multiletter control sequences out of 15000+600000
 22824 words of font info for 61 fonts, out of 8000000 for 9000
 184 hyphenation exceptions out of 8191
 38i,18n,27p,913b,326s stack positions out of 5000i,500n,10000p,200000b,80000s
{/usr/share/texmf/fonts/enc/dvips/cm-super/cm-super-t1.enc}</usr/share/texliv
e/texmf-dist/fonts/type1/public/amsfonts/cm/cmex10.pfb></usr/share/texlive/texm
f-dist/fonts/type1/public/amsfonts/cm/cmmi12.pfb></usr/share/texlive/texmf-dist
/fonts/type1/public/amsfonts/cm/cmmi6.pfb></usr/share/texlive/texmf-dist/fonts/
type1/public/amsfonts/cm/cmmi8.pfb></usr/share/texlive/texmf-dist/fonts/type1/p
ublic/amsfonts/cm/cmr12.pfb></usr/share/texlive/texmf-dist/fonts/type1/public/a
msfonts/cm/cmr6.pfb></usr/share/texlive/texmf-dist/fonts/type1/public/amsfonts/
cm/cmr8.pfb></usr/share/texlive/texmf-dist/fonts/type1/public/amsfonts/cm/cmsy1
0.pfb></usr/share/texlive/texmf-dist/fonts/type1/public/amsfonts/cm/cmsy8.pfb><
/usr/share/texlive/texmf-dist/fonts/type1/public/amsfonts/symbols/msam10.pfb></
usr/share/texmf/fonts/type1/public/cm-super/sfbx1200.pfb></usr/share/texmf/font
s/type1/public/cm-super/sfrm1200.pfb></usr/share/texmf/fonts/type1/public/cm-su
per/sfti1200.pfb>
Output written on source_extraction/results/1705.03073.pdf (7 pages, 152452 byt
es).
PDF statistics:
 81 PDF objects out of 1000 (max. 8388607)
 58 compressed objects within 1 object stream
 0 named destinations out of 1000 (max. 500000)
 1 words of extra memory for PDF output out of 10000 (max. 10000000)

