This is pdfTeX, Version 3.14159265-2.6-1.40.16 (TeX Live 2015/Debian) (preloaded format=pdflatex 2017.8.22)  14 OCT 2018 21:53
entering extended mode
 restricted \write18 enabled.
 %&-line parsing enabled.
**source_extraction/results/1802.07624.tex
(./source_extraction/results/1802.07624.tex
LaTeX2e <2016/02/01>
Babel <3.9q> and hyphenation patterns for 1 language(s) loaded.
(/usr/share/texlive/texmf-dist/tex/latex/amscls/amsart.cls
Document Class: amsart 2015/03/04 v2.20.2
\linespacing=\dimen102
\normalparindent=\dimen103
\normaltopskip=\skip41
(/usr/share/texlive/texmf-dist/tex/latex/amsmath/amsmath.sty
Package: amsmath 2016/03/03 v2.15a AMS math features
\@mathmargin=\skip42

For additional information on amsmath, use the `?' option.
(/usr/share/texlive/texmf-dist/tex/latex/amsmath/amstext.sty
Package: amstext 2000/06/29 v2.01 AMS text

(/usr/share/texlive/texmf-dist/tex/latex/amsmath/amsgen.sty
File: amsgen.sty 1999/11/30 v2.0 generic functions
\@emptytoks=\toks14
\ex@=\dimen104
))
(/usr/share/texlive/texmf-dist/tex/latex/amsmath/amsbsy.sty
Package: amsbsy 1999/11/29 v1.2d Bold Symbols
\pmbraise@=\dimen105
)
(/usr/share/texlive/texmf-dist/tex/latex/amsmath/amsopn.sty
Package: amsopn 1999/12/14 v2.01 operator names
)
\inf@bad=\count79
LaTeX Info: Redefining \frac on input line 199.
\uproot@=\count80
\leftroot@=\count81
LaTeX Info: Redefining \overline on input line 297.
\classnum@=\count82
\DOTSCASE@=\count83
LaTeX Info: Redefining \ldots on input line 394.
LaTeX Info: Redefining \dots on input line 397.
LaTeX Info: Redefining \cdots on input line 518.
\Mathstrutbox@=\box26
\strutbox@=\box27
\big@size=\dimen106
LaTeX Font Info:    Redeclaring font encoding OML on input line 630.
LaTeX Font Info:    Redeclaring font encoding OMS on input line 631.
\macc@depth=\count84
\c@MaxMatrixCols=\count85
\dotsspace@=\muskip10
\c@parentequation=\count86
\dspbrk@lvl=\count87
\tag@help=\toks15
\row@=\count88
\column@=\count89
\maxfields@=\count90
\andhelp@=\toks16
\eqnshift@=\dimen107
\alignsep@=\dimen108
\tagshift@=\dimen109
\tagwidth@=\dimen110
\totwidth@=\dimen111
\lineht@=\dimen112
\@envbody=\toks17
\multlinegap=\skip43
\multlinetaggap=\skip44
\mathdisplay@stack=\toks18
LaTeX Info: Redefining \[ on input line 2735.
LaTeX Info: Redefining \] on input line 2736.
)
LaTeX Font Info:    Try loading font information for U+msa on input line 388.

(/usr/share/texlive/texmf-dist/tex/latex/amsfonts/umsa.fd
File: umsa.fd 2013/01/14 v3.01 AMS symbols A
)
(/usr/share/texlive/texmf-dist/tex/latex/amsfonts/amsfonts.sty
Package: amsfonts 2013/01/14 v3.01 Basic AMSFonts support
\symAMSa=\mathgroup4
\symAMSb=\mathgroup5
LaTeX Font Info:    Overwriting math alphabet `\mathfrak' in version `bold'
(Font)                  U/euf/m/n --> U/euf/b/n on input line 106.
)
\copyins=\insert199
\abstractbox=\box28
\listisep=\skip45
\c@part=\count91
\c@section=\count92
\c@subsection=\count93
\c@subsubsection=\count94
\c@paragraph=\count95
\c@subparagraph=\count96
\c@figure=\count97
\c@table=\count98
\abovecaptionskip=\skip46
\belowcaptionskip=\skip47
\captionindent=\dimen113
\thm@style=\toks19
\thm@bodyfont=\toks20
\thm@headfont=\toks21
\thm@notefont=\toks22
\thm@headpunct=\toks23
\thm@preskip=\skip48
\thm@postskip=\skip49
\thm@headsep=\skip50
\dth@everypar=\toks24
)
(/usr/share/texlive/texmf-dist/tex/latex/geometry/geometry.sty
Package: geometry 2010/09/12 v5.6 Page Geometry

(/usr/share/texlive/texmf-dist/tex/latex/graphics/keyval.sty
Package: keyval 2014/10/28 v1.15 key=value parser (DPC)
\KV@toks@=\toks25
)
(/usr/share/texlive/texmf-dist/tex/generic/oberdiek/ifpdf.sty
Package: ifpdf 2011/01/30 v2.3 Provides the ifpdf switch (HO)
Package ifpdf Info: pdfTeX in PDF mode is detected.
)
(/usr/share/texlive/texmf-dist/tex/generic/oberdiek/ifvtex.sty
Package: ifvtex 2010/03/01 v1.5 Detect VTeX and its facilities (HO)
Package ifvtex Info: VTeX not detected.
)
(/usr/share/texlive/texmf-dist/tex/generic/ifxetex/ifxetex.sty
Package: ifxetex 2010/09/12 v0.6 Provides ifxetex conditional
)
\Gm@cnth=\count99
\Gm@cntv=\count100
\c@Gm@tempcnt=\count101
\Gm@bindingoffset=\dimen114
\Gm@wd@mp=\dimen115
\Gm@odd@mp=\dimen116
\Gm@even@mp=\dimen117
\Gm@layoutwidth=\dimen118
\Gm@layoutheight=\dimen119
\Gm@layouthoffset=\dimen120
\Gm@layoutvoffset=\dimen121
\Gm@dimlist=\toks26
)
(/usr/share/texlive/texmf-dist/tex/latex/graphics/graphicx.sty
Package: graphicx 2014/10/28 v1.0g Enhanced LaTeX Graphics (DPC,SPQR)

(/usr/share/texlive/texmf-dist/tex/latex/graphics/graphics.sty
Package: graphics 2016/01/03 v1.0q Standard LaTeX Graphics (DPC,SPQR)

(/usr/share/texlive/texmf-dist/tex/latex/graphics/trig.sty
Package: trig 2016/01/03 v1.10 sin cos tan (DPC)
)
(/usr/share/texlive/texmf-dist/tex/latex/latexconfig/graphics.cfg
File: graphics.cfg 2010/04/23 v1.9 graphics configuration of TeX Live
)
Package graphics Info: Driver file: pdftex.def on input line 95.

(/usr/share/texlive/texmf-dist/tex/latex/pdftex-def/pdftex.def
File: pdftex.def 2011/05/27 v0.06d Graphics/color for pdfTeX

(/usr/share/texlive/texmf-dist/tex/generic/oberdiek/infwarerr.sty
Package: infwarerr 2010/04/08 v1.3 Providing info/warning/error messages (HO)
)
(/usr/share/texlive/texmf-dist/tex/generic/oberdiek/ltxcmds.sty
Package: ltxcmds 2011/11/09 v1.22 LaTeX kernel commands for general use (HO)
)
\Gread@gobject=\count102
))
\Gin@req@height=\dimen122
\Gin@req@width=\dimen123
)
(/usr/share/texlive/texmf-dist/tex/latex/amsfonts/amssymb.sty
Package: amssymb 2013/01/14 v3.01 AMS font symbols
)
(/usr/share/texlive/texmf-dist/tex/latex/breqn/breqn.sty
(/usr/share/texlive/texmf-dist/tex/latex/l3kernel/expl3.sty
Package: expl3 2016/01/19 v6377 L3 programming layer (loader) 

(/usr/share/texlive/texmf-dist/tex/latex/l3kernel/expl3-code.tex
Package: expl3 2016/01/19 v6377 L3 programming layer (code)
L3 Module: l3bootstrap 2016/01/01 v6339 L3 Bootstrap code
L3 Module: l3names 2015/12/21 v6328 L3 Namespace for primitives
L3 Module: l3basics 2015/11/22 v6315 L3 Basic definitions
L3 Module: l3expan 2015/09/10 v5983 L3 Argument expansion
L3 Module: l3tl 2015/09/29 v6121 L3 Token lists
L3 Module: l3str 2016/01/03 v6357 L3 Strings
L3 Module: l3seq 2015/08/05 v5777 L3 Sequences and stacks
L3 Module: l3int 2016/01/05 v6366 L3 Integers
\c_max_int=\count103
\l_tmpa_int=\count104
\l_tmpb_int=\count105
\g_tmpa_int=\count106
\g_tmpb_int=\count107
L3 Module: l3quark 2015/08/17 v5855 L3 Quarks
L3 Module: l3prg 2015/11/01 v6216 L3 Control structures
\g__prg_map_int=\count108
L3 Module: l3clist 2015/09/02 v5901 L3 Comma separated lists
L3 Module: l3token 2015/11/11 v6249 L3 Experimental token manipulation
L3 Module: l3prop 2016/01/05 v6366 L3 Property lists
L3 Module: l3msg 2015/09/28 v6113 L3 Messages
L3 Module: l3file 2015/12/03 v6317 L3 File and I/O operations
\l_iow_line_count_int=\count109
\l__iow_target_count_int=\count110
\l__iow_current_line_int=\count111
\l__iow_current_word_int=\count112
\l__iow_current_indentation_int=\count113
L3 Module: l3skip 2016/01/05 v6366 L3 Dimensions and skips
\c_zero_dim=\dimen124
\c_max_dim=\dimen125
\l_tmpa_dim=\dimen126
\l_tmpb_dim=\dimen127
\g_tmpa_dim=\dimen128
\g_tmpb_dim=\dimen129
\c_zero_skip=\skip51
\c_max_skip=\skip52
\l_tmpa_skip=\skip53
\l_tmpb_skip=\skip54
\g_tmpa_skip=\skip55
\g_tmpb_skip=\skip56
\c_zero_muskip=\muskip11
\c_max_muskip=\muskip12
\l_tmpa_muskip=\muskip13
\l_tmpb_muskip=\muskip14
\g_tmpa_muskip=\muskip15
\g_tmpb_muskip=\muskip16
L3 Module: l3keys 2015/11/17 v6284 L3 Key-value interfaces
\g__keyval_level_int=\count114
\l_keys_choice_int=\count115
L3 Module: l3fp 2015/08/25 v5890 L3 Floating points
\c__fp_leading_shift_int=\count116
\c__fp_middle_shift_int=\count117
\c__fp_trailing_shift_int=\count118
\c__fp_big_leading_shift_int=\count119
\c__fp_big_middle_shift_int=\count120
\c__fp_big_trailing_shift_int=\count121
\c__fp_Bigg_leading_shift_int=\count122
\c__fp_Bigg_middle_shift_int=\count123
\c__fp_Bigg_trailing_shift_int=\count124
L3 Module: l3box 2015/08/09 v5822 L3 Experimental boxes
\c_empty_box=\box29
\l_tmpa_box=\box30
\l_tmpb_box=\box31
\g_tmpa_box=\box32
\g_tmpb_box=\box33
L3 Module: l3coffins 2015/08/06 v5789 L3 Coffin code layer
\l__coffin_internal_box=\box34
\l__coffin_internal_dim=\dimen130
\l__coffin_offset_x_dim=\dimen131
\l__coffin_offset_y_dim=\dimen132
\l__coffin_x_dim=\dimen133
\l__coffin_y_dim=\dimen134
\l__coffin_x_prime_dim=\dimen135
\l__coffin_y_prime_dim=\dimen136
\c_empty_coffin=\box35
\l__coffin_aligned_coffin=\box36
\l__coffin_aligned_internal_coffin=\box37
\l_tmpa_coffin=\box38
\l_tmpb_coffin=\box39
\l__coffin_display_coffin=\box40
\l__coffin_display_coord_coffin=\box41
\l__coffin_display_pole_coffin=\box42
\l__coffin_display_offset_dim=\dimen137
\l__coffin_display_x_dim=\dimen138
\l__coffin_display_y_dim=\dimen139
L3 Module: l3color 2014/08/23 v5354 L3 Experimental color support
L3 Module: l3sys 2015/09/25 v6087 L3 Experimental system/runtime functions
L3 Module: l3candidates 2016/01/14 v6376 L3 Experimental additions to l3kernel
\l__box_top_dim=\dimen140
\l__box_bottom_dim=\dimen141
\l__box_left_dim=\dimen142
\l__box_right_dim=\dimen143
\l__box_top_new_dim=\dimen144
\l__box_bottom_new_dim=\dimen145
\l__box_left_new_dim=\dimen146
\l__box_right_new_dim=\dimen147
\l__box_internal_box=\box43
\l__coffin_bounding_shift_dim=\dimen148
\l__coffin_left_corner_dim=\dimen149
\l__coffin_right_corner_dim=\dimen150
\l__coffin_bottom_corner_dim=\dimen151
\l__coffin_top_corner_dim=\dimen152
\l__coffin_scaled_total_height_dim=\dimen153
\l__coffin_scaled_width_dim=\dimen154
L3 Module: l3luatex 2015/11/11 v6250 L3 Experimental LuaTeX-specific functions
)
(/usr/share/texlive/texmf-dist/tex/latex/l3kernel/l3pdfmode.def
File: l3pdfmode.def 2015/11/11 v6250 L3 Experimental driver: PDF mode
\l__driver_color_stack_int=\count125
))
Package: breqn 2015/08/11 v0.98d Breaking equations

(/usr/share/texlive/texmf-dist/tex/latex/breqn/flexisym.sty
Package: flexisym 2015/08/11 v0.98d Make math characters macros
LaTeX Info: Redefining \textprime on input line 299.
LaTeX Info: Redefining \not on input line 357.

(/usr/share/texlive/texmf-dist/tex/latex/breqn/cmbase.sym
File: cmbase.sym 2007/12/19 v0.92
LaTeX Info: Redefining \hbar on input line 324.
LaTeX Info: Redefining \surd on input line 326.
LaTeX Info: Redefining \angle on input line 334.
LaTeX Info: Redefining \neq on input line 335.
LaTeX Info: Redefining \mapsto on input line 336.
LaTeX Info: Redefining \cong on input line 337.
LaTeX Info: Redefining \notin on input line 340.
LaTeX Info: Redefining \rightleftharpoons on input line 341.
LaTeX Info: Redefining \doteq on input line 342.
LaTeX Info: Redefining \hookrightarrow on input line 343.
LaTeX Info: Redefining \hookleftarrow on input line 344.
LaTeX Info: Redefining \bowtie on input line 345.
LaTeX Info: Redefining \models on input line 346.
LaTeX Info: Redefining \Longrightarrow on input line 347.
LaTeX Info: Redefining \longrightarrow on input line 348.
LaTeX Info: Redefining \Longleftarrow on input line 349.
LaTeX Info: Redefining \longleftarrow on input line 350.
LaTeX Info: Redefining \longmapsto on input line 351.
LaTeX Info: Redefining \longleftrightarrow on input line 352.
LaTeX Info: Redefining \Longleftrightarrow on input line 353.
LaTeX Info: Redefining \cdots on input line 357.
LaTeX Info: Redefining \vdots on input line 360.
LaTeX Info: Redefining \ddots on input line 365.
)
(/usr/share/texlive/texmf-dist/tex/latex/breqn/mathstyle.sty
Package: mathstyle 2015/08/11 v0.98d Tracking mathstyle implicitly
LaTeX Info: Redefining \displaystyle on input line 93.
LaTeX Info: Redefining \textstyle on input line 95.
LaTeX Info: Redefining \scriptstyle on input line 97.
LaTeX Info: Redefining \scriptscriptstyle on input line 99.
LaTeX Info: Redefining \genfrac on input line 145.
))
(/usr/share/texlive/texmf-dist/tex/latex/tools/calc.sty
Package: calc 2014/10/28 v4.3 Infix arithmetic (KKT,FJ)
\calc@Acount=\count126
\calc@Bcount=\count127
\calc@Adimen=\dimen155
\calc@Bdimen=\dimen156
\calc@Askip=\skip57
\calc@Bskip=\skip58
LaTeX Info: Redefining \setlength on input line 80.
LaTeX Info: Redefining \addtolength on input line 81.
\calc@Ccount=\count128
\calc@Cskip=\skip59
)
\inf@bad=\count129
\maxint=\count130
\listwidth=\dimen157
\eqnumsep=\dimen158
\eqmargin=\dimen159
\eqlinespacing=\skip60
\eqlineskip=\skip61
\eqlineskiplimit=\dimen160
\eqbinoffset=\muskip17
\eqdelimoffset=\muskip18
\eqindentstep=\dimen161
\eqstyle=\toks27
\eqbreakdepth=\count131
\eqinterlinepenalty=\count132
\intereqpenalty=\count133
\intereqskip=\skip62
\prerelpenalty=\count134
\prebinoppenalty=\count135
\Dmedmuskip=\muskip19
\Dthickmuskip=\muskip20
\eqleftskip=\skip63
\eqrightskip=\skip64
\eq@vspan=\skip65
\eq@binoffset=\muskip21
\EQ@box=\box44
\EQ@copy=\box45
\EQ@numbox=\box46
\eq@wdNum=\dimen162
\GRP@numbox=\box47
\grp@wdNum=\dimen163
\eq@lines=\count136
\eq@curline=\count137
\eq@badness=\count138
\EQ@vims=\count139
\eq@dp=\dimen164
\eq@wdL=\dimen165
\eq@wdT=\dimen166
\eq@wdMin=\dimen167
\grp@wdL=\dimen168
\grp@wdR=\dimen169
\grp@wdT=\dimen170
\eq@wdRmax=\dimen171
\eq@firstht=\dimen172
\eq@wdCond=\dimen173
\eq@indentstep=\dimen174
\eq@linewidth=\dimen175
\grp@linewidth=\dimen176
\eq@hshift=\dimen177
\eq@given@sidespace=\dimen178
\mathindent=\dimen179
\eq@final@linecount=\count140
\eq@wdR=\dimen180
\EQ@continue=\toks28
\lr@level=\count141
\GRP@queue=\toks29
\GRP@box=\box48
\GRP@wholebox=\box49
\darraycolsep=\skip66
\cur@row=\count142
\cur@col=\count143
\conditionsep=\skip67
)
(/usr/share/texlive/texmf-dist/tex/latex/mathtools/mathtools.sty
Package: mathtools 2015/11/12 v1.18 mathematical typesetting tools

(/usr/share/texlive/texmf-dist/tex/latex/mathtools/mhsetup.sty
Package: mhsetup 2010/01/21 v1.2a programming setup (MH)
)
LaTeX Info: Thecontrolsequence`\('isalreadyrobust on input line 129.
LaTeX Info: Thecontrolsequence`\)'isalreadyrobust on input line 129.
LaTeX Info: Thecontrolsequence`\['isalreadyrobust on input line 129.
LaTeX Info: Thecontrolsequence`\]'isalreadyrobust on input line 129.
\g_MT_multlinerow_int=\count144
\l_MT_multwidth_dim=\dimen181
\origjot=\skip68
\l_MT_shortvdotswithinadjustabove_dim=\dimen182
\l_MT_shortvdotswithinadjustbelow_dim=\dimen183
\l_MT_above_intertext_sep=\dimen184
\l_MT_below_intertext_sep=\dimen185
\l_MT_above_shortintertext_sep=\dimen186
\l_MT_below_shortintertext_sep=\dimen187
) (./extract.sty (/usr/share/texlive/texmf-dist/tex/latex/environ/environ.sty
Package: environ 2014/05/04 v0.3 A new way to define environments

(/usr/share/texlive/texmf-dist/tex/latex/trimspaces/trimspaces.sty
Package: trimspaces 2009/09/17 v1.1 Trim spaces around a token list
))
(/usr/share/texlive/texmf-dist/tex/latex/etextools/etextools.sty
Package: etextools 2010/12/07 v3.1415926 e-TeX more useful tools for LaTeX pack
age writers

(/usr/share/texlive/texmf-dist/tex/latex/etex-pkg/etex.sty
Package: etex 2016/01/11 v2.6 eTeX basic definition package (PEB,DPC)
\et@xins=\count145
)
(/usr/share/texlive/texmf-dist/tex/latex/etoolbox/etoolbox.sty
Package: etoolbox 2015/08/02 v2.2a e-TeX tools for LaTeX (JAW)
\etb@tempcnta=\count146


Package etoolbox Warning: Patching '\end' failed!
(etoolbox)                '\AfterEndEnvironment' will not work.

) (/usr/share/texlive/texmf-dist/tex/latex/oberdiek/letltxmacro.sty
Package: letltxmacro 2010/09/02 v1.4 Let assignment for LaTeX macros (HO)
)
\ettl@fter=\count147
\ettl@for@nested=\count277
)
(/usr/share/texmf/tex/latex/preview/preview.sty
Package: preview 2010/02/14 11.88 (AUCTeX/preview-latex)

(/usr/share/texmf/tex/latex/preview/prtightpage.def
\PreviewBorder=\dimen188
)
\pr@snippet=\count148
\pr@box=\box50
\pr@output=\toks30
)
\c@propcounter=\count149
\mybox=\box51
)
\c@theorem=\count150

(source_extraction/results/1802.07624.aux)
\openout1 = `1802.07624.aux'.

LaTeX Font Info:    Checking defaults for OML/cmm/m/it on input line 36.
LaTeX Font Info:    ... okay on input line 36.
LaTeX Font Info:    Checking defaults for T1/cmr/m/n on input line 36.
LaTeX Font Info:    ... okay on input line 36.
LaTeX Font Info:    Checking defaults for OT1/cmr/m/n on input line 36.
LaTeX Font Info:    ... okay on input line 36.
LaTeX Font Info:    Checking defaults for OMS/cmsy/m/n on input line 36.
LaTeX Font Info:    ... okay on input line 36.
LaTeX Font Info:    Checking defaults for OMX/cmex/m/n on input line 36.
LaTeX Font Info:    ... okay on input line 36.
LaTeX Font Info:    Checking defaults for U/cmr/m/n on input line 36.
LaTeX Font Info:    ... okay on input line 36.
LaTeX Font Info:    Try loading font information for U+msa on input line 36.

(/usr/share/texlive/texmf-dist/tex/latex/amsfonts/umsa.fd
File: umsa.fd 2013/01/14 v3.01 AMS symbols A
)
LaTeX Font Info:    Try loading font information for U+msb on input line 36.

(/usr/share/texlive/texmf-dist/tex/latex/amsfonts/umsb.fd
File: umsb.fd 2013/01/14 v3.01 AMS symbols B
)
*geometry* driver: auto-detecting
*geometry* detected driver: pdftex
*geometry* verbose mode - [ preamble ] result:
* driver: pdftex
* paper: a4paper
* layout: <same size as paper>
* layoutoffset:(h,v)=(0.0pt,0.0pt)
* modes: 
* h-part:(L,W,R)=(89.62709pt, 418.25368pt, 89.6271pt)
* v-part:(T,H,B)=(101.40665pt, 591.5302pt, 152.11pt)
* \paperwidth=597.50787pt
* \paperheight=845.04684pt
* \textwidth=418.25368pt
* \textheight=591.5302pt
* \oddsidemargin=17.3571pt
* \evensidemargin=17.3571pt
* \topmargin=7.13666pt
* \headheight=8.0pt
* \headsep=14.0pt
* \topskip=10.0pt
* \footskip=12.0pt
* \marginparwidth=90.0pt
* \marginparsep=11.0pt
* \columnsep=10.0pt
* \skip\footins=7.0pt plus 11.0pt
* \hoffset=0.0pt
* \voffset=0.0pt
* \mag=1000
* \@twocolumnfalse
* \@twosidefalse
* \@mparswitchfalse
* \@reversemarginfalse
* (1in=72.27pt=25.4mm, 1cm=28.453pt)

(/usr/share/texlive/texmf-dist/tex/context/base/supp-pdf.mkii
[Loading MPS to PDF converter (version 2006.09.02).]
\scratchcounter=\count151
\scratchdimen=\dimen189
\scratchbox=\box52
\nofMPsegments=\count152
\nofMParguments=\count153
\everyMPshowfont=\toks31
\MPscratchCnt=\count154
\MPscratchDim=\dimen190
\MPnumerator=\count155
\makeMPintoPDFobject=\count156
\everyMPtoPDFconversion=\toks32
) (/usr/share/texlive/texmf-dist/tex/generic/oberdiek/pdftexcmds.sty
Package: pdftexcmds 2011/11/29 v0.20 Utility functions of pdfTeX for LuaTeX (HO
)

(/usr/share/texlive/texmf-dist/tex/generic/oberdiek/ifluatex.sty
Package: ifluatex 2010/03/01 v1.3 Provides the ifluatex switch (HO)
Package ifluatex Info: LuaTeX not detected.
)
Package pdftexcmds Info: LuaTeX not detected.
Package pdftexcmds Info: \pdf@primitive is available.
Package pdftexcmds Info: \pdf@ifprimitive is available.
Package pdftexcmds Info: \pdfdraftmode found.
)
(/usr/share/texlive/texmf-dist/tex/latex/oberdiek/epstopdf-base.sty
Package: epstopdf-base 2010/02/09 v2.5 Base part for package epstopdf

(/usr/share/texlive/texmf-dist/tex/latex/oberdiek/grfext.sty
Package: grfext 2010/08/19 v1.1 Manage graphics extensions (HO)

(/usr/share/texlive/texmf-dist/tex/generic/oberdiek/kvdefinekeys.sty
Package: kvdefinekeys 2011/04/07 v1.3 Define keys (HO)
))
(/usr/share/texlive/texmf-dist/tex/latex/oberdiek/kvoptions.sty
Package: kvoptions 2011/06/30 v3.11 Key value format for package options (HO)

(/usr/share/texlive/texmf-dist/tex/generic/oberdiek/kvsetkeys.sty
Package: kvsetkeys 2012/04/25 v1.16 Key value parser (HO)

(/usr/share/texlive/texmf-dist/tex/generic/oberdiek/etexcmds.sty
Package: etexcmds 2011/02/16 v1.5 Avoid name clashes with e-TeX commands (HO)
Package etexcmds Info: Could not find \expanded.
(etexcmds)             That can mean that you are not using pdfTeX 1.50 or
(etexcmds)             that some package has redefined \expanded.
(etexcmds)             In the latter case, load this package earlier.
)))
Package grfext Info: Graphics extension search list:
(grfext)             [.png,.pdf,.jpg,.mps,.jpeg,.jbig2,.jb2,.PNG,.PDF,.JPG,.JPE
G,.JBIG2,.JB2,.eps]
(grfext)             \AppendGraphicsExtensions on input line 452.

(/usr/share/texlive/texmf-dist/tex/latex/latexconfig/epstopdf-sys.cfg
File: epstopdf-sys.cfg 2010/07/13 v1.3 Configuration of (r)epstopdf for TeX Liv
e
))
Preview: Fontsize 10.95pt
Preview: PDFoutput 1
\extractedfile=\write3
\openout3 = `propositions.txt'.


Class amsart Warning: Abstract should precede \maketitle in AMS document classe
s; reported on input line 40.


Overfull \hbox (12.89496pt too wide) in paragraph at lines 41--42
\OT1/cmr/m/n/9 lemma (theorem of Laumon--Ng^o). We study the compatibility betw
een Fourier transforms
 []

(source_extraction/results/1802.07624.toc)
\tf@toc=\write4
\openout4 = `1802.07624.toc'.

LaTeX Font Info:    Try loading font information for U+euf on input line 60.

(/usr/share/texlive/texmf-dist/tex/latex/amsfonts/ueuf.fd
File: ueuf.fd 2013/01/14 v3.01 Euler Fraktur
)
Preview: Tightpage -32891 -32891 32891 32891
[1{/var/lib/texmf/fonts/map/pdftex/updmap/pdftex.map}]
Overfull \hbox (12.0pt too wide) in paragraph at lines 60--60
[][] 
 []


LaTeX Warning: Reference `JR review' on page 1 undefined on input line 70.

[2]
Overfull \hbox (12.0pt too wide) in paragraph at lines 79--79
[][] 
 []


LaTeX Warning: Reference `JR review' on page 2 undefined on input line 96.


LaTeX Warning: Reference `LS review' on page 2 undefined on input line 96.


LaTeX Warning: Reference `Nil' on page 2 undefined on input line 96.


LaTeX Warning: Reference `final' on page 2 undefined on input line 96.

[3]
Overfull \hbox (12.0pt too wide) in paragraph at lines 104--104
[][] 
 []


LaTeX Warning: Reference `converge' on page 4 undefined on input line 163.

[4]
Overfull \hbox (12.0pt too wide) in paragraph at lines 163--163
[][] 
 []


LaTeX Warning: Reference `converge' on page 4 undefined on input line 172.


LaTeX Warning: Reference `converge' on page 4 undefined on input line 172.

[5]
Overfull \hbox (12.0pt too wide) in paragraph at lines 233--233
[][] 
 []

[6]
Overfull \hbox (12.0pt too wide) in paragraph at lines 251--251
[][] 
 []

[7]
Overfull \hbox (287.84796pt too wide) in paragraph at lines 275--278
\OT1/cmr/m/n/10.95 set $\U/euf/m/n/10.95 u\OT1/cmr/m/n/10.95 (\OML/cmm/m/it/10.
95 W[]\OT1/cmr/m/n/10.95 )(\OML/cmm/m/it/10.95 O[]\OT1/cmr/m/n/10.95 ) \OMS/cms
y/m/n/10.95 ^^B \OML/cmm/m/it/10.95 O[]$\OT1/cmr/m/n/10.95 . Let $\OML/cmm/m/it
/10.95 p$ \OT1/cmr/m/n/10.95 be the residue characteristic of $\OML/cmm/m/it/10
.95 F$\OT1/cmr/m/n/10.95 . [] 
 []

[8]
Overfull \hbox (12.0pt too wide) in paragraph at lines 281--281
[][] 
 []

[9]
Overfull \hbox (12.0pt too wide) in paragraph at lines 299--299
[][] 
 []

[10]
Overfull \hbox (12.0pt too wide) in paragraph at lines 317--317
[][] 
 []

[11]
Overfull \hbox (12.0pt too wide) in paragraph at lines 331--331
[][] 
 []

[12]
Overfull \hbox (12.0pt too wide) in paragraph at lines 344--344
[][] 
 []


Underfull \vbox (badness 10000) has occurred while \output is active []


Overfull \hbox (3.12785pt too wide) in paragraph at lines 346--347
\OT1/cmr/m/n/10.95 isomorphism, $\OML/cmm/m/it/10.95 s$ \OT1/cmr/m/n/10.95 also
 defines a character of $\OML/cmm/m/it/10.95 X[]\OT1/cmr/m/n/10.95 (\OML/cmm/m/
it/10.95 T\OT1/cmr/m/n/10.95 )$. The resulting character $\OML/cmm/m/it/10.95 ^
^T$ \OT1/cmr/m/n/10.95 is independent
 []

[13]
Overfull \hbox (12.0pt too wide) in paragraph at lines 359--359
[][] 
 []

[14]
Overfull \hbox (12.0pt too wide) in paragraph at lines 369--369
[][] 
 []


LaTeX Warning: Reference `JJ' on page 9 undefined on input line 372.

[15]
Overfull \hbox (12.0pt too wide) in paragraph at lines 372--372
[][] 
 []


Overfull \hbox (3.48975pt too wide) in paragraph at lines 379--380
[]\OT1/cmr/m/n/10.95 Finally, there are fundamental lemmas assertion characteri
stic functions of hyperspecial
 []

[16]
Overfull \hbox (12.0pt too wide) in paragraph at lines 396--396
[][] 
 []


Overfull \hbox (17.47685pt too wide) in paragraph at lines 405--405
[]\OT1/cmr/m/n/10.95 For any $\OML/cmm/m/it/10.95  \OMS/cmsy/m/n/10.95 2 \OML/
cmm/m/it/10.95 E\OT1/cmr/m/n/10.95 [\OML/cmm/m/it/10.95 ^^N\OT1/cmr/m/n/10.95 ]
$, let $[]$ be the conjugation of $\OML/cmm/m/it/10.95 $ \OT1/cmr/m/n/10.95 by
 the unique nontrivial automorphism
 []

[17]
Overfull \hbox (12.0pt too wide) in paragraph at lines 419--419
[][] 
 []


Overfull \hbox (6.0772pt too wide) in paragraph at lines 431--431
\OT1/cmr/m/n/10.95 equals Nm$[](\OML/cmm/m/it/10.95 a\OT1/cmr/m/n/10.95 )$ time
s a constant. By class field theory, this surjects to $\OML/cmm/m/it/10.95 F[]=
[][]\OT1/cmr/m/n/10.95 (\OML/cmm/m/it/10.95 E[]\OT1/cmr/m/n/10.95 )$.
 []

[18]
Overfull \hbox (12.0pt too wide) in paragraph at lines 439--439
[][] 
 []

[19]
Overfull \hbox (281.06544pt too wide) in paragraph at lines 449--453
\OT1/cmr/m/n/10.95 It also allows us to define the invariant of two elements in
 $\OML/cmm/m/it/10.95 S$\OT1/cmr/m/n/10.95 : [] 
 []


Overfull \hbox (2.73694pt too wide) in paragraph at lines 459--460
[]\OT1/cmr/m/n/10.95 Let $\OML/cmm/m/it/10.95 W$ \OT1/cmr/m/n/10.95 be a non-de
generate Her-mit-ian space of dim $\OML/cmm/m/it/10.95 n$ \OT1/cmr/m/n/10.95 fo
r $\OML/cmm/m/it/10.95 E=F$\OT1/cmr/m/n/10.95 . In $[]$, $[]$ corresponds
 []

[20]
Overfull \hbox (12.0pt too wide) in paragraph at lines 472--472
[][] 
 []


Overfull \hbox (1.56331pt too wide) in paragraph at lines 474--475
[]\OT1/cmr/m/n/10.95 Finally, we mention the transfer factor. To this end, for 
each matching stable conjugacy
 []

[21]
Overfull \hbox (12.0pt too wide) in paragraph at lines 482--482
[][] 
 []

[22]
Overfull \hbox (266.46614pt too wide) in paragraph at lines 503--506
[]\OT1/cmr/m/n/10.95 Then theorem 3.4  and theorem 3.5  in this case mean: [] 
 []

[23]
Overfull \hbox (12.0pt too wide) in paragraph at lines 510--510
[][] 
 []

[24] [25]
Overfull \hbox (198.08934pt too wide) in paragraph at lines 522--525
[]\OT1/cmr/m/n/10.95 Waldspurger shows in [[]] the following: [] 
 []

[26]

LaTeX Warning: Reference `A1' on page 14 undefined on input line 564.


Overfull \hbox (1.06087pt too wide) in paragraph at lines 567--568
\OT1/cmr/m/n/10.95 Rallis transfer between certain nilpotent orbit integrals. I
n the unitary side, this nilpotent
 []

[27]
Overfull \hbox (12.0pt too wide) in paragraph at lines 599--599
[][] 
 []


LaTeX Warning: Reference `JR review' on page 16 undefined on input line 640.


LaTeX Warning: Reference `converge' on page 16 undefined on input line 654.

[28]
Overfull \hbox (12.0pt too wide) in paragraph at lines 654--654
[][] 
 []


LaTeX Warning: Reference `JR review' on page 17 undefined on input line 691.

[29]
Overfull \hbox (12.0pt too wide) in paragraph at lines 702--702
[][] 
 []

[30]
Overfull \hbox (12.0pt too wide) in paragraph at lines 746--746
[][] 
 []

LaTeX Font Info:    Try loading font information for OMS+cmr on input line 757.

(/usr/share/texlive/texmf-dist/tex/latex/base/omscmr.fd
File: omscmr.fd 2014/09/29 v2.5h Standard LaTeX font definitions
)
LaTeX Font Info:    Font shape `OMS/cmr/m/n' in size <10.95> not available
(Font)              Font shape `OMS/cmsy/m/n' tried instead on input line 757.


LaTeX Warning: Reference `general linear germ' on page 19 undefined on input li
ne 761.


LaTeX Warning: Reference `unitary germ' on page 19 undefined on input line 761.


[31]
Overfull \hbox (12.0pt too wide) in paragraph at lines 773--773
[][] 
 []


LaTeX Warning: Reference `C1' on page 19 undefined on input line 780.

[32]
Overfull \hbox (12.0pt too wide) in paragraph at lines 786--786
[][] 
 []


LaTeX Warning: Reference `C1' on page 20 undefined on input line 800.

[33]
Overfull \hbox (111.38597pt too wide) in paragraph at lines 814--820
\OT1/cmr/m/n/10.95 identity and it becomes [] 
 []


LaTeX Warning: Reference `converge' on page 21 undefined on input line 849.

[34]
Overfull \hbox (12.0pt too wide) in paragraph at lines 849--849
[][] 
 []

[35]
Overfull \hbox (12.0pt too wide) in paragraph at lines 871--871
[][] 
 []


LaTeX Warning: Reference `B1' on page 22 undefined on input line 900.


LaTeX Warning: Reference `B1' on page 22 undefined on input line 900.

[36]
Overfull \hbox (12.0pt too wide) in paragraph at lines 914--914
[][] 
 []


LaTeX Warning: Reference `D2' on page 24 undefined on input line 964.


Overfull \hbox (4.79689pt too wide) in paragraph at lines 964--964
\OML/cmm/m/it/10.95 F\OT1/cmr/m/n/10.95 [\OML/cmm/m/it/10.95 ^^M\OT1/cmr/m/n/10
.95 ][]$. By proposition 4.6 , the canonical isomorphism between $\OML/cmm/m/it
/10.95 F\OT1/cmr/m/n/10.95 [\OML/cmm/m/it/10.95 ^^M\OT1/cmr/m/n/10.95 ][]\OML/c
mm/m/it/10.95 =[][]\OT1/cmr/m/n/10.95 (\OML/cmm/m/it/10.95 E\OT1/cmr/m/n/10.95 
[\OML/cmm/m/it/10.95 ^^M\OT1/cmr/m/n/10.95 ][])$
 []


Overfull \hbox (3.20186pt too wide) in paragraph at lines 964--964
\OT1/cmr/m/n/10.95 and $\OML/cmm/m/it/10.95 H[]\OT1/cmr/m/n/10.95 (\OML/cmm/m/i
t/10.95 F; T[]\OT1/cmr/m/n/10.95 )$ maps $\OML/cmm/m/it/10.95 x$ \OT1/cmr/m/n/1
0.95 to $[](\OML/cmm/m/it/10.95 ^^N; ^^N[]\OT1/cmr/m/n/10.95 )$ (proposition 4.
6 ) and maps $\OML/cmm/m/it/10.95 ^^T$ \OT1/cmr/m/n/10.95 to $\OMS/cmsy/m/n/10.
95 h\OML/cmm/m/it/10.95 S[]\OT1/cmr/m/n/10.95 (\OML/cmm/m/it/10.95 ^^N[]\OT1/cm
r/m/n/10.95 )\OML/cmm/m/it/10.95 ;  \OMS/cmsy/m/n/10.95 i$ \OT1/cmr/m/n/10.95 (
proposition
 []


Overfull \hbox (8.80797pt too wide) in paragraph at lines 964--964
\OT1/cmr/m/n/10.95 par-a-bol-ic descent. We need to prove their product gives t
he transfer factor $\OML/cmm/m/it/10.95 ^^_\OT1/cmr/m/n/10.95 (\OML/cmm/m/it/10
.95 D\OT1/cmr/m/n/10.95 (\OML/cmm/m/it/10.95 ^^N\OT1/cmr/m/n/10.95 ))\OMS/cmsy/
m/n/10.95 j\OML/cmm/m/it/10.95 D\OT1/cmr/m/n/10.95 (\OML/cmm/m/it/10.95 ^^N\OT1
/cmr/m/n/10.95 )\OMS/cmsy/m/n/10.95 j[]$\OT1/cmr/m/n/10.95 .
 []


LaTeX Warning: Reference `transfer' on page 24 undefined on input line 964.

[37]
Overfull \hbox (12.0pt too wide) in paragraph at lines 970--970
[][] 
 []

[38]
Overfull \hbox (12.0pt too wide) in paragraph at lines 978--978
[][] 
 []

(source_extraction/results/1802.07624.aux)

LaTeX Warning: There were undefined references.

 ) 
Here is how much of TeX's memory you used:
 12247 strings out of 494779
 208583 string characters out of 6179263
 276326 words of memory out of 5000000
 15237 multiletter control sequences out of 15000+600000
 14690 words of font info for 54 fonts, out of 8000000 for 9000
 346 hyphenation exceptions out of 8191
 38i,10n,40p,10409b,275s stack positions out of 5000i,500n,10000p,200000b,80000s
</usr/share/texlive/texmf-dist/fonts/type1/public/amsfonts/cm/cmbx10.pfb></us
r/share/texlive/texmf-dist/fonts/type1/public/amsfonts/cm/cmex10.pfb></usr/shar
e/texlive/texmf-dist/fonts/type1/public/amsfonts/cm/cmmi10.pfb></usr/share/texl
ive/texmf-dist/fonts/type1/public/amsfonts/cm/cmmi6.pfb></usr/share/texlive/tex
mf-dist/fonts/type1/public/amsfonts/cm/cmmi8.pfb></usr/share/texlive/texmf-dist
/fonts/type1/public/amsfonts/cm/cmr10.pfb></usr/share/texlive/texmf-dist/fonts/
type1/public/amsfonts/cm/cmr6.pfb></usr/share/texlive/texmf-dist/fonts/type1/pu
blic/amsfonts/cm/cmr8.pfb></usr/share/texlive/texmf-dist/fonts/type1/public/ams
fonts/cm/cmsy10.pfb></usr/share/texlive/texmf-dist/fonts/type1/public/amsfonts/
cm/cmsy6.pfb></usr/share/texlive/texmf-dist/fonts/type1/public/amsfonts/cm/cmsy
8.pfb></usr/share/texlive/texmf-dist/fonts/type1/public/amsfonts/cm/cmti10.pfb>
</usr/share/texlive/texmf-dist/fonts/type1/public/amsfonts/euler/eufm10.pfb></u
sr/share/texlive/texmf-dist/fonts/type1/public/amsfonts/symbols/msbm10.pfb>
Output written on source_extraction/results/1802.07624.pdf (38 pages, 181908 by
tes).
PDF statistics:
 185 PDF objects out of 1000 (max. 8388607)
 129 compressed objects within 2 object streams
 0 named destinations out of 1000 (max. 500000)
 1 words of extra memory for PDF output out of 10000 (max. 10000000)

