This is pdfTeX, Version 3.14159265-2.6-1.40.16 (TeX Live 2015/Debian) (preloaded format=pdflatex 2017.8.22)  14 OCT 2018 21:53
entering extended mode
 restricted \write18 enabled.
 %&-line parsing enabled.
**source_extraction/results/1803.01143.tex
(./source_extraction/results/1803.01143.tex
LaTeX2e <2016/02/01>
Babel <3.9q> and hyphenation patterns for 1 language(s) loaded.
(/usr/share/texlive/texmf-dist/tex/latex/base/article.cls
Document Class: article 2014/09/29 v1.4h Standard LaTeX document class
(/usr/share/texlive/texmf-dist/tex/latex/base/size10.clo
File: size10.clo 2014/09/29 v1.4h Standard LaTeX file (size option)
)
\c@part=\count79
\c@section=\count80
\c@subsection=\count81
\c@subsubsection=\count82
\c@paragraph=\count83
\c@subparagraph=\count84
\c@figure=\count85
\c@table=\count86
\abovecaptionskip=\skip41
\belowcaptionskip=\skip42
\bibindent=\dimen102
)
(/usr/share/texlive/texmf-dist/tex/latex/base/inputenc.sty
Package: inputenc 2015/03/17 v1.2c Input encoding file
\inpenc@prehook=\toks14
\inpenc@posthook=\toks15

(/usr/share/texlive/texmf-dist/tex/latex/base/latin1.def
File: latin1.def 2015/03/17 v1.2c Input encoding file
))
(/usr/share/texlive/texmf-dist/tex/latex/base/fontenc.sty
Package: fontenc 2005/09/27 v1.99g Standard LaTeX package

(/usr/share/texlive/texmf-dist/tex/latex/base/t1enc.def
File: t1enc.def 2005/09/27 v1.99g Standard LaTeX file
LaTeX Font Info:    Redeclaring font encoding T1 on input line 48.
))
(/usr/share/texlive/texmf-dist/tex/latex/amsmath/amsmath.sty
Package: amsmath 2016/03/03 v2.15a AMS math features
\@mathmargin=\skip43

For additional information on amsmath, use the `?' option.
(/usr/share/texlive/texmf-dist/tex/latex/amsmath/amstext.sty
Package: amstext 2000/06/29 v2.01 AMS text

(/usr/share/texlive/texmf-dist/tex/latex/amsmath/amsgen.sty
File: amsgen.sty 1999/11/30 v2.0 generic functions
\@emptytoks=\toks16
\ex@=\dimen103
))
(/usr/share/texlive/texmf-dist/tex/latex/amsmath/amsbsy.sty
Package: amsbsy 1999/11/29 v1.2d Bold Symbols
\pmbraise@=\dimen104
)
(/usr/share/texlive/texmf-dist/tex/latex/amsmath/amsopn.sty
Package: amsopn 1999/12/14 v2.01 operator names
)
\inf@bad=\count87
LaTeX Info: Redefining \frac on input line 199.
\uproot@=\count88
\leftroot@=\count89
LaTeX Info: Redefining \overline on input line 297.
\classnum@=\count90
\DOTSCASE@=\count91
LaTeX Info: Redefining \ldots on input line 394.
LaTeX Info: Redefining \dots on input line 397.
LaTeX Info: Redefining \cdots on input line 518.
\Mathstrutbox@=\box26
\strutbox@=\box27
\big@size=\dimen105
LaTeX Font Info:    Redeclaring font encoding OML on input line 630.
LaTeX Font Info:    Redeclaring font encoding OMS on input line 631.
\macc@depth=\count92
\c@MaxMatrixCols=\count93
\dotsspace@=\muskip10
\c@parentequation=\count94
\dspbrk@lvl=\count95
\tag@help=\toks17
\row@=\count96
\column@=\count97
\maxfields@=\count98
\andhelp@=\toks18
\eqnshift@=\dimen106
\alignsep@=\dimen107
\tagshift@=\dimen108
\tagwidth@=\dimen109
\totwidth@=\dimen110
\lineht@=\dimen111
\@envbody=\toks19
\multlinegap=\skip44
\multlinetaggap=\skip45
\mathdisplay@stack=\toks20
LaTeX Info: Redefining \[ on input line 2735.
LaTeX Info: Redefining \] on input line 2736.
)
(/usr/share/texlive/texmf-dist/tex/latex/amsfonts/amsfonts.sty
Package: amsfonts 2013/01/14 v3.01 Basic AMSFonts support
\symAMSa=\mathgroup4
\symAMSb=\mathgroup5
LaTeX Font Info:    Overwriting math alphabet `\mathfrak' in version `bold'
(Font)                  U/euf/m/n --> U/euf/b/n on input line 106.
)
(/usr/share/texlive/texmf-dist/tex/latex/amscls/amsthm.sty
Package: amsthm 2015/03/04 v2.20.2
\thm@style=\toks21
\thm@bodyfont=\toks22
\thm@headfont=\toks23
\thm@notefont=\toks24
\thm@headpunct=\toks25
\thm@preskip=\skip46
\thm@postskip=\skip47
\thm@headsep=\skip48
\dth@everypar=\toks26
)
(/usr/share/texlive/texmf-dist/tex/generic/xypic/xy.sty
(/usr/share/texlive/texmf-dist/tex/generic/xypic/xy.tex Bootstrap'ing:
catcodes, docmode, (/usr/share/texlive/texmf-dist/tex/generic/xypic/xyrecat.tex
) (/usr/share/texlive/texmf-dist/tex/generic/xypic/xyidioms.tex)

 Xy-pic version 3.8.9 <2013/10/06>
 Copyright (c) 1991-2013 by Kristoffer H. Rose <krisrose@tug.org> and others
 Xy-pic is free software: see the User's Guide for details.

Loading kernel: messages; fonts; allocations: state,
\X@c=\dimen112
\Y@c=\dimen113
\U@c=\dimen114
\D@c=\dimen115
\L@c=\dimen116
\R@c=\dimen117
\Edge@c=\toks27
\X@p=\dimen118
\Y@p=\dimen119
\U@p=\dimen120
\D@p=\dimen121
\L@p=\dimen122
\R@p=\dimen123
\Edge@p=\toks28
\X@origin=\dimen124
\Y@origin=\dimen125
\X@xbase=\dimen126
\Y@xbase=\dimen127
\X@ybase=\dimen128
\Y@ybase=\dimen129
\X@min=\dimen130
\Y@min=\dimen131
\X@max=\dimen132
\Y@max=\dimen133
\lastobjectbox@=\box28
\zerodotbox@=\box29
\almostz@=\dimen134
 direction,
\d@X=\dimen135
\d@Y=\dimen136
\K@=\count99
\KK@=\count100
\Direction=\count101
\K@dXdY=\dimen137
\K@dYdX=\dimen138
\xyread@=\read1
\xywrite@=\write3
\csp@=\count102
\quotPTK@=\dimen139

utility macros; pictures: \xy, positions,
\swaptoks@@=\toks29
\connectobjectbox@@=\box30
 objects,
\styletoks@=\toks30
 decorations;
kernel objects: directionals, circles, text; options; algorithms: directions,
edges, connections;  Xy-pic loaded)
(/usr/share/texlive/texmf-dist/tex/generic/oberdiek/ifpdf.sty
Package: ifpdf 2011/01/30 v2.3 Provides the ifpdf switch (HO)
Package ifpdf Info: pdfTeX in PDF mode is detected.
)
Package: xy 2013/10/06 Xy-pic version 3.8.9

(/usr/share/texlive/texmf-dist/tex/generic/xypic/xyall.tex
 Xy-pic option: All features v.3.8
(/usr/share/texlive/texmf-dist/tex/generic/xypic/xycurve.tex
 Xy-pic option: Curve and Spline extension v.3.12 curve,
\crv@cnt@=\count103
\crvpts@=\toks31
\splinebox@=\box31
\splineval@=\dimen140
\splinedepth@=\dimen141
\splinetol@=\dimen142
\splinelength@=\dimen143
 circles,
\L@=\dimen144
 loaded)
(/usr/share/texlive/texmf-dist/tex/generic/xypic/xyframe.tex
 Xy-pic option: Frame and Bracket extension v.3.14 loaded)
(/usr/share/texlive/texmf-dist/tex/generic/xypic/xycmtip.tex
 Xy-pic option: Computer Modern tip extension v.3.7
(/usr/share/texlive/texmf-dist/tex/generic/xypic/xytips.tex
 Xy-pic option: More Tips extension v.3.11 loaded) loaded)
(/usr/share/texlive/texmf-dist/tex/generic/xypic/xyline.tex
 Xy-pic option: Line styles extension v.3.10
\xylinethick@=\dimen145
 loaded)
(/usr/share/texlive/texmf-dist/tex/generic/xypic/xyrotate.tex
 Xy-pic option: Rotate and Scale extension v.3.8 loaded)
(/usr/share/texlive/texmf-dist/tex/generic/xypic/xycolor.tex
 Xy-pic option: Colour extension v.3.11 loaded)
(/usr/share/texlive/texmf-dist/tex/generic/xypic/xymatrix.tex
 Xy-pic option: Matrix feature v.3.14
\Row=\count104
\Col=\count105
\queue@=\toks32
\queue@@=\toks33
\qcount@=\count106
\qcount@@=\count107
\matrixsize@=\count108
 loaded)
(/usr/share/texlive/texmf-dist/tex/generic/xypic/xyarrow.tex
 Xy-pic option: Arrow and Path feature v.3.9 path, \ar, loaded)
(/usr/share/texlive/texmf-dist/tex/generic/xypic/xygraph.tex
 Xy-pic option: Graph feature v.3.11 loaded) loaded)
(/usr/share/texlive/texmf-dist/tex/generic/xypic/xypdf.tex
 Xy-pic option: PDF driver v.1.7 Xy-pic pdf driver: `color' extension support
(/usr/share/texlive/texmf-dist/tex/generic/xypic/xypdf-co.tex loaded)
Xy-pic pdf driver: `curve' extension support
(/usr/share/texlive/texmf-dist/tex/generic/xypic/xypdf-cu.tex loaded)
Xy-pic pdf driver: `frame' extension support
(/usr/share/texlive/texmf-dist/tex/generic/xypic/xypdf-fr.tex loaded)
Xy-pic pdf driver: `line' extension support
(/usr/share/texlive/texmf-dist/tex/generic/xypic/xypdf-li.tex loaded)
Xy-pic pdf driver: `rotate' extension support
(/usr/share/texlive/texmf-dist/tex/generic/xypic/xypdf-ro.tex loaded) loaded))
(/usr/share/texlive/texmf-dist/tex/latex/geometry/geometry.sty
Package: geometry 2010/09/12 v5.6 Page Geometry

(/usr/share/texlive/texmf-dist/tex/latex/graphics/keyval.sty
Package: keyval 2014/10/28 v1.15 key=value parser (DPC)
\KV@toks@=\toks34
)
(/usr/share/texlive/texmf-dist/tex/generic/oberdiek/ifvtex.sty
Package: ifvtex 2010/03/01 v1.5 Detect VTeX and its facilities (HO)
Package ifvtex Info: VTeX not detected.
)
(/usr/share/texlive/texmf-dist/tex/generic/ifxetex/ifxetex.sty
Package: ifxetex 2010/09/12 v0.6 Provides ifxetex conditional
)
\Gm@cnth=\count109
\Gm@cntv=\count110
\c@Gm@tempcnt=\count111
\Gm@bindingoffset=\dimen146
\Gm@wd@mp=\dimen147
\Gm@odd@mp=\dimen148
\Gm@even@mp=\dimen149
\Gm@layoutwidth=\dimen150
\Gm@layoutheight=\dimen151
\Gm@layouthoffset=\dimen152
\Gm@layoutvoffset=\dimen153
\Gm@dimlist=\toks35
)
(/usr/share/texlive/texmf-dist/tex/latex/srcltx/srcltx.sty
Package: srcltx 2006/11/12 v1.6 Source specials for inverse search in DVI files


(/usr/share/texlive/texmf-dist/tex/latex/base/ifthen.sty
Package: ifthen 2014/09/29 v1.1c Standard LaTeX ifthen package (DPC)
)
\src@lastline=\count112
\src@new@everypar=\toks36
\src@new@output=\toks37
)
(/usr/share/texlive/texmf-dist/tex/latex/graphics/graphics.sty
Package: graphics 2016/01/03 v1.0q Standard LaTeX Graphics (DPC,SPQR)

(/usr/share/texlive/texmf-dist/tex/latex/graphics/trig.sty
Package: trig 2016/01/03 v1.10 sin cos tan (DPC)
)
(/usr/share/texlive/texmf-dist/tex/latex/latexconfig/graphics.cfg
File: graphics.cfg 2010/04/23 v1.9 graphics configuration of TeX Live
)
Package graphics Info: Driver file: pdftex.def on input line 95.
Package srcltx Info: Expanded filename `pdftex.def' to `pdftex.def.tex' on inpu
t line 96.

:<+ pdftex.def.tex
(/usr/share/texlive/texmf-dist/tex/latex/pdftex-def/pdftex.def
File: pdftex.def 2011/05/27 v0.06d Graphics/color for pdfTeX

(/usr/share/texlive/texmf-dist/tex/generic/oberdiek/infwarerr.sty
Package: infwarerr 2010/04/08 v1.3 Providing info/warning/error messages (HO)
)
(/usr/share/texlive/texmf-dist/tex/generic/oberdiek/ltxcmds.sty
Package: ltxcmds 2011/11/09 v1.22 LaTeX kernel commands for general use (HO)
)
\Gread@gobject=\count113
)
:<-
) (/usr/share/texlive/texmf-dist/tex/latex/graphics/epsfig.sty
Package: epsfig 1999/02/16 v1.7a (e)psfig emulation (SPQR)

(/usr/share/texlive/texmf-dist/tex/latex/graphics/graphicx.sty
Package: graphicx 2014/10/28 v1.0g Enhanced LaTeX Graphics (DPC,SPQR)
\Gin@req@height=\dimen154
\Gin@req@width=\dimen155
)
\epsfxsize=\dimen156
\epsfysize=\dimen157
)
(/usr/share/texlive/texmf-dist/tex/latex/subfigure/subfigure.sty
Package: subfigure 2002/03/15 v2.1.5 subfigure package
\subfigtopskip=\skip49
\subfigcapskip=\skip50
\subfigcaptopadj=\dimen158
\subfigbottomskip=\skip51
\subfigcapmargin=\dimen159
\subfiglabelskip=\skip52
\c@subfigure=\count114
\c@lofdepth=\count115
\c@subtable=\count116
\c@lotdepth=\count117

****************************************
* Local config file subfigure.cfg used *
****************************************
(/usr/share/texlive/texmf-dist/tex/latex/subfigure/subfigure.cfg)
\subfig@top=\skip53
\subfig@bottom=\skip54
)
(/usr/share/texlive/texmf-dist/tex/latex/carlisle/slashed.sty
Package: slashed 1997/01/16 v0.01 Feynman Slashed Character Notation (DPC)
)
(/usr/share/texlive/texmf-dist/tex/latex/graphics/color.sty
Package: color 2016/01/03 v1.1b Standard LaTeX Color (DPC)

(/usr/share/texlive/texmf-dist/tex/latex/latexconfig/color.cfg
File: color.cfg 2007/01/18 v1.5 color configuration of teTeX/TeXLive
)
Package color Info: Driver file: pdftex.def on input line 143.
)
(/usr/share/texlive/texmf-dist/tex/latex/amsfonts/amssymb.sty
Package: amssymb 2013/01/14 v3.01 AMS font symbols
) (./extract.sty
(/usr/share/texlive/texmf-dist/tex/latex/environ/environ.sty
Package: environ 2014/05/04 v0.3 A new way to define environments

(/usr/share/texlive/texmf-dist/tex/latex/trimspaces/trimspaces.sty
Package: trimspaces 2009/09/17 v1.1 Trim spaces around a token list
))
(/usr/share/texlive/texmf-dist/tex/latex/etextools/etextools.sty
Package: etextools 2010/12/07 v3.1415926 e-TeX more useful tools for LaTeX pack
age writers

(/usr/share/texlive/texmf-dist/tex/latex/etex-pkg/etex.sty
Package: etex 2016/01/11 v2.6 eTeX basic definition package (PEB,DPC)
\et@xins=\count118
)
(/usr/share/texlive/texmf-dist/tex/latex/etoolbox/etoolbox.sty
Package: etoolbox 2015/08/02 v2.2a e-TeX tools for LaTeX (JAW)
\etb@tempcnta=\count119
)
(/usr/share/texlive/texmf-dist/tex/latex/oberdiek/letltxmacro.sty
Package: letltxmacro 2010/09/02 v1.4 Let assignment for LaTeX macros (HO)
)
\ettl@fter=\count120
\ettl@for@nested=\count277
)
(/usr/share/texmf/tex/latex/preview/preview.sty
Package: preview 2010/02/14 11.88 (AUCTeX/preview-latex)

(/usr/share/texmf/tex/latex/preview/prtightpage.def
\PreviewBorder=\dimen160
)
\pr@snippet=\count121
\pr@box=\box32
\pr@output=\toks38
)
\c@propcounter=\count122
\mybox=\box33
)
\c@theorem=\count123

(source_extraction/results/1803.01143.aux)
\openout1 = `1803.01143.aux'.

LaTeX Font Info:    Checking defaults for OML/cmm/m/it on input line 68.
LaTeX Font Info:    ... okay on input line 68.
LaTeX Font Info:    Checking defaults for T1/cmr/m/n on input line 68.
LaTeX Font Info:    ... okay on input line 68.
LaTeX Font Info:    Checking defaults for OT1/cmr/m/n on input line 68.
LaTeX Font Info:    ... okay on input line 68.
LaTeX Font Info:    Checking defaults for OMS/cmsy/m/n on input line 68.
LaTeX Font Info:    ... okay on input line 68.
LaTeX Font Info:    Checking defaults for OMX/cmex/m/n on input line 68.
LaTeX Font Info:    ... okay on input line 68.
LaTeX Font Info:    Checking defaults for U/cmr/m/n on input line 68.
LaTeX Font Info:    ... okay on input line 68.
LaTeX Font Info:    Try loading font information for U+msa on input line 68.

(/usr/share/texlive/texmf-dist/tex/latex/amsfonts/umsa.fd
File: umsa.fd 2013/01/14 v3.01 AMS symbols A
)
LaTeX Font Info:    Try loading font information for U+msb on input line 68.

(/usr/share/texlive/texmf-dist/tex/latex/amsfonts/umsb.fd
File: umsb.fd 2013/01/14 v3.01 AMS symbols B
)
Package xypdf Info: Line width: 0.39998pt on input line 68.

*geometry* driver: auto-detecting
*geometry* detected driver: pdftex
*geometry* verbose mode - [ preamble ] result:
* driver: pdftex
* paper: a4paper
* layout: <same size as paper>
* layoutoffset:(h,v)=(0.0pt,0.0pt)
* modes: 
* h-part:(L,W,R)=(89.62709pt, 418.25368pt, 89.6271pt)
* v-part:(T,H,B)=(101.40665pt, 591.5302pt, 152.11pt)
* \paperwidth=597.50787pt
* \paperheight=845.04684pt
* \textwidth=418.25368pt
* \textheight=591.5302pt
* \oddsidemargin=17.3571pt
* \evensidemargin=17.3571pt
* \topmargin=-7.86334pt
* \headheight=12.0pt
* \headsep=25.0pt
* \topskip=10.0pt
* \footskip=30.0pt
* \marginparwidth=57.0pt
* \marginparsep=11.0pt
* \columnsep=10.0pt
* \skip\footins=9.0pt plus 4.0pt minus 2.0pt
* \hoffset=0.0pt
* \voffset=0.0pt
* \mag=1000
* \@twocolumnfalse
* \@twosidefalse
* \@mparswitchfalse
* \@reversemarginfalse
* (1in=72.27pt=25.4mm, 1cm=28.453pt)

(/usr/share/texlive/texmf-dist/tex/context/base/supp-pdf.mkii
[Loading MPS to PDF converter (version 2006.09.02).]
\scratchcounter=\count124
\scratchdimen=\dimen161
\scratchbox=\box34
\nofMPsegments=\count125
\nofMParguments=\count126
\everyMPshowfont=\toks39
\MPscratchCnt=\count127
\MPscratchDim=\dimen162
\MPnumerator=\count128
\makeMPintoPDFobject=\count129
\everyMPtoPDFconversion=\toks40
) (/usr/share/texlive/texmf-dist/tex/generic/oberdiek/pdftexcmds.sty
Package: pdftexcmds 2011/11/29 v0.20 Utility functions of pdfTeX for LuaTeX (HO
)

(/usr/share/texlive/texmf-dist/tex/generic/oberdiek/ifluatex.sty
Package: ifluatex 2010/03/01 v1.3 Provides the ifluatex switch (HO)
Package ifluatex Info: LuaTeX not detected.
)
Package pdftexcmds Info: LuaTeX not detected.
Package pdftexcmds Info: \pdf@primitive is available.
Package pdftexcmds Info: \pdf@ifprimitive is available.
Package pdftexcmds Info: \pdfdraftmode found.
)
(/usr/share/texlive/texmf-dist/tex/latex/oberdiek/epstopdf-base.sty
Package: epstopdf-base 2010/02/09 v2.5 Base part for package epstopdf

(/usr/share/texlive/texmf-dist/tex/latex/oberdiek/grfext.sty
Package: grfext 2010/08/19 v1.1 Manage graphics extensions (HO)

(/usr/share/texlive/texmf-dist/tex/generic/oberdiek/kvdefinekeys.sty
Package: kvdefinekeys 2011/04/07 v1.3 Define keys (HO)
))
(/usr/share/texlive/texmf-dist/tex/latex/oberdiek/kvoptions.sty
Package: kvoptions 2011/06/30 v3.11 Key value format for package options (HO)

(/usr/share/texlive/texmf-dist/tex/generic/oberdiek/kvsetkeys.sty
Package: kvsetkeys 2012/04/25 v1.16 Key value parser (HO)

(/usr/share/texlive/texmf-dist/tex/generic/oberdiek/etexcmds.sty
Package: etexcmds 2011/02/16 v1.5 Avoid name clashes with e-TeX commands (HO)
Package etexcmds Info: Could not find \expanded.
(etexcmds)             That can mean that you are not using pdfTeX 1.50 or
(etexcmds)             that some package has redefined \expanded.
(etexcmds)             In the latter case, load this package earlier.
)))
Package grfext Info: Graphics extension search list:
(grfext)             [.png,.pdf,.jpg,.mps,.jpeg,.jbig2,.jb2,.PNG,.PDF,.JPG,.JPE
G,.JBIG2,.JB2,.eps]
(grfext)             \AppendGraphicsExtensions on input line 452.

(/usr/share/texlive/texmf-dist/tex/latex/latexconfig/epstopdf-sys.cfg
File: epstopdf-sys.cfg 2010/07/13 v1.3 Configuration of (r)epstopdf for TeX Liv
e
))
Preview: Fontsize 10pt
Preview: PDFoutput 1
\extractedfile=\write4
\openout4 = `propositions.txt'.

LaTeX Font Info:    Try loading font information for OMS+cmr on input line 70.
(/usr/share/texlive/texmf-dist/tex/latex/base/omscmr.fd
File: omscmr.fd 2014/09/29 v2.5h Standard LaTeX font definitions
)
LaTeX Font Info:    Font shape `OMS/cmr/m/n' in size <8> not available
(Font)              Font shape `OMS/cmsy/m/n' tried instead on input line 70.
LaTeX Font Info:    Font shape `OMS/cmr/m/n' in size <6> not available
(Font)              Font shape `OMS/cmsy/m/n' tried instead on input line 70.


LaTeX Warning: Reference `Hamiltonian' on page 1 undefined on input line 101.


LaTeX Warning: Reference `Hamiltonian' on page 1 undefined on input line 101.


LaTeX Warning: Reference `Hamiltonian' on page 1 undefined on input line 107.


LaTeX Warning: Reference `stableunstable' on page 1 undefined on input line 108
.


LaTeX Warning: Reference `Hamiltonian' on page 1 undefined on input line 108.


LaTeX Warning: Reference `section-sfl' on page 2 undefined on input line 126.


LaTeX Warning: Reference `subsection-Maslov' on page 2 undefined on input line 
127.

Preview: Tightpage -32891 -32891 32891 32891
[1{/var/lib/texmf/fonts/map/pdftex/updmap/pdftex.map}]
Overfull \hbox (15.0pt too wide) in paragraph at lines 134--134
[][] 
 []


LaTeX Warning: Reference `stableunstable' on page 3 undefined on input line 143
.


Overfull \hbox (0.8187pt too wide) in paragraph at lines 152--154
\T1/cmr/m/n/10 obtain below the following corollary of Theorem A, which was pro
ved for $\OML/cmm/m/it/10 E \OT1/cmr/m/n/10 = \U/msb/m/n/10 R[]$ \T1/cmr/m/n/10
 by Pejsachowicz
 []


LaTeX Warning: Reference `Hamiltonian' on page 3 undefined on input line 159.

[2]
Overfull \hbox (15.0pt too wide) in paragraph at lines 159--159
[][] 
 []


LaTeX Warning: Reference `A' on page 3 undefined on input line 161.


LaTeX Warning: Reference `HamiltonianJac' on page 3 undefined on input line 161
.


LaTeX Warning: Reference `stableunstable' on page 3 undefined on input line 161
.


LaTeX Warning: Reference `Hamiltonian' on page 3 undefined on input line 161.


LaTeX Warning: Reference `section-gap' on page 3 undefined on input line 170.

[3]
Overfull \hbox (15.0pt too wide) in paragraph at lines 177--177
[][] 
 []


LaTeX Warning: Reference `app-K' on page 3 undefined on input line 179.


LaTeX Warning: Reference `Chern' on page 3 undefined on input line 179.

[4]
Overfull \hbox (15.0pt too wide) in paragraph at lines 190--190
[][] 
 []


LaTeX Warning: Reference `Section-ProofA' on page 4 undefined on input line 192
.


LaTeX Warning: Reference `Hamiltonian' on page 4 undefined on input line 195.


LaTeX Warning: Reference `Hermann' on page 5 undefined on input line 199.


LaTeX Warning: Reference `Lperp=JL' on page 6 undefined on input line 236.


LaTeX Warning: Reference `app-Maslov' on page 6 undefined on input line 236.

[5]
Overfull \hbox (15.0pt too wide) in paragraph at lines 264--264
[][] 
 []

[6]
Overfull \hbox (15.0pt too wide) in paragraph at lines 291--291
[][] 
 []


LaTeX Warning: Reference `ker=im' on page 8 undefined on input line 310.


LaTeX Warning: Reference `ker=im' on page 8 undefined on input line 310.


LaTeX Warning: Reference `ker=im' on page 8 undefined on input line 310.


LaTeX Warning: Reference `ker=im' on page 8 undefined on input line 310.


LaTeX Warning: Reference `selfdomain' on page 8 undefined on input line 310.


LaTeX Warning: Reference `ker=im' on page 8 undefined on input line 310.

[7]
Overfull \hbox (15.0pt too wide) in paragraph at lines 316--316
[][] 
 []

[8]
Overfull \hbox (15.0pt too wide) in paragraph at lines 337--337
[][] 
 []


LaTeX Warning: Reference `Hamiltonian' on page 9 undefined on input line 344.


Overfull \hbox (2.4356pt too wide) in paragraph at lines 344--346
\T1/cmr/m/n/10 We recall at first that for every selfadjoint Fredholm operator 
$[]\OML/cmm/m/it/10 T$ \T1/cmr/m/n/10 there is $\OML/cmm/m/it/10 " > \OT1/cmr/m
/n/10 0$ \T1/cmr/m/n/10 and a neighbourhood
 []


LaTeX Warning: Reference `sfl' on page 9 undefined on input line 350.


LaTeX Warning: Reference `sfl' on page 9 undefined on input line 361.

[9]
Overfull \hbox (15.0pt too wide) in paragraph at lines 368--368
[][] 
 []


LaTeX Warning: Reference `sfl' on page 10 undefined on input line 376.


LaTeX Warning: Reference `sfl' on page 10 undefined on input line 376.


LaTeX Warning: Reference `sfl' on page 10 undefined on input line 384.

[10]
Overfull \hbox (15.0pt too wide) in paragraph at lines 390--390
[][] 
 []


LaTeX Warning: Reference `sfl' on page 10 undefined on input line 393.


LaTeX Warning: Reference `sfl' on page 10 undefined on input line 393.


LaTeX Warning: Reference `Hamiltonian' on page 11 undefined on input line 398.


LaTeX Warning: Reference `complexification' on page 11 undefined on input line 
398.

[11]
Overfull \hbox (15.0pt too wide) in paragraph at lines 444--444
[][] 
 []


LaTeX Warning: Reference `BC' on page 12 undefined on input line 506.


LaTeX Warning: Reference `BC' on page 12 undefined on input line 506.


LaTeX Warning: Reference `Lperp=JL' on page 12 undefined on input line 506.


LaTeX Warning: Reference `urep' on page 13 undefined on input line 506.


LaTeX Warning: Reference `w' on page 13 undefined on input line 506.


LaTeX Warning: Reference `uniforminequ' on page 13 undefined on input line 506.



LaTeX Warning: Reference `w' on page 13 undefined on input line 506.


LaTeX Warning: Reference `ind=0Lagrangian' on page 13 undefined on input line 5
06.


LaTeX Warning: Reference `Q' on page 13 undefined on input line 515.

[12]
Overfull \hbox (15.0pt too wide) in paragraph at lines 515--515
[][] 
 []


LaTeX Warning: Reference `gap-subspaces' on page 13 undefined on input line 526
.


LaTeX Warning: Reference `gap operators' on page 14 undefined on input line 535
.


LaTeX Warning: Reference `dG' on page 14 undefined on input line 535.


LaTeX Warning: Reference `gapcontI' on page 14 undefined on input line 575.


LaTeX Warning: Reference `gapcontIV' on page 14 undefined on input line 575.


Package amsmath Warning: Foreign command \atop;
(amsmath)                \frac or \genfrac should be used instead
(amsmath)                 on input line 593.


LaTeX Warning: Reference `dG' on page 15 undefined on input line 610.


LaTeX Warning: Reference `gapfinalI' on page 15 undefined on input line 610.


LaTeX Warning: Reference `gapfinalII' on page 15 undefined on input line 610.

[13]
Overfull \hbox (15.0pt too wide) in paragraph at lines 630--630
[][] 
 []

[14]
Overfull \hbox (15.0pt too wide) in paragraph at lines 654--654
[][] 
 []


LaTeX Warning: Reference `subsection-Maslov' on page 16 undefined on input line
 656.

[15]
Overfull \hbox (15.0pt too wide) in paragraph at lines 677--677
[][] 
 []


LaTeX Warning: Reference `Q' on page 17 undefined on input line 682.


LaTeX Warning: Reference `section-sfl' on page 17 undefined on input line 682.


LaTeX Warning: Reference `psi' on page 18 undefined on input line 704.


LaTeX Warning: Reference `graphA' on page 18 undefined on input line 725.


LaTeX Warning: Reference `crossing' on page 18 undefined on input line 725.


LaTeX Warning: Reference `Q' on page 18 undefined on input line 734.

[16]
Overfull \hbox (15.0pt too wide) in paragraph at lines 741--741
[][] 
 []


LaTeX Warning: Reference `EulerJ' on page 19 undefined on input line 780.


LaTeX Warning: Reference `psi' on page 19 undefined on input line 780.


LaTeX Warning: Reference `Lperp=JL' on page 19 undefined on input line 780.


LaTeX Warning: Reference `section-sfl' on page 19 undefined on input line 782.


LaTeX Warning: Reference `sfl' on page 19 undefined on input line 785.


Overfull \hbox (1.03282pt too wide) in paragraph at lines 818--820
\T1/cmr/m/n/10 The index bundle for families of bounded Fredholm operators in a
 Hilbert space was independently
 []


LaTeX Warning: Reference `app-K' on page 20 undefined on input line 842.


LaTeX Warning: Reference `transversal' on page 20 undefined on input line 845.


LaTeX Warning: Reference `dimE' on page 20 undefined on input line 845.

LaTeX Font Info:    Font shape `OMS/cmr/m/n' in size <10> not available
(Font)              Font shape `OMS/cmsy/m/n' tried instead on input line 849.

LaTeX Warning: Reference `AtiyahJanich' on page 21 undefined on input line 886.


[17]
Overfull \hbox (15.0pt too wide) in paragraph at lines 899--899
[][] 
 []

LaTeX Font Info:    Try loading font information for U+euf on input line 914.
(/usr/share/texlive/texmf-dist/tex/latex/amsfonts/ueuf.fd
File: ueuf.fd 2013/01/14 v3.01 Euler Fraktur
)

LaTeX Warning: Reference `bundle1' on page 22 undefined on input line 924.


LaTeX Warning: Reference `bundle1' on page 23 undefined on input line 937.


Overfull \hbox (3.53221pt too wide) in paragraph at lines 941--944
\T1/cmr/m/n/10 The following properties of the index bundle are straightforward
 consequences of the corresponding
 []

[18]
Overfull \hbox (15.0pt too wide) in paragraph at lines 968--968
[][] 
 []


Underfull \hbox (badness 5878) in paragraph at lines 990--990
\T1/cmr/m/n/10 and so $\OMS/cmsy/m/n/10 f\OML/cmm/m/it/10 U[]P[]U[]\OMS/cmsy/m/
n/10 g[]$ \T1/cmr/m/n/10 is a continuous family of oblique projections onto
 []

[19]
Overfull \hbox (15.0pt too wide) in paragraph at lines 1007--1007
[][] 
 []


LaTeX Warning: Reference `dGtriangle' on page 25 undefined on input line 1030.


LaTeX Warning: Reference `transversal' on page 25 undefined on input line 1032.



LaTeX Warning: Reference `transversal' on page 25 undefined on input line 1032.


[20]
Overfull \hbox (15.0pt too wide) in paragraph at lines 1045--1045
[][] 
 []


LaTeX Warning: Reference `transversalselfadjointV' on page 26 undefined on inpu
t line 1072.

[21]
Overfull \hbox (15.0pt too wide) in paragraph at lines 1099--1099
[][] 
 []


LaTeX Warning: Reference `app-K' on page 27 undefined on input line 1101.

[22]
Overfull \hbox (15.0pt too wide) in paragraph at lines 1107--1107
[][] 
 []


LaTeX Warning: Reference `complexification' on page 27 undefined on input line 
1109.


LaTeX Warning: Reference `section-sfl' on page 27 undefined on input line 1135.


[23]
Overfull \hbox (15.0pt too wide) in paragraph at lines 1157--1157
[][] 
 []


LaTeX Warning: Reference `proofconcatenation' on page 29 undefined on input lin
e 1224.


LaTeX Warning: Reference `normalisationpath' on page 29 undefined on input line
 1234.


LaTeX Warning: Reference `Chern' on page 29 undefined on input line 1249.

[24]
Overfull \hbox (15.0pt too wide) in paragraph at lines 1291--1291
[][] 
 []


LaTeX Warning: Reference `Lperp=JL' on page 31 undefined on input line 1321.


LaTeX Warning: Reference `Hermann' on page 31 undefined on input line 1321.


LaTeX Warning: Reference `indA=0' on page 31 undefined on input line 1321.


LaTeX Warning: Reference `Hermann' on page 31 undefined on input line 1321.

[25]
Overfull \hbox (15.0pt too wide) in paragraph at lines 1327--1327
[][] 
 []


LaTeX Warning: Reference `Lperp=JL' on page 32 undefined on input line 1340.

[26]
Overfull \hbox (15.0pt too wide) in paragraph at lines 1349--1349
[][] 
 []


LaTeX Warning: Reference `Hamiltonian' on page 32 undefined on input line 1351.



LaTeX Warning: Reference `Alambda' on page 32 undefined on input line 1356.


LaTeX Warning: Reference `splittingstableunstable' on page 32 undefined on inpu
t line 1372.

[27]
Overfull \hbox (15.0pt too wide) in paragraph at lines 1378--1378
[][] 
 []


LaTeX Warning: Reference `reverseI' on page 33 undefined on input line 1403.


LaTeX Warning: Reference `Hamiltonian' on page 33 undefined on input line 1422.


[28]
Overfull \hbox (15.0pt too wide) in paragraph at lines 1422--1422
[][] 
 []


LaTeX Warning: Reference `Psi' on page 34 undefined on input line 1474.


LaTeX Warning: Reference `Psi' on page 34 undefined on input line 1480.


LaTeX Warning: Reference `sympidentities' on page 35 undefined on input line 14
97.


LaTeX Warning: Reference `Q=A0' on page 35 undefined on input line 1509.


LaTeX Warning: Reference `Q=A0' on page 35 undefined on input line 1510.


LaTeX Warning: Reference `complexification' on page 35 undefined on input line 
1525.

<xymatrix 4x2 198> <xymatrix 4x2 198>

LaTeX Warning: Reference `A0' on page 36 undefined on input line 1548.


LaTeX Warning: Reference `section-sflbundle' on page 36 undefined on input line
 1549.


LaTeX Warning: Reference `transversalselfadjointV' on page 36 undefined on inpu
t line 1562.


LaTeX Warning: Reference `diagram1' on page 36 undefined on input line 1563.

<xymatrix 3x2 190> <xymatrix 3x2 190>

LaTeX Warning: Reference `diagram2' on page 37 undefined on input line 1572.


LaTeX Warning: Reference `iota' on page 37 undefined on input line 1583.


LaTeX Warning: Reference `dimE' on page 37 undefined on input line 1583.


LaTeX Warning: Reference `BundleMatrix' on page 37 undefined on input line 1587
.


LaTeX Warning: Reference `diagram2' on page 37 undefined on input line 1594.


LaTeX Warning: Reference `A0' on page 37 undefined on input line 1599.


LaTeX Warning: Reference `section-Maslovmidpoint' on page 38 undefined on input
 line 1628.


LaTeX Warning: Reference `homotopystableunstable' on page 38 undefined on input
 line 1637.


LaTeX Warning: Reference `reverseI' on page 38 undefined on input line 1637.


LaTeX Warning: Reference `reverseII' on page 38 undefined on input line 1637.


LaTeX Warning: Reference `sfl' on page 39 undefined on input line 1658.


LaTeX Warning: Reference `final-kernel' on page 39 undefined on input line 1681
.


LaTeX Warning: Reference `appcond' on page 40 undefined on input line 1719.


LaTeX Warning: Reference `appsumI' on page 40 undefined on input line 1719.


LaTeX Warning: Reference `appsumI' on page 40 undefined on input line 1719.


LaTeX Warning: Reference `appsumII' on page 40 undefined on input line 1719.


LaTeX Warning: Reference `subsection-Maslov' on page 40 undefined on input line
 1732.


LaTeX Warning: Reference `winding' on page 41 undefined on input line 1737.


LaTeX Warning: Reference `reverseI' on page 41 undefined on input line 1749.

LaTeX Font Info:    Font shape `OMS/cmr/m/it' in size <10> not available
(Font)              Font shape `OMS/cmsy/m/n' tried instead on input line 1776.

[29]
Overfull \hbox (15.0pt too wide) in paragraph at lines 1776--1776
[][] 
 []


LaTeX Warning: Reference `reverseI' on page 41 undefined on input line 1812.


LaTeX Warning: Reference `reverseII' on page 41 undefined on input line 1812.


LaTeX Warning: Reference `dimensionequalitySauriou' on page 42 undefined on inp
ut line 1812.


LaTeX Warning: Reference `simplelemmaker' on page 42 undefined on input line 18
12.


LaTeX Warning: Reference `simplelemmamaslovdefinition' on page 42 undefined on 
input line 1812.


LaTeX Warning: Reference `dimensionequalitySauriou' on page 42 undefined on inp
ut line 1812.


LaTeX Warning: Reference `simplelemmaker' on page 42 undefined on input line 18
12.

<xymatrix 2x2 182> <xymatrix 2x2 182> [30]
Overfull \hbox (15.0pt too wide) in paragraph at lines 1856--1856
[][] 
 []

[31]
Overfull \hbox (15.0pt too wide) in paragraph at lines 1864--1864
[][] 
 []


Underfull \hbox (badness 1430) in paragraph at lines 1917--1918
[][]\T1/cmr/m/n/10 B. Booss-Bavnbek, K. Furutani, \T1/cmr/bx/n/10 Symplectic fu
nctional analysis and spectral
 []


Underfull \hbox (badness 1383) in paragraph at lines 1973--1974
[][]\T1/cmr/m/n/10 A. Portaluri, N. Waterstraat, \T1/cmr/bx/n/10 A K-theoretica
l invariant and bifurcation for
 []


Underfull \hbox (badness 2173) in paragraph at lines 1992--1993
[][]\T1/cmr/m/n/10 N. Waterstraat, \T1/cmr/bx/n/10 The Index Bundle for Gap-Con
tinuous Families, Morse-
 []


Underfull \hbox (badness 10000) in paragraph at lines 1992--1993
\T1/cmr/m/n/10 at http://ediss.uni-goettingen.de/handle/11858/00-1735-0000-0006
-B3F1-1?locale-
 []

(source_extraction/results/1803.01143.aux)

LaTeX Warning: There were undefined references.

 ) 
Here is how much of TeX's memory you used:
 7512 strings out of 494779
 95999 string characters out of 6179263
 238091 words of memory out of 5000000
 10581 multiletter control sequences out of 15000+600000
 28298 words of font info for 82 fonts, out of 8000000 for 9000
 184 hyphenation exceptions out of 8191
 38i,28n,29p,3268b,499s stack positions out of 5000i,500n,10000p,200000b,80000s
{/usr/share/texmf/fonts/enc/dvips/cm-super/cm-super-t1.enc}</usr/share/texliv
e/texmf-dist/fonts/type1/public/amsfonts/cm/cmex10.pfb></usr/share/texlive/texm
f-dist/fonts/type1/public/amsfonts/cm/cmmi10.pfb></usr/share/texlive/texmf-dist
/fonts/type1/public/amsfonts/cm/cmmi5.pfb></usr/share/texlive/texmf-dist/fonts/
type1/public/amsfonts/cm/cmmi7.pfb></usr/share/texlive/texmf-dist/fonts/type1/p
ublic/amsfonts/cm/cmr10.pfb></usr/share/texlive/texmf-dist/fonts/type1/public/a
msfonts/cm/cmr5.pfb></usr/share/texlive/texmf-dist/fonts/type1/public/amsfonts/
cm/cmr7.pfb></usr/share/texlive/texmf-dist/fonts/type1/public/amsfonts/cm/cmsy1
0.pfb></usr/share/texlive/texmf-dist/fonts/type1/public/amsfonts/cm/cmsy7.pfb><
/usr/share/texlive/texmf-dist/fonts/type1/public/amsfonts/symbols/msbm10.pfb></
usr/share/texmf/fonts/type1/public/cm-super/sfbx1000.pfb></usr/share/texmf/font
s/type1/public/cm-super/sfrm0700.pfb></usr/share/texmf/fonts/type1/public/cm-su
per/sfrm1000.pfb></usr/share/texmf/fonts/type1/public/cm-super/sfti1000.pfb>
Output written on source_extraction/results/1803.01143.pdf (31 pages, 189251 by
tes).
PDF statistics:
 162 PDF objects out of 1000 (max. 8388607)
 113 compressed objects within 2 object streams
 0 named destinations out of 1000 (max. 500000)
 1 words of extra memory for PDF output out of 10000 (max. 10000000)

