This is pdfTeX, Version 3.14159265-2.6-1.40.16 (TeX Live 2015/Debian) (preloaded format=pdflatex 2017.8.22)  14 OCT 2018 21:53
entering extended mode
 restricted \write18 enabled.
 %&-line parsing enabled.
**source_extraction/results/1804.09809.tex
(./source_extraction/results/1804.09809.tex
LaTeX2e <2016/02/01>
Babel <3.9q> and hyphenation patterns for 1 language(s) loaded.
(/usr/share/texlive/texmf-dist/tex/latex/amscls/amsart.cls
Document Class: amsart 2015/03/04 v2.20.2
\linespacing=\dimen102
\normalparindent=\dimen103
\normaltopskip=\skip41
(/usr/share/texlive/texmf-dist/tex/latex/amsmath/amsmath.sty
Package: amsmath 2016/03/03 v2.15a AMS math features
\@mathmargin=\skip42

For additional information on amsmath, use the `?' option.
(/usr/share/texlive/texmf-dist/tex/latex/amsmath/amstext.sty
Package: amstext 2000/06/29 v2.01 AMS text

(/usr/share/texlive/texmf-dist/tex/latex/amsmath/amsgen.sty
File: amsgen.sty 1999/11/30 v2.0 generic functions
\@emptytoks=\toks14
\ex@=\dimen104
))
(/usr/share/texlive/texmf-dist/tex/latex/amsmath/amsbsy.sty
Package: amsbsy 1999/11/29 v1.2d Bold Symbols
\pmbraise@=\dimen105
)
(/usr/share/texlive/texmf-dist/tex/latex/amsmath/amsopn.sty
Package: amsopn 1999/12/14 v2.01 operator names
)
\inf@bad=\count79
LaTeX Info: Redefining \frac on input line 199.
\uproot@=\count80
\leftroot@=\count81
LaTeX Info: Redefining \overline on input line 297.
\classnum@=\count82
\DOTSCASE@=\count83
LaTeX Info: Redefining \ldots on input line 394.
LaTeX Info: Redefining \dots on input line 397.
LaTeX Info: Redefining \cdots on input line 518.
\Mathstrutbox@=\box26
\strutbox@=\box27
\big@size=\dimen106
LaTeX Font Info:    Redeclaring font encoding OML on input line 630.
LaTeX Font Info:    Redeclaring font encoding OMS on input line 631.
\macc@depth=\count84
\c@MaxMatrixCols=\count85
\dotsspace@=\muskip10
\c@parentequation=\count86
\dspbrk@lvl=\count87
\tag@help=\toks15
\row@=\count88
\column@=\count89
\maxfields@=\count90
\andhelp@=\toks16
\eqnshift@=\dimen107
\alignsep@=\dimen108
\tagshift@=\dimen109
\tagwidth@=\dimen110
\totwidth@=\dimen111
\lineht@=\dimen112
\@envbody=\toks17
\multlinegap=\skip43
\multlinetaggap=\skip44
\mathdisplay@stack=\toks18
LaTeX Info: Redefining \[ on input line 2735.
LaTeX Info: Redefining \] on input line 2736.
)
LaTeX Font Info:    Try loading font information for U+msa on input line 388.

(/usr/share/texlive/texmf-dist/tex/latex/amsfonts/umsa.fd
File: umsa.fd 2013/01/14 v3.01 AMS symbols A
)
(/usr/share/texlive/texmf-dist/tex/latex/amsfonts/amsfonts.sty
Package: amsfonts 2013/01/14 v3.01 Basic AMSFonts support
\symAMSa=\mathgroup4
\symAMSb=\mathgroup5
LaTeX Font Info:    Overwriting math alphabet `\mathfrak' in version `bold'
(Font)                  U/euf/m/n --> U/euf/b/n on input line 106.
)
\copyins=\insert199
\abstractbox=\box28
\listisep=\skip45
\c@part=\count91
\c@section=\count92
\c@subsection=\count93
\c@subsubsection=\count94
\c@paragraph=\count95
\c@subparagraph=\count96
\c@figure=\count97
\c@table=\count98
\abovecaptionskip=\skip46
\belowcaptionskip=\skip47
\captionindent=\dimen113
\thm@style=\toks19
\thm@bodyfont=\toks20
\thm@headfont=\toks21
\thm@notefont=\toks22
\thm@headpunct=\toks23
\thm@preskip=\skip48
\thm@postskip=\skip49
\thm@headsep=\skip50
\dth@everypar=\toks24
)
(/usr/share/texlive/texmf-dist/tex/latex/amsfonts/amssymb.sty
Package: amssymb 2013/01/14 v3.01 AMS font symbols
)
(/usr/share/texlive/texmf-dist/tex/latex/tools/enumerate.sty
Package: enumerate 2015/07/23 v3.00 enumerate extensions (DPC)
\@enLab=\toks25
) (./extract.sty
(/usr/share/texlive/texmf-dist/tex/latex/environ/environ.sty
Package: environ 2014/05/04 v0.3 A new way to define environments

(/usr/share/texlive/texmf-dist/tex/latex/trimspaces/trimspaces.sty
Package: trimspaces 2009/09/17 v1.1 Trim spaces around a token list
))
(/usr/share/texlive/texmf-dist/tex/latex/etextools/etextools.sty
Package: etextools 2010/12/07 v3.1415926 e-TeX more useful tools for LaTeX pack
age writers

(/usr/share/texlive/texmf-dist/tex/latex/etex-pkg/etex.sty
Package: etex 2016/01/11 v2.6 eTeX basic definition package (PEB,DPC)
\et@xins=\count99
)
(/usr/share/texlive/texmf-dist/tex/latex/etoolbox/etoolbox.sty
Package: etoolbox 2015/08/02 v2.2a e-TeX tools for LaTeX (JAW)
\etb@tempcnta=\count100
)
(/usr/share/texlive/texmf-dist/tex/latex/oberdiek/letltxmacro.sty
Package: letltxmacro 2010/09/02 v1.4 Let assignment for LaTeX macros (HO)
)
\ettl@fter=\count101
\ettl@for@nested=\count277
)
(/usr/share/texmf/tex/latex/preview/preview.sty
Package: preview 2010/02/14 11.88 (AUCTeX/preview-latex)

(/usr/share/texmf/tex/latex/preview/prtightpage.def
\PreviewBorder=\dimen114
)
\pr@snippet=\count102
\pr@box=\box29
\pr@output=\toks26
)
\c@propcounter=\count103
\mybox=\box30
)
\c@thm=\count104

(source_extraction/results/1804.09809.aux)
\openout1 = `1804.09809.aux'.

LaTeX Font Info:    Checking defaults for OML/cmm/m/it on input line 85.
LaTeX Font Info:    ... okay on input line 85.
LaTeX Font Info:    Checking defaults for T1/cmr/m/n on input line 85.
LaTeX Font Info:    ... okay on input line 85.
LaTeX Font Info:    Checking defaults for OT1/cmr/m/n on input line 85.
LaTeX Font Info:    ... okay on input line 85.
LaTeX Font Info:    Checking defaults for OMS/cmsy/m/n on input line 85.
LaTeX Font Info:    ... okay on input line 85.
LaTeX Font Info:    Checking defaults for OMX/cmex/m/n on input line 85.
LaTeX Font Info:    ... okay on input line 85.
LaTeX Font Info:    Checking defaults for U/cmr/m/n on input line 85.
LaTeX Font Info:    ... okay on input line 85.
LaTeX Font Info:    Try loading font information for U+msa on input line 85.

(/usr/share/texlive/texmf-dist/tex/latex/amsfonts/umsa.fd
File: umsa.fd 2013/01/14 v3.01 AMS symbols A
)
LaTeX Font Info:    Try loading font information for U+msb on input line 85.

(/usr/share/texlive/texmf-dist/tex/latex/amsfonts/umsb.fd
File: umsb.fd 2013/01/14 v3.01 AMS symbols B
)
Preview: Fontsize 10pt
Preview: PDFoutput 1
\extractedfile=\write3
\openout3 = `propositions.txt'.


Overfull \hbox (4.61212pt too wide) in paragraph at lines 104--118
[]\OT1/cmr/m/n/8 We show that HT$[]$ and similar results with addition replaced
 by subtraction
 []


LaTeX Warning: Reference `results' on page 2 undefined on input line 195.


Underfull \vbox (badness 10000) has occurred while \output is active []



LaTeX Warning: Reference `results' on page 3 undefined on input line 260.


Underfull \vbox (badness 10000) has occurred while \output is active []


Overfull \hbox (24.13945pt too wide) in paragraph at lines 280--290
\OT1/cmr/m/n/10 showed that one of these versions is equivalent to RT$[]$ for t
he function $[](\OMS/cmsy/m/n/10 f\OML/cmm/m/it/10 x[]; x[]\OMS/cmsy/m/n/10 g\O
T1/cmr/m/n/10 ) =
 []

Preview: Tightpage -32891 -32891 32891 32891
[1{/var/lib/texmf/fonts/map/pdftex/updmap/pdftex.map}]
Overfull \hbox (12.0pt too wide) in paragraph at lines 310--310
[][] 
 []

[2]
Overfull \hbox (12.0pt too wide) in paragraph at lines 319--319
[][] 
 []

[3]
Overfull \hbox (12.0pt too wide) in paragraph at lines 360--360
[][] 
 []

[4]
Overfull \hbox (12.0pt too wide) in paragraph at lines 395--395
[][] 
 []

[5]
Overfull \hbox (12.0pt too wide) in paragraph at lines 416--416
[][] 
 []


Underfull \vbox (badness 10000) has occurred while \output is active []

 [6]
Overfull \hbox (12.0pt too wide) in paragraph at lines 436--436
[][] 
 []

[7]
Overfull \hbox (12.0pt too wide) in paragraph at lines 453--453
[][] 
 []

[8]
Overfull \hbox (12.0pt too wide) in paragraph at lines 515--515
[][] 
 []


Overfull \hbox (3.39626pt too wide) in paragraph at lines 517--526
[]\OT1/cmr/m/n/10 Let $\OML/cmm/m/it/10 W[]; W[]; []$ \OT1/cmr/m/n/10 be an eff
ective list of the $^^F[]$ sets, with corresponding computable
 []

[9]
Overfull \hbox (12.0pt too wide) in paragraph at lines 540--540
[][] 
 []

LaTeX Font Info:    Try loading font information for OMS+cmr on input line 641.

(/usr/share/texlive/texmf-dist/tex/latex/base/omscmr.fd
File: omscmr.fd 2014/09/29 v2.5h Standard LaTeX font definitions
)
LaTeX Font Info:    Font shape `OMS/cmr/m/n' in size <7> not available
(Font)              Font shape `OMS/cmsy/m/n' tried instead on input line 641.

Overfull \hbox (4.88945pt too wide) in paragraph at lines 641--641
[]\OT1/cmr/m/n/10 Thus the hypotheses of Corollary 2.3  are satisfied, and henc
e there is a computable
 []

[10]
Overfull \hbox (12.0pt too wide) in paragraph at lines 652--652
[][] 
 []

[11]
Overfull \hbox (12.0pt too wide) in paragraph at lines 670--670
[][] 
 []


Underfull \vbox (badness 10000) has occurred while \output is active []

 [12]
Overfull \hbox (12.0pt too wide) in paragraph at lines 686--686
[][] 
 []

[13]
Overfull \hbox (12.0pt too wide) in paragraph at lines 699--699
[][] 
 []

[14]
Overfull \hbox (12.0pt too wide) in paragraph at lines 742--742
[][] 
 []


Underfull \vbox (badness 2285) has occurred while \output is active []

 [15]
Overfull \hbox (12.0pt too wide) in paragraph at lines 786--786
[][] 
 []


Underfull \vbox (badness 4205) has occurred while \output is active []

 [16]
Overfull \hbox (12.0pt too wide) in paragraph at lines 863--863
[][] 
 []

[17]
Overfull \hbox (12.0pt too wide) in paragraph at lines 876--876
[][] 
 []

[18]
Overfull \hbox (12.0pt too wide) in paragraph at lines 898--898
[][] 
 []

[19]
Overfull \hbox (12.0pt too wide) in paragraph at lines 902--902
[][] 
 []

[20]
Overfull \hbox (12.0pt too wide) in paragraph at lines 907--907
[][] 
 []

[21]
Overfull \hbox (12.0pt too wide) in paragraph at lines 911--911
[][] 
 []

[22]
Overfull \hbox (12.0pt too wide) in paragraph at lines 919--919
[][] 
 []

[23]
Overfull \hbox (12.0pt too wide) in paragraph at lines 932--932
[][] 
 []

[24]
Overfull \hbox (12.0pt too wide) in paragraph at lines 939--939
[][] 
 []

(source_extraction/results/1804.09809.aux)

LaTeX Warning: There were undefined references.

 ) 
Here is how much of TeX's memory you used:
 2690 strings out of 494779
 31728 string characters out of 6179263
 117947 words of memory out of 5000000
 5795 multiletter control sequences out of 15000+600000
 12916 words of font info for 47 fonts, out of 8000000 for 9000
 346 hyphenation exceptions out of 8191
 34i,8n,32p,901b,339s stack positions out of 5000i,500n,10000p,200000b,80000s
</usr/share/texlive/texmf-dist/fonts/type1/public/amsfonts/cm/cmbx10.pfb></us
r/share/texlive/texmf-dist/fonts/type1/public/amsfonts/cm/cmex10.pfb></usr/shar
e/texlive/texmf-dist/fonts/type1/public/amsfonts/cm/cmmi10.pfb></usr/share/texl
ive/texmf-dist/fonts/type1/public/amsfonts/cm/cmmi5.pfb></usr/share/texlive/tex
mf-dist/fonts/type1/public/amsfonts/cm/cmmi7.pfb></usr/share/texlive/texmf-dist
/fonts/type1/public/amsfonts/cm/cmr10.pfb></usr/share/texlive/texmf-dist/fonts/
type1/public/amsfonts/cm/cmr7.pfb></usr/share/texlive/texmf-dist/fonts/type1/pu
blic/amsfonts/cm/cmsy10.pfb></usr/share/texlive/texmf-dist/fonts/type1/public/a
msfonts/cm/cmsy7.pfb></usr/share/texlive/texmf-dist/fonts/type1/public/amsfonts
/cm/cmti10.pfb></usr/share/texlive/texmf-dist/fonts/type1/public/amsfonts/symbo
ls/msam10.pfb></usr/share/texlive/texmf-dist/fonts/type1/public/amsfonts/symbol
s/msbm10.pfb>
Output written on source_extraction/results/1804.09809.pdf (24 pages, 140506 by
tes).
PDF statistics:
 129 PDF objects out of 1000 (max. 8388607)
 90 compressed objects within 1 object stream
 0 named destinations out of 1000 (max. 500000)
 1 words of extra memory for PDF output out of 10000 (max. 10000000)

