This is pdfTeX, Version 3.14159265-2.6-1.40.16 (TeX Live 2015/Debian) (preloaded format=pdflatex 2017.8.22)  14 OCT 2018 21:53
entering extended mode
 restricted \write18 enabled.
 %&-line parsing enabled.
**source_extraction/results/1804.00328.tex
(./source_extraction/results/1804.00328.tex
LaTeX2e <2016/02/01>
Babel <3.9q> and hyphenation patterns for 1 language(s) loaded.
(/usr/share/texlive/texmf-dist/tex/latex/amscls/amsart.cls
Document Class: amsart 2015/03/04 v2.20.2
\linespacing=\dimen102
\normalparindent=\dimen103
\normaltopskip=\skip41
(/usr/share/texlive/texmf-dist/tex/latex/amsmath/amsmath.sty
Package: amsmath 2016/03/03 v2.15a AMS math features
\@mathmargin=\skip42

For additional information on amsmath, use the `?' option.
(/usr/share/texlive/texmf-dist/tex/latex/amsmath/amstext.sty
Package: amstext 2000/06/29 v2.01 AMS text

(/usr/share/texlive/texmf-dist/tex/latex/amsmath/amsgen.sty
File: amsgen.sty 1999/11/30 v2.0 generic functions
\@emptytoks=\toks14
\ex@=\dimen104
))
(/usr/share/texlive/texmf-dist/tex/latex/amsmath/amsbsy.sty
Package: amsbsy 1999/11/29 v1.2d Bold Symbols
\pmbraise@=\dimen105
)
(/usr/share/texlive/texmf-dist/tex/latex/amsmath/amsopn.sty
Package: amsopn 1999/12/14 v2.01 operator names
)
\inf@bad=\count79
LaTeX Info: Redefining \frac on input line 199.
\uproot@=\count80
\leftroot@=\count81
LaTeX Info: Redefining \overline on input line 297.
\classnum@=\count82
\DOTSCASE@=\count83
LaTeX Info: Redefining \ldots on input line 394.
LaTeX Info: Redefining \dots on input line 397.
LaTeX Info: Redefining \cdots on input line 518.
\Mathstrutbox@=\box26
\strutbox@=\box27
\big@size=\dimen106
LaTeX Font Info:    Redeclaring font encoding OML on input line 630.
LaTeX Font Info:    Redeclaring font encoding OMS on input line 631.
\macc@depth=\count84
\c@MaxMatrixCols=\count85
\dotsspace@=\muskip10
\c@parentequation=\count86
\dspbrk@lvl=\count87
\tag@help=\toks15
\row@=\count88
\column@=\count89
\maxfields@=\count90
\andhelp@=\toks16
\eqnshift@=\dimen107
\alignsep@=\dimen108
\tagshift@=\dimen109
\tagwidth@=\dimen110
\totwidth@=\dimen111
\lineht@=\dimen112
\@envbody=\toks17
\multlinegap=\skip43
\multlinetaggap=\skip44
\mathdisplay@stack=\toks18
LaTeX Info: Redefining \[ on input line 2735.
LaTeX Info: Redefining \] on input line 2736.
)
LaTeX Font Info:    Try loading font information for U+msa on input line 388.

(/usr/share/texlive/texmf-dist/tex/latex/amsfonts/umsa.fd
File: umsa.fd 2013/01/14 v3.01 AMS symbols A
)
(/usr/share/texlive/texmf-dist/tex/latex/amsfonts/amsfonts.sty
Package: amsfonts 2013/01/14 v3.01 Basic AMSFonts support
\symAMSa=\mathgroup4
\symAMSb=\mathgroup5
LaTeX Font Info:    Overwriting math alphabet `\mathfrak' in version `bold'
(Font)                  U/euf/m/n --> U/euf/b/n on input line 106.
)
\copyins=\insert199
\abstractbox=\box28
\listisep=\skip45
\c@part=\count91
\c@section=\count92
\c@subsection=\count93
\c@subsubsection=\count94
\c@paragraph=\count95
\c@subparagraph=\count96
\c@figure=\count97
\c@table=\count98
\abovecaptionskip=\skip46
\belowcaptionskip=\skip47
\captionindent=\dimen113
\thm@style=\toks19
\thm@bodyfont=\toks20
\thm@headfont=\toks21
\thm@notefont=\toks22
\thm@headpunct=\toks23
\thm@preskip=\skip48
\thm@postskip=\skip49
\thm@headsep=\skip50
\dth@everypar=\toks24
)
(/usr/share/texlive/texmf-dist/tex/latex/base/fontenc.sty
Package: fontenc 2005/09/27 v1.99g Standard LaTeX package

(/usr/share/texlive/texmf-dist/tex/latex/base/t1enc.def
File: t1enc.def 2005/09/27 v1.99g Standard LaTeX file
LaTeX Font Info:    Redeclaring font encoding T1 on input line 48.
))
(/usr/share/texlive/texmf-dist/tex/latex/base/inputenc.sty
Package: inputenc 2015/03/17 v1.2c Input encoding file
\inpenc@prehook=\toks25
\inpenc@posthook=\toks26

(/usr/share/texlive/texmf-dist/tex/latex/base/latin9.def
File: latin9.def 2015/03/17 v1.2c Input encoding file
))
(/usr/share/texlive/texmf-dist/tex/latex/geometry/geometry.sty
Package: geometry 2010/09/12 v5.6 Page Geometry

(/usr/share/texlive/texmf-dist/tex/latex/graphics/keyval.sty
Package: keyval 2014/10/28 v1.15 key=value parser (DPC)
\KV@toks@=\toks27
)
(/usr/share/texlive/texmf-dist/tex/generic/oberdiek/ifpdf.sty
Package: ifpdf 2011/01/30 v2.3 Provides the ifpdf switch (HO)
Package ifpdf Info: pdfTeX in PDF mode is detected.
)
(/usr/share/texlive/texmf-dist/tex/generic/oberdiek/ifvtex.sty
Package: ifvtex 2010/03/01 v1.5 Detect VTeX and its facilities (HO)
Package ifvtex Info: VTeX not detected.
)
(/usr/share/texlive/texmf-dist/tex/generic/ifxetex/ifxetex.sty
Package: ifxetex 2010/09/12 v0.6 Provides ifxetex conditional
)
\Gm@cnth=\count99
\Gm@cntv=\count100
\c@Gm@tempcnt=\count101
\Gm@bindingoffset=\dimen114
\Gm@wd@mp=\dimen115
\Gm@odd@mp=\dimen116
\Gm@even@mp=\dimen117
\Gm@layoutwidth=\dimen118
\Gm@layoutheight=\dimen119
\Gm@layouthoffset=\dimen120
\Gm@layoutvoffset=\dimen121
\Gm@dimlist=\toks28
)
(/usr/share/texlive/texmf-dist/tex/latex/amsfonts/amssymb.sty
Package: amssymb 2013/01/14 v3.01 AMS font symbols
)
(/usr/share/texlive/texmf-dist/tex/generic/mathdots/mathdots.sty
Package: mathdots 2014/06/11 v0.9 Improve and add various macros for dots in ma
th.
\MDo@unit=\dimen122
\MDo@dotsbox=\box29
\MDoprekern=\muskip11
\MDopostkern=\muskip12
\MDodotkern=\muskip13
)
(./extract.sty (/usr/share/texlive/texmf-dist/tex/latex/environ/environ.sty
Package: environ 2014/05/04 v0.3 A new way to define environments

(/usr/share/texlive/texmf-dist/tex/latex/trimspaces/trimspaces.sty
Package: trimspaces 2009/09/17 v1.1 Trim spaces around a token list
))
(/usr/share/texlive/texmf-dist/tex/latex/etextools/etextools.sty
Package: etextools 2010/12/07 v3.1415926 e-TeX more useful tools for LaTeX pack
age writers

(/usr/share/texlive/texmf-dist/tex/latex/etex-pkg/etex.sty
Package: etex 2016/01/11 v2.6 eTeX basic definition package (PEB,DPC)
\et@xins=\count102
)
(/usr/share/texlive/texmf-dist/tex/latex/etoolbox/etoolbox.sty
Package: etoolbox 2015/08/02 v2.2a e-TeX tools for LaTeX (JAW)
\etb@tempcnta=\count103
)
(/usr/share/texlive/texmf-dist/tex/latex/oberdiek/letltxmacro.sty
Package: letltxmacro 2010/09/02 v1.4 Let assignment for LaTeX macros (HO)
)
\ettl@fter=\count104
\ettl@for@nested=\count277
)
(/usr/share/texmf/tex/latex/preview/preview.sty
Package: preview 2010/02/14 11.88 (AUCTeX/preview-latex)

(/usr/share/texmf/tex/latex/preview/prtightpage.def
\PreviewBorder=\dimen123
)
\pr@snippet=\count105
\pr@box=\box30
\pr@output=\toks29
)
\c@propcounter=\count106
\mybox=\box31
)
\c@thm=\count107

(/usr/share/texlive/texmf-dist/tex/generic/babel/babel.sty
Package: babel 2016/02/24 3.9q The Babel package

(/usr/share/texlive/texmf-dist/tex/generic/babel-english/english.ldf
Language: english 2012/08/20 v3.3p English support from the babel system

(/usr/share/texlive/texmf-dist/tex/generic/babel/babel.def
File: babel.def 2016/02/24 3.9q Babel common definitions
\babel@savecnt=\count108
\U@D=\dimen124
)
\l@british = a dialect from \language\l@english 
\l@UKenglish = a dialect from \language\l@english 
\l@american = a dialect from \language\l@english 
\l@canadian = a dialect from \language\l@american 
\l@australian = a dialect from \language\l@british 
\l@newzealand = a dialect from \language\l@british 
))
(source_extraction/results/1804.00328.aux)
\openout1 = `1804.00328.aux'.

LaTeX Font Info:    Checking defaults for OML/cmm/m/it on input line 60.
LaTeX Font Info:    ... okay on input line 60.
LaTeX Font Info:    Checking defaults for T1/cmr/m/n on input line 60.
LaTeX Font Info:    ... okay on input line 60.
LaTeX Font Info:    Checking defaults for OT1/cmr/m/n on input line 60.
LaTeX Font Info:    ... okay on input line 60.
LaTeX Font Info:    Checking defaults for OMS/cmsy/m/n on input line 60.
LaTeX Font Info:    ... okay on input line 60.
LaTeX Font Info:    Checking defaults for OMX/cmex/m/n on input line 60.
LaTeX Font Info:    ... okay on input line 60.
LaTeX Font Info:    Checking defaults for U/cmr/m/n on input line 60.
LaTeX Font Info:    ... okay on input line 60.
LaTeX Font Info:    Try loading font information for U+msa on input line 60.

(/usr/share/texlive/texmf-dist/tex/latex/amsfonts/umsa.fd
File: umsa.fd 2013/01/14 v3.01 AMS symbols A
)
LaTeX Font Info:    Try loading font information for U+msb on input line 60.

(/usr/share/texlive/texmf-dist/tex/latex/amsfonts/umsb.fd
File: umsb.fd 2013/01/14 v3.01 AMS symbols B
)
*geometry* driver: auto-detecting
*geometry* detected driver: pdftex

Package geometry Warning: The marginal notes overrun the paper.
     Add 15.64174pt and more to the right margin.

*geometry* verbose mode - [ preamble ] result:
* driver: pdftex
* paper: <default>
* layout: <same size as paper>
* layoutoffset:(h,v)=(0.0pt,0.0pt)
* modes: 
* h-part:(L,W,R)=(92.14519pt, 436.79155pt, 85.35826pt)
* v-part:(T,H,B)=(95.39737pt, 556.47656pt, 143.09605pt)
* \paperwidth=614.295pt
* \paperheight=794.96999pt
* \textwidth=436.79155pt
* \textheight=556.47656pt
* \oddsidemargin=19.8752pt
* \evensidemargin=19.8752pt
* \topmargin=1.12738pt
* \headheight=8.0pt
* \headsep=14.0pt
* \topskip=10.0pt
* \footskip=12.0pt
* \marginparwidth=90.0pt
* \marginparsep=11.0pt
* \columnsep=10.0pt
* \skip\footins=7.0pt plus 11.0pt
* \hoffset=0.0pt
* \voffset=0.0pt
* \mag=1000
* \@twocolumnfalse
* \@twosidefalse
* \@mparswitchfalse
* \@reversemarginfalse
* (1in=72.27pt=25.4mm, 1cm=28.453pt)

Preview: Fontsize 10pt
Preview: PDFoutput 1
\extractedfile=\write3
\openout3 = `propositions.txt'.

Preview: Tightpage -32891 -32891 32891 32891
[1{/var/lib/texmf/fonts/map/pdftex/updmap/pdftex.map}]
! Incomplete \iffalse; all text was ignored after line 148.
<inserted text> 
                \fi 
l.148 \end{problem}
                   
A forbidden control sequence occurred in skipped text.
This kind of error happens when you say `\if...' and forget
the matching `\fi'. I've inserted a `\fi'; this might work.

! Incomplete \iffalse; all text was ignored after line 148.
<inserted text> 
                \fi 
l.148 \end{problem}
                   
A forbidden control sequence occurred in skipped text.
This kind of error happens when you say `\if...' and forget
the matching `\fi'. I've inserted a `\fi'; this might work.

Runaway text?
BEGIN \protect Problem \protect \let 
! Forbidden control sequence found while scanning text of \write.
<inserted text> 
                }
l.148 \end{problem}
                   
I suspect you have forgotten a `}', causing me
to read past where you wanted me to stop.
I'll try to recover; but if the error is serious,
you'd better type `E' or `X' now and fix your file.

[2]
Overfull \hbox (395.29652pt too wide) in paragraph at lines 220--220
 \T1/cmr/m/n/10 1.2.\T1/cmr/bx/n/10 The structure of large families that are fr
ee from an expanded hypergraphs.[] [] 
 []

! Incomplete \iffalse; all text was ignored after line 220.
<inserted text> 
                \fi 
l.220 \end{defn}
                
A forbidden control sequence occurred in skipped text.
This kind of error happens when you say `\if...' and forget
the matching `\fi'. I've inserted a `\fi'; this might work.

! Incomplete \iffalse; all text was ignored after line 220.
<inserted text> 
                \fi 
l.220 \end{defn}
                
A forbidden control sequence occurred in skipped text.
This kind of error happens when you say `\if...' and forget
the matching `\fi'. I've inserted a `\fi'; this might work.

Runaway text?
BEGIN \protect Definition \protect \let 
! Forbidden control sequence found while scanning text of \write.
<inserted text> 
                }
l.220 \end{defn}
                
I suspect you have forgotten a `}', causing me
to read past where you wanted me to stop.
I'll try to recover; but if the error is serious,
you'd better type `E' or `X' now and fix your file.

[3]
! Incomplete \iffalse; all text was ignored after line 238.
<inserted text> 
                \fi 
l.238 \end{defn}
                
A forbidden control sequence occurred in skipped text.
This kind of error happens when you say `\if...' and forget
the matching `\fi'. I've inserted a `\fi'; this might work.

! Incomplete \iffalse; all text was ignored after line 238.
<inserted text> 
                \fi 
l.238 \end{defn}
                
A forbidden control sequence occurred in skipped text.
This kind of error happens when you say `\if...' and forget
the matching `\fi'. I've inserted a `\fi'; this might work.

Runaway text?
BEGIN \protect Definition \protect \let 
! Forbidden control sequence found while scanning text of \write.
<inserted text> 
                }
l.238 \end{defn}
                
I suspect you have forgotten a `}', causing me
to read past where you wanted me to stop.
I'll try to recover; but if the error is serious,
you'd better type `E' or `X' now and fix your file.

[4]
Overfull \hbox (301.44492pt too wide) in paragraph at lines 269--283
\T1/cmr/m/n/10 author [[]] and further developed by Ellis, Keller, and the auth
or [[]]. [] 
 []

! Incomplete \iffalse; all text was ignored after line 283.
<inserted text> 
                \fi 
l.283 \end{defn}
                
A forbidden control sequence occurred in skipped text.
This kind of error happens when you say `\if...' and forget
the matching `\fi'. I've inserted a `\fi'; this might work.

! Incomplete \iffalse; all text was ignored after line 283.
<inserted text> 
                \fi 
l.283 \end{defn}
                
A forbidden control sequence occurred in skipped text.
This kind of error happens when you say `\if...' and forget
the matching `\fi'. I've inserted a `\fi'; this might work.

Runaway text?
BEGIN \protect Definition \protect \let 
! Forbidden control sequence found while scanning text of \write.
<inserted text> 
                }
l.283 \end{defn}
                
I suspect you have forgotten a `}', causing me
to read past where you wanted me to stop.
I'll try to recover; but if the error is serious,
you'd better type `E' or `X' now and fix your file.

[5]
Overfull \hbox (160.5534pt too wide) in paragraph at lines 285--294
\T1/cmr/m/n/10 systems. They showed the following. [] 
 []

! Incomplete \iffalse; all text was ignored after line 294.
<inserted text> 
                \fi 
l.294 \end{thm}
               
A forbidden control sequence occurred in skipped text.
This kind of error happens when you say `\if...' and forget
the matching `\fi'. I've inserted a `\fi'; this might work.

! Incomplete \iffalse; all text was ignored after line 294.
<inserted text> 
                \fi 
l.294 \end{thm}
               
A forbidden control sequence occurred in skipped text.
This kind of error happens when you say `\if...' and forget
the matching `\fi'. I've inserted a `\fi'; this might work.

Runaway text?
BEGIN \protect Theorem \protect \let 
! Forbidden control sequence found while scanning text of \write.
<inserted text> 
                }
l.294 \end{thm}
               
I suspect you have forgotten a `}', causing me
to read past where you wanted me to stop.
I'll try to recover; but if the error is serious,
you'd better type `E' or `X' now and fix your file.

[6]
Overfull \hbox (348.06961pt too wide) in paragraph at lines 299--311
\T1/cmr/m/n/10 free $\OML/cmm/m/it/10 j$\T1/cmr/m/n/10 -junta, and obtained the
 following result for general expanded hypergraphs. [] 
 []

! Incomplete \iffalse; all text was ignored after line 311.
<inserted text> 
                \fi 
l.311 \end{thm}
               
A forbidden control sequence occurred in skipped text.
This kind of error happens when you say `\if...' and forget
the matching `\fi'. I've inserted a `\fi'; this might work.

! Incomplete \iffalse; all text was ignored after line 311.
<inserted text> 
                \fi 
l.311 \end{thm}
               
A forbidden control sequence occurred in skipped text.
This kind of error happens when you say `\if...' and forget
the matching `\fi'. I've inserted a `\fi'; this might work.

Runaway text?
BEGIN \protect Theorem \protect \let 
! Forbidden control sequence found while scanning text of \write.
<inserted text> 
                }
l.311 \end{thm}
               
I suspect you have forgotten a `}', causing me
to read past where you wanted me to stop.
I'll try to recover; but if the error is serious,
you'd better type `E' or `X' now and fix your file.

[7]
! Incomplete \iffalse; all text was ignored after line 367.
<inserted text> 
                \fi 
l.367 \end{thm}
               
A forbidden control sequence occurred in skipped text.
This kind of error happens when you say `\if...' and forget
the matching `\fi'. I've inserted a `\fi'; this might work.

! Incomplete \iffalse; all text was ignored after line 367.
<inserted text> 
                \fi 
l.367 \end{thm}
               
A forbidden control sequence occurred in skipped text.
This kind of error happens when you say `\if...' and forget
the matching `\fi'. I've inserted a `\fi'; this might work.

Runaway text?
BEGIN \protect Theorem \protect \let 
! Forbidden control sequence found while scanning text of \write.
<inserted text> 
                }
l.367 \end{thm}
               
I suspect you have forgotten a `}', causing me
to read past where you wanted me to stop.
I'll try to recover; but if the error is serious,
you'd better type `E' or `X' now and fix your file.

[8]
Overfull \hbox (215.3826pt too wide) in paragraph at lines 382--395
\T1/cmr/m/n/10 are automatically free of some other hypergraphs. [] 
 []

! Incomplete \iffalse; all text was ignored after line 395.
<inserted text> 
                \fi 
l.395 \end{defn}
                
A forbidden control sequence occurred in skipped text.
This kind of error happens when you say `\if...' and forget
the matching `\fi'. I've inserted a `\fi'; this might work.

! Incomplete \iffalse; all text was ignored after line 395.
<inserted text> 
                \fi 
l.395 \end{defn}
                
A forbidden control sequence occurred in skipped text.
This kind of error happens when you say `\if...' and forget
the matching `\fi'. I've inserted a `\fi'; this might work.

Runaway text?
BEGIN \protect Definition \protect \let 
! Forbidden control sequence found while scanning text of \write.
<inserted text> 
                }
l.395 \end{defn}
                
I suspect you have forgotten a `}', causing me
to read past where you wanted me to stop.
I'll try to recover; but if the error is serious,
you'd better type `E' or `X' now and fix your file.

[9]
Overfull \hbox (12.0pt too wide) in paragraph at lines 405--405
[][] 
 []

! Incomplete \iffalse; all text was ignored after line 405.
<inserted text> 
                \fi 
l.405 \end{example}
                   
A forbidden control sequence occurred in skipped text.
This kind of error happens when you say `\if...' and forget
the matching `\fi'. I've inserted a `\fi'; this might work.

! Incomplete \iffalse; all text was ignored after line 405.
<inserted text> 
                \fi 
l.405 \end{example}
                   
A forbidden control sequence occurred in skipped text.
This kind of error happens when you say `\if...' and forget
the matching `\fi'. I've inserted a `\fi'; this might work.

Runaway text?
BEGIN \protect Example \protect \let 
! Forbidden control sequence found while scanning text of \write.
<inserted text> 
                }
l.405 \end{example}
                   
I suspect you have forgotten a `}', causing me
to read past where you wanted me to stop.
I'll try to recover; but if the error is serious,
you'd better type `E' or `X' now and fix your file.

[10]
Overfull \hbox (111.2136pt too wide) in paragraph at lines 417--427
\T1/cmr/m/n/10 more precisely as follows. [] 
 []

! Incomplete \iffalse; all text was ignored after line 427.
<inserted text> 
                \fi 
l.427 \end{defn}
                
A forbidden control sequence occurred in skipped text.
This kind of error happens when you say `\if...' and forget
the matching `\fi'. I've inserted a `\fi'; this might work.

! Incomplete \iffalse; all text was ignored after line 427.
<inserted text> 
                \fi 
l.427 \end{defn}
                
A forbidden control sequence occurred in skipped text.
This kind of error happens when you say `\if...' and forget
the matching `\fi'. I've inserted a `\fi'; this might work.

Runaway text?
BEGIN \protect Definition \protect \let 
! Forbidden control sequence found while scanning text of \write.
<inserted text> 
                }
l.427 \end{defn}
                
I suspect you have forgotten a `}', causing me
to read past where you wanted me to stop.
I'll try to recover; but if the error is serious,
you'd better type `E' or `X' now and fix your file.


Underfull \vbox (badness 10000) has occurred while \output is active []

 [11]
! Incomplete \iffalse; all text was ignored after line 488.
<inserted text> 
                \fi 
l.488 \end{thm}
               
A forbidden control sequence occurred in skipped text.
This kind of error happens when you say `\if...' and forget
the matching `\fi'. I've inserted a `\fi'; this might work.

! Incomplete \iffalse; all text was ignored after line 488.
<inserted text> 
                \fi 
l.488 \end{thm}
               
A forbidden control sequence occurred in skipped text.
This kind of error happens when you say `\if...' and forget
the matching `\fi'. I've inserted a `\fi'; this might work.

Runaway text?
BEGIN \protect Theorem \protect \let 
! Forbidden control sequence found while scanning text of \write.
<inserted text> 
                }
l.488 \end{thm}
               
I suspect you have forgotten a `}', causing me
to read past where you wanted me to stop.
I'll try to recover; but if the error is serious,
you'd better type `E' or `X' now and fix your file.

[12]
Overfull \hbox (42.67477pt too wide) in paragraph at lines 490--524
\T1/cmr/m/n/10 example. [] 
 []

! Incomplete \iffalse; all text was ignored after line 524.
<inserted text> 
                \fi 
l.524 \end{example}
                   
A forbidden control sequence occurred in skipped text.
This kind of error happens when you say `\if...' and forget
the matching `\fi'. I've inserted a `\fi'; this might work.

! Incomplete \iffalse; all text was ignored after line 524.
<inserted text> 
                \fi 
l.524 \end{example}
                   
A forbidden control sequence occurred in skipped text.
This kind of error happens when you say `\if...' and forget
the matching `\fi'. I've inserted a `\fi'; this might work.

Runaway text?
BEGIN \protect Example \protect \let 
! Forbidden control sequence found while scanning text of \write.
<inserted text> 
                }
l.524 \end{example}
                   
I suspect you have forgotten a `}', causing me
to read past where you wanted me to stop.
I'll try to recover; but if the error is serious,
you'd better type `E' or `X' now and fix your file.


Underfull \vbox (badness 1424) has occurred while \output is active []

 [13]
Overfull \hbox (144.09445pt too wide) in paragraph at lines 526--540
\T1/cmr/m/n/10 stronger assumption is sufficient. [] 
 []

! Incomplete \iffalse; all text was ignored after line 540.
<inserted text> 
                \fi 
l.540 \end{thm}
               
A forbidden control sequence occurred in skipped text.
This kind of error happens when you say `\if...' and forget
the matching `\fi'. I've inserted a `\fi'; this might work.

! Incomplete \iffalse; all text was ignored after line 540.
<inserted text> 
                \fi 
l.540 \end{thm}
               
A forbidden control sequence occurred in skipped text.
This kind of error happens when you say `\if...' and forget
the matching `\fi'. I've inserted a `\fi'; this might work.

Runaway text?
BEGIN \protect Theorem \protect \let 
! Forbidden control sequence found while scanning text of \write.
<inserted text> 
                }
l.540 \end{thm}
               
I suspect you have forgotten a `}', causing me
to read past where you wanted me to stop.
I'll try to recover; but if the error is serious,
you'd better type `E' or `X' now and fix your file.

[14]
Overfull \hbox (101.73444pt too wide) in paragraph at lines 552--564
\T1/cmr/m/n/10 large as a function of $\OML/cmm/m/it/10 ^^N$\T1/cmr/m/n/10 . []
 
 []

! Incomplete \iffalse; all text was ignored after line 564.
<inserted text> 
                \fi 
l.564 \end{prop}
                
A forbidden control sequence occurred in skipped text.
This kind of error happens when you say `\if...' and forget
the matching `\fi'. I've inserted a `\fi'; this might work.

! Incomplete \iffalse; all text was ignored after line 564.
<inserted text> 
                \fi 
l.564 \end{prop}
                
A forbidden control sequence occurred in skipped text.
This kind of error happens when you say `\if...' and forget
the matching `\fi'. I've inserted a `\fi'; this might work.

Runaway text?
BEGIN \protect Proposition \protect \let 
! Forbidden control sequence found while scanning text of \write.
<inserted text> 
                }
l.564 \end{prop}
                
I suspect you have forgotten a `}', causing me
to read past where you wanted me to stop.
I'll try to recover; but if the error is serious,
you'd better type `E' or `X' now and fix your file.


LaTeX Warning: Reference `sec:Sharp-threshold-theorems' on page 6 undefined on 
input line 574.


Underfull \vbox (badness 1527) has occurred while \output is active []



LaTeX Warning: Reference `sec:Sharp-threshold-theorems' on page 7 undefined on 
input line 658.

[15]
Overfull \hbox (23.51279pt too wide) in paragraph at lines 698--704
[]\T1/cmr/m/n/10 ]). [] 
 []

! Incomplete \iffalse; all text was ignored after line 704.
<inserted text> 
                \fi 
l.704 \end{problem}
                   
A forbidden control sequence occurred in skipped text.
This kind of error happens when you say `\if...' and forget
the matching `\fi'. I've inserted a `\fi'; this might work.

! Incomplete \iffalse; all text was ignored after line 704.
<inserted text> 
                \fi 
l.704 \end{problem}
                   
A forbidden control sequence occurred in skipped text.
This kind of error happens when you say `\if...' and forget
the matching `\fi'. I've inserted a `\fi'; this might work.

Runaway text?
BEGIN \protect Problem \protect \let 
! Forbidden control sequence found while scanning text of \write.
<inserted text> 
                }
l.704 \end{problem}
                   
I suspect you have forgotten a `}', causing me
to read past where you wanted me to stop.
I'll try to recover; but if the error is serious,
you'd better type `E' or `X' now and fix your file.

[16]
Overfull \hbox (205.46985pt too wide) in paragraph at lines 736--744
\T1/cmr/m/n/10 from 0 and 1, then $\OML/cmm/m/it/10 f$ \T1/cmr/m/n/10 exhibits 
a sharp threshold. [] 
 []

! Incomplete \iffalse; all text was ignored after line 744.
<inserted text> 
                \fi 
l.744 \end{thm}
               
A forbidden control sequence occurred in skipped text.
This kind of error happens when you say `\if...' and forget
the matching `\fi'. I've inserted a `\fi'; this might work.

! Incomplete \iffalse; all text was ignored after line 744.
<inserted text> 
                \fi 
l.744 \end{thm}
               
A forbidden control sequence occurred in skipped text.
This kind of error happens when you say `\if...' and forget
the matching `\fi'. I've inserted a `\fi'; this might work.

Runaway text?
BEGIN \protect Theorem \protect \let 
! Forbidden control sequence found while scanning text of \write.
<inserted text> 
                }
l.744 \end{thm}
               
I suspect you have forgotten a `}', causing me
to read past where you wanted me to stop.
I'll try to recover; but if the error is serious,
you'd better type `E' or `X' now and fix your file.

[17]
Overfull \hbox (12.0pt too wide) in paragraph at lines 766--766
[][] 
 []

! Incomplete \iffalse; all text was ignored after line 766.
<inserted text> 
                \fi 
l.766 \end{thm}
               
A forbidden control sequence occurred in skipped text.
This kind of error happens when you say `\if...' and forget
the matching `\fi'. I've inserted a `\fi'; this might work.

! Incomplete \iffalse; all text was ignored after line 766.
<inserted text> 
                \fi 
l.766 \end{thm}
               
A forbidden control sequence occurred in skipped text.
This kind of error happens when you say `\if...' and forget
the matching `\fi'. I've inserted a `\fi'; this might work.

Runaway text?
BEGIN \protect Theorem \protect \let 
! Forbidden control sequence found while scanning text of \write.
<inserted text> 
                }
l.766 \end{thm}
               
I suspect you have forgotten a `}', causing me
to read past where you wanted me to stop.
I'll try to recover; but if the error is serious,
you'd better type `E' or `X' now and fix your file.


Overfull \hbox (14.4378pt too wide) in paragraph at lines 800--805
\T1/cmr/m/n/10 elements $\OML/cmm/m/it/10 y \OMS/cmsy/m/n/10 2 [][]$ \T1/cmr/m/
n/10 that satisfy $\OMS/cmsy/m/n/10 8\OML/cmm/m/it/10 i \OT1/cmr/m/n/10 :  \OML
/cmm/m/it/10 y[] \OMS/cmsy/m/n/10 ^^U \OT1/cmr/bx/n/10 x[]$\T1/cmr/m/n/10 . Say
 that $\OML/cmm/m/it/10 f$ \T1/cmr/m/n/10 is `almost monotone' if $[] []$
 []

[18]
Overfull \hbox (252.56796pt too wide) in paragraph at lines 826--846
\T1/cmr/m/n/10 All these notions are captured by the following framework. [] 
 []

! Incomplete \iffalse; all text was ignored after line 846.
<inserted text> 
                \fi 
l.846 \end{defn}
                
A forbidden control sequence occurred in skipped text.
This kind of error happens when you say `\if...' and forget
the matching `\fi'. I've inserted a `\fi'; this might work.

! Incomplete \iffalse; all text was ignored after line 846.
<inserted text> 
                \fi 
l.846 \end{defn}
                
A forbidden control sequence occurred in skipped text.
This kind of error happens when you say `\if...' and forget
the matching `\fi'. I've inserted a `\fi'; this might work.

Runaway text?
BEGIN \protect Definition \protect \let 
! Forbidden control sequence found while scanning text of \write.
<inserted text> 
                }
l.846 \end{defn}
                
I suspect you have forgotten a `}', causing me
to read past where you wanted me to stop.
I'll try to recover; but if the error is serious,
you'd better type `E' or `X' now and fix your file.

[19]
Overfull \hbox (334.94562pt too wide) in paragraph at lines 857--873
[]$\T1/cmr/m/n/10 -almost monotone function $\OML/cmm/m/it/10 f$ \T1/cmr/m/n/10
 is $[]$-close to a monotone $\OML/cmm/m/it/10 j$\T1/cmr/m/n/10 -junta. [] 
 []

! Incomplete \iffalse; all text was ignored after line 873.
<inserted text> 
                \fi 
l.873 \end{thm}
               
A forbidden control sequence occurred in skipped text.
This kind of error happens when you say `\if...' and forget
the matching `\fi'. I've inserted a `\fi'; this might work.

! Incomplete \iffalse; all text was ignored after line 873.
<inserted text> 
                \fi 
l.873 \end{thm}
               
A forbidden control sequence occurred in skipped text.
This kind of error happens when you say `\if...' and forget
the matching `\fi'. I've inserted a `\fi'; this might work.

Runaway text?
BEGIN \protect Theorem \protect \let 
! Forbidden control sequence found while scanning text of \write.
<inserted text> 
                }
l.873 \end{thm}
               
I suspect you have forgotten a `}', causing me
to read past where you wanted me to stop.
I'll try to recover; but if the error is serious,
you'd better type `E' or `X' now and fix your file.

[20]
Overfull \hbox (92.85696pt too wide) in paragraph at lines 881--915
\T1/cmr/m/n/10 is actually necessary. [] 
 []

! Incomplete \iffalse; all text was ignored after line 915.
<inserted text> 
                \fi 
l.915 \end{example}
                   
A forbidden control sequence occurred in skipped text.
This kind of error happens when you say `\if...' and forget
the matching `\fi'. I've inserted a `\fi'; this might work.

! Incomplete \iffalse; all text was ignored after line 915.
<inserted text> 
                \fi 
l.915 \end{example}
                   
A forbidden control sequence occurred in skipped text.
This kind of error happens when you say `\if...' and forget
the matching `\fi'. I've inserted a `\fi'; this might work.

Runaway text?
BEGIN \protect Example \protect \let 
! Forbidden control sequence found while scanning text of \write.
<inserted text> 
                }
l.915 \end{example}
                   
I suspect you have forgotten a `}', causing me
to read past where you wanted me to stop.
I'll try to recover; but if the error is serious,
you'd better type `E' or `X' now and fix your file.


Underfull \vbox (badness 10000) has occurred while \output is active []


Overfull \hbox (6.35316pt too wide) in paragraph at lines 917--922
[]\T1/cmr/m/n/10 The proof of Theorem 2.5  is based on the invariance principle
 of Mossel, O'Donnell, and Oleszkiewicz
 []

[21]
Overfull \hbox (219.46532pt too wide) in paragraph at lines 933--947
\T1/cmr/m/n/10 the $\OML/cmm/m/it/10 ^^V[]$ \T1/cmr/m/n/10 measures of $\OML/cm
m/m/it/10 f$ \T1/cmr/m/n/10 and of $\OML/cmm/m/it/10 f[]$ \T1/cmr/m/n/10 are no
t far apart. [] 
 []

! Incomplete \iffalse; all text was ignored after line 947.
<inserted text> 
                \fi 
l.947 \end{defn}
                
A forbidden control sequence occurred in skipped text.
This kind of error happens when you say `\if...' and forget
the matching `\fi'. I've inserted a `\fi'; this might work.

! Incomplete \iffalse; all text was ignored after line 947.
<inserted text> 
                \fi 
l.947 \end{defn}
                
A forbidden control sequence occurred in skipped text.
This kind of error happens when you say `\if...' and forget
the matching `\fi'. I've inserted a `\fi'; this might work.

Runaway text?
BEGIN \protect Definition \protect \let 
! Forbidden control sequence found while scanning text of \write.
<inserted text> 
                }
l.947 \end{defn}
                
I suspect you have forgotten a `}', causing me
to read past where you wanted me to stop.
I'll try to recover; but if the error is serious,
you'd better type `E' or `X' now and fix your file.

[22]
Overfull \hbox (375.90189pt too wide) in paragraph at lines 949--961
[]\T1/cmr/m/n/10 As we explain below the following is a robust version of the F
riedgut--Kalai Theorem. [] 
 []

! Incomplete \iffalse; all text was ignored after line 961.
<inserted text> 
                \fi 
l.961 \end{thm}
               
A forbidden control sequence occurred in skipped text.
This kind of error happens when you say `\if...' and forget
the matching `\fi'. I've inserted a `\fi'; this might work.

! Incomplete \iffalse; all text was ignored after line 961.
<inserted text> 
                \fi 
l.961 \end{thm}
               
A forbidden control sequence occurred in skipped text.
This kind of error happens when you say `\if...' and forget
the matching `\fi'. I've inserted a `\fi'; this might work.

Runaway text?
BEGIN \protect Theorem \protect \let 
! Forbidden control sequence found while scanning text of \write.
<inserted text> 
                }
l.961 \end{thm}
               
I suspect you have forgotten a `}', causing me
to read past where you wanted me to stop.
I'll try to recover; but if the error is serious,
you'd better type `E' or `X' now and fix your file.


Underfull \vbox (badness 10000) has occurred while \output is active []

 [23]
Overfull \hbox (299.47318pt too wide) in paragraph at lines 972--995
\T1/cmr/m/n/10 Example 3.8  below shows that the latter hypothesis is indeed we
aker. [] 
 []

! Incomplete \iffalse; all text was ignored after line 995.
<inserted text> 
                \fi 
l.995 \end{rem}
               
A forbidden control sequence occurred in skipped text.
This kind of error happens when you say `\if...' and forget
the matching `\fi'. I've inserted a `\fi'; this might work.

! Incomplete \iffalse; all text was ignored after line 995.
<inserted text> 
                \fi 
l.995 \end{rem}
               
A forbidden control sequence occurred in skipped text.
This kind of error happens when you say `\if...' and forget
the matching `\fi'. I've inserted a `\fi'; this might work.

Runaway text?
BEGIN \protect Remark \protect \let 
! Forbidden control sequence found while scanning text of \write.
<inserted text> 
                }
l.995 \end{rem}
               
I suspect you have forgotten a `}', causing me
to read past where you wanted me to stop.
I'll try to recover; but if the error is serious,
you'd better type `E' or `X' now and fix your file.


Overfull \hbox (1.32661pt too wide) in paragraph at lines 1021--1028
[]\T1/cmr/m/n/10 The invariance principle of Mossel O'Donnell and Oleszkiewicz 
[[]] considers a notion of smoothness
 []

[24]
! Incomplete \iffalse; all text was ignored after line 1114.
<inserted text> 
                \fi 
l.1114 \end{defn}
                 
A forbidden control sequence occurred in skipped text.
This kind of error happens when you say `\if...' and forget
the matching `\fi'. I've inserted a `\fi'; this might work.

! Incomplete \iffalse; all text was ignored after line 1114.
<inserted text> 
                \fi 
l.1114 \end{defn}
                 
A forbidden control sequence occurred in skipped text.
This kind of error happens when you say `\if...' and forget
the matching `\fi'. I've inserted a `\fi'; this might work.

Runaway text?
BEGIN \protect Definition \protect \let 
! Forbidden control sequence found while scanning text of \write.
<inserted text> 
                }
l.1114 \end{defn}
                 
I suspect you have forgotten a `}', causing me
to read past where you wanted me to stop.
I'll try to recover; but if the error is serious,
you'd better type `E' or `X' now and fix your file.

[25]
! Incomplete \iffalse; all text was ignored after line 1154.
<inserted text> 
                \fi 
l.1154 \end{fact}
                 
A forbidden control sequence occurred in skipped text.
This kind of error happens when you say `\if...' and forget
the matching `\fi'. I've inserted a `\fi'; this might work.

! Incomplete \iffalse; all text was ignored after line 1154.
<inserted text> 
                \fi 
l.1154 \end{fact}
                 
A forbidden control sequence occurred in skipped text.
This kind of error happens when you say `\if...' and forget
the matching `\fi'. I've inserted a `\fi'; this might work.

Runaway text?
BEGIN \protect Fact \protect \let 
! Forbidden control sequence found while scanning text of \write.
<inserted text> 
                }
l.1154 \end{fact}
                 
I suspect you have forgotten a `}', causing me
to read past where you wanted me to stop.
I'll try to recover; but if the error is serious,
you'd better type `E' or `X' now and fix your file.

[26]
Overfull \hbox (384.96764pt too wide) in paragraph at lines 1156--1165
[]\T1/cmr/m/n/10 Another notion of importance for us is the notion of \T1/cmr/m
/it/10 influence \T1/cmr/m/n/10 by Ben-Or and Linial [[]]. [] 
 []

! Incomplete \iffalse; all text was ignored after line 1165.
<inserted text> 
                \fi 
l.1165 \end{defn}
                 
A forbidden control sequence occurred in skipped text.
This kind of error happens when you say `\if...' and forget
the matching `\fi'. I've inserted a `\fi'; this might work.

! Incomplete \iffalse; all text was ignored after line 1165.
<inserted text> 
                \fi 
l.1165 \end{defn}
                 
A forbidden control sequence occurred in skipped text.
This kind of error happens when you say `\if...' and forget
the matching `\fi'. I've inserted a `\fi'; this might work.

Runaway text?
BEGIN \protect Definition \protect \let 
! Forbidden control sequence found while scanning text of \write.
<inserted text> 
                }
l.1165 \end{defn}
                 
I suspect you have forgotten a `}', causing me
to read past where you wanted me to stop.
I'll try to recover; but if the error is serious,
you'd better type `E' or `X' now and fix your file.

[27]
Overfull \hbox (229.88199pt too wide) in paragraph at lines 1167--1182
[]\T1/cmr/m/n/10 We shall also need to introduce the noise operator. [] 
 []

! Incomplete \iffalse; all text was ignored after line 1182.
<inserted text> 
                \fi 
l.1182 \end{defn}
                 
A forbidden control sequence occurred in skipped text.
This kind of error happens when you say `\if...' and forget
the matching `\fi'. I've inserted a `\fi'; this might work.

! Incomplete \iffalse; all text was ignored after line 1182.
<inserted text> 
                \fi 
l.1182 \end{defn}
                 
A forbidden control sequence occurred in skipped text.
This kind of error happens when you say `\if...' and forget
the matching `\fi'. I've inserted a `\fi'; this might work.

Runaway text?
BEGIN \protect Definition \protect \let 
! Forbidden control sequence found while scanning text of \write.
<inserted text> 
                }
l.1182 \end{defn}
                 
I suspect you have forgotten a `}', causing me
to read past where you wanted me to stop.
I'll try to recover; but if the error is serious,
you'd better type `E' or `X' now and fix your file.

[28]
Overfull \hbox (228.35219pt too wide) in paragraph at lines 1184--1196
[]\T1/cmr/m/n/10 We have the following Fourier formula for $\OT1/cmss/m/n/10 T[
] [] \OML/cmm/m/it/10 :$ [] 
 []

! Incomplete \iffalse; all text was ignored after line 1196.
<inserted text> 
                \fi 
l.1196 \end{fact}
                 
A forbidden control sequence occurred in skipped text.
This kind of error happens when you say `\if...' and forget
the matching `\fi'. I've inserted a `\fi'; this might work.

! Incomplete \iffalse; all text was ignored after line 1196.
<inserted text> 
                \fi 
l.1196 \end{fact}
                 
A forbidden control sequence occurred in skipped text.
This kind of error happens when you say `\if...' and forget
the matching `\fi'. I've inserted a `\fi'; this might work.

Runaway text?
BEGIN \protect Fact \protect \let 
! Forbidden control sequence found while scanning text of \write.
<inserted text> 
                }
l.1196 \end{fact}
                 
I suspect you have forgotten a `}', causing me
to read past where you wanted me to stop.
I'll try to recover; but if the error is serious,
you'd better type `E' or `X' now and fix your file.

[29]
Overfull \hbox (43.96149pt too wide) in paragraph at lines 1225--1246
\T1/cmr/m/n/10 formulas: [] 
 []

! Incomplete \iffalse; all text was ignored after line 1246.
<inserted text> 
                \fi 
l.1246 \end{lem}
                
A forbidden control sequence occurred in skipped text.
This kind of error happens when you say `\if...' and forget
the matching `\fi'. I've inserted a `\fi'; this might work.

! Incomplete \iffalse; all text was ignored after line 1246.
<inserted text> 
                \fi 
l.1246 \end{lem}
                
A forbidden control sequence occurred in skipped text.
This kind of error happens when you say `\if...' and forget
the matching `\fi'. I've inserted a `\fi'; this might work.

Runaway text?
BEGIN \protect Lemma \protect \let 
! Forbidden control sequence found while scanning text of \write.
<inserted text> 
                }
l.1246 \end{lem}
                
I suspect you have forgotten a `}', causing me
to read past where you wanted me to stop.
I'll try to recover; but if the error is serious,
you'd better type `E' or `X' now and fix your file.


LaTeX Warning: Reference `eq:comp1' on page 15 undefined on input line 1269.


LaTeX Warning: Reference `eq:comp2' on page 15 undefined on input line 1269.

[30]
Overfull \hbox (12.0pt too wide) in paragraph at lines 1282--1282
[][] 
 []

! Incomplete \iffalse; all text was ignored after line 1282.
<inserted text> 
                \fi 
l.1282 \end{claim}
                  
A forbidden control sequence occurred in skipped text.
This kind of error happens when you say `\if...' and forget
the matching `\fi'. I've inserted a `\fi'; this might work.

! Incomplete \iffalse; all text was ignored after line 1282.
<inserted text> 
                \fi 
l.1282 \end{claim}
                  
A forbidden control sequence occurred in skipped text.
This kind of error happens when you say `\if...' and forget
the matching `\fi'. I've inserted a `\fi'; this might work.

Runaway text?
BEGIN \protect Claim \protect \let 
! Forbidden control sequence found while scanning text of \write.
<inserted text> 
                }
l.1282 \end{claim}
                  
I suspect you have forgotten a `}', causing me
to read past where you wanted me to stop.
I'll try to recover; but if the error is serious,
you'd better type `E' or `X' now and fix your file.

[31]
Overfull \hbox (275.08592pt too wide) in paragraph at lines 1340--1362
\T1/cmr/m/n/10 is $[]$-regular. So in a sense these notions are equivalent. [] 

 []

! Incomplete \iffalse; all text was ignored after line 1362.
<inserted text> 
                \fi 
l.1362 \end{example}
                    
A forbidden control sequence occurred in skipped text.
This kind of error happens when you say `\if...' and forget
the matching `\fi'. I've inserted a `\fi'; this might work.

! Incomplete \iffalse; all text was ignored after line 1362.
<inserted text> 
                \fi 
l.1362 \end{example}
                    
A forbidden control sequence occurred in skipped text.
This kind of error happens when you say `\if...' and forget
the matching `\fi'. I've inserted a `\fi'; this might work.

Runaway text?
BEGIN \protect Example \protect \let 
! Forbidden control sequence found while scanning text of \write.
<inserted text> 
                }
l.1362 \end{example}
                    
I suspect you have forgotten a `}', causing me
to read past where you wanted me to stop.
I'll try to recover; but if the error is serious,
you'd better type `E' or `X' now and fix your file.


LaTeX Warning: Reference `eq:stab rho' on page 17 undefined on input line 1385.


[32]
Overfull \hbox (12.0pt too wide) in paragraph at lines 1395--1395
[][] 
 []

! Incomplete \iffalse; all text was ignored after line 1395.
<inserted text> 
                \fi 
l.1395 \end{defn}
                 
A forbidden control sequence occurred in skipped text.
This kind of error happens when you say `\if...' and forget
the matching `\fi'. I've inserted a `\fi'; this might work.

! Incomplete \iffalse; all text was ignored after line 1395.
<inserted text> 
                \fi 
l.1395 \end{defn}
                 
A forbidden control sequence occurred in skipped text.
This kind of error happens when you say `\if...' and forget
the matching `\fi'. I've inserted a `\fi'; this might work.

Runaway text?
BEGIN \protect Definition \protect \let 
! Forbidden control sequence found while scanning text of \write.
<inserted text> 
                }
l.1395 \end{defn}
                 
I suspect you have forgotten a `}', causing me
to read past where you wanted me to stop.
I'll try to recover; but if the error is serious,
you'd better type `E' or `X' now and fix your file.

[33]
Overfull \hbox (48.70108pt too wide) in paragraph at lines 1400--1410
\T1/cmr/m/n/10 Jones [[]]. [] 
 []

! Incomplete \iffalse; all text was ignored after line 1410.
<inserted text> 
                \fi 
l.1410 \end{thm}
                
A forbidden control sequence occurred in skipped text.
This kind of error happens when you say `\if...' and forget
the matching `\fi'. I've inserted a `\fi'; this might work.

! Incomplete \iffalse; all text was ignored after line 1410.
<inserted text> 
                \fi 
l.1410 \end{thm}
                
A forbidden control sequence occurred in skipped text.
This kind of error happens when you say `\if...' and forget
the matching `\fi'. I've inserted a `\fi'; this might work.

Runaway text?
BEGIN \protect Theorem \protect \let 
! Forbidden control sequence found while scanning text of \write.
<inserted text> 
                }
l.1410 \end{thm}
                
I suspect you have forgotten a `}', causing me
to read past where you wanted me to stop.
I'll try to recover; but if the error is serious,
you'd better type `E' or `X' now and fix your file.

[34]
Overfull \hbox (12.0pt too wide) in paragraph at lines 1417--1417
[][] 
 []

! Incomplete \iffalse; all text was ignored after line 1417.
<inserted text> 
                \fi 
l.1417 \end{rem}
                
A forbidden control sequence occurred in skipped text.
This kind of error happens when you say `\if...' and forget
the matching `\fi'. I've inserted a `\fi'; this might work.

! Incomplete \iffalse; all text was ignored after line 1417.
<inserted text> 
                \fi 
l.1417 \end{rem}
                
A forbidden control sequence occurred in skipped text.
This kind of error happens when you say `\if...' and forget
the matching `\fi'. I've inserted a `\fi'; this might work.

Runaway text?
BEGIN \protect Remark \protect \let 
! Forbidden control sequence found while scanning text of \write.
<inserted text> 
                }
l.1417 \end{rem}
                
I suspect you have forgotten a `}', causing me
to read past where you wanted me to stop.
I'll try to recover; but if the error is serious,
you'd better type `E' or `X' now and fix your file.

[35]
Overfull \hbox (263.957pt too wide) in paragraph at lines 1419--1432
[]\T1/cmr/m/n/10 We also make use of the following regularity lemma of [[]]. []
 
 []

! Incomplete \iffalse; all text was ignored after line 1432.
<inserted text> 
                \fi 
l.1432 \end{thm}
                
A forbidden control sequence occurred in skipped text.
This kind of error happens when you say `\if...' and forget
the matching `\fi'. I've inserted a `\fi'; this might work.

! Incomplete \iffalse; all text was ignored after line 1432.
<inserted text> 
                \fi 
l.1432 \end{thm}
                
A forbidden control sequence occurred in skipped text.
This kind of error happens when you say `\if...' and forget
the matching `\fi'. I've inserted a `\fi'; this might work.

Runaway text?
BEGIN \protect Theorem \protect \let 
! Forbidden control sequence found while scanning text of \write.
<inserted text> 
                }
l.1432 \end{thm}
                
I suspect you have forgotten a `}', causing me
to read past where you wanted me to stop.
I'll try to recover; but if the error is serious,
you'd better type `E' or `X' now and fix your file.

[36]
Overfull \hbox (80.83212pt too wide) in paragraph at lines 1448--1464
\T1/cmr/m/n/10 defined as follows. [] 
 []

! Incomplete \iffalse; all text was ignored after line 1464.
<inserted text> 
                \fi 
l.1464 \end{defn}
                 
A forbidden control sequence occurred in skipped text.
This kind of error happens when you say `\if...' and forget
the matching `\fi'. I've inserted a `\fi'; this might work.

! Incomplete \iffalse; all text was ignored after line 1464.
<inserted text> 
                \fi 
l.1464 \end{defn}
                 
A forbidden control sequence occurred in skipped text.
This kind of error happens when you say `\if...' and forget
the matching `\fi'. I've inserted a `\fi'; this might work.

Runaway text?
BEGIN \protect Definition \protect \let 
! Forbidden control sequence found while scanning text of \write.
<inserted text> 
                }
l.1464 \end{defn}
                 
I suspect you have forgotten a `}', causing me
to read past where you wanted me to stop.
I'll try to recover; but if the error is serious,
you'd better type `E' or `X' now and fix your file.

[37]
Overfull \hbox (12.0pt too wide) in paragraph at lines 1479--1479
[][] 
 []

! Incomplete \iffalse; all text was ignored after line 1479.
<inserted text> 
                \fi 
l.1479 \end{rem}
                
A forbidden control sequence occurred in skipped text.
This kind of error happens when you say `\if...' and forget
the matching `\fi'. I've inserted a `\fi'; this might work.

! Incomplete \iffalse; all text was ignored after line 1479.
<inserted text> 
                \fi 
l.1479 \end{rem}
                
A forbidden control sequence occurred in skipped text.
This kind of error happens when you say `\if...' and forget
the matching `\fi'. I've inserted a `\fi'; this might work.

Runaway text?
BEGIN \protect Remark \protect \let 
! Forbidden control sequence found while scanning text of \write.
<inserted text> 
                }
l.1479 \end{rem}
                
I suspect you have forgotten a `}', causing me
to read past where you wanted me to stop.
I'll try to recover; but if the error is serious,
you'd better type `E' or `X' now and fix your file.

[38]
! Incomplete \iffalse; all text was ignored after line 1496.
<inserted text> 
                \fi 
l.1496 \end{thm}
                
A forbidden control sequence occurred in skipped text.
This kind of error happens when you say `\if...' and forget
the matching `\fi'. I've inserted a `\fi'; this might work.

! Incomplete \iffalse; all text was ignored after line 1496.
<inserted text> 
                \fi 
l.1496 \end{thm}
                
A forbidden control sequence occurred in skipped text.
This kind of error happens when you say `\if...' and forget
the matching `\fi'. I've inserted a `\fi'; this might work.

Runaway text?
BEGIN \protect Theorem \protect \let 
! Forbidden control sequence found while scanning text of \write.
<inserted text> 
                }
l.1496 \end{thm}
                
I suspect you have forgotten a `}', causing me
to read past where you wanted me to stop.
I'll try to recover; but if the error is serious,
you'd better type `E' or `X' now and fix your file.

[39]
Overfull \hbox (303.84308pt too wide) in paragraph at lines 1502--1514
\T1/cmr/m/n/10 For such parameters, $\OT1/cmr/m/n/10 ^^C[] []$ \T1/cmr/m/n/10 a
dmits a slightly stronger upper bound. [] 
 []

! Incomplete \iffalse; all text was ignored after line 1514.
<inserted text> 
                \fi 
l.1514 \end{lem}
                
A forbidden control sequence occurred in skipped text.
This kind of error happens when you say `\if...' and forget
the matching `\fi'. I've inserted a `\fi'; this might work.

! Incomplete \iffalse; all text was ignored after line 1514.
<inserted text> 
                \fi 
l.1514 \end{lem}
                
A forbidden control sequence occurred in skipped text.
This kind of error happens when you say `\if...' and forget
the matching `\fi'. I've inserted a `\fi'; this might work.

Runaway text?
BEGIN \protect Lemma \protect \let 
! Forbidden control sequence found while scanning text of \write.
<inserted text> 
                }
l.1514 \end{lem}
                
I suspect you have forgotten a `}', causing me
to read past where you wanted me to stop.
I'll try to recover; but if the error is serious,
you'd better type `E' or `X' now and fix your file.

[40]
Overfull \hbox (210.9928pt too wide) in paragraph at lines 1527--1533
[]\T1/cmr/m/n/10 We shall also use the following estimate on $\OT1/cmr/m/n/10 ^
^C[]\OML/cmm/m/it/10 :$ [] 
 []

! Incomplete \iffalse; all text was ignored after line 1533.
<inserted text> 
                \fi 
l.1533 \end{lem}
                
A forbidden control sequence occurred in skipped text.
This kind of error happens when you say `\if...' and forget
the matching `\fi'. I've inserted a `\fi'; this might work.

! Incomplete \iffalse; all text was ignored after line 1533.
<inserted text> 
                \fi 
l.1533 \end{lem}
                
A forbidden control sequence occurred in skipped text.
This kind of error happens when you say `\if...' and forget
the matching `\fi'. I've inserted a `\fi'; this might work.

Runaway text?
BEGIN \protect Lemma \protect \let 
! Forbidden control sequence found while scanning text of \write.
<inserted text> 
                }
l.1533 \end{lem}
                
I suspect you have forgotten a `}', causing me
to read past where you wanted me to stop.
I'll try to recover; but if the error is serious,
you'd better type `E' or `X' now and fix your file.

[41]
Overfull \hbox (129.08109pt too wide) in paragraph at lines 1535--1544
\OML/cmm/m/it/10 f$ \T1/cmr/m/n/10 is a multilinear polynomial: [] 
 []

! Incomplete \iffalse; all text was ignored after line 1544.
<inserted text> 
                \fi 
l.1544 \end{fact}
                 
A forbidden control sequence occurred in skipped text.
This kind of error happens when you say `\if...' and forget
the matching `\fi'. I've inserted a `\fi'; this might work.

! Incomplete \iffalse; all text was ignored after line 1544.
<inserted text> 
                \fi 
l.1544 \end{fact}
                 
A forbidden control sequence occurred in skipped text.
This kind of error happens when you say `\if...' and forget
the matching `\fi'. I've inserted a `\fi'; this might work.

Runaway text?
BEGIN \protect Fact \protect \let 
! Forbidden control sequence found while scanning text of \write.
<inserted text> 
                }
l.1544 \end{fact}
                 
I suspect you have forgotten a `}', causing me
to read past where you wanted me to stop.
I'll try to recover; but if the error is serious,
you'd better type `E' or `X' now and fix your file.

[42]
Overfull \hbox (196.69565pt too wide) in paragraph at lines 1567--1579
[]\T1/cmr/m/n/10 We shall also need the following definition. [] 
 []

! Incomplete \iffalse; all text was ignored after line 1579.
<inserted text> 
                \fi 
l.1579 \end{defn}
                 
A forbidden control sequence occurred in skipped text.
This kind of error happens when you say `\if...' and forget
the matching `\fi'. I've inserted a `\fi'; this might work.

! Incomplete \iffalse; all text was ignored after line 1579.
<inserted text> 
                \fi 
l.1579 \end{defn}
                 
A forbidden control sequence occurred in skipped text.
This kind of error happens when you say `\if...' and forget
the matching `\fi'. I've inserted a `\fi'; this might work.

Runaway text?
BEGIN \protect Definition \protect \let 
! Forbidden control sequence found while scanning text of \write.
<inserted text> 
                }
l.1579 \end{defn}
                 
I suspect you have forgotten a `}', causing me
to read past where you wanted me to stop.
I'll try to recover; but if the error is serious,
you'd better type `E' or `X' now and fix your file.

[43]
Overfull \hbox (29.67795pt too wide) in paragraph at lines 1592--1608
\T1/cmr/m/n/10 small. [] 
 []

! Incomplete \iffalse; all text was ignored after line 1608.
<inserted text> 
                \fi 
l.1608 \end{cor}
                
A forbidden control sequence occurred in skipped text.
This kind of error happens when you say `\if...' and forget
the matching `\fi'. I've inserted a `\fi'; this might work.

! Incomplete \iffalse; all text was ignored after line 1608.
<inserted text> 
                \fi 
l.1608 \end{cor}
                
A forbidden control sequence occurred in skipped text.
This kind of error happens when you say `\if...' and forget
the matching `\fi'. I've inserted a `\fi'; this might work.

Runaway text?
BEGIN \protect Corollary \protect \let 
! Forbidden control sequence found while scanning text of \write.
<inserted text> 
                }
l.1608 \end{cor}
                
I suspect you have forgotten a `}', causing me
to read past where you wanted me to stop.
I'll try to recover; but if the error is serious,
you'd better type `E' or `X' now and fix your file.

[44]
Overfull \hbox (133.40262pt too wide) in paragraph at lines 1613--1632
\T1/cmr/m/n/10 generalizations by Mossel [[]]. [] 
 []

! Incomplete \iffalse; all text was ignored after line 1632.
<inserted text> 
                \fi 
l.1632 \end{prop}
                 
A forbidden control sequence occurred in skipped text.
This kind of error happens when you say `\if...' and forget
the matching `\fi'. I've inserted a `\fi'; this might work.

! Incomplete \iffalse; all text was ignored after line 1632.
<inserted text> 
                \fi 
l.1632 \end{prop}
                 
A forbidden control sequence occurred in skipped text.
This kind of error happens when you say `\if...' and forget
the matching `\fi'. I've inserted a `\fi'; this might work.

Runaway text?
BEGIN \protect Proposition \protect \let 
! Forbidden control sequence found while scanning text of \write.
<inserted text> 
                }
l.1632 \end{prop}
                 
I suspect you have forgotten a `}', causing me
to read past where you wanted me to stop.
I'll try to recover; but if the error is serious,
you'd better type `E' or `X' now and fix your file.

[45]
Overfull \hbox (78.02725pt too wide) in paragraph at lines 1660--1684
\T1/cmr/m/n/10 details are below. [] 
 []

! Incomplete \iffalse; all text was ignored after line 1684.
<inserted text> 
                \fi 
l.1684 \end{lem}
                
A forbidden control sequence occurred in skipped text.
This kind of error happens when you say `\if...' and forget
the matching `\fi'. I've inserted a `\fi'; this might work.

! Incomplete \iffalse; all text was ignored after line 1684.
<inserted text> 
                \fi 
l.1684 \end{lem}
                
A forbidden control sequence occurred in skipped text.
This kind of error happens when you say `\if...' and forget
the matching `\fi'. I've inserted a `\fi'; this might work.

Runaway text?
BEGIN \protect Lemma \protect \let 
! Forbidden control sequence found while scanning text of \write.
<inserted text> 
                }
l.1684 \end{lem}
                
I suspect you have forgotten a `}', causing me
to read past where you wanted me to stop.
I'll try to recover; but if the error is serious,
you'd better type `E' or `X' now and fix your file.

[46]
! Incomplete \iffalse; all text was ignored after line 1776.
<inserted text> 
                \fi 
l.1776 \end{proof}
                  
A forbidden control sequence occurred in skipped text.
This kind of error happens when you say `\if...' and forget
the matching `\fi'. I've inserted a `\fi'; this might work.

! Incomplete \iffalse; all text was ignored after line 1776.
<inserted text> 
                \fi 
l.1776 \end{proof}
                  
A forbidden control sequence occurred in skipped text.
This kind of error happens when you say `\if...' and forget
the matching `\fi'. I've inserted a `\fi'; this might work.

Runaway text?
BEGIN \protect Claim \protect \let 
! Forbidden control sequence found while scanning text of \write.
<inserted text> 
                }
l.1776 \end{proof}
                  
I suspect you have forgotten a `}', causing me
to read past where you wanted me to stop.
I'll try to recover; but if the error is serious,
you'd better type `E' or `X' now and fix your file.


LaTeX Warning: Reference `eq:chops are small' on page 22 undefined on input lin
e 1776.


LaTeX Warning: Reference `eq:chops are small' on page 22 undefined on input lin
e 1776.

[47]
Overfull \hbox (319.24905pt too wide) in paragraph at lines 1776--1776
[]\T1/cmr/m/n/10 To finish the proof of the lemma it remains to prove the follo
wing claim. [] 
 []

! Incomplete \iffalse; all text was ignored after line 1776.
<inserted text> 
                \fi 
l.1776 \end{proof}
                  
A forbidden control sequence occurred in skipped text.
This kind of error happens when you say `\if...' and forget
the matching `\fi'. I've inserted a `\fi'; this might work.

! Incomplete \iffalse; all text was ignored after line 1776.
<inserted text> 
                \fi 
l.1776 \end{proof}
                  
A forbidden control sequence occurred in skipped text.
This kind of error happens when you say `\if...' and forget
the matching `\fi'. I've inserted a `\fi'; this might work.

Runaway text?
BEGIN \protect Claim \protect \let 
! Forbidden control sequence found while scanning text of \write.
<inserted text> 
                }
l.1776 \end{proof}
                  
I suspect you have forgotten a `}', causing me
to read past where you wanted me to stop.
I'll try to recover; but if the error is serious,
you'd better type `E' or `X' now and fix your file.

[48]
Overfull \hbox (12.0pt too wide) in paragraph at lines 1799--1799
[][] 
 []

! Incomplete \iffalse; all text was ignored after line 1799.
<inserted text> 
                \fi 
l.1799 \end{lem}
                
A forbidden control sequence occurred in skipped text.
This kind of error happens when you say `\if...' and forget
the matching `\fi'. I've inserted a `\fi'; this might work.

! Incomplete \iffalse; all text was ignored after line 1799.
<inserted text> 
                \fi 
l.1799 \end{lem}
                
A forbidden control sequence occurred in skipped text.
This kind of error happens when you say `\if...' and forget
the matching `\fi'. I've inserted a `\fi'; this might work.

Runaway text?
BEGIN \protect Lemma \protect \let 
! Forbidden control sequence found while scanning text of \write.
<inserted text> 
                }
l.1799 \end{lem}
                
I suspect you have forgotten a `}', causing me
to read past where you wanted me to stop.
I'll try to recover; but if the error is serious,
you'd better type `E' or `X' now and fix your file.

[49]
Overfull \hbox (377.61444pt too wide) in paragraph at lines 1909--1920
[]\T1/cmr/m/n/10 In this section we prove Theorem 2.5 . We restate it for the c
onvenience of the reader. [] 
 []

! Incomplete \iffalse; all text was ignored after line 1920.
<inserted text> 
                \fi 
l.1920 \end{thm*}
                 
A forbidden control sequence occurred in skipped text.
This kind of error happens when you say `\if...' and forget
the matching `\fi'. I've inserted a `\fi'; this might work.

! Incomplete \iffalse; all text was ignored after line 1920.
<inserted text> 
                \fi 
l.1920 \end{thm*}
                 
A forbidden control sequence occurred in skipped text.
This kind of error happens when you say `\if...' and forget
the matching `\fi'. I've inserted a `\fi'; this might work.

Runaway text?
BEGIN \protect Theorem \protect \let 
! Forbidden control sequence found while scanning text of \write.
<inserted text> 
                }
l.1920 \end{thm*}
                 
I suspect you have forgotten a `}', causing me
to read past where you wanted me to stop.
I'll try to recover; but if the error is serious,
you'd better type `E' or `X' now and fix your file.


LaTeX Warning: Reference `eq:sec4 1' on page 25 undefined on input line 2017.


LaTeX Warning: Reference `eq: sec 4 2' on page 25 undefined on input line 2017.


[50]
Overfull \hbox (62.97537pt too wide) in paragraph at lines 2018--2030
\T1/cmr/m/n/10 Theorem 2.8 . [] 
 []

! Incomplete \iffalse; all text was ignored after line 2030.
<inserted text> 
                \fi 
l.2030 \end{lem}
                
A forbidden control sequence occurred in skipped text.
This kind of error happens when you say `\if...' and forget
the matching `\fi'. I've inserted a `\fi'; this might work.

! Incomplete \iffalse; all text was ignored after line 2030.
<inserted text> 
                \fi 
l.2030 \end{lem}
                
A forbidden control sequence occurred in skipped text.
This kind of error happens when you say `\if...' and forget
the matching `\fi'. I've inserted a `\fi'; this might work.

Runaway text?
BEGIN \protect Lemma \protect \let 
! Forbidden control sequence found while scanning text of \write.
<inserted text> 
                }
l.2030 \end{lem}
                
I suspect you have forgotten a `}', causing me
to read past where you wanted me to stop.
I'll try to recover; but if the error is serious,
you'd better type `E' or `X' now and fix your file.


LaTeX Warning: Reference `eq:Theorem 4.1' on page 25 undefined on input line 20
55.


LaTeX Warning: Reference `eq: sec 4 2' on page 25 undefined on input line 2055.



LaTeX Warning: Reference `eq:sec4 1' on page 25 undefined on input line 2055.

[51]
Overfull \hbox (360.06317pt too wide) in paragraph at lines 2056--2068
[]\T1/cmr/m/n/10 We shall now prove Theorem 2.8 . We restate it for the conveni
ence of the reader. [] 
 []

! Incomplete \iffalse; all text was ignored after line 2068.
<inserted text> 
                \fi 
l.2068 \end{thm*}
                 
A forbidden control sequence occurred in skipped text.
This kind of error happens when you say `\if...' and forget
the matching `\fi'. I've inserted a `\fi'; this might work.

! Incomplete \iffalse; all text was ignored after line 2068.
<inserted text> 
                \fi 
l.2068 \end{thm*}
                 
A forbidden control sequence occurred in skipped text.
This kind of error happens when you say `\if...' and forget
the matching `\fi'. I've inserted a `\fi'; this might work.

Runaway text?
BEGIN \protect Theorem \protect \let 
! Forbidden control sequence found while scanning text of \write.
<inserted text> 
                }
l.2068 \end{thm*}
                 
I suspect you have forgotten a `}', causing me
to read past where you wanted me to stop.
I'll try to recover; but if the error is serious,
you'd better type `E' or `X' now and fix your file.

[52]
Overfull \hbox (320.40367pt too wide) in paragraph at lines 2101--2119
[]\T1/cmr/m/n/10 In this section we prove Theorem 7.1  in the case where $\OMS/
cmsy/m/n/10 H$ \T1/cmr/m/n/10 is a matching. [] 
 []

! Incomplete \iffalse; all text was ignored after line 2119.
<inserted text> 
                \fi 
l.2119 \end{thm}
                
A forbidden control sequence occurred in skipped text.
This kind of error happens when you say `\if...' and forget
the matching `\fi'. I've inserted a `\fi'; this might work.

! Incomplete \iffalse; all text was ignored after line 2119.
<inserted text> 
                \fi 
l.2119 \end{thm}
                
A forbidden control sequence occurred in skipped text.
This kind of error happens when you say `\if...' and forget
the matching `\fi'. I've inserted a `\fi'; this might work.

Runaway text?
BEGIN \protect Theorem \protect \let 
! Forbidden control sequence found while scanning text of \write.
<inserted text> 
                }
l.2119 \end{thm}
                
I suspect you have forgotten a `}', causing me
to read past where you wanted me to stop.
I'll try to recover; but if the error is serious,
you'd better type `E' or `X' now and fix your file.

[53]
Overfull \hbox (328.44427pt too wide) in paragraph at lines 2134--2148
[] \OML/cmm/m/it/10 :$ \T1/cmr/m/n/10 This construction is originated in the wo
rk of Friedgut and Regev [[]]. [] 
 []

! Incomplete \iffalse; all text was ignored after line 2148.
<inserted text> 
                \fi 
l.2148 \end{defn}
                 
A forbidden control sequence occurred in skipped text.
This kind of error happens when you say `\if...' and forget
the matching `\fi'. I've inserted a `\fi'; this might work.

! Incomplete \iffalse; all text was ignored after line 2148.
<inserted text> 
                \fi 
l.2148 \end{defn}
                 
A forbidden control sequence occurred in skipped text.
This kind of error happens when you say `\if...' and forget
the matching `\fi'. I've inserted a `\fi'; this might work.

Runaway text?
BEGIN \protect Definition \protect \let 
! Forbidden control sequence found while scanning text of \write.
<inserted text> 
                }
l.2148 \end{defn}
                 
I suspect you have forgotten a `}', causing me
to read past where you wanted me to stop.
I'll try to recover; but if the error is serious,
you'd better type `E' or `X' now and fix your file.

[54]
! Incomplete \iffalse; all text was ignored after line 2163.
<inserted text> 
                \fi 
l.2163 \end{defn}
                 
A forbidden control sequence occurred in skipped text.
This kind of error happens when you say `\if...' and forget
the matching `\fi'. I've inserted a `\fi'; this might work.

! Incomplete \iffalse; all text was ignored after line 2163.
<inserted text> 
                \fi 
l.2163 \end{defn}
                 
A forbidden control sequence occurred in skipped text.
This kind of error happens when you say `\if...' and forget
the matching `\fi'. I've inserted a `\fi'; this might work.

Runaway text?
BEGIN \protect Definition \protect \let 
! Forbidden control sequence found while scanning text of \write.
<inserted text> 
                }
l.2163 \end{defn}
                 
I suspect you have forgotten a `}', causing me
to read past where you wanted me to stop.
I'll try to recover; but if the error is serious,
you'd better type `E' or `X' now and fix your file.

[55]
Overfull \hbox (265.17892pt too wide) in paragraph at lines 2165--2179
[]\T1/cmr/m/n/10 We shall also need to introduce the following distributions. [
] 
 []

! Incomplete \iffalse; all text was ignored after line 2179.
<inserted text> 
                \fi 
l.2179 \end{defn}
                 
A forbidden control sequence occurred in skipped text.
This kind of error happens when you say `\if...' and forget
the matching `\fi'. I've inserted a `\fi'; this might work.

! Incomplete \iffalse; all text was ignored after line 2179.
<inserted text> 
                \fi 
l.2179 \end{defn}
                 
A forbidden control sequence occurred in skipped text.
This kind of error happens when you say `\if...' and forget
the matching `\fi'. I've inserted a `\fi'; this might work.

Runaway text?
BEGIN \protect Definition \protect \let 
! Forbidden control sequence found while scanning text of \write.
<inserted text> 
                }
l.2179 \end{defn}
                 
I suspect you have forgotten a `}', causing me
to read past where you wanted me to stop.
I'll try to recover; but if the error is serious,
you'd better type `E' or `X' now and fix your file.

[56]
Overfull \hbox (350.00136pt too wide) in paragraph at lines 2184--2200
\T1/cmr/m/n/10 such that each of the sets $\OT1/cmr/bx/n/10 B[]$ \T1/cmr/m/n/10
 is distributed according to the $[]$-biased distribution. [] 
 []

! Incomplete \iffalse; all text was ignored after line 2200.
<inserted text> 
                \fi 
l.2200 \end{defn}
                 
A forbidden control sequence occurred in skipped text.
This kind of error happens when you say `\if...' and forget
the matching `\fi'. I've inserted a `\fi'; this might work.

! Incomplete \iffalse; all text was ignored after line 2200.
<inserted text> 
                \fi 
l.2200 \end{defn}
                 
A forbidden control sequence occurred in skipped text.
This kind of error happens when you say `\if...' and forget
the matching `\fi'. I've inserted a `\fi'; this might work.

Runaway text?
BEGIN \protect Definition \protect \let 
! Forbidden control sequence found while scanning text of \write.
<inserted text> 
                }
l.2200 \end{defn}
                 
I suspect you have forgotten a `}', causing me
to read past where you wanted me to stop.
I'll try to recover; but if the error is serious,
you'd better type `E' or `X' now and fix your file.


Overfull \hbox (12.7236pt too wide) in paragraph at lines 2234--2237
[]\T1/cmr/m/n/10 We shall use the similarity between $\OML/cmm/m/it/10 ^^V[]$ \
T1/cmr/m/n/10 and $\OML/cmm/m/it/10 ^^V[]$ \T1/cmr/m/n/10 to deduce that $\OML/
cmm/m/it/10 ^^V[] []$
 []


Overfull \hbox (27.5427pt too wide) in paragraph at lines 2238--2248
\T1/cmr/m/n/10 probability. On the other hand for each $\OML/cmm/m/it/10 B[]$ \
T1/cmr/m/n/10 with $[][] [] [] \OT1/cmr/m/n/10 = 1$\T1/cmr/m/n/10 , we have $[]
[] [] \OMS/cmsy/m/n/10 ^^U
 []

[57]
Overfull \hbox (131.43073pt too wide) in paragraph at lines 2254--2270
\T1/cmr/m/n/10 approximately equal to $\OML/cmm/m/it/10 ^^V [] :$ [] 
 []

! Incomplete \iffalse; all text was ignored after line 2270.
<inserted text> 
                \fi 
l.2270 \end{lem}
                
A forbidden control sequence occurred in skipped text.
This kind of error happens when you say `\if...' and forget
the matching `\fi'. I've inserted a `\fi'; this might work.

! Incomplete \iffalse; all text was ignored after line 2270.
<inserted text> 
                \fi 
l.2270 \end{lem}
                
A forbidden control sequence occurred in skipped text.
This kind of error happens when you say `\if...' and forget
the matching `\fi'. I've inserted a `\fi'; this might work.

Runaway text?
BEGIN \protect Lemma \protect \let 
! Forbidden control sequence found while scanning text of \write.
<inserted text> 
                }
l.2270 \end{lem}
                
I suspect you have forgotten a `}', causing me
to read past where you wanted me to stop.
I'll try to recover; but if the error is serious,
you'd better type `E' or `X' now and fix your file.


LaTeX Warning: Reference `eq:computation ff' on page 28 undefined on input line
 2287.

[58]
Overfull \hbox (12.0pt too wide) in paragraph at lines 2304--2304
[][] 
 []

! Incomplete \iffalse; all text was ignored after line 2304.
<inserted text> 
                \fi 
l.2304 \end{lem}
                
A forbidden control sequence occurred in skipped text.
This kind of error happens when you say `\if...' and forget
the matching `\fi'. I've inserted a `\fi'; this might work.

! Incomplete \iffalse; all text was ignored after line 2304.
<inserted text> 
                \fi 
l.2304 \end{lem}
                
A forbidden control sequence occurred in skipped text.
This kind of error happens when you say `\if...' and forget
the matching `\fi'. I've inserted a `\fi'; this might work.

Runaway text?
BEGIN \protect Lemma \protect \let 
! Forbidden control sequence found while scanning text of \write.
<inserted text> 
                }
l.2304 \end{lem}
                
I suspect you have forgotten a `}', causing me
to read past where you wanted me to stop.
I'll try to recover; but if the error is serious,
you'd better type `E' or `X' now and fix your file.

[59]
Overfull \hbox (76.91641pt too wide) in paragraph at lines 2349--2360
\T1/cmr/m/n/10 sufficiently large. [] 
 []

! Incomplete \iffalse; all text was ignored after line 2360.
<inserted text> 
                \fi 
l.2360 \end{lem}
                
A forbidden control sequence occurred in skipped text.
This kind of error happens when you say `\if...' and forget
the matching `\fi'. I've inserted a `\fi'; this might work.

! Incomplete \iffalse; all text was ignored after line 2360.
<inserted text> 
                \fi 
l.2360 \end{lem}
                
A forbidden control sequence occurred in skipped text.
This kind of error happens when you say `\if...' and forget
the matching `\fi'. I've inserted a `\fi'; this might work.

Runaway text?
BEGIN \protect Lemma \protect \let 
! Forbidden control sequence found while scanning text of \write.
<inserted text> 
                }
l.2360 \end{lem}
                
I suspect you have forgotten a `}', causing me
to read past where you wanted me to stop.
I'll try to recover; but if the error is serious,
you'd better type `E' or `X' now and fix your file.

[60]
Overfull \hbox (291.87659pt too wide) in paragraph at lines 2397--2397
 \T1/cmr/m/n/10 6.3.\T1/cmr/bx/n/10 Showing that if $[]$ is small, then $\OML/c
mm/m/it/10 f[]$ \T1/cmr/bx/n/10 is $[]$\T1/cmr/m/n/10 -regular\T1/cmr/bx/n/10 .
[] [] 
 []

! Incomplete \iffalse; all text was ignored after line 2397.
<inserted text> 
                \fi 
l.2397 \end{lem}
                
A forbidden control sequence occurred in skipped text.
This kind of error happens when you say `\if...' and forget
the matching `\fi'. I've inserted a `\fi'; this might work.

! Incomplete \iffalse; all text was ignored after line 2397.
<inserted text> 
                \fi 
l.2397 \end{lem}
                
A forbidden control sequence occurred in skipped text.
This kind of error happens when you say `\if...' and forget
the matching `\fi'. I've inserted a `\fi'; this might work.

Runaway text?
BEGIN \protect Lemma \protect \let 
! Forbidden control sequence found while scanning text of \write.
<inserted text> 
                }
l.2397 \end{lem}
                
I suspect you have forgotten a `}', causing me
to read past where you wanted me to stop.
I'll try to recover; but if the error is serious,
you'd better type `E' or `X' now and fix your file.


LaTeX Warning: Reference `eq:k small 1' on page 30 undefined on input line 2442
.


LaTeX Warning: Reference `eq:k divided by n is negligible' on page 31 undefined
 on input line 2442.

[61]
Overfull \hbox (281.93315pt too wide) in paragraph at lines 2448--2464
\T1/cmr/m/n/10 that the distributions $\OML/cmm/m/it/10 ^^V[]; ^^V[]$ \T1/cmr/m
/n/10 are very close to each other. [] 
 []

! Incomplete \iffalse; all text was ignored after line 2464.
<inserted text> 
                \fi 
l.2464 \end{lem}
                
A forbidden control sequence occurred in skipped text.
This kind of error happens when you say `\if...' and forget
the matching `\fi'. I've inserted a `\fi'; this might work.

! Incomplete \iffalse; all text was ignored after line 2464.
<inserted text> 
                \fi 
l.2464 \end{lem}
                
A forbidden control sequence occurred in skipped text.
This kind of error happens when you say `\if...' and forget
the matching `\fi'. I've inserted a `\fi'; this might work.

Runaway text?
BEGIN \protect Lemma \protect \let 
! Forbidden control sequence found while scanning text of \write.
<inserted text> 
                }
l.2464 \end{lem}
                
I suspect you have forgotten a `}', causing me
to read past where you wanted me to stop.
I'll try to recover; but if the error is serious,
you'd better type `E' or `X' now and fix your file.

[62]
Overfull \hbox (350.31676pt too wide) in paragraph at lines 2483--2496
[]\T1/cmr/m/n/10 We shall now complete the second step of showing that $\OML/cm
m/m/it/10 ^^V[] []$ \T1/cmr/m/n/10 is large. [] 
 []

! Incomplete \iffalse; all text was ignored after line 2496.
<inserted text> 
                \fi 
l.2496 \end{lem}
                
A forbidden control sequence occurred in skipped text.
This kind of error happens when you say `\if...' and forget
the matching `\fi'. I've inserted a `\fi'; this might work.

! Incomplete \iffalse; all text was ignored after line 2496.
<inserted text> 
                \fi 
l.2496 \end{lem}
                
A forbidden control sequence occurred in skipped text.
This kind of error happens when you say `\if...' and forget
the matching `\fi'. I've inserted a `\fi'; this might work.

Runaway text?
BEGIN \protect Lemma \protect \let 
! Forbidden control sequence found while scanning text of \write.
<inserted text> 
                }
l.2496 \end{lem}
                
I suspect you have forgotten a `}', causing me
to read past where you wanted me to stop.
I'll try to recover; but if the error is serious,
you'd better type `E' or `X' now and fix your file.

[63]
! Incomplete \iffalse; all text was ignored after line 2527.
<inserted text> 
                \fi 
l.2527 \end{cor}
                
A forbidden control sequence occurred in skipped text.
This kind of error happens when you say `\if...' and forget
the matching `\fi'. I've inserted a `\fi'; this might work.

! Incomplete \iffalse; all text was ignored after line 2527.
<inserted text> 
                \fi 
l.2527 \end{cor}
                
A forbidden control sequence occurred in skipped text.
This kind of error happens when you say `\if...' and forget
the matching `\fi'. I've inserted a `\fi'; this might work.

Runaway text?
BEGIN \protect Corollary \protect \let 
! Forbidden control sequence found while scanning text of \write.
<inserted text> 
                }
l.2527 \end{cor}
                
I suspect you have forgotten a `}', causing me
to read past where you wanted me to stop.
I'll try to recover; but if the error is serious,
you'd better type `E' or `X' now and fix your file.

[64]
Overfull \hbox (322.0817pt too wide) in paragraph at lines 2583--2599
[]\T1/cmr/m/n/10 We shall now generalize Theorem 6.1  to general expanded hyper
graphs. [] 
 []

! Incomplete \iffalse; all text was ignored after line 2599.
<inserted text> 
                \fi 
l.2599 \end{thm}
                
A forbidden control sequence occurred in skipped text.
This kind of error happens when you say `\if...' and forget
the matching `\fi'. I've inserted a `\fi'; this might work.

! Incomplete \iffalse; all text was ignored after line 2599.
<inserted text> 
                \fi 
l.2599 \end{thm}
                
A forbidden control sequence occurred in skipped text.
This kind of error happens when you say `\if...' and forget
the matching `\fi'. I've inserted a `\fi'; this might work.

Runaway text?
BEGIN \protect Theorem \protect \let 
! Forbidden control sequence found while scanning text of \write.
<inserted text> 
                }
l.2599 \end{thm}
                
I suspect you have forgotten a `}', causing me
to read past where you wanted me to stop.
I'll try to recover; but if the error is serious,
you'd better type `E' or `X' now and fix your file.

[65]
! Incomplete \iffalse; all text was ignored after line 2640.
<inserted text> 
                \fi 
l.2640 \end{defn}
                 
A forbidden control sequence occurred in skipped text.
This kind of error happens when you say `\if...' and forget
the matching `\fi'. I've inserted a `\fi'; this might work.

! Incomplete \iffalse; all text was ignored after line 2640.
<inserted text> 
                \fi 
l.2640 \end{defn}
                 
A forbidden control sequence occurred in skipped text.
This kind of error happens when you say `\if...' and forget
the matching `\fi'. I've inserted a `\fi'; this might work.

Runaway text?
BEGIN \protect Definition \protect \let 
! Forbidden control sequence found while scanning text of \write.
<inserted text> 
                }
l.2640 \end{defn}
                 
I suspect you have forgotten a `}', causing me
to read past where you wanted me to stop.
I'll try to recover; but if the error is serious,
you'd better type `E' or `X' now and fix your file.

[66]
Overfull \hbox (254.87242pt too wide) in paragraph at lines 2642--2655
\T1/cmr/m/n/10 probability, provided that $\OML/cmm/m/it/10 k$ \T1/cmr/m/n/10 i
s not too close to either $\OT1/cmr/m/n/10 0$ \T1/cmr/m/n/10 or $\OML/cmm/m/it/
10 n$\T1/cmr/m/n/10 . [] 
 []

! Incomplete \iffalse; all text was ignored after line 2655.
<inserted text> 
                \fi 
l.2655 \end{prop}
                 
A forbidden control sequence occurred in skipped text.
This kind of error happens when you say `\if...' and forget
the matching `\fi'. I've inserted a `\fi'; this might work.

! Incomplete \iffalse; all text was ignored after line 2655.
<inserted text> 
                \fi 
l.2655 \end{prop}
                 
A forbidden control sequence occurred in skipped text.
This kind of error happens when you say `\if...' and forget
the matching `\fi'. I've inserted a `\fi'; this might work.

Runaway text?
BEGIN \protect Proposition \protect \let 
! Forbidden control sequence found while scanning text of \write.
<inserted text> 
                }
l.2655 \end{prop}
                 
I suspect you have forgotten a `}', causing me
to read past where you wanted me to stop.
I'll try to recover; but if the error is serious,
you'd better type `E' or `X' now and fix your file.

[67]
Overfull \hbox (177.35303pt too wide) in paragraph at lines 2697--2713
\T1/cmr/m/n/10 of $\OMS/cmsy/m/n/10 H\OML/cmm/m/it/10 :$ \T1/cmr/m/n/10 We shal
l need the following lemma. [] 
 []

! Incomplete \iffalse; all text was ignored after line 2713.
<inserted text> 
                \fi 
l.2713 \end{lem}
                
A forbidden control sequence occurred in skipped text.
This kind of error happens when you say `\if...' and forget
the matching `\fi'. I've inserted a `\fi'; this might work.

! Incomplete \iffalse; all text was ignored after line 2713.
<inserted text> 
                \fi 
l.2713 \end{lem}
                
A forbidden control sequence occurred in skipped text.
This kind of error happens when you say `\if...' and forget
the matching `\fi'. I've inserted a `\fi'; this might work.

Runaway text?
BEGIN \protect Lemma \protect \let 
! Forbidden control sequence found while scanning text of \write.
<inserted text> 
                }
l.2713 \end{lem}
                
I suspect you have forgotten a `}', causing me
to read past where you wanted me to stop.
I'll try to recover; but if the error is serious,
you'd better type `E' or `X' now and fix your file.

[68]
Overfull \hbox (179.97751pt too wide) in paragraph at lines 2749--2759
[]\T1/cmr/m/n/10 We will also need the following lemma. [] 
 []

! Incomplete \iffalse; all text was ignored after line 2759.
<inserted text> 
                \fi 
l.2759 \end{lem}
                
A forbidden control sequence occurred in skipped text.
This kind of error happens when you say `\if...' and forget
the matching `\fi'. I've inserted a `\fi'; this might work.

! Incomplete \iffalse; all text was ignored after line 2759.
<inserted text> 
                \fi 
l.2759 \end{lem}
                
A forbidden control sequence occurred in skipped text.
This kind of error happens when you say `\if...' and forget
the matching `\fi'. I've inserted a `\fi'; this might work.

Runaway text?
BEGIN \protect Lemma \protect \let 
! Forbidden control sequence found while scanning text of \write.
<inserted text> 
                }
l.2759 \end{lem}
                
I suspect you have forgotten a `}', causing me
to read past where you wanted me to stop.
I'll try to recover; but if the error is serious,
you'd better type `E' or `X' now and fix your file.

[69]
Overfull \hbox (262.81839pt too wide) in paragraph at lines 2796--2807
[]\T1/cmr/m/n/10 We now prove the following restatement of Theorem 1.13 . [] 
 []

! Incomplete \iffalse; all text was ignored after line 2807.
<inserted text> 
                \fi 
l.2807 \end{thm*}
                 
A forbidden control sequence occurred in skipped text.
This kind of error happens when you say `\if...' and forget
the matching `\fi'. I've inserted a `\fi'; this might work.

! Incomplete \iffalse; all text was ignored after line 2807.
<inserted text> 
                \fi 
l.2807 \end{thm*}
                 
A forbidden control sequence occurred in skipped text.
This kind of error happens when you say `\if...' and forget
the matching `\fi'. I've inserted a `\fi'; this might work.

Runaway text?
BEGIN \protect Theorem \protect \let 
! Forbidden control sequence found while scanning text of \write.
<inserted text> 
                }
l.2807 \end{thm*}
                 
I suspect you have forgotten a `}', causing me
to read past where you wanted me to stop.
I'll try to recover; but if the error is serious,
you'd better type `E' or `X' now and fix your file.


Overfull \hbox (8.17628pt too wide) in paragraph at lines 2856--2856
\OML/cmm/m/it/10 ^^N[]$ \T1/cmr/m/n/10 is small enough, we may apply Theorem 7.
1  with $\OML/cmm/m/it/10 ^^O=\OT1/cmr/m/n/10 2$ \T1/cmr/m/n/10 instead of $\OM
L/cmm/m/it/10 ^^O$\T1/cmr/m/n/10 , the hypergraph $[]$,
 []

[70]
Overfull \hbox (376.64246pt too wide) in paragraph at lines 2862--2870
[]\T1/cmr/m/n/10 We shall now prove Proposition 1.14 . We restate it for the co
nvenience of the reader. [] 
 []

! Incomplete \iffalse; all text was ignored after line 2870.
<inserted text> 
                \fi 
l.2870 \end{prop*}
                  
A forbidden control sequence occurred in skipped text.
This kind of error happens when you say `\if...' and forget
the matching `\fi'. I've inserted a `\fi'; this might work.

! Incomplete \iffalse; all text was ignored after line 2870.
<inserted text> 
                \fi 
l.2870 \end{prop*}
                  
A forbidden control sequence occurred in skipped text.
This kind of error happens when you say `\if...' and forget
the matching `\fi'. I've inserted a `\fi'; this might work.

Runaway text?
BEGIN \protect Proposition \protect \let 
! Forbidden control sequence found while scanning text of \write.
<inserted text> 
                }
l.2870 \end{prop*}
                  
I suspect you have forgotten a `}', causing me
to read past where you wanted me to stop.
I'll try to recover; but if the error is serious,
you'd better type `E' or `X' now and fix your file.

[71]
Overfull \hbox (380.2897pt too wide) in paragraph at lines 2886--2901
[]\T1/cmr/m/n/10 Finally we shall prove Theorem 1.11  that we restate for the c
onvenience of the reader. [] 
 []

! Incomplete \iffalse; all text was ignored after line 2901.
<inserted text> 
                \fi 
l.2901 \end{thm*}
                 
A forbidden control sequence occurred in skipped text.
This kind of error happens when you say `\if...' and forget
the matching `\fi'. I've inserted a `\fi'; this might work.

! Incomplete \iffalse; all text was ignored after line 2901.
<inserted text> 
                \fi 
l.2901 \end{thm*}
                 
A forbidden control sequence occurred in skipped text.
This kind of error happens when you say `\if...' and forget
the matching `\fi'. I've inserted a `\fi'; this might work.

Runaway text?
BEGIN \protect Theorem \protect \let 
! Forbidden control sequence found while scanning text of \write.
<inserted text> 
                }
l.2901 \end{thm*}
                 
I suspect you have forgotten a `}', causing me
to read past where you wanted me to stop.
I'll try to recover; but if the error is serious,
you'd better type `E' or `X' now and fix your file.


Underfull \hbox (badness 5431) in paragraph at lines 2955--2956
[]\T1/cmr/m/n/8 Yuval Filmus. Ahlswede-Khachatrian theorems: Weighted, infinite
, and Hamming. \T1/cmr/m/it/8 arXiv preprint
 []


Underfull \vbox (badness 10000) has occurred while \output is active []


(source_extraction/results/1804.00328.aux)

LaTeX Warning: There were undefined references.

 ) 
Here is how much of TeX's memory you used:
 4102 strings out of 494779
 51304 string characters out of 6179263
 145852 words of memory out of 5000000
 7152 multiletter control sequences out of 15000+600000
 23514 words of font info for 64 fonts, out of 8000000 for 9000
 346 hyphenation exceptions out of 8191
 38i,18n,35p,914b,403s stack positions out of 5000i,500n,10000p,200000b,80000s
{/usr/share/texmf/fonts/enc/dvips/cm-super/cm-super-t1.enc}</usr/share/texliv
e/texmf-dist/fonts/type1/public/amsfonts/cm/cmbx10.pfb></usr/share/texlive/texm
f-dist/fonts/type1/public/amsfonts/cm/cmbx7.pfb></usr/share/texlive/texmf-dist/
fonts/type1/public/amsfonts/cm/cmex10.pfb></usr/share/texlive/texmf-dist/fonts/
type1/public/amsfonts/cm/cmmi10.pfb></usr/share/texlive/texmf-dist/fonts/type1/
public/amsfonts/cm/cmmi5.pfb></usr/share/texlive/texmf-dist/fonts/type1/public/
amsfonts/cm/cmmi7.pfb></usr/share/texlive/texmf-dist/fonts/type1/public/amsfont
s/cm/cmmib10.pfb></usr/share/texlive/texmf-dist/fonts/type1/public/amsfonts/cm/
cmr10.pfb></usr/share/texlive/texmf-dist/fonts/type1/public/amsfonts/cm/cmr5.pf
b></usr/share/texlive/texmf-dist/fonts/type1/public/amsfonts/cm/cmr7.pfb></usr/
share/texlive/texmf-dist/fonts/type1/public/amsfonts/cm/cmss10.pfb></usr/share/
texlive/texmf-dist/fonts/type1/public/amsfonts/cm/cmsy10.pfb></usr/share/texliv
e/texmf-dist/fonts/type1/public/amsfonts/cm/cmsy5.pfb></usr/share/texlive/texmf
-dist/fonts/type1/public/amsfonts/cm/cmsy7.pfb></usr/share/texlive/texmf-dist/f
onts/type1/public/amsfonts/symbols/msbm10.pfb></usr/share/texlive/texmf-dist/fo
nts/type1/public/amsfonts/symbols/msbm7.pfb></usr/share/texmf/fonts/type1/publi
c/cm-super/sfbx1000.pfb></usr/share/texmf/fonts/type1/public/cm-super/sfrm1000.
pfb></usr/share/texmf/fonts/type1/public/cm-super/sfti1000.pfb>
Output written on source_extraction/results/1804.00328.pdf (71 pages, 294213 by
tes).
PDF statistics:
 311 PDF objects out of 1000 (max. 8388607)
 216 compressed objects within 3 object streams
 0 named destinations out of 1000 (max. 500000)
 1 words of extra memory for PDF output out of 10000 (max. 10000000)

