This is pdfTeX, Version 3.14159265-2.6-1.40.18 (TeX Live 2017/Debian) (preloaded format=pdflatex 2018.11.16)  29 NOV 2018 22:47
entering extended mode
 restricted \write18 enabled.
 %&-line parsing enabled.
**./1612.00765.tex
(.//./1612.00765.tex
LaTeX2e <2017-04-15>
Babel <3.18> and hyphenation patterns for 20 language(s) loaded.
(/usr/share/texlive/texmf-dist/tex/latex/amscls/amsart.cls
Document Class: amsart 2017/10/31 v2.20.4
\linespacing=\dimen102
\normalparindent=\dimen103
\normaltopskip=\skip41
(/usr/share/texlive/texmf-dist/tex/latex/amsmath/amsmath.sty
Package: amsmath 2017/09/02 v2.17a AMS math features
\@mathmargin=\skip42

For additional information on amsmath, use the `?' option.
(/usr/share/texlive/texmf-dist/tex/latex/amsmath/amstext.sty
Package: amstext 2000/06/29 v2.01 AMS text

(/usr/share/texlive/texmf-dist/tex/latex/amsmath/amsgen.sty
File: amsgen.sty 1999/11/30 v2.0 generic functions
\@emptytoks=\toks14
\ex@=\dimen104
))
(/usr/share/texlive/texmf-dist/tex/latex/amsmath/amsbsy.sty
Package: amsbsy 1999/11/29 v1.2d Bold Symbols
\pmbraise@=\dimen105
)
(/usr/share/texlive/texmf-dist/tex/latex/amsmath/amsopn.sty
Package: amsopn 2016/03/08 v2.02 operator names
)
\inf@bad=\count79
LaTeX Info: Redefining \frac on input line 213.
\uproot@=\count80
\leftroot@=\count81
LaTeX Info: Redefining \overline on input line 375.
\classnum@=\count82
\DOTSCASE@=\count83
LaTeX Info: Redefining \ldots on input line 472.
LaTeX Info: Redefining \dots on input line 475.
LaTeX Info: Redefining \cdots on input line 596.
\Mathstrutbox@=\box26
\strutbox@=\box27
\big@size=\dimen106
LaTeX Font Info:    Redeclaring font encoding OML on input line 712.
LaTeX Font Info:    Redeclaring font encoding OMS on input line 713.
\macc@depth=\count84
\c@MaxMatrixCols=\count85
\dotsspace@=\muskip10
\c@parentequation=\count86
\dspbrk@lvl=\count87
\tag@help=\toks15
\row@=\count88
\column@=\count89
\maxfields@=\count90
\andhelp@=\toks16
\eqnshift@=\dimen107
\alignsep@=\dimen108
\tagshift@=\dimen109
\tagwidth@=\dimen110
\totwidth@=\dimen111
\lineht@=\dimen112
\@envbody=\toks17
\multlinegap=\skip43
\multlinetaggap=\skip44
\mathdisplay@stack=\toks18
LaTeX Info: Redefining \[ on input line 2817.
LaTeX Info: Redefining \] on input line 2818.
)
LaTeX Font Info:    Try loading font information for U+msa on input line 398.

(/usr/share/texlive/texmf-dist/tex/latex/amsfonts/umsa.fd
File: umsa.fd 2013/01/14 v3.01 AMS symbols A
)
(/usr/share/texlive/texmf-dist/tex/latex/amsfonts/amsfonts.sty
Package: amsfonts 2013/01/14 v3.01 Basic AMSFonts support
\symAMSa=\mathgroup4
\symAMSb=\mathgroup5
LaTeX Font Info:    Overwriting math alphabet `\mathfrak' in version `bold'
(Font)                  U/euf/m/n --> U/euf/b/n on input line 106.
)
\copyins=\insert199
\abstractbox=\box28
\listisep=\skip45
\c@part=\count91
\c@section=\count92
\c@subsection=\count93
\c@subsubsection=\count94
\c@paragraph=\count95
\c@subparagraph=\count96
\c@figure=\count97
\c@table=\count98
\abovecaptionskip=\skip46
\belowcaptionskip=\skip47
\captionindent=\dimen113
\thm@style=\toks19
\thm@bodyfont=\toks20
\thm@headfont=\toks21
\thm@notefont=\toks22
\thm@headpunct=\toks23
\thm@preskip=\skip48
\thm@postskip=\skip49
\thm@headsep=\skip50
\dth@everypar=\toks24
)
(/usr/share/texlive/texmf-dist/tex/latex/lineno/lineno.sty
Package: lineno 2005/11/02 line numbers on paragraphs v4.41
\linenopenalty=\count99
\output=\toks25
\linenoprevgraf=\count100
\linenumbersep=\dimen114
\linenumberwidth=\dimen115
\c@linenumber=\count101
\c@pagewiselinenumber=\count102
\c@LN@truepage=\count103
\c@internallinenumber=\count104
\c@internallinenumbers=\count105
\quotelinenumbersep=\dimen116
\bframerule=\dimen117
\bframesep=\dimen118
\bframebox=\box29
LaTeX Info: Redefining \\ on input line 3056.
)
(/usr/share/texlive/texmf-dist/tex/latex/setspace/setspace.sty
Package: setspace 2011/12/19 v6.7a set line spacing
)
(/usr/share/texlive/texmf-dist/tex/latex/base/latexsym.sty
Package: latexsym 1998/08/17 v2.2e Standard LaTeX package (lasy symbols)
\symlasy=\mathgroup6
LaTeX Font Info:    Overwriting symbol font `lasy' in version `bold'
(Font)                  U/lasy/m/n --> U/lasy/b/n on input line 52.
)
(/usr/share/texlive/texmf-dist/tex/latex/amsfonts/amssymb.sty
Package: amssymb 2013/01/14 v3.01 AMS font symbols
)
(/usr/share/texlive/texmf-dist/tex/generic/xypic/xy.sty
(/usr/share/texlive/texmf-dist/tex/generic/xypic/xy.tex Bootstrap'ing:
catcodes, docmode, (/usr/share/texlive/texmf-dist/tex/generic/xypic/xyrecat.tex
) (/usr/share/texlive/texmf-dist/tex/generic/xypic/xyidioms.tex)

 Xy-pic version 3.8.9 <2013/10/06>
 Copyright (c) 1991-2013 by Kristoffer H. Rose <krisrose@tug.org> and others
 Xy-pic is free software: see the User's Guide for details.

Loading kernel: messages; fonts; allocations: state,
\X@c=\dimen119
\Y@c=\dimen120
\U@c=\dimen121
\D@c=\dimen122
\L@c=\dimen123
\R@c=\dimen124
\Edge@c=\toks26
\X@p=\dimen125
\Y@p=\dimen126
\U@p=\dimen127
\D@p=\dimen128
\L@p=\dimen129
\R@p=\dimen130
\Edge@p=\toks27
\X@origin=\dimen131
\Y@origin=\dimen132
\X@xbase=\dimen133
\Y@xbase=\dimen134
\X@ybase=\dimen135
\Y@ybase=\dimen136
\X@min=\dimen137
\Y@min=\dimen138
\X@max=\dimen139
\Y@max=\dimen140
\lastobjectbox@=\box30
\zerodotbox@=\box31
\almostz@=\dimen141
 direction,
\d@X=\dimen142
\d@Y=\dimen143
\K@=\count106
\KK@=\count107
\Direction=\count108
\K@dXdY=\dimen144
\K@dYdX=\dimen145
\xyread@=\read1
\xywrite@=\write3
\csp@=\count109
\quotPTK@=\dimen146

utility macros; pictures: \xy, positions,
\swaptoks@@=\toks28
\connectobjectbox@@=\box32
 objects,
\styletoks@=\toks29
 decorations;
kernel objects: directionals, circles, text; options; algorithms: directions,
edges, connections;  Xy-pic loaded)
(/usr/share/texlive/texmf-dist/tex/generic/oberdiek/ifpdf.sty
Package: ifpdf 2017/03/15 v3.2 Provides the ifpdf switch
)
Package: xy 2013/10/06 Xy-pic version 3.8.9

(/usr/share/texlive/texmf-dist/tex/generic/xypic/xyall.tex
 Xy-pic option: All features v.3.8
(/usr/share/texlive/texmf-dist/tex/generic/xypic/xycurve.tex
 Xy-pic option: Curve and Spline extension v.3.12 curve,
\crv@cnt@=\count110
\crvpts@=\toks30
\splinebox@=\box33
\splineval@=\dimen147
\splinedepth@=\dimen148
\splinetol@=\dimen149
\splinelength@=\dimen150
 circles,
\L@=\dimen151
 loaded)
(/usr/share/texlive/texmf-dist/tex/generic/xypic/xyframe.tex
 Xy-pic option: Frame and Bracket extension v.3.14 loaded)
(/usr/share/texlive/texmf-dist/tex/generic/xypic/xycmtip.tex
 Xy-pic option: Computer Modern tip extension v.3.7
(/usr/share/texlive/texmf-dist/tex/generic/xypic/xytips.tex
 Xy-pic option: More Tips extension v.3.11 loaded) loaded)
(/usr/share/texlive/texmf-dist/tex/generic/xypic/xyline.tex
 Xy-pic option: Line styles extension v.3.10
\xylinethick@=\dimen152
 loaded)
(/usr/share/texlive/texmf-dist/tex/generic/xypic/xyrotate.tex
 Xy-pic option: Rotate and Scale extension v.3.8 loaded)
(/usr/share/texlive/texmf-dist/tex/generic/xypic/xycolor.tex
 Xy-pic option: Colour extension v.3.11 loaded)
(/usr/share/texlive/texmf-dist/tex/generic/xypic/xymatrix.tex
 Xy-pic option: Matrix feature v.3.14
\Row=\count111
\Col=\count112
\queue@=\toks31
\queue@@=\toks32
\qcount@=\count113
\qcount@@=\count114
\matrixsize@=\count115
 loaded)
(/usr/share/texlive/texmf-dist/tex/generic/xypic/xyarrow.tex
 Xy-pic option: Arrow and Path feature v.3.9 path, \ar, loaded)
(/usr/share/texlive/texmf-dist/tex/generic/xypic/xygraph.tex
 Xy-pic option: Graph feature v.3.11 loaded) loaded)
(/usr/share/texlive/texmf-dist/tex/generic/xypic/xypdf.tex
 Xy-pic option: PDF driver v.1.7 Xy-pic pdf driver: `color' extension support
(/usr/share/texlive/texmf-dist/tex/generic/xypic/xypdf-co.tex loaded)
Xy-pic pdf driver: `curve' extension support
(/usr/share/texlive/texmf-dist/tex/generic/xypic/xypdf-cu.tex loaded)
Xy-pic pdf driver: `frame' extension support
(/usr/share/texlive/texmf-dist/tex/generic/xypic/xypdf-fr.tex loaded)
Xy-pic pdf driver: `line' extension support
(/usr/share/texlive/texmf-dist/tex/generic/xypic/xypdf-li.tex loaded)
Xy-pic pdf driver: `rotate' extension support
(/usr/share/texlive/texmf-dist/tex/generic/xypic/xypdf-ro.tex loaded) loaded))
(.//./extract.sty (/usr/share/texlive/texmf-dist/tex/latex/environ/environ.sty
Package: environ 2014/05/04 v0.3 A new way to define environments

(/usr/share/texlive/texmf-dist/tex/latex/trimspaces/trimspaces.sty
Package: trimspaces 2009/09/17 v1.1 Trim spaces around a token list
))
(/usr/share/texlive/texmf-dist/tex/latex/etextools/etextools.sty
Package: etextools 2010/12/07 v3.1415926 e-TeX more useful tools for LaTeX pack
age writers

(/usr/share/texlive/texmf-dist/tex/latex/etex-pkg/etex.sty
Package: etex 2016/08/01 v2.7 eTeX basic definition package (PEB,DPC)
\et@xins=\count116
)
(/usr/share/texlive/texmf-dist/tex/latex/etoolbox/etoolbox.sty
Package: etoolbox 2018/02/11 v2.5e e-TeX tools for LaTeX (JAW)
\etb@tempcnta=\count117
)
(/usr/share/texlive/texmf-dist/tex/latex/oberdiek/letltxmacro.sty
Package: letltxmacro 2016/05/16 v1.5 Let assignment for LaTeX macros (HO)
)
\ettl@fter=\count118
\ettl@for@nested=\count277
)
(/usr/share/texmf/tex/latex/preview/preview.sty
Package: preview 2017/04/24 11.91 (AUCTeX/preview-latex)

(/usr/share/texmf/tex/latex/preview/prtightpage.def
\PreviewBorder=\dimen153
)
\pr@snippet=\count119
\pr@box=\box34
\pr@output=\toks33
)
\c@propcounter=\count120
\mybox=\box35
)
\c@thm=\count121
\c@theorem=\count122
\c@conj=\count123
 (.//1612.00765.aux)
\openout1 = `1612.00765.aux'.

LaTeX Font Info:    Checking defaults for OML/cmm/m/it on input line 99.
LaTeX Font Info:    ... okay on input line 99.
LaTeX Font Info:    Checking defaults for T1/cmr/m/n on input line 99.
LaTeX Font Info:    ... okay on input line 99.
LaTeX Font Info:    Checking defaults for OT1/cmr/m/n on input line 99.
LaTeX Font Info:    ... okay on input line 99.
LaTeX Font Info:    Checking defaults for OMS/cmsy/m/n on input line 99.
LaTeX Font Info:    ... okay on input line 99.
LaTeX Font Info:    Checking defaults for OMX/cmex/m/n on input line 99.
LaTeX Font Info:    ... okay on input line 99.
LaTeX Font Info:    Checking defaults for U/cmr/m/n on input line 99.
LaTeX Font Info:    ... okay on input line 99.
LaTeX Font Info:    Try loading font information for U+msa on input line 99.

(/usr/share/texlive/texmf-dist/tex/latex/amsfonts/umsa.fd
File: umsa.fd 2013/01/14 v3.01 AMS symbols A
)
LaTeX Font Info:    Try loading font information for U+msb on input line 99.

(/usr/share/texlive/texmf-dist/tex/latex/amsfonts/umsb.fd
File: umsb.fd 2013/01/14 v3.01 AMS symbols B
)
LaTeX Font Info:    Try loading font information for U+lasy on input line 99.

(/usr/share/texlive/texmf-dist/tex/latex/base/ulasy.fd
File: ulasy.fd 1998/08/17 v2.2e LaTeX symbol font definitions
)
Package xypdf Info: Line width: 0.39998pt on input line 99.

Preview: Fontsize 10pt
Preview: PDFoutput 1

LaTeX Warning: Reference `s2.3' on page 1 undefined on input line 158.


LaTeX Warning: Reference `s2.3' on page 2 undefined on input line 166.


LaTeX Warning: Reference `2.12' on page 2 undefined on input line 166.


LaTeX Warning: Reference `1.2' on page 2 undefined on input line 173.


LaTeX Warning: Reference `2.12' on page 2 undefined on input line 173.

Preview: Tightpage -32891 -32891 32891 32891
[1{/var/lib/texmf/fonts/map/pdftex/updmap/pdftex.map}]
Overfull \hbox (12.0pt too wide) in paragraph at lines 202--202
[][] 
 []


LaTeX Warning: Reference `s3' on page 2 undefined on input line 203.

[2]
Overfull \hbox (12.0pt too wide) in paragraph at lines 233--233
[][] 
 []


LaTeX Warning: Reference `S2' on page 3 undefined on input line 251.


LaTeX Warning: Reference `S2' on page 3 undefined on input line 268.


LaTeX Warning: Reference `s3' on page 3 undefined on input line 281.


LaTeX Warning: Reference `new' on page 3 undefined on input line 287.

[3]
Overfull \hbox (185.49443pt too wide) in paragraph at lines 284--295
\OT1/cmr/m/n/10 de-fined over $\OML/cmm/m/it/10 R$ \OT1/cmr/m/n/10 (see [] for 
the def-i-ni-tion). [] 
 []


Underfull \vbox (badness 10000) has occurred while \output is active []



LaTeX Warning: Reference `S4' on page 4 undefined on input line 296.


LaTeX Warning: Reference `e0' on page 4 undefined on input line 328.


LaTeX Warning: Reference `1.7' on page 5 undefined on input line 369.

[4]
Overfull \hbox (12.0pt too wide) in paragraph at lines 369--369
[][] 
 []


LaTeX Warning: Reference `2.12' on page 5 undefined on input line 370.

LaTeX Font Info:    Try loading font information for OMS+cmr on input line 410.

(/usr/share/texlive/texmf-dist/tex/latex/base/omscmr.fd
File: omscmr.fd 2014/09/29 v2.5h Standard LaTeX font definitions
)
LaTeX Font Info:    Font shape `OMS/cmr/m/n' in size <10> not available
(Font)              Font shape `OMS/cmsy/m/n' tried instead on input line 410.


LaTeX Warning: Reference `s2.1' on page 5 undefined on input line 410.


LaTeX Warning: Reference `s2.2' on page 5 undefined on input line 412.


LaTeX Warning: Reference `s2.3' on page 5 undefined on input line 413.


LaTeX Warning: Reference `s2.40' on page 5 undefined on input line 413.


LaTeX Warning: Reference `s2.4' on page 5 undefined on input line 414.


LaTeX Warning: Reference `S4' on page 6 undefined on input line 469.


LaTeX Warning: Reference `S2' on page 6 undefined on input line 469.

[5]
Overfull \hbox (12.0pt too wide) in paragraph at lines 469--469
[][] 
 []


LaTeX Warning: Reference `S2' on page 6 undefined on input line 470.


LaTeX Warning: Reference `10' on page 7 undefined on input line 481.


LaTeX Warning: Reference `1' on page 7 undefined on input line 538.


LaTeX Warning: Reference `eq_act1' on page 7 undefined on input line 541.

[6]
Overfull \hbox (12.0pt too wide) in paragraph at lines 548--548
[][] 
 []

[7]
Overfull \hbox (184.7642pt too wide) in paragraph at lines 558--566
\OT1/cmr/m/n/10 the part of $[]$ sup-ported on ma-tri-ces in $\OML/cmm/m/it/10 
K$\OT1/cmr/m/n/10 . [] 
 []


LaTeX Warning: Reference `eq_act1' on page 8 undefined on input line 575.

[8]
Overfull \hbox (12.0pt too wide) in paragraph at lines 585--585
[][] 
 []


LaTeX Warning: Reference `2.3' on page 8 undefined on input line 589.


LaTeX Warning: Reference `s2.4' on page 8 undefined on input line 590.


LaTeX Warning: Reference `eq_star' on page 8 undefined on input line 600.

[9]

LaTeX Warning: Reference `eq_star' on page 8 undefined on input line 614.


LaTeX Warning: Reference `s4.3' on page 9 undefined on input line 665.


LaTeX Warning: Reference `2.2' on page 9 undefined on input line 672.

[10]
Overfull \hbox (12.0pt too wide) in paragraph at lines 692--692
[][] 
 []


LaTeX Warning: Reference `s2.1' on page 10 undefined on input line 694.


LaTeX Warning: Reference `eq_star' on page 10 undefined on input line 696.


LaTeX Warning: Reference `new' on page 10 undefined on input line 700.

[11]
Overfull \hbox (239.2968pt too wide) in paragraph at lines 695--708
\OT1/cmr/m/n/10 mor-phism to the space of ex-tended pe-riod poly-no-mi-als. [] 

 []

[12]
Overfull \hbox (12.0pt too wide) in paragraph at lines 721--721
[][] 
 []

[13]
Overfull \hbox (240.7562pt too wide) in paragraph at lines 741--758
\OT1/cmr/m/n/10 an ex-plicit ba-sis of the cobound-ary sub-space of $\OML/cmm/m
/it/10 W[]\OT1/cmr/m/n/10 (\OML/cmm/m/it/10 N\OT1/cmr/m/n/10 )$. [] 
 []


LaTeX Warning: Reference `2.3' on page 11 undefined on input line 771.


LaTeX Warning: Reference `10' on page 11 undefined on input line 774.

[14]
Overfull \hbox (115.04655pt too wide) in paragraph at lines 787--803
\OT1/cmr/m/n/10 ex-plic-itly in Ex-am-ple 2.6 . [] 
 []


LaTeX Warning: Reference `10' on page 11 undefined on input line 825.


LaTeX Warning: Reference `s2.2' on page 11 undefined on input line 825.

[15]
Overfull \hbox (156.6472pt too wide) in paragraph at lines 827--837
[]\OT1/cmr/m/n/10 (\OML/cmm/m/it/10 E[]\OT1/cmr/m/n/10 ) \OMS/cmsy/m/n/10 2 []\
OT1/cmr/m/n/10 (1)$ in Ex-am-ple 2.6 . [] 
 []


LaTeX Warning: Reference `2.9' on page 12 undefined on input line 842.


LaTeX Warning: Reference `2.12' on page 12 undefined on input line 851.


LaTeX Warning: Reference `1.2' on page 12 undefined on input line 868.


LaTeX Warning: Reference `2.12' on page 12 undefined on input line 871.


LaTeX Warning: Reference `2.10' on page 13 undefined on input line 907.


LaTeX Warning: Reference `new' on page 13 undefined on input line 908.


LaTeX Warning: Reference `2.8' on page 13 undefined on input line 915.


LaTeX Warning: Reference `2.10' on page 13 undefined on input line 919.


LaTeX Warning: Reference `2.12' on page 13 undefined on input line 937.


LaTeX Warning: Reference `2.2' on page 13 undefined on input line 948.


LaTeX Warning: Reference `e0' on page 13 undefined on input line 976.

[16]
Overfull \hbox (12.0pt too wide) in paragraph at lines 976--976
[][] 
 []


Underfull \vbox (badness 4001) has occurred while \output is active []

 [17]
Overfull \hbox (2.22221pt too wide) in paragraph at lines 1000--1007
 [] 
 []

[18]
Overfull \hbox (12.0pt too wide) in paragraph at lines 1024--1024
[][] 
 []


LaTeX Warning: Reference `new' on page 15 undefined on input line 1058.


LaTeX Warning: Reference `s2.2' on page 15 undefined on input line 1062.


LaTeX Warning: Reference `12' on page 15 undefined on input line 1082.

[19]
Overfull \hbox (12.0pt too wide) in paragraph at lines 1082--1082
[][] 
 []

<xymatrix 8x2 345> <xymatrix 3x2 252> [20]
Overfull \hbox (255.09308pt too wide) in paragraph at lines 1158--1170
\OT1/cmr/m/n/10 co-ho-mol-ogy given in [[], []]. First we need an easy lemma. [
] 
 []

[21]
Overfull \hbox (12.0pt too wide) in paragraph at lines 1193--1193
[][] 
 []

[22]
Overfull \hbox (12.0pt too wide) in paragraph at lines 1199--1199
[][] 
 []

<xymatrix 2x2 188> [23]
Overfull \hbox (175.62999pt too wide) in paragraph at lines 1262--1271
\OT1/cmr/m/n/10 ho-mol-ogy ring is also de-ter-mined in [[]]. [] 
 []

<xymatrix 3x2 152> [24]
Overfull \hbox (12.0pt too wide) in paragraph at lines 1340--1340
[][] 
 []

[25]
Overfull \hbox (12.0pt too wide) in paragraph at lines 1369--1369
[][] 
 []

[26]
Overfull \hbox (12.0pt too wide) in paragraph at lines 1399--1399
[][] 
 []


Underfull \vbox (badness 10000) has occurred while \output is active []

Missing character: There is no â in font cmr8!
Missing character: There is no € in font cmr8!
Missing character: There is no “ in font cmr8!

Underfull \hbox (badness 10000) in paragraph at lines 1453--1455
[]\OT1/cmr/m/n/8 G. Harder, \OT1/cmr/m/it/8 Co-ho-mol-ogy of arith-metic groups
. \OT1/cmr/m/n/8 File ``Chap-ter-six 1.pdf'' re-cov-ered from
 []

! Undefined control sequence.
l.1480     \url
               {http://pari.math.u-bordeaux.fr/}.
The control sequence at the end of the top line
of your error message was never \def'ed. If you have
misspelled it (e.g., `\hobx'), type `I' and the correct
spelling (e.g., `I\hbox'). Otherwise just continue,
and I'll forget about whatever was undefined.

Missing character: There is no â in font cmr8!
Missing character: There is no € in font cmr8!
Missing character: There is no “ in font cmr8!

Underfull \vbox (badness 10000) has occurred while \output is active []


(.//1612.00765.aux)

LaTeX Warning: There were undefined references.

 ) 
Here is how much of TeX's memory you used:
 5821 strings out of 494260
 70114 string characters out of 6168642
 201309 words of memory out of 5000000
 8907 multiletter control sequences out of 15000+600000
 15027 words of font info for 61 fonts, out of 8000000 for 9000
 658 hyphenation exceptions out of 8191
 34i,13n,32p,3223b,486s stack positions out of 5000i,500n,10000p,200000b,80000s
</usr/share/texlive/texmf-dist/fonts/type1/public/amsfonts/cm/cmbx10.pfb></us
r/share/texlive/texmf-dist/fonts/type1/public/amsfonts/cm/cmex10.pfb></usr/shar
e/texlive/texmf-dist/fonts/type1/public/amsfonts/cm/cmmi10.pfb></usr/share/texl
ive/texmf-dist/fonts/type1/public/amsfonts/cm/cmmi5.pfb></usr/share/texlive/tex
mf-dist/fonts/type1/public/amsfonts/cm/cmmi7.pfb></usr/share/texlive/texmf-dist
/fonts/type1/public/amsfonts/cm/cmr10.pfb></usr/share/texlive/texmf-dist/fonts/
type1/public/amsfonts/cm/cmr5.pfb></usr/share/texlive/texmf-dist/fonts/type1/pu
blic/amsfonts/cm/cmr7.pfb></usr/share/texlive/texmf-dist/fonts/type1/public/ams
fonts/cm/cmsy10.pfb></usr/share/texlive/texmf-dist/fonts/type1/public/amsfonts/
cm/cmsy5.pfb></usr/share/texlive/texmf-dist/fonts/type1/public/amsfonts/cm/cmsy
7.pfb></usr/share/texlive/texmf-dist/fonts/type1/public/amsfonts/cm/cmti10.pfb>
</usr/share/texlive/texmf-dist/fonts/type1/public/amsfonts/symbols/msam10.pfb><
/usr/share/texlive/texmf-dist/fonts/type1/public/amsfonts/symbols/msbm10.pfb>
Output written on .//1612.00765.pdf (26 pages, 188485 bytes).
PDF statistics:
 145 PDF objects out of 1000 (max. 8388607)
 101 compressed objects within 2 object streams
 0 named destinations out of 1000 (max. 500000)
 1 words of extra memory for PDF output out of 10000 (max. 10000000)

