This is pdfTeX, Version 3.14159265-2.6-1.40.18 (TeX Live 2017/Debian) (preloaded format=pdflatex 2018.11.16)  29 NOV 2018 14:46
entering extended mode
 restricted \write18 enabled.
 %&-line parsing enabled.
**source_extraction/results/0706.1833.tex
(./source_extraction/results/0706.1833.tex
LaTeX2e <2017-04-15>
Babel <3.18> and hyphenation patterns for 20 language(s) loaded.
(/usr/share/texlive/texmf-dist/tex/latex/amscls/amsart.cls
Document Class: amsart 2017/10/31 v2.20.4
\linespacing=\dimen102
\normalparindent=\dimen103
\normaltopskip=\skip41
(/usr/share/texlive/texmf-dist/tex/latex/amsmath/amsmath.sty
Package: amsmath 2017/09/02 v2.17a AMS math features
\@mathmargin=\skip42

For additional information on amsmath, use the `?' option.
(/usr/share/texlive/texmf-dist/tex/latex/amsmath/amstext.sty
Package: amstext 2000/06/29 v2.01 AMS text

(/usr/share/texlive/texmf-dist/tex/latex/amsmath/amsgen.sty
File: amsgen.sty 1999/11/30 v2.0 generic functions
\@emptytoks=\toks14
\ex@=\dimen104
))
(/usr/share/texlive/texmf-dist/tex/latex/amsmath/amsbsy.sty
Package: amsbsy 1999/11/29 v1.2d Bold Symbols
\pmbraise@=\dimen105
)
(/usr/share/texlive/texmf-dist/tex/latex/amsmath/amsopn.sty
Package: amsopn 2016/03/08 v2.02 operator names
)
\inf@bad=\count79
LaTeX Info: Redefining \frac on input line 213.
\uproot@=\count80
\leftroot@=\count81
LaTeX Info: Redefining \overline on input line 375.
\classnum@=\count82
\DOTSCASE@=\count83
LaTeX Info: Redefining \ldots on input line 472.
LaTeX Info: Redefining \dots on input line 475.
LaTeX Info: Redefining \cdots on input line 596.
\Mathstrutbox@=\box26
\strutbox@=\box27
\big@size=\dimen106
LaTeX Font Info:    Redeclaring font encoding OML on input line 712.
LaTeX Font Info:    Redeclaring font encoding OMS on input line 713.
\macc@depth=\count84
\c@MaxMatrixCols=\count85
\dotsspace@=\muskip10
\c@parentequation=\count86
\dspbrk@lvl=\count87
\tag@help=\toks15
\row@=\count88
\column@=\count89
\maxfields@=\count90
\andhelp@=\toks16
\eqnshift@=\dimen107
\alignsep@=\dimen108
\tagshift@=\dimen109
\tagwidth@=\dimen110
\totwidth@=\dimen111
\lineht@=\dimen112
\@envbody=\toks17
\multlinegap=\skip43
\multlinetaggap=\skip44
\mathdisplay@stack=\toks18
LaTeX Info: Redefining \[ on input line 2817.
LaTeX Info: Redefining \] on input line 2818.
)
LaTeX Font Info:    Try loading font information for U+msa on input line 398.

(/usr/share/texlive/texmf-dist/tex/latex/amsfonts/umsa.fd
File: umsa.fd 2013/01/14 v3.01 AMS symbols A
)
(/usr/share/texlive/texmf-dist/tex/latex/amsfonts/amsfonts.sty
Package: amsfonts 2013/01/14 v3.01 Basic AMSFonts support
\symAMSa=\mathgroup4
\symAMSb=\mathgroup5
LaTeX Font Info:    Overwriting math alphabet `\mathfrak' in version `bold'
(Font)                  U/euf/m/n --> U/euf/b/n on input line 106.
)
\copyins=\insert199
\abstractbox=\box28
\listisep=\skip45
\c@part=\count91
\c@section=\count92
\c@subsection=\count93
\c@subsubsection=\count94
\c@paragraph=\count95
\c@subparagraph=\count96
\c@figure=\count97
\c@table=\count98
\abovecaptionskip=\skip46
\belowcaptionskip=\skip47
\captionindent=\dimen113
\thm@style=\toks19
\thm@bodyfont=\toks20
\thm@headfont=\toks21
\thm@notefont=\toks22
\thm@headpunct=\toks23
\thm@preskip=\skip48
\thm@postskip=\skip49
\thm@headsep=\skip50
\dth@everypar=\toks24
)
(/usr/share/texlive/texmf-dist/tex/latex/amsfonts/amssymb.sty
Package: amssymb 2013/01/14 v3.01 AMS font symbols
) (./extract.sty
(/usr/share/texlive/texmf-dist/tex/latex/environ/environ.sty
Package: environ 2014/05/04 v0.3 A new way to define environments

(/usr/share/texlive/texmf-dist/tex/latex/trimspaces/trimspaces.sty
Package: trimspaces 2009/09/17 v1.1 Trim spaces around a token list
))
(/usr/share/texlive/texmf-dist/tex/latex/etextools/etextools.sty
Package: etextools 2010/12/07 v3.1415926 e-TeX more useful tools for LaTeX pack
age writers

(/usr/share/texlive/texmf-dist/tex/latex/etex-pkg/etex.sty
Package: etex 2016/08/01 v2.7 eTeX basic definition package (PEB,DPC)
\et@xins=\count99
)
(/usr/share/texlive/texmf-dist/tex/latex/etoolbox/etoolbox.sty
Package: etoolbox 2018/02/11 v2.5e e-TeX tools for LaTeX (JAW)
\etb@tempcnta=\count100
)
(/usr/share/texlive/texmf-dist/tex/latex/oberdiek/letltxmacro.sty
Package: letltxmacro 2016/05/16 v1.5 Let assignment for LaTeX macros (HO)
)
\ettl@fter=\count101
\ettl@for@nested=\count277
)
(/usr/share/texmf/tex/latex/preview/preview.sty
Package: preview 2017/04/24 11.91 (AUCTeX/preview-latex)

(/usr/share/texmf/tex/latex/preview/prtightpage.def
\PreviewBorder=\dimen114
)
\pr@snippet=\count102
\pr@box=\box29
\pr@output=\toks25
)
\c@propcounter=\count103
\mybox=\box30
)
\c@theorem=\count104

(source_extraction/results/0706.1833.aux)
\openout1 = `0706.1833.aux'.

LaTeX Font Info:    Checking defaults for OML/cmm/m/it on input line 62.
LaTeX Font Info:    ... okay on input line 62.
LaTeX Font Info:    Checking defaults for T1/cmr/m/n on input line 62.
LaTeX Font Info:    ... okay on input line 62.
LaTeX Font Info:    Checking defaults for OT1/cmr/m/n on input line 62.
LaTeX Font Info:    ... okay on input line 62.
LaTeX Font Info:    Checking defaults for OMS/cmsy/m/n on input line 62.
LaTeX Font Info:    ... okay on input line 62.
LaTeX Font Info:    Checking defaults for OMX/cmex/m/n on input line 62.
LaTeX Font Info:    ... okay on input line 62.
LaTeX Font Info:    Checking defaults for U/cmr/m/n on input line 62.
LaTeX Font Info:    ... okay on input line 62.
LaTeX Font Info:    Try loading font information for U+msa on input line 62.

(/usr/share/texlive/texmf-dist/tex/latex/amsfonts/umsa.fd
File: umsa.fd 2013/01/14 v3.01 AMS symbols A
)
LaTeX Font Info:    Try loading font information for U+msb on input line 62.

(/usr/share/texlive/texmf-dist/tex/latex/amsfonts/umsb.fd
File: umsb.fd 2013/01/14 v3.01 AMS symbols B
)
Preview: Fontsize 12pt
Preview: PDFoutput 1

LaTeX Warning: Reference `ap1' on page 1 undefined on input line 117.


LaTeX Warning: Reference `ap3' on page 1 undefined on input line 117.


LaTeX Warning: Reference `ap2' on page 2 undefined on input line 172.


Overfull \hbox (2.8297pt too wide) in paragraph at lines 204--210
[]\OT1/cmr/m/n/12 Throughout this pa-per, we de-note the stan-dard Lebesgue and
 Sobolev
 []


LaTeX Warning: Reference `ap1' on page 3 undefined on input line 271.


LaTeX Warning: Reference `ap3' on page 3 undefined on input line 271.

Preview: Tightpage -32891 -32891 32891 32891
[1{/var/lib/texmf/fonts/map/pdftex/updmap/pdftex.map}]
Overfull \hbox (12.0pt too wide) in paragraph at lines 271--271
[][] 
 []


Underfull \vbox (badness 10000) has occurred while \output is active []



LaTeX Warning: Reference `ap1' on page 4 undefined on input line 294.


LaTeX Warning: Reference `ap3' on page 4 undefined on input line 294.


LaTeX Warning: Reference `ap1' on page 4 undefined on input line 294.


LaTeX Warning: Reference `ap3' on page 4 undefined on input line 294.


LaTeX Warning: Reference `std0' on page 4 undefined on input line 294.


LaTeX Warning: Reference `std1' on page 4 undefined on input line 294.

[2]
Overfull \hbox (261.115pt too wide) in paragraph at lines 283--294
[]\OT1/cmr/m/n/12 Now we are in a po-si-tion to state our main re-sult. [] 
 []


Underfull \vbox (badness 10000) has occurred while \output is active []



LaTeX Warning: Reference `eq' on page 5 undefined on input line 320.


LaTeX Warning: Reference `id' on page 5 undefined on input line 320.


LaTeX Warning: Reference `eq' on page 5 undefined on input line 329.


LaTeX Warning: Reference `id' on page 5 undefined on input line 329.


LaTeX Warning: Reference `eq' on page 5 undefined on input line 331.


LaTeX Warning: Reference `id' on page 5 undefined on input line 331.


LaTeX Warning: Reference `eq' on page 7 undefined on input line 467.


LaTeX Warning: Reference `id' on page 7 undefined on input line 467.


Overfull \hbox (1.61769pt too wide) in alignment at lines 467--467
 [][][] []
 []

[3] [4]
Overfull \hbox (12.0pt too wide) in paragraph at lines 483--483
[][] 
 []


LaTeX Warning: Reference `commute' on page 7 undefined on input line 493.


LaTeX Warning: Reference `defPhi' on page 7 undefined on input line 494.

[5]
Overfull \hbox (12.0pt too wide) in paragraph at lines 505--505
[][] 
 []


Underfull \vbox (badness 10000) has occurred while \output is active []

 [6]
Overfull \hbox (12.0pt too wide) in paragraph at lines 523--523
[][] 
 []


LaTeX Warning: Reference `commute' on page 8 undefined on input line 535.


LaTeX Warning: Reference `eq0' on page 8 undefined on input line 541.


LaTeX Warning: Reference `data+' on page 8 undefined on input line 548.

[7]
Overfull \hbox (12.0pt too wide) in paragraph at lines 588--588
[][] 
 []


LaTeX Warning: Reference `ba11' on page 9 undefined on input line 611.


LaTeX Warning: Reference `KatYok04' on page 9 undefined on input line 611.


LaTeX Warning: Reference `KatYok04-' on page 9 undefined on input line 611.

[8]
Overfull \hbox (12.0pt too wide) in paragraph at lines 629--629
[][] 
 []

[9]
Overfull \hbox (12.0pt too wide) in paragraph at lines 662--662
[][] 
 []

[10]

LaTeX Warning: Reference `KataM01' on page 10 undefined on input line 732.


Underfull \vbox (badness 10000) has occurred while \output is active []



LaTeX Warning: Reference `KataM01' on page 11 undefined on input line 763.


LaTeX Warning: Reference `eq' on page 11 undefined on input line 792.


LaTeX Warning: Reference `id' on page 11 undefined on input line 792.

[11]

LaTeX Warning: Reference `cutoff' on page 12 undefined on input line 804.


LaTeX Warning: Reference `homo' on page 12 undefined on input line 823.


LaTeX Warning: Reference `eq' on page 12 undefined on input line 920.


LaTeX Warning: Reference `id' on page 12 undefined on input line 920.

[12]

LaTeX Warning: Reference `homo' on page 13 undefined on input line 924.


LaTeX Warning: Reference `inhomo' on page 13 undefined on input line 942.


LaTeX Warning: Reference `poD1' on page 13 undefined on input line 956.

[13]
Overfull \hbox (12.0pt too wide) in paragraph at lines 1008--1008
[][] 
 []


LaTeX Warning: Reference `rad' on page 14 undefined on input line 1028.


LaTeX Warning: Reference `Tsuika' on page 15 undefined on input line 1042.


LaTeX Warning: Reference `KEE1' on page 15 undefined on input line 1065.


LaTeX Warning: Reference `KEE2' on page 15 undefined on input line 1065.


LaTeX Warning: Reference `KEE3' on page 15 undefined on input line 1065.


LaTeX Warning: Reference `symmetric' on page 15 undefined on input line 1065.


LaTeX Warning: Reference `ap1' on page 15 undefined on input line 1092.


LaTeX Warning: Reference `ap3' on page 15 undefined on input line 1092.


Overfull \hbox (5.96791pt too wide) detected at line 1099
[]
 []


LaTeX Warning: Reference `InductiveAs' on page 16 undefined on input line 1115.



LaTeX Warning: Reference `KFF' on page 16 undefined on input line 1120.


LaTeX Warning: Reference `InductiveAs' on page 16 undefined on input line 1120.



LaTeX Warning: Reference `ap16' on page 16 undefined on input line 1133.


LaTeX Warning: Reference `ap16' on page 16 undefined on input line 1136.


LaTeX Warning: Reference `InductiveAs' on page 17 undefined on input line 1165.



LaTeX Warning: Reference `ap2' on page 17 undefined on input line 1201.


LaTeX Warning: Reference `ap11' on page 17 undefined on input line 1219.


LaTeX Warning: Reference `ene1' on page 17 undefined on input line 1219.


LaTeX Warning: Reference `ap11' on page 17 undefined on input line 1228.


LaTeX Warning: Reference `ap1' on page 17 undefined on input line 1230.


LaTeX Warning: Reference `ene1' on page 18 undefined on input line 1247.


LaTeX Warning: Reference `ap11' on page 18 undefined on input line 1251.


LaTeX Warning: Reference `commute' on page 18 undefined on input line 1257.


LaTeX Warning: Reference `KataKata01' on page 18 undefined on input line 1278.


LaTeX Warning: Reference `ene2' on page 18 undefined on input line 1283.


LaTeX Warning: Reference `ene1' on page 18 undefined on input line 1286.


LaTeX Warning: Reference `ap11' on page 18 undefined on input line 1286.


LaTeX Warning: Reference `ene2' on page 18 undefined on input line 1292.


LaTeX Warning: Reference `ene3' on page 18 undefined on input line 1292.


LaTeX Warning: Reference `ap15' on page 19 undefined on input line 1311.


LaTeX Warning: Reference `InductiveAs' on page 19 undefined on input line 1325.



LaTeX Warning: Reference `KataKata01' on page 19 undefined on input line 1341.


LaTeX Warning: Reference `KataKata01' on page 19 undefined on input line 1352.


LaTeX Warning: Reference `ap21-' on page 19 undefined on input line 1384.


LaTeX Warning: Reference `KataKata02' on page 19 undefined on input line 1384.


LaTeX Warning: Reference `ap21-' on page 20 undefined on input line 1394.


LaTeX Warning: Reference `KataKata03' on page 20 undefined on input line 1394.


LaTeX Warning: Reference `KataCut03' on page 20 undefined on input line 1403.


LaTeX Warning: Reference `KataKata04' on page 20 undefined on input line 1419.


LaTeX Warning: Reference `LEK' on page 20 undefined on input line 1426.


LaTeX Warning: Reference `ene2' on page 20 undefined on input line 1427.


LaTeX Warning: Reference `ene3' on page 20 undefined on input line 1427.


LaTeX Warning: Reference `ap17' on page 20 undefined on input line 1427.


LaTeX Warning: Reference `ap16' on page 20 undefined on input line 1438.


LaTeX Warning: Reference `ap16' on page 20 undefined on input line 1441.


LaTeX Warning: Reference `KataKata05' on page 20 undefined on input line 1450.


LaTeX Warning: Reference `KataKata02' on page 20 undefined on input line 1450.


LaTeX Warning: Reference `KataKata05' on page 21 undefined on input line 1460.


LaTeX Warning: Reference `KataKata03' on page 21 undefined on input line 1460.


LaTeX Warning: Reference `KataKata04' on page 21 undefined on input line 1468.


LaTeX Warning: Reference `KataKata02' on page 21 undefined on input line 1476.


LaTeX Warning: Reference `KataKata05' on page 21 undefined on input line 1476.


LaTeX Warning: Reference `KataKata06' on page 21 undefined on input line 1476.


LaTeX Warning: Reference `InductiveAs' on page 21 undefined on input line 1509.



LaTeX Warning: Reference `KataKata06' on page 21 undefined on input line 1509.


LaTeX Warning: Reference `KataKata07' on page 21 undefined on input line 1509.


LaTeX Warning: Reference `KataKata08' on page 21 undefined on input line 1510.


LaTeX Warning: Reference `InductiveAs' on page 21 undefined on input line 1524.



LaTeX Warning: Reference `KataKata07' on page 21 undefined on input line 1524.


LaTeX Warning: Reference `InductiveAs' on page 22 undefined on input line 1541.



LaTeX Warning: Reference `KataKata07' on page 22 undefined on input line 1541.


LaTeX Warning: Reference `InductiveAs' on page 22 undefined on input line 1582.



LaTeX Warning: Reference `KataKata06' on page 22 undefined on input line 1582.


LaTeX Warning: Reference `KataKata07' on page 22 undefined on input line 1582.


LaTeX Warning: Reference `KataKata11' on page 22 undefined on input line 1608.


LaTeX Warning: Reference `KataKata13' on page 22 undefined on input line 1608.


LaTeX Warning: Reference `KataKata15' on page 22 undefined on input line 1609.


LaTeX Warning: Reference `KataKata17' on page 22 undefined on input line 1615.


LaTeX Warning: Reference `KataF01' on page 22 undefined on input line 1623.


LaTeX Warning: Reference `KataF02' on page 22 undefined on input line 1623.


LaTeX Warning: Reference `KataF03' on page 22 undefined on input line 1623.


LaTeX Warning: Reference `InductiveAs' on page 22 undefined on input line 1632.



LaTeX Warning: Reference `KataF04' on page 22 undefined on input line 1632.


LaTeX Warning: Reference `InductiveAs' on page 23 undefined on input line 1655.



LaTeX Warning: Reference `KataF04' on page 23 undefined on input line 1655.


LaTeX Warning: Reference `KataKata01a' on page 23 undefined on input line 1672.



LaTeX Warning: Reference `KataKata16' on page 23 undefined on input line 1680.


LaTeX Warning: Reference `KataF01' on page 23 undefined on input line 1693.


LaTeX Warning: Reference `KataF06' on page 23 undefined on input line 1693.


LaTeX Warning: Reference `KataF07' on page 23 undefined on input line 1693.


LaTeX Warning: Reference `KataF09' on page 23 undefined on input line 1704.


LaTeX Warning: Reference `KataF08' on page 23 undefined on input line 1704.


LaTeX Warning: Reference `KataF01' on page 24 undefined on input line 1721.


LaTeX Warning: Reference `KataF06' on page 24 undefined on input line 1721.


LaTeX Warning: Reference `KataF08' on page 24 undefined on input line 1721.


LaTeX Warning: Reference `KataF10' on page 24 undefined on input line 1722.


LaTeX Warning: Reference `KataF11' on page 24 undefined on input line 1722.


LaTeX Warning: Reference `KFF' on page 24 undefined on input line 1723.


LaTeX Warning: Reference `ap10bis' on page 24 undefined on input line 1772.


LaTeX Warning: Reference `ap10bis' on page 24 undefined on input line 1785.


LaTeX Warning: Reference `ha' on page 24 undefined on input line 1800.


LaTeX Warning: Reference `ap10bis' on page 25 undefined on input line 1806.


LaTeX Warning: Reference `ap10bis2' on page 25 undefined on input line 1806.


LaTeX Warning: Reference `eq' on page 25 undefined on input line 1813.


LaTeX Warning: Reference `id' on page 25 undefined on input line 1813.


LaTeX Warning: Reference `data+' on page 25 undefined on input line 1820.


LaTeX Warning: Reference `LE1' on page 25 undefined on input line 1857.


LaTeX Warning: Reference `cutoff' on page 26 undefined on input line 1876.


Underfull \hbox (badness 10000) in paragraph at lines 1889--1893

 []


Underfull \vbox (badness 10000) has occurred while \output is active []


(source_extraction/results/0706.1833.aux)

LaTeX Warning: There were undefined references.

 ) 
Here is how much of TeX's memory you used:
 2745 strings out of 494260
 32160 string characters out of 6168642
 112024 words of memory out of 5000000
 5925 multiletter control sequences out of 15000+600000
 14755 words of font info for 54 fonts, out of 8000000 for 9000
 658 hyphenation exceptions out of 8191
 34i,18n,32p,904b,337s stack positions out of 5000i,500n,10000p,200000b,80000s
</usr/share/texlive/texmf-dist/fonts/type1/public/amsfonts/cm/cmbx12.pfb></us
r/share/texlive/texmf-dist/fonts/type1/public/amsfonts/cm/cmex10.pfb></usr/shar
e/texlive/texmf-dist/fonts/type1/public/amsfonts/cm/cmmi12.pfb></usr/share/texl
ive/texmf-dist/fonts/type1/public/amsfonts/cm/cmmi8.pfb></usr/share/texlive/tex
mf-dist/fonts/type1/public/amsfonts/cm/cmr12.pfb></usr/share/texlive/texmf-dist
/fonts/type1/public/amsfonts/cm/cmr6.pfb></usr/share/texlive/texmf-dist/fonts/t
ype1/public/amsfonts/cm/cmr8.pfb></usr/share/texlive/texmf-dist/fonts/type1/pub
lic/amsfonts/cm/cmsy10.pfb></usr/share/texlive/texmf-dist/fonts/type1/public/am
sfonts/cm/cmsy8.pfb></usr/share/texlive/texmf-dist/fonts/type1/public/amsfonts/
cm/cmti12.pfb>
Output written on source_extraction/results/0706.1833.pdf (13 pages, 133604 byt
es).
PDF statistics:
 87 PDF objects out of 1000 (max. 8388607)
 61 compressed objects within 1 object stream
 0 named destinations out of 1000 (max. 500000)
 1 words of extra memory for PDF output out of 10000 (max. 10000000)

