This is pdfTeX, Version 3.14159265-2.6-1.40.18 (TeX Live 2017/Debian) (preloaded format=pdflatex 2018.11.16)  29 NOV 2018 14:46
entering extended mode
 restricted \write18 enabled.
 %&-line parsing enabled.
**source_extraction/results/0707.3694.tex
(./source_extraction/results/0707.3694.tex
LaTeX2e <2017-04-15>
Babel <3.18> and hyphenation patterns for 20 language(s) loaded.
(/usr/share/texlive/texmf-dist/tex/latex/amscls/amsart.cls
Document Class: amsart 2017/10/31 v2.20.4
\linespacing=\dimen102
\normalparindent=\dimen103
\normaltopskip=\skip41
(/usr/share/texlive/texmf-dist/tex/latex/amsmath/amsmath.sty
Package: amsmath 2017/09/02 v2.17a AMS math features
\@mathmargin=\skip42

For additional information on amsmath, use the `?' option.
(/usr/share/texlive/texmf-dist/tex/latex/amsmath/amstext.sty
Package: amstext 2000/06/29 v2.01 AMS text

(/usr/share/texlive/texmf-dist/tex/latex/amsmath/amsgen.sty
File: amsgen.sty 1999/11/30 v2.0 generic functions
\@emptytoks=\toks14
\ex@=\dimen104
))
(/usr/share/texlive/texmf-dist/tex/latex/amsmath/amsbsy.sty
Package: amsbsy 1999/11/29 v1.2d Bold Symbols
\pmbraise@=\dimen105
)
(/usr/share/texlive/texmf-dist/tex/latex/amsmath/amsopn.sty
Package: amsopn 2016/03/08 v2.02 operator names
)
\inf@bad=\count79
LaTeX Info: Redefining \frac on input line 213.
\uproot@=\count80
\leftroot@=\count81
LaTeX Info: Redefining \overline on input line 375.
\classnum@=\count82
\DOTSCASE@=\count83
LaTeX Info: Redefining \ldots on input line 472.
LaTeX Info: Redefining \dots on input line 475.
LaTeX Info: Redefining \cdots on input line 596.
\Mathstrutbox@=\box26
\strutbox@=\box27
\big@size=\dimen106
LaTeX Font Info:    Redeclaring font encoding OML on input line 712.
LaTeX Font Info:    Redeclaring font encoding OMS on input line 713.
\macc@depth=\count84
\c@MaxMatrixCols=\count85
\dotsspace@=\muskip10
\c@parentequation=\count86
\dspbrk@lvl=\count87
\tag@help=\toks15
\row@=\count88
\column@=\count89
\maxfields@=\count90
\andhelp@=\toks16
\eqnshift@=\dimen107
\alignsep@=\dimen108
\tagshift@=\dimen109
\tagwidth@=\dimen110
\totwidth@=\dimen111
\lineht@=\dimen112
\@envbody=\toks17
\multlinegap=\skip43
\multlinetaggap=\skip44
\mathdisplay@stack=\toks18
LaTeX Info: Redefining \[ on input line 2817.
LaTeX Info: Redefining \] on input line 2818.
)
LaTeX Font Info:    Try loading font information for U+msa on input line 398.

(/usr/share/texlive/texmf-dist/tex/latex/amsfonts/umsa.fd
File: umsa.fd 2013/01/14 v3.01 AMS symbols A
)
(/usr/share/texlive/texmf-dist/tex/latex/amsfonts/amsfonts.sty
Package: amsfonts 2013/01/14 v3.01 Basic AMSFonts support
\symAMSa=\mathgroup4
\symAMSb=\mathgroup5
LaTeX Font Info:    Overwriting math alphabet `\mathfrak' in version `bold'
(Font)                  U/euf/m/n --> U/euf/b/n on input line 106.
)
\copyins=\insert199
\abstractbox=\box28
\listisep=\skip45
\c@part=\count91
\c@section=\count92
\c@subsection=\count93
\c@subsubsection=\count94
\c@paragraph=\count95
\c@subparagraph=\count96
\c@figure=\count97
\c@table=\count98
\abovecaptionskip=\skip46
\belowcaptionskip=\skip47
\captionindent=\dimen113
\thm@style=\toks19
\thm@bodyfont=\toks20
\thm@headfont=\toks21
\thm@notefont=\toks22
\thm@headpunct=\toks23
\thm@preskip=\skip48
\thm@postskip=\skip49
\thm@headsep=\skip50
\dth@everypar=\toks24
)
(/usr/share/texlive/texmf-dist/tex/latex/base/latexsym.sty
Package: latexsym 1998/08/17 v2.2e Standard LaTeX package (lasy symbols)
\symlasy=\mathgroup6
LaTeX Font Info:    Overwriting symbol font `lasy' in version `bold'
(Font)                  U/lasy/m/n --> U/lasy/b/n on input line 52.
)
(/usr/share/texlive/texmf-dist/tex/latex/amsfonts/amssymb.sty
Package: amssymb 2013/01/14 v3.01 AMS font symbols
)
(/usr/share/texlive/texmf-dist/tex/latex/amsmath/amsxtra.sty
Package: amsxtra 1999/11/15 v1.2c AMS extra commands
LaTeX Info: Redefining \nobreakspace on input line 54.
)
(/usr/share/texlive/texmf-dist/tex/latex/setspace/setspace.sty
Package: setspace 2011/12/19 v6.7a set line spacing
) (./extract.sty
(/usr/share/texlive/texmf-dist/tex/latex/environ/environ.sty
Package: environ 2014/05/04 v0.3 A new way to define environments

(/usr/share/texlive/texmf-dist/tex/latex/trimspaces/trimspaces.sty
Package: trimspaces 2009/09/17 v1.1 Trim spaces around a token list
))
(/usr/share/texlive/texmf-dist/tex/latex/etextools/etextools.sty
Package: etextools 2010/12/07 v3.1415926 e-TeX more useful tools for LaTeX pack
age writers

(/usr/share/texlive/texmf-dist/tex/latex/etex-pkg/etex.sty
Package: etex 2016/08/01 v2.7 eTeX basic definition package (PEB,DPC)
\et@xins=\count99
)
(/usr/share/texlive/texmf-dist/tex/latex/etoolbox/etoolbox.sty
Package: etoolbox 2018/02/11 v2.5e e-TeX tools for LaTeX (JAW)
\etb@tempcnta=\count100
)
(/usr/share/texlive/texmf-dist/tex/latex/oberdiek/letltxmacro.sty
Package: letltxmacro 2016/05/16 v1.5 Let assignment for LaTeX macros (HO)
)
\ettl@fter=\count101
\ettl@for@nested=\count277
)
(/usr/share/texmf/tex/latex/preview/preview.sty
Package: preview 2017/04/24 11.91 (AUCTeX/preview-latex)

(/usr/share/texmf/tex/latex/preview/prtightpage.def
\PreviewBorder=\dimen114
)
\pr@snippet=\count102
\pr@box=\box29
\pr@output=\toks25
)
\c@propcounter=\count103
\mybox=\box30
)
\c@thm=\count104


LaTeX Warning: Unused global option(s):
    [a4apper].

(source_extraction/results/0707.3694.aux)
\openout1 = `0707.3694.aux'.

LaTeX Font Info:    Checking defaults for OML/cmm/m/it on input line 65.
LaTeX Font Info:    ... okay on input line 65.
LaTeX Font Info:    Checking defaults for T1/cmr/m/n on input line 65.
LaTeX Font Info:    ... okay on input line 65.
LaTeX Font Info:    Checking defaults for OT1/cmr/m/n on input line 65.
LaTeX Font Info:    ... okay on input line 65.
LaTeX Font Info:    Checking defaults for OMS/cmsy/m/n on input line 65.
LaTeX Font Info:    ... okay on input line 65.
LaTeX Font Info:    Checking defaults for OMX/cmex/m/n on input line 65.
LaTeX Font Info:    ... okay on input line 65.
LaTeX Font Info:    Checking defaults for U/cmr/m/n on input line 65.
LaTeX Font Info:    ... okay on input line 65.
LaTeX Font Info:    Try loading font information for U+msa on input line 65.

(/usr/share/texlive/texmf-dist/tex/latex/amsfonts/umsa.fd
File: umsa.fd 2013/01/14 v3.01 AMS symbols A
)
LaTeX Font Info:    Try loading font information for U+msb on input line 65.

(/usr/share/texlive/texmf-dist/tex/latex/amsfonts/umsb.fd
File: umsb.fd 2013/01/14 v3.01 AMS symbols B
)
LaTeX Font Info:    Try loading font information for U+lasy on input line 65.

(/usr/share/texlive/texmf-dist/tex/latex/base/ulasy.fd
File: ulasy.fd 1998/08/17 v2.2e LaTeX symbol font definitions
)
Preview: Fontsize 10pt
Preview: PDFoutput 1

Class amsart Warning: Abstract should precede \maketitle in AMS document classe
s; reported on input line 71.

LaTeX Font Info:    Try loading font information for U+euf on input line 72.
(/usr/share/texlive/texmf-dist/tex/latex/amsfonts/ueuf.fd
File: ueuf.fd 2013/01/14 v3.01 Euler Fraktur
)

Package amsfonts Warning: Obsolete command \frak; \mathfrak should be used inst
ead on input line 72.

Preview: Tightpage -32891 -32891 32891 32891
[1{/var/lib/texmf/fonts/map/pdftex/updmap/pdftex.map}]
Overfull \hbox (12.0pt too wide) in paragraph at lines 81--81
[][] 
 []


Underfull \hbox (badness 10000) in paragraph at lines 83--84

 []

[2]
Overfull \hbox (178.62997pt too wide) in paragraph at lines 85--88
\OT1/cmr/m/n/10 1.1  above im-plies the fol-low-ing corol-lary. [] 
 []


Underfull \vbox (badness 10000) has occurred while \output is active []

 [3]
Overfull \hbox (206.47264pt too wide) in paragraph at lines 89--92
\OT1/cmr/m/n/10 re-sult of Namikawa [[], Corol-lary 2.10], im-plies [] 
 []


LaTeX Warning: Reference `eq:rel' on page 2 undefined on input line 122.


Underfull \hbox (badness 10000) in paragraph at lines 122--123

 []


Underfull \hbox (badness 10000) in paragraph at lines 127--129

 []


Underfull \hbox (badness 10000) in paragraph at lines 133--135

 []

[4]
Overfull \hbox (12.0pt too wide) in paragraph at lines 147--147
[][] 
 []

[5]
Overfull \hbox (12.0pt too wide) in paragraph at lines 194--194
[][] 
 []

[6]
Overfull \hbox (12.0pt too wide) in paragraph at lines 205--205
[][] 
 []

[7]
Overfull \hbox (106.87599pt too wide) in paragraph at lines 226--226
 \OT1/cmr/m/n/10 3.1.\OT1/cmr/bx/n/10 The main re-sult.[] [] 
 []

[8]
Overfull \hbox (12.0pt too wide) in paragraph at lines 232--232
[][] 
 []


LaTeX Warning: Reference `sec:main' on page 5 undefined on input line 234.

[9]
Overfull \hbox (12.0pt too wide) in paragraph at lines 245--245
[][] 
 []


Underfull \hbox (badness 10000) in paragraph at lines 265--266

 []


Underfull \hbox (badness 10000) in paragraph at lines 268--269

 []


LaTeX Warning: Reference `subsection:defns' on page 6 undefined on input line 2
74.


Underfull \hbox (badness 10000) in paragraph at lines 273--275

 []


Underfull \hbox (badness 10000) in paragraph at lines 292--293

 []


Underfull \vbox (badness 1635) has occurred while \output is active []


Overfull \hbox (2.8163pt too wide) in paragraph at lines 301--304
\OT1/cmr/m/n/10 where $\OML/cmm/m/it/10 d[]; [] ; d[]$ \OT1/cmr/m/n/10 are the 
de-grees of a set of fun-da-men-tal ho-mo-ge-neous in-vari-ant poly-no-mi-als o
f $\OML/cmm/m/it/10 W$ \OT1/cmr/m/n/10 ($\OML/cmm/m/it/10 d[]; [] ; d[]$
 []


Overfull \hbox (17.69711pt too wide) in paragraph at lines 301--304
\OT1/cmr/m/n/10 are in-de-pen-dent, up to re-order-ing, of the poly-no-mi-als c
hoosen). By [[], page 291], $\OML/cmm/m/it/10 d[]; [] ; d[] \OT1/cmr/m/n/10 = \
OML/cmm/m/it/10 m; \OT1/cmr/m/n/10 2\OML/cmm/m/it/10 m; [] ; \OT1/cmr/m/n/10 (\
OML/cmm/m/it/10 n \OMS/cmsy/m/n/10 ^^@
 []


Underfull \hbox (badness 10000) in paragraph at lines 301--304

 []


LaTeX Warning: Reference `eq:fake' on page 7 undefined on input line 325.


LaTeX Warning: Reference `eq:red2' on page 7 undefined on input line 341.


LaTeX Warning: Reference `eq:redbig' on page 7 undefined on input line 353.

[10]
Overfull \hbox (12.0pt too wide) in paragraph at lines 353--353
[][] 
 []


Underfull \vbox (badness 10000) has occurred while \output is active []



LaTeX Warning: Reference `eq:redbig' on page 8 undefined on input line 403.


LaTeX Warning: Reference `eq:final' on page 8 undefined on input line 403.


LaTeX Warning: Reference `eq:final' on page 8 undefined on input line 403.


Underfull \hbox (badness 10000) in paragraph at lines 403--403

 []


LaTeX Warning: Reference `eq:redbig' on page 8 undefined on input line 403.


Underfull \hbox (badness 10000) in paragraph at lines 403--403

 []


LaTeX Warning: Reference `eq:redbig' on page 8 undefined on input line 403.


LaTeX Warning: Reference `tab:tab1' on page 8 undefined on input line 407.


Underfull \vbox (badness 10000) has occurred while \output is active []



LaTeX Warning: Reference `tab:tab1' on page 9 undefined on input line 424.


Underfull \hbox (badness 10000) in paragraph at lines 459--462

 []

[11]
Overfull \hbox (12.0pt too wide) in paragraph at lines 486--486
[][] 
 []


Underfull \hbox (badness 10000) in paragraph at lines 585--585

 []


Underfull \hbox (badness 10000) in paragraph at lines 585--585

 []


LaTeX Warning: Reference `eq:comm' on page 10 undefined on input line 585.


LaTeX Warning: Reference `eq:trace' on page 10 undefined on input line 585.


Underfull \hbox (badness 10000) in paragraph at lines 585--585

 []


LaTeX Warning: Reference `eq:comm' on page 10 undefined on input line 585.


Underfull \vbox (badness 3098) has occurred while \output is active []



LaTeX Warning: Reference `eq:comm' on page 11 undefined on input line 585.


Underfull \hbox (badness 10000) in paragraph at lines 585--585

 []


Underfull \hbox (badness 10000) in paragraph at lines 585--585

 []


Underfull \hbox (badness 10000) in paragraph at lines 585--585

 []


LaTeX Warning: Reference `eq:comm' on page 11 undefined on input line 585.


LaTeX Warning: Reference `eq:comm' on page 12 undefined on input line 585.


Underfull \hbox (badness 10000) in paragraph at lines 585--585

 []


Underfull \hbox (badness 10000) in paragraph at lines 585--585

 []

[12]
Overfull \hbox (12.0pt too wide) in paragraph at lines 607--607
[][] 
 []

[13]
Overfull \hbox (12.0pt too wide) in paragraph at lines 615--615
[][] 
 []

Missing character: There is no ï in font cmbx8!
Missing character: There is no ¿ in font cmbx8!
Missing character: There is no ½ in font cmbx8!
Missing character: There is no ï in font cmr8!
Missing character: There is no ¿ in font cmr8!
Missing character: There is no ½ in font cmr8!
Missing character: There is no ï in font cmr8!
Missing character: There is no ¿ in font cmr8!
Missing character: There is no ½ in font cmr8!
(source_extraction/results/0707.3694.aux)

LaTeX Warning: There were undefined references.

 ) 
Here is how much of TeX's memory you used:
 2765 strings out of 494260
 33107 string characters out of 6168642
 128653 words of memory out of 5000000
 5924 multiletter control sequences out of 15000+600000
 14833 words of font info for 58 fonts, out of 8000000 for 9000
 658 hyphenation exceptions out of 8191
 34i,11n,32p,1543b,305s stack positions out of 5000i,500n,10000p,200000b,80000s
</usr/share/texlive/texmf-dist/fonts/type1/public/amsfonts/cm/cmbx10.pfb></us
r/share/texlive/texmf-dist/fonts/type1/public/amsfonts/cm/cmbx7.pfb></usr/share
/texlive/texmf-dist/fonts/type1/public/amsfonts/cm/cmmi10.pfb></usr/share/texli
ve/texmf-dist/fonts/type1/public/amsfonts/cm/cmmi5.pfb></usr/share/texlive/texm
f-dist/fonts/type1/public/amsfonts/cm/cmmi7.pfb></usr/share/texlive/texmf-dist/
fonts/type1/public/amsfonts/cm/cmr10.pfb></usr/share/texlive/texmf-dist/fonts/t
ype1/public/amsfonts/cm/cmr7.pfb></usr/share/texlive/texmf-dist/fonts/type1/pub
lic/amsfonts/cm/cmss10.pfb></usr/share/texlive/texmf-dist/fonts/type1/public/am
sfonts/cm/cmsy10.pfb></usr/share/texlive/texmf-dist/fonts/type1/public/amsfonts
/cm/cmsy5.pfb></usr/share/texlive/texmf-dist/fonts/type1/public/amsfonts/cm/cms
y7.pfb></usr/share/texlive/texmf-dist/fonts/type1/public/amsfonts/cm/cmti10.pfb
></usr/share/texlive/texmf-dist/fonts/type1/public/amsfonts/euler/eufm10.pfb></
usr/share/texlive/texmf-dist/fonts/type1/public/amsfonts/euler/eufm7.pfb></usr/
share/texlive/texmf-dist/fonts/type1/public/amsfonts/symbols/msam10.pfb></usr/s
hare/texlive/texmf-dist/fonts/type1/public/amsfonts/symbols/msbm10.pfb></usr/sh
are/texlive/texmf-dist/fonts/type1/public/amsfonts/symbols/msbm7.pfb>
Output written on source_extraction/results/0707.3694.pdf (13 pages, 150674 byt
es).
PDF statistics:
 115 PDF objects out of 1000 (max. 8388607)
 82 compressed objects within 1 object stream
 0 named destinations out of 1000 (max. 500000)
 1 words of extra memory for PDF output out of 10000 (max. 10000000)

