This is pdfTeX, Version 3.14159265-2.6-1.40.18 (TeX Live 2017/Debian) (preloaded format=pdflatex 2018.11.16)  29 NOV 2018 14:46
entering extended mode
 restricted \write18 enabled.
 %&-line parsing enabled.
**source_extraction/results/0709.1127.tex
(./source_extraction/results/0709.1127.tex
LaTeX2e <2017-04-15>
Babel <3.18> and hyphenation patterns for 20 language(s) loaded.
(/usr/share/texlive/texmf-dist/tex/latex/amscls/amsart.cls
Document Class: amsart 2017/10/31 v2.20.4
\linespacing=\dimen102
\normalparindent=\dimen103
\normaltopskip=\skip41
(/usr/share/texlive/texmf-dist/tex/latex/amsmath/amsmath.sty
Package: amsmath 2017/09/02 v2.17a AMS math features
\@mathmargin=\skip42

For additional information on amsmath, use the `?' option.
(/usr/share/texlive/texmf-dist/tex/latex/amsmath/amstext.sty
Package: amstext 2000/06/29 v2.01 AMS text

(/usr/share/texlive/texmf-dist/tex/latex/amsmath/amsgen.sty
File: amsgen.sty 1999/11/30 v2.0 generic functions
\@emptytoks=\toks14
\ex@=\dimen104
))
(/usr/share/texlive/texmf-dist/tex/latex/amsmath/amsbsy.sty
Package: amsbsy 1999/11/29 v1.2d Bold Symbols
\pmbraise@=\dimen105
)
(/usr/share/texlive/texmf-dist/tex/latex/amsmath/amsopn.sty
Package: amsopn 2016/03/08 v2.02 operator names
)
\inf@bad=\count79
LaTeX Info: Redefining \frac on input line 213.
\uproot@=\count80
\leftroot@=\count81
LaTeX Info: Redefining \overline on input line 375.
\classnum@=\count82
\DOTSCASE@=\count83
LaTeX Info: Redefining \ldots on input line 472.
LaTeX Info: Redefining \dots on input line 475.
LaTeX Info: Redefining \cdots on input line 596.
\Mathstrutbox@=\box26
\strutbox@=\box27
\big@size=\dimen106
LaTeX Font Info:    Redeclaring font encoding OML on input line 712.
LaTeX Font Info:    Redeclaring font encoding OMS on input line 713.
\macc@depth=\count84
\c@MaxMatrixCols=\count85
\dotsspace@=\muskip10
\c@parentequation=\count86
\dspbrk@lvl=\count87
\tag@help=\toks15
\row@=\count88
\column@=\count89
\maxfields@=\count90
\andhelp@=\toks16
\eqnshift@=\dimen107
\alignsep@=\dimen108
\tagshift@=\dimen109
\tagwidth@=\dimen110
\totwidth@=\dimen111
\lineht@=\dimen112
\@envbody=\toks17
\multlinegap=\skip43
\multlinetaggap=\skip44
\mathdisplay@stack=\toks18
LaTeX Info: Redefining \[ on input line 2817.
LaTeX Info: Redefining \] on input line 2818.
)
LaTeX Font Info:    Try loading font information for U+msa on input line 398.

(/usr/share/texlive/texmf-dist/tex/latex/amsfonts/umsa.fd
File: umsa.fd 2013/01/14 v3.01 AMS symbols A
)
(/usr/share/texlive/texmf-dist/tex/latex/amsfonts/amsfonts.sty
Package: amsfonts 2013/01/14 v3.01 Basic AMSFonts support
\symAMSa=\mathgroup4
\symAMSb=\mathgroup5
LaTeX Font Info:    Overwriting math alphabet `\mathfrak' in version `bold'
(Font)                  U/euf/m/n --> U/euf/b/n on input line 106.
)
\copyins=\insert199
\abstractbox=\box28
\listisep=\skip45
\c@part=\count91
\c@section=\count92
\c@subsection=\count93
\c@subsubsection=\count94
\c@paragraph=\count95
\c@subparagraph=\count96
\c@figure=\count97
\c@table=\count98
\abovecaptionskip=\skip46
\belowcaptionskip=\skip47
\captionindent=\dimen113
\thm@style=\toks19
\thm@bodyfont=\toks20
\thm@headfont=\toks21
\thm@notefont=\toks22
\thm@headpunct=\toks23
\thm@preskip=\skip48
\thm@postskip=\skip49
\thm@headsep=\skip50
\dth@everypar=\toks24
)
(/usr/share/texlive/texmf-dist/tex/latex/amsfonts/amssymb.sty
Package: amssymb 2013/01/14 v3.01 AMS font symbols
)
(/usr/share/texlive/texmf-dist/tex/latex/base/latexsym.sty
Package: latexsym 1998/08/17 v2.2e Standard LaTeX package (lasy symbols)
\symlasy=\mathgroup6
LaTeX Font Info:    Overwriting symbol font `lasy' in version `bold'
(Font)                  U/lasy/m/n --> U/lasy/b/n on input line 52.
)
(/usr/share/texlive/texmf-dist/tex/latex/tools/verbatim.sty
Package: verbatim 2014/10/28 v1.5q LaTeX2e package for verbatim enhancements
\every@verbatim=\toks25
\verbatim@line=\toks26
\verbatim@in@stream=\read1
) (./extract.sty
(/usr/share/texlive/texmf-dist/tex/latex/environ/environ.sty
Package: environ 2014/05/04 v0.3 A new way to define environments

(/usr/share/texlive/texmf-dist/tex/latex/trimspaces/trimspaces.sty
Package: trimspaces 2009/09/17 v1.1 Trim spaces around a token list
))
(/usr/share/texlive/texmf-dist/tex/latex/etextools/etextools.sty
Package: etextools 2010/12/07 v3.1415926 e-TeX more useful tools for LaTeX pack
age writers

(/usr/share/texlive/texmf-dist/tex/latex/etex-pkg/etex.sty
Package: etex 2016/08/01 v2.7 eTeX basic definition package (PEB,DPC)
\et@xins=\count99
)
(/usr/share/texlive/texmf-dist/tex/latex/etoolbox/etoolbox.sty
Package: etoolbox 2018/02/11 v2.5e e-TeX tools for LaTeX (JAW)
\etb@tempcnta=\count100
)
(/usr/share/texlive/texmf-dist/tex/latex/oberdiek/letltxmacro.sty
Package: letltxmacro 2016/05/16 v1.5 Let assignment for LaTeX macros (HO)
)
\ettl@fter=\count101
\ettl@for@nested=\count277
)
(/usr/share/texmf/tex/latex/preview/preview.sty
Package: preview 2017/04/24 11.91 (AUCTeX/preview-latex)

(/usr/share/texmf/tex/latex/preview/prtightpage.def
\PreviewBorder=\dimen114
)
\pr@snippet=\count102
\pr@box=\box29
\pr@output=\toks27
)
\c@propcounter=\count103
\mybox=\box30
)
\c@theorem=\count104

(source_extraction/results/0709.1127.aux)
\openout1 = `0709.1127.aux'.

LaTeX Font Info:    Checking defaults for OML/cmm/m/it on input line 23.
LaTeX Font Info:    ... okay on input line 23.
LaTeX Font Info:    Checking defaults for T1/cmr/m/n on input line 23.
LaTeX Font Info:    ... okay on input line 23.
LaTeX Font Info:    Checking defaults for OT1/cmr/m/n on input line 23.
LaTeX Font Info:    ... okay on input line 23.
LaTeX Font Info:    Checking defaults for OMS/cmsy/m/n on input line 23.
LaTeX Font Info:    ... okay on input line 23.
LaTeX Font Info:    Checking defaults for OMX/cmex/m/n on input line 23.
LaTeX Font Info:    ... okay on input line 23.
LaTeX Font Info:    Checking defaults for U/cmr/m/n on input line 23.
LaTeX Font Info:    ... okay on input line 23.
LaTeX Font Info:    Try loading font information for U+msa on input line 23.

(/usr/share/texlive/texmf-dist/tex/latex/amsfonts/umsa.fd
File: umsa.fd 2013/01/14 v3.01 AMS symbols A
)
LaTeX Font Info:    Try loading font information for U+msb on input line 23.

(/usr/share/texlive/texmf-dist/tex/latex/amsfonts/umsb.fd
File: umsb.fd 2013/01/14 v3.01 AMS symbols B
)
LaTeX Font Info:    Try loading font information for U+lasy on input line 23.

(/usr/share/texlive/texmf-dist/tex/latex/base/ulasy.fd
File: ulasy.fd 1998/08/17 v2.2e LaTeX symbol font definitions
)
Preview: Fontsize 10pt
Preview: PDFoutput 1
LaTeX Font Info:    Try loading font information for U+euf on input line 53.
(/usr/share/texlive/texmf-dist/tex/latex/amsfonts/ueuf.fd
File: ueuf.fd 2013/01/14 v3.01 Euler Fraktur
)
Preview: Tightpage -32891 -32891 32891 32891
[1{/var/lib/texmf/fonts/map/pdftex/updmap/pdftex.map}]
Overfull \hbox (12.0pt too wide) in paragraph at lines 53--53
[][] 
 []


Underfull \vbox (badness 10000) has occurred while \output is active []

 [2]
Overfull \hbox (12.0pt too wide) in paragraph at lines 69--69
[][] 
 []

[3]
Overfull \hbox (12.0pt too wide) in paragraph at lines 75--75
[][] 
 []

[4]
Overfull \hbox (12.0pt too wide) in paragraph at lines 77--77
[][] 
 []

[5]
Overfull \hbox (12.0pt too wide) in paragraph at lines 102--102
[][] 
 []

[6]
Overfull \hbox (12.0pt too wide) in paragraph at lines 130--130
[][] 
 []

[7]
Overfull \hbox (12.0pt too wide) in paragraph at lines 131--131
[][] 
 []


LaTeX Warning: Reference `Ninc' on page 8 undefined on input line 147.


Overfull \hbox (20.59195pt too wide) in paragraph at lines 147--147
\OT1/cmr/m/n/10 which con-sists of nonnegative-integer lin-ear com-bi-na-tions 
of el-e-ments of $\OML/cmm/m/it/10 N\OT1/cmr/m/n/10 (\OMS/cmsy/m/n/10 f\OML/cmm
/m/it/10 u[]; [] ; u[]\OMS/cmsy/m/n/10 g\OT1/cmr/m/n/10 )$,
 []


Overfull \hbox (6.91037pt too wide) detected at line 147
[]\OT1/cmr/m/n/10 (\OML/cmm/m/it/10 v \OMS/cmsy/m/n/10 ^^@ \OML/cmm/m/it/10 u\O
T1/cmr/m/n/10 ) \OMS/cmsy/m/n/10 ^^U []f[]\OT1/cmr/m/n/10 (\OML/cmm/m/it/10 v \
OMS/cmsy/m/n/10 ^^@ [] \OML/cmm/m/it/10 w[]\OT1/cmr/m/n/10 )\OML/cmm/m/it/10 ; 
[]\OT1/cmr/m/n/10 ([] \OML/cmm/m/it/10 w[]\OT1/cmr/m/n/10 )\OMS/cmsy/m/n/10 g \
OT1/cmr/m/n/10 = []\OMS/cmsy/m/n/10 f[]\OT1/cmr/m/n/10 (\OML/cmm/m/it/10 v[]\OT
1/cmr/m/n/10 )\OML/cmm/m/it/10 ; []\OT1/cmr/m/n/10 (\OML/cmm/m/it/10 w[]\OT1/cm
r/m/n/10 )\OMS/cmsy/m/n/10 g \OT1/cmr/m/n/10 = [](\OML/cmm/m/it/10 v[]\OT1/cmr/
m/n/10 );
 []

[8]
Overfull \hbox (12.0pt too wide) in paragraph at lines 154--154
[][] 
 []

[9]
Overfull \hbox (12.0pt too wide) in paragraph at lines 160--160
[][] 
 []


LaTeX Warning: Reference `reducew' on page 10 undefined on input line 164.

[10]
Overfull \hbox (12.0pt too wide) in paragraph at lines 168--168
[][] 
 []


Overfull \hbox (3.38277pt too wide) in paragraph at lines 186--186
[]\OT1/cmr/m/n/10 Hence ap-ply-ing the $[] = []$ case of the the-o-rem to the m
a-trix $\OML/cmm/m/it/10 MA \OMS/cmsy/m/n/10 2 \OML/cmm/m/it/10 M[]\OT1/cmr/m/n
/10 (^^C[](\OML/cmm/m/it/10 G[]\OT1/cmr/m/n/10 ))$
 []


Overfull \hbox (5.8913pt too wide) in paragraph at lines 186--186
\OT1/cmr/m/n/10 and the vec-tor $(\OML/cmm/m/it/10 T[]w[]; [] ; T[]w[]\OT1/cmr/
m/n/10 ) \OMS/cmsy/m/n/10 2 \OT1/cmr/m/n/10 ^^C[](\OML/cmm/m/it/10 G[]\OT1/cmr/
m/n/10 )[]$ shows that there is $\OML/cmm/m/it/10 x[] \OMS/cmsy/m/n/10 2 \OT1/c
mr/m/n/10 (^^C[](\OML/cmm/m/it/10 G[]\OT1/cmr/m/n/10 ))[]$
 []

[11]
Overfull \hbox (12.0pt too wide) in paragraph at lines 199--199
[][] 
 []


Underfull \vbox (badness 3471) has occurred while \output is active []


Overfull \hbox (24.39337pt too wide) detected at line 207
[]
 []


Underfull \vbox (badness 1442) has occurred while \output is active []



LaTeX Warning: Reference `ellform' on page 13 undefined on input line 212.


LaTeX Warning: Reference `cstar' on page 13 undefined on input line 216.


LaTeX Warning: Reference `ellh' on page 13 undefined on input line 216.

(source_extraction/results/0709.1127.aux)

LaTeX Warning: There were undefined references.

 ) 
Here is how much of TeX's memory you used:
 2707 strings out of 494260
 32537 string characters out of 6168642
 121867 words of memory out of 5000000
 5874 multiletter control sequences out of 15000+600000
 12884 words of font info for 51 fonts, out of 8000000 for 9000
 658 hyphenation exceptions out of 8191
 34i,10n,32p,1801b,283s stack positions out of 5000i,500n,10000p,200000b,80000s
</usr/share/texlive/texmf-dist/fonts/type1/public/amsfonts/cm/cmbx10.pfb></us
r/share/texlive/texmf-dist/fonts/type1/public/amsfonts/cm/cmex10.pfb></usr/shar
e/texlive/texmf-dist/fonts/type1/public/amsfonts/cm/cmmi10.pfb></usr/share/texl
ive/texmf-dist/fonts/type1/public/amsfonts/cm/cmmi5.pfb></usr/share/texlive/tex
mf-dist/fonts/type1/public/amsfonts/cm/cmmi7.pfb></usr/share/texlive/texmf-dist
/fonts/type1/public/amsfonts/cm/cmr10.pfb></usr/share/texlive/texmf-dist/fonts/
type1/public/amsfonts/cm/cmr5.pfb></usr/share/texlive/texmf-dist/fonts/type1/pu
blic/amsfonts/cm/cmr7.pfb></usr/share/texlive/texmf-dist/fonts/type1/public/ams
fonts/cm/cmsy10.pfb></usr/share/texlive/texmf-dist/fonts/type1/public/amsfonts/
cm/cmsy5.pfb></usr/share/texlive/texmf-dist/fonts/type1/public/amsfonts/cm/cmsy
7.pfb></usr/share/texlive/texmf-dist/fonts/type1/public/amsfonts/cm/cmti10.pfb>
</usr/share/texlive/texmf-dist/fonts/type1/public/amsfonts/euler/eufm10.pfb></u
sr/share/texlive/texmf-dist/fonts/type1/public/amsfonts/symbols/msam10.pfb></us
r/share/texlive/texmf-dist/fonts/type1/public/amsfonts/symbols/msbm10.pfb>
Output written on source_extraction/results/0709.1127.pdf (11 pages, 164371 byt
es).
PDF statistics:
 100 PDF objects out of 1000 (max. 8388607)
 71 compressed objects within 1 object stream
 0 named destinations out of 1000 (max. 500000)
 1 words of extra memory for PDF output out of 10000 (max. 10000000)

