This is pdfTeX, Version 3.14159265-2.6-1.40.18 (TeX Live 2017/Debian) (preloaded format=pdflatex 2018.11.16)  29 NOV 2018 14:46
entering extended mode
 restricted \write18 enabled.
 %&-line parsing enabled.
**source_extraction/results/0710.1989.tex
(./source_extraction/results/0710.1989.tex
LaTeX2e <2017-04-15>
Babel <3.18> and hyphenation patterns for 20 language(s) loaded.
(/usr/share/texlive/texmf-dist/tex/latex/amscls/amsart.cls
Document Class: amsart 2017/10/31 v2.20.4
\linespacing=\dimen102
\normalparindent=\dimen103
\normaltopskip=\skip41
(/usr/share/texlive/texmf-dist/tex/latex/amsmath/amsmath.sty
Package: amsmath 2017/09/02 v2.17a AMS math features
\@mathmargin=\skip42

For additional information on amsmath, use the `?' option.
(/usr/share/texlive/texmf-dist/tex/latex/amsmath/amstext.sty
Package: amstext 2000/06/29 v2.01 AMS text

(/usr/share/texlive/texmf-dist/tex/latex/amsmath/amsgen.sty
File: amsgen.sty 1999/11/30 v2.0 generic functions
\@emptytoks=\toks14
\ex@=\dimen104
))
(/usr/share/texlive/texmf-dist/tex/latex/amsmath/amsbsy.sty
Package: amsbsy 1999/11/29 v1.2d Bold Symbols
\pmbraise@=\dimen105
)
(/usr/share/texlive/texmf-dist/tex/latex/amsmath/amsopn.sty
Package: amsopn 2016/03/08 v2.02 operator names
)
\inf@bad=\count79
LaTeX Info: Redefining \frac on input line 213.
\uproot@=\count80
\leftroot@=\count81
LaTeX Info: Redefining \overline on input line 375.
\classnum@=\count82
\DOTSCASE@=\count83
LaTeX Info: Redefining \ldots on input line 472.
LaTeX Info: Redefining \dots on input line 475.
LaTeX Info: Redefining \cdots on input line 596.
\Mathstrutbox@=\box26
\strutbox@=\box27
\big@size=\dimen106
LaTeX Font Info:    Redeclaring font encoding OML on input line 712.
LaTeX Font Info:    Redeclaring font encoding OMS on input line 713.
\macc@depth=\count84
\c@MaxMatrixCols=\count85
\dotsspace@=\muskip10
\c@parentequation=\count86
\dspbrk@lvl=\count87
\tag@help=\toks15
\row@=\count88
\column@=\count89
\maxfields@=\count90
\andhelp@=\toks16
\eqnshift@=\dimen107
\alignsep@=\dimen108
\tagshift@=\dimen109
\tagwidth@=\dimen110
\totwidth@=\dimen111
\lineht@=\dimen112
\@envbody=\toks17
\multlinegap=\skip43
\multlinetaggap=\skip44
\mathdisplay@stack=\toks18
LaTeX Info: Redefining \[ on input line 2817.
LaTeX Info: Redefining \] on input line 2818.
)
LaTeX Font Info:    Try loading font information for U+msa on input line 398.

(/usr/share/texlive/texmf-dist/tex/latex/amsfonts/umsa.fd
File: umsa.fd 2013/01/14 v3.01 AMS symbols A
)
(/usr/share/texlive/texmf-dist/tex/latex/amsfonts/amsfonts.sty
Package: amsfonts 2013/01/14 v3.01 Basic AMSFonts support
\symAMSa=\mathgroup4
\symAMSb=\mathgroup5
LaTeX Font Info:    Overwriting math alphabet `\mathfrak' in version `bold'
(Font)                  U/euf/m/n --> U/euf/b/n on input line 106.
)
\copyins=\insert199
\abstractbox=\box28
\listisep=\skip45
\c@part=\count91
\c@section=\count92
\c@subsection=\count93
\c@subsubsection=\count94
\c@paragraph=\count95
\c@subparagraph=\count96
\c@figure=\count97
\c@table=\count98
\abovecaptionskip=\skip46
\belowcaptionskip=\skip47
\captionindent=\dimen113
\thm@style=\toks19
\thm@bodyfont=\toks20
\thm@headfont=\toks21
\thm@notefont=\toks22
\thm@headpunct=\toks23
\thm@preskip=\skip48
\thm@postskip=\skip49
\thm@headsep=\skip50
\dth@everypar=\toks24
)
(/usr/share/texlive/texmf-dist/tex/latex/tools/enumerate.sty
Package: enumerate 2015/07/23 v3.00 enumerate extensions (DPC)
\@enLab=\toks25
) (./extract.sty
(/usr/share/texlive/texmf-dist/tex/latex/environ/environ.sty
Package: environ 2014/05/04 v0.3 A new way to define environments

(/usr/share/texlive/texmf-dist/tex/latex/trimspaces/trimspaces.sty
Package: trimspaces 2009/09/17 v1.1 Trim spaces around a token list
))
(/usr/share/texlive/texmf-dist/tex/latex/etextools/etextools.sty
Package: etextools 2010/12/07 v3.1415926 e-TeX more useful tools for LaTeX pack
age writers

(/usr/share/texlive/texmf-dist/tex/latex/etex-pkg/etex.sty
Package: etex 2016/08/01 v2.7 eTeX basic definition package (PEB,DPC)
\et@xins=\count99
)
(/usr/share/texlive/texmf-dist/tex/latex/etoolbox/etoolbox.sty
Package: etoolbox 2018/02/11 v2.5e e-TeX tools for LaTeX (JAW)
\etb@tempcnta=\count100
)
(/usr/share/texlive/texmf-dist/tex/latex/oberdiek/letltxmacro.sty
Package: letltxmacro 2016/05/16 v1.5 Let assignment for LaTeX macros (HO)
)
\ettl@fter=\count101
\ettl@for@nested=\count277
)
(/usr/share/texmf/tex/latex/preview/preview.sty
Package: preview 2017/04/24 11.91 (AUCTeX/preview-latex)

(/usr/share/texmf/tex/latex/preview/prtightpage.def
\PreviewBorder=\dimen114
)
\pr@snippet=\count102
\pr@box=\box29
\pr@output=\toks26
)
\c@propcounter=\count103
\mybox=\box30
)
\c@theorem=\count104
\c@lemma=\count105
\c@proposition=\count106
\c@corollary=\count107
\c@definition=\count108
\c@example=\count109
\c@remark=\count110

(source_extraction/results/0710.1989.aux)
\openout1 = `0710.1989.aux'.

LaTeX Font Info:    Checking defaults for OML/cmm/m/it on input line 286.
LaTeX Font Info:    ... okay on input line 286.
LaTeX Font Info:    Checking defaults for T1/cmr/m/n on input line 286.
LaTeX Font Info:    ... okay on input line 286.
LaTeX Font Info:    Checking defaults for OT1/cmr/m/n on input line 286.
LaTeX Font Info:    ... okay on input line 286.
LaTeX Font Info:    Checking defaults for OMS/cmsy/m/n on input line 286.
LaTeX Font Info:    ... okay on input line 286.
LaTeX Font Info:    Checking defaults for OMX/cmex/m/n on input line 286.
LaTeX Font Info:    ... okay on input line 286.
LaTeX Font Info:    Checking defaults for U/cmr/m/n on input line 286.
LaTeX Font Info:    ... okay on input line 286.
LaTeX Font Info:    Try loading font information for U+msa on input line 286.

(/usr/share/texlive/texmf-dist/tex/latex/amsfonts/umsa.fd
File: umsa.fd 2013/01/14 v3.01 AMS symbols A
)
LaTeX Font Info:    Try loading font information for U+msb on input line 286.

(/usr/share/texlive/texmf-dist/tex/latex/amsfonts/umsb.fd
File: umsb.fd 2013/01/14 v3.01 AMS symbols B
)
Preview: Fontsize 12pt
Preview: PDFoutput 1

Underfull \vbox (badness 10000) has occurred while \output is active []



LaTeX Warning: Reference `eq:ll1' on page 5 undefined on input line 677.

Preview: Tightpage -32891 -32891 32891 32891
[1{/var/lib/texmf/fonts/map/pdftex/updmap/pdftex.map}]
Overfull \hbox (12.0pt too wide) in paragraph at lines 731--731
[][] 
 []

[2]
Overfull \hbox (12.0pt too wide) in paragraph at lines 761--761
[][] 
 []

[3]
Overfull \hbox (12.0pt too wide) in paragraph at lines 798--798
[][] 
 []

[4]
Overfull \hbox (12.0pt too wide) in paragraph at lines 833--833
[][] 
 []


Underfull \vbox (badness 1622) has occurred while \output is active []

 [5]
Overfull \hbox (12.0pt too wide) in paragraph at lines 944--944
[][] 
 []

[6]
Overfull \hbox (12.0pt too wide) in paragraph at lines 974--974
[][] 
 []

[7]
Overfull \hbox (12.0pt too wide) in paragraph at lines 992--992
[][] 
 []

[8]
Overfull \hbox (12.0pt too wide) in paragraph at lines 1098--1098
[][] 
 []


LaTeX Warning: Reference `eq:cc21' on page 9 undefined on input line 1131.

[9]
Overfull \hbox (12.0pt too wide) in paragraph at lines 1131--1131
[][] 
 []

[10]
Overfull \hbox (12.0pt too wide) in paragraph at lines 1146--1146
[][] 
 []


Underfull \vbox (badness 5726) has occurred while \output is active []



LaTeX Warning: Reference `eq:fi7' on page 10 undefined on input line 1173.


Overfull \hbox (6.48273pt too wide) in paragraph at lines 1175--1181
[]\OT1/cmr/m/n/12 Next, to es-tab-lish the link be-tween pseu-do-dif-fer-en-tia
l op-er-a-tors and the gen-er-al-ized Sj^^?ostrand
 []

[11]
Overfull \hbox (12.0pt too wide) in paragraph at lines 1186--1186
[][] 
 []


LaTeX Warning: Reference `eq:fi7' on page 10 undefined on input line 1221.

[12]
Overfull \hbox (12.0pt too wide) in paragraph at lines 1243--1243
[][] 
 []


LaTeX Warning: Reference `eq:5a' on page 11 undefined on input line 1255.


LaTeX Warning: Reference `eq:5a' on page 11 undefined on input line 1264.

[13]
Overfull \hbox (12.0pt too wide) in paragraph at lines 1292--1292
[][] 
 []


LaTeX Warning: Reference `eq:5a' on page 11 undefined on input line 1417.


LaTeX Warning: Reference `eq:5a' on page 11 undefined on input line 1417.


LaTeX Warning: Reference `eq:7' on page 11 undefined on input line 1417.


LaTeX Warning: Reference `eq:12' on page 12 undefined on input line 1417.

[14]
Overfull \hbox (12.0pt too wide) in paragraph at lines 1459--1459
[][] 
 []


LaTeX Warning: Reference `eq:8a' on page 13 undefined on input line 1485.


LaTeX Warning: Reference `eq:8' on page 13 undefined on input line 1485.


LaTeX Warning: Reference `eq:14' on page 13 undefined on input line 1485.


LaTeX Warning: Reference `eq:15' on page 13 undefined on input line 1485.


LaTeX Warning: Reference `diagram1' on page 14 undefined on input line 1551.

[15]
Overfull \hbox (12.0pt too wide) in paragraph at lines 1566--1566
[][] 
 []


LaTeX Warning: Reference `eq:ll1' on page 14 undefined on input line 1590.

[16]
Overfull \hbox (12.0pt too wide) in paragraph at lines 1590--1590
[][] 
 []


LaTeX Warning: Reference `diagram1' on page 14 undefined on input line 1625.

[17]
Overfull \hbox (12.0pt too wide) in paragraph at lines 1655--1655
[][] 
 []

[18]
Overfull \hbox (12.0pt too wide) in paragraph at lines 1673--1673
[][] 
 []


LaTeX Warning: Reference `eq:18' on page 15 undefined on input line 1687.

[19]
Overfull \hbox (12.0pt too wide) in paragraph at lines 1740--1740
[][] 
 []

[20]
Overfull \hbox (12.0pt too wide) in paragraph at lines 1763--1763
[][] 
 []


LaTeX Warning: Reference `eq:18' on page 16 undefined on input line 1800.

[21]
Overfull \hbox (12.0pt too wide) in paragraph at lines 1821--1821
[][] 
 []

[22]
Overfull \hbox (12.0pt too wide) in paragraph at lines 1833--1833
[][] 
 []

[23]
Overfull \hbox (40.16718pt too wide) in paragraph at lines 1861--1876
\OT1/cmr/m/n/12 spaces. [] 
 []


Underfull \vbox (badness 1048) has occurred while \output is active []


Overfull \hbox (8.80995pt too wide) in paragraph at lines 2022--2022
\OT1/cmr/m/n/12 The em-bed-ding $\OML/cmm/m/it/12 M[] \OMS/cmsy/m/n/12 ^^Z \OML
/cmm/m/it/12 M[]$ \OT1/cmr/m/n/12 for $\OML/cmm/m/it/12 s > r \OT1/cmr/m/n/12 +
 \OML/cmm/m/it/12 d$ \OT1/cmr/m/n/12 yields im-me-di-ately the em-bed-ding $[][
] \OML/cmm/m/it/12 M[] \OMS/cmsy/m/n/12 ^^Z
 []


LaTeX Warning: Reference `mi1' on page 18 undefined on input line 2022.


Package amsmath Warning: Foreign command \atopwithdelims;
(amsmath)                \frac or \genfrac should be used instead
(amsmath)                 on input line 2022.


LaTeX Warning: Reference `mi2' on page 19 undefined on input line 2022.

[24]
Overfull \hbox (12.0pt too wide) in paragraph at lines 2046--2046
[][] 
 []

[25]
Overfull \hbox (12.0pt too wide) in paragraph at lines 2087--2087
[][] 
 []

[26]
Overfull \hbox (12.0pt too wide) in paragraph at lines 2130--2130
[][] 
 []

[27]
Overfull \hbox (12.0pt too wide) in paragraph at lines 2196--2196
[][] 
 []

[28]
Overfull \hbox (12.0pt too wide) in paragraph at lines 2300--2300
[][] 
 []

[29]
Overfull \hbox (12.0pt too wide) in paragraph at lines 2315--2315
[][] 
 []

[30]
Overfull \hbox (12.0pt too wide) in paragraph at lines 2385--2385
[][] 
 []


LaTeX Warning: Reference `kompost' on page 22 undefined on input line 2447.

[31]
Overfull \hbox (12.0pt too wide) in paragraph at lines 2464--2464
[][] 
 []

[32]
Overfull \hbox (12.0pt too wide) in paragraph at lines 2502--2502
[][] 
 []

[33]
Overfull \hbox (12.0pt too wide) in paragraph at lines 2529--2529
[][] 
 []

[34]
Overfull \hbox (12.0pt too wide) in paragraph at lines 2559--2559
[][] 
 []

[35]
Overfull \hbox (12.0pt too wide) in paragraph at lines 2589--2589
[][] 
 []

[36]
Overfull \hbox (186.73715pt too wide) in paragraph at lines 2616--2623
\OT1/cmr/m/n/12 con-vo-lu-tion Ba-nach al-ge-bras over $\U/msb/m/n/12 Z[]$\OT1/
cmr/m/n/12 .[] 
 []


Overfull \hbox (9.88416pt too wide) in paragraph at lines 2729--2729
[]\OT1/cmr/bx/n/12 (iv) $ \OMS/cmsy/m/n/12 ) $ \OT1/cmr/bx/n/12 (iii). \OT1/cmr
/m/n/12 Since $\OT1/cmr/bx/n/12 a \OMS/cmsy/m/n/12 2 A$ \OT1/cmr/m/n/12 has the
 ex-pan-sion $\OT1/cmr/bx/n/12 a \OT1/cmr/m/n/12 = [][] \OT1/cmr/bx/n/12 a\OT1/
cmr/m/n/12 (\OML/cmm/m/it/12 ^^U\OT1/cmr/m/n/12 )\OML/cmm/m/it/12 ^^N[]$\OT1/cm
r/m/n/12 , we have $\OMS/cmsy/m/n/12 k\OT1/cmr/bx/n/12 a\OMS/cmsy/m/n/12 k[] ^^
T [][] j\OT1/cmr/bx/n/12 a[]\OMS/cmsy/m/n/12 k\OML/cmm/m/it/12 ^^N[]\OMS/cmsy/m
/n/12 k[] \OT1/cmr/m/n/12 =
 []

[37]
Overfull \hbox (12.0pt too wide) in paragraph at lines 2789--2789
[][] 
 []


Underfull \vbox (badness 2443) has occurred while \output is active []

 [38]
Overfull \hbox (12.0pt too wide) in paragraph at lines 2846--2846
[][] 
 []

[39]
Overfull \hbox (12.0pt too wide) in paragraph at lines 2853--2853
[][] 
 []

[40]
Overfull \hbox (12.0pt too wide) in paragraph at lines 2861--2861
[][] 
 []


LaTeX Warning: Reference `boldf' on page 27 undefined on input line 2952.


Underfull \vbox (badness 5388) has occurred while \output is active []



LaTeX Warning: Reference `eq:ca14' on page 28 undefined on input line 2952.

[41]
Overfull \hbox (12.0pt too wide) in paragraph at lines 2959--2959
[][] 
 []


Underfull \vbox (badness 10000) has occurred while \output is active []


Underfull \hbox (badness 1122) in paragraph at lines 3197--3201
[]\OT1/cmr/m/n/10 J. Sj^^?ostrand. Pseu-do-dif-fer-en-tial op-er-a-tors and wei
ghted normed sym-bol spaces. \OT1/cmr/m/it/10 Preprint\OT1/cmr/m/n/10 , 2007.
 []

(source_extraction/results/0710.1989.aux)

LaTeX Warning: There were undefined references.

 ) 
Here is how much of TeX's memory you used:
 2823 strings out of 494260
 32115 string characters out of 6168642
 115364 words of memory out of 5000000
 5996 multiletter control sequences out of 15000+600000
 16906 words of font info for 61 fonts, out of 8000000 for 9000
 658 hyphenation exceptions out of 8191
 34i,14n,32p,904b,350s stack positions out of 5000i,500n,10000p,200000b,80000s
</usr/share/texlive/texmf-dist/fonts/type1/public/amsfonts/cm/cmbx12.pfb></us
r/share/texlive/texmf-dist/fonts/type1/public/amsfonts/cm/cmex10.pfb></usr/shar
e/texlive/texmf-dist/fonts/type1/public/amsfonts/cmextra/cmex8.pfb></usr/share/
texlive/texmf-dist/fonts/type1/public/amsfonts/cm/cmmi12.pfb></usr/share/texliv
e/texmf-dist/fonts/type1/public/amsfonts/cm/cmmi6.pfb></usr/share/texlive/texmf
-dist/fonts/type1/public/amsfonts/cm/cmmi8.pfb></usr/share/texlive/texmf-dist/f
onts/type1/public/amsfonts/cm/cmr12.pfb></usr/share/texlive/texmf-dist/fonts/ty
pe1/public/amsfonts/cm/cmr6.pfb></usr/share/texlive/texmf-dist/fonts/type1/publ
ic/amsfonts/cm/cmr8.pfb></usr/share/texlive/texmf-dist/fonts/type1/public/amsfo
nts/cm/cmsy10.pfb></usr/share/texlive/texmf-dist/fonts/type1/public/amsfonts/cm
/cmsy6.pfb></usr/share/texlive/texmf-dist/fonts/type1/public/amsfonts/cm/cmsy8.
pfb></usr/share/texlive/texmf-dist/fonts/type1/public/amsfonts/cm/cmti12.pfb></
usr/share/texlive/texmf-dist/fonts/type1/public/amsfonts/symbols/msbm10.pfb>
Output written on source_extraction/results/0710.1989.pdf (41 pages, 195493 byt
es).
PDF statistics:
 194 PDF objects out of 1000 (max. 8388607)
 135 compressed objects within 2 object streams
 0 named destinations out of 1000 (max. 500000)
 1 words of extra memory for PDF output out of 10000 (max. 10000000)

