This is pdfTeX, Version 3.14159265-2.6-1.40.18 (TeX Live 2017/Debian) (preloaded format=pdflatex 2018.11.16)  29 NOV 2018 14:46
entering extended mode
 restricted \write18 enabled.
 %&-line parsing enabled.
**source_extraction/results/0711.1155.tex
(./source_extraction/results/0711.1155.tex
LaTeX2e <2017-04-15>
Babel <3.18> and hyphenation patterns for 20 language(s) loaded.
(/usr/share/texlive/texmf-dist/tex/latex/amscls/amsart.cls
Document Class: amsart 2017/10/31 v2.20.4
\linespacing=\dimen102
\normalparindent=\dimen103
\normaltopskip=\skip41
(/usr/share/texlive/texmf-dist/tex/latex/amsmath/amsmath.sty
Package: amsmath 2017/09/02 v2.17a AMS math features
\@mathmargin=\skip42

For additional information on amsmath, use the `?' option.
(/usr/share/texlive/texmf-dist/tex/latex/amsmath/amstext.sty
Package: amstext 2000/06/29 v2.01 AMS text

(/usr/share/texlive/texmf-dist/tex/latex/amsmath/amsgen.sty
File: amsgen.sty 1999/11/30 v2.0 generic functions
\@emptytoks=\toks14
\ex@=\dimen104
))
(/usr/share/texlive/texmf-dist/tex/latex/amsmath/amsbsy.sty
Package: amsbsy 1999/11/29 v1.2d Bold Symbols
\pmbraise@=\dimen105
)
(/usr/share/texlive/texmf-dist/tex/latex/amsmath/amsopn.sty
Package: amsopn 2016/03/08 v2.02 operator names
)
\inf@bad=\count79
LaTeX Info: Redefining \frac on input line 213.
\uproot@=\count80
\leftroot@=\count81
LaTeX Info: Redefining \overline on input line 375.
\classnum@=\count82
\DOTSCASE@=\count83
LaTeX Info: Redefining \ldots on input line 472.
LaTeX Info: Redefining \dots on input line 475.
LaTeX Info: Redefining \cdots on input line 596.
\Mathstrutbox@=\box26
\strutbox@=\box27
\big@size=\dimen106
LaTeX Font Info:    Redeclaring font encoding OML on input line 712.
LaTeX Font Info:    Redeclaring font encoding OMS on input line 713.
\macc@depth=\count84
\c@MaxMatrixCols=\count85
\dotsspace@=\muskip10
\c@parentequation=\count86
\dspbrk@lvl=\count87
\tag@help=\toks15
\row@=\count88
\column@=\count89
\maxfields@=\count90
\andhelp@=\toks16
\eqnshift@=\dimen107
\alignsep@=\dimen108
\tagshift@=\dimen109
\tagwidth@=\dimen110
\totwidth@=\dimen111
\lineht@=\dimen112
\@envbody=\toks17
\multlinegap=\skip43
\multlinetaggap=\skip44
\mathdisplay@stack=\toks18
LaTeX Info: Redefining \[ on input line 2817.
LaTeX Info: Redefining \] on input line 2818.
)
LaTeX Font Info:    Try loading font information for U+msa on input line 398.

(/usr/share/texlive/texmf-dist/tex/latex/amsfonts/umsa.fd
File: umsa.fd 2013/01/14 v3.01 AMS symbols A
)
(/usr/share/texlive/texmf-dist/tex/latex/amsfonts/amsfonts.sty
Package: amsfonts 2013/01/14 v3.01 Basic AMSFonts support
\symAMSa=\mathgroup4
\symAMSb=\mathgroup5
LaTeX Font Info:    Overwriting math alphabet `\mathfrak' in version `bold'
(Font)                  U/euf/m/n --> U/euf/b/n on input line 106.
)
\copyins=\insert199
\abstractbox=\box28
\listisep=\skip45
\c@part=\count91
\c@section=\count92
\c@subsection=\count93
\c@subsubsection=\count94
\c@paragraph=\count95
\c@subparagraph=\count96
\c@figure=\count97
\c@table=\count98
\abovecaptionskip=\skip46
\belowcaptionskip=\skip47
\captionindent=\dimen113
\thm@style=\toks19
\thm@bodyfont=\toks20
\thm@headfont=\toks21
\thm@notefont=\toks22
\thm@headpunct=\toks23
\thm@preskip=\skip48
\thm@postskip=\skip49
\thm@headsep=\skip50
\dth@everypar=\toks24
)
(/usr/share/texlive/texmf-dist/tex/latex/amsfonts/amssymb.sty
Package: amssymb 2013/01/14 v3.01 AMS font symbols
) (./extract.sty
(/usr/share/texlive/texmf-dist/tex/latex/environ/environ.sty
Package: environ 2014/05/04 v0.3 A new way to define environments

(/usr/share/texlive/texmf-dist/tex/latex/trimspaces/trimspaces.sty
Package: trimspaces 2009/09/17 v1.1 Trim spaces around a token list
))
(/usr/share/texlive/texmf-dist/tex/latex/etextools/etextools.sty
Package: etextools 2010/12/07 v3.1415926 e-TeX more useful tools for LaTeX pack
age writers

(/usr/share/texlive/texmf-dist/tex/latex/etex-pkg/etex.sty
Package: etex 2016/08/01 v2.7 eTeX basic definition package (PEB,DPC)
\et@xins=\count99
)
(/usr/share/texlive/texmf-dist/tex/latex/etoolbox/etoolbox.sty
Package: etoolbox 2018/02/11 v2.5e e-TeX tools for LaTeX (JAW)
\etb@tempcnta=\count100
)
(/usr/share/texlive/texmf-dist/tex/latex/oberdiek/letltxmacro.sty
Package: letltxmacro 2016/05/16 v1.5 Let assignment for LaTeX macros (HO)
)
\ettl@fter=\count101
\ettl@for@nested=\count277
)
(/usr/share/texmf/tex/latex/preview/preview.sty
Package: preview 2017/04/24 11.91 (AUCTeX/preview-latex)

(/usr/share/texmf/tex/latex/preview/prtightpage.def
\PreviewBorder=\dimen114
)
\pr@snippet=\count102
\pr@box=\box29
\pr@output=\toks25
)
\c@propcounter=\count103
\mybox=\box30
)
\c@nonumthm=\count104
\c@bean=\count105
\c@note=\count106
\c@claim=\count107
\c@summ=\count108
\c@case=\count109


LaTeX Warning: Unused global option(s):
    [amscd].

(source_extraction/results/0711.1155.aux)
\openout1 = `0711.1155.aux'.

LaTeX Font Info:    Checking defaults for OML/cmm/m/it on input line 64.
LaTeX Font Info:    ... okay on input line 64.
LaTeX Font Info:    Checking defaults for T1/cmr/m/n on input line 64.
LaTeX Font Info:    ... okay on input line 64.
LaTeX Font Info:    Checking defaults for OT1/cmr/m/n on input line 64.
LaTeX Font Info:    ... okay on input line 64.
LaTeX Font Info:    Checking defaults for OMS/cmsy/m/n on input line 64.
LaTeX Font Info:    ... okay on input line 64.
LaTeX Font Info:    Checking defaults for OMX/cmex/m/n on input line 64.
LaTeX Font Info:    ... okay on input line 64.
LaTeX Font Info:    Checking defaults for U/cmr/m/n on input line 64.
LaTeX Font Info:    ... okay on input line 64.
LaTeX Font Info:    Try loading font information for U+msa on input line 64.

(/usr/share/texlive/texmf-dist/tex/latex/amsfonts/umsa.fd
File: umsa.fd 2013/01/14 v3.01 AMS symbols A
)
LaTeX Font Info:    Try loading font information for U+msb on input line 64.

(/usr/share/texlive/texmf-dist/tex/latex/amsfonts/umsb.fd
File: umsb.fd 2013/01/14 v3.01 AMS symbols B
)
Preview: Fontsize 12pt
Preview: PDFoutput 1
Preview: Tightpage -32891 -32891 32891 32891
[1{/var/lib/texmf/fonts/map/pdftex/updmap/pdftex.map}]
Overfull \hbox (20.13425pt too wide) in paragraph at lines 313--336
\U/msb/m/n/12 P[]$\OT1/cmr/m/n/12 . [] 
 []

[2]
Overfull \hbox (12.0pt too wide) in paragraph at lines 403--403
[][] 
 []


Underfull \vbox (badness 10000) has occurred while \output is active []



LaTeX Warning: Reference `L2 Castel de Franchis sect' on page 3 undefined on in
put line 408.


LaTeX Warning: Reference `cup product lemma section' on page 3 undefined on inp
ut line 419.


LaTeX Warning: Reference `Cup product lemma general sect' on page 3 undefined o
n input line 420.

[3] [4]
Overfull \hbox (12.0pt too wide) in paragraph at lines 432--432
[][] 
 []

[5]
Overfull \hbox (310.96912pt too wide) in paragraph at lines 434--445
[]\OT1/cmr/m/n/12 Theorem 0.1  and The-o-rem 0.2  to-gether give the fol-low-in
g: [] 
 []

[6]
Overfull \hbox (12.0pt too wide) in paragraph at lines 451--451
[][] 
 []


LaTeX Warning: Reference `L2 Castel de Franchis sect' on page 3 undefined on in
put line 455.


LaTeX Warning: Reference `cup product lemma section' on page 3 undefined on inp
ut line 457.


LaTeX Warning: Reference `Filtered ends prelim sect' on page 3 undefined on inp
ut line 459.


LaTeX Warning: Reference `pf of filtered ends sect' on page 3 undefined on inpu
t line 459.


LaTeX Warning: Reference `Cup product lemma general sect' on page 3 undefined o
n input line 462.


LaTeX Warning: Reference `L2 Castelnuovo for an end sect' on page 3 undefined o
n input line 465.


Underfull \vbox (badness 10000) has occurred while \output is active []

 [7]
Overfull \hbox (12.0pt too wide) in paragraph at lines 469--469
[][] 
 []

[8]
Overfull \hbox (310.77328pt too wide) in paragraph at lines 497--507
[]\OT1/cmr/m/n/12 The main step in the proof of The-o-rem 0.1  is the fol-low-i
ng: [] 
 []

[9]
Overfull \hbox (417.0444pt too wide) in paragraph at lines 617--634
[]\OT1/cmr/m/n/12 The fol-low-ing easy con-se-quence is a more con-ve-nient for
m for some ap-pli-ca-tions: [] 
 []

[10]
Overfull \hbox (12.0pt too wide) in paragraph at lines 639--639
[][] 
 []

[11]
Overfull \hbox (12.0pt too wide) in paragraph at lines 670--670
[][] 
 []

[12]
Overfull \hbox (115.9974pt too wide) in paragraph at lines 672--688
\OT1/cmr/m/n/12 use-ful gen-er-al-iza-tions: [] 
 []

[13]
Overfull \hbox (12.0pt too wide) in paragraph at lines 709--709
[][] 
 []


Underfull \vbox (badness 10000) has occurred while \output is active []



LaTeX Warning: Reference `Cup product lemma general sect' on page 9 undefined o
n input line 803.


LaTeX Warning: Reference `Filtered ends prelim sect' on page 9 undefined on inp
ut line 807.


LaTeX Warning: Reference `pf of filtered ends sect' on page 9 undefined on inpu
t line 807.

[14]
Overfull \hbox (12.0pt too wide) in paragraph at lines 834--834
[][] 
 []

[15]
Overfull \hbox (408.48894pt too wide) in paragraph at lines 888--913
[]\OT1/cmr/m/n/12 Applying the above the-o-rem to-gether with Corol-lary 1.5 , 
we get the fol-low-ing: [] 
 []


LaTeX Warning: Reference `cup product lemma section' on page 10 undefined on in
put line 938.


LaTeX Warning: Reference `pf of filtered ends sect' on page 10 undefined on inp
ut line 946.

[16]
Overfull \hbox (12.0pt too wide) in paragraph at lines 979--979
[][] 
 []


Underfull \vbox (badness 10000) has occurred while \output is active []

 [17]
Overfull \hbox (12.0pt too wide) in paragraph at lines 1003--1003
[][] 
 []

[18]
Overfull \hbox (12.0pt too wide) in paragraph at lines 1026--1026
[][] 
 []


LaTeX Warning: Reference `cup product lemma section' on page 12 undefined on in
put line 1050.


Underfull \vbox (badness 10000) has occurred while \output is active []

 [19]
Overfull \hbox (12.0pt too wide) in paragraph at lines 1050--1050
[][] 
 []

[20] [21]

LaTeX Warning: Reference `pf of filtered ends sect' on page 13 undefined on inp
ut line 1072.


Underfull \vbox (badness 10000) has occurred while \output is active []

 [22]
Overfull \hbox (12.0pt too wide) in paragraph at lines 1110--1110
[][] 
 []

[23]
Overfull \hbox (12.0pt too wide) in paragraph at lines 1116--1116
[][] 
 []

[24]
Overfull \hbox (180.64813pt too wide) in paragraph at lines 1179--1188
\OT1/cmr/m/n/12 the proof of The-o-rem 4.6 of [[]]): [] 
 []

[25]
Overfull \hbox (89.9736pt too wide) in paragraph at lines 1190--1213
\OT1/cmr/m/n/12 ing to a cov-er-ing. [] 
 []

[26]
Overfull \hbox (12.0pt too wide) in paragraph at lines 1292--1292
[][] 
 []

[27]
Overfull \hbox (12.0pt too wide) in paragraph at lines 1318--1318
[][] 
 []

[28]
Overfull \hbox (12.0pt too wide) in paragraph at lines 1357--1357
[][] 
 []


Underfull \vbox (badness 4634) has occurred while \output is active []

 [29]
Overfull \hbox (12.0pt too wide) in paragraph at lines 1416--1416
[][] 
 []

[30]
Overfull \hbox (271.75517pt too wide) in paragraph at lines 1418--1425
[]\OT1/cmr/m/n/12 We may now re-duce to the bounded ge-om-e-try case. [] 
 []


Underfull \vbox (badness 4595) has occurred while \output is active []

 [31]
Overfull \hbox (12.0pt too wide) in paragraph at lines 1504--1504
[][] 
 []

[32]
Overfull \hbox (12.0pt too wide) in paragraph at lines 1524--1524
[][] 
 []


LaTeX Warning: Reference `cup product lemma section' on page 21 undefined on in
put line 1605.


LaTeX Warning: Reference `cup product lemma section' on page 21 undefined on in
put line 1611.

[33] [34]
Overfull \hbox (12.0pt too wide) in paragraph at lines 1660--1660
[][] 
 []


Underfull \vbox (badness 1845) has occurred while \output is active []

 [35]
Overfull \hbox (12.0pt too wide) in paragraph at lines 1789--1789
[][] 
 []

[36]
Overfull \hbox (12.0pt too wide) in paragraph at lines 1814--1814
[][] 
 []


Underfull \vbox (badness 1112) has occurred while \output is active []

 [37]
Overfull \hbox (275.84587pt too wide) in paragraph at lines 1900--1916
[]\OT1/cmr/m/n/12 We have the fol-low-ing two im-me-di-ate con-se-quences: [] 
 []

[38]
Overfull \hbox (12.0pt too wide) in paragraph at lines 1933--1933
[][] 
 []

[39]
Overfull \hbox (12.0pt too wide) in paragraph at lines 1940--1940
[][] 
 []

[40]
Overfull \hbox (12.0pt too wide) in paragraph at lines 1948--1948
[][] 
 []

[41]
Overfull \hbox (234.08368pt too wide) in paragraph at lines 1949--1968
\OT1/cmr/m/n/12 The-o-rem 5.2  im-me-di-ately gives the fol-low-ing: [] 
 []


Underfull \vbox (badness 2426) has occurred while \output is active []

 [42]
Overfull \hbox (12.0pt too wide) in paragraph at lines 2016--2016
[][] 
 []


Underfull \vbox (badness 2503) has occurred while \output is active []

 [43]
Overfull \hbox (4.25464pt too wide) in paragraph at lines 2097--2111
[]\OT1/cmr/m/n/12 In par-tic-u-lar, we get the fol-low-ing weak ver-sion of Lem
ma 2.1 of [[]] (see also Lemma 2.6
 []


Overfull \hbox (325.2633pt too wide) in paragraph at lines 2097--2111
\OT1/cmr/m/n/12 of [[]]) which suf-fices for the proof of the main re-sult of [
[]]: [] 
 []


LaTeX Warning: Reference `L2 Castel de Franchis sect' on page 29 undefined on i
nput line 2117.

[44]
Overfull \hbox (12.0pt too wide) in paragraph at lines 2132--2132
[][] 
 []

[45]
Overfull \hbox (12.0pt too wide) in paragraph at lines 2138--2138
[][] 
 []

[46]
Overfull \hbox (12.0pt too wide) in paragraph at lines 2157--2157
[][] 
 []


Underfull \vbox (badness 2221) has occurred while \output is active []

 [47]
Overfull \hbox (175.74403pt too wide) in paragraph at lines 2159--2172
\OT1/cmr/m/n/12 J. Wang (cf. Lemma 1.3 of [[]]): [] 
 []

[48]
Overfull \hbox (260.86905pt too wide) in paragraph at lines 2188--2225
\OT1/cmr/m/n/12 a man-i-fold sat-is-fy-ing cer-tain cur-va-ture con-di-tions). 
[] 
 []


Underfull \vbox (badness 10000) has occurred while \output is active []

 [49]
Overfull \hbox (137.79164pt too wide) in paragraph at lines 2227--2241
\OT1/cmr/m/n/12 mailly [[]] (see [[]]): [] 
 []

[50]
Overfull \hbox (12.0pt too wide) in paragraph at lines 2252--2252
[][] 
 []

[51]
Overfull \hbox (12.0pt too wide) in paragraph at lines 2260--2260
[][] 
 []

[52]
Overfull \hbox (12.0pt too wide) in paragraph at lines 2369--2369
[][] 
 []

[53]
Overfull \hbox (12.0pt too wide) in paragraph at lines 2488--2488
[][] 
 []

[54]
Overfull \hbox (12.0pt too wide) in paragraph at lines 2521--2521
[][] 
 []


Underfull \vbox (badness 1824) has occurred while \output is active []

 [55]
Overfull \hbox (12.0pt too wide) in paragraph at lines 2580--2580
[][] 
 []

[56]
Overfull \hbox (12.0pt too wide) in paragraph at lines 2692--2692
[][] 
 []

Missing character: There is no ä in font cmti10!

Underfull \vbox (badness 10000) has occurred while \output is active []


(source_extraction/results/0711.1155.aux)

LaTeX Warning: There were undefined references.

 ) 
Here is how much of TeX's memory you used:
 3068 strings out of 494260
 36873 string characters out of 6168642
 129517 words of memory out of 5000000
 6248 multiletter control sequences out of 15000+600000
 15071 words of font info for 56 fonts, out of 8000000 for 9000
 658 hyphenation exceptions out of 8191
 34i,10n,32p,901b,346s stack positions out of 5000i,500n,10000p,200000b,80000s
</usr/share/texlive/texmf-dist/fonts/type1/public/amsfonts/cm/cmbx12.pfb></us
r/share/texlive/texmf-dist/fonts/type1/public/amsfonts/cm/cmex10.pfb></usr/shar
e/texlive/texmf-dist/fonts/type1/public/amsfonts/cm/cmmi12.pfb></usr/share/texl
ive/texmf-dist/fonts/type1/public/amsfonts/cm/cmmi6.pfb></usr/share/texlive/tex
mf-dist/fonts/type1/public/amsfonts/cm/cmmi8.pfb></usr/share/texlive/texmf-dist
/fonts/type1/public/amsfonts/cm/cmr12.pfb></usr/share/texlive/texmf-dist/fonts/
type1/public/amsfonts/cm/cmr6.pfb></usr/share/texlive/texmf-dist/fonts/type1/pu
blic/amsfonts/cm/cmr8.pfb></usr/share/texlive/texmf-dist/fonts/type1/public/ams
fonts/cm/cmsy10.pfb></usr/share/texlive/texmf-dist/fonts/type1/public/amsfonts/
cm/cmsy8.pfb></usr/share/texlive/texmf-dist/fonts/type1/public/amsfonts/cm/cmti
12.pfb></usr/share/texlive/texmf-dist/fonts/type1/public/amsfonts/symbols/msam1
0.pfb></usr/share/texlive/texmf-dist/fonts/type1/public/amsfonts/symbols/msbm10
.pfb>
Output written on source_extraction/results/0711.1155.pdf (56 pages, 211029 byt
es).
PDF statistics:
 238 PDF objects out of 1000 (max. 8388607)
 165 compressed objects within 2 object streams
 0 named destinations out of 1000 (max. 500000)
 1 words of extra memory for PDF output out of 10000 (max. 10000000)

