This is pdfTeX, Version 3.14159265-2.6-1.40.18 (TeX Live 2017/Debian) (preloaded format=pdflatex 2018.11.16)  29 NOV 2018 14:46
entering extended mode
 restricted \write18 enabled.
 %&-line parsing enabled.
**source_extraction/results/0802.2734.tex
(./source_extraction/results/0802.2734.tex
LaTeX2e <2017-04-15>
Babel <3.18> and hyphenation patterns for 20 language(s) loaded.
(/usr/share/texlive/texmf-dist/tex/latex/amscls/amsart.cls
Document Class: amsart 2017/10/31 v2.20.4
\linespacing=\dimen102
\normalparindent=\dimen103
\normaltopskip=\skip41
(/usr/share/texlive/texmf-dist/tex/latex/amsmath/amsmath.sty
Package: amsmath 2017/09/02 v2.17a AMS math features
\@mathmargin=\skip42

For additional information on amsmath, use the `?' option.
(/usr/share/texlive/texmf-dist/tex/latex/amsmath/amstext.sty
Package: amstext 2000/06/29 v2.01 AMS text

(/usr/share/texlive/texmf-dist/tex/latex/amsmath/amsgen.sty
File: amsgen.sty 1999/11/30 v2.0 generic functions
\@emptytoks=\toks14
\ex@=\dimen104
))
(/usr/share/texlive/texmf-dist/tex/latex/amsmath/amsbsy.sty
Package: amsbsy 1999/11/29 v1.2d Bold Symbols
\pmbraise@=\dimen105
)
(/usr/share/texlive/texmf-dist/tex/latex/amsmath/amsopn.sty
Package: amsopn 2016/03/08 v2.02 operator names
)
\inf@bad=\count79
LaTeX Info: Redefining \frac on input line 213.
\uproot@=\count80
\leftroot@=\count81
LaTeX Info: Redefining \overline on input line 375.
\classnum@=\count82
\DOTSCASE@=\count83
LaTeX Info: Redefining \ldots on input line 472.
LaTeX Info: Redefining \dots on input line 475.
LaTeX Info: Redefining \cdots on input line 596.
\Mathstrutbox@=\box26
\strutbox@=\box27
\big@size=\dimen106
LaTeX Font Info:    Redeclaring font encoding OML on input line 712.
LaTeX Font Info:    Redeclaring font encoding OMS on input line 713.
\macc@depth=\count84
\c@MaxMatrixCols=\count85
\dotsspace@=\muskip10
\c@parentequation=\count86
\dspbrk@lvl=\count87
\tag@help=\toks15
\row@=\count88
\column@=\count89
\maxfields@=\count90
\andhelp@=\toks16
\eqnshift@=\dimen107
\alignsep@=\dimen108
\tagshift@=\dimen109
\tagwidth@=\dimen110
\totwidth@=\dimen111
\lineht@=\dimen112
\@envbody=\toks17
\multlinegap=\skip43
\multlinetaggap=\skip44
\mathdisplay@stack=\toks18
LaTeX Info: Redefining \[ on input line 2817.
LaTeX Info: Redefining \] on input line 2818.
)
LaTeX Font Info:    Try loading font information for U+msa on input line 398.

(/usr/share/texlive/texmf-dist/tex/latex/amsfonts/umsa.fd
File: umsa.fd 2013/01/14 v3.01 AMS symbols A
)
(/usr/share/texlive/texmf-dist/tex/latex/amsfonts/amsfonts.sty
Package: amsfonts 2013/01/14 v3.01 Basic AMSFonts support
\symAMSa=\mathgroup4
\symAMSb=\mathgroup5
LaTeX Font Info:    Overwriting math alphabet `\mathfrak' in version `bold'
(Font)                  U/euf/m/n --> U/euf/b/n on input line 106.
)
\copyins=\insert199
\abstractbox=\box28
\listisep=\skip45
\c@part=\count91
\c@section=\count92
\c@subsection=\count93
\c@subsubsection=\count94
\c@paragraph=\count95
\c@subparagraph=\count96
\c@figure=\count97
\c@table=\count98
\abovecaptionskip=\skip46
\belowcaptionskip=\skip47
\captionindent=\dimen113
\thm@style=\toks19
\thm@bodyfont=\toks20
\thm@headfont=\toks21
\thm@notefont=\toks22
\thm@headpunct=\toks23
\thm@preskip=\skip48
\thm@postskip=\skip49
\thm@headsep=\skip50
\dth@everypar=\toks24
) (./extract.sty (/usr/share/texlive/texmf-dist/tex/latex/environ/environ.sty
Package: environ 2014/05/04 v0.3 A new way to define environments

(/usr/share/texlive/texmf-dist/tex/latex/trimspaces/trimspaces.sty
Package: trimspaces 2009/09/17 v1.1 Trim spaces around a token list
))
(/usr/share/texlive/texmf-dist/tex/latex/etextools/etextools.sty
Package: etextools 2010/12/07 v3.1415926 e-TeX more useful tools for LaTeX pack
age writers

(/usr/share/texlive/texmf-dist/tex/latex/etex-pkg/etex.sty
Package: etex 2016/08/01 v2.7 eTeX basic definition package (PEB,DPC)
\et@xins=\count99
)
(/usr/share/texlive/texmf-dist/tex/latex/etoolbox/etoolbox.sty
Package: etoolbox 2018/02/11 v2.5e e-TeX tools for LaTeX (JAW)
\etb@tempcnta=\count100
)
(/usr/share/texlive/texmf-dist/tex/latex/oberdiek/letltxmacro.sty
Package: letltxmacro 2016/05/16 v1.5 Let assignment for LaTeX macros (HO)
)
\ettl@fter=\count101
\ettl@for@nested=\count277
)
(/usr/share/texmf/tex/latex/preview/preview.sty
Package: preview 2017/04/24 11.91 (AUCTeX/preview-latex)

(/usr/share/texmf/tex/latex/preview/prtightpage.def
\PreviewBorder=\dimen114
)
\pr@snippet=\count102
\pr@box=\box29
\pr@output=\toks25
)
\c@propcounter=\count103
\mybox=\box30
)
\c@theorem=\count104
\c@question=\count105
\c@example=\count106

(source_extraction/results/0802.2734.aux)
\openout1 = `0802.2734.aux'.

LaTeX Font Info:    Checking defaults for OML/cmm/m/it on input line 81.
LaTeX Font Info:    ... okay on input line 81.
LaTeX Font Info:    Checking defaults for T1/cmr/m/n on input line 81.
LaTeX Font Info:    ... okay on input line 81.
LaTeX Font Info:    Checking defaults for OT1/cmr/m/n on input line 81.
LaTeX Font Info:    ... okay on input line 81.
LaTeX Font Info:    Checking defaults for OMS/cmsy/m/n on input line 81.
LaTeX Font Info:    ... okay on input line 81.
LaTeX Font Info:    Checking defaults for OMX/cmex/m/n on input line 81.
LaTeX Font Info:    ... okay on input line 81.
LaTeX Font Info:    Checking defaults for U/cmr/m/n on input line 81.
LaTeX Font Info:    ... okay on input line 81.
LaTeX Font Info:    Try loading font information for U+msa on input line 81.

(/usr/share/texlive/texmf-dist/tex/latex/amsfonts/umsa.fd
File: umsa.fd 2013/01/14 v3.01 AMS symbols A
)
LaTeX Font Info:    Try loading font information for U+msb on input line 81.

(/usr/share/texlive/texmf-dist/tex/latex/amsfonts/umsb.fd
File: umsb.fd 2013/01/14 v3.01 AMS symbols B
)
Preview: Fontsize 10.95pt
Preview: PDFoutput 1
(source_extraction/results/0802.2734.toc)
\tf@toc=\write3
\openout3 = `0802.2734.toc'.



LaTeX Warning: Reference `E:d' on page 2 undefined on input line 187.


LaTeX Warning: Reference `E:d' on page 2 undefined on input line 220.


LaTeX Warning: Reference `E:examples1' on page 2 undefined on input line 223.


LaTeX Warning: Reference `E:examples2' on page 2 undefined on input line 228.

Preview: Tightpage -32891 -32891 32891 32891
[1{/var/lib/texmf/fonts/map/pdftex/updmap/pdftex.map}]
Overfull \hbox (261.75586pt too wide) in paragraph at lines 225--242
\OT1/cmr/m/n/10.95 will en-able us to deal with the se-quences in [] as well. [
] 
 []

[2]
Overfull \hbox (368.84972pt too wide) in paragraph at lines 288--299
 \OT1/cmr/m/n/10.95 1.2.\OT1/cmr/bx/n/10.95 Results in com-bi-na-to-rial lan-gu
age.[] \OT1/cmr/m/n/10.95 The fol-low-ing is our main re-sult: [] 
 []


LaTeX Warning: Reference `SS:conjectures' on page 2 undefined on input line 350
.


LaTeX Warning: Reference `E:examples1' on page 2 undefined on input line 350.


LaTeX Warning: Reference `E:examples2' on page 2 undefined on input line 350.

[3]
Overfull \hbox (12.0pt too wide) in paragraph at lines 350--350
[][] 
 []


LaTeX Warning: Reference `SS:ergodic' on page 3 undefined on input line 352.

[4]
Overfull \hbox (262.4353pt too wide) in paragraph at lines 410--435
\OT1/cmr/m/n/10.95 the fol-low-ing re-sult (that we find of in-ter-est on its o
wn): [] 
 []

[5]
Overfull \hbox (12.0pt too wide) in paragraph at lines 447--447
[][] 
 []

[6]
Overfull \hbox (12.0pt too wide) in paragraph at lines 465--465
[][] 
 []


LaTeX Warning: Reference `S:backgroundergodic' on page 4 undefined on input lin
e 494.

[7]
Overfull \hbox (364.17921pt too wide) in paragraph at lines 496--510
\OT1/cmr/m/n/10.95 from [[]]) to re-for-mu-late The-o-rems A, B, and C, in er-g
odic the-o-retic lan-guage: [] 
 []

[8]
Overfull \hbox (240.30771pt too wide) in paragraph at lines 511--526
[]\OT1/cmr/m/n/10.95 For con-ve-nience we give the fol-low-ing def-i-ni-tion: [
] 
 []

[9]
Overfull \hbox (12.0pt too wide) in paragraph at lines 535--535
[][] 
 []


LaTeX Warning: Reference `SS:single' on page 5 undefined on input line 556.

[10]
Overfull \hbox (315.02463pt too wide) in paragraph at lines 559--567
\OT1/cmr/m/n/10.95 The-o-rem A (in fact it is not hard to show that they are eq
uiv-a-lent): [] 
 []

[11]
Overfull \hbox (201.83064pt too wide) in paragraph at lines 569--579
[]\OT1/cmr/m/n/10.95 The fol-low-ing re-sult im-plies The-o-rem B: [] 
 []


Underfull \vbox (badness 10000) has occurred while \output is active []

 [12]
Overfull \hbox (201.98271pt too wide) in paragraph at lines 580--587
[]\OT1/cmr/m/n/10.95 The fol-low-ing re-sult im-plies The-o-rem C: [] 
 []


LaTeX Warning: Reference `S:backgroundergodic' on page 6 undefined on input lin
e 590.


LaTeX Warning: Reference `S:backgroundnil' on page 6 undefined on input line 59
5.


LaTeX Warning: Reference `S:singlewarmup' on page 6 undefined on input line 602
.


LaTeX Warning: Reference `S:polypattern' on page 6 undefined on input line 605.



LaTeX Warning: Reference `S:mainpart' on page 6 undefined on input line 610.


LaTeX Warning: Reference `S:polypattern' on page 6 undefined on input line 611.


[13]
Overfull \hbox (297.56665pt too wide) in paragraph at lines 649--659
\OT1/cmr/m/n/10.95 seems very likely that the same should be the case for gen-e
ral $\OML/cmm/m/it/10.95 `$\OT1/cmr/m/n/10.95 : [] 
 []

[14]
Overfull \hbox (236.64195pt too wide) in paragraph at lines 660--666
\OT1/cmr/m/n/10.95 primes ([[]]), the fol-low-ing re-sult seems plau-si-ble: []
 
 []


LaTeX Warning: Reference `S:backgroundnil' on page 7 undefined on input line 68
4.

[15]
Overfull \hbox (352.5701pt too wide) in paragraph at lines 823--840
\OT1/cmr/m/n/10.95 sev-eral mul-ti-ple er-godic av-er-ages. The next re-sult ma
kes this more pre-cise. [] 
 []


Underfull \vbox (badness 1158) has occurred while \output is active []

 [16]
Overfull \hbox (327.60371pt too wide) in paragraph at lines 844--861
[]\OT1/cmr/m/n/10.95 We shall also use the fol-low-ing easy corol-lary of the p
re-vi-ous re-sult: [] 
 []

[17] [18]
Overfull \hbox (12.0pt too wide) in paragraph at lines 949--949
[][] 
 []

[19]
Overfull \hbox (12.0pt too wide) in paragraph at lines 1019--1019
[][] 
 []

[20]
Overfull \hbox (12.0pt too wide) in paragraph at lines 1051--1051
[][] 
 []

[21]
Overfull \hbox (263.20586pt too wide) in paragraph at lines 1082--1117
\OT1/cmr/m/n/10.95 sult that we shall use. It can be eas-ily de-rived from [[]]
. [] 
 []

[22]
Overfull \hbox (12.0pt too wide) in paragraph at lines 1129--1129
[][] 
 []

[23]
Overfull \hbox (12.0pt too wide) in paragraph at lines 1146--1146
[][] 
 []

[24]

LaTeX Warning: Reference `SS:basic' on page 12 undefined on input line 1227.

[25]
Overfull \hbox (17.93475pt too wide) in paragraph at lines 1228--1242
\U/msb/m/n/10.95 T[]$\OT1/cmr/m/n/10.95 . [] 
 []

[26]
Overfull \hbox (78.789pt too wide) in paragraph at lines 1243--1264
\OT1/cmr/m/it/10.95 mag-ni-tude \OT1/cmr/m/n/10.95 of $\OML/cmm/m/it/10.95  $\O
T1/cmr/m/n/10.95 . [] 
 []

[27]
Overfull \hbox (331.07121pt too wide) in paragraph at lines 1265--1292
[]\OT1/cmr/m/n/10.95 We are now ready to state the ad-ver-tised ex-ten-sion of 
The-o-rem 3.2 : [] 
 []

[28]
Overfull \hbox (12.0pt too wide) in paragraph at lines 1296--1296
[][] 
 []


LaTeX Warning: Reference `SS:basic' on page 13 undefined on input line 1300.

[29] [30]
Overfull \hbox (372.95493pt too wide) in paragraph at lines 1448--1456
[]\OT1/cmr/m/n/10.95 We are go-ing to prove The-o-rem B'. For con-ve-nience, we
 re-peat its state-ment: [] 
 []


LaTeX Warning: Reference `SS:warmupconclusion' on page 14 undefined on input li
ne 1460.

[31]
Overfull \hbox (203.31538pt too wide) in paragraph at lines 1488--1502
\OT1/cmr/m/n/10.95 clas-si-cal es-ti-mate (e.g. Lemma 3.1 in [[]]). [] 
 []

[32]
Overfull \hbox (12.0pt too wide) in paragraph at lines 1516--1516
[][] 
 []


Overfull \hbox (4.194pt too wide) detected at line 1583
[]
 []

[33]
Overfull \hbox (149.24461pt too wide) in paragraph at lines 1593--1607
\OT1/cmr/m/n/10.95 com-pli-cated, and so we omit it. [] 
 []

[34]
Overfull \hbox (284.80649pt too wide) in paragraph at lines 1618--1618
 \OT1/cmr/m/n/10.95 4.1.1.\OT1/cmr/m/it/10.95 Dealing with nil-sys-tems, a key 
equidis-tri-bu-tion re-sult.[] [] 
 []

[35]
Overfull \hbox (261.36205pt too wide) in paragraph at lines 1629--1643
\OT1/cmr/m/n/10.95 ro-ta-tion if the se-quence $(\OML/cmm/m/it/10.95 a[]\OT1/cm
r/m/n/10.95 ^^@)[]$ equidis-tributed in $\OML/cmm/m/it/10.95 X$\OT1/cmr/m/n/10.
95 . [] 
 []


LaTeX Warning: Reference `S:GT2' on page 17 undefined on input line 1699.


LaTeX Warning: Reference `E:norms' on page 17 undefined on input line 1699.


LaTeX Warning: Reference `E:M' on page 17 undefined on input line 1699.


LaTeX Warning: Reference `E:beta' on page 17 undefined on input line 1699.


LaTeX Warning: Reference `E:m' on page 17 undefined on input line 1699.

[36]
Overfull \hbox (12.0pt too wide) in paragraph at lines 1737--1737
[][] 
 []

[37]
Overfull \hbox (12.0pt too wide) in paragraph at lines 1740--1740
[][] 
 []


LaTeX Warning: Reference `E:positive' on page 18 undefined on input line 1855.


LaTeX Warning: Reference `E:positive' on page 18 undefined on input line 1855.


LaTeX Warning: Reference `E:positive' on page 18 undefined on input line 1855.


LaTeX Warning: Reference `E:r_0' on page 18 undefined on input line 1855.


LaTeX Warning: Reference `E:r_0' on page 18 undefined on input line 1855.


LaTeX Warning: Reference `E:asar' on page 19 undefined on input line 1855.


LaTeX Warning: Reference `E:r_0A' on page 19 undefined on input line 1855.


LaTeX Warning: Reference `E:r_0B' on page 19 undefined on input line 1855.


LaTeX Warning: Reference `E:r_0' on page 19 undefined on input line 1855.


LaTeX Warning: Reference `E:r_0' on page 19 undefined on input line 1855.


LaTeX Warning: Reference `E:positive' on page 19 undefined on input line 1855.


LaTeX Warning: Reference `E:simplified' on page 19 undefined on input line 1855
.


LaTeX Warning: Reference `E:appr' on page 19 undefined on input line 1855.


LaTeX Warning: Reference `E:r_0' on page 19 undefined on input line 1855.


LaTeX Warning: Reference `E:positive' on page 19 undefined on input line 1855.


LaTeX Warning: Reference `E:positive' on page 19 undefined on input line 1855.


LaTeX Warning: Reference `E:positive' on page 19 undefined on input line 1855.

[38]
Overfull \hbox (217.66194pt too wide) in paragraph at lines 1868--1886
\OT1/cmr/m/n/10.95 the next sec-tion in or-der to prove The-o-rem A'. [] 
 []

[39]
Overfull \hbox (12.0pt too wide) in paragraph at lines 1891--1891
[][] 
 []


LaTeX Warning: Reference `E:simpletaylor' on page 20 undefined on input line 19
14.

[40]
Overfull \hbox (60.59006pt too wide) in paragraph at lines 1927--1952
\OT1/cmr/m/n/10.95 quently use: [] 
 []


Underfull \vbox (badness 4036) has occurred while \output is active []

 [41]
Overfull \hbox (252.40605pt too wide) in paragraph at lines 1997--2009
\OT1/cmr/m/n/10.95 tional in-verse $\OML/cmm/m/it/10.95 a[]$ \OT1/cmr/m/n/10.95
 of $\OML/cmm/m/it/10.95 a$ \OT1/cmr/m/n/10.95 (which is not nec-es-sar-ily in 
$\OMS/cmsy/m/n/10.95 H$\OT1/cmr/m/n/10.95 ). [] 
 []


LaTeX Warning: Reference `E:inv1' on page 21 undefined on input line 2037.


LaTeX Warning: Reference `E:inv2' on page 21 undefined on input line 2037.

[42]
Overfull \hbox (12.0pt too wide) in paragraph at lines 2061--2061
[][] 
 []

[43]
Overfull \hbox (12.0pt too wide) in paragraph at lines 2072--2072
[][] 
 []

[44]
Overfull \hbox (207.49182pt too wide) in paragraph at lines 2073--2086
\OML/cmm/m/it/10.95 ^^^ \OT1/cmr/m/n/10.95 = \OML/cmm/m/it/10.95 ^^_$ \OT1/cmr/
m/n/10.95 of $\U/msb/m/n/10.95 T[]$ \OT1/cmr/m/n/10.95 (in which case the in-te
-gral is $0$). [] 
 []


LaTeX Warning: Reference `E:b_m' on page 22 undefined on input line 2199.


LaTeX Warning: Reference `E:b_m' on page 22 undefined on input line 2199.


LaTeX Warning: Reference `E:l1' on page 22 undefined on input line 2199.


LaTeX Warning: Reference `E:D1' on page 23 undefined on input line 2199.


LaTeX Warning: Reference `E:l1' on page 23 undefined on input line 2199.


LaTeX Warning: Reference `E:l1' on page 23 undefined on input line 2199.


LaTeX Warning: Reference `E:l1' on page 23 undefined on input line 2199.


LaTeX Warning: Reference `E:D2' on page 23 undefined on input line 2199.


LaTeX Warning: Reference `E:D2' on page 23 undefined on input line 2199.


LaTeX Warning: Reference `E:l2' on page 23 undefined on input line 2199.


LaTeX Warning: Reference `E:l3' on page 23 undefined on input line 2199.


LaTeX Warning: Reference `E:D2' on page 23 undefined on input line 2199.


LaTeX Warning: Reference `E:l1' on page 23 undefined on input line 2199.

[45]
Overfull \hbox (303.57896pt too wide) in paragraph at lines 2201--2215
\OT1/cmr/m/n/10.95 anal-o-gous to that of Lemma 5.6  so we are just go-ing to s
ketch it. [] 
 []


LaTeX Warning: Reference `E:B'' on page 25 undefined on input line 2312.


LaTeX Warning: Reference `E:A2' on page 25 undefined on input line 2312.


LaTeX Warning: Reference `E:A=a' on page 25 undefined on input line 2312.


LaTeX Warning: Reference `E:A=a' on page 25 undefined on input line 2312.

[46] [47]
Overfull \hbox (12.0pt too wide) in paragraph at lines 2362--2362
[][] 
 []


LaTeX Warning: Reference `E:MV2' on page 26 undefined on input line 2410.

[48]
Overfull \hbox (320.79027pt too wide) in paragraph at lines 2413--2419
[]\OT1/cmr/m/n/10.95 In this sec-tion we shall prove our main re-sult which we 
now re-call: [] 
 []

[49]
Overfull \hbox (133.575pt too wide) in paragraph at lines 2421--2440
\OMS/cmsy/m/n/10.95 H$ \OT1/cmr/m/n/10.95 can be treated sim-i-larly): [] 
 []

[50]
Overfull \hbox (247.95695pt too wide) in paragraph at lines 2454--2471
\OT1/cmr/m/n/10.95 sult which serves as a sub-sti-tute for Propo-si-tion 4.3 : 
[] 
 []

[51]
Overfull \hbox (335.37457pt too wide) in paragraph at lines 2472--2487
\OT1/cmr/m/n/10.95 equidis-tri-bu-tion re-sult which serves as a sub-sti-tute f
or Propo-si-tion 4.5 : [] 
 []


LaTeX Warning: Reference `SS:warmupconclusion' on page 27 undefined on input li
ne 2498.

[52]
Overfull \hbox (12.0pt too wide) in paragraph at lines 2586--2586
[][] 
 []


LaTeX Warning: Reference `E:lkmn' on page 29 undefined on input line 2717.


LaTeX Warning: Reference `E:CSVDC'' on page 29 undefined on input line 2717.


LaTeX Warning: Reference `E:linear' on page 29 undefined on input line 2717.


LaTeX Warning: Reference `E:bvc' on page 30 undefined on input line 2717.

[53]
Overfull \hbox (386.70341pt too wide) in paragraph at lines 2719--2758
[]\OT1/cmr/m/n/10.95 We il-lus-trate the method used in the pre-vi-ous proof wi
th the fol-low-ing ex-am-ple: [] 
 []


Underfull \vbox (badness 10000) has occurred while \output is active []

 [54]
[55]
Overfull \hbox (12.0pt too wide) in paragraph at lines 2789--2789
[][] 
 []


Underfull \vbox (badness 10000) has occurred while \output is active []



LaTeX Warning: Reference `E:CSVDC''' on page 32 undefined on input line 2845.


LaTeX Warning: Reference `E:CSVDC'''' on page 32 undefined on input line 2845.

[56]
Overfull \hbox (212.0855pt too wide) in paragraph at lines 2847--2861
\OT1/cmr/m/n/10.95 The-o-rem 6.2 . We first need a sim-ple lemma: [] 
 []


Underfull \vbox (badness 1748) has occurred while \output is active []



LaTeX Warning: Reference `E:CS' on page 33 undefined on input line 2940.


LaTeX Warning: Reference `M:22' on page 33 undefined on input line 2940.

LaTeX Font Info:    Try loading font information for OMS+cmr on input line 2979
.
(/usr/share/texlive/texmf-dist/tex/latex/base/omscmr.fd
File: omscmr.fd 2014/09/29 v2.5h Standard LaTeX font definitions
)
LaTeX Font Info:    Font shape `OMS/cmr/m/n' in size <9> not available
(Font)              Font shape `OMS/cmsy/m/n' tried instead on input line 2979.

 [57]
Overfull \hbox (12.0pt too wide) in paragraph at lines 3007--3007
[][] 
 []

[58]
Overfull \hbox (12.0pt too wide) in paragraph at lines 3030--3030
[][] 
 []


LaTeX Warning: Reference `E:fkl' on page 35 undefined on input line 3106.


LaTeX Warning: Reference `E:fkl'' on page 35 undefined on input line 3106.


LaTeX Warning: Reference `E:fkl'' on page 35 undefined on input line 3106.


LaTeX Warning: Reference `E:fkl'' on page 35 undefined on input line 3106.


LaTeX Warning: Reference `E:fkl''' on page 35 undefined on input line 3106.


LaTeX Warning: Reference `E:fkl''' on page 35 undefined on input line 3106.


LaTeX Warning: Reference `E:fkl' on page 35 undefined on input line 3106.


LaTeX Warning: Reference `E:fkl' on page 35 undefined on input line 3106.


LaTeX Warning: Reference `E:sum' on page 36 undefined on input line 3106.


LaTeX Warning: Reference `E:J1' on page 36 undefined on input line 3185.


LaTeX Warning: Reference `E:J2' on page 36 undefined on input line 3185.


Underfull \vbox (badness 10000) has occurred while \output is active []


(source_extraction/results/0802.2734.aux)

LaTeX Warning: There were undefined references.

 ) 
Here is how much of TeX's memory you used:
 2797 strings out of 494260
 34306 string characters out of 6168642
 135733 words of memory out of 5000000
 5973 multiletter control sequences out of 15000+600000
 14948 words of font info for 54 fonts, out of 8000000 for 9000
 658 hyphenation exceptions out of 8191
 34i,15n,32p,904b,311s stack positions out of 5000i,500n,10000p,200000b,80000s
</usr/share/texlive/texmf-dist/fonts/type1/public/amsfonts/cm/cmbx10.pfb></us
r/share/texlive/texmf-dist/fonts/type1/public/amsfonts/cm/cmex10.pfb></usr/shar
e/texlive/texmf-dist/fonts/type1/public/amsfonts/cm/cmmi10.pfb></usr/share/texl
ive/texmf-dist/fonts/type1/public/amsfonts/cm/cmmi6.pfb></usr/share/texlive/tex
mf-dist/fonts/type1/public/amsfonts/cm/cmmi8.pfb></usr/share/texlive/texmf-dist
/fonts/type1/public/amsfonts/cm/cmr10.pfb></usr/share/texlive/texmf-dist/fonts/
type1/public/amsfonts/cm/cmr6.pfb></usr/share/texlive/texmf-dist/fonts/type1/pu
blic/amsfonts/cm/cmr8.pfb></usr/share/texlive/texmf-dist/fonts/type1/public/ams
fonts/cm/cmsy10.pfb></usr/share/texlive/texmf-dist/fonts/type1/public/amsfonts/
cm/cmsy6.pfb></usr/share/texlive/texmf-dist/fonts/type1/public/amsfonts/cm/cmsy
8.pfb></usr/share/texlive/texmf-dist/fonts/type1/public/amsfonts/cm/cmti10.pfb>
</usr/share/texlive/texmf-dist/fonts/type1/public/amsfonts/symbols/msbm10.pfb>
Output written on source_extraction/results/0802.2734.pdf (58 pages, 222449 byt
es).
PDF statistics:
 244 PDF objects out of 1000 (max. 8388607)
 169 compressed objects within 2 object streams
 0 named destinations out of 1000 (max. 500000)
 1 words of extra memory for PDF output out of 10000 (max. 10000000)

