This is pdfTeX, Version 3.14159265-2.6-1.40.18 (TeX Live 2017/Debian) (preloaded format=pdflatex 2018.11.16)  29 NOV 2018 16:38
entering extended mode
 restricted \write18 enabled.
 %&-line parsing enabled.
**source_extraction/results/0804.2333.tex
(./source_extraction/results/0804.2333.tex
LaTeX2e <2017-04-15>
Babel <3.18> and hyphenation patterns for 20 language(s) loaded.
(/usr/share/texlive/texmf-dist/tex/latex/base/article.cls
Document Class: article 2014/09/29 v1.4h Standard LaTeX document class
(/usr/share/texlive/texmf-dist/tex/latex/base/size10.clo
File: size10.clo 2014/09/29 v1.4h Standard LaTeX file (size option)
)
\c@part=\count79
\c@section=\count80
\c@subsection=\count81
\c@subsubsection=\count82
\c@paragraph=\count83
\c@subparagraph=\count84
\c@figure=\count85
\c@table=\count86
\abovecaptionskip=\skip41
\belowcaptionskip=\skip42
\bibindent=\dimen102
)
(/usr/share/texlive/texmf-dist/tex/latex/amsmath/amsmath.sty
Package: amsmath 2017/09/02 v2.17a AMS math features
\@mathmargin=\skip43

For additional information on amsmath, use the `?' option.
(/usr/share/texlive/texmf-dist/tex/latex/amsmath/amstext.sty
Package: amstext 2000/06/29 v2.01 AMS text

(/usr/share/texlive/texmf-dist/tex/latex/amsmath/amsgen.sty
File: amsgen.sty 1999/11/30 v2.0 generic functions
\@emptytoks=\toks14
\ex@=\dimen103
))
(/usr/share/texlive/texmf-dist/tex/latex/amsmath/amsbsy.sty
Package: amsbsy 1999/11/29 v1.2d Bold Symbols
\pmbraise@=\dimen104
)
(/usr/share/texlive/texmf-dist/tex/latex/amsmath/amsopn.sty
Package: amsopn 2016/03/08 v2.02 operator names
)
\inf@bad=\count87
LaTeX Info: Redefining \frac on input line 213.
\uproot@=\count88
\leftroot@=\count89
LaTeX Info: Redefining \overline on input line 375.
\classnum@=\count90
\DOTSCASE@=\count91
LaTeX Info: Redefining \ldots on input line 472.
LaTeX Info: Redefining \dots on input line 475.
LaTeX Info: Redefining \cdots on input line 596.
\Mathstrutbox@=\box26
\strutbox@=\box27
\big@size=\dimen105
LaTeX Font Info:    Redeclaring font encoding OML on input line 712.
LaTeX Font Info:    Redeclaring font encoding OMS on input line 713.
\macc@depth=\count92
\c@MaxMatrixCols=\count93
\dotsspace@=\muskip10
\c@parentequation=\count94
\dspbrk@lvl=\count95
\tag@help=\toks15
\row@=\count96
\column@=\count97
\maxfields@=\count98
\andhelp@=\toks16
\eqnshift@=\dimen106
\alignsep@=\dimen107
\tagshift@=\dimen108
\tagwidth@=\dimen109
\totwidth@=\dimen110
\lineht@=\dimen111
\@envbody=\toks17
\multlinegap=\skip44
\multlinetaggap=\skip45
\mathdisplay@stack=\toks18
LaTeX Info: Redefining \[ on input line 2817.
LaTeX Info: Redefining \] on input line 2818.
)
(/usr/share/texlive/texmf-dist/tex/latex/amsfonts/amssymb.sty
Package: amssymb 2013/01/14 v3.01 AMS font symbols

(/usr/share/texlive/texmf-dist/tex/latex/amsfonts/amsfonts.sty
Package: amsfonts 2013/01/14 v3.01 Basic AMSFonts support
\symAMSa=\mathgroup4
\symAMSb=\mathgroup5
LaTeX Font Info:    Overwriting math alphabet `\mathfrak' in version `bold'
(Font)                  U/euf/m/n --> U/euf/b/n on input line 106.
)) (./extract.sty (/usr/share/texlive/texmf-dist/tex/latex/environ/environ.sty
Package: environ 2014/05/04 v0.3 A new way to define environments

(/usr/share/texlive/texmf-dist/tex/latex/trimspaces/trimspaces.sty
Package: trimspaces 2009/09/17 v1.1 Trim spaces around a token list
))
(/usr/share/texlive/texmf-dist/tex/latex/etextools/etextools.sty
Package: etextools 2010/12/07 v3.1415926 e-TeX more useful tools for LaTeX pack
age writers

(/usr/share/texlive/texmf-dist/tex/latex/etex-pkg/etex.sty
Package: etex 2016/08/01 v2.7 eTeX basic definition package (PEB,DPC)
\et@xins=\count99
)
(/usr/share/texlive/texmf-dist/tex/latex/etoolbox/etoolbox.sty
Package: etoolbox 2018/02/11 v2.5e e-TeX tools for LaTeX (JAW)
\etb@tempcnta=\count100
)
(/usr/share/texlive/texmf-dist/tex/latex/oberdiek/letltxmacro.sty
Package: letltxmacro 2016/05/16 v1.5 Let assignment for LaTeX macros (HO)
)
\ettl@fter=\count101
\ettl@for@nested=\count277
)
(/usr/share/texmf/tex/latex/preview/preview.sty
Package: preview 2017/04/24 11.91 (AUCTeX/preview-latex)

(/usr/share/texmf/tex/latex/preview/prtightpage.def
\PreviewBorder=\dimen112
)
\pr@snippet=\count102
\pr@box=\box28
\pr@output=\toks19
)
\c@propcounter=\count103
\mybox=\box29
)
\c@theorem=\count104
\c@definition=\count105
\c@corollary=\count106
\c@remark=\count107
\c@lemma=\count108

(/usr/share/texlive/texmf-dist/tex/latex/amsfonts/eucal.sty
Package: eucal 2009/06/22 v3.00 Euler Script fonts
LaTeX Font Info:    Overwriting math alphabet `\EuScript' in version `bold'
(Font)                  U/eus/m/n --> U/eus/b/n on input line 33.
)
(source_extraction/results/0804.2333.aux)
\openout1 = `0804.2333.aux'.

LaTeX Font Info:    Checking defaults for OML/cmm/m/it on input line 56.
LaTeX Font Info:    ... okay on input line 56.
LaTeX Font Info:    Checking defaults for T1/cmr/m/n on input line 56.
LaTeX Font Info:    ... okay on input line 56.
LaTeX Font Info:    Checking defaults for OT1/cmr/m/n on input line 56.
LaTeX Font Info:    ... okay on input line 56.
LaTeX Font Info:    Checking defaults for OMS/cmsy/m/n on input line 56.
LaTeX Font Info:    ... okay on input line 56.
LaTeX Font Info:    Checking defaults for OMX/cmex/m/n on input line 56.
LaTeX Font Info:    ... okay on input line 56.
LaTeX Font Info:    Checking defaults for U/cmr/m/n on input line 56.
LaTeX Font Info:    ... okay on input line 56.

Preview: Fontsize 10pt
Preview: PDFoutput 1
LaTeX Font Info:    Try loading font information for U+msa on input line 57.
(/usr/share/texlive/texmf-dist/tex/latex/amsfonts/umsa.fd
File: umsa.fd 2013/01/14 v3.01 AMS symbols A
)
LaTeX Font Info:    Try loading font information for U+msb on input line 57.

(/usr/share/texlive/texmf-dist/tex/latex/amsfonts/umsb.fd
File: umsb.fd 2013/01/14 v3.01 AMS symbols B
)
Overfull \hbox (7.11176pt too wide) in paragraph at lines 57--57
 [][] 
 []


LaTeX Warning: Citation `Kestelman:61' on page 1 undefined on input line 61.


LaTeX Warning: Citation `Kestelman:61' on page 1 undefined on input line 85.

Preview: Tightpage -32891 -32891 32891 32891
[1{/var/lib/texmf/fonts/map/pdftex/updmap/pdftex.map}]
Overfull \hbox (15.0pt too wide) in paragraph at lines 92--92
[][] 
 []


LaTeX Warning: Citation `Gelbaum:65' on page 2 undefined on input line 97.


LaTeX Warning: Citation `PreissUher:70' on page 2 undefined on input line 98.

LaTeX Font Info:    Try loading font information for U+eus on input line 130.
(/usr/share/texlive/texmf-dist/tex/latex/amsfonts/ueus.fd
File: ueus.fd 2013/01/14 v3.01 Euler Script
) [2]
Overfull \hbox (15.0pt too wide) in paragraph at lines 171--171
[][] 
 []


Underfull \hbox (badness 1817) in paragraph at lines 176--176
\OT1/cmr/m/it/10 bounded $\OML/cmm/m/it/10 f [] [] X \OMS/cmsy/m/n/10 ! \U/msb/
m/n/10 R$\OT1/cmr/m/it/10 , in-te-gra-bil-ity of $\OML/cmm/m/it/10 f$ \OT1/cmr/
m/it/10 is equiv-a-lent to the con-di-tion
 []

[3]
Overfull \hbox (15.0pt too wide) in paragraph at lines 176--176
[][] 
 []

[4]
Overfull \hbox (15.0pt too wide) in paragraph at lines 182--182
[][] 
 []

[5]
Overfull \hbox (15.0pt too wide) in paragraph at lines 197--197
[][] 
 []

[6]
Overfull \hbox (15.0pt too wide) in paragraph at lines 203--203
[][] 
 []

[7]
Overfull \hbox (15.0pt too wide) in paragraph at lines 210--210
[][] 
 []

[8]
Overfull \hbox (15.0pt too wide) in paragraph at lines 229--229
[][] 
 []


Overfull \hbox (0.71529pt too wide) detected at line 1026
\OT1/cmr/m/n/10 = []
 []

[9]

LaTeX Warning: Citation `Graves:27' on page 6 undefined on input line 1026.


LaTeX Warning: Citation `Leach:61' on page 6 undefined on input line 1026.


LaTeX Warning: Citation `Leach:63' on page 6 undefined on input line 1026.

[10]
Overfull \hbox (15.0pt too wide) in paragraph at lines 1026--1026
[][] 
 []

! Undefined control sequence.
\env@proof@parse ...save@env\endcsname #1\env@nil 
                                                  \csname env@proof@process\...
l.1026 \end{document}
                     
The control sequence at the end of the top line
of your error message was never \def'ed. If you have
misspelled it (e.g., `\hobx'), type `I' and the correct
spelling (e.g., `I\hbox'). Otherwise just continue,
and I'll forget about whatever was undefined.

[11]
Overfull \hbox (15.0pt too wide) in paragraph at lines 1026--1026
[][] 
 []


LaTeX Warning: Citation `Nijenhuis:74' on page 7 undefined on input line 1026.

[12]
Overfull \hbox (15.0pt too wide) in paragraph at lines 1026--1026
[][] 
 []

[13]
Overfull \hbox (15.0pt too wide) in paragraph at lines 1026--1026
[][] 
 []


LaTeX Warning: Citation `Nijenhuis:74' on page 7 undefined on input line 1026.

[14]
Overfull \hbox (15.0pt too wide) in paragraph at lines 1026--1026
[][] 
 []


LaTeX Warning: Citation `Nijenhuis:74' on page 8 undefined on input line 1026.

[15]
Overfull \hbox (15.0pt too wide) in paragraph at lines 1026--1026
[][] 
 []

[16]
Overfull \hbox (15.0pt too wide) in paragraph at lines 1026--1026
[][] 
 []


LaTeX Warning: Citation `Pfeffer:93' on page 8 undefined on input line 1026.

[17]
Overfull \hbox (15.0pt too wide) in paragraph at lines 1026--1026
[][] 
 []

[18]
Overfull \hbox (15.0pt too wide) in paragraph at lines 1026--1026
[][] 
 []

[19]
Overfull \hbox (15.0pt too wide) in paragraph at lines 1026--1026
[][] 
 []

[20]
! Undefined control sequence.
<argument> ...,=\,0,$$ where on $\R ^m\times \ETC.
                                                  
l.1026 \end{document}
                     
The control sequence at the end of the top line
of your error message was never \def'ed. If you have
misspelled it (e.g., `\hobx'), type `I' and the correct
spelling (e.g., `I\hbox'). Otherwise just continue,
and I'll forget about whatever was undefined.

! Undefined control sequence.
\env@proof@parse ...save@env\endcsname #1\env@nil 
                                                  \csname env@proof@process\...
l.1026 \end{document}
                     
The control sequence at the end of the top line
of your error message was never \def'ed. If you have
misspelled it (e.g., `\hobx'), type `I' and the correct
spelling (e.g., `I\hbox'). Otherwise just continue,
and I'll forget about whatever was undefined.


LaTeX Warning: Citation `Pfeffer:93' on page 9 undefined on input line 1026.

[21]
Overfull \hbox (15.0pt too wide) in paragraph at lines 1026--1026
[][] 
 []

! Undefined control sequence.
<argument> ...ys `continuous linear' instead \ETC.
                                                  
l.1026 \end{document}
                     
The control sequence at the end of the top line
of your error message was never \def'ed. If you have
misspelled it (e.g., `\hobx'), type `I' and the correct
spelling (e.g., `I\hbox'). Otherwise just continue,
and I'll forget about whatever was undefined.

! Undefined control sequence.
<argument> ...ys `continuous linear' instead \ETC.
                                                  
l.1026 \end{document}
                     
The control sequence at the end of the top line
of your error message was never \def'ed. If you have
misspelled it (e.g., `\hobx'), type `I' and the correct
spelling (e.g., `I\hbox'). Otherwise just continue,
and I'll forget about whatever was undefined.

! Undefined control sequence.
\env@proof@parse ...save@env\endcsname #1\env@nil 
                                                  \csname env@proof@process\...
l.1026 \end{document}
                     
The control sequence at the end of the top line
of your error message was never \def'ed. If you have
misspelled it (e.g., `\hobx'), type `I' and the correct
spelling (e.g., `I\hbox'). Otherwise just continue,
and I'll forget about whatever was undefined.

[22]
Overfull \hbox (15.0pt too wide) in paragraph at lines 1026--1026
[][] 
 []

! Undefined control sequence.
<argument> ...tained in the proof of the next\ETC.
                                                  
l.1026 \end{document}
                     
The control sequence at the end of the top line
of your error message was never \def'ed. If you have
misspelled it (e.g., `\hobx'), type `I' and the correct
spelling (e.g., `I\hbox'). Otherwise just continue,
and I'll forget about whatever was undefined.

! Undefined control sequence.
<argument> ...tained in the proof of the next\ETC.
                                                  
l.1026 \end{document}
                     
The control sequence at the end of the top line
of your error message was never \def'ed. If you have
misspelled it (e.g., `\hobx'), type `I' and the correct
spelling (e.g., `I\hbox'). Otherwise just continue,
and I'll forget about whatever was undefined.

! Undefined control sequence.
<argument> ...tained in the proof of the next\ETC.
                                                  
l.1026 \end{document}
                     
The control sequence at the end of the top line
of your error message was never \def'ed. If you have
misspelled it (e.g., `\hobx'), type `I' and the correct
spelling (e.g., `I\hbox'). Otherwise just continue,
and I'll forget about whatever was undefined.

! Undefined control sequence.
\env@proof@parse ...save@env\endcsname #1\env@nil 
                                                  \csname env@proof@process\...
l.1026 \end{document}
                     
The control sequence at the end of the top line
of your error message was never \def'ed. If you have
misspelled it (e.g., `\hobx'), type `I' and the correct
spelling (e.g., `I\hbox'). Otherwise just continue,
and I'll forget about whatever was undefined.


LaTeX Warning: Citation `Spivak:65' on page 10 undefined on input line 1026.

[23]
Overfull \hbox (15.0pt too wide) in paragraph at lines 1026--1026
[][] 
 []


LaTeX Warning: Citation `Sard:42' on page 10 undefined on input line 1026.


LaTeX Warning: Citation `Morse:39' on page 10 undefined on input line 1026.

[24]
Overfull \hbox (15.0pt too wide) in paragraph at lines 1026--1026
[][] 
 []

Runaway argument?
\noexpand { $\Omega $ is a countable union of cubes, so it is enough \ETC.
! TeX capacity exceeded, sorry [main memory size=5000000].
<argument> ...arrho (x,v)=G(x)+M(v+w-x)=\ell \ETC.
                                                  
l.1026 \end{document}
                     
If you really absolutely need more capacity,
you can ask a wizard to enlarge me.

 
Here is how much of TeX's memory you used:
 2236 strings out of 494260
 27276 string characters out of 6168642
 5000001 words of memory out of 5000000
 5570 multiletter control sequences out of 15000+600000
 15684 words of font info for 59 fonts, out of 8000000 for 9000
 497 hyphenation exceptions out of 8191
 30i,8n,28p,895b,201s stack positions out of 5000i,500n,10000p,200000b,80000s
!  ==> Fatal error occurred, no output PDF file produced!
