This is pdfTeX, Version 3.14159265-2.6-1.40.18 (TeX Live 2017/Debian) (preloaded format=pdflatex 2018.11.16)  29 NOV 2018 14:47
entering extended mode
 restricted \write18 enabled.
 %&-line parsing enabled.
**source_extraction/results/0805.0288.tex
(./source_extraction/results/0805.0288.tex
LaTeX2e <2017-04-15>
Babel <3.18> and hyphenation patterns for 20 language(s) loaded.
(/usr/share/texlive/texmf-dist/tex/latex/base/article.cls
Document Class: article 2014/09/29 v1.4h Standard LaTeX document class
(/usr/share/texlive/texmf-dist/tex/latex/base/size10.clo
File: size10.clo 2014/09/29 v1.4h Standard LaTeX file (size option)
)
\c@part=\count79
\c@section=\count80
\c@subsection=\count81
\c@subsubsection=\count82
\c@paragraph=\count83
\c@subparagraph=\count84
\c@figure=\count85
\c@table=\count86
\abovecaptionskip=\skip41
\belowcaptionskip=\skip42
\bibindent=\dimen102
)
(/usr/share/texlive/texmf-dist/tex/latex/amsfonts/eucal.sty
Package: eucal 2009/06/22 v3.00 Euler Script fonts
LaTeX Font Info:    Overwriting math alphabet `\EuScript' in version `bold'
(Font)                  U/eus/m/n --> U/eus/b/n on input line 33.
)
(/usr/share/texlive/texmf-dist/tex/latex/tools/enumerate.sty
Package: enumerate 2015/07/23 v3.00 enumerate extensions (DPC)
\@enLab=\toks14
)
(/usr/share/texlive/texmf-dist/tex/latex/colortbl/colortbl.sty
Package: colortbl 2012/02/13 v1.0a Color table columns (DPC)

(/usr/share/texlive/texmf-dist/tex/latex/tools/array.sty
Package: array 2016/10/06 v2.4d Tabular extension package (FMi)
\col@sep=\dimen103
\extrarowheight=\dimen104
\NC@list=\toks15
\extratabsurround=\skip43
\backup@length=\skip44
)
(/usr/share/texlive/texmf-dist/tex/latex/graphics/color.sty
Package: color 2016/07/10 v1.1e Standard LaTeX Color (DPC)

(/usr/share/texlive/texmf-dist/tex/latex/graphics-cfg/color.cfg
File: color.cfg 2016/01/02 v1.6 sample color configuration
)
Package color Info: Driver file: pdftex.def on input line 147.

(/usr/share/texlive/texmf-dist/tex/latex/graphics-def/pdftex.def
File: pdftex.def 2018/01/08 v1.0l Graphics/color driver for pdftex
))
\everycr=\toks16
\minrowclearance=\skip45
)
(/usr/share/texlive/texmf-dist/tex/latex/amsfonts/amsfonts.sty
Package: amsfonts 2013/01/14 v3.01 Basic AMSFonts support
\@emptytoks=\toks17
\symAMSa=\mathgroup4
\symAMSb=\mathgroup5
LaTeX Font Info:    Overwriting math alphabet `\mathfrak' in version `bold'
(Font)                  U/euf/m/n --> U/euf/b/n on input line 106.
)
(/usr/share/texlive/texmf-dist/tex/latex/amsfonts/amssymb.sty
Package: amssymb 2013/01/14 v3.01 AMS font symbols
)
(/usr/share/texlive/texmf-dist/tex/latex/amsmath/amsmath.sty
Package: amsmath 2017/09/02 v2.17a AMS math features
\@mathmargin=\skip46

For additional information on amsmath, use the `?' option.
(/usr/share/texlive/texmf-dist/tex/latex/amsmath/amstext.sty
Package: amstext 2000/06/29 v2.01 AMS text

(/usr/share/texlive/texmf-dist/tex/latex/amsmath/amsgen.sty
File: amsgen.sty 1999/11/30 v2.0 generic functions
\@emptytoks=\toks18
\ex@=\dimen105
))
(/usr/share/texlive/texmf-dist/tex/latex/amsmath/amsbsy.sty
Package: amsbsy 1999/11/29 v1.2d Bold Symbols
\pmbraise@=\dimen106
)
(/usr/share/texlive/texmf-dist/tex/latex/amsmath/amsopn.sty
Package: amsopn 2016/03/08 v2.02 operator names
)
\inf@bad=\count87
LaTeX Info: Redefining \frac on input line 213.
\uproot@=\count88
\leftroot@=\count89
LaTeX Info: Redefining \overline on input line 375.
\classnum@=\count90
\DOTSCASE@=\count91
LaTeX Info: Redefining \ldots on input line 472.
LaTeX Info: Redefining \dots on input line 475.
LaTeX Info: Redefining \cdots on input line 596.
\Mathstrutbox@=\box26
\strutbox@=\box27
\big@size=\dimen107
LaTeX Font Info:    Redeclaring font encoding OML on input line 712.
LaTeX Font Info:    Redeclaring font encoding OMS on input line 713.
\macc@depth=\count92
\c@MaxMatrixCols=\count93
\dotsspace@=\muskip10
\c@parentequation=\count94
\dspbrk@lvl=\count95
\tag@help=\toks19
\row@=\count96
\column@=\count97
\maxfields@=\count98
\andhelp@=\toks20
\eqnshift@=\dimen108
\alignsep@=\dimen109
\tagshift@=\dimen110
\tagwidth@=\dimen111
\totwidth@=\dimen112
\lineht@=\dimen113
\@envbody=\toks21
\multlinegap=\skip47
\multlinetaggap=\skip48
\mathdisplay@stack=\toks22
LaTeX Info: Redefining \[ on input line 2817.
LaTeX Info: Redefining \] on input line 2818.
) (./extract.sty
(/usr/share/texlive/texmf-dist/tex/latex/environ/environ.sty
Package: environ 2014/05/04 v0.3 A new way to define environments

(/usr/share/texlive/texmf-dist/tex/latex/trimspaces/trimspaces.sty
Package: trimspaces 2009/09/17 v1.1 Trim spaces around a token list
))
(/usr/share/texlive/texmf-dist/tex/latex/etextools/etextools.sty
Package: etextools 2010/12/07 v3.1415926 e-TeX more useful tools for LaTeX pack
age writers

(/usr/share/texlive/texmf-dist/tex/latex/etex-pkg/etex.sty
Package: etex 2016/08/01 v2.7 eTeX basic definition package (PEB,DPC)
\et@xins=\count99
)
(/usr/share/texlive/texmf-dist/tex/latex/etoolbox/etoolbox.sty
Package: etoolbox 2018/02/11 v2.5e e-TeX tools for LaTeX (JAW)
\etb@tempcnta=\count100
)
(/usr/share/texlive/texmf-dist/tex/latex/oberdiek/letltxmacro.sty
Package: letltxmacro 2016/05/16 v1.5 Let assignment for LaTeX macros (HO)
)
\ettl@fter=\count101
\ettl@for@nested=\count277
)
(/usr/share/texmf/tex/latex/preview/preview.sty
Package: preview 2017/04/24 11.91 (AUCTeX/preview-latex)

(/usr/share/texmf/tex/latex/preview/prtightpage.def
\PreviewBorder=\dimen114
)
\pr@snippet=\count102
\pr@box=\box28
\pr@output=\toks23
)
\c@propcounter=\count103
\mybox=\box29
)
\c@theorem=\count104
\c@limma=\count105

(source_extraction/results/0805.0288.aux

LaTeX Warning: Label `fin' multiply defined.

)
\openout1 = `0805.0288.aux'.

LaTeX Font Info:    Checking defaults for OML/cmm/m/it on input line 33.
LaTeX Font Info:    ... okay on input line 33.
LaTeX Font Info:    Checking defaults for T1/cmr/m/n on input line 33.
LaTeX Font Info:    ... okay on input line 33.
LaTeX Font Info:    Checking defaults for OT1/cmr/m/n on input line 33.
LaTeX Font Info:    ... okay on input line 33.
LaTeX Font Info:    Checking defaults for OMS/cmsy/m/n on input line 33.
LaTeX Font Info:    ... okay on input line 33.
LaTeX Font Info:    Checking defaults for OMX/cmex/m/n on input line 33.
LaTeX Font Info:    ... okay on input line 33.
LaTeX Font Info:    Checking defaults for U/cmr/m/n on input line 33.
LaTeX Font Info:    ... okay on input line 33.
 (/usr/share/texlive/texmf-dist/tex/context/base/mkii/supp-pdf.mkii
[Loading MPS to PDF converter (version 2006.09.02).]
\scratchcounter=\count106
\scratchdimen=\dimen115
\scratchbox=\box30
\nofMPsegments=\count107
\nofMParguments=\count108
\everyMPshowfont=\toks24
\MPscratchCnt=\count109
\MPscratchDim=\dimen116
\MPnumerator=\count110
\makeMPintoPDFobject=\count111
\everyMPtoPDFconversion=\toks25
)
Preview: Fontsize 10pt
Preview: PDFoutput 1
LaTeX Font Info:    Try loading font information for U+msa on input line 36.
(/usr/share/texlive/texmf-dist/tex/latex/amsfonts/umsa.fd
File: umsa.fd 2013/01/14 v3.01 AMS symbols A
)
LaTeX Font Info:    Try loading font information for U+msb on input line 36.

(/usr/share/texlive/texmf-dist/tex/latex/amsfonts/umsb.fd
File: umsb.fd 2013/01/14 v3.01 AMS symbols B
)
Preview: Tightpage -32891 -32891 32891 32891
[1{/var/lib/texmf/fonts/map/pdftex/updmap/pdftex.map}]
Overfull \hbox (15.0pt too wide) in paragraph at lines 96--96
[][] 
 []

[2]
Overfull \hbox (15.0pt too wide) in paragraph at lines 119--119
[][] 
 []

[3]
Overfull \hbox (15.0pt too wide) in paragraph at lines 136--136
[][] 
 []

[4]
Overfull \hbox (15.0pt too wide) in paragraph at lines 150--150
[][] 
 []

[5]
Overfull \hbox (15.0pt too wide) in paragraph at lines 160--160
[][] 
 []

[6]
Overfull \hbox (15.0pt too wide) in paragraph at lines 179--179
[][] 
 []

[7]
Overfull \hbox (15.0pt too wide) in paragraph at lines 185--185
[][] 
 []

LaTeX Font Info:    Try loading font information for U+euf on input line 187.
(/usr/share/texlive/texmf-dist/tex/latex/amsfonts/ueuf.fd
File: ueuf.fd 2013/01/14 v3.01 Euler Fraktur
) [8]
Overfull \hbox (15.0pt too wide) in paragraph at lines 192--192
[][] 
 []


Underfull \hbox (badness 10000) in paragraph at lines 194--196

 []

[9]
Overfull \hbox (15.0pt too wide) in paragraph at lines 215--215
[][] 
 []

LaTeX Font Info:    Try loading font information for OMS+cmr on input line 255.

(/usr/share/texlive/texmf-dist/tex/latex/base/omscmr.fd
File: omscmr.fd 2014/09/29 v2.5h Standard LaTeX font definitions
)
LaTeX Font Info:    Font shape `OMS/cmr/m/it' in size <10> not available
(Font)              Font shape `OMS/cmsy/m/n' tried instead on input line 255.
 [10]
Overfull \hbox (15.0pt too wide) in paragraph at lines 255--255
[][] 
 []

[11]
Overfull \hbox (15.0pt too wide) in paragraph at lines 272--272
[][] 
 []


Underfull \hbox (badness 10000) in paragraph at lines 293--301

 []

[12]
Overfull \hbox (15.0pt too wide) in paragraph at lines 320--320
[][] 
 []

[13]
Overfull \hbox (15.0pt too wide) in paragraph at lines 347--347
[][] 
 []

[14]
Overfull \hbox (15.0pt too wide) in paragraph at lines 374--374
[][] 
 []


Underfull \hbox (badness 10000) in paragraph at lines 375--379

 []

[15]
Overfull \hbox (15.0pt too wide) in paragraph at lines 400--400
[][] 
 []

[16]
Overfull \hbox (15.0pt too wide) in paragraph at lines 405--405
[][] 
 []

[17]
Overfull \hbox (15.0pt too wide) in paragraph at lines 471--471
[][] 
 []

[18]
Overfull \hbox (15.0pt too wide) in paragraph at lines 485--485
[][] 
 []

[19]
Overfull \hbox (15.0pt too wide) in paragraph at lines 521--521
[][] 
 []

[20]
Overfull \hbox (15.0pt too wide) in paragraph at lines 536--536
[][] 
 []

[21]
Overfull \hbox (15.0pt too wide) in paragraph at lines 549--549
[][] 
 []

[22]
Overfull \hbox (15.0pt too wide) in paragraph at lines 562--562
[][] 
 []

[23]
Overfull \hbox (15.0pt too wide) in paragraph at lines 581--581
[][] 
 []


Underfull \hbox (badness 10000) in paragraph at lines 583--593

 []

[24]
Overfull \hbox (15.0pt too wide) in paragraph at lines 600--600
[][] 
 []

[25]
Underfull \hbox (badness 10000) in paragraph at lines 619--629

 []


Underfull \hbox (badness 10000) in paragraph at lines 619--629

 []

[26]
Overfull \hbox (15.0pt too wide) in paragraph at lines 646--646
[][] 
 []

[27]
Overfull \hbox (15.0pt too wide) in paragraph at lines 672--672
[][] 
 []

[28]
Overfull \hbox (15.0pt too wide) in paragraph at lines 693--693
[][] 
 []

[29]
Overfull \hbox (15.0pt too wide) in paragraph at lines 709--709
[][] 
 []

LaTeX Font Info:    Font shape `OMS/cmr/m/n' in size <10> not available
(Font)              Font shape `OMS/cmsy/m/n' tried instead on input line 718.
[30]
Overfull \hbox (15.0pt too wide) in paragraph at lines 737--737
[][] 
 []

[31]
Overfull \hbox (15.0pt too wide) in paragraph at lines 758--758
[][] 
 []

[32]
Overfull \hbox (15.0pt too wide) in paragraph at lines 781--781
[][] 
 []

[33]
Overfull \hbox (15.0pt too wide) in paragraph at lines 827--827
[][] 
 []

[34]
Overfull \hbox (15.0pt too wide) in paragraph at lines 849--849
[][] 
 []

[35]
Overfull \hbox (15.0pt too wide) in paragraph at lines 900--900
[][] 
 []


Underfull \hbox (badness 10000) in paragraph at lines 934--936

 []

[36]
Overfull \hbox (15.0pt too wide) in paragraph at lines 960--960
[][] 
 []

[37]
Overfull \hbox (15.0pt too wide) in paragraph at lines 966--966
[][] 
 []

[38]
Overfull \hbox (15.0pt too wide) in paragraph at lines 989--989
[][] 
 []


Underfull \hbox (badness 10000) in paragraph at lines 1003--1005

 []

[39]
Overfull \hbox (15.0pt too wide) in paragraph at lines 1011--1011
[][] 
 []

[40]
Overfull \hbox (15.0pt too wide) in paragraph at lines 1017--1017
[][] 
 []

[41]
Overfull \hbox (15.0pt too wide) in paragraph at lines 1026--1026
[][] 
 []

[42]
Overfull \hbox (15.0pt too wide) in paragraph at lines 1038--1038
[][] 
 []


Underfull \hbox (badness 10000) in paragraph at lines 1070--1072

 []

[43]
Overfull \hbox (15.0pt too wide) in paragraph at lines 1077--1077
[][] 
 []


Overfull \hbox (6.06511pt too wide) in paragraph at lines 1083--1083
[]\OT1/cmr/bx/n/10 Proof: \OT1/cmr/m/n/10 If $\OML/cmm/m/it/10 ^^U \OT1/cmr/m/n
/10 = (\OML/cmm/m/it/10 ^^U[]; [] ; ^^U[]; ^^U[]; [] ; ^^U[]; [] ; ^^U[]; [] ; 
^^U[]\OT1/cmr/m/n/10 )\OML/cmm/m/it/10 ;$
 []


Overfull \hbox (16.53252pt too wide) in paragraph at lines 1083--1085
\OT1/cmr/m/n/10 Then $\OML/cmm/m/it/10 ^^U \OT1/cmr/m/n/10 = (\OML/cmm/m/it/10 
^^U[]; ^^U[]; [] ; ^^U[]\OT1/cmr/m/n/10 )\OML/cmm/m/it/10 :$ \OT1/cmr/m/n/10 Si
nce $\OML/cmm/m/it/10 ^^U$ \OT1/cmr/m/n/10 isn't $\OML/cmm/m/it/10 d$\OT1/cmr/m
/n/10 -stuttering, there ex-ists $\OML/cmm/m/it/10 m \OMS/cmsy/m/n/10 2 f\OT1/c
mr/m/n/10 0\OML/cmm/m/it/10 ; \OT1/cmr/m/n/10 1\OML/cmm/m/it/10 ; [] ; e \OMS/c
msy/m/n/10 ^^@
 []


Underfull \hbox (badness 10000) in paragraph at lines 1083--1085

 []

[44]
Overfull \hbox (15.0pt too wide) in paragraph at lines 1098--1098
[][] 
 []


Underfull \hbox (badness 10000) in paragraph at lines 1105--1106

 []


Underfull \hbox (badness 10000) in paragraph at lines 1115--1117

 []

[45]
Overfull \hbox (15.0pt too wide) in paragraph at lines 1141--1141
[][] 
 []


Underfull \hbox (badness 10000) in paragraph at lines 1146--1148

 []

[46]
Overfull \hbox (15.0pt too wide) in paragraph at lines 1186--1186
[][] 
 []

[47]
Overfull \hbox (15.0pt too wide) in paragraph at lines 1209--1209
[][] 
 []


Underfull \hbox (badness 10000) in paragraph at lines 1250--1251

 []

[48]
Overfull \hbox (15.0pt too wide) in paragraph at lines 1262--1262
[][] 
 []


Underfull \hbox (badness 10000) in paragraph at lines 1339--1341

 []

[49]
Overfull \hbox (15.0pt too wide) in paragraph at lines 1399--1399
[][] 
 []

[50]
Overfull \hbox (15.0pt too wide) in paragraph at lines 1405--1405
[][] 
 []

[51]
Overfull \hbox (15.0pt too wide) in paragraph at lines 1428--1428
[][] 
 []


Underfull \hbox (badness 10000) in paragraph at lines 1450--1452

 []

[52]
Overfull \hbox (15.0pt too wide) in paragraph at lines 1458--1458
[][] 
 []


Underfull \hbox (badness 10000) in paragraph at lines 1489--1491

 []

[53]
Overfull \hbox (15.0pt too wide) in paragraph at lines 1496--1496
[][] 
 []

[54]
Overfull \hbox (15.0pt too wide) in paragraph at lines 1508--1508
[][] 
 []


Underfull \hbox (badness 10000) in paragraph at lines 1510--1511

 []

[55]
Overfull \hbox (15.0pt too wide) in paragraph at lines 1522--1522
[][] 
 []


Underfull \hbox (badness 1072) in paragraph at lines 1553--1556
\OT1/cmr/m/it/10 de r^^Seflexions com-plexes de di-men-sion deux\OT1/cmr/m/n/10
 , Progress in Math. 141,
 []

(source_extraction/results/0805.0288.aux)

LaTeX Warning: There were multiply-defined labels.

 ) 
Here is how much of TeX's memory you used:
 3017 strings out of 494260
 37987 string characters out of 6168642
 110292 words of memory out of 5000000
 6320 multiletter control sequences out of 15000+600000
 19496 words of font info for 72 fonts, out of 8000000 for 9000
 497 hyphenation exceptions out of 8191
 34i,12n,29p,904b,265s stack positions out of 5000i,500n,10000p,200000b,80000s
</usr/share/texlive/texmf-dist/fonts/type1/public/amsfonts/cm/cmbx10.pfb></us
r/share/texlive/texmf-dist/fonts/type1/public/amsfonts/cm/cmbx7.pfb></usr/share
/texlive/texmf-dist/fonts/type1/public/amsfonts/cm/cmex10.pfb></usr/share/texli
ve/texmf-dist/fonts/type1/public/amsfonts/cmextra/cmex9.pfb></usr/share/texlive
/texmf-dist/fonts/type1/public/amsfonts/cm/cmmi10.pfb></usr/share/texlive/texmf
-dist/fonts/type1/public/amsfonts/cm/cmmi5.pfb></usr/share/texlive/texmf-dist/f
onts/type1/public/amsfonts/cm/cmmi6.pfb></usr/share/texlive/texmf-dist/fonts/ty
pe1/public/amsfonts/cm/cmmi7.pfb></usr/share/texlive/texmf-dist/fonts/type1/pub
lic/amsfonts/cm/cmmi9.pfb></usr/share/texlive/texmf-dist/fonts/type1/public/ams
fonts/cm/cmr10.pfb></usr/share/texlive/texmf-dist/fonts/type1/public/amsfonts/c
m/cmr5.pfb></usr/share/texlive/texmf-dist/fonts/type1/public/amsfonts/cm/cmr6.p
fb></usr/share/texlive/texmf-dist/fonts/type1/public/amsfonts/cm/cmr7.pfb></usr
/share/texlive/texmf-dist/fonts/type1/public/amsfonts/cm/cmr9.pfb></usr/share/t
exlive/texmf-dist/fonts/type1/public/amsfonts/cm/cmsy10.pfb></usr/share/texlive
/texmf-dist/fonts/type1/public/amsfonts/cm/cmsy5.pfb></usr/share/texlive/texmf-
dist/fonts/type1/public/amsfonts/cm/cmsy6.pfb></usr/share/texlive/texmf-dist/fo
nts/type1/public/amsfonts/cm/cmsy7.pfb></usr/share/texlive/texmf-dist/fonts/typ
e1/public/amsfonts/cm/cmsy9.pfb></usr/share/texlive/texmf-dist/fonts/type1/publ
ic/amsfonts/cm/cmti10.pfb></usr/share/texlive/texmf-dist/fonts/type1/public/ams
fonts/euler/eufm10.pfb></usr/share/texlive/texmf-dist/fonts/type1/public/amsfon
ts/euler/eufm7.pfb></usr/share/texlive/texmf-dist/fonts/type1/public/amsfonts/s
ymbols/msbm10.pfb>
Output written on source_extraction/results/0805.0288.pdf (55 pages, 276311 byt
es).
PDF statistics:
 275 PDF objects out of 1000 (max. 8388607)
 193 compressed objects within 2 object streams
 0 named destinations out of 1000 (max. 500000)
 1 words of extra memory for PDF output out of 10000 (max. 10000000)

