This is pdfTeX, Version 3.14159265-2.6-1.40.18 (TeX Live 2017/Debian) (preloaded format=pdflatex 2018.11.16)  29 NOV 2018 14:47
entering extended mode
 restricted \write18 enabled.
 %&-line parsing enabled.
**source_extraction/results/0811.3661.tex
(./source_extraction/results/0811.3661.tex
LaTeX2e <2017-04-15>
Babel <3.18> and hyphenation patterns for 20 language(s) loaded.
(/usr/share/texlive/texmf-dist/tex/latex/amscls/amsart.cls
Document Class: amsart 2017/10/31 v2.20.4
\linespacing=\dimen102
\normalparindent=\dimen103
\normaltopskip=\skip41
(/usr/share/texlive/texmf-dist/tex/latex/amsmath/amsmath.sty
Package: amsmath 2017/09/02 v2.17a AMS math features
\@mathmargin=\skip42

For additional information on amsmath, use the `?' option.
(/usr/share/texlive/texmf-dist/tex/latex/amsmath/amstext.sty
Package: amstext 2000/06/29 v2.01 AMS text

(/usr/share/texlive/texmf-dist/tex/latex/amsmath/amsgen.sty
File: amsgen.sty 1999/11/30 v2.0 generic functions
\@emptytoks=\toks14
\ex@=\dimen104
))
(/usr/share/texlive/texmf-dist/tex/latex/amsmath/amsbsy.sty
Package: amsbsy 1999/11/29 v1.2d Bold Symbols
\pmbraise@=\dimen105
)
(/usr/share/texlive/texmf-dist/tex/latex/amsmath/amsopn.sty
Package: amsopn 2016/03/08 v2.02 operator names
)
\inf@bad=\count79
LaTeX Info: Redefining \frac on input line 213.
\uproot@=\count80
\leftroot@=\count81
LaTeX Info: Redefining \overline on input line 375.
\classnum@=\count82
\DOTSCASE@=\count83
LaTeX Info: Redefining \ldots on input line 472.
LaTeX Info: Redefining \dots on input line 475.
LaTeX Info: Redefining \cdots on input line 596.
\Mathstrutbox@=\box26
\strutbox@=\box27
\big@size=\dimen106
LaTeX Font Info:    Redeclaring font encoding OML on input line 712.
LaTeX Font Info:    Redeclaring font encoding OMS on input line 713.
\macc@depth=\count84
\c@MaxMatrixCols=\count85
\dotsspace@=\muskip10
\c@parentequation=\count86
\dspbrk@lvl=\count87
\tag@help=\toks15
\row@=\count88
\column@=\count89
\maxfields@=\count90
\andhelp@=\toks16
\eqnshift@=\dimen107
\alignsep@=\dimen108
\tagshift@=\dimen109
\tagwidth@=\dimen110
\totwidth@=\dimen111
\lineht@=\dimen112
\@envbody=\toks17
\multlinegap=\skip43
\multlinetaggap=\skip44
\mathdisplay@stack=\toks18
LaTeX Info: Redefining \[ on input line 2817.
LaTeX Info: Redefining \] on input line 2818.
)
LaTeX Font Info:    Try loading font information for U+msa on input line 398.

(/usr/share/texlive/texmf-dist/tex/latex/amsfonts/umsa.fd
File: umsa.fd 2013/01/14 v3.01 AMS symbols A
)
(/usr/share/texlive/texmf-dist/tex/latex/amsfonts/amsfonts.sty
Package: amsfonts 2013/01/14 v3.01 Basic AMSFonts support
\symAMSa=\mathgroup4
\symAMSb=\mathgroup5
LaTeX Font Info:    Overwriting math alphabet `\mathfrak' in version `bold'
(Font)                  U/euf/m/n --> U/euf/b/n on input line 106.
)
\copyins=\insert199
\abstractbox=\box28
\listisep=\skip45
\c@part=\count91
\c@section=\count92
\c@subsection=\count93
\c@subsubsection=\count94
\c@paragraph=\count95
\c@subparagraph=\count96
\c@figure=\count97
\c@table=\count98
\abovecaptionskip=\skip46
\belowcaptionskip=\skip47
\captionindent=\dimen113
\thm@style=\toks19
\thm@bodyfont=\toks20
\thm@headfont=\toks21
\thm@notefont=\toks22
\thm@headpunct=\toks23
\thm@preskip=\skip48
\thm@postskip=\skip49
\thm@headsep=\skip50
\dth@everypar=\toks24
) (./extract.sty (/usr/share/texlive/texmf-dist/tex/latex/environ/environ.sty
Package: environ 2014/05/04 v0.3 A new way to define environments

(/usr/share/texlive/texmf-dist/tex/latex/trimspaces/trimspaces.sty
Package: trimspaces 2009/09/17 v1.1 Trim spaces around a token list
))
(/usr/share/texlive/texmf-dist/tex/latex/etextools/etextools.sty
Package: etextools 2010/12/07 v3.1415926 e-TeX more useful tools for LaTeX pack
age writers

(/usr/share/texlive/texmf-dist/tex/latex/etex-pkg/etex.sty
Package: etex 2016/08/01 v2.7 eTeX basic definition package (PEB,DPC)
\et@xins=\count99
)
(/usr/share/texlive/texmf-dist/tex/latex/etoolbox/etoolbox.sty
Package: etoolbox 2018/02/11 v2.5e e-TeX tools for LaTeX (JAW)
\etb@tempcnta=\count100
)
(/usr/share/texlive/texmf-dist/tex/latex/oberdiek/letltxmacro.sty
Package: letltxmacro 2016/05/16 v1.5 Let assignment for LaTeX macros (HO)
)
\ettl@fter=\count101
\ettl@for@nested=\count277
)
(/usr/share/texmf/tex/latex/preview/preview.sty
Package: preview 2017/04/24 11.91 (AUCTeX/preview-latex)

(/usr/share/texmf/tex/latex/preview/prtightpage.def
\PreviewBorder=\dimen114
)
\pr@snippet=\count102
\pr@box=\box29
\pr@output=\toks25
)
\c@propcounter=\count103
\mybox=\box30
)
\c@theorem=\count104
\c@problem=\count105
\c@project=\count106
\c@conjecture=\count107
\c@example=\count108

(source_extraction/results/0811.3661.aux)
\openout1 = `0811.3661.aux'.

LaTeX Font Info:    Checking defaults for OML/cmm/m/it on input line 65.
LaTeX Font Info:    ... okay on input line 65.
LaTeX Font Info:    Checking defaults for T1/cmr/m/n on input line 65.
LaTeX Font Info:    ... okay on input line 65.
LaTeX Font Info:    Checking defaults for OT1/cmr/m/n on input line 65.
LaTeX Font Info:    ... okay on input line 65.
LaTeX Font Info:    Checking defaults for OMS/cmsy/m/n on input line 65.
LaTeX Font Info:    ... okay on input line 65.
LaTeX Font Info:    Checking defaults for OMX/cmex/m/n on input line 65.
LaTeX Font Info:    ... okay on input line 65.
LaTeX Font Info:    Checking defaults for U/cmr/m/n on input line 65.
LaTeX Font Info:    ... okay on input line 65.
LaTeX Font Info:    Try loading font information for U+msa on input line 65.

(/usr/share/texlive/texmf-dist/tex/latex/amsfonts/umsa.fd
File: umsa.fd 2013/01/14 v3.01 AMS symbols A
)
LaTeX Font Info:    Try loading font information for U+msb on input line 65.

(/usr/share/texlive/texmf-dist/tex/latex/amsfonts/umsb.fd
File: umsb.fd 2013/01/14 v3.01 AMS symbols B
)
Preview: Fontsize 10pt
Preview: PDFoutput 1

Class amsart Warning: Abstract should precede \maketitle in AMS document classe
s; reported on input line 67.

Preview: Tightpage -32891 -32891 32891 32891
[1{/var/lib/texmf/fonts/map/pdftex/updmap/pdftex.map}]
Overfull \hbox (23.36115pt too wide) in paragraph at lines 81--93
\OT1/cmr/m/n/10 rem: [] 
 []

[2] [3]
Overfull \hbox (12.0pt too wide) in paragraph at lines 100--100
[][] 
 []

[4]
Overfull \hbox (297.38014pt too wide) in paragraph at lines 119--121
\OT1/cmr/m/n/10 the al-ge-braic prop-er-ties of the real line viewed as a topo-
log-i-cal group. [] 
 []

[5]
Overfull \hbox (67.69455pt too wide) in paragraph at lines 122--124
\OT1/cmr/m/n/10 Sierpi^^Snski sets: [] 
 []

[6]
Overfull \hbox (66.69447pt too wide) in paragraph at lines 126--129
\OT1/cmr/m/n/10 group $(\U/msb/m/n/10 R[]\OML/cmm/m/it/10 ; \OT1/cmr/m/n/10 +)$
: [] 
 []

[7] [8]
Overfull \hbox (31.19449pt too wide) in paragraph at lines 138--140
\OT1/cmr/m/n/10 re-sult: [] 
 []

[9]
Overfull \hbox (12.0pt too wide) in paragraph at lines 143--143
[][] 
 []


Underfull \vbox (badness 10000) has occurred while \output is active []

 [10]
Overfull \hbox (7.7778pt too wide) in paragraph at lines 156--158
\OT1/cmr/m/n/10 1:[] 
 []

[11]
Overfull \hbox (93.65686pt too wide) in paragraph at lines 211--213
\OT1/cmr/m/n/10 prop-erty $\OT1/cmss/m/n/10 S[]\OT1/cmr/m/n/10 (\OMS/cmsy/m/n/1
0 O\OML/cmm/m/it/10 ; \OMS/cmsy/m/n/10 O\OT1/cmr/m/n/10 )$: [] 
 []

[12]
Overfull \hbox (12.0pt too wide) in paragraph at lines 224--224
[][] 
 []

[13] [14]
Overfull \hbox (12.0pt too wide) in paragraph at lines 243--243
[][] 
 []

[15]
Overfull \hbox (57.38893pt too wide) in paragraph at lines 247--249
\OT1/cmr/m/n/10 verse is true: [] 
 []

[16]
Overfull \hbox (12.0pt too wide) in paragraph at lines 257--257
[][] 
 []

[17]
Overfull \hbox (88.41682pt too wide) in paragraph at lines 259--262
\OT1/cmr/m/n/10 the fol-low-ing re-sult: [] 
 []

[18] [19]
Overfull \hbox (203.11145pt too wide) in paragraph at lines 268--270
\OT1/cmr/m/n/10 Lemma 6 one ob-tains the fol-low-ing two re-sults: [] 
 []

[20]
Overfull \hbox (12.0pt too wide) in paragraph at lines 273--273
[][] 
 []

[21]
Overfull \hbox (12.0pt too wide) in paragraph at lines 280--280
[][] 
 []

[22]
Overfull \hbox (12.0pt too wide) in paragraph at lines 296--296
[][] 
 []

[23]
Overfull \hbox (12.0pt too wide) in paragraph at lines 299--299
[][] 
 []

[24]
Overfull \hbox (12.0pt too wide) in paragraph at lines 308--308
[][] 
 []


Underfull \hbox (badness 10000) in paragraph at lines 436--437

 []


Underfull \hbox (badness 10000) in paragraph at lines 438--439

 []


Underfull \hbox (badness 10000) in paragraph at lines 440--441

 []


Underfull \hbox (badness 10000) in paragraph at lines 444--445

 []

[25]
Overfull \hbox (12.0pt too wide) in paragraph at lines 462--462
[][] 
 []

[26]
Overfull \hbox (148.75018pt too wide) in paragraph at lines 514--517
[]\OT1/cmr/m/n/10 Now we con-struct the ex-am-ple: [] 
 []


Underfull \hbox (badness 10000) in paragraph at lines 548--549

 []


Underfull \hbox (badness 3557) in paragraph at lines 625--626
[]\OT1/cmr/m/n/8 P. Mahlo, []\OT1/cmr/m/it/8 Uber Teil-men-gen des Kon-tin-u-um
s von dessen Machtigkeit\OT1/cmr/m/n/8 , \OT1/cmr/bx/n/8 Sitzungs-
 []

Missing character: There is no – in font cmr8!
(source_extraction/results/0811.3661.aux) ) 
Here is how much of TeX's memory you used:
 2521 strings out of 494260
 30422 string characters out of 6168642
 101911 words of memory out of 5000000
 5711 multiletter control sequences out of 15000+600000
 12624 words of font info for 46 fonts, out of 8000000 for 9000
 658 hyphenation exceptions out of 8191
 34i,9n,32p,1055b,354s stack positions out of 5000i,500n,10000p,200000b,80000s
</usr/share/texlive/texmf-dist/fonts
/type1/public/amsfonts/cm/cmbx10.pfb></usr/share/texlive/texmf-dist/fonts/type1
/public/amsfonts/cm/cmex10.pfb></usr/share/texlive/texmf-dist/fonts/type1/publi
c/amsfonts/cm/cmmi10.pfb></usr/share/texlive/texmf-dist/fonts/type1/public/amsf
onts/cm/cmmi7.pfb></usr/share/texlive/texmf-dist/fonts/type1/public/amsfonts/cm
/cmr10.pfb></usr/share/texlive/texmf-dist/fonts/type1/public/amsfonts/cm/cmr7.p
fb></usr/share/texlive/texmf-dist/fonts/type1/public/amsfonts/cm/cmss10.pfb></u
sr/share/texlive/texmf-dist/fonts/type1/public/amsfonts/cm/cmss8.pfb></usr/shar
e/texlive/texmf-dist/fonts/type1/public/amsfonts/cm/cmsy10.pfb></usr/share/texl
ive/texmf-dist/fonts/type1/public/amsfonts/cm/cmsy7.pfb></usr/share/texlive/tex
mf-dist/fonts/type1/public/amsfonts/cm/cmti10.pfb></usr/share/texlive/texmf-dis
t/fonts/type1/public/amsfonts/symbols/msbm10.pfb></usr/share/texlive/texmf-dist
/fonts/type1/public/amsfonts/symbols/msbm7.pfb>
Output written on source_extraction/results/0811.3661.pdf (26 pages, 136302 byt
es).
PDF statistics:
 140 PDF objects out of 1000 (max. 8388607)
 98 compressed objects within 1 object stream
 0 named destinations out of 1000 (max. 500000)
 1 words of extra memory for PDF output out of 10000 (max. 10000000)

