This is pdfTeX, Version 3.14159265-2.6-1.40.18 (TeX Live 2017/Debian) (preloaded format=pdflatex 2018.11.16)  29 NOV 2018 14:47
entering extended mode
 restricted \write18 enabled.
 %&-line parsing enabled.
**source_extraction/results/0812.2486.tex
(./source_extraction/results/0812.2486.tex
LaTeX2e <2017-04-15>
Babel <3.18> and hyphenation patterns for 20 language(s) loaded.
(/usr/share/texlive/texmf-dist/tex/latex/amscls/amsart.cls
Document Class: amsart 2017/10/31 v2.20.4
\linespacing=\dimen102
\normalparindent=\dimen103
\normaltopskip=\skip41
(/usr/share/texlive/texmf-dist/tex/latex/amsmath/amsmath.sty
Package: amsmath 2017/09/02 v2.17a AMS math features
\@mathmargin=\skip42

For additional information on amsmath, use the `?' option.
(/usr/share/texlive/texmf-dist/tex/latex/amsmath/amstext.sty
Package: amstext 2000/06/29 v2.01 AMS text

(/usr/share/texlive/texmf-dist/tex/latex/amsmath/amsgen.sty
File: amsgen.sty 1999/11/30 v2.0 generic functions
\@emptytoks=\toks14
\ex@=\dimen104
))
(/usr/share/texlive/texmf-dist/tex/latex/amsmath/amsbsy.sty
Package: amsbsy 1999/11/29 v1.2d Bold Symbols
\pmbraise@=\dimen105
)
(/usr/share/texlive/texmf-dist/tex/latex/amsmath/amsopn.sty
Package: amsopn 2016/03/08 v2.02 operator names
)
\inf@bad=\count79
LaTeX Info: Redefining \frac on input line 213.
\uproot@=\count80
\leftroot@=\count81
LaTeX Info: Redefining \overline on input line 375.
\classnum@=\count82
\DOTSCASE@=\count83
LaTeX Info: Redefining \ldots on input line 472.
LaTeX Info: Redefining \dots on input line 475.
LaTeX Info: Redefining \cdots on input line 596.
\Mathstrutbox@=\box26
\strutbox@=\box27
\big@size=\dimen106
LaTeX Font Info:    Redeclaring font encoding OML on input line 712.
LaTeX Font Info:    Redeclaring font encoding OMS on input line 713.
\macc@depth=\count84
\c@MaxMatrixCols=\count85
\dotsspace@=\muskip10
\c@parentequation=\count86
\dspbrk@lvl=\count87
\tag@help=\toks15
\row@=\count88
\column@=\count89
\maxfields@=\count90
\andhelp@=\toks16
\eqnshift@=\dimen107
\alignsep@=\dimen108
\tagshift@=\dimen109
\tagwidth@=\dimen110
\totwidth@=\dimen111
\lineht@=\dimen112
\@envbody=\toks17
\multlinegap=\skip43
\multlinetaggap=\skip44
\mathdisplay@stack=\toks18
LaTeX Info: Redefining \[ on input line 2817.
LaTeX Info: Redefining \] on input line 2818.
)
LaTeX Font Info:    Try loading font information for U+msa on input line 398.

(/usr/share/texlive/texmf-dist/tex/latex/amsfonts/umsa.fd
File: umsa.fd 2013/01/14 v3.01 AMS symbols A
)
(/usr/share/texlive/texmf-dist/tex/latex/amsfonts/amsfonts.sty
Package: amsfonts 2013/01/14 v3.01 Basic AMSFonts support
\symAMSa=\mathgroup4
\symAMSb=\mathgroup5
LaTeX Font Info:    Overwriting math alphabet `\mathfrak' in version `bold'
(Font)                  U/euf/m/n --> U/euf/b/n on input line 106.
)
\copyins=\insert199
\abstractbox=\box28
\listisep=\skip45
\c@part=\count91
\c@section=\count92
\c@subsection=\count93
\c@subsubsection=\count94
\c@paragraph=\count95
\c@subparagraph=\count96
\c@figure=\count97
\c@table=\count98
\abovecaptionskip=\skip46
\belowcaptionskip=\skip47
\captionindent=\dimen113
\thm@style=\toks19
\thm@bodyfont=\toks20
\thm@headfont=\toks21
\thm@notefont=\toks22
\thm@headpunct=\toks23
\thm@preskip=\skip48
\thm@postskip=\skip49
\thm@headsep=\skip50
\dth@everypar=\toks24
)
(/usr/share/texlive/texmf-dist/tex/latex/amsfonts/amssymb.sty
Package: amssymb 2013/01/14 v3.01 AMS font symbols
)
(/usr/share/texlive/texmf-dist/tex/latex/jknapltx/mathrsfs.sty
Package: mathrsfs 1996/01/01 Math RSFS package v1.0 (jk)
\symrsfs=\mathgroup6
)
(/usr/share/texlive/texmf-dist/tex/latex/was/fixmath.sty
Package: fixmath 2000/04/11 v0.9 (WaS)
LaTeX Font Info:    Redeclaring math symbol \Gamma on input line 27.
LaTeX Font Info:    Redeclaring math symbol \Delta on input line 28.
LaTeX Font Info:    Redeclaring math symbol \Theta on input line 29.
LaTeX Font Info:    Redeclaring math symbol \Lambda on input line 30.
LaTeX Font Info:    Redeclaring math symbol \Xi on input line 31.
LaTeX Font Info:    Redeclaring math symbol \Pi on input line 32.
LaTeX Font Info:    Redeclaring math symbol \Sigma on input line 33.
LaTeX Font Info:    Redeclaring math symbol \Upsilon on input line 34.
LaTeX Font Info:    Redeclaring math symbol \Phi on input line 35.
LaTeX Font Info:    Redeclaring math symbol \Psi on input line 36.
LaTeX Font Info:    Redeclaring math symbol \Omega on input line 37.
LaTeX Font Info:    Redeclaring math symbol \alpha on input line 38.
LaTeX Font Info:    Redeclaring math symbol \beta on input line 39.
LaTeX Font Info:    Redeclaring math symbol \gamma on input line 40.
LaTeX Font Info:    Redeclaring math symbol \delta on input line 41.
LaTeX Font Info:    Redeclaring math symbol \epsilon on input line 42.
LaTeX Font Info:    Redeclaring math symbol \zeta on input line 43.
LaTeX Font Info:    Redeclaring math symbol \eta on input line 44.
LaTeX Font Info:    Redeclaring math symbol \theta on input line 45.
LaTeX Font Info:    Redeclaring math symbol \iota on input line 46.
LaTeX Font Info:    Redeclaring math symbol \kappa on input line 47.
LaTeX Font Info:    Redeclaring math symbol \lambda on input line 48.
LaTeX Font Info:    Redeclaring math symbol \mu on input line 49.
LaTeX Font Info:    Redeclaring math symbol \nu on input line 50.
LaTeX Font Info:    Redeclaring math symbol \xi on input line 51.
LaTeX Font Info:    Redeclaring math symbol \pi on input line 52.
LaTeX Font Info:    Redeclaring math symbol \rho on input line 53.
LaTeX Font Info:    Redeclaring math symbol \sigma on input line 54.
LaTeX Font Info:    Redeclaring math symbol \tau on input line 55.
LaTeX Font Info:    Redeclaring math symbol \upsilon on input line 56.
LaTeX Font Info:    Redeclaring math symbol \phi on input line 57.
LaTeX Font Info:    Redeclaring math symbol \chi on input line 58.
LaTeX Font Info:    Redeclaring math symbol \psi on input line 59.
LaTeX Font Info:    Redeclaring math symbol \omega on input line 60.
LaTeX Font Info:    Redeclaring math symbol \varepsilon on input line 61.
LaTeX Font Info:    Redeclaring math symbol \vartheta on input line 62.
LaTeX Font Info:    Redeclaring math symbol \varpi on input line 63.
LaTeX Font Info:    Redeclaring math symbol \varphi on input line 64.
LaTeX Font Info:    Redeclaring math symbol \varrho on input line 65.
LaTeX Font Info:    Redeclaring math symbol \varsigma on input line 66.
) (./extract.sty
(/usr/share/texlive/texmf-dist/tex/latex/environ/environ.sty
Package: environ 2014/05/04 v0.3 A new way to define environments

(/usr/share/texlive/texmf-dist/tex/latex/trimspaces/trimspaces.sty
Package: trimspaces 2009/09/17 v1.1 Trim spaces around a token list
))
(/usr/share/texlive/texmf-dist/tex/latex/etextools/etextools.sty
Package: etextools 2010/12/07 v3.1415926 e-TeX more useful tools for LaTeX pack
age writers

(/usr/share/texlive/texmf-dist/tex/latex/etex-pkg/etex.sty
Package: etex 2016/08/01 v2.7 eTeX basic definition package (PEB,DPC)
\et@xins=\count99
)
(/usr/share/texlive/texmf-dist/tex/latex/etoolbox/etoolbox.sty
Package: etoolbox 2018/02/11 v2.5e e-TeX tools for LaTeX (JAW)
\etb@tempcnta=\count100
)
(/usr/share/texlive/texmf-dist/tex/latex/oberdiek/letltxmacro.sty
Package: letltxmacro 2016/05/16 v1.5 Let assignment for LaTeX macros (HO)
)
\ettl@fter=\count101
\ettl@for@nested=\count277
)
(/usr/share/texmf/tex/latex/preview/preview.sty
Package: preview 2017/04/24 11.91 (AUCTeX/preview-latex)

(/usr/share/texmf/tex/latex/preview/prtightpage.def
\PreviewBorder=\dimen114
)
\pr@snippet=\count102
\pr@box=\box29
\pr@output=\toks25
)
\c@propcounter=\count103
\mybox=\box30
)
\c@theorem=\count104

(source_extraction/results/0812.2486.aux)
\openout1 = `0812.2486.aux'.

LaTeX Font Info:    Checking defaults for OML/cmm/m/it on input line 42.
LaTeX Font Info:    ... okay on input line 42.
LaTeX Font Info:    Checking defaults for T1/cmr/m/n on input line 42.
LaTeX Font Info:    ... okay on input line 42.
LaTeX Font Info:    Checking defaults for OT1/cmr/m/n on input line 42.
LaTeX Font Info:    ... okay on input line 42.
LaTeX Font Info:    Checking defaults for OMS/cmsy/m/n on input line 42.
LaTeX Font Info:    ... okay on input line 42.
LaTeX Font Info:    Checking defaults for OMX/cmex/m/n on input line 42.
LaTeX Font Info:    ... okay on input line 42.
LaTeX Font Info:    Checking defaults for U/cmr/m/n on input line 42.
LaTeX Font Info:    ... okay on input line 42.
LaTeX Font Info:    Try loading font information for U+msa on input line 42.

(/usr/share/texlive/texmf-dist/tex/latex/amsfonts/umsa.fd
File: umsa.fd 2013/01/14 v3.01 AMS symbols A
)
LaTeX Font Info:    Try loading font information for U+msb on input line 42.

(/usr/share/texlive/texmf-dist/tex/latex/amsfonts/umsb.fd
File: umsb.fd 2013/01/14 v3.01 AMS symbols B
)
LaTeX Font Info:    Try loading font information for U+rsfs on input line 42.

(/usr/share/texlive/texmf-dist/tex/latex/jknapltx/ursfs.fd
File: ursfs.fd 1998/03/24 rsfs font definition file (jk)
)
Preview: Fontsize 10pt
Preview: PDFoutput 1
(source_extraction/results/0812.2486.toc)
\tf@toc=\write3
\openout3 = `0812.2486.toc'.


Preview: Tightpage -32891 -32891 32891 32891
[1{/var/lib/texmf/fonts/map/pdftex/updmap/pdftex.map}]
Overfull \hbox (312.10237pt too wide) in paragraph at lines 70--79
[]\OT1/cmr/m/n/10 This note has as its pur-pose the demon-stra-tion of the fol-
low-ing re-sult. [] 
 []

LaTeX Font Info:    Try loading font information for OMS+cmr on input line 81.
(/usr/share/texlive/texmf-dist/tex/latex/base/omscmr.fd
File: omscmr.fd 2014/09/29 v2.5h Standard LaTeX font definitions
)
LaTeX Font Info:    Font shape `OMS/cmr/m/n' in size <10> not available
(Font)              Font shape `OMS/cmsy/m/n' tried instead on input line 81.


LaTeX Warning: Reference `sec:BCD' on page 1 undefined on input line 81.


LaTeX Warning: Reference `sec:pingpong' on page 1 undefined on input line 84.


LaTeX Warning: Reference `sec:tits' on page 1 undefined on input line 86.


LaTeX Warning: Reference `sec:rank1facts' on page 1 undefined on input line 87.



LaTeX Warning: Reference `sec:attractorfamilies' on page 1 undefined on input l
ine 90.


LaTeX Warning: Reference `sec:CellularDecomposition' on page 1 undefined on inp
ut line 95.


LaTeX Warning: Reference `sec:Transversality' on page 1 undefined on input line
 96.


LaTeX Warning: Reference `sec:CellularDecomposition' on page 1 undefined on inp
ut line 97.


LaTeX Warning: Reference `sec:SimProx' on page 2 undefined on input line 107.


LaTeX Warning: Reference `sec:StrongTransversality' on page 2 undefined on inpu
t line 109.


LaTeX Warning: Reference `sec:weightspacesforSLgroups' on page 2 undefined on i
nput line 115.


LaTeX Warning: Reference `sec:ExteriorPowers' on page 2 undefined on input line
 115.


LaTeX Warning: Reference `sec:ReductionModk' on page 2 undefined on input line 
116.


LaTeX Warning: Reference `sec:ContractiveDynamics' on page 2 undefined on input
 line 120.


LaTeX Warning: Reference `sec:Pi-im' on page 2 undefined on input line 122.


LaTeX Warning: Reference `sec:quasiProxUnipotent' on page 2 undefined on input 
line 126.


LaTeX Warning: Reference `sec:proof' on page 2 undefined on input line 129.

[2]
Overfull \hbox (190.53015pt too wide) in paragraph at lines 200--213
[]\OT1/cmr/m/n/10 (\OML/cmm/m/it/10 E\OT1/cmr/m/n/10 )$, then $\OML/cmm/m/it/10
 A\OT1/cmr/m/n/10 (\OML/cmm/m/it/10 g\OT1/cmr/m/n/10 ) = \OML/cmm/m/it/10 A\OT1
/cmr/m/n/10 (\OML/cmm/m/it/10 g[]\OT1/cmr/m/n/10 )$, $\OML/cmm/m/it/10 A[]\OT1/
cmr/m/n/10 (\OML/cmm/m/it/10 g\OT1/cmr/m/n/10 ) = \OML/cmm/m/it/10 A[]\OT1/cmr/
m/n/10 (\OML/cmm/m/it/10 g[]\OT1/cmr/m/n/10 )$. [] 
 []


Underfull \vbox (badness 6188) has occurred while \output is active []

 [3]
Overfull \hbox (114.07428pt too wide) in paragraph at lines 239--255
\OT1/cmr/m/n/10 pears as Lemma 2.1 in [[]]. [] 
 []

[4]
Overfull \hbox (187.18556pt too wide) in paragraph at lines 260--279
\OT1/cmr/m/n/10 con-text, we shall omit it from our no-ta-tion. [] 
 []

[5]
Overfull \hbox (12.0pt too wide) in paragraph at lines 307--307
[][] 
 []

[6]
Overfull \hbox (12.0pt too wide) in paragraph at lines 365--365
[][] 
 []

[7]
Overfull \hbox (12.0pt too wide) in paragraph at lines 378--378
[][] 
 []

[8]
Overfull \hbox (12.0pt too wide) in paragraph at lines 396--396
[][] 
 []

[9]
Overfull \hbox (12.0pt too wide) in paragraph at lines 427--427
[][] 
 []

[10]
Overfull \hbox (12.0pt too wide) in paragraph at lines 450--450
[][] 
 []

[11] [12]
Overfull \hbox (12.0pt too wide) in paragraph at lines 575--575
[][] 
 []

[13]
Overfull \hbox (12.0pt too wide) in paragraph at lines 654--654
[][] 
 []


LaTeX Warning: Reference `doublecosetdecomp' on page 10 undefined on input line
 667.

[14]
Overfull \hbox (12.0pt too wide) in paragraph at lines 673--673
[][] 
 []


Underfull \vbox (badness 3977) has occurred while \output is active []

 [15]
Overfull \hbox (12.0pt too wide) in paragraph at lines 684--684
[][] 
 []

[16]
Overfull \hbox (12.0pt too wide) in paragraph at lines 712--712
[][] 
 []

[17]
Overfull \hbox (12.0pt too wide) in paragraph at lines 744--744
[][] 
 []

[18]
Overfull \hbox (12.0pt too wide) in paragraph at lines 764--764
[][] 
 []

[19]
Overfull \hbox (61.43532pt too wide) in paragraph at lines 813--823
\OT1/cmr/m/n/10 Lemma 2.15 . [] 
 []

[20] [21]
Overfull \hbox (199.20073pt too wide) in paragraph at lines 949--959
\OT1/cmr/m/n/10 weight $[\OML/cmm/m/it/10 I\OT1/cmr/m/n/10 ]$ for the in-duced 
rep-re-sen-ta-tion of $\OML/cmm/m/it/10 G$\OT1/cmr/m/n/10 . [] 
 []


Underfull \vbox (badness 1466) has occurred while \output is active []

 [22]
Overfull \hbox (12.0pt too wide) in paragraph at lines 984--984
[][] 
 []

[23]
Overfull \hbox (12.0pt too wide) in paragraph at lines 1001--1001
[][] 
 []

[24]
Overfull \hbox (12.0pt too wide) in paragraph at lines 1039--1039
[][] 
 []

[25]
Overfull \hbox (12.0pt too wide) in paragraph at lines 1091--1091
[][] 
 []


LaTeX Warning: Reference `eqn:tits3111' on page 17 undefined on input line 1174
.


LaTeX Warning: Reference `gat:tits3112' on page 17 undefined on input line 1174
.


LaTeX Warning: Reference `gat:tits3113' on page 17 undefined on input line 1174
.

[26]
Overfull \hbox (12.0pt too wide) in paragraph at lines 1180--1180
[][] 
 []

[27] [28]
Overfull \hbox (121.24094pt too wide) in paragraph at lines 1247--1257
\OT1/cmr/m/n/10 irreducible rep-re-sen-ta-tions. [] 
 []


LaTeX Warning: Reference `eqn:2ndprojection' on page 19 undefined on input line
 1343.

[29]
Overfull \hbox (92.727pt too wide) in paragraph at lines 1345--1351
\OT1/cmr/m/n/10 nite com-ple-tion of $\OML/cmm/m/it/10 S$\OT1/cmr/m/n/10 . [] 
 []

[30]
Overfull \hbox (12.0pt too wide) in paragraph at lines 1386--1386
[][] 
 []


LaTeX Warning: Reference `sec:rank1facts' on page 22 undefined on input line 14
40.

[31] [32]
Overfull \hbox (12.0pt too wide) in paragraph at lines 1529--1529
[][] 
 []


LaTeX Warning: Reference `eqn:prod_j'' on page 23 undefined on input line 1609.


[33]
Overfull \hbox (12.0pt too wide) in paragraph at lines 1618--1618
[][] 
 []

[34]
Overfull \hbox (130.00388pt too wide) in paragraph at lines 1653--1662
[]\OT1/cmr/m/n/10 Let $\OML/cmm/m/it/10 r$ \OT1/cmr/m/n/10 de-note the rank of 
$\OML/cmm/m/it/10 G$\OT1/cmr/m/n/10 . [] 
 []

[35]
Overfull \hbox (12.0pt too wide) in paragraph at lines 1720--1720
[][] 
 []

[36]
Overfull \hbox (160.6403pt too wide) in paragraph at lines 1727--1757
\OT1/cmr/m/n/10 the $\OML/cmm/m/it/10 m$\OT1/cmr/m/n/10 -fold ex-te-rior power 
$[]\OML/cmm/m/it/10 E$ \OT1/cmr/m/n/10 of $\OML/cmm/m/it/10 E$\OT1/cmr/m/n/10 .
 [] 
 []

[37]
Overfull \hbox (40.21306pt too wide) in paragraph at lines 1812--1820
\OT1/cmr/m/n/10 an-other. [] 
 []

[38]
Overfull \hbox (12.0pt too wide) in paragraph at lines 1834--1834
[][] 
 []


LaTeX Warning: Reference `sec:rank1facts' on page 27 undefined on input line 18
49.

LaTeX Font Info:    Font shape `OMS/cmr/m/it' in size <10> not available
(Font)              Font shape `OMS/cmsy/m/n' tried instead on input line 1870.


LaTeX Warning: Reference `sec:CD' on page 27 undefined on input line 1870.

[39]
Overfull \hbox (12.0pt too wide) in paragraph at lines 1870--1870
[][] 
 []


LaTeX Warning: Reference `sec:CD' on page 27 undefined on input line 1947.


LaTeX Warning: Reference `sec:CD' on page 27 undefined on input line 1947.


LaTeX Warning: Reference `sec:CD' on page 27 undefined on input line 1947.

[40]
Overfull \hbox (12.0pt too wide) in paragraph at lines 1970--1970
[][] 
 []

[41]
Overfull \hbox (74.102pt too wide) in paragraph at lines 2058--2065
\OT1/cmr/m/n/10 ter II, \OMS/cmsy/m/n/10 x\OT1/cmr/m/n/10 7.7 of [[]]. [] 
 []

[42]
Overfull \hbox (225.14159pt too wide) in paragraph at lines 2074--2090
[]\OT1/cmr/m/n/10 Let $\OML/cmm/m/it/10 `[]$ \OT1/cmr/m/n/10 be as in the state
-ment of Propo-si-tion 4.10 . [] 
 []


Underfull \vbox (badness 5908) has occurred while \output is active []

 [43]
Overfull \hbox (12.0pt too wide) in paragraph at lines 2191--2191
[][] 
 []


LaTeX Warning: Reference `eqn:weight' on page 31 undefined on input line 2261.


LaTeX Warning: Reference `eqn:maxeigs' on page 32 undefined on input line 2261.


[44]
Overfull \hbox (12.0pt too wide) in paragraph at lines 2267--2267
[][] 
 []

[45]
Overfull \hbox (12.0pt too wide) in paragraph at lines 2278--2278
[][] 
 []

[46]
Overfull \hbox (12.0pt too wide) in paragraph at lines 2314--2314
[][] 
 []

[47]
Overfull \hbox (12.0pt too wide) in paragraph at lines 2328--2328
[][] 
 []

[48]
Overfull \hbox (12.0pt too wide) in paragraph at lines 2340--2340
[][] 
 []

[49]
Overfull \hbox (12.0pt too wide) in paragraph at lines 2347--2347
[][] 
 []

[50]
Overfull \hbox (12.0pt too wide) in paragraph at lines 2363--2363
[][] 
 []

[51]
Overfull \hbox (189.16232pt too wide) in paragraph at lines 2365--2374
\OT1/cmr/m/n/10 e-ments of $\OML/cmm/m/it/10 ^^F$\OT1/cmr/m/n/10 . We quote the
 fol-low-ing re-sult. [] 
 []

[52]
Overfull \hbox (12.0pt too wide) in paragraph at lines 2390--2390
[][] 
 []

[53]
Overfull \hbox (12.0pt too wide) in paragraph at lines 2406--2406
[][] 
 []

[54]
Overfull \hbox (201.8799pt too wide) in paragraph at lines 2445--2449
[]\OT1/cmr/m/n/10 Let us sum-ma-rize the re-sults of this sec-tion. [] 
 []

[55]
Overfull \hbox (177.30585pt too wide) in paragraph at lines 2473--2479
\OT1/cmr/m/n/10 and de la Harpe [[]] showed the fol-low-ing: [] 
 []

[56]
Overfull \hbox (12.0pt too wide) in paragraph at lines 2484--2484
[][] 
 []

[57]
Overfull \hbox (277.13934pt too wide) in paragraph at lines 2496--2502
[]\OT1/cmr/m/n/10 We be-gin by de-duc-ing The-o-rem 1.1  from the fol-low-ing r
e-sult: [] 
 []

[58]
Overfull \hbox (12.0pt too wide) in paragraph at lines 2578--2578
[][] 
 []

[59]
Overfull \hbox (24.68521pt too wide) in paragraph at lines 2579--2594
\OT1/cmr/m/n/10 case. [] 
 []


LaTeX Warning: Reference `sec:Pi-im' on page 37 undefined on input line 2853.


LaTeX Warning: Reference `eqn:Krdef' on page 38 undefined on input line 2853.


LaTeX Warning: Reference `eqn:Krdef' on page 38 undefined on input line 2853.


LaTeX Warning: Reference `attractor1' on page 39 undefined on input line 2853.


LaTeX Warning: Reference `attractor2' on page 39 undefined on input line 2853.


LaTeX Warning: Reference `attractor2' on page 39 undefined on input line 2853.


LaTeX Warning: Reference `attractor1' on page 39 undefined on input line 2853.


LaTeX Warning: Reference `attractor2' on page 39 undefined on input line 2853.


LaTeX Warning: Reference `supertrans' on page 39 undefined on input line 2853.


LaTeX Warning: Reference `supertrans' on page 40 undefined on input line 2853.


LaTeX Warning: Reference `eqn:delta2' on page 40 undefined on input line 2853.


LaTeX Warning: Reference `eqn:delta3' on page 40 undefined on input line 2853.


LaTeX Warning: Reference `eqn:cdelta1' on page 40 undefined on input line 2853.



LaTeX Warning: Reference `eqn:cdelta2' on page 40 undefined on input line 2853.


[60]
Overfull \hbox (175.46321pt too wide) in paragraph at lines 2854--2860
[]\OT1/cmr/m/n/10 Finally, we re-turn to the gen-eral case. [] 
 []


LaTeX Warning: Reference `sec:Pi-im' on page 41 undefined on input line 2931.

(source_extraction/results/0812.2486.aux)

LaTeX Warning: There were undefined references.

 ) 
Here is how much of TeX's memory you used:
 2892 strings out of 494260
 35607 string characters out of 6168642
 159245 words of memory out of 5000000
 6055 multiletter control sequences out of 15000+600000
 14768 words of font info for 54 fonts, out of 8000000 for 9000
 658 hyphenation exceptions out of 8191
 34i,16n,32p,904b,352s stack positions out of 5000i,500n,10000p,200000b,80000s
</usr/share/texlive/texmf-dist/fonts/type1/public/amsfonts/cm/cmbx10.pfb></us
r/share/texlive/texmf-dist/fonts/type1/public/amsfonts/cm/cmex10.pfb></usr/shar
e/texlive/texmf-dist/fonts/type1/public/amsfonts/cm/cmmi10.pfb></usr/share/texl
ive/texmf-dist/fonts/type1/public/amsfonts/cm/cmmi5.pfb></usr/share/texlive/tex
mf-dist/fonts/type1/public/amsfonts/cm/cmmi7.pfb></usr/share/texlive/texmf-dist
/fonts/type1/public/amsfonts/cm/cmmib10.pfb></usr/share/texlive/texmf-dist/font
s/type1/public/amsfonts/cm/cmr10.pfb></usr/share/texlive/texmf-dist/fonts/type1
/public/amsfonts/cm/cmr5.pfb></usr/share/texlive/texmf-dist/fonts/type1/public/
amsfonts/cm/cmr7.pfb></usr/share/texlive/texmf-dist/fonts/type1/public/amsfonts
/cm/cmsy10.pfb></usr/share/texlive/texmf-dist/fonts/type1/public/amsfonts/cm/cm
sy5.pfb></usr/share/texlive/texmf-dist/fonts/type1/public/amsfonts/cm/cmsy7.pfb
></usr/share/texlive/texmf-dist/fonts/type1/public/amsfonts/cm/cmti10.pfb></usr
/share/texlive/texmf-dist/fonts/type1/public/amsfonts/symbols/msam10.pfb></usr/
share/texlive/texmf-dist/fonts/type1/public/amsfonts/symbols/msbm10.pfb></usr/s
hare/texlive/texmf-dist/fonts/type1/public/rsfs/rsfs10.pfb>
Output written on source_extraction/results/0812.2486.pdf (60 pages, 224894 byt
es).
PDF statistics:
 262 PDF objects out of 1000 (max. 8388607)
 182 compressed objects within 2 object streams
 0 named destinations out of 1000 (max. 500000)
 1 words of extra memory for PDF output out of 10000 (max. 10000000)

