This is pdfTeX, Version 3.14159265-2.6-1.40.18 (TeX Live 2017/Debian) (preloaded format=pdflatex 2018.11.16)  29 NOV 2018 14:48
entering extended mode
 restricted \write18 enabled.
 %&-line parsing enabled.
**source_extraction/results/0902.2683.tex
(./source_extraction/results/0902.2683.tex
LaTeX2e <2017-04-15>
Babel <3.18> and hyphenation patterns for 20 language(s) loaded.
(/usr/share/texlive/texmf-dist/tex/latex/amscls/amsart.cls
Document Class: amsart 2017/10/31 v2.20.4
\linespacing=\dimen102
\normalparindent=\dimen103
\normaltopskip=\skip41
(/usr/share/texlive/texmf-dist/tex/latex/amsmath/amsmath.sty
Package: amsmath 2017/09/02 v2.17a AMS math features
\@mathmargin=\skip42

For additional information on amsmath, use the `?' option.
(/usr/share/texlive/texmf-dist/tex/latex/amsmath/amstext.sty
Package: amstext 2000/06/29 v2.01 AMS text

(/usr/share/texlive/texmf-dist/tex/latex/amsmath/amsgen.sty
File: amsgen.sty 1999/11/30 v2.0 generic functions
\@emptytoks=\toks14
\ex@=\dimen104
))
(/usr/share/texlive/texmf-dist/tex/latex/amsmath/amsbsy.sty
Package: amsbsy 1999/11/29 v1.2d Bold Symbols
\pmbraise@=\dimen105
)
(/usr/share/texlive/texmf-dist/tex/latex/amsmath/amsopn.sty
Package: amsopn 2016/03/08 v2.02 operator names
)
\inf@bad=\count79
LaTeX Info: Redefining \frac on input line 213.
\uproot@=\count80
\leftroot@=\count81
LaTeX Info: Redefining \overline on input line 375.
\classnum@=\count82
\DOTSCASE@=\count83
LaTeX Info: Redefining \ldots on input line 472.
LaTeX Info: Redefining \dots on input line 475.
LaTeX Info: Redefining \cdots on input line 596.
\Mathstrutbox@=\box26
\strutbox@=\box27
\big@size=\dimen106
LaTeX Font Info:    Redeclaring font encoding OML on input line 712.
LaTeX Font Info:    Redeclaring font encoding OMS on input line 713.
\macc@depth=\count84
\c@MaxMatrixCols=\count85
\dotsspace@=\muskip10
\c@parentequation=\count86
\dspbrk@lvl=\count87
\tag@help=\toks15
\row@=\count88
\column@=\count89
\maxfields@=\count90
\andhelp@=\toks16
\eqnshift@=\dimen107
\alignsep@=\dimen108
\tagshift@=\dimen109
\tagwidth@=\dimen110
\totwidth@=\dimen111
\lineht@=\dimen112
\@envbody=\toks17
\multlinegap=\skip43
\multlinetaggap=\skip44
\mathdisplay@stack=\toks18
LaTeX Info: Redefining \[ on input line 2817.
LaTeX Info: Redefining \] on input line 2818.
)
LaTeX Font Info:    Try loading font information for U+msa on input line 398.

(/usr/share/texlive/texmf-dist/tex/latex/amsfonts/umsa.fd
File: umsa.fd 2013/01/14 v3.01 AMS symbols A
)
(/usr/share/texlive/texmf-dist/tex/latex/amsfonts/amsfonts.sty
Package: amsfonts 2013/01/14 v3.01 Basic AMSFonts support
\symAMSa=\mathgroup4
\symAMSb=\mathgroup5
LaTeX Font Info:    Overwriting math alphabet `\mathfrak' in version `bold'
(Font)                  U/euf/m/n --> U/euf/b/n on input line 106.
)
\copyins=\insert199
\abstractbox=\box28
\listisep=\skip45
\c@part=\count91
\c@section=\count92
\c@subsection=\count93
\c@subsubsection=\count94
\c@paragraph=\count95
\c@subparagraph=\count96
\c@figure=\count97
\c@table=\count98
\abovecaptionskip=\skip46
\belowcaptionskip=\skip47
\captionindent=\dimen113
\thm@style=\toks19
\thm@bodyfont=\toks20
\thm@headfont=\toks21
\thm@notefont=\toks22
\thm@headpunct=\toks23
\thm@preskip=\skip48
\thm@postskip=\skip49
\thm@headsep=\skip50
\dth@everypar=\toks24
)
(/usr/share/texlive/texmf-dist/tex/latex/graphics/epsfig.sty
Package: epsfig 2017/06/25 v1.7b (e)psfig emulation (SPQR)

(/usr/share/texlive/texmf-dist/tex/latex/graphics/graphicx.sty
Package: graphicx 2017/06/01 v1.1a Enhanced LaTeX Graphics (DPC,SPQR)

(/usr/share/texlive/texmf-dist/tex/latex/graphics/keyval.sty
Package: keyval 2014/10/28 v1.15 key=value parser (DPC)
\KV@toks@=\toks25
)
(/usr/share/texlive/texmf-dist/tex/latex/graphics/graphics.sty
Package: graphics 2017/06/25 v1.2c Standard LaTeX Graphics (DPC,SPQR)

(/usr/share/texlive/texmf-dist/tex/latex/graphics/trig.sty
Package: trig 2016/01/03 v1.10 sin cos tan (DPC)
)
(/usr/share/texlive/texmf-dist/tex/latex/graphics-cfg/graphics.cfg
File: graphics.cfg 2016/06/04 v1.11 sample graphics configuration
)
Package graphics Info: Driver file: pdftex.def on input line 99.

(/usr/share/texlive/texmf-dist/tex/latex/graphics-def/pdftex.def
File: pdftex.def 2018/01/08 v1.0l Graphics/color driver for pdftex
))
\Gin@req@height=\dimen114
\Gin@req@width=\dimen115
)
\epsfxsize=\dimen116
\epsfysize=\dimen117
)
(/usr/share/texlive/texmf-dist/tex/latex/graphics/color.sty
Package: color 2016/07/10 v1.1e Standard LaTeX Color (DPC)

(/usr/share/texlive/texmf-dist/tex/latex/graphics-cfg/color.cfg
File: color.cfg 2016/01/02 v1.6 sample color configuration
)
Package color Info: Driver file: pdftex.def on input line 147.
)
(/usr/share/texlive/texmf-dist/tex/latex/esint/esint.sty
Package: esint 
\symlargesymbolsA=\mathgroup6
)
(/usr/share/texlive/texmf-dist/tex/latex/paralist/paralist.sty
Package: paralist 2017/01/22 v2.7 Extended list environments
\pltopsep=\skip51
\plpartopsep=\skip52
\plitemsep=\skip53
\plparsep=\skip54
\pl@lab=\toks26
)
(/usr/share/texlive/texmf-dist/tex/latex/jknapltx/mathrsfs.sty
Package: mathrsfs 1996/01/01 Math RSFS package v1.0 (jk)
\symrsfs=\mathgroup7
) (./extract.sty
(/usr/share/texlive/texmf-dist/tex/latex/environ/environ.sty
Package: environ 2014/05/04 v0.3 A new way to define environments

(/usr/share/texlive/texmf-dist/tex/latex/trimspaces/trimspaces.sty
Package: trimspaces 2009/09/17 v1.1 Trim spaces around a token list
))
(/usr/share/texlive/texmf-dist/tex/latex/etextools/etextools.sty
Package: etextools 2010/12/07 v3.1415926 e-TeX more useful tools for LaTeX pack
age writers

(/usr/share/texlive/texmf-dist/tex/latex/etex-pkg/etex.sty
Package: etex 2016/08/01 v2.7 eTeX basic definition package (PEB,DPC)
\et@xins=\count99
)
(/usr/share/texlive/texmf-dist/tex/latex/etoolbox/etoolbox.sty
Package: etoolbox 2018/02/11 v2.5e e-TeX tools for LaTeX (JAW)
\etb@tempcnta=\count100
)
(/usr/share/texlive/texmf-dist/tex/latex/oberdiek/letltxmacro.sty
Package: letltxmacro 2016/05/16 v1.5 Let assignment for LaTeX macros (HO)
)
\ettl@fter=\count101
\ettl@for@nested=\count277
)
(/usr/share/texmf/tex/latex/preview/preview.sty
Package: preview 2017/04/24 11.91 (AUCTeX/preview-latex)

(/usr/share/texmf/tex/latex/preview/prtightpage.def
\PreviewBorder=\dimen118
)
\pr@snippet=\count102
\pr@box=\box29
\pr@output=\toks27
)
\c@propcounter=\count103
\mybox=\box30
)
\c@theorem=\count104

(source_extraction/results/0902.2683.aux

LaTeX Warning: Label `eq:Glimit' multiply defined.

)
\openout1 = `0902.2683.aux'.

LaTeX Font Info:    Checking defaults for OML/cmm/m/it on input line 174.
LaTeX Font Info:    ... okay on input line 174.
LaTeX Font Info:    Checking defaults for T1/cmr/m/n on input line 174.
LaTeX Font Info:    ... okay on input line 174.
LaTeX Font Info:    Checking defaults for OT1/cmr/m/n on input line 174.
LaTeX Font Info:    ... okay on input line 174.
LaTeX Font Info:    Checking defaults for OMS/cmsy/m/n on input line 174.
LaTeX Font Info:    ... okay on input line 174.
LaTeX Font Info:    Checking defaults for OMX/cmex/m/n on input line 174.
LaTeX Font Info:    ... okay on input line 174.
LaTeX Font Info:    Checking defaults for U/cmr/m/n on input line 174.
LaTeX Font Info:    ... okay on input line 174.
LaTeX Font Info:    Try loading font information for U+msa on input line 174.
 (/usr/share/texlive/texmf-dist/tex/latex/amsfonts/umsa.fd
File: umsa.fd 2013/01/14 v3.01 AMS symbols A
)
LaTeX Font Info:    Try loading font information for U+msb on input line 174.

(/usr/share/texlive/texmf-dist/tex/latex/amsfonts/umsb.fd
File: umsb.fd 2013/01/14 v3.01 AMS symbols B
)
LaTeX Font Info:    Try loading font information for U+esint on input line 174.


(/usr/share/texlive/texmf-dist/tex/latex/esint/uesint.fd
File: uesint.fd 
)
LaTeX Font Info:    Try loading font information for U+rsfs on input line 174.

(/usr/share/texlive/texmf-dist/tex/latex/jknapltx/ursfs.fd
File: ursfs.fd 1998/03/24 rsfs font definition file (jk)
)
(/usr/share/texlive/texmf-dist/tex/context/base/mkii/supp-pdf.mkii
[Loading MPS to PDF converter (version 2006.09.02).]
\scratchcounter=\count105
\scratchdimen=\dimen119
\scratchbox=\box31
\nofMPsegments=\count106
\nofMParguments=\count107
\everyMPshowfont=\toks28
\MPscratchCnt=\count108
\MPscratchDim=\dimen120
\MPnumerator=\count109
\makeMPintoPDFobject=\count110
\everyMPtoPDFconversion=\toks29
) (/usr/share/texlive/texmf-dist/tex/latex/oberdiek/epstopdf-base.sty
Package: epstopdf-base 2016/05/15 v2.6 Base part for package epstopdf

(/usr/share/texlive/texmf-dist/tex/generic/oberdiek/infwarerr.sty
Package: infwarerr 2016/05/16 v1.4 Providing info/warning/error messages (HO)
)
(/usr/share/texlive/texmf-dist/tex/latex/oberdiek/grfext.sty
Package: grfext 2016/05/16 v1.2 Manage graphics extensions (HO)

(/usr/share/texlive/texmf-dist/tex/generic/oberdiek/kvdefinekeys.sty
Package: kvdefinekeys 2016/05/16 v1.4 Define keys (HO)

(/usr/share/texlive/texmf-dist/tex/generic/oberdiek/ltxcmds.sty
Package: ltxcmds 2016/05/16 v1.23 LaTeX kernel commands for general use (HO)
)))
(/usr/share/texlive/texmf-dist/tex/latex/oberdiek/kvoptions.sty
Package: kvoptions 2016/05/16 v3.12 Key value format for package options (HO)

(/usr/share/texlive/texmf-dist/tex/generic/oberdiek/kvsetkeys.sty
Package: kvsetkeys 2016/05/16 v1.17 Key value parser (HO)

(/usr/share/texlive/texmf-dist/tex/generic/oberdiek/etexcmds.sty
Package: etexcmds 2016/05/16 v1.6 Avoid name clashes with e-TeX commands (HO)

(/usr/share/texlive/texmf-dist/tex/generic/oberdiek/ifluatex.sty
Package: ifluatex 2016/05/16 v1.4 Provides the ifluatex switch (HO)
Package ifluatex Info: LuaTeX not detected.
)
Package etexcmds Info: Could not find \expanded.
(etexcmds)             That can mean that you are not using pdfTeX 1.50 or
(etexcmds)             that some package has redefined \expanded.
(etexcmds)             In the latter case, load this package earlier.
)))
(/usr/share/texlive/texmf-dist/tex/generic/oberdiek/pdftexcmds.sty
Package: pdftexcmds 2018/01/21 v0.26 Utility functions of pdfTeX for LuaTeX (HO
)

(/usr/share/texlive/texmf-dist/tex/generic/oberdiek/ifpdf.sty
Package: ifpdf 2017/03/15 v3.2 Provides the ifpdf switch
)
Package pdftexcmds Info: LuaTeX not detected.
Package pdftexcmds Info: \pdf@primitive is available.
Package pdftexcmds Info: \pdf@ifprimitive is available.
Package pdftexcmds Info: \pdfdraftmode found.
)
Package epstopdf-base Info: Redefining graphics rule for `.eps' on input line 4
38.
Package grfext Info: Graphics extension search list:
(grfext)             [.pdf,.png,.jpg,.mps,.jpeg,.jbig2,.jb2,.PDF,.PNG,.JPG,.JPE
G,.JBIG2,.JB2,.eps]
(grfext)             \AppendGraphicsExtensions on input line 456.

(/usr/share/texlive/texmf-dist/tex/latex/latexconfig/epstopdf-sys.cfg
File: epstopdf-sys.cfg 2010/07/13 v1.3 Configuration of (r)epstopdf for TeX Liv
e
))
Preview: Fontsize 10pt
Preview: PDFoutput 1

Class amsart Warning: Abstract should precede \maketitle in AMS document classe
s; reported on input line 189.


LaTeX Warning: Reference `eq:pbm' on page 1 undefined on input line 254.


LaTeX Warning: Reference `eq:pbm' on page 2 undefined on input line 260.


LaTeX Warning: Reference `eq:pbm' on page 2 undefined on input line 273.


LaTeX Warning: Reference `assmptns' on page 2 undefined on input line 299.


LaTeX Warning: Reference `eq:pbm2' on page 2 undefined on input line 302.


LaTeX Warning: Reference `assmptns' on page 3 undefined on input line 353.


LaTeX Warning: Reference `sobolev' on page 3 undefined on input line 357.


LaTeX Warning: Reference `weighted-ergodic' on page 3 undefined on input line 3
61.


LaTeX Warning: Reference `mainresult' on page 3 undefined on input line 362.


LaTeX Warning: Reference `genztn' on page 3 undefined on input line 363.

Preview: Tightpage -32891 -32891 32891 32891
[1{/var/lib/texmf/fonts/map/pdftex/updmap/pdftex.map}]
Overfull \hbox (11.38109pt too wide) in paragraph at lines 449--449
[][] 
 []

[2]
Overfull \hbox (11.38109pt too wide) in paragraph at lines 523--523
[][] 
 []

[3]
Overfull \hbox (11.38109pt too wide) in paragraph at lines 534--534
[][] 
 []


LaTeX Warning: Reference `sobolev' on page 5 undefined on input line 537.


LaTeX Warning: Reference `Muck' on page 5 undefined on input line 538.


LaTeX Warning: Reference `sobolev' on page 5 undefined on input line 540.


LaTeX Warning: Reference `sobolev' on page 5 undefined on input line 557.

[4]
Overfull \hbox (11.38109pt too wide) in paragraph at lines 582--582
[][] 
 []

[5]
Underfull \hbox (badness 10000) in paragraph at lines 590--609
\OT1/cmr/m/n/10 where $\OML/cmm/m/it/10 p[] \OT1/cmr/m/n/10 = (\OML/cmm/m/it/10
 N \OT1/cmr/m/n/10 + \OML/cmm/m/it/10 a\OT1/cmr/m/n/10 )\OML/cmm/m/it/10 p=\OT1
/cmr/m/n/10 (\OML/cmm/m/it/10 N \OT1/cmr/m/n/10 + \OML/cmm/m/it/10 a \OMS/cmsy/
m/n/10 ^^@ \OML/cmm/m/it/10 p\OT1/cmr/m/n/10 )$ is the Sobolev ex-po-nent rel-a
-tive to
 []


Underfull \hbox (badness 10000) in paragraph at lines 590--609
\OML/cmm/m/it/10 W[]\OT1/cmr/m/n/10 (\OT1/cmr/bx/n/10 R[]\OML/cmm/m/it/10 ; ^^V
\OT1/cmr/m/n/10 )$ (see Lemma 3.2 ). We show $^^@$-convergence in that case, to
o
 []


LaTeX Warning: Reference `mainresult' on page 6 undefined on input line 611.

[6] [7]
Overfull \hbox (11.38109pt too wide) in paragraph at lines 667--667
[][] 
 []


LaTeX Warning: Reference `genztn' on page 7 undefined on input line 677.

[8]
Overfull \hbox (11.38109pt too wide) in paragraph at lines 677--677
[][] 
 []

[9]
Overfull \hbox (11.38109pt too wide) in paragraph at lines 690--690
[][] 
 []

[10]
Overfull \hbox (11.38109pt too wide) in paragraph at lines 702--702
[][] 
 []

[11]
Overfull \hbox (11.38109pt too wide) in paragraph at lines 710--710
[][] 
 []


Underfull \vbox (badness 10000) has occurred while \output is active []



LaTeX Warning: Reference `Muck' on page 8 undefined on input line 730.

[12]
Underfull \hbox (badness 1226) in paragraph at lines 738--763
\OT1/cmr/m/n/10 shares sev-eral prop-er-ties with the usual un-weighted case. I
n par-tic-u-lar, Mey-ers and Ser-
 []


Underfull \hbox (badness 1102) in paragraph at lines 738--763
\OT1/cmr/m/n/10 rin's $\OML/cmm/m/it/10 H \OT1/cmr/m/n/10 = \OML/cmm/m/it/10 W$
 \OT1/cmr/m/n/10 prop-erty holds (see [[]]). We will give pre-cise ref-er-ences
 for those prop-
 []


LaTeX Warning: Reference `kpmu' on page 8 undefined on input line 778.

[13]

LaTeX Warning: Reference `eq:gagliardo0' on page 8 undefined on input line 818.



LaTeX Warning: Reference `eq:gagliardo0' on page 8 undefined on input line 818.


[14]
Underfull \hbox (badness 10000) in paragraph at lines 819--825
[]\OT1/cmr/m/n/10 Finally, we re-call a trace re-sult in the weighted set-ting.

 []


LaTeX Warning: Reference `eq:capaltern' on page 9 undefined on input line 854.

[15]
Underfull \hbox (badness 1107) in paragraph at lines 892--896
[]\OT1/cmr/m/n/10 First we show that set in-clu-sion in-duces a par-tial or-der
-ing among ca-pac-i-tary po-ten-tials.
 []


LaTeX Warning: Reference `eq:grad' on page 10 undefined on input line 926.


LaTeX Warning: Reference `eq:cap' on page 10 undefined on input line 926.

[16]
Underfull \hbox (badness 2205) in paragraph at lines 927--946
[]\OT1/cmr/m/n/10 In turn, Propo-si-tion 3.4  yields uni-form con-ver-gence of 
the rel-a-tive ca-pac-i-ties to the
 []


Underfull \hbox (badness 1337) in paragraph at lines 927--946
\OT1/cmr/m/n/10 Giorgi's slicing-averaging method to re-fine the cut-off ar-gu-
ment con-tained in Lemma 3.2 .
 []


LaTeX Warning: Reference `eq:cap-rel-stima' on page 11 undefined on input line 
990.


LaTeX Warning: Reference `eq:ergogamma' on page 11 undefined on input line 1000
.


LaTeX Warning: Reference `eq:ergogamma' on page 12 undefined on input line 1010
.

[17]

LaTeX Warning: Reference `eq:ergogamma' on page 13 undefined on input line 1111
.

[18]
Overfull \hbox (11.38109pt too wide) in paragraph at lines 1140--1140
[][] 
 []

[19]
Underfull \hbox (badness 10000) in paragraph at lines 1163--1202
[]\OT1/cmr/m/n/10 Below we prove a join-ing lemma on vary-ing bound-ary do-main
s for weighted
 []


Underfull \hbox (badness 10000) in paragraph at lines 1163--1202
\OT1/cmr/m/n/10 Sobolev type en-er-gies. The ar-gu-ment fol-lows closely that b
y [[]] in the
 []


Underfull \hbox (badness 10000) in paragraph at lines 1163--1202
\OT1/cmr/m/n/10 un-weighted case for the pe-ri-odic ho-mog-e-niza-tion on per-f
o-rated open sets.
 []


LaTeX Warning: Reference `stima001' on page 14 undefined on input line 1281.


LaTeX Warning: Reference `stima002' on page 14 undefined on input line 1281.


LaTeX Warning: Reference `eq:uno' on page 15 undefined on input line 1281.


LaTeX Warning: Reference `eq:quattro' on page 15 undefined on input line 1281.

[20]
Overfull \hbox (11.38109pt too wide) in paragraph at lines 1292--1292
[][] 
 []


LaTeX Warning: Reference `eq:capacity' on page 16 undefined on input line 1404.



LaTeX Warning: Reference `parziale' on page 16 undefined on input line 1404.


LaTeX Warning: Reference `eq:capacity' on page 16 undefined on input line 1404.



LaTeX Warning: Reference `eq:capaltern' on page 16 undefined on input line 1404
.


LaTeX Warning: Reference `eq:finale' on page 16 undefined on input line 1404.


LaTeX Warning: Reference `eq:capacity' on page 17 undefined on input line 1404.


[21]

LaTeX Warning: Reference `eq:suppsi' on page 17 undefined on input line 1682.


LaTeX Warning: Reference `eq:fapprox' on page 17 undefined on input line 1682.


LaTeX Warning: Reference `eq:suppsi' on page 17 undefined on input line 1682.


LaTeX Warning: Reference `eq:teio-unif' on page 18 undefined on input line 1682
.


Overfull \hbox (10.16011pt too wide) in alignment at lines 1682--1682
 [][][] []
 []


LaTeX Warning: Reference `eq:bji' on page 18 undefined on input line 1682.


LaTeX Warning: Reference `eq:cap-scaling' on page 18 undefined on input line 16
82.


LaTeX Warning: Reference `eq:cap-sim' on page 18 undefined on input line 1682.


LaTeX Warning: Reference `eq:teio-unif' on page 18 undefined on input line 1682
.


LaTeX Warning: Reference `fondam1' on page 19 undefined on input line 1682.


LaTeX Warning: Reference `fondam1' on page 19 undefined on input line 1682.


LaTeX Warning: Reference `eq:regularity' on page 19 undefined on input line 168
2.


LaTeX Warning: Reference `eq:recovery' on page 19 undefined on input line 1682.



LaTeX Warning: Reference `eq:teio-unif' on page 19 undefined on input line 1682
.


LaTeX Warning: Reference `eq:recovery' on page 19 undefined on input line 1682.



LaTeX Warning: Reference `fondam' on page 19 undefined on input line 1682.


LaTeX Warning: Reference `fondam1' on page 19 undefined on input line 1682.


LaTeX Warning: Reference `eq:regularity' on page 19 undefined on input line 168
2.


LaTeX Warning: Reference `eta' on page 19 undefined on input line 1682.

[22]
Overfull \hbox (11.38109pt too wide) in paragraph at lines 1708--1708
[][] 
 []

[23]
Overfull \hbox (11.38109pt too wide) in paragraph at lines 1716--1716
[][] 
 []


LaTeX Warning: Reference `eta2' on page 20 undefined on input line 1739.


LaTeX Warning: Reference `eta2' on page 20 undefined on input line 1739.


LaTeX Warning: Reference `mainresult' on page 21 undefined on input line 1795.


LaTeX Warning: Reference `mainresult' on page 22 undefined on input line 1860.

[24]
Underfull \hbox (badness 10000) in paragraph at lines 1859--1876
\OT1/cmr/m/n/10 The ar-gu-ments by [[]] and those of Sec-tion [] then give the 
fol-low-ing re-sult.
 []


LaTeX Warning: Reference `mainresult' on page 22 undefined on input line 1884.


LaTeX Warning: Reference `mainresult' on page 22 undefined on input line 1888.


LaTeX Warning: Reference `eq:muck' on page 22 undefined on input line 1904.

[25]
Underfull \hbox (badness 10000) in paragraph at lines 1897--1904
[]\OT1/cmr/m/n/10 We show that $\OML/cmm/m/it/10 w\OT1/cmr/m/n/10 (\OML/cmm/m/i
t/10 x\OT1/cmr/m/n/10 ) = \OMS/cmsy/m/n/10 j\OML/cmm/m/it/10 x[]\OMS/cmsy/m/n/1
0 j[]$ \OT1/cmr/m/n/10 be-longs to the Muck-en-houpt
 []


Underfull \hbox (badness 10000) in paragraph at lines 1897--1904
\OT1/cmr/m/n/10 class $\OMS/cmsy/m/n/10 A[]\OT1/cmr/m/n/10 (\OT1/cmr/bx/n/10 R[
]\OT1/cmr/m/n/10 )$ un-der a com-pat-i-bil-ity con-di-tion be-tween $\OML/cmm/m
/it/10 p$ \OT1/cmr/m/n/10 and $\OML/cmm/m/it/10 a$\OT1/cmr/m/n/10 .
 []


LaTeX Warning: Reference `eq:muck' on page 22 undefined on input line 1953.


LaTeX Warning: Reference `eq:geq2r' on page 23 undefined on input line 1953.


LaTeX Warning: Reference `eq:leq2r' on page 23 undefined on input line 1953.


LaTeX Warning: Reference `eq:muck' on page 23 undefined on input line 1953.

(source_extraction/results/0902.2683.aux)

LaTeX Warning: There were undefined references.


LaTeX Warning: There were multiply-defined labels.

 ) 
Here is how much of TeX's memory you used:
 4079 strings out of 494260
 52863 string characters out of 6168642
 161735 words of memory out of 5000000
 7171 multiletter control sequences out of 15000+600000
 15100 words of font info for 62 fonts, out of 8000000 for 9000
 658 hyphenation exceptions out of 8191
 41i,15n,32p,904b,359s stack positions out of 5000i,500n,10000p,200000b,80000s
</usr/share/texlive/texmf-dist/fonts/type1/public/amsfonts/cm/cmbx10.pfb></us
r/share/texlive/texmf-dist/fonts/type1/public/amsfonts/cm/cmbx7.pfb></usr/share
/texlive/texmf-dist/fonts/type1/public/amsfonts/cm/cmex10.pfb></usr/share/texli
ve/texmf-dist/fonts/type1/public/amsfonts/cm/cmmi10.pfb></usr/share/texlive/tex
mf-dist/fonts/type1/public/amsfonts/cm/cmmi5.pfb></usr/share/texlive/texmf-dist
/fonts/type1/public/amsfonts/cm/cmmi7.pfb></usr/share/texlive/texmf-dist/fonts/
type1/public/amsfonts/cm/cmr10.pfb></usr/share/texlive/texmf-dist/fonts/type1/p
ublic/amsfonts/cm/cmr5.pfb></usr/share/texlive/texmf-dist/fonts/type1/public/am
sfonts/cm/cmr7.pfb></usr/share/texlive/texmf-dist/fonts/type1/public/amsfonts/c
m/cmsy10.pfb></usr/share/texlive/texmf-dist/fonts/type1/public/amsfonts/cm/cmsy
5.pfb></usr/share/texlive/texmf-dist/fonts/type1/public/amsfonts/cm/cmsy7.pfb><
/usr/share/texlive/texmf-dist/fonts/type1/public/amsfonts/cm/cmti10.pfb></usr/s
hare/texlive/texmf-dist/fonts/type1/public/amsfonts/cm/cmtt10.pfb></usr/share/t
exlive/texmf-dist/fonts/type1/public/amsfonts/cm/cmtt8.pfb></usr/share/texlive/
texmf-dist/fonts/type1/public/esint-type1/esint10.pfb></usr/share/texlive/texmf
-dist/fonts/type1/public/amsfonts/symbols/msbm10.pfb></usr/share/texlive/texmf-
dist/fonts/type1/public/rsfs/rsfs10.pfb></usr/share/texlive/texmf-dist/fonts/ty
pe1/public/rsfs/rsfs5.pfb>
Output written on source_extraction/results/0902.2683.pdf (25 pages, 210590 byt
es).
PDF statistics:
 162 PDF objects out of 1000 (max. 8388607)
 114 compressed objects within 2 object streams
 0 named destinations out of 1000 (max. 500000)
 1 words of extra memory for PDF output out of 10000 (max. 10000000)

