This is pdfTeX, Version 3.14159265-2.6-1.40.18 (TeX Live 2017/Debian) (preloaded format=pdflatex 2018.11.16)  29 NOV 2018 14:48
entering extended mode
 restricted \write18 enabled.
 %&-line parsing enabled.
**source_extraction/results/0903.5332.tex
(./source_extraction/results/0903.5332.tex
LaTeX2e <2017-04-15>
Babel <3.18> and hyphenation patterns for 20 language(s) loaded.
(/usr/share/texlive/texmf-dist/tex/latex/base/article.cls
Document Class: article 2014/09/29 v1.4h Standard LaTeX document class
(/usr/share/texlive/texmf-dist/tex/latex/base/size11.clo
File: size11.clo 2014/09/29 v1.4h Standard LaTeX file (size option)
)
\c@part=\count79
\c@section=\count80
\c@subsection=\count81
\c@subsubsection=\count82
\c@paragraph=\count83
\c@subparagraph=\count84
\c@figure=\count85
\c@table=\count86
\abovecaptionskip=\skip41
\belowcaptionskip=\skip42
\bibindent=\dimen102
)
(/usr/share/texlive/texmf-dist/tex/latex/amsmath/amsmath.sty
Package: amsmath 2017/09/02 v2.17a AMS math features
\@mathmargin=\skip43

For additional information on amsmath, use the `?' option.
(/usr/share/texlive/texmf-dist/tex/latex/amsmath/amstext.sty
Package: amstext 2000/06/29 v2.01 AMS text

(/usr/share/texlive/texmf-dist/tex/latex/amsmath/amsgen.sty
File: amsgen.sty 1999/11/30 v2.0 generic functions
\@emptytoks=\toks14
\ex@=\dimen103
))
(/usr/share/texlive/texmf-dist/tex/latex/amsmath/amsbsy.sty
Package: amsbsy 1999/11/29 v1.2d Bold Symbols
\pmbraise@=\dimen104
)
(/usr/share/texlive/texmf-dist/tex/latex/amsmath/amsopn.sty
Package: amsopn 2016/03/08 v2.02 operator names
)
\inf@bad=\count87
LaTeX Info: Redefining \frac on input line 213.
\uproot@=\count88
\leftroot@=\count89
LaTeX Info: Redefining \overline on input line 375.
\classnum@=\count90
\DOTSCASE@=\count91
LaTeX Info: Redefining \ldots on input line 472.
LaTeX Info: Redefining \dots on input line 475.
LaTeX Info: Redefining \cdots on input line 596.
\Mathstrutbox@=\box26
\strutbox@=\box27
\big@size=\dimen105
LaTeX Font Info:    Redeclaring font encoding OML on input line 712.
LaTeX Font Info:    Redeclaring font encoding OMS on input line 713.
\macc@depth=\count92
\c@MaxMatrixCols=\count93
\dotsspace@=\muskip10
\c@parentequation=\count94
\dspbrk@lvl=\count95
\tag@help=\toks15
\row@=\count96
\column@=\count97
\maxfields@=\count98
\andhelp@=\toks16
\eqnshift@=\dimen106
\alignsep@=\dimen107
\tagshift@=\dimen108
\tagwidth@=\dimen109
\totwidth@=\dimen110
\lineht@=\dimen111
\@envbody=\toks17
\multlinegap=\skip44
\multlinetaggap=\skip45
\mathdisplay@stack=\toks18
LaTeX Info: Redefining \[ on input line 2817.
LaTeX Info: Redefining \] on input line 2818.
)
(/usr/share/texlive/texmf-dist/tex/latex/amsfonts/amssymb.sty
Package: amssymb 2013/01/14 v3.01 AMS font symbols

(/usr/share/texlive/texmf-dist/tex/latex/amsfonts/amsfonts.sty
Package: amsfonts 2013/01/14 v3.01 Basic AMSFonts support
\symAMSa=\mathgroup4
\symAMSb=\mathgroup5
LaTeX Font Info:    Overwriting math alphabet `\mathfrak' in version `bold'
(Font)                  U/euf/m/n --> U/euf/b/n on input line 106.
))
(/usr/share/texlive/texmf-dist/tex/latex/graphics/epsfig.sty
Package: epsfig 2017/06/25 v1.7b (e)psfig emulation (SPQR)

(/usr/share/texlive/texmf-dist/tex/latex/graphics/graphicx.sty
Package: graphicx 2017/06/01 v1.1a Enhanced LaTeX Graphics (DPC,SPQR)

(/usr/share/texlive/texmf-dist/tex/latex/graphics/keyval.sty
Package: keyval 2014/10/28 v1.15 key=value parser (DPC)
\KV@toks@=\toks19
)
(/usr/share/texlive/texmf-dist/tex/latex/graphics/graphics.sty
Package: graphics 2017/06/25 v1.2c Standard LaTeX Graphics (DPC,SPQR)

(/usr/share/texlive/texmf-dist/tex/latex/graphics/trig.sty
Package: trig 2016/01/03 v1.10 sin cos tan (DPC)
)
(/usr/share/texlive/texmf-dist/tex/latex/graphics-cfg/graphics.cfg
File: graphics.cfg 2016/06/04 v1.11 sample graphics configuration
)
Package graphics Info: Driver file: pdftex.def on input line 99.

(/usr/share/texlive/texmf-dist/tex/latex/graphics-def/pdftex.def
File: pdftex.def 2018/01/08 v1.0l Graphics/color driver for pdftex
))
\Gin@req@height=\dimen112
\Gin@req@width=\dimen113
)
\epsfxsize=\dimen114
\epsfysize=\dimen115
)
(/usr/share/texlive/texmf-dist/tex/latex/amscls/amsthm.sty
Package: amsthm 2017/10/31 v2.20.4
\thm@style=\toks20
\thm@bodyfont=\toks21
\thm@headfont=\toks22
\thm@notefont=\toks23
\thm@headpunct=\toks24
\thm@preskip=\skip46
\thm@postskip=\skip47
\thm@headsep=\skip48
\dth@everypar=\toks25
)
(/usr/share/texlive/texmf-dist/tex/latex/amsfonts/eucal.sty
Package: eucal 2009/06/22 v3.00 Euler Script fonts
LaTeX Font Info:    Overwriting math alphabet `\EuScript' in version `bold'
(Font)                  U/eus/m/n --> U/eus/b/n on input line 33.
)
(/usr/share/texlive/texmf-dist/tex/latex/url/url.sty
\Urlmuskip=\muskip11
Package: url 2013/09/16  ver 3.4  Verb mode for urls, etc.
) (./extract.sty
(/usr/share/texlive/texmf-dist/tex/latex/environ/environ.sty
Package: environ 2014/05/04 v0.3 A new way to define environments

(/usr/share/texlive/texmf-dist/tex/latex/trimspaces/trimspaces.sty
Package: trimspaces 2009/09/17 v1.1 Trim spaces around a token list
))
(/usr/share/texlive/texmf-dist/tex/latex/etextools/etextools.sty
Package: etextools 2010/12/07 v3.1415926 e-TeX more useful tools for LaTeX pack
age writers

(/usr/share/texlive/texmf-dist/tex/latex/etex-pkg/etex.sty
Package: etex 2016/08/01 v2.7 eTeX basic definition package (PEB,DPC)
\et@xins=\count99
)
(/usr/share/texlive/texmf-dist/tex/latex/etoolbox/etoolbox.sty
Package: etoolbox 2018/02/11 v2.5e e-TeX tools for LaTeX (JAW)
\etb@tempcnta=\count100
)
(/usr/share/texlive/texmf-dist/tex/latex/oberdiek/letltxmacro.sty
Package: letltxmacro 2016/05/16 v1.5 Let assignment for LaTeX macros (HO)
)
\ettl@fter=\count101
\ettl@for@nested=\count277
)
(/usr/share/texmf/tex/latex/preview/preview.sty
Package: preview 2017/04/24 11.91 (AUCTeX/preview-latex)

(/usr/share/texmf/tex/latex/preview/prtightpage.def
\PreviewBorder=\dimen116
)
\pr@snippet=\count102
\pr@box=\box28
\pr@output=\toks26
)
\c@propcounter=\count103
\mybox=\box29
)
\c@theorem=\count104

(source_extraction/results/0903.5332.aux)
\openout1 = `0903.5332.aux'.

LaTeX Font Info:    Checking defaults for OML/cmm/m/it on input line 70.
LaTeX Font Info:    ... okay on input line 70.
LaTeX Font Info:    Checking defaults for T1/cmr/m/n on input line 70.
LaTeX Font Info:    ... okay on input line 70.
LaTeX Font Info:    Checking defaults for OT1/cmr/m/n on input line 70.
LaTeX Font Info:    ... okay on input line 70.
LaTeX Font Info:    Checking defaults for OMS/cmsy/m/n on input line 70.
LaTeX Font Info:    ... okay on input line 70.
LaTeX Font Info:    Checking defaults for OMX/cmex/m/n on input line 70.
LaTeX Font Info:    ... okay on input line 70.
LaTeX Font Info:    Checking defaults for U/cmr/m/n on input line 70.
LaTeX Font Info:    ... okay on input line 70.

(/usr/share/texlive/texmf-dist/tex/context/base/mkii/supp-pdf.mkii
[Loading MPS to PDF converter (version 2006.09.02).]
\scratchcounter=\count105
\scratchdimen=\dimen117
\scratchbox=\box30
\nofMPsegments=\count106
\nofMParguments=\count107
\everyMPshowfont=\toks27
\MPscratchCnt=\count108
\MPscratchDim=\dimen118
\MPnumerator=\count109
\makeMPintoPDFobject=\count110
\everyMPtoPDFconversion=\toks28
) (/usr/share/texlive/texmf-dist/tex/latex/oberdiek/epstopdf-base.sty
Package: epstopdf-base 2016/05/15 v2.6 Base part for package epstopdf

(/usr/share/texlive/texmf-dist/tex/generic/oberdiek/infwarerr.sty
Package: infwarerr 2016/05/16 v1.4 Providing info/warning/error messages (HO)
)
(/usr/share/texlive/texmf-dist/tex/latex/oberdiek/grfext.sty
Package: grfext 2016/05/16 v1.2 Manage graphics extensions (HO)

(/usr/share/texlive/texmf-dist/tex/generic/oberdiek/kvdefinekeys.sty
Package: kvdefinekeys 2016/05/16 v1.4 Define keys (HO)

(/usr/share/texlive/texmf-dist/tex/generic/oberdiek/ltxcmds.sty
Package: ltxcmds 2016/05/16 v1.23 LaTeX kernel commands for general use (HO)
)))
(/usr/share/texlive/texmf-dist/tex/latex/oberdiek/kvoptions.sty
Package: kvoptions 2016/05/16 v3.12 Key value format for package options (HO)

(/usr/share/texlive/texmf-dist/tex/generic/oberdiek/kvsetkeys.sty
Package: kvsetkeys 2016/05/16 v1.17 Key value parser (HO)

(/usr/share/texlive/texmf-dist/tex/generic/oberdiek/etexcmds.sty
Package: etexcmds 2016/05/16 v1.6 Avoid name clashes with e-TeX commands (HO)

(/usr/share/texlive/texmf-dist/tex/generic/oberdiek/ifluatex.sty
Package: ifluatex 2016/05/16 v1.4 Provides the ifluatex switch (HO)
Package ifluatex Info: LuaTeX not detected.
)
Package etexcmds Info: Could not find \expanded.
(etexcmds)             That can mean that you are not using pdfTeX 1.50 or
(etexcmds)             that some package has redefined \expanded.
(etexcmds)             In the latter case, load this package earlier.
)))
(/usr/share/texlive/texmf-dist/tex/generic/oberdiek/pdftexcmds.sty
Package: pdftexcmds 2018/01/21 v0.26 Utility functions of pdfTeX for LuaTeX (HO
)

(/usr/share/texlive/texmf-dist/tex/generic/oberdiek/ifpdf.sty
Package: ifpdf 2017/03/15 v3.2 Provides the ifpdf switch
)
Package pdftexcmds Info: LuaTeX not detected.
Package pdftexcmds Info: \pdf@primitive is available.
Package pdftexcmds Info: \pdf@ifprimitive is available.
Package pdftexcmds Info: \pdfdraftmode found.
)
Package epstopdf-base Info: Redefining graphics rule for `.eps' on input line 4
38.
Package grfext Info: Graphics extension search list:
(grfext)             [.pdf,.png,.jpg,.mps,.jpeg,.jbig2,.jb2,.PDF,.PNG,.JPG,.JPE
G,.JBIG2,.JB2,.eps]
(grfext)             \AppendGraphicsExtensions on input line 456.

(/usr/share/texlive/texmf-dist/tex/latex/latexconfig/epstopdf-sys.cfg
File: epstopdf-sys.cfg 2010/07/13 v1.3 Configuration of (r)epstopdf for TeX Liv
e
))
Preview: Fontsize 10.95pt
Preview: PDFoutput 1
LaTeX Font Info:    Try loading font information for U+msa on input line 72.
(/usr/share/texlive/texmf-dist/tex/latex/amsfonts/umsa.fd
File: umsa.fd 2013/01/14 v3.01 AMS symbols A
)
LaTeX Font Info:    Try loading font information for U+msb on input line 72.

(/usr/share/texlive/texmf-dist/tex/latex/amsfonts/umsb.fd
File: umsb.fd 2013/01/14 v3.01 AMS symbols B
)
LaTeX Font Info:    Try loading font information for OMS+cmr on input line 72.

(/usr/share/texlive/texmf-dist/tex/latex/base/omscmr.fd
File: omscmr.fd 2014/09/29 v2.5h Standard LaTeX font definitions
)
LaTeX Font Info:    Font shape `OMS/cmr/m/n' in size <8> not available
(Font)              Font shape `OMS/cmsy/m/n' tried instead on input line 72.
LaTeX Font Info:    Font shape `OMS/cmr/m/n' in size <6> not available
(Font)              Font shape `OMS/cmsy/m/n' tried instead on input line 72.

Underfull \hbox (badness 7133) in paragraph at lines 72--72
[][]\OT1/cmr/m/n/9 IMPA, Estrada Dona Cas-to-rina 110, 22460-320 Rio de Janeiro
, Brazil
 []


Underfull \hbox (badness 7133) in paragraph at lines 72--72
[][]\OT1/cmr/m/n/9 IMPA, Estrada Dona Cas-to-rina 110, 22460-320 Rio de Janeiro
, Brazil
 []


Overfull \hbox (2.70781pt too wide) in paragraph at lines 76--99
[]\OT1/cmr/m/n/10 Gossez type (D) op-er-a-tors are de-fined in non-reflexive Ba
-nach spaces
 []


Underfull \hbox (badness 10000) in paragraph at lines 76--99

 []


Underfull \hbox (badness 10000) in paragraph at lines 76--99

 []


Underfull \hbox (badness 10000) in paragraph at lines 76--99

 []

Preview: Tightpage -32891 -32891 32891 32891
[1{/var/lib/texmf/fonts/map/pdftex/updmap/pdftex.map}]
Overfull \hbox (238.71031pt too wide) in paragraph at lines 226--248
\OT1/cmr/m/n/10.95 tended to max-i-mal mono-tone op-er-a-tors as fol-lows: [] 
 []

[2]
Overfull \hbox (61.69014pt too wide) in paragraph at lines 254--262
\OT1/cmr/m/n/10.95 with $\OML/cmm/m/it/10.95 f$ \OT1/cmr/m/n/10.95 in $\OML/cmm
/m/it/10.95 X$\OT1/cmr/m/n/10.95 . [] 
 []


LaTeX Warning: Reference `ap:1' on page 4 undefined on input line 267.

[3]
Overfull \hbox (17.0pt too wide) in paragraph at lines 279--279
[][] 
 []

[4]
Overfull \hbox (254.57649pt too wide) in paragraph at lines 288--309
\OT1/cmr/m/n/10.95 type (D) op-er-a-tors, is the main con-cern of this ar-ti-cl
e. [] 
 []

[5]
Overfull \hbox (145.48697pt too wide) in paragraph at lines 311--321
\OT1/cmr/m/n/10.95 Gossez for type (D) op-er-a-tors. [] 
 []

LaTeX Font Info:    Try loading font information for U+eus on input line 339.
(/usr/share/texlive/texmf-dist/tex/latex/amsfonts/ueus.fd
File: ueus.fd 2013/01/14 v3.01 Euler Script
) [6]
Overfull \hbox (195.15358pt too wide) in paragraph at lines 350--362
\OT1/cmr/m/n/10.95 Next we sum-ma-rize Fitz-patrick's re-sults: [] 
 []

[7]
Overfull \hbox (152.23543pt too wide) in paragraph at lines 399--409
\OT1/cmr/m/n/10.95 Note that $^^C(\OML/cmm/m/it/10.95 X \OMS/cmsy/m/n/10.95 ^^B
 \OML/cmm/m/it/10.95 X[]\OT1/cmr/m/n/10.95 ) = \OML/cmm/m/it/10.95 X[] \OMS/cms
y/m/n/10.95 ^^B \OML/cmm/m/it/10.95 X$\OT1/cmr/m/n/10.95 . [] 
 []

[8]
Overfull \hbox (93.91664pt too wide) in paragraph at lines 411--431
\OT1/cmr/m/n/10.95 ate and prove next. [] 
 []

[9]
Overfull \hbox (258.53185pt too wide) in paragraph at lines 455--482
\OT1/cmr/m/n/10.95 The next two re-sults are the main tools of our anal-y-sis. 
[] 
 []


LaTeX Warning: Reference `eq:imp' on page 8 undefined on input line 578.


LaTeX Warning: Reference `eq:0imp' on page 8 undefined on input line 578.

[10]
Overfull \hbox (17.0pt too wide) in paragraph at lines 590--590
[][] 
 []


Overfull \hbox (0.55606pt too wide) detected at line 649
[][] []\OT1/cmr/m/n/10.95 (\OML/cmm/m/it/10.95 x[]; x[]\OT1/cmr/m/n/10.95 ) = \
OML/cmm/m/it/10.95 f[]\OT1/cmr/m/n/10.95 (\OML/cmm/m/it/10.95 x[]; x[]\OT1/cmr/
m/n/10.95 ) \OMS/cmsy/m/n/10.95 ^^U h[]\OML/cmm/m/it/10.95 ; []\OMS/cmsy/m/n/10
.95 i\OML/cmm/m/it/10.95 ;  \OMS/cmsy/m/n/10.95 8\OT1/cmr/m/n/10.95 (\OML/cmm/m
/it/10.95 x[]; x[]\OT1/cmr/m/n/10.95 ) \OMS/cmsy/m/n/10.95 2 \OML/cmm/m/it/10.9
5 X[] \OMS/cmsy/m/n/10.95 ^^B \OML/cmm/m/it/10.95 X[]
 []

[11]
Overfull \hbox (68.67079pt too wide) in paragraph at lines 618--649
\OT1/cmr/m/n/10.95 al-ity prod-uct. [] 
 []


Overfull \hbox (8.23296pt too wide) detected at line 731
[] \OML/cmm/m/it/10.95 h[]\OT1/cmr/m/n/10.95 (\OML/cmm/m/it/10.95 x; x[]\OT1/cm
r/m/n/10.95 ) + [][][] + [][][] = 0\OML/cmm/m/it/10.95 ;  \OMS/cmsy/m/n/10.95 8
\OT1/cmr/m/n/10.95 (\OML/cmm/m/it/10.95 x[]; x[]\OT1/cmr/m/n/10.95 ) \OMS/cmsy/
m/n/10.95 2 \OML/cmm/m/it/10.95 X \OMS/cmsy/m/n/10.95 ^^B \OML/cmm/m/it/10.95 X
[]\OT1/cmr/m/n/10.95 ;
 []


Overfull \hbox (8.23296pt too wide) detected at line 731
[] \OML/cmm/m/it/10.95 h[]\OT1/cmr/m/n/10.95 (\OML/cmm/m/it/10.95 x; x[]\OT1/cm
r/m/n/10.95 ) + [][][] + [][][] = 0\OML/cmm/m/it/10.95 ;  \OMS/cmsy/m/n/10.95 8
\OT1/cmr/m/n/10.95 (\OML/cmm/m/it/10.95 x[]; x[]\OT1/cmr/m/n/10.95 ) \OMS/cmsy/
m/n/10.95 2 \OML/cmm/m/it/10.95 X \OMS/cmsy/m/n/10.95 ^^B \OML/cmm/m/it/10.95 X
[]\OT1/cmr/m/n/10.95 ;
 []

[12]
Overfull \hbox (17.0pt too wide) in paragraph at lines 731--731
[][] 
 []


Overfull \vbox (0.40308pt too high) has occurred while \output is active []


Overfull \hbox (11.25447pt too wide) in paragraph at lines 811--811
\OT1/cmr/m/n/10.95 Moreover, since $\OML/cmm/m/it/10.95 h[]\OT1/cmr/m/n/10.95 (
\OML/cmm/m/it/10.95 y[]; y[]\OT1/cmr/m/n/10.95 )$ is fi-nite, the net can be ch
o-sen so that $\OMS/cmsy/m/n/10.95 f\OML/cmm/m/it/10.95 h\OT1/cmr/m/n/10.95 (\O
ML/cmm/m/it/10.95 z[]; z[]\OT1/cmr/m/n/10.95 )\OMS/cmsy/m/n/10.95 g[]$
 []


LaTeX Warning: Reference `eq:e' on page 12 undefined on input line 811.


LaTeX Warning: Reference `eq:h' on page 12 undefined on input line 811.

[13]
Overfull \hbox (17.0pt too wide) in paragraph at lines 830--830
[][] 
 []

[14] [15]
Overfull \hbox (30.72086pt too wide) in paragraph at lines 896--908
\OT1/cmr/m/n/10.95 mula: [] 
 []


LaTeX Warning: Reference `eq:sl' on page 14 undefined on input line 975.


LaTeX Warning: Reference `eq:sl2' on page 15 undefined on input line 975.


LaTeX Warning: Reference `eq:sl3' on page 15 undefined on input line 975.

(source_extraction/results/0903.5332.aux)

LaTeX Warning: There were undefined references.

 ) 
Here is how much of TeX's memory you used:
 3631 strings out of 494260
 47939 string characters out of 6168642
 132471 words of memory out of 5000000
 6889 multiletter control sequences out of 15000+600000
 15419 words of font info for 58 fonts, out of 8000000 for 9000
 497 hyphenation exceptions out of 8191
 41i,11n,27p,904b,322s stack positions out of 5000i,500n,10000p,200000b,80000s
</usr/share/texlive/texmf-dist/fonts/type1/public/amsfonts/cm/cmbx10.pfb></us
r/share/texlive/texmf-dist/fonts/type1/public/amsfonts/cm/cmex10.pfb></usr/shar
e/texlive/texmf-dist/fonts/type1/public/amsfonts/cm/cmmi10.pfb></usr/share/texl
ive/texmf-dist/fonts/type1/public/amsfonts/cm/cmmi6.pfb></usr/share/texlive/tex
mf-dist/fonts/type1/public/amsfonts/cm/cmmi8.pfb></usr/share/texlive/texmf-dist
/fonts/type1/public/amsfonts/cm/cmr10.pfb></usr/share/texlive/texmf-dist/fonts/
type1/public/amsfonts/cm/cmr6.pfb></usr/share/texlive/texmf-dist/fonts/type1/pu
blic/amsfonts/cm/cmr8.pfb></usr/share/texlive/texmf-dist/fonts/type1/public/ams
fonts/cm/cmsy10.pfb></usr/share/texlive/texmf-dist/fonts/type1/public/amsfonts/
cm/cmsy6.pfb></usr/share/texlive/texmf-dist/fonts/type1/public/amsfonts/cm/cmsy
8.pfb></usr/share/texlive/texmf-dist/fonts/type1/public/amsfonts/cm/cmti10.pfb>
</usr/share/texlive/texmf-dist/fonts/type1/public/amsfonts/euler/eusm10.pfb></u
sr/share/texlive/texmf-dist/fonts/type1/public/amsfonts/symbols/msam10.pfb></us
r/share/texlive/texmf-dist/fonts/type1/public/amsfonts/symbols/msbm10.pfb>
Output written on source_extraction/results/0903.5332.pdf (15 pages, 157382 byt
es).
PDF statistics:
 113 PDF objects out of 1000 (max. 8388607)
 80 compressed objects within 1 object stream
 0 named destinations out of 1000 (max. 500000)
 1 words of extra memory for PDF output out of 10000 (max. 10000000)

