This is pdfTeX, Version 3.14159265-2.6-1.40.18 (TeX Live 2017/Debian) (preloaded format=pdflatex 2018.11.16)  29 NOV 2018 14:48
entering extended mode
 restricted \write18 enabled.
 %&-line parsing enabled.
**source_extraction/results/0904.2667.tex
(./source_extraction/results/0904.2667.tex
LaTeX2e <2017-04-15>
Babel <3.18> and hyphenation patterns for 20 language(s) loaded.
(/usr/share/texlive/texmf-dist/tex/latex/base/article.cls
Document Class: article 2014/09/29 v1.4h Standard LaTeX document class
(/usr/share/texlive/texmf-dist/tex/latex/base/size10.clo
File: size10.clo 2014/09/29 v1.4h Standard LaTeX file (size option)
)
\c@part=\count79
\c@section=\count80
\c@subsection=\count81
\c@subsubsection=\count82
\c@paragraph=\count83
\c@subparagraph=\count84
\c@figure=\count85
\c@table=\count86
\abovecaptionskip=\skip41
\belowcaptionskip=\skip42
\bibindent=\dimen102
)
(/usr/share/texlive/texmf-dist/tex/latex/amsmath/amsmath.sty
Package: amsmath 2017/09/02 v2.17a AMS math features
\@mathmargin=\skip43

For additional information on amsmath, use the `?' option.
(/usr/share/texlive/texmf-dist/tex/latex/amsmath/amstext.sty
Package: amstext 2000/06/29 v2.01 AMS text

(/usr/share/texlive/texmf-dist/tex/latex/amsmath/amsgen.sty
File: amsgen.sty 1999/11/30 v2.0 generic functions
\@emptytoks=\toks14
\ex@=\dimen103
))
(/usr/share/texlive/texmf-dist/tex/latex/amsmath/amsbsy.sty
Package: amsbsy 1999/11/29 v1.2d Bold Symbols
\pmbraise@=\dimen104
)
(/usr/share/texlive/texmf-dist/tex/latex/amsmath/amsopn.sty
Package: amsopn 2016/03/08 v2.02 operator names
)
\inf@bad=\count87
LaTeX Info: Redefining \frac on input line 213.
\uproot@=\count88
\leftroot@=\count89
LaTeX Info: Redefining \overline on input line 375.
\classnum@=\count90
\DOTSCASE@=\count91
LaTeX Info: Redefining \ldots on input line 472.
LaTeX Info: Redefining \dots on input line 475.
LaTeX Info: Redefining \cdots on input line 596.
\Mathstrutbox@=\box26
\strutbox@=\box27
\big@size=\dimen105
LaTeX Font Info:    Redeclaring font encoding OML on input line 712.
LaTeX Font Info:    Redeclaring font encoding OMS on input line 713.
\macc@depth=\count92
\c@MaxMatrixCols=\count93
\dotsspace@=\muskip10
\c@parentequation=\count94
\dspbrk@lvl=\count95
\tag@help=\toks15
\row@=\count96
\column@=\count97
\maxfields@=\count98
\andhelp@=\toks16
\eqnshift@=\dimen106
\alignsep@=\dimen107
\tagshift@=\dimen108
\tagwidth@=\dimen109
\totwidth@=\dimen110
\lineht@=\dimen111
\@envbody=\toks17
\multlinegap=\skip44
\multlinetaggap=\skip45
\mathdisplay@stack=\toks18
LaTeX Info: Redefining \[ on input line 2817.
LaTeX Info: Redefining \] on input line 2818.
)
(/usr/share/texlive/texmf-dist/tex/latex/amsfonts/amssymb.sty
Package: amssymb 2013/01/14 v3.01 AMS font symbols

(/usr/share/texlive/texmf-dist/tex/latex/amsfonts/amsfonts.sty
Package: amsfonts 2013/01/14 v3.01 Basic AMSFonts support
\symAMSa=\mathgroup4
\symAMSb=\mathgroup5
LaTeX Font Info:    Overwriting math alphabet `\mathfrak' in version `bold'
(Font)                  U/euf/m/n --> U/euf/b/n on input line 106.
))
(/usr/share/texlive/texmf-dist/tex/latex/amscls/amsthm.sty
Package: amsthm 2017/10/31 v2.20.4
\thm@style=\toks19
\thm@bodyfont=\toks20
\thm@headfont=\toks21
\thm@notefont=\toks22
\thm@headpunct=\toks23
\thm@preskip=\skip46
\thm@postskip=\skip47
\thm@headsep=\skip48
\dth@everypar=\toks24
)
(/usr/share/texlive/texmf-dist/tex/generic/babel/babel.sty
Package: babel 2018/02/14 3.18 The Babel package

(/usr/share/texlive/texmf-dist/tex/generic/babel/switch.def
File: switch.def 2018/02/14 3.18 Babel switching mechanism
)
(/usr/share/texlive/texmf-dist/tex/generic/babel-english/english.ldf
Language: english 2017/06/06 v3.3r English support from the babel system

(/usr/share/texlive/texmf-dist/tex/generic/babel/babel.def
File: babel.def 2018/02/14 3.18 Babel common definitions
\babel@savecnt=\count99
\U@D=\dimen112

(/usr/share/texlive/texmf-dist/tex/generic/babel/txtbabel.def)
\bbl@dirlevel=\count100
)
\l@canadian = a dialect from \language\l@american 
\l@australian = a dialect from \language\l@british 
\l@newzealand = a dialect from \language\l@british 
))
(/usr/share/texlive/texmf-dist/tex/latex/jknapltx/mathrsfs.sty
Package: mathrsfs 1996/01/01 Math RSFS package v1.0 (jk)
\symrsfs=\mathgroup6
)
(/usr/share/texlive/texmf-dist/tex/latex/base/fontenc.sty
Package: fontenc 2017/04/05 v2.0i Standard LaTeX package

(/usr/share/texlive/texmf-dist/tex/latex/base/t1enc.def
File: t1enc.def 2017/04/05 v2.0i Standard LaTeX file
LaTeX Font Info:    Redeclaring font encoding T1 on input line 48.
)) (./extract.sty
(/usr/share/texlive/texmf-dist/tex/latex/environ/environ.sty
Package: environ 2014/05/04 v0.3 A new way to define environments

(/usr/share/texlive/texmf-dist/tex/latex/trimspaces/trimspaces.sty
Package: trimspaces 2009/09/17 v1.1 Trim spaces around a token list
))
(/usr/share/texlive/texmf-dist/tex/latex/etextools/etextools.sty
Package: etextools 2010/12/07 v3.1415926 e-TeX more useful tools for LaTeX pack
age writers

(/usr/share/texlive/texmf-dist/tex/latex/etex-pkg/etex.sty
Package: etex 2016/08/01 v2.7 eTeX basic definition package (PEB,DPC)
\et@xins=\count101
)
(/usr/share/texlive/texmf-dist/tex/latex/etoolbox/etoolbox.sty
Package: etoolbox 2018/02/11 v2.5e e-TeX tools for LaTeX (JAW)
\etb@tempcnta=\count102
)
(/usr/share/texlive/texmf-dist/tex/latex/oberdiek/letltxmacro.sty
Package: letltxmacro 2016/05/16 v1.5 Let assignment for LaTeX macros (HO)
)
\ettl@fter=\count103
\ettl@for@nested=\count277
)
(/usr/share/texmf/tex/latex/preview/preview.sty
Package: preview 2017/04/24 11.91 (AUCTeX/preview-latex)

(/usr/share/texmf/tex/latex/preview/prtightpage.def
\PreviewBorder=\dimen113
)
\pr@snippet=\count104
\pr@box=\box28
\pr@output=\toks25
)
\c@propcounter=\count105
\mybox=\box29
)
\c@theorem=\count106
\c@definition=\count107
\c@remark=\count108
\c@example=\count109
\c@examples=\count110

(source_extraction/results/0904.2667.aux)
\openout1 = `0904.2667.aux'.

LaTeX Font Info:    Checking defaults for OML/cmm/m/it on input line 83.
LaTeX Font Info:    ... okay on input line 83.
LaTeX Font Info:    Checking defaults for T1/cmr/m/n on input line 83.
LaTeX Font Info:    ... okay on input line 83.
LaTeX Font Info:    Checking defaults for OT1/cmr/m/n on input line 83.
LaTeX Font Info:    ... okay on input line 83.
LaTeX Font Info:    Checking defaults for OMS/cmsy/m/n on input line 83.
LaTeX Font Info:    ... okay on input line 83.
LaTeX Font Info:    Checking defaults for OMX/cmex/m/n on input line 83.
LaTeX Font Info:    ... okay on input line 83.
LaTeX Font Info:    Checking defaults for U/cmr/m/n on input line 83.
LaTeX Font Info:    ... okay on input line 83.

Preview: Fontsize 10pt
Preview: PDFoutput 1
LaTeX Font Info:    Try loading font information for U+msa on input line 95.
(/usr/share/texlive/texmf-dist/tex/latex/amsfonts/umsa.fd
File: umsa.fd 2013/01/14 v3.01 AMS symbols A
)
LaTeX Font Info:    Try loading font information for U+msb on input line 95.

(/usr/share/texlive/texmf-dist/tex/latex/amsfonts/umsb.fd
File: umsb.fd 2013/01/14 v3.01 AMS symbols B
)
LaTeX Font Info:    Try loading font information for U+rsfs on input line 95.

(/usr/share/texlive/texmf-dist/tex/latex/jknapltx/ursfs.fd
File: ursfs.fd 1998/03/24 rsfs font definition file (jk)
)
LaTeX Font Info:    Try loading font information for OMS+cmr on input line 95.

(/usr/share/texlive/texmf-dist/tex/latex/base/omscmr.fd
File: omscmr.fd 2014/09/29 v2.5h Standard LaTeX font definitions
)
LaTeX Font Info:    Font shape `OMS/cmr/m/n' in size <8> not available
(Font)              Font shape `OMS/cmsy/m/n' tried instead on input line 95.
LaTeX Font Info:    Font shape `OMS/cmr/m/n' in size <6> not available
(Font)              Font shape `OMS/cmsy/m/n' tried instead on input line 95.


LaTeX Warning: Reference `sec:Division' on page 2 undefined on input line 130.


LaTeX Warning: Reference `sec:Division' on page 2 undefined on input line 134.


LaTeX Warning: Reference `sec:Zerosofproducts' on page 2 undefined on input lin
e 136.


LaTeX Warning: Reference `sec:Applications' on page 2 undefined on input line 1
39.

Preview: Tightpage -32891 -32891 32891 32891
[1{/var/lib/texmf/fonts/map/pdftex/updmap/pdftex.map}]
Overfull \hbox (15.0pt too wide) in paragraph at lines 204--204
[][] 
 []

[2]
Overfull \hbox (15.0pt too wide) in paragraph at lines 235--235
[][] 
 []

[3]
Overfull \hbox (15.0pt too wide) in paragraph at lines 241--241
[][] 
 []

[4]
Overfull \hbox (15.0pt too wide) in paragraph at lines 264--264
[][] 
 []

[5]
Overfull \hbox (15.0pt too wide) in paragraph at lines 283--283
[][] 
 []

[6]
Overfull \hbox (15.0pt too wide) in paragraph at lines 293--293
[][] 
 []

[7]
Overfull \hbox (15.0pt too wide) in paragraph at lines 321--321
[][] 
 []


LaTeX Warning: Reference `fs-real' on page 7 undefined on input line 331.


LaTeX Warning: Reference `rfs' on page 7 undefined on input line 331.


LaTeX Warning: Reference `rfs' on page 7 undefined on input line 331.


LaTeX Warning: Reference `rfs' on page 7 undefined on input line 331.

[8]
Overfull \hbox (15.0pt too wide) in paragraph at lines 341--341
[][] 
 []

[9]
Overfull \hbox (15.0pt too wide) in paragraph at lines 350--350
[][] 
 []

[10]
Overfull \hbox (15.0pt too wide) in paragraph at lines 357--357
[][] 
 []

[11]
Overfull \hbox (15.0pt too wide) in paragraph at lines 371--371
[][] 
 []

[12]
Overfull \hbox (15.0pt too wide) in paragraph at lines 390--390
[][] 
 []


LaTeX Warning: Reference `rfg' on page 10 undefined on input line 425.

[13]
Overfull \hbox (15.0pt too wide) in paragraph at lines 449--449
[][] 
 []


LaTeX Warning: Reference `rfg' on page 11 undefined on input line 487.


LaTeX Warning: Reference `rfg' on page 11 undefined on input line 487.


LaTeX Warning: Reference `rfg' on page 11 undefined on input line 487.


LaTeX Warning: Reference `rfg' on page 11 undefined on input line 487.


LaTeX Warning: Reference `rfg' on page 11 undefined on input line 487.


LaTeX Warning: Reference `eq9' on page 12 undefined on input line 487.

[14]
Overfull \hbox (15.0pt too wide) in paragraph at lines 491--491
[][] 
 []

[15]
Overfull \hbox (15.0pt too wide) in paragraph at lines 495--495
[][] 
 []

[16]
Overfull \hbox (15.0pt too wide) in paragraph at lines 501--501
[][] 
 []

[17]
Overfull \hbox (15.0pt too wide) in paragraph at lines 519--519
[][] 
 []

[18]
Overfull \hbox (15.0pt too wide) in paragraph at lines 542--542
[][] 
 []

[19]
Overfull \hbox (15.0pt too wide) in paragraph at lines 546--546
[][] 
 []

[20]
Overfull \hbox (15.0pt too wide) in paragraph at lines 567--567
[][] 
 []

[21]
Overfull \hbox (15.0pt too wide) in paragraph at lines 574--574
[][] 
 []

(source_extraction/results/0904.2667.aux)

LaTeX Warning: There were undefined references.

 ) 
Here is how much of TeX's memory you used:
 3109 strings out of 494260
 37585 string characters out of 6168642
 124356 words of memory out of 5000000
 6409 multiletter control sequences out of 15000+600000
 22252 words of font info for 61 fonts, out of 8000000 for 9000
 497 hyphenation exceptions out of 8191
 30i,15n,27p,895b,322s stack positions out of 5000i,500n,10000p,200000b,80000s
 </home/dasha/.texlive2017/texmf-var/fonts/pk/ljfour/jknappen/ec/ecti1000.600
pk> </home/dasha/.texlive2017/texmf-var/fonts/pk/ljfour/jknappen/ec/ecbx1000.60
0pk> </home/dasha/.texlive2017/texmf-var/fonts/pk/ljfour/jknappen/ec/ecrm1000.6
00pk></usr/share/texlive/texmf-dist/fonts/type1/public/amsfonts/cm/cmex10.pfb><
/usr/share/texlive/texmf-dist/fonts/type1/public/amsfonts/cm/cmmi10.pfb></usr/s
hare/texlive/texmf-dist/fonts/type1/public/amsfonts/cm/cmmi5.pfb></usr/share/te
xlive/texmf-dist/fonts/type1/public/amsfonts/cm/cmmi7.pfb></usr/share/texlive/t
exmf-dist/fonts/type1/public/amsfonts/cm/cmr10.pfb></usr/share/texlive/texmf-di
st/fonts/type1/public/amsfonts/cm/cmr5.pfb></usr/share/texlive/texmf-dist/fonts
/type1/public/amsfonts/cm/cmr7.pfb></usr/share/texlive/texmf-dist/fonts/type1/p
ublic/amsfonts/cm/cmsy10.pfb></usr/share/texlive/texmf-dist/fonts/type1/public/
amsfonts/cm/cmsy7.pfb></usr/share/texlive/texmf-dist/fonts/type1/public/amsfont
s/symbols/msbm10.pfb>
Output written on source_extraction/results/0904.2667.pdf (21 pages, 145484 byt
es).
PDF statistics:
 254 PDF objects out of 1000 (max. 8388607)
 90 compressed objects within 1 object stream
 0 named destinations out of 1000 (max. 500000)
 1 words of extra memory for PDF output out of 10000 (max. 10000000)

