This is pdfTeX, Version 3.14159265-2.6-1.40.18 (TeX Live 2017/Debian) (preloaded format=pdflatex 2018.11.16)  29 NOV 2018 14:48
entering extended mode
 restricted \write18 enabled.
 %&-line parsing enabled.
**source_extraction/results/0905.0478.tex
(./source_extraction/results/0905.0478.tex
LaTeX2e <2017-04-15>
Babel <3.18> and hyphenation patterns for 20 language(s) loaded.
(/usr/share/texlive/texmf-dist/tex/latex/amscls/amsart.cls
Document Class: amsart 2017/10/31 v2.20.4
\linespacing=\dimen102
\normalparindent=\dimen103
\normaltopskip=\skip41
(/usr/share/texlive/texmf-dist/tex/latex/amsmath/amsmath.sty
Package: amsmath 2017/09/02 v2.17a AMS math features
\@mathmargin=\skip42

For additional information on amsmath, use the `?' option.
(/usr/share/texlive/texmf-dist/tex/latex/amsmath/amstext.sty
Package: amstext 2000/06/29 v2.01 AMS text

(/usr/share/texlive/texmf-dist/tex/latex/amsmath/amsgen.sty
File: amsgen.sty 1999/11/30 v2.0 generic functions
\@emptytoks=\toks14
\ex@=\dimen104
))
(/usr/share/texlive/texmf-dist/tex/latex/amsmath/amsbsy.sty
Package: amsbsy 1999/11/29 v1.2d Bold Symbols
\pmbraise@=\dimen105
)
(/usr/share/texlive/texmf-dist/tex/latex/amsmath/amsopn.sty
Package: amsopn 2016/03/08 v2.02 operator names
)
\inf@bad=\count79
LaTeX Info: Redefining \frac on input line 213.
\uproot@=\count80
\leftroot@=\count81
LaTeX Info: Redefining \overline on input line 375.
\classnum@=\count82
\DOTSCASE@=\count83
LaTeX Info: Redefining \ldots on input line 472.
LaTeX Info: Redefining \dots on input line 475.
LaTeX Info: Redefining \cdots on input line 596.
\Mathstrutbox@=\box26
\strutbox@=\box27
\big@size=\dimen106
LaTeX Font Info:    Redeclaring font encoding OML on input line 712.
LaTeX Font Info:    Redeclaring font encoding OMS on input line 713.
\macc@depth=\count84
\c@MaxMatrixCols=\count85
\dotsspace@=\muskip10
\c@parentequation=\count86
\dspbrk@lvl=\count87
\tag@help=\toks15
\row@=\count88
\column@=\count89
\maxfields@=\count90
\andhelp@=\toks16
\eqnshift@=\dimen107
\alignsep@=\dimen108
\tagshift@=\dimen109
\tagwidth@=\dimen110
\totwidth@=\dimen111
\lineht@=\dimen112
\@envbody=\toks17
\multlinegap=\skip43
\multlinetaggap=\skip44
\mathdisplay@stack=\toks18
LaTeX Info: Redefining \[ on input line 2817.
LaTeX Info: Redefining \] on input line 2818.
)
LaTeX Font Info:    Try loading font information for U+msa on input line 398.

(/usr/share/texlive/texmf-dist/tex/latex/amsfonts/umsa.fd
File: umsa.fd 2013/01/14 v3.01 AMS symbols A
)
(/usr/share/texlive/texmf-dist/tex/latex/amsfonts/amsfonts.sty
Package: amsfonts 2013/01/14 v3.01 Basic AMSFonts support
\symAMSa=\mathgroup4
\symAMSb=\mathgroup5
LaTeX Font Info:    Overwriting math alphabet `\mathfrak' in version `bold'
(Font)                  U/euf/m/n --> U/euf/b/n on input line 106.
)
\copyins=\insert199
\abstractbox=\box28
\listisep=\skip45
\c@part=\count91
\c@section=\count92
\c@subsection=\count93
\c@subsubsection=\count94
\c@paragraph=\count95
\c@subparagraph=\count96
\c@figure=\count97
\c@table=\count98
\abovecaptionskip=\skip46
\belowcaptionskip=\skip47
\captionindent=\dimen113
\thm@style=\toks19
\thm@bodyfont=\toks20
\thm@headfont=\toks21
\thm@notefont=\toks22
\thm@headpunct=\toks23
\thm@preskip=\skip48
\thm@postskip=\skip49
\thm@headsep=\skip50
\dth@everypar=\toks24
)
(/usr/share/texlive/texmf-dist/tex/latex/amsfonts/amssymb.sty
Package: amssymb 2013/01/14 v3.01 AMS font symbols
)
(/usr/share/texlive/texmf-dist/tex/generic/xypic/xy.sty
(/usr/share/texlive/texmf-dist/tex/generic/xypic/xy.tex Bootstrap'ing:
catcodes, docmode, (/usr/share/texlive/texmf-dist/tex/generic/xypic/xyrecat.tex
) (/usr/share/texlive/texmf-dist/tex/generic/xypic/xyidioms.tex)

 Xy-pic version 3.8.9 <2013/10/06>
 Copyright (c) 1991-2013 by Kristoffer H. Rose <krisrose@tug.org> and others
 Xy-pic is free software: see the User's Guide for details.

Loading kernel: messages; fonts; allocations: state,
\X@c=\dimen114
\Y@c=\dimen115
\U@c=\dimen116
\D@c=\dimen117
\L@c=\dimen118
\R@c=\dimen119
\Edge@c=\toks25
\X@p=\dimen120
\Y@p=\dimen121
\U@p=\dimen122
\D@p=\dimen123
\L@p=\dimen124
\R@p=\dimen125
\Edge@p=\toks26
\X@origin=\dimen126
\Y@origin=\dimen127
\X@xbase=\dimen128
\Y@xbase=\dimen129
\X@ybase=\dimen130
\Y@ybase=\dimen131
\X@min=\dimen132
\Y@min=\dimen133
\X@max=\dimen134
\Y@max=\dimen135
\lastobjectbox@=\box29
\zerodotbox@=\box30
\almostz@=\dimen136
 direction,
\d@X=\dimen137
\d@Y=\dimen138
\K@=\count99
\KK@=\count100
\Direction=\count101
\K@dXdY=\dimen139
\K@dYdX=\dimen140
\xyread@=\read1
\xywrite@=\write3
\csp@=\count102
\quotPTK@=\dimen141

utility macros; pictures: \xy, positions,
\swaptoks@@=\toks27
\connectobjectbox@@=\box31
 objects,
\styletoks@=\toks28
 decorations;
kernel objects: directionals, circles, text; options; algorithms: directions,
edges, connections;  Xy-pic loaded)
(/usr/share/texlive/texmf-dist/tex/generic/oberdiek/ifpdf.sty
Package: ifpdf 2017/03/15 v3.2 Provides the ifpdf switch
)
Package: xy 2013/10/06 Xy-pic version 3.8.9

(/usr/share/texlive/texmf-dist/tex/generic/xypic/xycmtip.tex
 Xy-pic option: Computer Modern tip extension v.3.7
(/usr/share/texlive/texmf-dist/tex/generic/xypic/xytips.tex
 Xy-pic option: More Tips extension v.3.11 loaded) loaded)
(/usr/share/texlive/texmf-dist/tex/generic/xypic/xyarrow.tex
 Xy-pic option: Arrow and Path feature v.3.9 path, \ar, loaded)
(/usr/share/texlive/texmf-dist/tex/generic/xypic/xymatrix.tex
 Xy-pic option: Matrix feature v.3.14
\Row=\count103
\Col=\count104
\queue@=\toks29
\queue@@=\toks30
\qcount@=\count105
\qcount@@=\count106
\matrixsize@=\count107
 loaded)
(/usr/share/texlive/texmf-dist/tex/generic/xypic/xycurve.tex
 Xy-pic option: Curve and Spline extension v.3.12 curve,
\crv@cnt@=\count108
\crvpts@=\toks31
\splinebox@=\box32
\splineval@=\dimen142
\splinedepth@=\dimen143
\splinetol@=\dimen144
\splinelength@=\dimen145
 circles,
\L@=\dimen146
 loaded)
(/usr/share/texlive/texmf-dist/tex/generic/xypic/xyps.tex
 Xy-pic option: PostScript backend v.3.12 drivers, hooks, loaded)
(/usr/share/texlive/texmf-dist/tex/generic/xypic/xypdf.tex
 Xy-pic option: PDF driver v.1.7 Xy-pic pdf driver: `curve' extension support
(/usr/share/texlive/texmf-dist/tex/generic/xypic/xypdf-cu.tex loaded) loaded))
(./extract.sty (/usr/share/texlive/texmf-dist/tex/latex/environ/environ.sty
Package: environ 2014/05/04 v0.3 A new way to define environments

(/usr/share/texlive/texmf-dist/tex/latex/trimspaces/trimspaces.sty
Package: trimspaces 2009/09/17 v1.1 Trim spaces around a token list
))
(/usr/share/texlive/texmf-dist/tex/latex/etextools/etextools.sty
Package: etextools 2010/12/07 v3.1415926 e-TeX more useful tools for LaTeX pack
age writers

(/usr/share/texlive/texmf-dist/tex/latex/etex-pkg/etex.sty
Package: etex 2016/08/01 v2.7 eTeX basic definition package (PEB,DPC)
\et@xins=\count109
)
(/usr/share/texlive/texmf-dist/tex/latex/etoolbox/etoolbox.sty
Package: etoolbox 2018/02/11 v2.5e e-TeX tools for LaTeX (JAW)
\etb@tempcnta=\count110
)
(/usr/share/texlive/texmf-dist/tex/latex/oberdiek/letltxmacro.sty
Package: letltxmacro 2016/05/16 v1.5 Let assignment for LaTeX macros (HO)
)
\ettl@fter=\count111
\ettl@for@nested=\count277
)
(/usr/share/texmf/tex/latex/preview/preview.sty
Package: preview 2017/04/24 11.91 (AUCTeX/preview-latex)

(/usr/share/texmf/tex/latex/preview/prtightpage.def
\PreviewBorder=\dimen147
)
\pr@snippet=\count112
\pr@box=\box33
\pr@output=\toks32
)
\c@propcounter=\count113
\mybox=\box34
)
\c@theorem=\count114
\c@question=\count115

(source_extraction/results/0905.0478.aux)
\openout1 = `0905.0478.aux'.

LaTeX Font Info:    Checking defaults for OML/cmm/m/it on input line 62.
LaTeX Font Info:    ... okay on input line 62.
LaTeX Font Info:    Checking defaults for T1/cmr/m/n on input line 62.
LaTeX Font Info:    ... okay on input line 62.
LaTeX Font Info:    Checking defaults for OT1/cmr/m/n on input line 62.
LaTeX Font Info:    ... okay on input line 62.
LaTeX Font Info:    Checking defaults for OMS/cmsy/m/n on input line 62.
LaTeX Font Info:    ... okay on input line 62.
LaTeX Font Info:    Checking defaults for OMX/cmex/m/n on input line 62.
LaTeX Font Info:    ... okay on input line 62.
LaTeX Font Info:    Checking defaults for U/cmr/m/n on input line 62.
LaTeX Font Info:    ... okay on input line 62.
LaTeX Font Info:    Try loading font information for U+msa on input line 62.

(/usr/share/texlive/texmf-dist/tex/latex/amsfonts/umsa.fd
File: umsa.fd 2013/01/14 v3.01 AMS symbols A
)
LaTeX Font Info:    Try loading font information for U+msb on input line 62.

(/usr/share/texlive/texmf-dist/tex/latex/amsfonts/umsb.fd
File: umsb.fd 2013/01/14 v3.01 AMS symbols B
)
Package xypdf Info: Line width: 0.43799pt on input line 62.

Preview: Fontsize 10.95pt
Preview: PDFoutput 1
LaTeX Font Info:    Try loading font information for OMS+cmr on input line 107.

(/usr/share/texlive/texmf-dist/tex/latex/base/omscmr.fd
File: omscmr.fd 2014/09/29 v2.5h Standard LaTeX font definitions
)
LaTeX Font Info:    Font shape `OMS/cmr/m/n' in size <10.95> not available
(Font)              Font shape `OMS/cmsy/m/n' tried instead on input line 107.


LaTeX Warning: Reference `prelim-sec' on page 2 undefined on input line 107.


LaTeX Warning: Reference `constr-sec' on page 2 undefined on input line 107.


LaTeX Warning: Reference `LPA-props-sec' on page 2 undefined on input line 107.



LaTeX Warning: Reference `GUT-sec' on page 2 undefined on input line 107.


LaTeX Warning: Reference `CKUT' on page 2 undefined on input line 107.


LaTeX Warning: Reference `Ideals-sec' on page 2 undefined on input line 107.


LaTeX Warning: Reference `tensor-sec' on page 2 undefined on input line 107.


Underfull \vbox (badness 10000) has occurred while \output is active []


Preview: Tightpage -32891 -32891 32891 32891
[1{/var/lib/texmf/fonts/map/pdftex/updmap/pdftex.map}]
Overfull \hbox (12.0pt too wide) in paragraph at lines 119--119
[][] 
 []

[2]
Overfull \hbox (12.0pt too wide) in paragraph at lines 123--123
[][] 
 []

[3]
Overfull \hbox (12.0pt too wide) in paragraph at lines 128--128
[][] 
 []

[4]
Overfull \hbox (12.0pt too wide) in paragraph at lines 138--138
[][] 
 []

[5]
Overfull \hbox (12.0pt too wide) in paragraph at lines 143--143
[][] 
 []


Underfull \vbox (badness 10000) has occurred while \output is active []


Underfull \vbox (badness 1314) has occurred while \output is active []

 [6]
Overfull \hbox (12.0pt too wide) in paragraph at lines 179--179
[][] 
 []

[7]
Overfull \hbox (12.0pt too wide) in paragraph at lines 187--187
[][] 
 []

[8]
Overfull \hbox (12.0pt too wide) in paragraph at lines 192--192
[][] 
 []

[9]
Overfull \hbox (12.0pt too wide) in paragraph at lines 198--198
[][] 
 []


Underfull \vbox (badness 1590) has occurred while \output is active []

 [10]
Overfull \hbox (12.0pt too wide) in paragraph at lines 210--210
[][] 
 []

[11]
Overfull \hbox (12.0pt too wide) in paragraph at lines 225--225
[][] 
 []


Underfull \vbox (badness 10000) has occurred while \output is active []

 [12]
Overfull \hbox (12.0pt too wide) in paragraph at lines 244--244
[][] 
 []

[13]
Overfull \hbox (12.0pt too wide) in paragraph at lines 248--248
[][] 
 []

[14]
Overfull \hbox (12.0pt too wide) in paragraph at lines 260--260
[][] 
 []

[15]
Overfull \hbox (12.0pt too wide) in paragraph at lines 264--264
[][] 
 []

[16]
Overfull \hbox (12.0pt too wide) in paragraph at lines 279--279
[][] 
 []

[17]
Overfull \hbox (12.0pt too wide) in paragraph at lines 283--283
[][] 
 []

[18]
Overfull \hbox (12.0pt too wide) in paragraph at lines 289--289
[][] 
 []

[19]
Overfull \hbox (12.0pt too wide) in paragraph at lines 306--306
[][] 
 []

[20]
Overfull \hbox (12.0pt too wide) in paragraph at lines 310--310
[][] 
 []


Overfull \hbox (5.07057pt too wide) in paragraph at lines 314--314
[]\OT1/cmr/m/n/10.95 Suppose that $\OML/cmm/m/it/10.95 []; [] ; [] \OMS/cmsy/
m/n/10.95 2 \OML/cmm/m/it/10.95 E[]$\OT1/cmr/m/n/10.95 , and $[][] \OML/cmm/m/i
t/10.95 r[][] \OT1/cmr/m/n/10.95 = 0$ for some $\OML/cmm/m/it/10.95 r[]; [] ; 
r[] \OMS/cmsy/m/n/10.95 2
 []

[21]
Overfull \hbox (12.0pt too wide) in paragraph at lines 323--323
[][] 
 []

[22]
Overfull \hbox (12.0pt too wide) in paragraph at lines 328--328
[][] 
 []


Underfull \vbox (badness 2762) has occurred while \output is active []

 [23]
Overfull \hbox (12.0pt too wide) in paragraph at lines 334--334
[][] 
 []

[24]
Overfull \hbox (12.0pt too wide) in paragraph at lines 338--338
[][] 
 []

[25]
Overfull \hbox (12.0pt too wide) in paragraph at lines 345--345
[][] 
 []

[26]
Overfull \hbox (12.0pt too wide) in paragraph at lines 360--360
[][] 
 []

[27]
Overfull \hbox (12.0pt too wide) in paragraph at lines 369--369
[][] 
 []

[28]
Overfull \hbox (12.0pt too wide) in paragraph at lines 380--380
[][] 
 []

[29]
Overfull \hbox (12.0pt too wide) in paragraph at lines 390--390
[][] 
 []

[30]
Overfull \hbox (12.0pt too wide) in paragraph at lines 399--399
[][] 
 []


Underfull \vbox (badness 10000) has occurred while \output is active []

 [31]
Overfull \hbox (12.0pt too wide) in paragraph at lines 411--411
[][] 
 []

[32]
Overfull \hbox (12.0pt too wide) in paragraph at lines 428--428
[][] 
 []

[33]
Overfull \hbox (12.0pt too wide) in paragraph at lines 439--439
[][] 
 []

[34]
Overfull \hbox (12.0pt too wide) in paragraph at lines 448--448
[][] 
 []

[35]
Overfull \hbox (12.0pt too wide) in paragraph at lines 462--462
[][] 
 []

[36]
Overfull \hbox (12.0pt too wide) in paragraph at lines 470--470
[][] 
 []

[37]
Overfull \hbox (12.0pt too wide) in paragraph at lines 482--482
[][] 
 []


Underfull \vbox (badness 2932) has occurred while \output is active []

 [38]
Overfull \hbox (12.0pt too wide) in paragraph at lines 496--496
[][] 
 []

[39]
Overfull \hbox (12.0pt too wide) in paragraph at lines 504--504
[][] 
 []

[40]
Overfull \hbox (12.0pt too wide) in paragraph at lines 508--508
[][] 
 []

[41]
Overfull \hbox (12.0pt too wide) in paragraph at lines 515--515
[][] 
 []

[42]
Overfull \hbox (12.0pt too wide) in paragraph at lines 526--526
[][] 
 []


Underfull \vbox (badness 10000) has occurred while \output is active []

 [43]
Overfull \hbox (12.0pt too wide) in paragraph at lines 530--530
[][] 
 []

[44]
Overfull \hbox (12.0pt too wide) in paragraph at lines 540--540
[][] 
 []


LaTeX Warning: Reference `mult-rules-eq' on page 19 undefined on input line 554
.

[45]
Overfull \hbox (12.0pt too wide) in paragraph at lines 558--558
[][] 
 []

[46]
Overfull \hbox (12.0pt too wide) in paragraph at lines 571--571
[][] 
 []


Underfull \vbox (badness 10000) has occurred while \output is active []

 [47]
Overfull \hbox (12.0pt too wide) in paragraph at lines 614--614
[][] 
 []

[48]
Overfull \hbox (12.0pt too wide) in paragraph at lines 622--622
[][] 
 []

[49]
Overfull \hbox (12.0pt too wide) in paragraph at lines 627--627
[][] 
 []

[50]
Overfull \hbox (12.0pt too wide) in paragraph at lines 633--633
[][] 
 []

[51]
Overfull \hbox (12.0pt too wide) in paragraph at lines 642--642
[][] 
 []

[52]
Overfull \hbox (12.0pt too wide) in paragraph at lines 648--648
[][] 
 []

[53]
Overfull \hbox (12.0pt too wide) in paragraph at lines 655--655
[][] 
 []

[54]
Overfull \hbox (12.0pt too wide) in paragraph at lines 668--668
[][] 
 []


Underfull \vbox (badness 1769) has occurred while \output is active []

 [55]
Overfull \hbox (12.0pt too wide) in paragraph at lines 678--678
[][] 
 []

[56]
Overfull \hbox (12.0pt too wide) in paragraph at lines 682--682
[][] 
 []

[57]
Overfull \hbox (12.0pt too wide) in paragraph at lines 690--690
[][] 
 []

[58]
Overfull \hbox (12.0pt too wide) in paragraph at lines 704--704
[][] 
 []

[59]
Overfull \hbox (12.0pt too wide) in paragraph at lines 715--715
[][] 
 []

[60]
Overfull \hbox (12.0pt too wide) in paragraph at lines 726--726
[][] 
 []


Underfull \vbox (badness 10000) has occurred while \output is active []


Underfull \vbox (badness 10000) has occurred while \output is active []

 [61]
Overfull \hbox (12.0pt too wide) in paragraph at lines 737--737
[][] 
 []

[62]
Overfull \hbox (12.0pt too wide) in paragraph at lines 747--747
[][] 
 []


Underfull \hbox (badness 4279) in paragraph at lines 809--810
[]\OT1/cmr/m/n/9 J. L. Garc^^S^^Pa and J J. Sim^^Son, \OT1/cmr/m/it/9 Morita eq
uiv-a-lence for idem-po-tent rings\OT1/cmr/m/n/9 ,
 []

(source_extraction/results/0905.0478.aux)

LaTeX Warning: There were undefined references.

 ) 
Here is how much of TeX's memory you used:
 5021 strings out of 494260
 60391 string characters out of 6168642
 189085 words of memory out of 5000000
 8152 multiletter control sequences out of 15000+600000
 15467 words of font info for 60 fonts, out of 8000000 for 9000
 658 hyphenation exceptions out of 8191
 34i,12n,32p,2232b,348s stack positions out of 5000i,500n,10000p,200000b,80000s
</usr/share/texlive/texmf-dist/fonts/type1/public/amsfonts/cm/cmbx10.pfb></us
r/share/texlive/texmf-dist/fonts/type1/public/amsfonts/cm/cmex10.pfb></usr/shar
e/texlive/texmf-dist/fonts/type1/public/amsfonts/cm/cmmi10.pfb></usr/share/texl
ive/texmf-dist/fonts/type1/public/amsfonts/cm/cmmi6.pfb></usr/share/texlive/tex
mf-dist/fonts/type1/public/amsfonts/cm/cmmi8.pfb></usr/share/texlive/texmf-dist
/fonts/type1/public/amsfonts/cm/cmr10.pfb></usr/share/texlive/texmf-dist/fonts/
type1/public/amsfonts/cm/cmr6.pfb></usr/share/texlive/texmf-dist/fonts/type1/pu
blic/amsfonts/cm/cmr8.pfb></usr/share/texlive/texmf-dist/fonts/type1/public/ams
fonts/cm/cmsy10.pfb></usr/share/texlive/texmf-dist/fonts/type1/public/amsfonts/
cm/cmsy8.pfb></usr/share/texlive/texmf-dist/fonts/type1/public/amsfonts/cm/cmti
10.pfb></usr/share/texlive/texmf-dist/fonts/type1/public/amsfonts/symbols/msbm1
0.pfb>
Output written on source_extraction/results/0905.0478.pdf (62 pages, 199038 byt
es).
PDF statistics:
 253 PDF objects out of 1000 (max. 8388607)
 175 compressed objects within 2 object streams
 0 named destinations out of 1000 (max. 500000)
 1 words of extra memory for PDF output out of 10000 (max. 10000000)

