This is pdfTeX, Version 3.14159265-2.6-1.40.18 (TeX Live 2017/Debian) (preloaded format=pdflatex 2018.11.16)  29 NOV 2018 14:48
entering extended mode
 restricted \write18 enabled.
 %&-line parsing enabled.
**source_extraction/results/0906.4797.tex
(./source_extraction/results/0906.4797.tex
LaTeX2e <2017-04-15>
Babel <3.18> and hyphenation patterns for 20 language(s) loaded.
(/usr/share/texlive/texmf-dist/tex/latex/amscls/amsart.cls
Document Class: amsart 2017/10/31 v2.20.4
\linespacing=\dimen102
\normalparindent=\dimen103
\normaltopskip=\skip41
(/usr/share/texlive/texmf-dist/tex/latex/amsmath/amsmath.sty
Package: amsmath 2017/09/02 v2.17a AMS math features
\@mathmargin=\skip42

For additional information on amsmath, use the `?' option.
(/usr/share/texlive/texmf-dist/tex/latex/amsmath/amstext.sty
Package: amstext 2000/06/29 v2.01 AMS text

(/usr/share/texlive/texmf-dist/tex/latex/amsmath/amsgen.sty
File: amsgen.sty 1999/11/30 v2.0 generic functions
\@emptytoks=\toks14
\ex@=\dimen104
))
(/usr/share/texlive/texmf-dist/tex/latex/amsmath/amsbsy.sty
Package: amsbsy 1999/11/29 v1.2d Bold Symbols
\pmbraise@=\dimen105
)
(/usr/share/texlive/texmf-dist/tex/latex/amsmath/amsopn.sty
Package: amsopn 2016/03/08 v2.02 operator names
)
\inf@bad=\count79
LaTeX Info: Redefining \frac on input line 213.
\uproot@=\count80
\leftroot@=\count81
LaTeX Info: Redefining \overline on input line 375.
\classnum@=\count82
\DOTSCASE@=\count83
LaTeX Info: Redefining \ldots on input line 472.
LaTeX Info: Redefining \dots on input line 475.
LaTeX Info: Redefining \cdots on input line 596.
\Mathstrutbox@=\box26
\strutbox@=\box27
\big@size=\dimen106
LaTeX Font Info:    Redeclaring font encoding OML on input line 712.
LaTeX Font Info:    Redeclaring font encoding OMS on input line 713.
\macc@depth=\count84
\c@MaxMatrixCols=\count85
\dotsspace@=\muskip10
\c@parentequation=\count86
\dspbrk@lvl=\count87
\tag@help=\toks15
\row@=\count88
\column@=\count89
\maxfields@=\count90
\andhelp@=\toks16
\eqnshift@=\dimen107
\alignsep@=\dimen108
\tagshift@=\dimen109
\tagwidth@=\dimen110
\totwidth@=\dimen111
\lineht@=\dimen112
\@envbody=\toks17
\multlinegap=\skip43
\multlinetaggap=\skip44
\mathdisplay@stack=\toks18
LaTeX Info: Redefining \[ on input line 2817.
LaTeX Info: Redefining \] on input line 2818.
)
LaTeX Font Info:    Try loading font information for U+msa on input line 398.

(/usr/share/texlive/texmf-dist/tex/latex/amsfonts/umsa.fd
File: umsa.fd 2013/01/14 v3.01 AMS symbols A
)
(/usr/share/texlive/texmf-dist/tex/latex/amsfonts/amsfonts.sty
Package: amsfonts 2013/01/14 v3.01 Basic AMSFonts support
\symAMSa=\mathgroup4
\symAMSb=\mathgroup5
LaTeX Font Info:    Overwriting math alphabet `\mathfrak' in version `bold'
(Font)                  U/euf/m/n --> U/euf/b/n on input line 106.
)
\copyins=\insert199
\abstractbox=\box28
\listisep=\skip45
\c@part=\count91
\c@section=\count92
\c@subsection=\count93
\c@subsubsection=\count94
\c@paragraph=\count95
\c@subparagraph=\count96
\c@figure=\count97
\c@table=\count98
\abovecaptionskip=\skip46
\belowcaptionskip=\skip47
\captionindent=\dimen113
\thm@style=\toks19
\thm@bodyfont=\toks20
\thm@headfont=\toks21
\thm@notefont=\toks22
\thm@headpunct=\toks23
\thm@preskip=\skip48
\thm@postskip=\skip49
\thm@headsep=\skip50
\dth@everypar=\toks24
)
(/usr/share/texlive/texmf-dist/tex/latex/graphics/graphics.sty
Package: graphics 2017/06/25 v1.2c Standard LaTeX Graphics (DPC,SPQR)

(/usr/share/texlive/texmf-dist/tex/latex/graphics/trig.sty
Package: trig 2016/01/03 v1.10 sin cos tan (DPC)
)
(/usr/share/texlive/texmf-dist/tex/latex/graphics-cfg/graphics.cfg
File: graphics.cfg 2016/06/04 v1.11 sample graphics configuration
)
Package graphics Info: Driver file: pdftex.def on input line 99.

(/usr/share/texlive/texmf-dist/tex/latex/graphics-def/pdftex.def
File: pdftex.def 2018/01/08 v1.0l Graphics/color driver for pdftex
))
(/usr/share/texlive/texmf-dist/tex/latex/wrapfig/wrapfig.sty
\wrapoverhang=\dimen114
\WF@size=\dimen115
\c@WF@wrappedlines=\count99
\WF@box=\box29
\WF@everypar=\toks25
Package: wrapfig 2003/01/31  v 3.6
)
(/usr/share/texlive/texmf-dist/tex/latex/graphics/graphicx.sty
Package: graphicx 2017/06/01 v1.1a Enhanced LaTeX Graphics (DPC,SPQR)

(/usr/share/texlive/texmf-dist/tex/latex/graphics/keyval.sty
Package: keyval 2014/10/28 v1.15 key=value parser (DPC)
\KV@toks@=\toks26
)
\Gin@req@height=\dimen116
\Gin@req@width=\dimen117
)
(/usr/share/texlive/texmf-dist/tex/latex/jknapltx/mathrsfs.sty
Package: mathrsfs 1996/01/01 Math RSFS package v1.0 (jk)
\symrsfs=\mathgroup6
) (./extract.sty
(/usr/share/texlive/texmf-dist/tex/latex/environ/environ.sty
Package: environ 2014/05/04 v0.3 A new way to define environments

(/usr/share/texlive/texmf-dist/tex/latex/trimspaces/trimspaces.sty
Package: trimspaces 2009/09/17 v1.1 Trim spaces around a token list
))
(/usr/share/texlive/texmf-dist/tex/latex/etextools/etextools.sty
Package: etextools 2010/12/07 v3.1415926 e-TeX more useful tools for LaTeX pack
age writers

(/usr/share/texlive/texmf-dist/tex/latex/etex-pkg/etex.sty
Package: etex 2016/08/01 v2.7 eTeX basic definition package (PEB,DPC)
\et@xins=\count100
)
(/usr/share/texlive/texmf-dist/tex/latex/etoolbox/etoolbox.sty
Package: etoolbox 2018/02/11 v2.5e e-TeX tools for LaTeX (JAW)
\etb@tempcnta=\count101
)
(/usr/share/texlive/texmf-dist/tex/latex/oberdiek/letltxmacro.sty
Package: letltxmacro 2016/05/16 v1.5 Let assignment for LaTeX macros (HO)
)
\ettl@fter=\count102
\ettl@for@nested=\count277
)
(/usr/share/texmf/tex/latex/preview/preview.sty
Package: preview 2017/04/24 11.91 (AUCTeX/preview-latex)

(/usr/share/texmf/tex/latex/preview/prtightpage.def
\PreviewBorder=\dimen118
)
\pr@snippet=\count103
\pr@box=\box30
\pr@output=\toks27
)
\c@propcounter=\count104
\mybox=\box31
)
\c@lemma=\count105
\c@theorem=\count106
\c@corollary=\count107
\c@main=\count108
\c@proposition=\count109
\c@conjecture=\count110
\c@problem=\count111
\c@definition=\count112
\c@remark=\count113
\c@remarks=\count114
\c@notation=\count115
\c@example=\count116
\c@algorithm=\count117

(source_extraction/results/0906.4797.aux)
\openout1 = `0906.4797.aux'.

LaTeX Font Info:    Checking defaults for OML/cmm/m/it on input line 90.
LaTeX Font Info:    ... okay on input line 90.
LaTeX Font Info:    Checking defaults for T1/cmr/m/n on input line 90.
LaTeX Font Info:    ... okay on input line 90.
LaTeX Font Info:    Checking defaults for OT1/cmr/m/n on input line 90.
LaTeX Font Info:    ... okay on input line 90.
LaTeX Font Info:    Checking defaults for OMS/cmsy/m/n on input line 90.
LaTeX Font Info:    ... okay on input line 90.
LaTeX Font Info:    Checking defaults for OMX/cmex/m/n on input line 90.
LaTeX Font Info:    ... okay on input line 90.
LaTeX Font Info:    Checking defaults for U/cmr/m/n on input line 90.
LaTeX Font Info:    ... okay on input line 90.
LaTeX Font Info:    Try loading font information for U+msa on input line 90.

(/usr/share/texlive/texmf-dist/tex/latex/amsfonts/umsa.fd
File: umsa.fd 2013/01/14 v3.01 AMS symbols A
)
LaTeX Font Info:    Try loading font information for U+msb on input line 90.

(/usr/share/texlive/texmf-dist/tex/latex/amsfonts/umsb.fd
File: umsb.fd 2013/01/14 v3.01 AMS symbols B
)
LaTeX Font Info:    Try loading font information for U+rsfs on input line 90.

(/usr/share/texlive/texmf-dist/tex/latex/jknapltx/ursfs.fd
File: ursfs.fd 1998/03/24 rsfs font definition file (jk)
)
(/usr/share/texlive/texmf-dist/tex/context/base/mkii/supp-pdf.mkii
[Loading MPS to PDF converter (version 2006.09.02).]
\scratchcounter=\count118
\scratchdimen=\dimen119
\scratchbox=\box32
\nofMPsegments=\count119
\nofMParguments=\count120
\everyMPshowfont=\toks28
\MPscratchCnt=\count121
\MPscratchDim=\dimen120
\MPnumerator=\count122
\makeMPintoPDFobject=\count123
\everyMPtoPDFconversion=\toks29
) (/usr/share/texlive/texmf-dist/tex/latex/oberdiek/epstopdf-base.sty
Package: epstopdf-base 2016/05/15 v2.6 Base part for package epstopdf

(/usr/share/texlive/texmf-dist/tex/generic/oberdiek/infwarerr.sty
Package: infwarerr 2016/05/16 v1.4 Providing info/warning/error messages (HO)
)
(/usr/share/texlive/texmf-dist/tex/latex/oberdiek/grfext.sty
Package: grfext 2016/05/16 v1.2 Manage graphics extensions (HO)

(/usr/share/texlive/texmf-dist/tex/generic/oberdiek/kvdefinekeys.sty
Package: kvdefinekeys 2016/05/16 v1.4 Define keys (HO)

(/usr/share/texlive/texmf-dist/tex/generic/oberdiek/ltxcmds.sty
Package: ltxcmds 2016/05/16 v1.23 LaTeX kernel commands for general use (HO)
)))
(/usr/share/texlive/texmf-dist/tex/latex/oberdiek/kvoptions.sty
Package: kvoptions 2016/05/16 v3.12 Key value format for package options (HO)

(/usr/share/texlive/texmf-dist/tex/generic/oberdiek/kvsetkeys.sty
Package: kvsetkeys 2016/05/16 v1.17 Key value parser (HO)

(/usr/share/texlive/texmf-dist/tex/generic/oberdiek/etexcmds.sty
Package: etexcmds 2016/05/16 v1.6 Avoid name clashes with e-TeX commands (HO)

(/usr/share/texlive/texmf-dist/tex/generic/oberdiek/ifluatex.sty
Package: ifluatex 2016/05/16 v1.4 Provides the ifluatex switch (HO)
Package ifluatex Info: LuaTeX not detected.
)
Package etexcmds Info: Could not find \expanded.
(etexcmds)             That can mean that you are not using pdfTeX 1.50 or
(etexcmds)             that some package has redefined \expanded.
(etexcmds)             In the latter case, load this package earlier.
)))
(/usr/share/texlive/texmf-dist/tex/generic/oberdiek/pdftexcmds.sty
Package: pdftexcmds 2018/01/21 v0.26 Utility functions of pdfTeX for LuaTeX (HO
)

(/usr/share/texlive/texmf-dist/tex/generic/oberdiek/ifpdf.sty
Package: ifpdf 2017/03/15 v3.2 Provides the ifpdf switch
)
Package pdftexcmds Info: LuaTeX not detected.
Package pdftexcmds Info: \pdf@primitive is available.
Package pdftexcmds Info: \pdf@ifprimitive is available.
Package pdftexcmds Info: \pdfdraftmode found.
)
Package epstopdf-base Info: Redefining graphics rule for `.eps' on input line 4
38.
Package grfext Info: Graphics extension search list:
(grfext)             [.pdf,.png,.jpg,.mps,.jpeg,.jbig2,.jb2,.PDF,.PNG,.JPG,.JPE
G,.JBIG2,.JB2,.eps]
(grfext)             \AppendGraphicsExtensions on input line 456.

(/usr/share/texlive/texmf-dist/tex/latex/latexconfig/epstopdf-sys.cfg
File: epstopdf-sys.cfg 2010/07/13 v1.3 Configuration of (r)epstopdf for TeX Liv
e
))
Preview: Fontsize 12pt
Preview: PDFoutput 1

LaTeX Warning: Reference `RSWh' on page 1 undefined on input line 142.


LaTeX Warning: Reference `RSWu' on page 1 undefined on input line 142.


LaTeX Warning: Reference `RSWurho' on page 2 undefined on input line 154.


LaTeX Warning: Reference `RSWrho' on page 2 undefined on input line 154.


LaTeX Warning: Reference `theta' on page 2 undefined on input line 155.


LaTeX Warning: Reference `theta' on page 2 undefined on input line 155.


LaTeX Warning: Reference `RSWrho' on page 2 undefined on input line 188.


LaTeX Warning: Reference `RSWurho' on page 2 undefined on input line 188.


LaTeX Warning: Reference `RSWinit' on page 2 undefined on input line 188.

Preview: Tightpage -32891 -32891 32891 32891
[1{/var/lib/texmf/fonts/map/pdftex/updmap/pdftex.map}]
Overfull \hbox (12.0pt too wide) in paragraph at lines 188--188
[][] 
 []


Underfull \vbox (badness 5119) has occurred while \output is active []


Underfull \vbox (badness 10000) has occurred while \output is active []



LaTeX Warning: Reference `RSWrho' on page 4 undefined on input line 250.


LaTeX Warning: Reference `RSWurho' on page 4 undefined on input line 250.


LaTeX Warning: Reference `RSWinit' on page 4 undefined on input line 250.

[2]
Overfull \hbox (184.38188pt too wide) in paragraph at lines 237--250
\OT1/cmr/m/n/12 tions. Its proof is given in Sec-tion 5. [] 
 []


LaTeX Warning: Reference `sec:general' on page 4 undefined on input line 254.


Underfull \vbox (badness 10000) has occurred while \output is active []



LaTeX Warning: Reference `RSWrho' on page 5 undefined on input line 281.


LaTeX Warning: Reference `RSWurho' on page 5 undefined on input line 282.


LaTeX Warning: Reference `RSWrho' on page 5 undefined on input line 284.


LaTeX Warning: Reference `RSWurho' on page 5 undefined on input line 284.


Package amsmath Warning: Foreign command \over;
(amsmath)                \frac or \genfrac should be used instead
(amsmath)                 on input line 288.


LaTeX Warning: Reference `RSWrho' on page 5 undefined on input line 288.


LaTeX Warning: Reference `RSWurho' on page 5 undefined on input line 288.


LaTeX Warning: Reference `inv' on page 5 undefined on input line 295.


LaTeX Warning: Reference `inv' on page 5 undefined on input line 311.


LaTeX Warning: Reference `RSWrho' on page 5 undefined on input line 311.


LaTeX Warning: Reference `RSWurho' on page 5 undefined on input line 311.

[3]
Overfull \hbox (12.0pt too wide) in paragraph at lines 311--311
[][] 
 []


LaTeX Warning: Reference `RSWm' on page 6 undefined on input line 384.


LaTeX Warning: Reference `RSWum' on page 6 undefined on input line 384.


LaTeX Warning: Reference `inv' on page 6 undefined on input line 384.


LaTeX Warning: Reference `inv' on page 6 undefined on input line 384.


LaTeX Warning: Reference `N1N2' on page 7 undefined on input line 384.


LaTeX Warning: Reference `N1N2' on page 7 undefined on input line 384.


LaTeX Warning: Reference `RSWmatrix' on page 7 undefined on input line 384.


LaTeX Warning: Reference `N3' on page 8 undefined on input line 384.


LaTeX Warning: Reference `RSWm' on page 8 undefined on input line 412.


LaTeX Warning: Reference `RSWum' on page 8 undefined on input line 412.


LaTeX Warning: Reference `RSWm' on page 8 undefined on input line 437.


LaTeX Warning: Reference `RSWum' on page 8 undefined on input line 437.


LaTeX Warning: Reference `def:weighted' on page 8 undefined on input line 437.

[4]
Overfull \hbox (68.10577pt too wide) in paragraph at lines 412--437
\OT1/cmr/m/n/12 ing the-o-rem. [] 
 []


Underfull \vbox (badness 3240) has occurred while \output is active []



LaTeX Warning: Reference `inv' on page 9 undefined on input line 453.


LaTeX Warning: Reference `RSWm' on page 9 undefined on input line 453.


LaTeX Warning: Reference `RSWum' on page 9 undefined on input line 453.


LaTeX Warning: Reference `inv' on page 9 undefined on input line 458.


LaTeX Warning: Reference `def:vfields' on page 9 undefined on input line 462.


LaTeX Warning: Reference `RSWm' on page 10 undefined on input line 470.


LaTeX Warning: Reference `RSWum' on page 10 undefined on input line 470.

[5]
Overfull \hbox (204.46964pt too wide) in paragraph at lines 481--487
\OT1/cmr/m/n/12 will be dis-cussed im-me-di-ately af-ter this. [] 
 []


LaTeX Warning: Reference `XT' on page 10 undefined on input line 497.

[6]
Overfull \hbox (184.54973pt too wide) in paragraph at lines 499--507
\OT1/cmr/m/n/12 long as $\OML/cmm/m/it/12 X\OT1/cmr/m/n/12 (\OML/cmm/m/it/12 t\
OT1/cmr/m/n/12 )$ stays suf-fi-ciently small. [] 
 []


LaTeX Warning: Reference `def:vi' on page 11 undefined on input line 719.


Package amsmath Warning: Foreign command \atop;
(amsmath)                \frac or \genfrac should be used instead
(amsmath)                 on input line 719.


LaTeX Warning: Reference `cubicKG' on page 12 undefined on input line 719.


LaTeX Warning: Reference `def:vi' on page 12 undefined on input line 719.


LaTeX Warning: Reference `def:vi' on page 12 undefined on input line 719.


LaTeX Warning: Reference `cubicRHS' on page 12 undefined on input line 719.


LaTeX Warning: Reference `form:0' on page 12 undefined on input line 719.


LaTeX Warning: Reference `form:3' on page 12 undefined on input line 719.


LaTeX Warning: Reference `cubicKG' on page 12 undefined on input line 719.


LaTeX Warning: Reference `growth:Q' on page 12 undefined on input line 719.


LaTeX Warning: Reference `growth:Q' on page 12 undefined on input line 719.

[7]
Overfull \hbox (223.82417pt too wide) in paragraph at lines 719--719
\OT1/cmr/m/n/12 and there-fore $\OML/cmm/m/it/12 U$ \OT1/cmr/m/n/12 with $(1 + 
\OML/cmm/m/it/12 t\OT1/cmr/m/n/12 )[]$ de-cay in time. [] 
 []


LaTeX Warning: Reference `cubicKG' on page 13 undefined on input line 719.


LaTeX Warning: Reference `growth:Q' on page 13 undefined on input line 719.

[8]
Overfull \hbox (118.69136pt too wide) in paragraph at lines 719--719
\OT1/cmr/m/n/12 given in the Ap-pen-dix. [] 
 []


LaTeX Warning: Reference `estimate:infty' on page 14 undefined on input line 71
9.


LaTeX Warning: Reference `def:vi' on page 14 undefined on input line 719.


LaTeX Warning: Reference `cubicKG' on page 14 undefined on input line 719.


LaTeX Warning: Reference `cubicKG' on page 14 undefined on input line 719.


Overfull \hbox (8.05328pt too wide) detected at line 719
[]
 []


Overfull \hbox (8.05328pt too wide) in alignment at lines 719--719
[] [] 
 []


Underfull \vbox (badness 1082) has occurred while \output is active []



LaTeX Warning: Reference `estimate:infty' on page 15 undefined on input line 71
9.


LaTeX Warning: Reference `def:vi' on page 15 undefined on input line 719.


LaTeX Warning: Reference `cubicRHS' on page 15 undefined on input line 719.


LaTeX Warning: Reference `def:vi' on page 15 undefined on input line 719.


LaTeX Warning: Reference `cubicRHS' on page 15 undefined on input line 719.

[9]
Overfull \hbox (161.67842pt too wide) in paragraph at lines 721--737
\OT1/cmr/m/n/12 Lemma 2.1  plays a cru-cial role. [] 
 []


Underfull \vbox (badness 10000) has occurred while \output is active []



LaTeX Warning: Reference `Highenergyest' on page 17 undefined on input line 811
.


LaTeX Warning: Reference `MEE' on page 17 undefined on input line 811.


LaTeX Warning: Reference `def:X' on page 17 undefined on input line 811.

[10]
Overfull \hbox (62.66602pt too wide) in paragraph at lines 813--821
\OT1/cmr/m/n/12 ing the-o-rem [] 
 []


Underfull \vbox (badness 1881) has occurred while \output is active []



LaTeX Warning: Reference `def:V' on page 18 undefined on input line 857.


LaTeX Warning: Reference `def:vi' on page 18 undefined on input line 857.


LaTeX Warning: Reference `cubicKG' on page 18 undefined on input line 857.


LaTeX Warning: Reference `cubicRHS' on page 18 undefined on input line 857.


LaTeX Warning: Reference `cubicKG' on page 18 undefined on input line 857.


LaTeX Warning: Reference `cubicKG' on page 18 undefined on input line 857.


LaTeX Warning: Reference `free:U0' on page 18 undefined on input line 857.


LaTeX Warning: Reference `free:U1' on page 18 undefined on input line 857.


LaTeX Warning: Reference `est:S' on page 18 undefined on input line 857.


LaTeX Warning: Reference `def:vi' on page 18 undefined on input line 857.


LaTeX Warning: Reference `RSWm' on page 19 undefined on input line 876.


LaTeX Warning: Reference `RSWum' on page 19 undefined on input line 876.


LaTeX Warning: Reference `size:K0' on page 19 undefined on input line 876.


LaTeX Warning: Reference `RSWm' on page 19 undefined on input line 878.


LaTeX Warning: Reference `RSWm' on page 19 undefined on input line 878.


LaTeX Warning: Reference `RSWm' on page 19 undefined on input line 883.


LaTeX Warning: Reference `RSWum' on page 19 undefined on input line 883.


LaTeX Warning: Reference `defJL' on page 19 undefined on input line 886.


LaTeX Warning: Reference `cptfeq' on page 19 undefined on input line 888.


LaTeX Warning: Reference `Irest' on page 20 undefined on input line 894.


LaTeX Warning: Reference `size:E0' on page 20 undefined on input line 900.


LaTeX Warning: Reference `growth:Q' on page 20 undefined on input line 915.

[11]
Overfull \hbox (285.41197pt too wide) in paragraph at lines 904--915
[]\OT1/cmr/m/n/12 We first claim the fol-low-ing es-ti-mate on ker-nel $\OML/cm
m/m/it/12 q\OT1/cmr/m/n/12 (\OML/cmm/m/it/12 y; z\OT1/cmr/m/n/12 )$. [] 
 []


Underfull \vbox (badness 1365) has occurred while \output is active []



LaTeX Warning: Reference `prop:proof' on page 21 undefined on input line 943.


LaTeX Warning: Reference `step0:1' on page 22 undefined on input line 949.


LaTeX Warning: Reference `prop:proof' on page 22 undefined on input line 968.


LaTeX Warning: Reference `prop:proof' on page 22 undefined on input line 970.


LaTeX Warning: Reference `def:vi' on page 22 undefined on input line 975.


LaTeX Warning: Reference `prop:proof' on page 22 undefined on input line 993.


LaTeX Warning: Reference `productrule' on page 22 undefined on input line 994.


LaTeX Warning: Reference `prop:proof' on page 22 undefined on input line 995.


Package amsfonts Warning: Obsolete command \bold; \mathbf should be used instea
d on input line 1038.


Underfull \vbox (badness 2150) has occurred while \output is active []


(source_extraction/results/0906.4797.aux)

LaTeX Warning: There were undefined references.

 ) 
Here is how much of TeX's memory you used:
 3933 strings out of 494260
 50671 string characters out of 6168642
 163353 words of memory out of 5000000
 7038 multiletter control sequences out of 15000+600000
 16054 words of font info for 61 fonts, out of 8000000 for 9000
 658 hyphenation exceptions out of 8191
 41i,21n,32p,900b,337s stack positions out of 5000i,500n,10000p,200000b,80000s
</usr/share/texlive/texmf-dist/fonts/type1/public/amsfonts/cm/cmbx12.pfb></us
r/share/texlive/texmf-dist/fonts/type1/public/amsfonts/cm/cmex10.pfb></usr/shar
e/texlive/texmf-dist/fonts/type1/public/amsfonts/cm/cmmi12.pfb></usr/share/texl
ive/texmf-dist/fonts/type1/public/amsfonts/cm/cmmi6.pfb></usr/share/texlive/tex
mf-dist/fonts/type1/public/amsfonts/cm/cmmi8.pfb></usr/share/texlive/texmf-dist
/fonts/type1/public/amsfonts/cm/cmr12.pfb></usr/share/texlive/texmf-dist/fonts/
type1/public/amsfonts/cm/cmr6.pfb></usr/share/texlive/texmf-dist/fonts/type1/pu
blic/amsfonts/cm/cmr8.pfb></usr/share/texlive/texmf-dist/fonts/type1/public/ams
fonts/cm/cmsy10.pfb></usr/share/texlive/texmf-dist/fonts/type1/public/amsfonts/
cm/cmsy6.pfb></usr/share/texlive/texmf-dist/fonts/type1/public/amsfonts/cm/cmsy
8.pfb></usr/share/texlive/texmf-dist/fonts/type1/public/amsfonts/cm/cmti12.pfb>

Output written on source_extraction/results/0906.4797.pdf (11 pages, 146796 byt
es).
PDF statistics:
 88 PDF objects out of 1000 (max. 8388607)
 62 compressed objects within 1 object stream
 0 named destinations out of 1000 (max. 500000)
 1 words of extra memory for PDF output out of 10000 (max. 10000000)

