This is pdfTeX, Version 3.14159265-2.6-1.40.18 (TeX Live 2017/Debian) (preloaded format=pdflatex 2018.11.16)  29 NOV 2018 14:48
entering extended mode
 restricted \write18 enabled.
 %&-line parsing enabled.
**source_extraction/results/0908.4384.tex
(./source_extraction/results/0908.4384.tex
LaTeX2e <2017-04-15>
Babel <3.18> and hyphenation patterns for 20 language(s) loaded.
(/usr/share/texlive/texmf-dist/tex/latex/base/report.cls
Document Class: report 2014/09/29 v1.4h Standard LaTeX document class
(/usr/share/texlive/texmf-dist/tex/latex/base/leqno.clo
File: leqno.clo 2016/12/29 v1.2a Standard LaTeX option (left equation numbers)
)
(/usr/share/texlive/texmf-dist/tex/latex/base/size10.clo
File: size10.clo 2014/09/29 v1.4h Standard LaTeX file (size option)
)
\c@part=\count79
\c@chapter=\count80
\c@section=\count81
\c@subsection=\count82
\c@subsubsection=\count83
\c@paragraph=\count84
\c@subparagraph=\count85
\c@figure=\count86
\c@table=\count87
\abovecaptionskip=\skip41
\belowcaptionskip=\skip42
\bibindent=\dimen102
)
(/usr/share/texlive/texmf-dist/tex/latex/graphics/graphicx.sty
Package: graphicx 2017/06/01 v1.1a Enhanced LaTeX Graphics (DPC,SPQR)

(/usr/share/texlive/texmf-dist/tex/latex/graphics/keyval.sty
Package: keyval 2014/10/28 v1.15 key=value parser (DPC)
\KV@toks@=\toks14
)
(/usr/share/texlive/texmf-dist/tex/latex/graphics/graphics.sty
Package: graphics 2017/06/25 v1.2c Standard LaTeX Graphics (DPC,SPQR)

(/usr/share/texlive/texmf-dist/tex/latex/graphics/trig.sty
Package: trig 2016/01/03 v1.10 sin cos tan (DPC)
)
(/usr/share/texlive/texmf-dist/tex/latex/graphics-cfg/graphics.cfg
File: graphics.cfg 2016/06/04 v1.11 sample graphics configuration
)
Package graphics Info: Driver file: pdftex.def on input line 99.

(/usr/share/texlive/texmf-dist/tex/latex/graphics-def/pdftex.def
File: pdftex.def 2018/01/08 v1.0l Graphics/color driver for pdftex
))
\Gin@req@height=\dimen103
\Gin@req@width=\dimen104
)
(/usr/share/texlive/texmf-dist/tex/latex/graphics/color.sty
Package: color 2016/07/10 v1.1e Standard LaTeX Color (DPC)

(/usr/share/texlive/texmf-dist/tex/latex/graphics-cfg/color.cfg
File: color.cfg 2016/01/02 v1.6 sample color configuration
)
Package color Info: Driver file: pdftex.def on input line 147.
)
(/usr/share/texlive/texmf-dist/tex/latex/jknapltx/mathrsfs.sty
Package: mathrsfs 1996/01/01 Math RSFS package v1.0 (jk)
\symrsfs=\mathgroup4
)
(/usr/share/texlive/texmf-dist/tex/latex/base/inputenc.sty
Package: inputenc 2015/03/17 v1.2c Input encoding file
\inpenc@prehook=\toks15
\inpenc@posthook=\toks16

(/usr/share/texlive/texmf-dist/tex/latex/base/latin2.def
File: latin2.def 2015/03/17 v1.2c Input encoding file
))
(/usr/share/texlive/texmf-dist/tex/generic/babel/babel.sty
Package: babel 2018/02/14 3.18 The Babel package

(/usr/share/texlive/texmf-dist/tex/generic/babel/switch.def
File: switch.def 2018/02/14 3.18 Babel switching mechanism
)

! Package babel Error: Unknown option `magyar'. Either you misspelled it
(babel)                or the language definition file magyar.ldf was not found
.

See the babel package documentation for explanation.
Type  H <return>  for immediate help.
 ...                                              
                                                  
l.445 \ProcessOptions*
                      
Valid options are: shorthands=, KeepShorthandsActive,
activeacute, activegrave, noconfigs, safe=, main=, math=
headfoot=, strings=, config=, hyphenmap=, or a language name.

(/usr/share/texlive/texmf-dist/tex/generic/babel-english/english.ldf
Language: english 2017/06/06 v3.3r English support from the babel system

(/usr/share/texlive/texmf-dist/tex/generic/babel/babel.def
File: babel.def 2018/02/14 3.18 Babel common definitions
\babel@savecnt=\count88
\U@D=\dimen105

(/usr/share/texlive/texmf-dist/tex/generic/babel/txtbabel.def)
\bbl@dirlevel=\count89
)
\l@canadian = a dialect from \language\l@american 
\l@australian = a dialect from \language\l@british 
\l@newzealand = a dialect from \language\l@british 
))
(/usr/share/texlive/texmf-dist/tex/latex/amsmath/amsmath.sty
Package: amsmath 2017/09/02 v2.17a AMS math features
\@mathmargin=\skip43

For additional information on amsmath, use the `?' option.
(/usr/share/texlive/texmf-dist/tex/latex/amsmath/amstext.sty
Package: amstext 2000/06/29 v2.01 AMS text

(/usr/share/texlive/texmf-dist/tex/latex/amsmath/amsgen.sty
File: amsgen.sty 1999/11/30 v2.0 generic functions
\@emptytoks=\toks17
\ex@=\dimen106
))
(/usr/share/texlive/texmf-dist/tex/latex/amsmath/amsbsy.sty
Package: amsbsy 1999/11/29 v1.2d Bold Symbols
\pmbraise@=\dimen107
)
(/usr/share/texlive/texmf-dist/tex/latex/amsmath/amsopn.sty
Package: amsopn 2016/03/08 v2.02 operator names
)
\inf@bad=\count90
LaTeX Info: Redefining \frac on input line 213.
\uproot@=\count91
\leftroot@=\count92
LaTeX Info: Redefining \overline on input line 375.
\classnum@=\count93
\DOTSCASE@=\count94
LaTeX Info: Redefining \ldots on input line 472.
LaTeX Info: Redefining \dots on input line 475.
LaTeX Info: Redefining \cdots on input line 596.
\Mathstrutbox@=\box26
\strutbox@=\box27
\big@size=\dimen108
LaTeX Font Info:    Redeclaring font encoding OML on input line 712.
LaTeX Font Info:    Redeclaring font encoding OMS on input line 713.
\macc@depth=\count95
\c@MaxMatrixCols=\count96
\dotsspace@=\muskip10
\c@parentequation=\count97
\dspbrk@lvl=\count98
\tag@help=\toks18
\row@=\count99
\column@=\count100
\maxfields@=\count101
\andhelp@=\toks19
\eqnshift@=\dimen109
\alignsep@=\dimen110
\tagshift@=\dimen111
\tagwidth@=\dimen112
\totwidth@=\dimen113
\lineht@=\dimen114
\@envbody=\toks20
\multlinegap=\skip44
\multlinetaggap=\skip45
\mathdisplay@stack=\toks21
LaTeX Info: Redefining \[ on input line 2817.
LaTeX Info: Redefining \] on input line 2818.
)
(/usr/share/texlive/texmf-dist/tex/latex/amsfonts/amssymb.sty
Package: amssymb 2013/01/14 v3.01 AMS font symbols

(/usr/share/texlive/texmf-dist/tex/latex/amsfonts/amsfonts.sty
Package: amsfonts 2013/01/14 v3.01 Basic AMSFonts support
\symAMSa=\mathgroup5
\symAMSb=\mathgroup6
LaTeX Font Info:    Overwriting math alphabet `\mathfrak' in version `bold'
(Font)                  U/euf/m/n --> U/euf/b/n on input line 106.
))
(/usr/share/texlive/texmf-dist/tex/latex/amsmath/amscd.sty
Package: amscd 2017/04/14 v2.1 AMS Commutative Diagrams
\athelp@=\toks22
\minaw@=\dimen115
\bigaw@=\dimen116
\minCDarrowwidth=\dimen117
)
(/usr/share/texlive/texmf-dist/tex/latex/tools/array.sty
Package: array 2016/10/06 v2.4d Tabular extension package (FMi)
\col@sep=\dimen118
\extrarowheight=\dimen119
\NC@list=\toks23
\extratabsurround=\skip46
\backup@length=\skip47
)
(/usr/share/texlive/texmf-dist/tex/latex/tools/tabularx.sty
Package: tabularx 2016/02/03 v2.11 `tabularx' package (DPC)
\TX@col@width=\dimen120
\TX@old@table=\dimen121
\TX@old@col=\dimen122
\TX@target=\dimen123
\TX@delta=\dimen124
\TX@cols=\count102
\TX@ftn=\toks24
)
(/usr/share/texlive/texmf-dist/tex/latex/pb-diagram/pb-diagram.sty
\dgARROWLENGTH=\skip48
\dgTEXTARROWLENGTH=\skip49
\dgHORIZPAD=\skip50
\dgVERTPAD=\skip51
\dgLABELOFFSET=\skip52
\dgARROWPARTS=\count103
\dgDOTSPACING=\skip53
\dgDOTSIZE=\skip54
\dgMAXSQUARE=\count104
\dgMINDBLSQ=\count105
\dgCOLUMNWIDTH=\skip55
\dg@HORIZ=\count106
\dg@VERT=\count107
\dg@XLPAD=\count108
\dg@YBPAD=\count109
\dg@XRPAD=\count110
\dg@YTPAD=\count111
\dg@X=\count112
\dg@Y=\count113
\dg@XGRID=\count114
\dg@YGRID=\count115
\dg@SIZE=\count116
\dg@USERSIZE=\count117
\dg@DX=\count118
\dg@DY=\count119
\dg@XLBL=\count120
\dg@YLBL=\count121
\dg@XOFFSET=\count122
\dg@YOFFSET=\count123
\dg@LBLOFF=\count124
\dg@XLBLOFF=\count125
\dg@YLBLOFF=\count126
\dg@LBLPOS=\count127
\dg@XTEMP=\count128
\dg@YTEMP=\count129
\dg@ZTEMP=\count130
\dg@XNODE=\count131
\dg@YNODE=\count132
\dg@XEND=\count133
\dg@YEND=\count134
\dg@WEND=\count135
\dg@HEND=\count136
\dg@COUNT=\count137
\dg@NODEBOX=\box28
\dg@LABONEBOX=\box29
\dg@LABTWOBOX=\box30
)
(/usr/share/texlive/texmf-dist/tex/latex/amsfonts/euscript.sty
Package: euscript 2009/06/22 v3.00 Euler Script fonts
LaTeX Font Info:    Overwriting math alphabet `\EuScript' in version `bold'
(Font)                  U/eus/m/n --> U/eus/b/n on input line 33.
)
(/usr/share/texlive/texmf-dist/tex/latex/tools/indentfirst.sty
Package: indentfirst 1995/11/23 v1.03 Indent first paragraph (DPC)
) (./extract.sty
(/usr/share/texlive/texmf-dist/tex/latex/environ/environ.sty
Package: environ 2014/05/04 v0.3 A new way to define environments

(/usr/share/texlive/texmf-dist/tex/latex/trimspaces/trimspaces.sty
Package: trimspaces 2009/09/17 v1.1 Trim spaces around a token list
))
(/usr/share/texlive/texmf-dist/tex/latex/etextools/etextools.sty
Package: etextools 2010/12/07 v3.1415926 e-TeX more useful tools for LaTeX pack
age writers

(/usr/share/texlive/texmf-dist/tex/latex/etex-pkg/etex.sty
Package: etex 2016/08/01 v2.7 eTeX basic definition package (PEB,DPC)
\et@xins=\count138
)
(/usr/share/texlive/texmf-dist/tex/latex/etoolbox/etoolbox.sty
Package: etoolbox 2018/02/11 v2.5e e-TeX tools for LaTeX (JAW)
\etb@tempcnta=\count139
)
(/usr/share/texlive/texmf-dist/tex/latex/oberdiek/letltxmacro.sty
Package: letltxmacro 2016/05/16 v1.5 Let assignment for LaTeX macros (HO)
)
\ettl@fter=\count140
\ettl@for@nested=\count277
)
(/usr/share/texmf/tex/latex/preview/preview.sty
Package: preview 2017/04/24 11.91 (AUCTeX/preview-latex)

(/usr/share/texmf/tex/latex/preview/prtightpage.def
\PreviewBorder=\dimen125
)
\pr@snippet=\count141
\pr@box=\box31
\pr@output=\toks25
)
\c@propcounter=\count142
\mybox=\box32
)
\c@lemma=\count143


! LaTeX Error: Command \proof already defined.
               Or name \end... illegal, see p.192 of the manual.

See the LaTeX manual or LaTeX Companion for explanation.
Type  H <return>  for immediate help.
 ...                                              
                                                  
l.118 ...\hfill\tiny$\square$\normalsize \bigskip}
                                                  
Your command was ignored.
Type  I <command> <return>  to replace it with another command,
or  <return>  to continue without it.

(source_extraction/results/0908.4384.aux)
\openout1 = `0908.4384.aux'.

LaTeX Font Info:    Checking defaults for OML/cmm/m/it on input line 126.
LaTeX Font Info:    ... okay on input line 126.
LaTeX Font Info:    Checking defaults for T1/cmr/m/n on input line 126.
LaTeX Font Info:    ... okay on input line 126.
LaTeX Font Info:    Checking defaults for OT1/cmr/m/n on input line 126.
LaTeX Font Info:    ... okay on input line 126.
LaTeX Font Info:    Checking defaults for OMS/cmsy/m/n on input line 126.
LaTeX Font Info:    ... okay on input line 126.
LaTeX Font Info:    Checking defaults for OMX/cmex/m/n on input line 126.
LaTeX Font Info:    ... okay on input line 126.
LaTeX Font Info:    Checking defaults for U/cmr/m/n on input line 126.
LaTeX Font Info:    ... okay on input line 126.

(/usr/share/texlive/texmf-dist/tex/context/base/mkii/supp-pdf.mkii
[Loading MPS to PDF converter (version 2006.09.02).]
\scratchcounter=\count144
\scratchdimen=\dimen126
\scratchbox=\box33
\nofMPsegments=\count145
\nofMParguments=\count146
\everyMPshowfont=\toks26
\MPscratchCnt=\count147
\MPscratchDim=\dimen127
\MPnumerator=\count148
\makeMPintoPDFobject=\count149
\everyMPtoPDFconversion=\toks27
) (/usr/share/texlive/texmf-dist/tex/latex/oberdiek/epstopdf-base.sty
Package: epstopdf-base 2016/05/15 v2.6 Base part for package epstopdf

(/usr/share/texlive/texmf-dist/tex/generic/oberdiek/infwarerr.sty
Package: infwarerr 2016/05/16 v1.4 Providing info/warning/error messages (HO)
)
(/usr/share/texlive/texmf-dist/tex/latex/oberdiek/grfext.sty
Package: grfext 2016/05/16 v1.2 Manage graphics extensions (HO)

(/usr/share/texlive/texmf-dist/tex/generic/oberdiek/kvdefinekeys.sty
Package: kvdefinekeys 2016/05/16 v1.4 Define keys (HO)

(/usr/share/texlive/texmf-dist/tex/generic/oberdiek/ltxcmds.sty
Package: ltxcmds 2016/05/16 v1.23 LaTeX kernel commands for general use (HO)
)))
(/usr/share/texlive/texmf-dist/tex/latex/oberdiek/kvoptions.sty
Package: kvoptions 2016/05/16 v3.12 Key value format for package options (HO)

(/usr/share/texlive/texmf-dist/tex/generic/oberdiek/kvsetkeys.sty
Package: kvsetkeys 2016/05/16 v1.17 Key value parser (HO)

(/usr/share/texlive/texmf-dist/tex/generic/oberdiek/etexcmds.sty
Package: etexcmds 2016/05/16 v1.6 Avoid name clashes with e-TeX commands (HO)

(/usr/share/texlive/texmf-dist/tex/generic/oberdiek/ifluatex.sty
Package: ifluatex 2016/05/16 v1.4 Provides the ifluatex switch (HO)
Package ifluatex Info: LuaTeX not detected.
)
Package etexcmds Info: Could not find \expanded.
(etexcmds)             That can mean that you are not using pdfTeX 1.50 or
(etexcmds)             that some package has redefined \expanded.
(etexcmds)             In the latter case, load this package earlier.
)))
(/usr/share/texlive/texmf-dist/tex/generic/oberdiek/pdftexcmds.sty
Package: pdftexcmds 2018/01/21 v0.26 Utility functions of pdfTeX for LuaTeX (HO
)

(/usr/share/texlive/texmf-dist/tex/generic/oberdiek/ifpdf.sty
Package: ifpdf 2017/03/15 v3.2 Provides the ifpdf switch
)
Package pdftexcmds Info: LuaTeX not detected.
Package pdftexcmds Info: \pdf@primitive is available.
Package pdftexcmds Info: \pdf@ifprimitive is available.
Package pdftexcmds Info: \pdfdraftmode found.
)
Package epstopdf-base Info: Redefining graphics rule for `.eps' on input line 4
38.
Package grfext Info: Graphics extension search list:
(grfext)             [.pdf,.png,.jpg,.mps,.jpeg,.jbig2,.jb2,.PDF,.PNG,.JPG,.JPE
G,.JBIG2,.JB2,.eps]
(grfext)             \AppendGraphicsExtensions on input line 456.

(/usr/share/texlive/texmf-dist/tex/latex/latexconfig/epstopdf-sys.cfg
File: epstopdf-sys.cfg 2010/07/13 v1.3 Configuration of (r)epstopdf for TeX Liv
e
))
Preview: Fontsize 10pt
Preview: PDFoutput 1
LaTeX Font Info:    Try loading font information for U+rsfs on input line 128.
(/usr/share/texlive/texmf-dist/tex/latex/jknapltx/ursfs.fd
File: ursfs.fd 1998/03/24 rsfs font definition file (jk)
)
LaTeX Font Info:    Try loading font information for U+msa on input line 128.

(/usr/share/texlive/texmf-dist/tex/latex/amsfonts/umsa.fd
File: umsa.fd 2013/01/14 v3.01 AMS symbols A
)
LaTeX Font Info:    Try loading font information for U+msb on input line 128.

(/usr/share/texlive/texmf-dist/tex/latex/amsfonts/umsb.fd
File: umsb.fd 2013/01/14 v3.01 AMS symbols B
)
(source_extraction/results/0908.4384.toc)
\tf@toc=\write3
\openout3 = `0908.4384.toc'.



LaTeX Warning: Reference `ch6' on page ii undefined on input line 162.


Underfull \hbox (badness 10000) in paragraph at lines 168--169

 []

LaTeX Font Info:    Try loading font information for U+eus on input line 176.
(/usr/share/texlive/texmf-dist/tex/latex/amsfonts/ueus.fd
File: ueus.fd 2013/01/14 v3.01 Euler Script
)

LaTeX Warning: Reference `ch6' on page v undefined on input line 194.


LaTeX Warning: Reference `canonspray85' on page v undefined on input line 194.


Underfull \hbox (badness 10000) in paragraph at lines 196--197

 []


Underfull \hbox (badness 10000) in paragraph at lines 215--216

 []


Underfull \hbox (badness 10000) in paragraph at lines 217--218

 []


Underfull \hbox (badness 10000) in paragraph at lines 219--220

 []


Underfull \hbox (badness 10000) in paragraph at lines 221--222

 []


Underfull \hbox (badness 10000) in paragraph at lines 227--228

 []

Chapter 1.

Underfull \hbox (badness 10000) in paragraph at lines 240--241

 []

LaTeX Font Info:    Try loading font information for U+euf on input line 242.
(/usr/share/texlive/texmf-dist/tex/latex/amsfonts/ueuf.fd
File: ueuf.fd 2013/01/14 v3.01 Euler Fraktur
)
Underfull \hbox (badness 10000) in paragraph at lines 244--245

 []


Underfull \hbox (badness 10000) in paragraph at lines 270--271

 []


LaTeX Warning: Reference `biastar' on page 4 undefined on input line 304.


Underfull \hbox (badness 10000) in paragraph at lines 372--374

 []


LaTeX Warning: Reference `graddera' on page 8 undefined on input line 413.


LaTeX Warning: Reference `gradderb' on page 8 undefined on input line 413.


LaTeX Warning: Reference `vbdelta' on page 8 undefined on input line 418.

Chapter 2.

Overfull \hbox (24.48694pt too wide) has occurred while \output is active
\OT1/cmr/m/n/10 10 \OT1/cmr/m/sl/10 CHAPTER 2.  EHRESMANN CONNECTIONS AND BERWA
LD DERIVATIVES
 []


LaTeX Warning: Reference `vbdelta' on page 11 undefined on input line 484.


LaTeX Warning: Reference `3' on page 11 undefined on input line 498.


LaTeX Warning: Reference `13' on page 11 undefined on input line 498.

Preview: Tightpage -32891 -32891 32891 32891
[1{/var/lib/texmf/fonts/map/pdftex/updmap/pdftex.map}]
Overfull \hbox (15.0pt too wide) in paragraph at lines 511--511
[][] 
 []

! Undefined control sequence.
\env@proof@process ... {propcounter}{1} \oldproof 
                                                  \label {propcounter@\roman...
l.527 \end{proof}
                 
The control sequence at the end of the top line
of your error message was never \def'ed. If you have
misspelled it (e.g., `\hobx'), type `I' and the correct
spelling (e.g., `I\hbox'). Otherwise just continue,
and I'll forget about whatever was undefined.

! Undefined control sequence.
\env@proof@process ...counter}}\BODY \oldendproof 
                                                  \par \env@ignore 
l.527 \end{proof}
                 
The control sequence at the end of the top line
of your error message was never \def'ed. If you have
misspelled it (e.g., `\hobx'), type `I' and the correct
spelling (e.g., `I\hbox'). Otherwise just continue,
and I'll forget about whatever was undefined.

[2]
Overfull \hbox (15.0pt too wide) in paragraph at lines 534--534
[][] 
 []

! Undefined control sequence.
\env@proof@process ... {propcounter}{1} \oldproof 
                                                  \label {propcounter@\roman...
l.547 \end{proof}
                 
The control sequence at the end of the top line
of your error message was never \def'ed. If you have
misspelled it (e.g., `\hobx'), type `I' and the correct
spelling (e.g., `I\hbox'). Otherwise just continue,
and I'll forget about whatever was undefined.


Overfull \hbox (24.48694pt too wide) has occurred while \output is active
\OT1/cmr/m/n/10 12 \OT1/cmr/m/sl/10 CHAPTER 2.  EHRESMANN CONNECTIONS AND BERWA
LD DERIVATIVES
 []

! Undefined control sequence.
\env@proof@process ...counter}}\BODY \oldendproof 
                                                  \par \env@ignore 
l.547 \end{proof}
                 
The control sequence at the end of the top line
of your error message was never \def'ed. If you have
misspelled it (e.g., `\hobx'), type `I' and the correct
spelling (e.g., `I\hbox'). Otherwise just continue,
and I'll forget about whatever was undefined.

Chapter 3.
[3]
Overfull \hbox (15.0pt too wide) in paragraph at lines 566--566
[][] 
 []

! Undefined control sequence.
\env@proof@process ... {propcounter}{1} \oldproof 
                                                  \label {propcounter@\roman...
l.586 \end{proof}
                 
The control sequence at the end of the top line
of your error message was never \def'ed. If you have
misspelled it (e.g., `\hobx'), type `I' and the correct
spelling (e.g., `I\hbox'). Otherwise just continue,
and I'll forget about whatever was undefined.

! Undefined control sequence.
\env@proof@process ...counter}}\BODY \oldendproof 
                                                  \par \env@ignore 
l.586 \end{proof}
                 
The control sequence at the end of the top line
of your error message was never \def'ed. If you have
misspelled it (e.g., `\hobx'), type `I' and the correct
spelling (e.g., `I\hbox'). Otherwise just continue,
and I'll forget about whatever was undefined.

[4]
Overfull \hbox (15.0pt too wide) in paragraph at lines 590--590
[][] 
 []

! Undefined control sequence.
\env@proof@process ... {propcounter}{1} \oldproof 
                                                  \label {propcounter@\roman...
l.611 \end{proof}
                 
The control sequence at the end of the top line
of your error message was never \def'ed. If you have
misspelled it (e.g., `\hobx'), type `I' and the correct
spelling (e.g., `I\hbox'). Otherwise just continue,
and I'll forget about whatever was undefined.

! Undefined control sequence.
\env@proof@process ...counter}}\BODY \oldendproof 
                                                  \par \env@ignore 
l.611 \end{proof}
                 
The control sequence at the end of the top line
of your error message was never \def'ed. If you have
misspelled it (e.g., `\hobx'), type `I' and the correct
spelling (e.g., `I\hbox'). Otherwise just continue,
and I'll forget about whatever was undefined.

[5]
Overfull \hbox (15.0pt too wide) in paragraph at lines 618--618
[][] 
 []

! Undefined control sequence.
\env@proof@process ... {propcounter}{1} \oldproof 
                                                  \label {propcounter@\roman...
l.634 \end{proof}
                 
The control sequence at the end of the top line
of your error message was never \def'ed. If you have
misspelled it (e.g., `\hobx'), type `I' and the correct
spelling (e.g., `I\hbox'). Otherwise just continue,
and I'll forget about whatever was undefined.

! Undefined control sequence.
\env@proof@process ...counter}}\BODY \oldendproof 
                                                  \par \env@ignore 
l.634 \end{proof}
                 
The control sequence at the end of the top line
of your error message was never \def'ed. If you have
misspelled it (e.g., `\hobx'), type `I' and the correct
spelling (e.g., `I\hbox'). Otherwise just continue,
and I'll forget about whatever was undefined.

[6]
Overfull \hbox (15.0pt too wide) in paragraph at lines 641--641
[][] 
 []

[7]
Overfull \hbox (15.0pt too wide) in paragraph at lines 646--646
[][] 
 []

! Undefined control sequence.
\env@proof@process ... {propcounter}{1} \oldproof 
                                                  \label {propcounter@\roman...
l.656 \end{proof}
                 
The control sequence at the end of the top line
of your error message was never \def'ed. If you have
misspelled it (e.g., `\hobx'), type `I' and the correct
spelling (e.g., `I\hbox'). Otherwise just continue,
and I'll forget about whatever was undefined.


LaTeX Warning: Reference `partic2' on page 16 undefined on input line 656.

! Undefined control sequence.
\env@proof@process ...counter}}\BODY \oldendproof 
                                                  \par \env@ignore 
l.656 \end{proof}
                 
The control sequence at the end of the top line
of your error message was never \def'ed. If you have
misspelled it (e.g., `\hobx'), type `I' and the correct
spelling (e.g., `I\hbox'). Otherwise just continue,
and I'll forget about whatever was undefined.

[8]
Overfull \hbox (15.0pt too wide) in paragraph at lines 712--712
[][] 
 []

! Undefined control sequence.
\env@proof@process ... {propcounter}{1} \oldproof 
                                                  \label {propcounter@\roman...
l.736 \end{proof}
                 
The control sequence at the end of the top line
of your error message was never \def'ed. If you have
misspelled it (e.g., `\hobx'), type `I' and the correct
spelling (e.g., `I\hbox'). Otherwise just continue,
and I'll forget about whatever was undefined.


Overfull \hbox (45.31807pt too wide) has occurred while \output is active
\OT1/cmr/m/n/10 16 \OT1/cmr/m/sl/10 CHAPTER 3.  THE BERWALD CURVATURE OF AN EHR
ESMANN CONNECTION
 []

! Undefined control sequence.
\env@proof@process ...counter}}\BODY \oldendproof 
                                                  \par \env@ignore 
l.736 \end{proof}
                 
The control sequence at the end of the top line
of your error message was never \def'ed. If you have
misspelled it (e.g., `\hobx'), type `I' and the correct
spelling (e.g., `I\hbox'). Otherwise just continue,
and I'll forget about whatever was undefined.


Overfull \hbox (55.24704pt too wide) detected at line 743
[]
 []


Overfull \hbox (55.24704pt too wide) in alignment at lines 743--743
[] [] 
 []

[9]
Overfull \hbox (15.0pt too wide) in paragraph at lines 743--743
[][] 
 []

! Undefined control sequence.
\env@proof@process ... {propcounter}{1} \oldproof 
                                                  \label {propcounter@\roman...
l.760 \end{proof}
                 
The control sequence at the end of the top line
of your error message was never \def'ed. If you have
misspelled it (e.g., `\hobx'), type `I' and the correct
spelling (e.g., `I\hbox'). Otherwise just continue,
and I'll forget about whatever was undefined.

! Undefined control sequence.
\env@proof@process ...counter}}\BODY \oldendproof 
                                                  \par \env@ignore 
l.760 \end{proof}
                 
The control sequence at the end of the top line
of your error message was never \def'ed. If you have
misspelled it (e.g., `\hobx'), type `I' and the correct
spelling (e.g., `I\hbox'). Otherwise just continue,
and I'll forget about whatever was undefined.

[10]
Overfull \hbox (15.0pt too wide) in paragraph at lines 767--767
[][] 
 []

! Undefined control sequence.
\env@proof@process ... {propcounter}{1} \oldproof 
                                                  \label {propcounter@\roman...
l.784 \end{proof}
                 
The control sequence at the end of the top line
of your error message was never \def'ed. If you have
misspelled it (e.g., `\hobx'), type `I' and the correct
spelling (e.g., `I\hbox'). Otherwise just continue,
and I'll forget about whatever was undefined.

! Undefined control sequence.
\env@proof@process ...counter}}\BODY \oldendproof 
                                                  \par \env@ignore 
l.784 \end{proof}
                 
The control sequence at the end of the top line
of your error message was never \def'ed. If you have
misspelled it (e.g., `\hobx'), type `I' and the correct
spelling (e.g., `I\hbox'). Otherwise just continue,
and I'll forget about whatever was undefined.


Overfull \hbox (45.31807pt too wide) has occurred while \output is active
\OT1/cmr/m/n/10 18 \OT1/cmr/m/sl/10 CHAPTER 3.  THE BERWALD CURVATURE OF AN EHR
ESMANN CONNECTION
 []

Chapter 4.
[11]
Overfull \hbox (15.0pt too wide) in paragraph at lines 802--802
[][] 
 []

! Undefined control sequence.
\env@proof@process ... {propcounter}{1} \oldproof 
                                                  \label {propcounter@\roman...
l.821 \end{proof}
                 
The control sequence at the end of the top line
of your error message was never \def'ed. If you have
misspelled it (e.g., `\hobx'), type `I' and the correct
spelling (e.g., `I\hbox'). Otherwise just continue,
and I'll forget about whatever was undefined.


LaTeX Warning: Reference `15' on page 20 undefined on input line 821.


LaTeX Warning: Reference `13' on page 20 undefined on input line 821.


LaTeX Warning: Reference `jh4' on page 20 undefined on input line 821.


LaTeX Warning: Reference `15' on page 21 undefined on input line 821.


LaTeX Warning: Reference `3' on page 21 undefined on input line 821.


LaTeX Warning: Reference `partic2' on page 21 undefined on input line 821.

! Undefined control sequence.
\env@proof@process ...counter}}\BODY \oldendproof 
                                                  \par \env@ignore 
l.821 \end{proof}
                 
The control sequence at the end of the top line
of your error message was never \def'ed. If you have
misspelled it (e.g., `\hobx'), type `I' and the correct
spelling (e.g., `I\hbox'). Otherwise just continue,
and I'll forget about whatever was undefined.

[12]
Overfull \hbox (15.0pt too wide) in paragraph at lines 828--828
[][] 
 []

! Undefined control sequence.
\env@proof@process ... {propcounter}{1} \oldproof 
                                                  \label {propcounter@\roman...
l.841 \end{proof}
                 
The control sequence at the end of the top line
of your error message was never \def'ed. If you have
misspelled it (e.g., `\hobx'), type `I' and the correct
spelling (e.g., `I\hbox'). Otherwise just continue,
and I'll forget about whatever was undefined.


LaTeX Warning: Reference `14' on page 21 undefined on input line 841.


LaTeX Warning: Reference `grif13' on page 21 undefined on input line 841.

! Undefined control sequence.
\env@proof@process ...counter}}\BODY \oldendproof 
                                                  \par \env@ignore 
l.841 \end{proof}
                 
The control sequence at the end of the top line
of your error message was never \def'ed. If you have
misspelled it (e.g., `\hobx'), type `I' and the correct
spelling (e.g., `I\hbox'). Otherwise just continue,
and I'll forget about whatever was undefined.

[13]
Overfull \hbox (15.0pt too wide) in paragraph at lines 845--845
[][] 
 []

! Undefined control sequence.
\env@proof@process ... {propcounter}{1} \oldproof 
                                                  \label {propcounter@\roman...
l.852 \end{proof}
                 
The control sequence at the end of the top line
of your error message was never \def'ed. If you have
misspelled it (e.g., `\hobx'), type `I' and the correct
spelling (e.g., `I\hbox'). Otherwise just continue,
and I'll forget about whatever was undefined.

! Undefined control sequence.
\env@proof@process ...counter}}\BODY \oldendproof 
                                                  \par \env@ignore 
l.852 \end{proof}
                 
The control sequence at the end of the top line
of your error message was never \def'ed. If you have
misspelled it (e.g., `\hobx'), type `I' and the correct
spelling (e.g., `I\hbox'). Otherwise just continue,
and I'll forget about whatever was undefined.

[14]
Overfull \hbox (15.0pt too wide) in paragraph at lines 856--856
[][] 
 []

! Undefined control sequence.
\env@proof@process ... {propcounter}{1} \oldproof 
                                                  \label {propcounter@\roman...
l.867 \end{proof}
                 
The control sequence at the end of the top line
of your error message was never \def'ed. If you have
misspelled it (e.g., `\hobx'), type `I' and the correct
spelling (e.g., `I\hbox'). Otherwise just continue,
and I'll forget about whatever was undefined.

! Undefined control sequence.
\env@proof@process ...counter}}\BODY \oldendproof 
                                                  \par \env@ignore 
l.867 \end{proof}
                 
The control sequence at the end of the top line
of your error message was never \def'ed. If you have
misspelled it (e.g., `\hobx'), type `I' and the correct
spelling (e.g., `I\hbox'). Otherwise just continue,
and I'll forget about whatever was undefined.

[15]
Overfull \hbox (15.0pt too wide) in paragraph at lines 878--878
[][] 
 []

! Undefined control sequence.
\env@proof@process ... {propcounter}{1} \oldproof 
                                                  \label {propcounter@\roman...
l.915 \end{proof}
                 
The control sequence at the end of the top line
of your error message was never \def'ed. If you have
misspelled it (e.g., `\hobx'), type `I' and the correct
spelling (e.g., `I\hbox'). Otherwise just continue,
and I'll forget about whatever was undefined.


LaTeX Warning: Reference `vbianchi' on page 22 undefined on input line 915.


Overfull \hbox (33.09587pt too wide) has occurred while \output is active
\OT1/cmr/m/n/10 22 \OT1/cmr/m/sl/10 CHAPTER 4.  THE AFFINE CURVATURE OF AN EHRE
SMANN CONNECTION
 []


LaTeX Warning: Reference `biastar' on page 23 undefined on input line 915.

! Undefined control sequence.
\env@proof@process ...counter}}\BODY \oldendproof 
                                                  \par \env@ignore 
l.915 \end{proof}
                 
The control sequence at the end of the top line
of your error message was never \def'ed. If you have
misspelled it (e.g., `\hobx'), type `I' and the correct
spelling (e.g., `I\hbox'). Otherwise just continue,
and I'll forget about whatever was undefined.

[16]
Overfull \hbox (15.0pt too wide) in paragraph at lines 931--931
[][] 
 []

! Undefined control sequence.
\env@proof@process ... {propcounter}{1} \oldproof 
                                                  \label {propcounter@\roman...
l.946 \end{proof}
                 
The control sequence at the end of the top line
of your error message was never \def'ed. If you have
misspelled it (e.g., `\hobx'), type `I' and the correct
spelling (e.g., `I\hbox'). Otherwise just continue,
and I'll forget about whatever was undefined.

! Undefined control sequence.
\env@proof@process ...counter}}\BODY \oldendproof 
                                                  \par \env@ignore 
l.946 \end{proof}
                 
The control sequence at the end of the top line
of your error message was never \def'ed. If you have
misspelled it (e.g., `\hobx'), type `I' and the correct
spelling (e.g., `I\hbox'). Otherwise just continue,
and I'll forget about whatever was undefined.

[17]
Overfull \hbox (15.0pt too wide) in paragraph at lines 959--959
[][] 
 []

! Undefined control sequence.
\env@proof@process ... {propcounter}{1} \oldproof 
                                                  \label {propcounter@\roman...
l.968 \end{proof}
                 
The control sequence at the end of the top line
of your error message was never \def'ed. If you have
misspelled it (e.g., `\hobx'), type `I' and the correct
spelling (e.g., `I\hbox'). Otherwise just continue,
and I'll forget about whatever was undefined.


LaTeX Warning: Reference `jacobi22' on page 24 undefined on input line 968.

! Undefined control sequence.
\env@proof@process ...counter}}\BODY \oldendproof 
                                                  \par \env@ignore 
l.968 \end{proof}
                 
The control sequence at the end of the top line
of your error message was never \def'ed. If you have
misspelled it (e.g., `\hobx'), type `I' and the correct
spelling (e.g., `I\hbox'). Otherwise just continue,
and I'll forget about whatever was undefined.


LaTeX Warning: Reference `jacobi22' on page 24 undefined on input line 970.

[18]
Overfull \hbox (15.0pt too wide) in paragraph at lines 977--977
[][] 
 []

! Undefined control sequence.
\env@proof@process ... {propcounter}{1} \oldproof 
                                                  \label {propcounter@\roman...
l.992 \end{proof}
                 
The control sequence at the end of the top line
of your error message was never \def'ed. If you have
misspelled it (e.g., `\hobx'), type `I' and the correct
spelling (e.g., `I\hbox'). Otherwise just continue,
and I'll forget about whatever was undefined.


LaTeX Warning: Reference `jacobi22' on page 24 undefined on input line 992.


Overfull \hbox (33.09587pt too wide) has occurred while \output is active
\OT1/cmr/m/n/10 24 \OT1/cmr/m/sl/10 CHAPTER 4.  THE AFFINE CURVATURE OF AN EHRE
SMANN CONNECTION
 []

! Undefined control sequence.
\env@proof@process ...counter}}\BODY \oldendproof 
                                                  \par \env@ignore 
l.992 \end{proof}
                 
The control sequence at the end of the top line
of your error message was never \def'ed. If you have
misspelled it (e.g., `\hobx'), type `I' and the correct
spelling (e.g., `I\hbox'). Otherwise just continue,
and I'll forget about whatever was undefined.

[19]
Overfull \hbox (15.0pt too wide) in paragraph at lines 999--999
[][] 
 []

! Undefined control sequence.
\env@proof@process ... {propcounter}{1} \oldproof 
                                                  \label {propcounter@\roman...
l.1007 \end{proof}
                  
The control sequence at the end of the top line
of your error message was never \def'ed. If you have
misspelled it (e.g., `\hobx'), type `I' and the correct
spelling (e.g., `I\hbox'). Otherwise just continue,
and I'll forget about whatever was undefined.

! Undefined control sequence.
\env@proof@process ...counter}}\BODY \oldendproof 
                                                  \par \env@ignore 
l.1007 \end{proof}
                  
The control sequence at the end of the top line
of your error message was never \def'ed. If you have
misspelled it (e.g., `\hobx'), type `I' and the correct
spelling (e.g., `I\hbox'). Otherwise just continue,
and I'll forget about whatever was undefined.


LaTeX Warning: Reference `BerwaldSODE' on page 26 undefined on input line 1019.



Underfull \hbox (badness 10000) in paragraph at lines 1023--1024

 []


LaTeX Warning: Reference `flat' on page 26 undefined on input line 1039.


LaTeX Warning: Reference `jacobi22' on page 26 undefined on input line 1039.


LaTeX Warning: Reference `jacobi22' on page 26 undefined on input line 1047.


LaTeX Warning: Reference `isotropic' on page 26 undefined on input line 1047.


LaTeX Warning: Reference `isotropic' on page 26 undefined on input line 1049.


Overfull \hbox (33.09587pt too wide) has occurred while \output is active
\OT1/cmr/m/n/10 26 \OT1/cmr/m/sl/10 CHAPTER 4.  THE AFFINE CURVATURE OF AN EHRE
SMANN CONNECTION
 []


LaTeX Warning: Reference `isotropic' on page 27 undefined on input line 1055.

Chapter 5.

LaTeX Warning: Reference `projrel30' on page 28 undefined on input line 1068.

[20]
Overfull \hbox (15.0pt too wide) in paragraph at lines 1091--1091
[][] 
 []

! Undefined control sequence.
\env@proof@process ... {propcounter}{1} \oldproof 
                                                  \label {propcounter@\roman...
l.1107 \end{proof}
                  
The control sequence at the end of the top line
of your error message was never \def'ed. If you have
misspelled it (e.g., `\hobx'), type `I' and the correct
spelling (e.g., `I\hbox'). Otherwise just continue,
and I'll forget about whatever was undefined.


LaTeX Warning: Reference `corr31' on page 28 undefined on input line 1107.


LaTeX Warning: Reference `corr34' on page 28 undefined on input line 1107.

! Undefined control sequence.
\env@proof@process ...counter}}\BODY \oldendproof 
                                                  \par \env@ignore 
l.1107 \end{proof}
                  
The control sequence at the end of the top line
of your error message was never \def'ed. If you have
misspelled it (e.g., `\hobx'), type `I' and the correct
spelling (e.g., `I\hbox'). Otherwise just continue,
and I'll forget about whatever was undefined.

[21]
Overfull \hbox (15.0pt too wide) in paragraph at lines 1117--1117
[][] 
 []

! Undefined control sequence.
\env@proof@process ... {propcounter}{1} \oldproof 
                                                  \label {propcounter@\roman...
l.1133 \end{proof}
                  
The control sequence at the end of the top line
of your error message was never \def'ed. If you have
misspelled it (e.g., `\hobx'), type `I' and the correct
spelling (e.g., `I\hbox'). Otherwise just continue,
and I'll forget about whatever was undefined.

! Undefined control sequence.
\env@proof@process ...counter}}\BODY \oldendproof 
                                                  \par \env@ignore 
l.1133 \end{proof}
                  
The control sequence at the end of the top line
of your error message was never \def'ed. If you have
misspelled it (e.g., `\hobx'), type `I' and the correct
spelling (e.g., `I\hbox'). Otherwise just continue,
and I'll forget about whatever was undefined.


LaTeX Warning: Reference `corr39' on page 30 undefined on input line 1145.


LaTeX Warning: Reference `pde40' on page 30 undefined on input line 1156.


LaTeX Warning: Reference `corr38' on page 30 undefined on input line 1156.


LaTeX Warning: Reference `corr39' on page 30 undefined on input line 1156.

[22]
Overfull \hbox (15.0pt too wide) in paragraph at lines 1166--1166
[][] 
 []

! Undefined control sequence.
\env@proof@process ... {propcounter}{1} \oldproof 
                                                  \label {propcounter@\roman...
l.1183 \end{proof}
                  
The control sequence at the end of the top line
of your error message was never \def'ed. If you have
misspelled it (e.g., `\hobx'), type `I' and the correct
spelling (e.g., `I\hbox'). Otherwise just continue,
and I'll forget about whatever was undefined.


LaTeX Warning: Reference `pde40' on page 30 undefined on input line 1183.


LaTeX Warning: Reference `weak2' on page 30 undefined on input line 1183.


Overfull \hbox (1.96457pt too wide) detected at line 1183
\OMS/cmsy/m/n/10 r[]r[][]\OT1/cmr/m/n/10 ([]\OML/cmm/m/it/10 ; []\OT1/cmr/m/n/1
0 ) = [] ([]) = \OML/cmm/m/it/10 X[]\OT1/cmr/m/n/10 (\OMS/cmsy/m/n/10 r[][]\OT1
/cmr/m/n/10 ([])) = \OML/cmm/m/it/10 X[]\OT1/cmr/m/n/10 (\OML/cmm/m/it/10 Y[][]
\OT1/cmr/m/n/10 ) [] \OML/cmm/m/it/10 X[]\OT1/cmr/m/n/10 (\OML/cmm/m/it/10 \OT
1/cmr/m/n/10 (\OML/cmm/m/it/10 Y\OT1/cmr/m/n/10 ))[] = 0\OML/cmm/m/it/10 ;
 []


LaTeX Warning: Reference `pde40' on page 30 undefined on input line 1183.


LaTeX Warning: Reference `weak2' on page 31 undefined on input line 1183.

! Undefined control sequence.
\env@proof@process ...counter}}\BODY \oldendproof 
                                                  \par \env@ignore 
l.1183 \end{proof}
                  
The control sequence at the end of the top line
of your error message was never \def'ed. If you have
misspelled it (e.g., `\hobx'), type `I' and the correct
spelling (e.g., `I\hbox'). Otherwise just continue,
and I'll forget about whatever was undefined.

[23]
Overfull \hbox (15.0pt too wide) in paragraph at lines 1187--1187
[][] 
 []


LaTeX Warning: Reference `corr38' on page 31 undefined on input line 1194.


LaTeX Warning: Reference `corr39' on page 31 undefined on input line 1194.


LaTeX Warning: Reference `d26' on page 31 undefined on input line 1196.


LaTeX Warning: Reference `ch9' on page 32 undefined on input line 1210.


LaTeX Warning: Reference `ch9' on page 32 undefined on input line 1210.

[24]
Overfull \hbox (15.0pt too wide) in paragraph at lines 1221--1221
[][] 
 []

! Undefined control sequence.
\env@proof@process ... {propcounter}{1} \oldproof 
                                                  \label {propcounter@\roman...
l.1228 \end{proof}
                  
The control sequence at the end of the top line
of your error message was never \def'ed. If you have
misspelled it (e.g., `\hobx'), type `I' and the correct
spelling (e.g., `I\hbox'). Otherwise just continue,
and I'll forget about whatever was undefined.


LaTeX Warning: Reference `Weylk' on page 33 undefined on input line 1228.

! Undefined control sequence.
\env@proof@process ...counter}}\BODY \oldendproof 
                                                  \par \env@ignore 
l.1228 \end{proof}
                  
The control sequence at the end of the top line
of your error message was never \def'ed. If you have
misspelled it (e.g., `\hobx'), type `I' and the correct
spelling (e.g., `I\hbox'). Otherwise just continue,
and I'll forget about whatever was undefined.

Chapter 6.

LaTeX Warning: Reference `fins43' on page 35 undefined on input line 1260.

[25]
Overfull \hbox (15.0pt too wide) in paragraph at lines 1301--1301
[][] 
 []

! Undefined control sequence.
\env@proof@process ... {propcounter}{1} \oldproof 
                                                  \label {propcounter@\roman...
l.1308 \end{proof}
                  
The control sequence at the end of the top line
of your error message was never \def'ed. If you have
misspelled it (e.g., `\hobx'), type `I' and the correct
spelling (e.g., `I\hbox'). Otherwise just continue,
and I'll forget about whatever was undefined.


LaTeX Warning: Reference `analog' on page 36 undefined on input line 1308.

! Undefined control sequence.
\env@proof@process ...counter}}\BODY \oldendproof 
                                                  \par \env@ignore 
l.1308 \end{proof}
                  
The control sequence at the end of the top line
of your error message was never \def'ed. If you have
misspelled it (e.g., `\hobx'), type `I' and the correct
spelling (e.g., `I\hbox'). Otherwise just continue,
and I'll forget about whatever was undefined.


LaTeX Warning: Reference `cartan' on page 36 undefined on input line 1318.


LaTeX Warning: Reference `beta' on page 37 undefined on input line 1334.


LaTeX Warning: Reference `fins43' on page 37 undefined on input line 1354.


LaTeX Warning: Reference `fins47' on page 37 undefined on input line 1356.


LaTeX Warning: Reference `fins48' on page 37 undefined on input line 1356.

[26]
Overfull \hbox (15.0pt too wide) in paragraph at lines 1366--1366
[][] 
 []

! Undefined control sequence.
\env@proof@process ... {propcounter}{1} \oldproof 
                                                  \label {propcounter@\roman...
l.1378 \end{proof}
                  
The control sequence at the end of the top line
of your error message was never \def'ed. If you have
misspelled it (e.g., `\hobx'), type `I' and the correct
spelling (e.g., `I\hbox'). Otherwise just continue,
and I'll forget about whatever was undefined.


LaTeX Warning: Reference `fins48' on page 38 undefined on input line 1378.


LaTeX Warning: Reference `fins45' on page 38 undefined on input line 1378.


LaTeX Warning: Reference `fins47' on page 38 undefined on input line 1378.


LaTeX Warning: Reference `fins49' on page 38 undefined on input line 1378.

! Undefined control sequence.
\env@proof@process ...counter}}\BODY \oldendproof 
                                                  \par \env@ignore 
l.1378 \end{proof}
                  
The control sequence at the end of the top line
of your error message was never \def'ed. If you have
misspelled it (e.g., `\hobx'), type `I' and the correct
spelling (e.g., `I\hbox'). Otherwise just continue,
and I'll forget about whatever was undefined.


Underfull \hbox (badness 10000) in paragraph at lines 1397--1407

 []


LaTeX Warning: Reference `ehre6' on page 39 undefined on input line 1408.

[27]
Overfull \hbox (15.0pt too wide) in paragraph at lines 1428--1428
[][] 
 []

! Undefined control sequence.
\env@proof@process ... {propcounter}{1} \oldproof 
                                                  \label {propcounter@\roman...
l.1500 \end{proof}
                  
The control sequence at the end of the top line
of your error message was never \def'ed. If you have
misspelled it (e.g., `\hobx'), type `I' and the correct
spelling (e.g., `I\hbox'). Otherwise just continue,
and I'll forget about whatever was undefined.


LaTeX Warning: Reference `fej4' on page 40 undefined on input line 1500.


LaTeX Warning: Reference `trace02' on page 41 undefined on input line 1500.


LaTeX Warning: Reference `trace01' on page 41 undefined on input line 1500.


LaTeX Warning: Reference `trace03' on page 41 undefined on input line 1500.


LaTeX Warning: Reference `trace02' on page 41 undefined on input line 1500.


LaTeX Warning: Reference `trace01' on page 41 undefined on input line 1500.


LaTeX Warning: Reference `trace03' on page 41 undefined on input line 1500.

! Undefined control sequence.
\env@proof@process ...counter}}\BODY \oldendproof 
                                                  \par \env@ignore 
l.1500 \end{proof}
                  
The control sequence at the end of the top line
of your error message was never \def'ed. If you have
misspelled it (e.g., `\hobx'), type `I' and the correct
spelling (e.g., `I\hbox'). Otherwise just continue,
and I'll forget about whatever was undefined.


Underfull \hbox (badness 10000) in paragraph at lines 1506--1507

 []

Chapter 7.
[28]
Overfull \hbox (15.0pt too wide) in paragraph at lines 1526--1526
[][] 
 []

! Undefined control sequence.
\env@proof@process ... {propcounter}{1} \oldproof 
                                                  \label {propcounter@\roman...
l.1542 \end{proof}
                  
The control sequence at the end of the top line
of your error message was never \def'ed. If you have
misspelled it (e.g., `\hobx'), type `I' and the correct
spelling (e.g., `I\hbox'). Otherwise just continue,
and I'll forget about whatever was undefined.


LaTeX Warning: Reference `fins43' on page 43 undefined on input line 1542.


LaTeX Warning: Reference `alpha' on page 43 undefined on input line 1542.

! Undefined control sequence.
\env@proof@process ...counter}}\BODY \oldendproof 
                                                  \par \env@ignore 
l.1542 \end{proof}
                  
The control sequence at the end of the top line
of your error message was never \def'ed. If you have
misspelled it (e.g., `\hobx'), type `I' and the correct
spelling (e.g., `I\hbox'). Otherwise just continue,
and I'll forget about whatever was undefined.

[29]
Overfull \hbox (15.0pt too wide) in paragraph at lines 1553--1553
[][] 
 []

[30]
Overfull \hbox (15.0pt too wide) in paragraph at lines 1563--1563
[][] 
 []

! Undefined control sequence.
\env@proof@process ... {propcounter}{1} \oldproof 
                                                  \label {propcounter@\roman...
l.1570 \end{proof}
                  
The control sequence at the end of the top line
of your error message was never \def'ed. If you have
misspelled it (e.g., `\hobx'), type `I' and the correct
spelling (e.g., `I\hbox'). Otherwise just continue,
and I'll forget about whatever was undefined.

! Undefined control sequence.
\env@proof@process ...counter}}\BODY \oldendproof 
                                                  \par \env@ignore 
l.1570 \end{proof}
                  
The control sequence at the end of the top line
of your error message was never \def'ed. If you have
misspelled it (e.g., `\hobx'), type `I' and the correct
spelling (e.g., `I\hbox'). Otherwise just continue,
and I'll forget about whatever was undefined.

[31]
Overfull \hbox (15.0pt too wide) in paragraph at lines 1576--1576
[][] 
 []

! Undefined control sequence.
\env@proof@process ... {propcounter}{1} \oldproof 
                                                  \label {propcounter@\roman...
l.1584 \end{proof}
                  
The control sequence at the end of the top line
of your error message was never \def'ed. If you have
misspelled it (e.g., `\hobx'), type `I' and the correct
spelling (e.g., `I\hbox'). Otherwise just continue,
and I'll forget about whatever was undefined.


LaTeX Warning: Reference `49ny' on page 44 undefined on input line 1584.


Overfull \hbox (137.32777pt too wide) has occurred while \output is active
\OT1/cmr/m/n/10 44 \OT1/cmr/m/sl/10 CHAPTER 7.  THE LANDSBERG TENSOR AND THE ST
RETCH TENSOR OF A FINSLER MANIFOLD
 []

! Undefined control sequence.
\env@proof@process ...counter}}\BODY \oldendproof 
                                                  \par \env@ignore 
l.1584 \end{proof}
                  
The control sequence at the end of the top line
of your error message was never \def'ed. If you have
misspelled it (e.g., `\hobx'), type `I' and the correct
spelling (e.g., `I\hbox'). Otherwise just continue,
and I'll forget about whatever was undefined.

[32]
Overfull \hbox (15.0pt too wide) in paragraph at lines 1590--1590
[][] 
 []

! Undefined control sequence.
\env@proof@process ... {propcounter}{1} \oldproof 
                                                  \label {propcounter@\roman...
l.1597 \end{proof}
                  
The control sequence at the end of the top line
of your error message was never \def'ed. If you have
misspelled it (e.g., `\hobx'), type `I' and the correct
spelling (e.g., `I\hbox'). Otherwise just continue,
and I'll forget about whatever was undefined.

! Undefined control sequence.
\env@proof@process ...counter}}\BODY \oldendproof 
                                                  \par \env@ignore 
l.1597 \end{proof}
                  
The control sequence at the end of the top line
of your error message was never \def'ed. If you have
misspelled it (e.g., `\hobx'), type `I' and the correct
spelling (e.g., `I\hbox'). Otherwise just continue,
and I'll forget about whatever was undefined.

[33]
Overfull \hbox (15.0pt too wide) in paragraph at lines 1606--1606
[][] 
 []

! Undefined control sequence.
\env@proof@process ... {propcounter}{1} \oldproof 
                                                  \label {propcounter@\roman...
l.1614 \end{proof}
                  
The control sequence at the end of the top line
of your error message was never \def'ed. If you have
misspelled it (e.g., `\hobx'), type `I' and the correct
spelling (e.g., `I\hbox'). Otherwise just continue,
and I'll forget about whatever was undefined.

! Undefined control sequence.
\env@proof@process ...counter}}\BODY \oldendproof 
                                                  \par \env@ignore 
l.1614 \end{proof}
                  
The control sequence at the end of the top line
of your error message was never \def'ed. If you have
misspelled it (e.g., `\hobx'), type `I' and the correct
spelling (e.g., `I\hbox'). Otherwise just continue,
and I'll forget about whatever was undefined.

[34]
Overfull \hbox (15.0pt too wide) in paragraph at lines 1620--1620
[][] 
 []

! Undefined control sequence.
\env@proof@process ... {propcounter}{1} \oldproof 
                                                  \label {propcounter@\roman...
l.1666 \end{proof}
                  
The control sequence at the end of the top line
of your error message was never \def'ed. If you have
misspelled it (e.g., `\hobx'), type `I' and the correct
spelling (e.g., `I\hbox'). Otherwise just continue,
and I'll forget about whatever was undefined.


LaTeX Warning: Reference `salpha' on page 46 undefined on input line 1666.


LaTeX Warning: Reference `sgamma' on page 46 undefined on input line 1666.


LaTeX Warning: Reference `sgamma' on page 46 undefined on input line 1666.


LaTeX Warning: Reference `sgamma' on page 46 undefined on input line 1666.

! Undefined control sequence.
\env@proof@process ...counter}}\BODY \oldendproof 
                                                  \par \env@ignore 
l.1666 \end{proof}
                  
The control sequence at the end of the top line
of your error message was never \def'ed. If you have
misspelled it (e.g., `\hobx'), type `I' and the correct
spelling (e.g., `I\hbox'). Otherwise just continue,
and I'll forget about whatever was undefined.


Overfull \hbox (137.32777pt too wide) has occurred while \output is active
\OT1/cmr/m/n/10 46 \OT1/cmr/m/sl/10 CHAPTER 7.  THE LANDSBERG TENSOR AND THE ST
RETCH TENSOR OF A FINSLER MANIFOLD
 []

[35]
Overfull \hbox (15.0pt too wide) in paragraph at lines 1675--1675
[][] 
 []

! Undefined control sequence.
\env@proof@process ... {propcounter}{1} \oldproof 
                                                  \label {propcounter@\roman...
l.1708 \end{proof}
                  
The control sequence at the end of the top line
of your error message was never \def'ed. If you have
misspelled it (e.g., `\hobx'), type `I' and the correct
spelling (e.g., `I\hbox'). Otherwise just continue,
and I'll forget about whatever was undefined.


LaTeX Warning: Reference `gradderc' on page 47 undefined on input line 1708.


LaTeX Warning: Reference `bian3' on page 47 undefined on input line 1708.


LaTeX Warning: Reference `15' on page 47 undefined on input line 1708.


LaTeX Warning: Reference `cons' on page 47 undefined on input line 1708.


LaTeX Warning: Reference `20' on page 47 undefined on input line 1708.

! Undefined control sequence.
\env@proof@process ...counter}}\BODY \oldendproof 
                                                  \par \env@ignore 
l.1708 \end{proof}
                  
The control sequence at the end of the top line
of your error message was never \def'ed. If you have
misspelled it (e.g., `\hobx'), type `I' and the correct
spelling (e.g., `I\hbox'). Otherwise just continue,
and I'll forget about whatever was undefined.

[36]
Overfull \hbox (15.0pt too wide) in paragraph at lines 1712--1712
[][] 
 []

Chapter 8.

LaTeX Warning: Reference `can55' on page 48 undefined on input line 1733.

[37]
Overfull \hbox (15.0pt too wide) in paragraph at lines 1740--1740
[][] 
 []

! Undefined control sequence.
\env@proof@process ... {propcounter}{1} \oldproof 
                                                  \label {propcounter@\roman...
l.1751 \end{proof}
                  
The control sequence at the end of the top line
of your error message was never \def'ed. If you have
misspelled it (e.g., `\hobx'), type `I' and the correct
spelling (e.g., `I\hbox'). Otherwise just continue,
and I'll forget about whatever was undefined.


LaTeX Warning: Reference `22' on page 49 undefined on input line 1751.


LaTeX Warning: Reference `trace01' on page 49 undefined on input line 1751.

! Undefined control sequence.
\env@proof@process ...counter}}\BODY \oldendproof 
                                                  \par \env@ignore 
l.1751 \end{proof}
                  
The control sequence at the end of the top line
of your error message was never \def'ed. If you have
misspelled it (e.g., `\hobx'), type `I' and the correct
spelling (e.g., `I\hbox'). Otherwise just continue,
and I'll forget about whatever was undefined.

[38]
Overfull \hbox (15.0pt too wide) in paragraph at lines 1763--1763
[][] 
 []


LaTeX Warning: Reference `can55' on page 49 undefined on input line 1770.


LaTeX Warning: Reference `can56' on page 49 undefined on input line 1770.


LaTeX Warning: Reference `22' on page 50 undefined on input line 1773.

[39]
Overfull \hbox (15.0pt too wide) in paragraph at lines 1780--1780
[][] 
 []

! Undefined control sequence.
\env@proof@process ... {propcounter}{1} \oldproof 
                                                  \label {propcounter@\roman...
l.1788 \end{proof}
                  
The control sequence at the end of the top line
of your error message was never \def'ed. If you have
misspelled it (e.g., `\hobx'), type `I' and the correct
spelling (e.g., `I\hbox'). Otherwise just continue,
and I'll forget about whatever was undefined.


LaTeX Warning: Reference `22' on page 50 undefined on input line 1788.

! Undefined control sequence.
\env@proof@process ...counter}}\BODY \oldendproof 
                                                  \par \env@ignore 
l.1788 \end{proof}
                  
The control sequence at the end of the top line
of your error message was never \def'ed. If you have
misspelled it (e.g., `\hobx'), type `I' and the correct
spelling (e.g., `I\hbox'). Otherwise just continue,
and I'll forget about whatever was undefined.

[40]
Overfull \hbox (15.0pt too wide) in paragraph at lines 1795--1795
[][] 
 []

! Undefined control sequence.
\env@proof@process ... {propcounter}{1} \oldproof 
                                                  \label {propcounter@\roman...
l.1817 \end{proof}
                  
The control sequence at the end of the top line
of your error message was never \def'ed. If you have
misspelled it (e.g., `\hobx'), type `I' and the correct
spelling (e.g., `I\hbox'). Otherwise just continue,
and I'll forget about whatever was undefined.


LaTeX Warning: Reference `d26' on page 50 undefined on input line 1817.


Overfull \hbox (171.84392pt too wide) has occurred while \output is active
\OT1/cmr/m/n/10 50 \OT1/cmr/m/sl/10 CHAPTER 8.  ORTHOGONAL PROJECTION ALONG THE
 CANONICAL SECTION AND ITS APPLICATIONS
 []

! Undefined control sequence.
\env@proof@process ...counter}}\BODY \oldendproof 
                                                  \par \env@ignore 
l.1817 \end{proof}
                  
The control sequence at the end of the top line
of your error message was never \def'ed. If you have
misspelled it (e.g., `\hobx'), type `I' and the correct
spelling (e.g., `I\hbox'). Otherwise just continue,
and I'll forget about whatever was undefined.

[41]
Overfull \hbox (15.0pt too wide) in paragraph at lines 1828--1828
[][] 
 []

! Undefined control sequence.
\env@proof@process ... {propcounter}{1} \oldproof 
                                                  \label {propcounter@\roman...
l.1844 \end{proof}
                  
The control sequence at the end of the top line
of your error message was never \def'ed. If you have
misspelled it (e.g., `\hobx'), type `I' and the correct
spelling (e.g., `I\hbox'). Otherwise just continue,
and I'll forget about whatever was undefined.


LaTeX Warning: Reference `24' on page 51 undefined on input line 1844.


LaTeX Warning: Reference `cons' on page 51 undefined on input line 1844.


LaTeX Warning: Reference `14' on page 51 undefined on input line 1844.


LaTeX Warning: Reference `bian3' on page 51 undefined on input line 1844.


LaTeX Warning: Reference `20' on page 51 undefined on input line 1844.


LaTeX Warning: Reference `25' on page 51 undefined on input line 1844.

! Undefined control sequence.
\env@proof@process ...counter}}\BODY \oldendproof 
                                                  \par \env@ignore 
l.1844 \end{proof}
                  
The control sequence at the end of the top line
of your error message was never \def'ed. If you have
misspelled it (e.g., `\hobx'), type `I' and the correct
spelling (e.g., `I\hbox'). Otherwise just continue,
and I'll forget about whatever was undefined.

[42]
Overfull \hbox (15.0pt too wide) in paragraph at lines 1850--1850
[][] 
 []

! Undefined control sequence.
\env@proof@process ... {propcounter}{1} \oldproof 
                                                  \label {propcounter@\roman...
l.1867 \end{proof}
                  
The control sequence at the end of the top line
of your error message was never \def'ed. If you have
misspelled it (e.g., `\hobx'), type `I' and the correct
spelling (e.g., `I\hbox'). Otherwise just continue,
and I'll forget about whatever was undefined.


LaTeX Warning: Reference `24' on page 51 undefined on input line 1867.


LaTeX Warning: Reference `trace03' on page 51 undefined on input line 1867.


LaTeX Warning: Reference `trace01' on page 52 undefined on input line 1867.


LaTeX Warning: Reference `trace02' on page 52 undefined on input line 1867.

! Undefined control sequence.
\env@proof@process ...counter}}\BODY \oldendproof 
                                                  \par \env@ignore 
l.1867 \end{proof}
                  
The control sequence at the end of the top line
of your error message was never \def'ed. If you have
misspelled it (e.g., `\hobx'), type `I' and the correct
spelling (e.g., `I\hbox'). Otherwise just continue,
and I'll forget about whatever was undefined.

[43]
Overfull \hbox (15.0pt too wide) in paragraph at lines 1871--1871
[][] 
 []

! Undefined control sequence.
\env@proof@process ... {propcounter}{1} \oldproof 
                                                  \label {propcounter@\roman...
l.1877 \end{proof}
                  
The control sequence at the end of the top line
of your error message was never \def'ed. If you have
misspelled it (e.g., `\hobx'), type `I' and the correct
spelling (e.g., `I\hbox'). Otherwise just continue,
and I'll forget about whatever was undefined.

! Undefined control sequence.
\env@proof@process ...counter}}\BODY \oldendproof 
                                                  \par \env@ignore 
l.1877 \end{proof}
                  
The control sequence at the end of the top line
of your error message was never \def'ed. If you have
misspelled it (e.g., `\hobx'), type `I' and the correct
spelling (e.g., `I\hbox'). Otherwise just continue,
and I'll forget about whatever was undefined.

[44]
Overfull \hbox (15.0pt too wide) in paragraph at lines 1881--1881
[][] 
 []

! Undefined control sequence.
\env@proof@process ... {propcounter}{1} \oldproof 
                                                  \label {propcounter@\roman...
l.1885 \end{proof}
                  
The control sequence at the end of the top line
of your error message was never \def'ed. If you have
misspelled it (e.g., `\hobx'), type `I' and the correct
spelling (e.g., `I\hbox'). Otherwise just continue,
and I'll forget about whatever was undefined.


LaTeX Warning: Reference `ch5' on page 52 undefined on input line 1885.

! Undefined control sequence.
\env@proof@process ...counter}}\BODY \oldendproof 
                                                  \par \env@ignore 
l.1885 \end{proof}
                  
The control sequence at the end of the top line
of your error message was never \def'ed. If you have
misspelled it (e.g., `\hobx'), type `I' and the correct
spelling (e.g., `I\hbox'). Otherwise just continue,
and I'll forget about whatever was undefined.


Overfull \hbox (171.84392pt too wide) has occurred while \output is active
\OT1/cmr/m/n/10 52 \OT1/cmr/m/sl/10 CHAPTER 8.  ORTHOGONAL PROJECTION ALONG THE
 CANONICAL SECTION AND ITS APPLICATIONS
 []

[45]
Overfull \hbox (15.0pt too wide) in paragraph at lines 1898--1898
[][] 
 []

! Undefined control sequence.
\env@proof@process ... {propcounter}{1} \oldproof 
                                                  \label {propcounter@\roman...
l.1922 \end{proof}
                  
The control sequence at the end of the top line
of your error message was never \def'ed. If you have
misspelled it (e.g., `\hobx'), type `I' and the correct
spelling (e.g., `I\hbox'). Otherwise just continue,
and I'll forget about whatever was undefined.


LaTeX Warning: Reference `berwszabp' on page 53 undefined on input line 1922.


LaTeX Warning: Reference `jacobi22' on page 53 undefined on input line 1922.

! Undefined control sequence.
\env@proof@process ...counter}}\BODY \oldendproof 
                                                  \par \env@ignore 
l.1922 \end{proof}
                  
The control sequence at the end of the top line
of your error message was never \def'ed. If you have
misspelled it (e.g., `\hobx'), type `I' and the correct
spelling (e.g., `I\hbox'). Otherwise just continue,
and I'll forget about whatever was undefined.

[46]
Overfull \hbox (15.0pt too wide) in paragraph at lines 1926--1926
[][] 
 []

! Undefined control sequence.
\env@proof@process ... {propcounter}{1} \oldproof 
                                                  \label {propcounter@\roman...
l.2014 \end{proof}
                  
The control sequence at the end of the top line
of your error message was never \def'ed. If you have
misspelled it (e.g., `\hobx'), type `I' and the correct
spelling (e.g., `I\hbox'). Otherwise just continue,
and I'll forget about whatever was undefined.


LaTeX Warning: Reference `trace01' on page 54 undefined on input line 2014.


LaTeX Warning: Reference `trace02' on page 54 undefined on input line 2014.


Overfull \hbox (171.84392pt too wide) has occurred while \output is active
\OT1/cmr/m/n/10 54 \OT1/cmr/m/sl/10 CHAPTER 8.  ORTHOGONAL PROJECTION ALONG THE
 CANONICAL SECTION AND ITS APPLICATIONS
 []

! Undefined control sequence.
\env@proof@process ...counter}}\BODY \oldendproof 
                                                  \par \env@ignore 
l.2014 \end{proof}
                  
The control sequence at the end of the top line
of your error message was never \def'ed. If you have
misspelled it (e.g., `\hobx'), type `I' and the correct
spelling (e.g., `I\hbox'). Otherwise just continue,
and I'll forget about whatever was undefined.


Overfull \hbox (171.84392pt too wide) has occurred while \output is active
\OT1/cmr/m/n/10 56 \OT1/cmr/m/sl/10 CHAPTER 8.  ORTHOGONAL PROJECTION ALONG THE
 CANONICAL SECTION AND ITS APPLICATIONS
 []

Chapter 9.

LaTeX Warning: Reference `nsef' on page 57 undefined on input line 2022.


LaTeX Warning: Reference `elelegy' on page 57 undefined on input line 2026.

[47]
Overfull \hbox (15.0pt too wide) in paragraph at lines 2037--2037
[][] 
 []

! Undefined control sequence.
\env@proof@process ... {propcounter}{1} \oldproof 
                                                  \label {propcounter@\roman...
l.2054 \end{proof}
                  
The control sequence at the end of the top line
of your error message was never \def'ed. If you have
misspelled it (e.g., `\hobx'), type `I' and the correct
spelling (e.g., `I\hbox'). Otherwise just continue,
and I'll forget about whatever was undefined.

! Undefined control sequence.
\env@proof@process ...counter}}\BODY \oldendproof 
                                                  \par \env@ignore 
l.2054 \end{proof}
                  
The control sequence at the end of the top line
of your error message was never \def'ed. If you have
misspelled it (e.g., `\hobx'), type `I' and the correct
spelling (e.g., `I\hbox'). Otherwise just continue,
and I'll forget about whatever was undefined.

[48]
Overfull \hbox (15.0pt too wide) in paragraph at lines 2061--2061
[][] 
 []

! Undefined control sequence.
\env@proof@process ... {propcounter}{1} \oldproof 
                                                  \label {propcounter@\roman...
l.2069 \end{proof}
                  
The control sequence at the end of the top line
of your error message was never \def'ed. If you have
misspelled it (e.g., `\hobx'), type `I' and the correct
spelling (e.g., `I\hbox'). Otherwise just continue,
and I'll forget about whatever was undefined.


LaTeX Warning: Reference `can55' on page 58 undefined on input line 2069.

! Undefined control sequence.
\env@proof@process ...counter}}\BODY \oldendproof 
                                                  \par \env@ignore 
l.2069 \end{proof}
                  
The control sequence at the end of the top line
of your error message was never \def'ed. If you have
misspelled it (e.g., `\hobx'), type `I' and the correct
spelling (e.g., `I\hbox'). Otherwise just continue,
and I'll forget about whatever was undefined.

[49]
Overfull \hbox (15.0pt too wide) in paragraph at lines 2088--2088
[][] 
 []

! Undefined control sequence.
\env@proof@process ... {propcounter}{1} \oldproof 
                                                  \label {propcounter@\roman...
l.2104 \end{proof}
                  
The control sequence at the end of the top line
of your error message was never \def'ed. If you have
misspelled it (e.g., `\hobx'), type `I' and the correct
spelling (e.g., `I\hbox'). Otherwise just continue,
and I'll forget about whatever was undefined.

! Undefined control sequence.
\env@proof@process ...counter}}\BODY \oldendproof 
                                                  \par \env@ignore 
l.2104 \end{proof}
                  
The control sequence at the end of the top line
of your error message was never \def'ed. If you have
misspelled it (e.g., `\hobx'), type `I' and the correct
spelling (e.g., `I\hbox'). Otherwise just continue,
and I'll forget about whatever was undefined.

[50]
Overfull \hbox (15.0pt too wide) in paragraph at lines 2111--2111
[][] 
 []

[51]
Overfull \hbox (15.0pt too wide) in paragraph at lines 2121--2121
[][] 
 []

! Undefined control sequence.
\env@proof@process ... {propcounter}{1} \oldproof 
                                                  \label {propcounter@\roman...
l.2198 \end{proof}
                  
The control sequence at the end of the top line
of your error message was never \def'ed. If you have
misspelled it (e.g., `\hobx'), type `I' and the correct
spelling (e.g., `I\hbox'). Otherwise just continue,
and I'll forget about whatever was undefined.


LaTeX Warning: Reference `14' on page 61 undefined on input line 2198.


LaTeX Warning: Reference `2fins3' on page 61 undefined on input line 2198.

! Undefined control sequence.
\env@proof@process ...counter}}\BODY \oldendproof 
                                                  \par \env@ignore 
l.2198 \end{proof}
                  
The control sequence at the end of the top line
of your error message was never \def'ed. If you have
misspelled it (e.g., `\hobx'), type `I' and the correct
spelling (e.g., `I\hbox'). Otherwise just continue,
and I'll forget about whatever was undefined.

[52]
Overfull \hbox (15.0pt too wide) in paragraph at lines 2226--2226
[][] 
 []

! Undefined control sequence.
\env@proof@process ... {propcounter}{1} \oldproof 
                                                  \label {propcounter@\roman...
l.2239 \end{proof}
                  
The control sequence at the end of the top line
of your error message was never \def'ed. If you have
misspelled it (e.g., `\hobx'), type `I' and the correct
spelling (e.g., `I\hbox'). Otherwise just continue,
and I'll forget about whatever was undefined.


LaTeX Warning: Reference `2fins5acs' on page 63 undefined on input line 2239.

! Undefined control sequence.
\env@proof@process ...counter}}\BODY \oldendproof 
                                                  \par \env@ignore 
l.2239 \end{proof}
                  
The control sequence at the end of the top line
of your error message was never \def'ed. If you have
misspelled it (e.g., `\hobx'), type `I' and the correct
spelling (e.g., `I\hbox'). Otherwise just continue,
and I'll forget about whatever was undefined.

[53]
Overfull \hbox (15.0pt too wide) in paragraph at lines 2257--2257
[][] 
 []

! Undefined control sequence.
\env@proof@process ... {propcounter}{1} \oldproof 
                                                  \label {propcounter@\roman...
l.2265 \end{proof}
                  
The control sequence at the end of the top line
of your error message was never \def'ed. If you have
misspelled it (e.g., `\hobx'), type `I' and the correct
spelling (e.g., `I\hbox'). Otherwise just continue,
and I'll forget about whatever was undefined.


LaTeX Warning: Reference `2fins5acs' on page 64 undefined on input line 2265.

! Undefined control sequence.
\env@proof@process ...counter}}\BODY \oldendproof 
                                                  \par \env@ignore 
l.2265 \end{proof}
                  
The control sequence at the end of the top line
of your error message was never \def'ed. If you have
misspelled it (e.g., `\hobx'), type `I' and the correct
spelling (e.g., `I\hbox'). Otherwise just continue,
and I'll forget about whatever was undefined.

[54]
Overfull \hbox (15.0pt too wide) in paragraph at lines 2273--2273
[][] 
 []

! Undefined control sequence.
\env@proof@process ... {propcounter}{1} \oldproof 
                                                  \label {propcounter@\roman...
l.2284 \end{proof}
                  
The control sequence at the end of the top line
of your error message was never \def'ed. If you have
misspelled it (e.g., `\hobx'), type `I' and the correct
spelling (e.g., `I\hbox'). Otherwise just continue,
and I'll forget about whatever was undefined.


LaTeX Warning: Reference `can56' on page 64 undefined on input line 2284.


LaTeX Warning: Reference `can55' on page 64 undefined on input line 2284.

! Undefined control sequence.
\env@proof@process ...counter}}\BODY \oldendproof 
                                                  \par \env@ignore 
l.2284 \end{proof}
                  
The control sequence at the end of the top line
of your error message was never \def'ed. If you have
misspelled it (e.g., `\hobx'), type `I' and the correct
spelling (e.g., `I\hbox'). Otherwise just continue,
and I'll forget about whatever was undefined.


LaTeX Warning: Reference `berwszabp' on page 65 undefined on input line 2286.


LaTeX Warning: Reference `Weylk' on page 65 undefined on input line 2290.

[55]
Overfull \hbox (15.0pt too wide) in paragraph at lines 2309--2309
[][] 
 []

! Undefined control sequence.
\env@proof@process ... {propcounter}{1} \oldproof 
                                                  \label {propcounter@\roman...
l.2322 \end{proof}
                  
The control sequence at the end of the top line
of your error message was never \def'ed. If you have
misspelled it (e.g., `\hobx'), type `I' and the correct
spelling (e.g., `I\hbox'). Otherwise just continue,
and I'll forget about whatever was undefined.

! Undefined control sequence.
\env@proof@process ...counter}}\BODY \oldendproof 
                                                  \par \env@ignore 
l.2322 \end{proof}
                  
The control sequence at the end of the top line
of your error message was never \def'ed. If you have
misspelled it (e.g., `\hobx'), type `I' and the correct
spelling (e.g., `I\hbox'). Otherwise just continue,
and I'll forget about whatever was undefined.

[56]
Overfull \hbox (15.0pt too wide) in paragraph at lines 2329--2329
[][] 
 []

! Undefined control sequence.
\env@proof@process ... {propcounter}{1} \oldproof 
                                                  \label {propcounter@\roman...
l.2337 \end{proof}
                  
The control sequence at the end of the top line
of your error message was never \def'ed. If you have
misspelled it (e.g., `\hobx'), type `I' and the correct
spelling (e.g., `I\hbox'). Otherwise just continue,
and I'll forget about whatever was undefined.

! Undefined control sequence.
\env@proof@process ...counter}}\BODY \oldendproof 
                                                  \par \env@ignore 
l.2337 \end{proof}
                  
The control sequence at the end of the top line
of your error message was never \def'ed. If you have
misspelled it (e.g., `\hobx'), type `I' and the correct
spelling (e.g., `I\hbox'). Otherwise just continue,
and I'll forget about whatever was undefined.

[57]
Overfull \hbox (15.0pt too wide) in paragraph at lines 2344--2344
[][] 
 []

! Undefined control sequence.
\env@proof@process ... {propcounter}{1} \oldproof 
                                                  \label {propcounter@\roman...
l.2359 \end{proof}
                  
The control sequence at the end of the top line
of your error message was never \def'ed. If you have
misspelled it (e.g., `\hobx'), type `I' and the correct
spelling (e.g., `I\hbox'). Otherwise just continue,
and I'll forget about whatever was undefined.

! Undefined control sequence.
\env@proof@process ...counter}}\BODY \oldendproof 
                                                  \par \env@ignore 
l.2359 \end{proof}
                  
The control sequence at the end of the top line
of your error message was never \def'ed. If you have
misspelled it (e.g., `\hobx'), type `I' and the correct
spelling (e.g., `I\hbox'). Otherwise just continue,
and I'll forget about whatever was undefined.

[58]
Overfull \hbox (15.0pt too wide) in paragraph at lines 2367--2367
[][] 
 []

! Undefined control sequence.
\env@proof@process ... {propcounter}{1} \oldproof 
                                                  \label {propcounter@\roman...
l.2371 \end{proof}
                  
The control sequence at the end of the top line
of your error message was never \def'ed. If you have
misspelled it (e.g., `\hobx'), type `I' and the correct
spelling (e.g., `I\hbox'). Otherwise just continue,
and I'll forget about whatever was undefined.

! Undefined control sequence.
\env@proof@process ...counter}}\BODY \oldendproof 
                                                  \par \env@ignore 
l.2371 \end{proof}
                  
The control sequence at the end of the top line
of your error message was never \def'ed. If you have
misspelled it (e.g., `\hobx'), type `I' and the correct
spelling (e.g., `I\hbox'). Otherwise just continue,
and I'll forget about whatever was undefined.

[59]
Overfull \hbox (15.0pt too wide) in paragraph at lines 2384--2384
[][] 
 []

! Undefined control sequence.
\env@proof@process ... {propcounter}{1} \oldproof 
                                                  \label {propcounter@\roman...
l.2395 \end{proof}
                  
The control sequence at the end of the top line
of your error message was never \def'ed. If you have
misspelled it (e.g., `\hobx'), type `I' and the correct
spelling (e.g., `I\hbox'). Otherwise just continue,
and I'll forget about whatever was undefined.

! Undefined control sequence.
\env@proof@process ...counter}}\BODY \oldendproof 
                                                  \par \env@ignore 
l.2395 \end{proof}
                  
The control sequence at the end of the top line
of your error message was never \def'ed. If you have
misspelled it (e.g., `\hobx'), type `I' and the correct
spelling (e.g., `I\hbox'). Otherwise just continue,
and I'll forget about whatever was undefined.

[60]
Overfull \hbox (15.0pt too wide) in paragraph at lines 2399--2399
[][] 
 []

! Undefined control sequence.
\env@proof@process ... {propcounter}{1} \oldproof 
                                                  \label {propcounter@\roman...
l.2403 \end{proof}
                  
The control sequence at the end of the top line
of your error message was never \def'ed. If you have
misspelled it (e.g., `\hobx'), type `I' and the correct
spelling (e.g., `I\hbox'). Otherwise just continue,
and I'll forget about whatever was undefined.

! Undefined control sequence.
\env@proof@process ...counter}}\BODY \oldendproof 
                                                  \par \env@ignore 
l.2403 \end{proof}
                  
The control sequence at the end of the top line
of your error message was never \def'ed. If you have
misspelled it (e.g., `\hobx'), type `I' and the correct
spelling (e.g., `I\hbox'). Otherwise just continue,
and I'll forget about whatever was undefined.

[61]
Overfull \hbox (15.0pt too wide) in paragraph at lines 2408--2408
[][] 
 []

! Undefined control sequence.
\env@proof@process ... {propcounter}{1} \oldproof 
                                                  \label {propcounter@\roman...
l.2416 \end{proof}
                  
The control sequence at the end of the top line
of your error message was never \def'ed. If you have
misspelled it (e.g., `\hobx'), type `I' and the correct
spelling (e.g., `I\hbox'). Otherwise just continue,
and I'll forget about whatever was undefined.

! Undefined control sequence.
\env@proof@process ...counter}}\BODY \oldendproof 
                                                  \par \env@ignore 
l.2416 \end{proof}
                  
The control sequence at the end of the top line
of your error message was never \def'ed. If you have
misspelled it (e.g., `\hobx'), type `I' and the correct
spelling (e.g., `I\hbox'). Otherwise just continue,
and I'll forget about whatever was undefined.

[62]
Overfull \hbox (15.0pt too wide) in paragraph at lines 2420--2420
[][] 
 []

! Undefined control sequence.
\env@proof@process ... {propcounter}{1} \oldproof 
                                                  \label {propcounter@\roman...
l.2424 \end{proof}
                  
The control sequence at the end of the top line
of your error message was never \def'ed. If you have
misspelled it (e.g., `\hobx'), type `I' and the correct
spelling (e.g., `I\hbox'). Otherwise just continue,
and I'll forget about whatever was undefined.

! Undefined control sequence.
\env@proof@process ...counter}}\BODY \oldendproof 
                                                  \par \env@ignore 
l.2424 \end{proof}
                  
The control sequence at the end of the top line
of your error message was never \def'ed. If you have
misspelled it (e.g., `\hobx'), type `I' and the correct
spelling (e.g., `I\hbox'). Otherwise just continue,
and I'll forget about whatever was undefined.

[63]
Overfull \hbox (15.0pt too wide) in paragraph at lines 2428--2428
[][] 
 []

! Undefined control sequence.
\env@proof@process ... {propcounter}{1} \oldproof 
                                                  \label {propcounter@\roman...
l.2438 \end{proof}
                  
The control sequence at the end of the top line
of your error message was never \def'ed. If you have
misspelled it (e.g., `\hobx'), type `I' and the correct
spelling (e.g., `I\hbox'). Otherwise just continue,
and I'll forget about whatever was undefined.

! Undefined control sequence.
\env@proof@process ...counter}}\BODY \oldendproof 
                                                  \par \env@ignore 
l.2438 \end{proof}
                  
The control sequence at the end of the top line
of your error message was never \def'ed. If you have
misspelled it (e.g., `\hobx'), type `I' and the correct
spelling (e.g., `I\hbox'). Otherwise just continue,
and I'll forget about whatever was undefined.

Chapter 10.
[64]
Overfull \hbox (15.0pt too wide) in paragraph at lines 2457--2457
[][] 
 []

! Undefined control sequence.
\env@proof@process ... {propcounter}{1} \oldproof 
                                                  \label {propcounter@\roman...
l.2467 \end{proof}
                  
The control sequence at the end of the top line
of your error message was never \def'ed. If you have
misspelled it (e.g., `\hobx'), type `I' and the correct
spelling (e.g., `I\hbox'). Otherwise just continue,
and I'll forget about whatever was undefined.


LaTeX Warning: Reference `49ny' on page 70 undefined on input line 2467.

! Undefined control sequence.
\env@proof@process ...counter}}\BODY \oldendproof 
                                                  \par \env@ignore 
l.2467 \end{proof}
                  
The control sequence at the end of the top line
of your error message was never \def'ed. If you have
misspelled it (e.g., `\hobx'), type `I' and the correct
spelling (e.g., `I\hbox'). Otherwise just continue,
and I'll forget about whatever was undefined.

[65]
Overfull \hbox (15.0pt too wide) in paragraph at lines 2474--2474
[][] 
 []

[66]
Overfull \hbox (15.0pt too wide) in paragraph at lines 2482--2482
[][] 
 []

! Undefined control sequence.
\env@proof@process ... {propcounter}{1} \oldproof 
                                                  \label {propcounter@\roman...
l.2522 \end{proof}
                  
The control sequence at the end of the top line
of your error message was never \def'ed. If you have
misspelled it (e.g., `\hobx'), type `I' and the correct
spelling (e.g., `I\hbox'). Otherwise just continue,
and I'll forget about whatever was undefined.


LaTeX Warning: Reference `corr33' on page 71 undefined on input line 2522.


LaTeX Warning: Reference `Rapcsakc' on page 72 undefined on input line 2522.


LaTeX Warning: Reference `Rapcsakb' on page 72 undefined on input line 2522.


LaTeX Warning: Reference `Rapcsakc' on page 72 undefined on input line 2522.


LaTeX Warning: Reference `Rapcsakd' on page 72 undefined on input line 2522.

! Undefined control sequence.
\env@proof@process ...counter}}\BODY \oldendproof 
                                                  \par \env@ignore 
l.2522 \end{proof}
                  
The control sequence at the end of the top line
of your error message was never \def'ed. If you have
misspelled it (e.g., `\hobx'), type `I' and the correct
spelling (e.g., `I\hbox'). Otherwise just continue,
and I'll forget about whatever was undefined.


Underfull \hbox (badness 2469) in paragraph at lines 2524--2525
[]\OT1/cmr/m/n/10 (R$[]$) pro-vides a nec-es-sary and suf-fi-cient con-di-tion 
for the Finsler-
 []


Overfull \hbox (81.5705pt too wide) has occurred while \output is active
\OT1/cmr/m/n/10 72 \OT1/cmr/m/sl/10 CHAPTER 10.  RAPCS[]AK'S EQUATIONS: SOME CO
NSEQUENCES AND APPLICATIONS
 []


LaTeX Warning: Reference `ehre6' on page 73 undefined on input line 2535.


LaTeX Warning: Reference `ehre6' on page 73 undefined on input line 2535.

[67]
Overfull \hbox (15.0pt too wide) in paragraph at lines 2557--2557
[][] 
 []

! Undefined control sequence.
\env@proof@process ... {propcounter}{1} \oldproof 
                                                  \label {propcounter@\roman...
l.2565 \end{proof}
                  
The control sequence at the end of the top line
of your error message was never \def'ed. If you have
misspelled it (e.g., `\hobx'), type `I' and the correct
spelling (e.g., `I\hbox'). Otherwise just continue,
and I'll forget about whatever was undefined.

! Undefined control sequence.
\env@proof@process ...counter}}\BODY \oldendproof 
                                                  \par \env@ignore 
l.2565 \end{proof}
                  
The control sequence at the end of the top line
of your error message was never \def'ed. If you have
misspelled it (e.g., `\hobx'), type `I' and the correct
spelling (e.g., `I\hbox'). Otherwise just continue,
and I'll forget about whatever was undefined.

[68]
Overfull \hbox (15.0pt too wide) in paragraph at lines 2572--2572
[][] 
 []

! Undefined control sequence.
\env@proof@process ... {propcounter}{1} \oldproof 
                                                  \label {propcounter@\roman...
l.2576 \end{proof}
                  
The control sequence at the end of the top line
of your error message was never \def'ed. If you have
misspelled it (e.g., `\hobx'), type `I' and the correct
spelling (e.g., `I\hbox'). Otherwise just continue,
and I'll forget about whatever was undefined.

! Undefined control sequence.
\env@proof@process ...counter}}\BODY \oldendproof 
                                                  \par \env@ignore 
l.2576 \end{proof}
                  
The control sequence at the end of the top line
of your error message was never \def'ed. If you have
misspelled it (e.g., `\hobx'), type `I' and the correct
spelling (e.g., `I\hbox'). Otherwise just continue,
and I'll forget about whatever was undefined.

[69]
Overfull \hbox (15.0pt too wide) in paragraph at lines 2587--2587
[][] 
 []

! Undefined control sequence.
\env@proof@process ... {propcounter}{1} \oldproof 
                                                  \label {propcounter@\roman...
l.2594 \end{proof}
                  
The control sequence at the end of the top line
of your error message was never \def'ed. If you have
misspelled it (e.g., `\hobx'), type `I' and the correct
spelling (e.g., `I\hbox'). Otherwise just continue,
and I'll forget about whatever was undefined.


Overfull \hbox (81.5705pt too wide) has occurred while \output is active
\OT1/cmr/m/n/10 74 \OT1/cmr/m/sl/10 CHAPTER 10.  RAPCS[]AK'S EQUATIONS: SOME CO
NSEQUENCES AND APPLICATIONS
 []

! Undefined control sequence.
\env@proof@process ...counter}}\BODY \oldendproof 
                                                  \par \env@ignore 
l.2594 \end{proof}
                  
The control sequence at the end of the top line
of your error message was never \def'ed. If you have
misspelled it (e.g., `\hobx'), type `I' and the correct
spelling (e.g., `I\hbox'). Otherwise just continue,
and I'll forget about whatever was undefined.


LaTeX Warning: Reference `fins48' on page 75 undefined on input line 2601.

[70]
Overfull \hbox (15.0pt too wide) in paragraph at lines 2601--2601
[][] 
 []

! Undefined control sequence.
\env@proof@process ... {propcounter}{1} \oldproof 
                                                  \label {propcounter@\roman...
l.2613 \end{proof}
                  
The control sequence at the end of the top line
of your error message was never \def'ed. If you have
misspelled it (e.g., `\hobx'), type `I' and the correct
spelling (e.g., `I\hbox'). Otherwise just continue,
and I'll forget about whatever was undefined.

! Undefined control sequence.
\env@proof@process ...counter}}\BODY \oldendproof 
                                                  \par \env@ignore 
l.2613 \end{proof}
                  
The control sequence at the end of the top line
of your error message was never \def'ed. If you have
misspelled it (e.g., `\hobx'), type `I' and the correct
spelling (e.g., `I\hbox'). Otherwise just continue,
and I'll forget about whatever was undefined.

[71]
Overfull \hbox (15.0pt too wide) in paragraph at lines 2620--2620
[][] 
 []

! Undefined control sequence.
\env@proof@process ... {propcounter}{1} \oldproof 
                                                  \label {propcounter@\roman...
l.2626 \end{proof}
                  
The control sequence at the end of the top line
of your error message was never \def'ed. If you have
misspelled it (e.g., `\hobx'), type `I' and the correct
spelling (e.g., `I\hbox'). Otherwise just continue,
and I'll forget about whatever was undefined.


Underfull \vbox (badness 1158) has occurred while \output is active []



LaTeX Warning: Reference `sym60' on page 76 undefined on input line 2626.

! Undefined control sequence.
\env@proof@process ...counter}}\BODY \oldendproof 
                                                  \par \env@ignore 
l.2626 \end{proof}
                  
The control sequence at the end of the top line
of your error message was never \def'ed. If you have
misspelled it (e.g., `\hobx'), type `I' and the correct
spelling (e.g., `I\hbox'). Otherwise just continue,
and I'll forget about whatever was undefined.

[72]
Overfull \hbox (15.0pt too wide) in paragraph at lines 2632--2632
[][] 
 []

! Undefined control sequence.
\env@proof@process ... {propcounter}{1} \oldproof 
                                                  \label {propcounter@\roman...
l.2636 \end{proof}
                  
The control sequence at the end of the top line
of your error message was never \def'ed. If you have
misspelled it (e.g., `\hobx'), type `I' and the correct
spelling (e.g., `I\hbox'). Otherwise just continue,
and I'll forget about whatever was undefined.

! Undefined control sequence.
\env@proof@process ...counter}}\BODY \oldendproof 
                                                  \par \env@ignore 
l.2636 \end{proof}
                  
The control sequence at the end of the top line
of your error message was never \def'ed. If you have
misspelled it (e.g., `\hobx'), type `I' and the correct
spelling (e.g., `I\hbox'). Otherwise just continue,
and I'll forget about whatever was undefined.


LaTeX Warning: Reference `star' on page 76 undefined on input line 2646.


LaTeX Warning: Reference `star' on page 76 undefined on input line 2646.


Overfull \hbox (81.5705pt too wide) has occurred while \output is active
\OT1/cmr/m/n/10 76 \OT1/cmr/m/sl/10 CHAPTER 10.  RAPCS[]AK'S EQUATIONS: SOME CO
NSEQUENCES AND APPLICATIONS
 []

[73]
Overfull \hbox (15.0pt too wide) in paragraph at lines 2655--2655
[][] 
 []

! Undefined control sequence.
\env@proof@process ... {propcounter}{1} \oldproof 
                                                  \label {propcounter@\roman...
l.2678 \end{proof}
                  
The control sequence at the end of the top line
of your error message was never \def'ed. If you have
misspelled it (e.g., `\hobx'), type `I' and the correct
spelling (e.g., `I\hbox'). Otherwise just continue,
and I'll forget about whatever was undefined.


LaTeX Warning: Reference `Qu' on page 77 undefined on input line 2678.

! Undefined control sequence.
\env@proof@process ...counter}}\BODY \oldendproof 
                                                  \par \env@ignore 
l.2678 \end{proof}
                  
The control sequence at the end of the top line
of your error message was never \def'ed. If you have
misspelled it (e.g., `\hobx'), type `I' and the correct
spelling (e.g., `I\hbox'). Otherwise just continue,
and I'll forget about whatever was undefined.

[74]
Overfull \hbox (15.0pt too wide) in paragraph at lines 2687--2687
[][] 
 []

! Undefined control sequence.
\env@proof@process ... {propcounter}{1} \oldproof 
                                                  \label {propcounter@\roman...
l.2719 \end{proof}
                  
The control sequence at the end of the top line
of your error message was never \def'ed. If you have
misspelled it (e.g., `\hobx'), type `I' and the correct
spelling (e.g., `I\hbox'). Otherwise just continue,
and I'll forget about whatever was undefined.


LaTeX Warning: Reference `jacobi22' on page 77 undefined on input line 2719.

! Undefined control sequence.
\env@proof@process ...counter}}\BODY \oldendproof 
                                                  \par \env@ignore 
l.2719 \end{proof}
                  
The control sequence at the end of the top line
of your error message was never \def'ed. If you have
misspelled it (e.g., `\hobx'), type `I' and the correct
spelling (e.g., `I\hbox'). Otherwise just continue,
and I'll forget about whatever was undefined.

[75]
Overfull \hbox (15.0pt too wide) in paragraph at lines 2723--2723
[][] 
 []


Overfull \hbox (81.5705pt too wide) has occurred while \output is active
\OT1/cmr/m/n/10 78 \OT1/cmr/m/sl/10 CHAPTER 10.  RAPCS[]AK'S EQUATIONS: SOME CO
NSEQUENCES AND APPLICATIONS
 []

Chapter 11.

Underfull \hbox (badness 10000) in paragraph at lines 2727--2728

 []


Underfull \hbox (badness 10000) in paragraph at lines 2731--2732

 []


Underfull \hbox (badness 10000) in paragraph at lines 2735--2736

 []


Underfull \hbox (badness 10000) in paragraph at lines 2755--2756

 []


Underfull \hbox (badness 10000) in paragraph at lines 2757--2758

 []


Underfull \hbox (badness 10000) in paragraph at lines 2766--2767

 []


Underfull \hbox (badness 10000) in paragraph at lines 2772--2773

 []


Underfull \hbox (badness 10000) in paragraph at lines 2780--2781

 []


LaTeX Warning: Reference `ch7' on page 84 undefined on input line 2782.


LaTeX Warning: Reference `sec5' on page 84 undefined on input line 2795.


Underfull \hbox (badness 10000) in paragraph at lines 2799--2800

 []


LaTeX Warning: Reference `ch9' on page 85 undefined on input line 2801.


Underfull \hbox (badness 10000) in paragraph at lines 2803--2804

 []


Underfull \hbox (badness 10000) in paragraph at lines 2813--2814

 []

(source_extraction/results/0908.4384.aux)

LaTeX Warning: There were undefined references.

 ) 
Here is how much of TeX's memory you used:
 4683 strings out of 494260
 60604 string characters out of 6168642
 157311 words of memory out of 5000000
 7885 multiletter control sequences out of 15000+600000
 19042 words of font info for 72 fonts, out of 8000000 for 9000
 497 hyphenation exceptions out of 8191
 41i,15n,29p,2256b,292s stack positions out of 5000i,500n,10000p,200000b,80000s
</usr/share/texlive/texmf-dist/fonts/type1/public/amsfonts/cm/cmbx10.pfb></us
r/share/texlive/texmf-dist/fonts/type1/public/amsfonts/cm/cmbx7.pfb></usr/share
/texlive/texmf-dist/fonts/type1/public/amsfonts/cm/cmex10.pfb></usr/share/texli
ve/texmf-dist/fonts/type1/public/amsfonts/cmextra/cmex7.pfb></usr/share/texlive
/texmf-dist/fonts/type1/public/amsfonts/cm/cmmi10.pfb></usr/share/texlive/texmf
-dist/fonts/type1/public/amsfonts/cm/cmmi7.pfb></usr/share/texlive/texmf-dist/f
onts/type1/public/amsfonts/cm/cmr10.pfb></usr/share/texlive/texmf-dist/fonts/ty
pe1/public/amsfonts/cm/cmr7.pfb></usr/share/texlive/texmf-dist/fonts/type1/publ
ic/amsfonts/cm/cmss8.pfb></usr/share/texlive/texmf-dist/fonts/type1/public/amsf
onts/cm/cmsy10.pfb></usr/share/texlive/texmf-dist/fonts/type1/public/amsfonts/c
m/cmsy5.pfb></usr/share/texlive/texmf-dist/fonts/type1/public/amsfonts/cm/cmsy7
.pfb></usr/share/texlive/texmf-dist/fonts/type1/public/amsfonts/cm/cmti10.pfb><
/usr/share/texlive/texmf-dist/fonts/type1/public/amsfonts/euler/eufm10.pfb></us
r/share/texlive/texmf-dist/fonts/type1/public/amsfonts/euler/eusm10.pfb></usr/s
hare/texlive/texmf-dist/fonts/type1/public/amsfonts/symbols/msbm10.pfb>
Output written on source_extraction/results/0908.4384.pdf (75 pages, 203136 byt
es).
PDF statistics:
 312 PDF objects out of 1000 (max. 8388607)
 216 compressed objects within 3 object streams
 0 named destinations out of 1000 (max. 500000)
 1 words of extra memory for PDF output out of 10000 (max. 10000000)

