This is pdfTeX, Version 3.14159265-2.6-1.40.18 (TeX Live 2017/Debian) (preloaded format=pdflatex 2018.11.16)  29 NOV 2018 14:48
entering extended mode
 restricted \write18 enabled.
 %&-line parsing enabled.
**source_extraction/results/0911.1523.tex
(./source_extraction/results/0911.1523.tex
LaTeX2e <2017-04-15>
Babel <3.18> and hyphenation patterns for 20 language(s) loaded.
(/usr/share/texlive/texmf-dist/tex/latex/amscls/amsart.cls
Document Class: amsart 2017/10/31 v2.20.4
\linespacing=\dimen102
\normalparindent=\dimen103
\normaltopskip=\skip41
(/usr/share/texlive/texmf-dist/tex/latex/amsmath/amsmath.sty
Package: amsmath 2017/09/02 v2.17a AMS math features
\@mathmargin=\skip42

For additional information on amsmath, use the `?' option.
(/usr/share/texlive/texmf-dist/tex/latex/amsmath/amstext.sty
Package: amstext 2000/06/29 v2.01 AMS text

(/usr/share/texlive/texmf-dist/tex/latex/amsmath/amsgen.sty
File: amsgen.sty 1999/11/30 v2.0 generic functions
\@emptytoks=\toks14
\ex@=\dimen104
))
(/usr/share/texlive/texmf-dist/tex/latex/amsmath/amsbsy.sty
Package: amsbsy 1999/11/29 v1.2d Bold Symbols
\pmbraise@=\dimen105
)
(/usr/share/texlive/texmf-dist/tex/latex/amsmath/amsopn.sty
Package: amsopn 2016/03/08 v2.02 operator names
)
\inf@bad=\count79
LaTeX Info: Redefining \frac on input line 213.
\uproot@=\count80
\leftroot@=\count81
LaTeX Info: Redefining \overline on input line 375.
\classnum@=\count82
\DOTSCASE@=\count83
LaTeX Info: Redefining \ldots on input line 472.
LaTeX Info: Redefining \dots on input line 475.
LaTeX Info: Redefining \cdots on input line 596.
\Mathstrutbox@=\box26
\strutbox@=\box27
\big@size=\dimen106
LaTeX Font Info:    Redeclaring font encoding OML on input line 712.
LaTeX Font Info:    Redeclaring font encoding OMS on input line 713.
\macc@depth=\count84
\c@MaxMatrixCols=\count85
\dotsspace@=\muskip10
\c@parentequation=\count86
\dspbrk@lvl=\count87
\tag@help=\toks15
\row@=\count88
\column@=\count89
\maxfields@=\count90
\andhelp@=\toks16
\eqnshift@=\dimen107
\alignsep@=\dimen108
\tagshift@=\dimen109
\tagwidth@=\dimen110
\totwidth@=\dimen111
\lineht@=\dimen112
\@envbody=\toks17
\multlinegap=\skip43
\multlinetaggap=\skip44
\mathdisplay@stack=\toks18
LaTeX Info: Redefining \[ on input line 2817.
LaTeX Info: Redefining \] on input line 2818.
)
LaTeX Font Info:    Try loading font information for U+msa on input line 398.

(/usr/share/texlive/texmf-dist/tex/latex/amsfonts/umsa.fd
File: umsa.fd 2013/01/14 v3.01 AMS symbols A
)
(/usr/share/texlive/texmf-dist/tex/latex/amsfonts/amsfonts.sty
Package: amsfonts 2013/01/14 v3.01 Basic AMSFonts support
\symAMSa=\mathgroup4
\symAMSb=\mathgroup5
LaTeX Font Info:    Overwriting math alphabet `\mathfrak' in version `bold'
(Font)                  U/euf/m/n --> U/euf/b/n on input line 106.
)
\copyins=\insert199
\abstractbox=\box28
\listisep=\skip45
\c@part=\count91
\c@section=\count92
\c@subsection=\count93
\c@subsubsection=\count94
\c@paragraph=\count95
\c@subparagraph=\count96
\c@figure=\count97
\c@table=\count98
\abovecaptionskip=\skip46
\belowcaptionskip=\skip47
\captionindent=\dimen113
\thm@style=\toks19
\thm@bodyfont=\toks20
\thm@headfont=\toks21
\thm@notefont=\toks22
\thm@headpunct=\toks23
\thm@preskip=\skip48
\thm@postskip=\skip49
\thm@headsep=\skip50
\dth@everypar=\toks24
)
(/usr/share/texlive/texmf-dist/tex/latex/amsmath/amsxtra.sty
Package: amsxtra 1999/11/15 v1.2c AMS extra commands
LaTeX Info: Redefining \nobreakspace on input line 54.
)
(/usr/share/texlive/texmf-dist/tex/latex/amsmath/amscd.sty
Package: amscd 2017/04/14 v2.1 AMS Commutative Diagrams
\athelp@=\toks25
\minaw@=\dimen114
\bigaw@=\dimen115
\minCDarrowwidth=\dimen116
)
(/usr/share/texlive/texmf-dist/tex/latex/graphics/graphicx.sty
Package: graphicx 2017/06/01 v1.1a Enhanced LaTeX Graphics (DPC,SPQR)

(/usr/share/texlive/texmf-dist/tex/latex/graphics/keyval.sty
Package: keyval 2014/10/28 v1.15 key=value parser (DPC)
\KV@toks@=\toks26
)
(/usr/share/texlive/texmf-dist/tex/latex/graphics/graphics.sty
Package: graphics 2017/06/25 v1.2c Standard LaTeX Graphics (DPC,SPQR)

(/usr/share/texlive/texmf-dist/tex/latex/graphics/trig.sty
Package: trig 2016/01/03 v1.10 sin cos tan (DPC)
)
(/usr/share/texlive/texmf-dist/tex/latex/graphics-cfg/graphics.cfg
File: graphics.cfg 2016/06/04 v1.11 sample graphics configuration
)
Package graphics Info: Driver file: pdftex.def on input line 99.

(/usr/share/texlive/texmf-dist/tex/latex/graphics-def/pdftex.def
File: pdftex.def 2018/01/08 v1.0l Graphics/color driver for pdftex
))
\Gin@req@height=\dimen117
\Gin@req@width=\dimen118
)
(/usr/share/texlive/texmf-dist/tex/latex/amsfonts/amssymb.sty
Package: amssymb 2013/01/14 v3.01 AMS font symbols
) (./extract.sty
(/usr/share/texlive/texmf-dist/tex/latex/environ/environ.sty
Package: environ 2014/05/04 v0.3 A new way to define environments

(/usr/share/texlive/texmf-dist/tex/latex/trimspaces/trimspaces.sty
Package: trimspaces 2009/09/17 v1.1 Trim spaces around a token list
))
(/usr/share/texlive/texmf-dist/tex/latex/etextools/etextools.sty
Package: etextools 2010/12/07 v3.1415926 e-TeX more useful tools for LaTeX pack
age writers

(/usr/share/texlive/texmf-dist/tex/latex/etex-pkg/etex.sty
Package: etex 2016/08/01 v2.7 eTeX basic definition package (PEB,DPC)
\et@xins=\count99
)
(/usr/share/texlive/texmf-dist/tex/latex/etoolbox/etoolbox.sty
Package: etoolbox 2018/02/11 v2.5e e-TeX tools for LaTeX (JAW)
\etb@tempcnta=\count100
)
(/usr/share/texlive/texmf-dist/tex/latex/oberdiek/letltxmacro.sty
Package: letltxmacro 2016/05/16 v1.5 Let assignment for LaTeX macros (HO)
)
\ettl@fter=\count101
\ettl@for@nested=\count277
)
(/usr/share/texmf/tex/latex/preview/preview.sty
Package: preview 2017/04/24 11.91 (AUCTeX/preview-latex)

(/usr/share/texmf/tex/latex/preview/prtightpage.def
\PreviewBorder=\dimen119
)
\pr@snippet=\count102
\pr@box=\box29
\pr@output=\toks27
)
\c@propcounter=\count103
\mybox=\box30
)
\c@theorem=\count104

(source_extraction/results/0911.1523.aux)
\openout1 = `0911.1523.aux'.

LaTeX Font Info:    Checking defaults for OML/cmm/m/it on input line 28.
LaTeX Font Info:    ... okay on input line 28.
LaTeX Font Info:    Checking defaults for T1/cmr/m/n on input line 28.
LaTeX Font Info:    ... okay on input line 28.
LaTeX Font Info:    Checking defaults for OT1/cmr/m/n on input line 28.
LaTeX Font Info:    ... okay on input line 28.
LaTeX Font Info:    Checking defaults for OMS/cmsy/m/n on input line 28.
LaTeX Font Info:    ... okay on input line 28.
LaTeX Font Info:    Checking defaults for OMX/cmex/m/n on input line 28.
LaTeX Font Info:    ... okay on input line 28.
LaTeX Font Info:    Checking defaults for U/cmr/m/n on input line 28.
LaTeX Font Info:    ... okay on input line 28.
LaTeX Font Info:    Try loading font information for U+msa on input line 28.

(/usr/share/texlive/texmf-dist/tex/latex/amsfonts/umsa.fd
File: umsa.fd 2013/01/14 v3.01 AMS symbols A
)
LaTeX Font Info:    Try loading font information for U+msb on input line 28.

(/usr/share/texlive/texmf-dist/tex/latex/amsfonts/umsb.fd
File: umsb.fd 2013/01/14 v3.01 AMS symbols B
)
(/usr/share/texlive/texmf-dist/tex/context/base/mkii/supp-pdf.mkii
[Loading MPS to PDF converter (version 2006.09.02).]
\scratchcounter=\count105
\scratchdimen=\dimen120
\scratchbox=\box31
\nofMPsegments=\count106
\nofMParguments=\count107
\everyMPshowfont=\toks28
\MPscratchCnt=\count108
\MPscratchDim=\dimen121
\MPnumerator=\count109
\makeMPintoPDFobject=\count110
\everyMPtoPDFconversion=\toks29
) (/usr/share/texlive/texmf-dist/tex/latex/oberdiek/epstopdf-base.sty
Package: epstopdf-base 2016/05/15 v2.6 Base part for package epstopdf

(/usr/share/texlive/texmf-dist/tex/generic/oberdiek/infwarerr.sty
Package: infwarerr 2016/05/16 v1.4 Providing info/warning/error messages (HO)
)
(/usr/share/texlive/texmf-dist/tex/latex/oberdiek/grfext.sty
Package: grfext 2016/05/16 v1.2 Manage graphics extensions (HO)

(/usr/share/texlive/texmf-dist/tex/generic/oberdiek/kvdefinekeys.sty
Package: kvdefinekeys 2016/05/16 v1.4 Define keys (HO)

(/usr/share/texlive/texmf-dist/tex/generic/oberdiek/ltxcmds.sty
Package: ltxcmds 2016/05/16 v1.23 LaTeX kernel commands for general use (HO)
)))
(/usr/share/texlive/texmf-dist/tex/latex/oberdiek/kvoptions.sty
Package: kvoptions 2016/05/16 v3.12 Key value format for package options (HO)

(/usr/share/texlive/texmf-dist/tex/generic/oberdiek/kvsetkeys.sty
Package: kvsetkeys 2016/05/16 v1.17 Key value parser (HO)

(/usr/share/texlive/texmf-dist/tex/generic/oberdiek/etexcmds.sty
Package: etexcmds 2016/05/16 v1.6 Avoid name clashes with e-TeX commands (HO)

(/usr/share/texlive/texmf-dist/tex/generic/oberdiek/ifluatex.sty
Package: ifluatex 2016/05/16 v1.4 Provides the ifluatex switch (HO)
Package ifluatex Info: LuaTeX not detected.
)
Package etexcmds Info: Could not find \expanded.
(etexcmds)             That can mean that you are not using pdfTeX 1.50 or
(etexcmds)             that some package has redefined \expanded.
(etexcmds)             In the latter case, load this package earlier.
)))
(/usr/share/texlive/texmf-dist/tex/generic/oberdiek/pdftexcmds.sty
Package: pdftexcmds 2018/01/21 v0.26 Utility functions of pdfTeX for LuaTeX (HO
)

(/usr/share/texlive/texmf-dist/tex/generic/oberdiek/ifpdf.sty
Package: ifpdf 2017/03/15 v3.2 Provides the ifpdf switch
)
Package pdftexcmds Info: LuaTeX not detected.
Package pdftexcmds Info: \pdf@primitive is available.
Package pdftexcmds Info: \pdf@ifprimitive is available.
Package pdftexcmds Info: \pdfdraftmode found.
)
Package epstopdf-base Info: Redefining graphics rule for `.eps' on input line 4
38.
Package grfext Info: Graphics extension search list:
(grfext)             [.pdf,.png,.jpg,.mps,.jpeg,.jbig2,.jb2,.PDF,.PNG,.JPG,.JPE
G,.JBIG2,.JB2,.eps]
(grfext)             \AppendGraphicsExtensions on input line 456.

(/usr/share/texlive/texmf-dist/tex/latex/latexconfig/epstopdf-sys.cfg
File: epstopdf-sys.cfg 2010/07/13 v1.3 Configuration of (r)epstopdf for TeX Liv
e
))
Preview: Fontsize 12pt
Preview: PDFoutput 1
Preview: Tightpage -32891 -32891 32891 32891
[1{/var/lib/texmf/fonts/map/pdftex/updmap/pdftex.map}]
Overfull \hbox (12.0pt too wide) in paragraph at lines 141--141
[][] 
 []

[2]
Overfull \hbox (12.0pt too wide) in paragraph at lines 151--151
[][] 
 []

[3]
Overfull \hbox (12.0pt too wide) in paragraph at lines 170--170
[][] 
 []

[4]
Overfull \hbox (12.0pt too wide) in paragraph at lines 180--180
[][] 
 []

LaTeX Font Info:    Try loading font information for OMS+cmr on input line 183.

(/usr/share/texlive/texmf-dist/tex/latex/base/omscmr.fd
File: omscmr.fd 2014/09/29 v2.5h Standard LaTeX font definitions
)
LaTeX Font Info:    Font shape `OMS/cmr/m/it' in size <12> not available
(Font)              Font shape `OMS/cmsy/m/n' tried instead on input line 183.
 [5]
Overfull \hbox (12.0pt too wide) in paragraph at lines 187--187
[][] 
 []


Overfull \hbox (1.2223pt too wide) in paragraph at lines 198--199
[]\OT1/cmr/m/n/12 By an \OT1/cmr/bx/n/12 in-te-gral va-ri-ety \OT1/cmr/m/n/12 w
e will al-ways un-der-stand an in-te-gral scheme
 []

[6]
Overfull \hbox (12.0pt too wide) in paragraph at lines 218--218
[][] 
 []

[7]
Overfull \hbox (12.0pt too wide) in paragraph at lines 232--232
[][] 
 []

LaTeX Font Info:    Try loading font information for U+euf on input line 252.
(/usr/share/texlive/texmf-dist/tex/latex/amsfonts/ueuf.fd
File: ueuf.fd 2013/01/14 v3.01 Euler Fraktur
) [8]
Overfull \hbox (12.0pt too wide) in paragraph at lines 266--266
[][] 
 []

[9]
Overfull \hbox (12.0pt too wide) in paragraph at lines 283--283
[][] 
 []

[10]
Overfull \hbox (12.0pt too wide) in paragraph at lines 311--311
[][] 
 []

[11]
Overfull \hbox (12.0pt too wide) in paragraph at lines 335--335
[][] 
 []

[12]
Overfull \hbox (12.0pt too wide) in paragraph at lines 339--339
[][] 
 []

[13]
Overfull \hbox (12.0pt too wide) in paragraph at lines 368--368
[][] 
 []


Underfull \vbox (badness 10000) has occurred while \output is active []

 [14]
Overfull \hbox (12.0pt too wide) in paragraph at lines 372--372
[][] 
 []

[15]
Overfull \hbox (12.0pt too wide) in paragraph at lines 375--375
[][] 
 []

[16]
Overfull \hbox (12.0pt too wide) in paragraph at lines 379--379
[][] 
 []

[17]
Overfull \hbox (12.0pt too wide) in paragraph at lines 383--383
[][] 
 []


Underfull \vbox (badness 10000) has occurred while \output is active []

 [18]
Overfull \hbox (12.0pt too wide) in paragraph at lines 412--412
[][] 
 []

[19]
Overfull \hbox (12.0pt too wide) in paragraph at lines 424--424
[][] 
 []

[20]
Overfull \hbox (12.0pt too wide) in paragraph at lines 438--438
[][] 
 []

[21]
Overfull \hbox (12.0pt too wide) in paragraph at lines 459--459
[][] 
 []

[22]
Overfull \hbox (12.0pt too wide) in paragraph at lines 473--473
[][] 
 []


Underfull \vbox (badness 10000) has occurred while \output is active []

 [23]
Overfull \hbox (12.0pt too wide) in paragraph at lines 564--564
[][] 
 []

[24]
Overfull \hbox (12.0pt too wide) in paragraph at lines 590--590
[][] 
 []

[25]
Overfull \hbox (12.0pt too wide) in paragraph at lines 597--597
[][] 
 []

[26]
Overfull \hbox (12.0pt too wide) in paragraph at lines 629--629
[][] 
 []

[27]
Overfull \hbox (12.0pt too wide) in paragraph at lines 678--678
[][] 
 []

[28]
Overfull \hbox (12.0pt too wide) in paragraph at lines 697--697
[][] 
 []

[29]
Overfull \hbox (12.0pt too wide) in paragraph at lines 721--721
[][] 
 []

[30]
Overfull \hbox (12.0pt too wide) in paragraph at lines 754--754
[][] 
 []

[31]
Overfull \hbox (12.0pt too wide) in paragraph at lines 770--770
[][] 
 []

[32]
Overfull \hbox (12.0pt too wide) in paragraph at lines 776--776
[][] 
 []

[33]
Overfull \hbox (12.0pt too wide) in paragraph at lines 813--813
[][] 
 []

[34]
Overfull \hbox (12.0pt too wide) in paragraph at lines 819--819
[][] 
 []

[35]
Overfull \hbox (12.0pt too wide) in paragraph at lines 835--835
[][] 
 []


Underfull \vbox (badness 3312) has occurred while \output is active []

 [36]
Overfull \hbox (12.0pt too wide) in paragraph at lines 915--915
[][] 
 []

[37]
Overfull \hbox (12.0pt too wide) in paragraph at lines 943--943
[][] 
 []


Underfull \vbox (badness 1496) has occurred while \output is active []

 [38]
Overfull \hbox (12.0pt too wide) in paragraph at lines 953--953
[][] 
 []

[39]
Overfull \hbox (12.0pt too wide) in paragraph at lines 963--963
[][] 
 []

[40]
Overfull \hbox (12.0pt too wide) in paragraph at lines 977--977
[][] 
 []

[41]
Overfull \hbox (12.0pt too wide) in paragraph at lines 1056--1056
[][] 
 []

[42]
Overfull \hbox (12.0pt too wide) in paragraph at lines 1071--1071
[][] 
 []

[43]
Overfull \hbox (12.0pt too wide) in paragraph at lines 1084--1084
[][] 
 []

[44]
Overfull \hbox (12.0pt too wide) in paragraph at lines 1108--1108
[][] 
 []

LaTeX Font Info:    Font shape `OMS/cmr/m/n' in size <12> not available
(Font)              Font shape `OMS/cmsy/m/n' tried instead on input line 1114.

[45]
Overfull \hbox (12.0pt too wide) in paragraph at lines 1118--1118
[][] 
 []

[46]
Overfull \hbox (12.0pt too wide) in paragraph at lines 1222--1222
[][] 
 []

(source_extraction/results/0911.1523.aux) ) 
Here is how much of TeX's memory you used:
 3990 strings out of 494260
 51746 string characters out of 6168642
 129932 words of memory out of 5000000
 7095 multiletter control sequences out of 15000+600000
 15252 words of font info for 57 fonts, out of 8000000 for 9000
 658 hyphenation exceptions out of 8191
 41i,10n,32p,904b,298s stack positions out of 5000i,500n,10000p,200000b,80000s
</usr/share/texlive/texmf-dist/fonts
/type1/public/amsfonts/cm/cmbx12.pfb></usr/share/texlive/texmf-dist/fonts/type1
/public/amsfonts/cm/cmex10.pfb></usr/share/texlive/texmf-dist/fonts/type1/publi
c/amsfonts/cm/cmmi12.pfb></usr/share/texlive/texmf-dist/fonts/type1/public/amsf
onts/cm/cmmi6.pfb></usr/share/texlive/texmf-dist/fonts/type1/public/amsfonts/cm
/cmmi8.pfb></usr/share/texlive/texmf-dist/fonts/type1/public/amsfonts/cm/cmr12.
pfb></usr/share/texlive/texmf-dist/fonts/type1/public/amsfonts/cm/cmr6.pfb></us
r/share/texlive/texmf-dist/fonts/type1/public/amsfonts/cm/cmr8.pfb></usr/share/
texlive/texmf-dist/fonts/type1/public/amsfonts/cm/cmsy10.pfb></usr/share/texliv
e/texmf-dist/fonts/type1/public/amsfonts/cm/cmsy8.pfb></usr/share/texlive/texmf
-dist/fonts/type1/public/amsfonts/cm/cmti12.pfb></usr/share/texlive/texmf-dist/
fonts/type1/public/amsfonts/euler/eufm10.pfb></usr/share/texlive/texmf-dist/fon
ts/type1/public/amsfonts/symbols/msam10.pfb></usr/share/texlive/texmf-dist/font
s/type1/public/amsfonts/symbols/msbm10.pfb>
Output written on source_extraction/results/0911.1523.pdf (46 pages, 177377 byt
es).
PDF statistics:
 210 PDF objects out of 1000 (max. 8388607)
 146 compressed objects within 2 object streams
 0 named destinations out of 1000 (max. 500000)
 1 words of extra memory for PDF output out of 10000 (max. 10000000)

