This is pdfTeX, Version 3.14159265-2.6-1.40.18 (TeX Live 2017/Debian) (preloaded format=pdflatex 2018.11.16)  29 NOV 2018 14:49
entering extended mode
 restricted \write18 enabled.
 %&-line parsing enabled.
**source_extraction/results/1003.5677.tex
(./source_extraction/results/1003.5677.tex
LaTeX2e <2017-04-15>
Babel <3.18> and hyphenation patterns for 20 language(s) loaded.
(/usr/share/texlive/texmf-dist/tex/latex/base/latex209.def
File: latex209.def 2015/02/22 v0.53 Standard LaTeX file


          Entering LaTeX 2.09 COMPATIBILITY MODE
 *************************************************************
    !!WARNING!!    !!WARNING!!    !!WARNING!!    !!WARNING!!   
 
 This mode attempts to provide an emulation of the LaTeX 2.09
 author environment so that OLD documents can be successfully
 processed. It should NOT be used for NEW documents!
 
 New documents should use Standard LaTeX conventions and start
 with the \documentclass command.
 
 Compatibility mode is UNLIKELY TO WORK with LaTeX 2.09 style
 files that change any internal macros, especially not with
 those that change the FONT SELECTION or OUTPUT ROUTINES.
 
 Therefore such style files MUST BE UPDATED to use
          Current Standard LaTeX: LaTeX2e.
 If you suspect that you may be using such a style file, which
 is probably very, very old by now, then you should attempt to
 get it updated by sending a copy of this error message to the
 author of that file.
 *************************************************************

\footheight=\dimen102
\@maxsep=\dimen103
\@dblmaxsep=\dimen104
\@cla=\count79
\@clb=\count80
\mscount=\count81
(/usr/share/texlive/texmf-dist/tex/latex/base/tracefnt.sty
Package: tracefnt 2015/02/21 v3.0k Standard LaTeX package (font tracing)
\tracingfonts=\count82
LaTeX Info: Redefining \selectfont on input line 106.
)
\symbold=\mathgroup4
\symsans=\mathgroup5
\symtypewriter=\mathgroup6
\symitalic=\mathgroup7
\symsmallcaps=\mathgroup8
\symslanted=\mathgroup9
LaTeX Font Info:    Redeclaring math alphabet \mathbf on input line 268.
LaTeX Font Info:    Redeclaring math alphabet \mathsf on input line 269.
LaTeX Font Info:    Redeclaring math alphabet \mathtt on input line 270.
LaTeX Font Info:    Redeclaring math alphabet \mathit on input line 276.
LaTeX Info: Redefining \em on input line 286.

(/usr/share/texlive/texmf-dist/tex/latex/base/latexsym.sty
Package: latexsym 1998/08/17 v2.2e Standard LaTeX package (lasy symbols)
\symlasy=\mathgroup10
LaTeX Font Info:    Overwriting symbol font `lasy' in version `bold'
(Font)                  U/lasy/m/n --> U/lasy/b/n on input line 52.
)
LaTeX Font Info:    Redeclaring math delimiter \lgroup on input line 332.
LaTeX Font Info:    Redeclaring math delimiter \rgroup on input line 334.
LaTeX Font Info:    Redeclaring math delimiter \bracevert on input line 336.
)
(/usr/share/texlive/texmf-dist/tex/latex/base/article.cls
Document Class: article 2014/09/29 v1.4h Standard LaTeX document class
(/usr/share/texlive/texmf-dist/tex/latex/base/size12.clo
File: size12.clo 2014/09/29 v1.4h Standard LaTeX file (size option)
)
\c@part=\count83
\c@section=\count84
\c@subsection=\count85
\c@subsubsection=\count86
\c@paragraph=\count87
\c@subparagraph=\count88
\c@figure=\count89
\c@table=\count90
\abovecaptionskip=\skip41
\belowcaptionskip=\skip42
Compatibility mode: definition of \rm ignored.
Compatibility mode: definition of \sf ignored.
Compatibility mode: definition of \tt ignored.
Compatibility mode: definition of \bf ignored.
Compatibility mode: definition of \it ignored.
Compatibility mode: definition of \sl ignored.
Compatibility mode: definition of \sc ignored.
LaTeX Info: Redefining \cal on input line 496.
LaTeX Info: Redefining \mit on input line 497.
\bibindent=\dimen105
)

! LaTeX Error: LaTeX2e command \usepackage in LaTeX 2.09 document.

See the LaTeX manual or LaTeX Companion for explanation.
Type  H <return>  for immediate help.
 ...                                              
                                                  
l.20  \usepackage
                 {./extract}
This is a LaTeX 2.09 document, but it contains \usepackage.
If you want to use the new features of LaTeX2e, your document
should begin with \documentclass rather than \documentstyle


! LaTeX Error: \usepackage before \documentclass.

See the LaTeX manual or LaTeX Companion for explanation.
Type  H <return>  for immediate help.
 ...                                              
                                                  
l.20  \usepackage{
                  ./extract}
\usepackage may only appear in the document preamble, i.e.,
between \documentclass and \begin{document}.

\c@theorem=\count91
(source_extraction/results/1003.5677.aux)
\openout1 = `1003.5677.aux'.

LaTeX Font Info:    Checking defaults for OML/cmm/m/it on input line 97.
LaTeX Font Info:    ... okay on input line 97.
LaTeX Font Info:    Checking defaults for T1/cmr/m/n on input line 97.
LaTeX Font Info:    ... okay on input line 97.
LaTeX Font Info:    Checking defaults for OT1/cmr/m/n on input line 97.
LaTeX Font Info:    ... okay on input line 97.
LaTeX Font Info:    Checking defaults for OMS/cmsy/m/n on input line 97.
LaTeX Font Info:    ... okay on input line 97.
LaTeX Font Info:    Checking defaults for OMX/cmex/m/n on input line 97.
LaTeX Font Info:    ... okay on input line 97.
LaTeX Font Info:    Checking defaults for U/cmr/m/n on input line 97.
LaTeX Font Info:    ... okay on input line 97.
LaTeX Font Info:    External font `cmex10' loaded for size
(Font)              <14.4> on input line 100.
LaTeX Font Info:    External font `cmex10' loaded for size
(Font)              <7> on input line 100.
LaTeX Font Info:    Try loading font information for U+lasy on input line 100.

(/usr/share/texlive/texmf-dist/tex/latex/base/ulasy.fd
File: ulasy.fd 1998/08/17 v2.2e LaTeX symbol font definitions
)
LaTeX Font Info:    External font `cmex10' loaded for size
(Font)              <5> on input line 108.

(source_extraction/results/1003.5677.toc [1

{/var/lib/texmf/fonts/map/pdftex/updmap/pdftex.map}])
\tf@toc=\write3
\openout3 = `1003.5677.toc'.

LaTeX Font Info:    External font `cmex10' loaded for size
(Font)              <12> on input line 160.
LaTeX Font Info:    External font `cmex10' loaded for size
(Font)              <8> on input line 160.
LaTeX Font Info:    External font `cmex10' loaded for size
(Font)              <6> on input line 160.
 [2] [3] [4] [5]
LaTeX Font Info:    Try loading font information for OMS+cmr on input line 468.


(/usr/share/texlive/texmf-dist/tex/latex/base/omscmr.fd
File: omscmr.fd 2014/09/29 v2.5h Standard LaTeX font definitions
)
LaTeX Font Info:    Font shape `OMS/cmr/m/n' in size <12> not available
(Font)              Font shape `OMS/cmsy/m/n' tried instead on input line 468.
 [6] [7] [8] [9]
[10] [11] [12] [13] [14] [15] [16] [17] [18] [19] [20]
Overfull \hbox (5.0818pt too wide) in paragraph at lines 1570--1573
[]\OT1/cmr/m/it/12 Let $\OT1/cmr/m/n/12 (\OML/cmm/m/it/12 K; v\OT1/cmr/m/n/12 )
$ \OT1/cmr/m/it/12 be a henselian field, and let $\OML/cmm/m/it/12 f[]; [] ; f[
] \OMS/cmsy/m/n/12 2 O\OT1/cmr/m/n/12 [\OML/cmm/m/it/12 X[]; [] ; X[]; Y[]; [] 
; Y[]\OT1/cmr/m/n/12 ]$
 []


Overfull \hbox (6.26462pt too wide) in alignment at lines 1600--1606
 [][][] []
 []

[21] [22] [23] [24] [25] [26] [27] [28] [29] [30] [31] [32] [33]
Overfull \hbox (21.42781pt too wide) detected at line 2521
[]\OML/cmm/m/it/12 v\OT1/cmr/m/n/12 (\OML/cmm/m/it/12 f[]y \OMS/cmsy/m/n/12 ^^@
 \OML/cmm/m/it/12 f[]z  \OMS/cmsy/m/n/12 ^^@  \OML/cmm/m/it/12 d[]^^[[]\OT1/cmr
/m/n/12 (\OML/cmm/m/it/12 y \OMS/cmsy/m/n/12 ^^@ \OML/cmm/m/it/12 z\OT1/cmr/m/n
/12 ))  \OMS/cmsy/m/n/12 ^^U  []f\OML/cmm/m/it/12 v\OT1/cmr/m/n/12 (\OML/cmm/m/
it/12 f[]y \OMS/cmsy/m/n/12 ^^@ \OML/cmm/m/it/12 f[]z \OMS/cmsy/m/n/12 ^^@ [] \
OML/cmm/m/it/12 d[]^^[[]\OT1/cmr/m/n/12 (\OML/cmm/m/it/12 y \OMS/cmsy/m/n/12 ^^
@ \OML/cmm/m/it/12 z\OT1/cmr/m/n/12 )) \OML/cmm/m/it/12 ;  [] d[]^^[[]\OT1/cmr/
m/n/12 (\OML/cmm/m/it/12 y \OMS/cmsy/m/n/12 ^^@ \OML/cmm/m/it/12 z\OT1/cmr/m/n/
12 )\OMS/cmsy/m/n/12 g  \OML/cmm/m/it/12 >  vd[]^^[[]\OT1/cmr/m/n/12 (\OML/cmm/
m/it/12 y \OMS/cmsy/m/n/12 ^^@ \OML/cmm/m/it/12 z\OT1/cmr/m/n/12 ) \OML/cmm/m/i
t/12 :
 []

[34] [35] [36]
Overfull \hbox (21.40901pt too wide) in paragraph at lines 2753--2756
\OT1/cmr/m/n/12 the iden-tity. For a poly-no-mi-als $\OML/cmm/m/it/12 f$ \OT1/c
mr/m/n/12 in $\OML/cmm/m/it/12 n \OT1/cmr/m/n/12 + 1$ vari-ables, we set $\OML/
cmm/m/it/12 f[]\OT1/cmr/m/n/12 (\OML/cmm/m/it/12 X\OT1/cmr/m/n/12 ) = \OML/cmm/
m/it/12 f\OT1/cmr/m/n/12 (\OML/cmm/m/it/12 X; DX; D[]X; [] ; D[]X\OT1/cmr/m/n/1
2 )$. 
 []

[37] [38] [39] [40] [41] [42] [43] [44] [45] [46]
LaTeX Font Info:    External font `cmex10' loaded for size
(Font)              <10.95> on input line 3420.
 [47]
(source_extraction/results/1003.5677.aux)

LaTeX Warning: Label(s) may have changed. Rerun to get cross-references right.

 ) 
Here is how much of TeX's memory you used:
 649 strings out of 494260
 7016 string characters out of 6168642
 63283 words of memory out of 5000000
 4028 multiletter control sequences out of 15000+600000
 25363 words of font info for 94 fonts, out of 8000000 for 9000
 497 hyphenation exceptions out of 8191
 24i,9n,19p,237b,248s stack positions out of 5000i,500n,10000p,200000b,80000s
</usr/share/texlive/texmf-dist/fonts/type1/public/amsfonts/cm/cmbx10.pfb></us
r/share/texlive/texmf-dist/fonts/type1/public/amsfonts/cm/cmbx12.pfb></usr/shar
e/texlive/texmf-dist/fonts/type1/public/amsfonts/cm/cmex10.pfb></usr/share/texl
ive/texmf-dist/fonts/type1/public/amsfonts/cm/cmmi12.pfb></usr/share/texlive/te
xmf-dist/fonts/type1/public/amsfonts/cm/cmmi6.pfb></usr/share/texlive/texmf-dis
t/fonts/type1/public/amsfonts/cm/cmmi8.pfb></usr/share/texlive/texmf-dist/fonts
/type1/public/amsfonts/cm/cmr10.pfb></usr/share/texlive/texmf-dist/fonts/type1/
public/amsfonts/cm/cmr12.pfb></usr/share/texlive/texmf-dist/fonts/type1/public/
amsfonts/cm/cmr6.pfb></usr/share/texlive/texmf-dist/fonts/type1/public/amsfonts
/cm/cmr7.pfb></usr/share/texlive/texmf-dist/fonts/type1/public/amsfonts/cm/cmr8
.pfb></usr/share/texlive/texmf-dist/fonts/type1/public/amsfonts/cm/cmsy10.pfb><
/usr/share/texlive/texmf-dist/fonts/type1/public/amsfonts/cm/cmsy6.pfb></usr/sh
are/texlive/texmf-dist/fonts/type1/public/amsfonts/cm/cmsy7.pfb></usr/share/tex
live/texmf-dist/fonts/type1/public/amsfonts/cm/cmsy8.pfb></usr/share/texlive/te
xmf-dist/fonts/type1/public/amsfonts/cm/cmti12.pfb></usr/share/texlive/texmf-di
st/fonts/type1/public/amsfonts/cm/cmtt12.pfb></usr/share/texlive/texmf-dist/fon
ts/type1/public/amsfonts/latxfont/lasy10.pfb></usr/share/texlive/texmf-dist/fon
ts/type1/public/amsfonts/symbols/msbm10.pfb></usr/share/texlive/texmf-dist/font
s/type1/public/amsfonts/symbols/msbm7.pfb>
Output written on source_extraction/results/1003.5677.pdf (47 pages, 412818 byt
es).
PDF statistics:
 237 PDF objects out of 1000 (max. 8388607)
 166 compressed objects within 2 object streams
 0 named destinations out of 1000 (max. 500000)
 1 words of extra memory for PDF output out of 10000 (max. 10000000)

