This is pdfTeX, Version 3.14159265-2.6-1.40.18 (TeX Live 2017/Debian) (preloaded format=pdflatex 2018.11.16)  29 NOV 2018 14:49
entering extended mode
 restricted \write18 enabled.
 %&-line parsing enabled.
**source_extraction/results/1005.5379.tex
(./source_extraction/results/1005.5379.tex
LaTeX2e <2017-04-15>
Babel <3.18> and hyphenation patterns for 20 language(s) loaded.
(/usr/share/texlive/texmf-dist/tex/latex/base/article.cls
Document Class: article 2014/09/29 v1.4h Standard LaTeX document class
(/usr/share/texlive/texmf-dist/tex/latex/base/size11.clo
File: size11.clo 2014/09/29 v1.4h Standard LaTeX file (size option)
)
\c@part=\count79
\c@section=\count80
\c@subsection=\count81
\c@subsubsection=\count82
\c@paragraph=\count83
\c@subparagraph=\count84
\c@figure=\count85
\c@table=\count86
\abovecaptionskip=\skip41
\belowcaptionskip=\skip42
\bibindent=\dimen102
)
(/usr/share/texlive/texmf-dist/tex/latex/amsmath/amsmath.sty
Package: amsmath 2017/09/02 v2.17a AMS math features
\@mathmargin=\skip43

For additional information on amsmath, use the `?' option.
(/usr/share/texlive/texmf-dist/tex/latex/amsmath/amstext.sty
Package: amstext 2000/06/29 v2.01 AMS text

(/usr/share/texlive/texmf-dist/tex/latex/amsmath/amsgen.sty
File: amsgen.sty 1999/11/30 v2.0 generic functions
\@emptytoks=\toks14
\ex@=\dimen103
))
(/usr/share/texlive/texmf-dist/tex/latex/amsmath/amsbsy.sty
Package: amsbsy 1999/11/29 v1.2d Bold Symbols
\pmbraise@=\dimen104
)
(/usr/share/texlive/texmf-dist/tex/latex/amsmath/amsopn.sty
Package: amsopn 2016/03/08 v2.02 operator names
)
\inf@bad=\count87
LaTeX Info: Redefining \frac on input line 213.
\uproot@=\count88
\leftroot@=\count89
LaTeX Info: Redefining \overline on input line 375.
\classnum@=\count90
\DOTSCASE@=\count91
LaTeX Info: Redefining \ldots on input line 472.
LaTeX Info: Redefining \dots on input line 475.
LaTeX Info: Redefining \cdots on input line 596.
\Mathstrutbox@=\box26
\strutbox@=\box27
\big@size=\dimen105
LaTeX Font Info:    Redeclaring font encoding OML on input line 712.
LaTeX Font Info:    Redeclaring font encoding OMS on input line 713.
\macc@depth=\count92
\c@MaxMatrixCols=\count93
\dotsspace@=\muskip10
\c@parentequation=\count94
\dspbrk@lvl=\count95
\tag@help=\toks15
\row@=\count96
\column@=\count97
\maxfields@=\count98
\andhelp@=\toks16
\eqnshift@=\dimen106
\alignsep@=\dimen107
\tagshift@=\dimen108
\tagwidth@=\dimen109
\totwidth@=\dimen110
\lineht@=\dimen111
\@envbody=\toks17
\multlinegap=\skip44
\multlinetaggap=\skip45
\mathdisplay@stack=\toks18
LaTeX Info: Redefining \[ on input line 2817.
LaTeX Info: Redefining \] on input line 2818.
)
(/usr/share/texlive/texmf-dist/tex/latex/amsfonts/amssymb.sty
Package: amssymb 2013/01/14 v3.01 AMS font symbols

(/usr/share/texlive/texmf-dist/tex/latex/amsfonts/amsfonts.sty
Package: amsfonts 2013/01/14 v3.01 Basic AMSFonts support
\symAMSa=\mathgroup4
\symAMSb=\mathgroup5
LaTeX Font Info:    Overwriting math alphabet `\mathfrak' in version `bold'
(Font)                  U/euf/m/n --> U/euf/b/n on input line 106.
))
(/usr/share/texlive/texmf-dist/tex/latex/amsmath/amscd.sty
Package: amscd 2017/04/14 v2.1 AMS Commutative Diagrams
\athelp@=\toks19
\minaw@=\dimen112
\bigaw@=\dimen113
\minCDarrowwidth=\dimen114
)
(/usr/share/texlive/texmf-dist/tex/latex/tools/enumerate.sty
Package: enumerate 2015/07/23 v3.00 enumerate extensions (DPC)
\@enLab=\toks20
)
(/usr/share/texlive/texmf-dist/tex/latex/amsfonts/eucal.sty
Package: eucal 2009/06/22 v3.00 Euler Script fonts
LaTeX Font Info:    Overwriting math alphabet `\EuScript' in version `bold'
(Font)                  U/eus/m/n --> U/eus/b/n on input line 33.
)
(source_extraction/results/1005.5379.aux)
\openout1 = `1005.5379.aux'.

LaTeX Font Info:    Checking defaults for OML/cmm/m/it on input line 53.
LaTeX Font Info:    ... okay on input line 53.
LaTeX Font Info:    Checking defaults for T1/cmr/m/n on input line 53.
LaTeX Font Info:    ... okay on input line 53.
LaTeX Font Info:    Checking defaults for OT1/cmr/m/n on input line 53.
LaTeX Font Info:    ... okay on input line 53.
LaTeX Font Info:    Checking defaults for OMS/cmsy/m/n on input line 53.
LaTeX Font Info:    ... okay on input line 53.
LaTeX Font Info:    Checking defaults for OMX/cmex/m/n on input line 53.
LaTeX Font Info:    ... okay on input line 53.
LaTeX Font Info:    Checking defaults for U/cmr/m/n on input line 53.
LaTeX Font Info:    ... okay on input line 53.
LaTeX Font Info:    Try loading font information for U+msa on input line 67.

(/usr/share/texlive/texmf-dist/tex/latex/amsfonts/umsa.fd
File: umsa.fd 2013/01/14 v3.01 AMS symbols A
)
LaTeX Font Info:    Try loading font information for U+msb on input line 67.

(/usr/share/texlive/texmf-dist/tex/latex/amsfonts/umsb.fd
File: umsb.fd 2013/01/14 v3.01 AMS symbols B
)
LaTeX Font Info:    Try loading font information for OMS+cmr on input line 67.

(/usr/share/texlive/texmf-dist/tex/latex/base/omscmr.fd
File: omscmr.fd 2014/09/29 v2.5h Standard LaTeX font definitions
)
LaTeX Font Info:    Font shape `OMS/cmr/m/n' in size <8> not available
(Font)              Font shape `OMS/cmsy/m/n' tried instead on input line 67.
LaTeX Font Info:    Font shape `OMS/cmr/m/n' in size <6> not available
(Font)              Font shape `OMS/cmsy/m/n' tried instead on input line 67.
 [1

{/var/lib/texmf/fonts/map/pdftex/updmap/pdftex.map}]
LaTeX Font Info:    Try loading font information for U+euf on input line 135.

(/usr/share/texlive/texmf-dist/tex/latex/amsfonts/ueuf.fd
File: ueuf.fd 2013/01/14 v3.01 Euler Fraktur
)
LaTeX Font Info:    Try loading font information for U+eus on input line 162.

(/usr/share/texlive/texmf-dist/tex/latex/amsfonts/ueus.fd
File: ueus.fd 2013/01/14 v3.01 Euler Script
) [2] [3]

! LaTeX Error: Can be used only in preamble.

See the LaTeX manual or LaTeX Companion for explanation.
Type  H <return>  for immediate help.
 ...                                              
                                                  
l.316  \usepackage
                  {./extract}
Your command was ignored.
Type  I <command> <return>  to replace it with another command,
or  <return>  to continue without it.

\c@remark=\count99
\c@theorem=\count100
[4] [5]
\c@proposition=\count101
 [6]
\c@lemma=\count102
 [7]
Overfull \hbox (31.32944pt too wide) detected at line 652
\OMS/cmsy/m/n/10.95 k[][]k[] ^^T \OML/cmm/m/it/10.95 h\OMS/cmsy/m/n/10.95 k[][]
k[] \OT1/cmr/m/n/10.95 + \OML/cmm/m/it/10.95 hC[]^^O\OMS/cmsy/m/n/10.95 k[][]k[
]k[][]k[] ^^T \OML/cmm/m/it/10.95 h\OMS/cmsy/m/n/10.95 k[][]k[] \OT1/cmr/m/n/10
.95 + \OML/cmm/m/it/10.95 hC[]^^O\OMS/cmsy/m/n/10.95 k[][]k[]k[][]k[] \OML/cmm/
m/it/10.95 ;
 []

[8] [9] [10]
LaTeX Font Info:    Font shape `OMS/cmr/m/n' in size <10.95> not available
(Font)              Font shape `OMS/cmsy/m/n' tried instead on input line 929.
 [11] [12]
Overfull \hbox (1.52568pt too wide) in paragraph at lines 1069--1072
\OT1/cmr/m/n/10.95 The spaces $\U/eus/m/n/10.95 A\OT1/cmr/m/n/10.95 (\OML/cmm/m
/it/10.95 A[]\OT1/cmr/m/n/10.95 ; \OT1/cmss/m/n/10.95 q\OT1/cmr/m/n/10.95 )$ an
d $\U/eus/m/n/10.95 A[]\OT1/cmr/m/n/10.95 (\OML/cmm/m/it/10.95 A[]\OT1/cmr/m/n/
10.95 ; \OT1/cmss/m/n/10.95 q\OT1/cmr/m/n/10.95 )$ have con-nected com-po-nents
 la-beled by the in-te-gers $\U/msb/m/n/10.95 Z$ \OT1/cmr/m/n/10.95 (cf. [[]]):
 
 []

[13]
Overfull \hbox (18.9926pt too wide) detected at line 1197
[]
 []

[14]
Overfull \hbox (10.80429pt too wide) in paragraph at lines 1283--1294
\OT1/cmr/m/n/10.95 We re-call that $[][] = \OML/cmm/m/it/10.95 d[][] \OT1/cmr/m
/n/10.95 + [][[][]\OML/cmm/m/it/10.95 ; [][]\OT1/cmr/m/n/10.95 ]\OML/cmm/m/it/1
0.95 ;$ $[][] \OT1/cmr/m/n/10.95 = \OML/cmm/m/it/10.95 d\OT1/cmr/m/n/10.95 ([]\
OML/cmm/m/it/10.95 gPI[]g[]\OT1/cmr/m/n/10.95 ) + [][[]\OML/cmm/m/it/10.95 gPI[
]g[]; []gPI[]g[]\OT1/cmr/m/n/10.95 ] =
 []


Overfull \hbox (50.78348pt too wide) detected at line 1316
[]
 []

[15] [16]
Overfull \hbox (25.61275pt too wide) detected at line 1462
[]
 []


Overfull \hbox (57.75687pt too wide) detected at line 1481
[]
 []


Overfull \hbox (60.78966pt too wide) detected at line 1509
[]
 []

[17]
Overfull \hbox (20.94931pt too wide) detected at line 1586
\OML/cmm/m/it/10.95 ^^O[] [][] \OMS/cmsy/m/n/10.95 j[][]j[] \OML/cmm/m/it/10.95
 dx \OT1/cmr/m/n/10.95 + \OML/cmm/m/it/10.95 ^^O[] [][] [] [][][] \OMS/cmsy/m/n
/10.95 ^ [][]\OT1/cmr/m/n/10.95 ) = 2 [][] \OMS/cmsy/m/n/10.95 j\OML/cmm/m/it/1
0.95 d[]h[]\OMS/cmsy/m/n/10.95 j[] \OML/cmm/m/it/10.95 dx \OT1/cmr/m/n/10.95 + 
\OML/cmm/m/it/10.95 O\OT1/cmr/m/n/10.95 (\OML/cmm/m/it/10.95 ^^O[]\OT1/cmr/m/n/
10.95 )\OML/cmm/m/it/10.95 :
 []


Overfull \hbox (5.4346pt too wide) detected at line 1615
[]
 []

[18]
Overfull \hbox (27.85681pt too wide) detected at line 1650
[]
 []

[19]
Overfull \hbox (2.45587pt too wide) detected at line 1754
[]
 []

[20] [21]
Overfull \hbox (22.10342pt too wide) detected at line 1954
[]
 []

[22] [23]
Overfull \hbox (11.46654pt too wide) detected at line 2048
[]
 []


Overfull \hbox (53.04095pt too wide) detected at line 2060
[]
 []

[24]
Overfull \hbox (32.1556pt too wide) detected at line 2182
[]
 []

[25] [26]
Overfull \hbox (31.91614pt too wide) detected at line 2277
[]
 []


Overfull \hbox (12.80649pt too wide) in paragraph at lines 2319--2324
[]\OT1/cmr/m/it/10.95 For $\OT1/cmss/m/n/10.95 q \OMS/cmsy/m/n/10.95 2 \U/eus/m
/n/10.95 P\OT1/cmr/m/n/10.95 (\OML/cmm/m/it/10.95 d[]; ^^U[]\OT1/cmr/m/n/10.95 
; \OML/cmm/m/it/10.95 D[]; D[]\OT1/cmr/m/n/10.95 ; \OML/cmm/m/it/10.95 ^^O\OT1/
cmr/m/n/10.95 )$\OT1/cmr/m/it/10.95 , there ex-ists a con-stant $\OML/cmm/m/it/
10.95 C$ \OT1/cmr/m/it/10.95 de-pend-ing only on $\OML/cmm/m/it/10.95 d[]; ^^U[
]; D[]; D[]$
 []

[27]
Overfull \hbox (5.50212pt too wide) in paragraph at lines 2414--2420
\OT1/cmr/m/n/10.95 In the fol-low-ing proofs, we de-note by $\OML/cmm/m/it/10.9
5 T[][]\OT1/cmr/m/n/10.95 (\OML/cmm/m/it/10.95 d[]; ^^U[]\OT1/cmr/m/n/10.95 )[]
$ the or-thog-o-nal com-ple-ment of $\OML/cmm/m/it/10.95 T[][]\OT1/cmr/m/n/10.9
5 (\OML/cmm/m/it/10.95 d[]; ^^U[]\OT1/cmr/m/n/10.95 )$
 []

[28]
Overfull \hbox (13.85164pt too wide) detected at line 2444
[][] \OMS/cmsy/m/n/10.95 j[][]\OML/cmm/m/it/10.95 a\OMS/cmsy/m/n/10.95 j[] \OML
/cmm/m/it/10.95 dx \OT1/cmr/m/n/10.95 + [][]([][]\OML/cmm/m/it/10.95 ; ^^O\OT1/
cmr/m/n/10.95 [\OML/cmm/m/it/10.95 a; a\OT1/cmr/m/n/10.95 ]) \OML/cmm/m/it/10.9
5 dx \OT1/cmr/m/n/10.95 + [][] \OMS/cmsy/m/n/10.95 j[][]\OML/cmm/m/it/10.95 a\O
MS/cmsy/m/n/10.95 j[] \OML/cmm/m/it/10.95 dx \OMS/cmsy/m/n/10.95 ^^U \OML/cmm/m
/it/10.95 C[]\OMS/cmsy/m/n/10.95 k[][]\OML/cmm/m/it/10.95 a\OMS/cmsy/m/n/10.95 
k[] \OT1/cmr/m/n/10.95 + [][][][][]\OML/cmm/m/it/10.95 :
 []

\c@claim=\count103
[29] [30] [31]
Overfull \hbox (5.98085pt too wide) detected at line 2755
[]
 []

[32] [33]
Overfull \hbox (32.73807pt too wide) detected at line 2871
[]
 []

[34]
Overfull \hbox (9.16388pt too wide) in paragraph at lines 2941--2958
\OT1/cmr/m/n/10.95 Solv-ing [] is equiv-a-lent to find-ing a crit-i-cal point f
or the func-tional $\OML/cmm/m/it/10.95 a \OMS/cmsy/m/n/10.95 7! []hr[][][]\OT1
/cmr/m/n/10.95 (\OML/cmm/m/it/10.95 A\OT1/cmr/m/n/10.95 (\OT1/cmss/m/n/10.95 q\
OT1/cmr/m/n/10.95 ))\OML/cmm/m/it/10.95 a; a\OMS/cmsy/m/n/10.95 i \OT1/cmr/m/n/
10.95 +
 []


Overfull \hbox (6.01196pt too wide) detected at line 2977
\OMS/cmsy/m/n/10.95 j\OT1/cmr/m/n/10.95 ([][]\OML/cmm/m/it/10.95 a; [][]'\OT1/c
mr/m/n/10.95 )[]\OMS/cmsy/m/n/10.95 j ^^T \OML/cmm/m/it/10.95 C\OMS/cmsy/m/n/10
.95 k\OML/cmm/m/it/10.95 ^^O[][]\OMS/cmsy/m/n/10.95 k[]k\OML/cmm/m/it/10.95 a\O
MS/cmsy/m/n/10.95 k[]k\OML/cmm/m/it/10.95 '\OMS/cmsy/m/n/10.95 k[] \OT1/cmr/m/n
/10.95 + \OMS/cmsy/m/n/10.95 k\OML/cmm/m/it/10.95 b\OMS/cmsy/m/n/10.95 k[]k\OML
/cmm/m/it/10.95 '\OMS/cmsy/m/n/10.95 k[]\OML/cmm/m/it/10.95 ;
 []

[35]
Overfull \hbox (22.92552pt too wide) detected at line 2993
[][][]\OT1/cmr/m/n/10.95 ([][]\OML/cmm/m/it/10.95 a; [][]'\OT1/cmr/m/n/10.95 ) 
+ (\OML/cmm/m/it/10.95 a; '\OT1/cmr/m/n/10.95 ) \OML/cmm/m/it/10.95 dx[] \OMS/c
msy/m/n/10.95 ^^T \OML/cmm/m/it/10.95 C\OT1/cmr/m/n/10.95 (1 + \OMS/cmsy/m/n/10
.95 k\OML/cmm/m/it/10.95 ^^O[][]\OMS/cmsy/m/n/10.95 k[]\OT1/cmr/m/n/10.95 )(\OM
S/cmsy/m/n/10.95 k\OML/cmm/m/it/10.95 a\OMS/cmsy/m/n/10.95 k[] \OT1/cmr/m/n/10.
95 + \OMS/cmsy/m/n/10.95 k\OML/cmm/m/it/10.95 b\OMS/cmsy/m/n/10.95 k[]\OT1/cmr/
m/n/10.95 )\OMS/cmsy/m/n/10.95 k\OML/cmm/m/it/10.95 '\OMS/cmsy/m/n/10.95 k[] \O
ML/cmm/m/it/10.95 ;
 []


Overfull \hbox (16.36932pt too wide) in paragraph at lines 2993--3008
\OT1/cmr/m/n/10.95 thus (by []), $([][][][] + 1)\OML/cmm/m/it/10.95 a \OMS/cmsy
/m/n/10.95 2 \OML/cmm/m/it/10.95 L[]\OT1/cmr/m/n/10.95 (\OML/cmm/m/it/10.95 T[]
B[] \OMS/cmsy/m/n/10.95 
 []\OT1/cmr/m/n/10.95 (\OML/cmm/m/it/10.95 P\OT1/cmr/m/n/10.95 ))$ with $\OMS/c
msy/m/n/10.95 k\OT1/cmr/m/n/10.95 ([][][][] + 1)\OML/cmm/m/it/10.95 a\OMS/cmsy/
m/n/10.95 k[] ^^T
 []


Overfull \hbox (28.3797pt too wide) detected at line 3046
[]
 []

[36]
Overfull \hbox (9.28658pt too wide) detected at line 3088
[]
 []

[37] [38]
Overfull \hbox (29.72513pt too wide) detected at line 3232
[]
 []

[39] [40] [41] [42] [43] (source_extraction/results/1005.5379.aux) ) 
Here is how much of TeX's memory you used:
 1562 strings out of 494260
 16991 string characters out of 6168642
 78998 words of memory out of 5000000
 4910 multiletter control sequences out of 15000+600000
 26029 words of font info for 101 fonts, out of 8000000 for 9000
 497 hyphenation exceptions out of 8191
 29i,13n,26p,311b,319s stack positions out of 5000i,500n,10000p,200000b,80000s
</usr/share
/texlive/texmf-dist/fonts/type1/public/amsfonts/cm/cmbx10.pfb></usr/share/texli
ve/texmf-dist/fonts/type1/public/amsfonts/cm/cmbx12.pfb></usr/share/texlive/tex
mf-dist/fonts/type1/public/amsfonts/cm/cmex10.pfb></usr/share/texlive/texmf-dis
t/fonts/type1/public/amsfonts/cm/cmmi10.pfb></usr/share/texlive/texmf-dist/font
s/type1/public/amsfonts/cm/cmmi12.pfb></usr/share/texlive/texmf-dist/fonts/type
1/public/amsfonts/cm/cmmi6.pfb></usr/share/texlive/texmf-dist/fonts/type1/publi
c/amsfonts/cm/cmmi8.pfb></usr/share/texlive/texmf-dist/fonts/type1/public/amsfo
nts/cm/cmmi9.pfb></usr/share/texlive/texmf-dist/fonts/type1/public/amsfonts/cm/
cmr10.pfb></usr/share/texlive/texmf-dist/fonts/type1/public/amsfonts/cm/cmr12.p
fb></usr/share/texlive/texmf-dist/fonts/type1/public/amsfonts/cm/cmr17.pfb></us
r/share/texlive/texmf-dist/fonts/type1/public/amsfonts/cm/cmr6.pfb></usr/share/
texlive/texmf-dist/fonts/type1/public/amsfonts/cm/cmr7.pfb></usr/share/texlive/
texmf-dist/fonts/type1/public/amsfonts/cm/cmr8.pfb></usr/share/texlive/texmf-di
st/fonts/type1/public/amsfonts/cm/cmr9.pfb></usr/share/texlive/texmf-dist/fonts
/type1/public/amsfonts/cm/cmss10.pfb></usr/share/texlive/texmf-dist/fonts/type1
/public/amsfonts/cm/cmss12.pfb></usr/share/texlive/texmf-dist/fonts/type1/publi
c/amsfonts/cm/cmss8.pfb></usr/share/texlive/texmf-dist/fonts/type1/public/amsfo
nts/cm/cmsy10.pfb></usr/share/texlive/texmf-dist/fonts/type1/public/amsfonts/cm
/cmsy6.pfb></usr/share/texlive/texmf-dist/fonts/type1/public/amsfonts/cm/cmsy8.
pfb></usr/share/texlive/texmf-dist/fonts/type1/public/amsfonts/cm/cmsy9.pfb></u
sr/share/texlive/texmf-dist/fonts/type1/public/amsfonts/cm/cmti10.pfb></usr/sha
re/texlive/texmf-dist/fonts/type1/public/amsfonts/euler/eufm10.pfb></usr/share/
texlive/texmf-dist/fonts/type1/public/amsfonts/euler/eusm10.pfb></usr/share/tex
live/texmf-dist/fonts/type1/public/amsfonts/symbols/msam10.pfb></usr/share/texl
ive/texmf-dist/fonts/type1/public/amsfonts/symbols/msbm10.pfb>
Output written on source_extraction/results/1005.5379.pdf (43 pages, 470082 byt
es).
PDF statistics:
 253 PDF objects out of 1000 (max. 8388607)
 179 compressed objects within 2 object streams
 0 named destinations out of 1000 (max. 500000)
 1 words of extra memory for PDF output out of 10000 (max. 10000000)

