This is pdfTeX, Version 3.14159265-2.6-1.40.18 (TeX Live 2017/Debian) (preloaded format=pdflatex 2018.11.16)  29 NOV 2018 14:49
entering extended mode
 restricted \write18 enabled.
 %&-line parsing enabled.
**source_extraction/results/1008.0631.tex
(./source_extraction/results/1008.0631.tex
LaTeX2e <2017-04-15>
Babel <3.18> and hyphenation patterns for 20 language(s) loaded.
(/usr/share/texlive/texmf-dist/tex/latex/base/article.cls
Document Class: article 2014/09/29 v1.4h Standard LaTeX document class
(/usr/share/texlive/texmf-dist/tex/latex/base/size10.clo
File: size10.clo 2014/09/29 v1.4h Standard LaTeX file (size option)
)
\c@part=\count79
\c@section=\count80
\c@subsection=\count81
\c@subsubsection=\count82
\c@paragraph=\count83
\c@subparagraph=\count84
\c@figure=\count85
\c@table=\count86
\abovecaptionskip=\skip41
\belowcaptionskip=\skip42
\bibindent=\dimen102
)
(/usr/share/texlive/texmf-dist/tex/latex/base/inputenc.sty
Package: inputenc 2015/03/17 v1.2c Input encoding file
\inpenc@prehook=\toks14
\inpenc@posthook=\toks15

(/usr/share/texlive/texmf-dist/tex/latex/base/latin1.def
File: latin1.def 2015/03/17 v1.2c Input encoding file
))
(/usr/share/texlive/texmf-dist/tex/latex/amsmath/amscd.sty
Package: amscd 2017/04/14 v2.1 AMS Commutative Diagrams

(/usr/share/texlive/texmf-dist/tex/latex/amsmath/amsgen.sty
File: amsgen.sty 1999/11/30 v2.0 generic functions
\@emptytoks=\toks16
\ex@=\dimen103
)
\athelp@=\toks17
\minaw@=\dimen104
\bigaw@=\dimen105
\minCDarrowwidth=\dimen106
)
(/usr/share/texlive/texmf-dist/tex/generic/babel/babel.sty
Package: babel 2018/02/14 3.18 The Babel package

(/usr/share/texlive/texmf-dist/tex/generic/babel/switch.def
File: switch.def 2018/02/14 3.18 Babel switching mechanism
)
(/usr/share/texlive/texmf-dist/tex/generic/babel-english/english.ldf
Language: english 2017/06/06 v3.3r English support from the babel system

(/usr/share/texlive/texmf-dist/tex/generic/babel/babel.def
File: babel.def 2018/02/14 3.18 Babel common definitions
\babel@savecnt=\count87
\U@D=\dimen107

(/usr/share/texlive/texmf-dist/tex/generic/babel/txtbabel.def)
\bbl@dirlevel=\count88
)
\l@canadian = a dialect from \language\l@american 
\l@australian = a dialect from \language\l@british 
\l@newzealand = a dialect from \language\l@british 
))
(/usr/share/texlive/texmf-dist/tex/latex/amsmath/amsmath.sty
Package: amsmath 2017/09/02 v2.17a AMS math features
\@mathmargin=\skip43

For additional information on amsmath, use the `?' option.
(/usr/share/texlive/texmf-dist/tex/latex/amsmath/amstext.sty
Package: amstext 2000/06/29 v2.01 AMS text
)
(/usr/share/texlive/texmf-dist/tex/latex/amsmath/amsbsy.sty
Package: amsbsy 1999/11/29 v1.2d Bold Symbols
\pmbraise@=\dimen108
)
(/usr/share/texlive/texmf-dist/tex/latex/amsmath/amsopn.sty
Package: amsopn 2016/03/08 v2.02 operator names
)
\inf@bad=\count89
LaTeX Info: Redefining \frac on input line 213.
\uproot@=\count90
\leftroot@=\count91
LaTeX Info: Redefining \overline on input line 375.
\classnum@=\count92
\DOTSCASE@=\count93
LaTeX Info: Redefining \ldots on input line 472.
LaTeX Info: Redefining \dots on input line 475.
LaTeX Info: Redefining \cdots on input line 596.
\Mathstrutbox@=\box26
\strutbox@=\box27
\big@size=\dimen109
LaTeX Font Info:    Redeclaring font encoding OML on input line 712.
LaTeX Font Info:    Redeclaring font encoding OMS on input line 713.
\macc@depth=\count94
\c@MaxMatrixCols=\count95
\dotsspace@=\muskip10
\c@parentequation=\count96
\dspbrk@lvl=\count97
\tag@help=\toks18
\row@=\count98
\column@=\count99
\maxfields@=\count100
\andhelp@=\toks19
\eqnshift@=\dimen110
\alignsep@=\dimen111
\tagshift@=\dimen112
\tagwidth@=\dimen113
\totwidth@=\dimen114
\lineht@=\dimen115
\@envbody=\toks20
\multlinegap=\skip44
\multlinetaggap=\skip45
\mathdisplay@stack=\toks21
LaTeX Info: Redefining \[ on input line 2817.
LaTeX Info: Redefining \] on input line 2818.
)
(/usr/share/texlive/texmf-dist/tex/latex/amsfonts/amssymb.sty
Package: amssymb 2013/01/14 v3.01 AMS font symbols

(/usr/share/texlive/texmf-dist/tex/latex/amsfonts/amsfonts.sty
Package: amsfonts 2013/01/14 v3.01 Basic AMSFonts support
\symAMSa=\mathgroup4
\symAMSb=\mathgroup5
LaTeX Font Info:    Overwriting math alphabet `\mathfrak' in version `bold'
(Font)                  U/euf/m/n --> U/euf/b/n on input line 106.
))
(/usr/share/texlive/texmf-dist/tex/latex/base/syntonly.sty
Package: syntonly 1999/09/17 v2.1e Standard LaTeX2e package
)
(/usr/share/texlive/texmf-dist/tex/latex/graphics/color.sty
Package: color 2016/07/10 v1.1e Standard LaTeX Color (DPC)

(/usr/share/texlive/texmf-dist/tex/latex/graphics-cfg/color.cfg
File: color.cfg 2016/01/02 v1.6 sample color configuration
)
Package color Info: Driver file: pdftex.def on input line 147.

(/usr/share/texlive/texmf-dist/tex/latex/graphics-def/pdftex.def
File: pdftex.def 2018/01/08 v1.0l Graphics/color driver for pdftex
))
(/usr/share/texlive/texmf-dist/tex/latex/changebar/changebar.sty
Package: changebar 2018/02/04 v3.6b Indicate changes with marginal bars
\cb@nextpoint=\count101
\cb@topleft=\count102
\cb@topright=\count103
\cb@botleft=\count104
\cb@botright=\count105
\cb@cnta=\count106
\cb@cntb=\count107
\cb@dima=\dimen116
\cb@curbarwd=\dimen117
\cb@page=\count108
\cb@pagecount=\count109
\cb@odd@left=\dimen118
\cb@odd@right=\dimen119
\cb@even@left=\dimen120
\cb@even@right=\dimen121
\cb@writexy=\write3
\cb@readxy=\read1
\openout3 = `1008.0631.cb2'.

\changebarwidth=\skip46
\deletebarwidth=\skip47
\changebarsep=\skip48
\c@changebargrey=\count110
\cb@write=\write4
\cb@read=\read2
\openout4 = `1008.0631.cb'.

)
(/usr/share/texlive/texmf-dist/tex/latex/base/ifthen.sty
Package: ifthen 2014/09/29 v1.1c Standard LaTeX ifthen package (DPC)
) (./extract.sty
(/usr/share/texlive/texmf-dist/tex/latex/environ/environ.sty
Package: environ 2014/05/04 v0.3 A new way to define environments

(/usr/share/texlive/texmf-dist/tex/latex/trimspaces/trimspaces.sty
Package: trimspaces 2009/09/17 v1.1 Trim spaces around a token list
))
(/usr/share/texlive/texmf-dist/tex/latex/etextools/etextools.sty
Package: etextools 2010/12/07 v3.1415926 e-TeX more useful tools for LaTeX pack
age writers

(/usr/share/texlive/texmf-dist/tex/latex/etex-pkg/etex.sty
Package: etex 2016/08/01 v2.7 eTeX basic definition package (PEB,DPC)
\et@xins=\count111
)
(/usr/share/texlive/texmf-dist/tex/latex/etoolbox/etoolbox.sty
Package: etoolbox 2018/02/11 v2.5e e-TeX tools for LaTeX (JAW)
\etb@tempcnta=\count112
)
(/usr/share/texlive/texmf-dist/tex/latex/oberdiek/letltxmacro.sty
Package: letltxmacro 2016/05/16 v1.5 Let assignment for LaTeX macros (HO)
)
\ettl@fter=\count113
\ettl@for@nested=\count277
)
(/usr/share/texmf/tex/latex/preview/preview.sty
Package: preview 2017/04/24 11.91 (AUCTeX/preview-latex)

(/usr/share/texmf/tex/latex/preview/prtightpage.def
\PreviewBorder=\dimen122
)
\pr@snippet=\count114
\pr@box=\box28
\pr@output=\toks22
)
\c@propcounter=\count115
\mybox=\box29
)
\c@df=\count116
\c@teo=\count117
\c@ex=\count118
\c@pf=\count119
\c@for=\count120

(source_extraction/results/1008.0631.aux)
\openout1 = `1008.0631.aux'.

LaTeX Font Info:    Checking defaults for OML/cmm/m/it on input line 233.
LaTeX Font Info:    ... okay on input line 233.
LaTeX Font Info:    Checking defaults for T1/cmr/m/n on input line 233.
LaTeX Font Info:    ... okay on input line 233.
LaTeX Font Info:    Checking defaults for OT1/cmr/m/n on input line 233.
LaTeX Font Info:    ... okay on input line 233.
LaTeX Font Info:    Checking defaults for OMS/cmsy/m/n on input line 233.
LaTeX Font Info:    ... okay on input line 233.
LaTeX Font Info:    Checking defaults for OMX/cmex/m/n on input line 233.
LaTeX Font Info:    ... okay on input line 233.
LaTeX Font Info:    Checking defaults for U/cmr/m/n on input line 233.
LaTeX Font Info:    ... okay on input line 233.

(/usr/share/texlive/texmf-dist/tex/context/base/mkii/supp-pdf.mkii
[Loading MPS to PDF converter (version 2006.09.02).]
\scratchcounter=\count121
\scratchdimen=\dimen123
\scratchbox=\box30
\nofMPsegments=\count122
\nofMParguments=\count123
\everyMPshowfont=\toks23
\MPscratchCnt=\count124
\MPscratchDim=\dimen124
\MPnumerator=\count125
\makeMPintoPDFobject=\count126
\everyMPtoPDFconversion=\toks24
)
Preview: Fontsize 10pt
Preview: PDFoutput 1
LaTeX Font Info:    Try loading font information for U+msa on input line 235.
(/usr/share/texlive/texmf-dist/tex/latex/amsfonts/umsa.fd
File: umsa.fd 2013/01/14 v3.01 AMS symbols A
)
LaTeX Font Info:    Try loading font information for U+msb on input line 235.

(/usr/share/texlive/texmf-dist/tex/latex/amsfonts/umsb.fd
File: umsb.fd 2013/01/14 v3.01 AMS symbols B
)
LaTeX Font Info:    Try loading font information for OMS+cmr on input line 235.


(/usr/share/texlive/texmf-dist/tex/latex/base/omscmr.fd
File: omscmr.fd 2014/09/29 v2.5h Standard LaTeX font definitions
)
LaTeX Font Info:    Font shape `OMS/cmr/m/n' in size <8> not available
(Font)              Font shape `OMS/cmsy/m/n' tried instead on input line 235.
LaTeX Font Info:    Font shape `OMS/cmr/m/n' in size <6> not available
(Font)              Font shape `OMS/cmsy/m/n' tried instead on input line 235.


LaTeX Warning: Reference `seziofiltra' on page 2 undefined on input line 294.


LaTeX Warning: Reference `sezione2' on page 2 undefined on input line 296.


LaTeX Warning: Reference `sezione3' on page 2 undefined on input line 296.

Preview: Tightpage -32891 -32891 32891 32891
[1{/var/lib/texmf/fonts/map/pdftex/updmap/pdftex.map}]
Overfull \hbox (15.0pt too wide) in paragraph at lines 299--299
[][] 
 []

[2]
Overfull \hbox (15.0pt too wide) in paragraph at lines 352--352
[][] 
 []


Overfull \hbox (6.80133pt too wide) detected at line 384
[]
 []


LaTeX Warning: Reference `wgamma' on page 5 undefined on input line 484.


LaTeX Warning: Reference `seziofiltra' on page 5 undefined on input line 486.


LaTeX Warning: Reference `wgamma' on page 5 undefined on input line 494.


LaTeX Warning: Reference `wgamma' on page 5 undefined on input line 511.


LaTeX Warning: Reference `eqn:suc.es.' on page 6 undefined on input line 522.

[3]
Overfull \hbox (15.0pt too wide) in paragraph at lines 566--566
[][] 
 []

[4]
Overfull \hbox (15.0pt too wide) in paragraph at lines 580--580
[][] 
 []

[5]
Overfull \hbox (15.0pt too wide) in paragraph at lines 616--616
[][] 
 []


LaTeX Warning: Reference `succomologia' on page 7 undefined on input line 627.


LaTeX Warning: Reference `eqn4' on page 7 undefined on input line 656.

[6]
Overfull \hbox (15.0pt too wide) in paragraph at lines 656--656
[][] 
 []


LaTeX Warning: Reference `seztor' on page 8 undefined on input line 698.


LaTeX Warning: Reference `seztor' on page 8 undefined on input line 701.


LaTeX Warning: Reference `eqn:suc.es.tor' on page 9 undefined on input line 756
.


Overfull \hbox (64.89528pt too wide) in paragraph at lines 779--783
\OT1/cmr/m/n/10 and only if the maps $[]$ are one-free maps, i.e. if a gen-er-a
-tor $[\OML/cmm/m/it/10 u\OT1/cmr/m/n/10 ] \OMS/cmsy/m/n/10 2 [][] \OML/cmm/m/i
t/10 H[]\OT1/cmr/m/n/10 (\OML/cmm/m/it/10 C\OT1/cmr/m/n/10 (\OML/cmm/m/it/10 W[
]\OT1/cmr/m/n/10 )\OML/cmm/m/it/10 ; \U/msb/m/n/10 Z\OT1/cmr/m/n/10 )$
 []


Overfull \hbox (3.13766pt too wide) detected at line 839
[]
 []


LaTeX Warning: Reference `eqn:suc.es.' on page 10 undefined on input line 846.


LaTeX Warning: Reference `eqn:suc.es.tor' on page 10 undefined on input line 84
6.


Overfull \hbox (41.8688pt too wide) detected at line 858
\OML/cmm/m/it/10 H[]\OT1/cmr/m/n/10 (\OML/cmm/m/it/10 F[]\OT1/cmr/m/n/10 ([])\O
ML/cmm/m/it/10 ; \U/msb/m/n/10 Z\OT1/cmr/m/n/10 ) = \OML/cmm/m/it/10 F[]\OT1/cm
r/m/n/10 ([]) \OMS/cmsy/m/n/10 ' [] \OML/cmm/m/it/10 F[]\OT1/cmr/m/n/10 (\OML/c
mm/m/it/10 W[]\OT1/cmr/m/n/10 )[\OML/cmm/m/it/10 l[]\OT1/cmr/m/n/10 ] = [] \OML
/cmm/m/it/10 H[]\OT1/cmr/m/n/10 (\OML/cmm/m/it/10 F[]\OT1/cmr/m/n/10 (\OML/cmm/
m/it/10 W[]\OT1/cmr/m/n/10 )\OML/cmm/m/it/10 ; \U/msb/m/n/10 Z\OT1/cmr/m/n/10 )

 []


LaTeX Warning: Reference `sequno' on page 11 undefined on input line 884.


Overfull \hbox (19.07335pt too wide) detected at line 921
[]
 []


LaTeX Warning: Reference `deltastar' on page 12 undefined on input line 924.


Overfull \hbox (48.81664pt too wide) detected at line 953
[]
 []


LaTeX Warning: Reference `eqn4' on page 12 undefined on input line 957.


LaTeX Warning: Reference `doppieq' on page 13 undefined on input line 968.


Overfull \hbox (115.91707pt too wide) detected at line 977
[]
 []


LaTeX Warning: Reference `sezione2' on page 13 undefined on input line 981.

[7]
Overfull \hbox (15.0pt too wide) in paragraph at lines 989--989
[][] 
 []

[8]
Overfull \hbox (15.0pt too wide) in paragraph at lines 1000--1000
[][] 
 []


Underfull \hbox (badness 10000) in paragraph at lines 1011--1015
[]\OT1/cmr/m/sc/10 C. De Concini, C. Pro-cesi\OT1/cmr/m/n/10 , \OT1/cmr/m/it/10
 Top-ics in hy-per-plane ar-
 []


Underfull \hbox (badness 8132) in paragraph at lines 1011--1015
\OT1/cmr/m/it/10 range-ments, poly-topes and box-splines\OT1/cmr/m/n/10 , to ap
-pear, avail-able on
 []


Underfull \hbox (badness 3601) in paragraph at lines 1039--1045
\OT1/cmr/m/it/10 ments\OT1/cmr/m/n/10 , LEM, Work-ing Pa-per Se-ries, WP 2010/0
5 (2010), 1--16,
 []

(source_extraction/results/1008.0631.aux)

LaTeX Warning: There were undefined references.

 ) 
Here is how much of TeX's memory you used:
 3672 strings out of 494260
 45335 string characters out of 6168642
 130164 words of memory out of 5000000
 6955 multiletter control sequences out of 15000+600000
 16853 words of font info for 64 fonts, out of 8000000 for 9000
 497 hyphenation exceptions out of 8191
 30i,21n,26p,902b,320s stack positions out of 5000i,500n,10000p,200000b,80000s
</usr/share/texlive/texmf-dist/fonts/type1/public/amsfonts/cm/cmbx10.pfb></us
r/share/texlive/texmf-dist/fonts/type1/public/amsfonts/cm/cmex10.pfb></usr/shar
e/texlive/texmf-dist/fonts/type1/public/amsfonts/cm/cmmi10.pfb></usr/share/texl
ive/texmf-dist/fonts/type1/public/amsfonts/cm/cmmi5.pfb></usr/share/texlive/tex
mf-dist/fonts/type1/public/amsfonts/cm/cmmi7.pfb></usr/share/texlive/texmf-dist
/fonts/type1/public/amsfonts/cm/cmr10.pfb></usr/share/texlive/texmf-dist/fonts/
type1/public/amsfonts/cm/cmsy10.pfb></usr/share/texlive/texmf-dist/fonts/type1/
public/amsfonts/cm/cmsy7.pfb></usr/share/texlive/texmf-dist/fonts/type1/public/
amsfonts/cm/cmti10.pfb>
Output written on source_extraction/results/1008.0631.pdf (8 pages, 91932 bytes
).
PDF statistics:
 67 PDF objects out of 1000 (max. 8388607)
 47 compressed objects within 1 object stream
 0 named destinations out of 1000 (max. 500000)
 1 words of extra memory for PDF output out of 10000 (max. 10000000)

