This is pdfTeX, Version 3.14159265-2.6-1.40.18 (TeX Live 2017/Debian) (preloaded format=pdflatex 2018.11.16)  29 NOV 2018 14:49
entering extended mode
 restricted \write18 enabled.
 %&-line parsing enabled.
**source_extraction/results/1009.4852.tex
(./source_extraction/results/1009.4852.tex
LaTeX2e <2017-04-15>
Babel <3.18> and hyphenation patterns for 20 language(s) loaded.
(/usr/share/texlive/texmf-dist/tex/latex/base/article.cls
Document Class: article 2014/09/29 v1.4h Standard LaTeX document class
(/usr/share/texlive/texmf-dist/tex/latex/base/size10.clo
File: size10.clo 2014/09/29 v1.4h Standard LaTeX file (size option)
)
\c@part=\count79
\c@section=\count80
\c@subsection=\count81
\c@subsubsection=\count82
\c@paragraph=\count83
\c@subparagraph=\count84
\c@figure=\count85
\c@table=\count86
\abovecaptionskip=\skip41
\belowcaptionskip=\skip42
\bibindent=\dimen102
)
(/usr/share/texlive/texmf-dist/tex/latex/amsfonts/amssymb.sty
Package: amssymb 2013/01/14 v3.01 AMS font symbols

(/usr/share/texlive/texmf-dist/tex/latex/amsfonts/amsfonts.sty
Package: amsfonts 2013/01/14 v3.01 Basic AMSFonts support
\@emptytoks=\toks14
\symAMSa=\mathgroup4
\symAMSb=\mathgroup5
LaTeX Font Info:    Overwriting math alphabet `\mathfrak' in version `bold'
(Font)                  U/euf/m/n --> U/euf/b/n on input line 106.
))
(/usr/share/texlive/texmf-dist/tex/latex/amsmath/amsmath.sty
Package: amsmath 2017/09/02 v2.17a AMS math features
\@mathmargin=\skip43

For additional information on amsmath, use the `?' option.
(/usr/share/texlive/texmf-dist/tex/latex/amsmath/amstext.sty
Package: amstext 2000/06/29 v2.01 AMS text

(/usr/share/texlive/texmf-dist/tex/latex/amsmath/amsgen.sty
File: amsgen.sty 1999/11/30 v2.0 generic functions
\@emptytoks=\toks15
\ex@=\dimen103
))
(/usr/share/texlive/texmf-dist/tex/latex/amsmath/amsbsy.sty
Package: amsbsy 1999/11/29 v1.2d Bold Symbols
\pmbraise@=\dimen104
)
(/usr/share/texlive/texmf-dist/tex/latex/amsmath/amsopn.sty
Package: amsopn 2016/03/08 v2.02 operator names
)
\inf@bad=\count87
LaTeX Info: Redefining \frac on input line 213.
\uproot@=\count88
\leftroot@=\count89
LaTeX Info: Redefining \overline on input line 375.
\classnum@=\count90
\DOTSCASE@=\count91
LaTeX Info: Redefining \ldots on input line 472.
LaTeX Info: Redefining \dots on input line 475.
LaTeX Info: Redefining \cdots on input line 596.
\Mathstrutbox@=\box26
\strutbox@=\box27
\big@size=\dimen105
LaTeX Font Info:    Redeclaring font encoding OML on input line 712.
LaTeX Font Info:    Redeclaring font encoding OMS on input line 713.
\macc@depth=\count92
\c@MaxMatrixCols=\count93
\dotsspace@=\muskip10
\c@parentequation=\count94
\dspbrk@lvl=\count95
\tag@help=\toks16
\row@=\count96
\column@=\count97
\maxfields@=\count98
\andhelp@=\toks17
\eqnshift@=\dimen106
\alignsep@=\dimen107
\tagshift@=\dimen108
\tagwidth@=\dimen109
\totwidth@=\dimen110
\lineht@=\dimen111
\@envbody=\toks18
\multlinegap=\skip44
\multlinetaggap=\skip45
\mathdisplay@stack=\toks19
LaTeX Info: Redefining \[ on input line 2817.
LaTeX Info: Redefining \] on input line 2818.
)
(/usr/share/texlive/texmf-dist/tex/latex/base/textcomp.sty
Package: textcomp 2017/04/05 v2.0i Standard LaTeX package
Package textcomp Info: Sub-encoding information:
(textcomp)               5 = only ISO-Adobe without \textcurrency
(textcomp)               4 = 5 + \texteuro
(textcomp)               3 = 4 + \textohm
(textcomp)               2 = 3 + \textestimated + \textcurrency
(textcomp)               1 = TS1 - \textcircled - \t
(textcomp)               0 = TS1 (full)
(textcomp)             Font families with sub-encoding setting implement
(textcomp)             only a restricted character set as indicated.
(textcomp)             Family '?' is the default used for unknown fonts.
(textcomp)             See the documentation for details.
Package textcomp Info: Setting ? sub-encoding to TS1/1 on input line 79.

(/usr/share/texlive/texmf-dist/tex/latex/base/ts1enc.def
File: ts1enc.def 2001/06/05 v3.0e (jk/car/fm) Standard LaTeX file
)
LaTeX Info: Redefining \oldstylenums on input line 334.
Package textcomp Info: Setting cmr sub-encoding to TS1/0 on input line 349.
Package textcomp Info: Setting cmss sub-encoding to TS1/0 on input line 350.
Package textcomp Info: Setting cmtt sub-encoding to TS1/0 on input line 351.
Package textcomp Info: Setting cmvtt sub-encoding to TS1/0 on input line 352.
Package textcomp Info: Setting cmbr sub-encoding to TS1/0 on input line 353.
Package textcomp Info: Setting cmtl sub-encoding to TS1/0 on input line 354.
Package textcomp Info: Setting ccr sub-encoding to TS1/0 on input line 355.
Package textcomp Info: Setting ptm sub-encoding to TS1/4 on input line 356.
Package textcomp Info: Setting pcr sub-encoding to TS1/4 on input line 357.
Package textcomp Info: Setting phv sub-encoding to TS1/4 on input line 358.
Package textcomp Info: Setting ppl sub-encoding to TS1/3 on input line 359.
Package textcomp Info: Setting pag sub-encoding to TS1/4 on input line 360.
Package textcomp Info: Setting pbk sub-encoding to TS1/4 on input line 361.
Package textcomp Info: Setting pnc sub-encoding to TS1/4 on input line 362.
Package textcomp Info: Setting pzc sub-encoding to TS1/4 on input line 363.
Package textcomp Info: Setting bch sub-encoding to TS1/4 on input line 364.
Package textcomp Info: Setting put sub-encoding to TS1/5 on input line 365.
Package textcomp Info: Setting uag sub-encoding to TS1/5 on input line 366.
Package textcomp Info: Setting ugq sub-encoding to TS1/5 on input line 367.
Package textcomp Info: Setting ul8 sub-encoding to TS1/4 on input line 368.
Package textcomp Info: Setting ul9 sub-encoding to TS1/4 on input line 369.
Package textcomp Info: Setting augie sub-encoding to TS1/5 on input line 370.
Package textcomp Info: Setting dayrom sub-encoding to TS1/3 on input line 371.
Package textcomp Info: Setting dayroms sub-encoding to TS1/3 on input line 372.

Package textcomp Info: Setting pxr sub-encoding to TS1/0 on input line 373.
Package textcomp Info: Setting pxss sub-encoding to TS1/0 on input line 374.
Package textcomp Info: Setting pxtt sub-encoding to TS1/0 on input line 375.
Package textcomp Info: Setting txr sub-encoding to TS1/0 on input line 376.
Package textcomp Info: Setting txss sub-encoding to TS1/0 on input line 377.
Package textcomp Info: Setting txtt sub-encoding to TS1/0 on input line 378.
Package textcomp Info: Setting lmr sub-encoding to TS1/0 on input line 379.
Package textcomp Info: Setting lmdh sub-encoding to TS1/0 on input line 380.
Package textcomp Info: Setting lmss sub-encoding to TS1/0 on input line 381.
Package textcomp Info: Setting lmssq sub-encoding to TS1/0 on input line 382.
Package textcomp Info: Setting lmvtt sub-encoding to TS1/0 on input line 383.
Package textcomp Info: Setting lmtt sub-encoding to TS1/0 on input line 384.
Package textcomp Info: Setting qhv sub-encoding to TS1/0 on input line 385.
Package textcomp Info: Setting qag sub-encoding to TS1/0 on input line 386.
Package textcomp Info: Setting qbk sub-encoding to TS1/0 on input line 387.
Package textcomp Info: Setting qcr sub-encoding to TS1/0 on input line 388.
Package textcomp Info: Setting qcs sub-encoding to TS1/0 on input line 389.
Package textcomp Info: Setting qpl sub-encoding to TS1/0 on input line 390.
Package textcomp Info: Setting qtm sub-encoding to TS1/0 on input line 391.
Package textcomp Info: Setting qzc sub-encoding to TS1/0 on input line 392.
Package textcomp Info: Setting qhvc sub-encoding to TS1/0 on input line 393.
Package textcomp Info: Setting futs sub-encoding to TS1/4 on input line 394.
Package textcomp Info: Setting futx sub-encoding to TS1/4 on input line 395.
Package textcomp Info: Setting futj sub-encoding to TS1/4 on input line 396.
Package textcomp Info: Setting hlh sub-encoding to TS1/3 on input line 397.
Package textcomp Info: Setting hls sub-encoding to TS1/3 on input line 398.
Package textcomp Info: Setting hlst sub-encoding to TS1/3 on input line 399.
Package textcomp Info: Setting hlct sub-encoding to TS1/5 on input line 400.
Package textcomp Info: Setting hlx sub-encoding to TS1/5 on input line 401.
Package textcomp Info: Setting hlce sub-encoding to TS1/5 on input line 402.
Package textcomp Info: Setting hlcn sub-encoding to TS1/5 on input line 403.
Package textcomp Info: Setting hlcw sub-encoding to TS1/5 on input line 404.
Package textcomp Info: Setting hlcf sub-encoding to TS1/5 on input line 405.
Package textcomp Info: Setting pplx sub-encoding to TS1/3 on input line 406.
Package textcomp Info: Setting pplj sub-encoding to TS1/3 on input line 407.
Package textcomp Info: Setting ptmx sub-encoding to TS1/4 on input line 408.
Package textcomp Info: Setting ptmj sub-encoding to TS1/4 on input line 409.
) (./extract.sty
(/usr/share/texlive/texmf-dist/tex/latex/environ/environ.sty
Package: environ 2014/05/04 v0.3 A new way to define environments

(/usr/share/texlive/texmf-dist/tex/latex/trimspaces/trimspaces.sty
Package: trimspaces 2009/09/17 v1.1 Trim spaces around a token list
))
(/usr/share/texlive/texmf-dist/tex/latex/etextools/etextools.sty
Package: etextools 2010/12/07 v3.1415926 e-TeX more useful tools for LaTeX pack
age writers

(/usr/share/texlive/texmf-dist/tex/latex/etex-pkg/etex.sty
Package: etex 2016/08/01 v2.7 eTeX basic definition package (PEB,DPC)
\et@xins=\count99
)
(/usr/share/texlive/texmf-dist/tex/latex/etoolbox/etoolbox.sty
Package: etoolbox 2018/02/11 v2.5e e-TeX tools for LaTeX (JAW)
\etb@tempcnta=\count100
)
(/usr/share/texlive/texmf-dist/tex/latex/oberdiek/letltxmacro.sty
Package: letltxmacro 2016/05/16 v1.5 Let assignment for LaTeX macros (HO)
)
\ettl@fter=\count101
\ettl@for@nested=\count277
)
(/usr/share/texmf/tex/latex/preview/preview.sty
Package: preview 2017/04/24 11.91 (AUCTeX/preview-latex)

(/usr/share/texmf/tex/latex/preview/prtightpage.def
\PreviewBorder=\dimen112
)
\pr@snippet=\count102
\pr@box=\box28
\pr@output=\toks20
)
\c@propcounter=\count103
\mybox=\box29
)
\c@defi=\count104
\c@satz=\count105
\c@lemma=\count106
\c@bemerk=\count107
\c@bemerk1=\count108
\c@bei=\count109
\c@korollar=\count110
\c@prop=\count111

(source_extraction/results/1009.4852.aux)
\openout1 = `1009.4852.aux'.

LaTeX Font Info:    Checking defaults for OML/cmm/m/it on input line 33.
LaTeX Font Info:    ... okay on input line 33.
LaTeX Font Info:    Checking defaults for T1/cmr/m/n on input line 33.
LaTeX Font Info:    ... okay on input line 33.
LaTeX Font Info:    Checking defaults for OT1/cmr/m/n on input line 33.
LaTeX Font Info:    ... okay on input line 33.
LaTeX Font Info:    Checking defaults for OMS/cmsy/m/n on input line 33.
LaTeX Font Info:    ... okay on input line 33.
LaTeX Font Info:    Checking defaults for OMX/cmex/m/n on input line 33.
LaTeX Font Info:    ... okay on input line 33.
LaTeX Font Info:    Checking defaults for U/cmr/m/n on input line 33.
LaTeX Font Info:    ... okay on input line 33.
LaTeX Font Info:    Checking defaults for TS1/cmr/m/n on input line 33.
LaTeX Font Info:    Try loading font information for TS1+cmr on input line 33.

(/usr/share/texlive/texmf-dist/tex/latex/base/ts1cmr.fd
File: ts1cmr.fd 2014/09/29 v2.5h Standard LaTeX font definitions
)
LaTeX Font Info:    ... okay on input line 33.

Preview: Fontsize 10pt
Preview: PDFoutput 1
LaTeX Font Info:    Try loading font information for U+msa on input line 39.
(/usr/share/texlive/texmf-dist/tex/latex/amsfonts/umsa.fd
File: umsa.fd 2013/01/14 v3.01 AMS symbols A
)
LaTeX Font Info:    Try loading font information for U+msb on input line 39.

(/usr/share/texlive/texmf-dist/tex/latex/amsfonts/umsb.fd
File: umsb.fd 2013/01/14 v3.01 AMS symbols B
)

LaTeX Warning: Reference `MProb' on page 1 undefined on input line 99.


LaTeX Warning: Reference `MProb' on page 1 undefined on input line 105.


LaTeX Warning: Reference `MProb' on page 1 undefined on input line 113.


LaTeX Warning: Reference `MProb' on page 2 undefined on input line 133.


LaTeX Warning: Reference `MProb' on page 2 undefined on input line 158.


LaTeX Warning: Reference `MProb' on page 2 undefined on input line 190.

Preview: Tightpage -32891 -32891 32891 32891
[1{/var/lib/texmf/fonts/map/pdftex/updmap/pdftex.map}]

LaTeX Warning: Reference `MProb' on page 3 undefined on input line 193.


LaTeX Warning: Reference `MProb' on page 3 undefined on input line 208.


LaTeX Warning: Reference `MProb' on page 3 undefined on input line 219.


LaTeX Warning: Reference `MProb' on page 3 undefined on input line 233.


LaTeX Warning: Reference `MProb' on page 3 undefined on input line 240.


LaTeX Warning: Reference `fundidentity' on page 3 undefined on input line 246.


LaTeX Warning: Reference `MProb' on page 4 undefined on input line 279.


LaTeX Warning: Reference `MProb' on page 4 undefined on input line 304.


LaTeX Warning: Reference `fundidentity' on page 4 undefined on input line 312.

[2]
Overfull \hbox (323.85231pt too wide) in paragraph at lines 338--356
[]\OT1/cmr/m/n/10 The first Moser it-er-a-tion re-sult reads as fol-lows, see a
lso [[], Lemma 2.3]. [] 
 []

[3]
Overfull \hbox (318.68568pt too wide) in paragraph at lines 395--413
\OT1/cmr/m/n/10 The sec-ond Moser it-er-a-tion re-sult is the fol-low-ing, see 
also [[], Lemma 2.5]. [] 
 []

[4]
Overfull \hbox (161.8337pt too wide) in paragraph at lines 482--512
\OT1/cmr/m/n/10 [[], Lemma 2.2.6] and [[], Lemma 2.6] [] 
 []


LaTeX Warning: Reference `hndef' on page 8 undefined on input line 543.


LaTeX Warning: Reference `fundidentity' on page 9 undefined on input line 585.


LaTeX Warning: Reference `fundidentity' on page 9 undefined on input line 586.

[5]
Overfull \hbox (293.29674pt too wide) in paragraph at lines 589--609
[]\OT1/cmr/m/n/10 The sub-se-quent two lem-mas are also ob-tained by sim-ple al
-ge-bra. [] 
 []

[6]
Overfull \hbox (15.0pt too wide) in paragraph at lines 621--621
[][] 
 []

[7]
Overfull \hbox (349.10248pt too wide) in paragraph at lines 654--672
[]\OT1/cmr/m/n/10 The fol-low-ing re-sult can be found in [[], Lemma 3], see al
so [[], Lemma 6.12]. [] 
 []


LaTeX Warning: Reference `MProb' on page 10 undefined on input line 681.


LaTeX Warning: Reference `MProb' on page 10 undefined on input line 682.


LaTeX Warning: Reference `gnprop' on page 10 undefined on input line 684.


LaTeX Warning: Reference `SecYos' on page 10 undefined on input line 686.


LaTeX Warning: Reference `MProb' on page 10 undefined on input line 699.

[8]
Overfull \hbox (152.90976pt too wide) in paragraph at lines 680--699
\OML/cmm/m/it/10 n \OMS/cmsy/m/n/10 2 \U/msb/m/n/10 N$\OT1/cmr/m/n/10 , are de-
fined as in Sec-tion []. [] 
 []


LaTeX Warning: Reference `MProb' on page 10 undefined on input line 706.


LaTeX Warning: Reference `u0weg' on page 11 undefined on input line 731.


LaTeX Warning: Reference `shiftprop' on page 11 undefined on input line 731.


LaTeX Warning: Reference `MProb' on page 11 undefined on input line 742.


LaTeX Warning: Reference `MProb' on page 11 undefined on input line 744.


LaTeX Warning: Reference `MProb' on page 11 undefined on input line 779.

[9]

LaTeX Warning: Reference `SSS' on page 11 undefined on input line 785.


LaTeX Warning: Reference `MProb' on page 11 undefined on input line 795.


LaTeX Warning: Reference `shiftprob' on page 11 undefined on input line 795.


LaTeX Warning: Reference `fundidentity' on page 11 undefined on input line 806.



LaTeX Warning: Reference `sup1' on page 12 undefined on input line 819.


LaTeX Warning: Reference `sup0' on page 12 undefined on input line 819.


LaTeX Warning: Reference `sup2' on page 12 undefined on input line 833.


LaTeX Warning: Reference `sup3' on page 12 undefined on input line 871.


LaTeX Warning: Reference `sup4' on page 12 undefined on input line 871.


LaTeX Warning: Reference `sup5' on page 12 undefined on input line 871.


LaTeX Warning: Reference `sup6' on page 13 undefined on input line 913.


LaTeX Warning: Reference `sup7' on page 13 undefined on input line 913.


LaTeX Warning: Reference `sup8' on page 13 undefined on input line 913.


LaTeX Warning: Reference `sup9' on page 13 undefined on input line 928.


LaTeX Warning: Reference `sup9' on page 13 undefined on input line 945.


LaTeX Warning: Reference `sup10' on page 14 undefined on input line 958.


LaTeX Warning: Reference `sup12' on page 14 undefined on input line 958.


LaTeX Warning: Reference `vpest' on page 14 undefined on input line 967.


LaTeX Warning: Reference `vpest' on page 14 undefined on input line 997.


LaTeX Warning: Reference `Vembedding' on page 14 undefined on input line 1003.


LaTeX Warning: Reference `kappa' on page 14 undefined on input line 1011.


LaTeX Warning: Reference `sup13' on page 14 undefined on input line 1013.


LaTeX Warning: Reference `MProb' on page 15 undefined on input line 1072.

[10]

LaTeX Warning: Reference `sup1' on page 15 undefined on input line 1090.


LaTeX Warning: Reference `L1' on page 16 undefined on input line 1111.


LaTeX Warning: Reference `sup8' on page 16 undefined on input line 1139.


LaTeX Warning: Reference `L3' on page 16 undefined on input line 1157.


LaTeX Warning: Reference `L3' on page 16 undefined on input line 1158.


LaTeX Warning: Reference `sup5' on page 16 undefined on input line 1163.


LaTeX Warning: Reference `sup11' on page 17 undefined on input line 1179.


LaTeX Warning: Reference `L4' on page 17 undefined on input line 1207.


LaTeX Warning: Reference `L3' on page 17 undefined on input line 1222.


LaTeX Warning: Reference `vpest' on page 17 undefined on input line 1231.


LaTeX Warning: Reference `L5' on page 17 undefined on input line 1232.


LaTeX Warning: Reference `L6' on page 17 undefined on input line 1232.


LaTeX Warning: Reference `vpest' on page 18 undefined on input line 1258.


LaTeX Warning: Reference `L7' on page 18 undefined on input line 1265.


LaTeX Warning: Reference `Vembedding' on page 18 undefined on input line 1271.


LaTeX Warning: Reference `L9' on page 18 undefined on input line 1302.


LaTeX Warning: Reference `L10' on page 18 undefined on input line 1311.


LaTeX Warning: Reference `L11' on page 18 undefined on input line 1318.


LaTeX Warning: Reference `MProb' on page 18 undefined on input line 1346.

[11]

LaTeX Warning: Reference `log1' on page 19 undefined on input line 1368.


LaTeX Warning: Reference `log1a' on page 19 undefined on input line 1386.


LaTeX Warning: Reference `log2' on page 20 undefined on input line 1402.


LaTeX Warning: Reference `log3' on page 20 undefined on input line 1402.


LaTeX Warning: Reference `fundidentity' on page 20 undefined on input line 1419
.


LaTeX Warning: Reference `log5' on page 20 undefined on input line 1443.


LaTeX Warning: Reference `log5' on page 20 undefined on input line 1452.


LaTeX Warning: Reference `log4' on page 20 undefined on input line 1453.


LaTeX Warning: Reference `log6' on page 20 undefined on input line 1453.


LaTeX Warning: Reference `log7' on page 22 undefined on input line 1530.


LaTeX Warning: Reference `Hmprop' on page 22 undefined on input line 1531.


LaTeX Warning: Reference `fundidentity' on page 22 undefined on input line 1532
.


LaTeX Warning: Reference `shiftprop' on page 22 undefined on input line 1541.


LaTeX Warning: Reference `West1' on page 22 undefined on input line 1541.


LaTeX Warning: Reference `West2' on page 22 undefined on input line 1573.


LaTeX Warning: Reference `West5' on page 23 undefined on input line 1634.


LaTeX Warning: Reference `cwahl' on page 23 undefined on input line 1660.


LaTeX Warning: Reference `log7' on page 23 undefined on input line 1662.


LaTeX Warning: Reference `log8aa' on page 24 undefined on input line 1707.


LaTeX Warning: Reference `log7' on page 24 undefined on input line 1718.


LaTeX Warning: Reference `log8' on page 24 undefined on input line 1719.


LaTeX Warning: Reference `log8a' on page 24 undefined on input line 1719.


LaTeX Warning: Reference `fundidentity' on page 24 undefined on input line 1729
.


LaTeX Warning: Reference `log9' on page 24 undefined on input line 1739.


LaTeX Warning: Reference `log10' on page 25 undefined on input line 1746.


LaTeX Warning: Reference `log8b' on page 25 undefined on input line 1747.


LaTeX Warning: Reference `shiftprop' on page 25 undefined on input line 1774.


LaTeX Warning: Reference `log7' on page 25 undefined on input line 1775.


LaTeX Warning: Reference `log10a' on page 25 undefined on input line 1792.


LaTeX Warning: Reference `log10a' on page 26 undefined on input line 1830.


LaTeX Warning: Reference `log12' on page 26 undefined on input line 1830.


LaTeX Warning: Reference `log13' on page 26 undefined on input line 1831.


LaTeX Warning: Reference `fundidentity' on page 26 undefined on input line 1842
.


LaTeX Warning: Reference `log14' on page 26 undefined on input line 1854.


LaTeX Warning: Reference `mainleft' on page 26 undefined on input line 1879.


LaTeX Warning: Reference `mainright' on page 26 undefined on input line 1879.


LaTeX Warning: Reference `I2est' on page 26 undefined on input line 1880.


LaTeX Warning: Reference `I4est' on page 26 undefined on input line 1880.


LaTeX Warning: Reference `I1est' on page 26 undefined on input line 1880.


LaTeX Warning: Reference `I3est' on page 26 undefined on input line 1880.


LaTeX Warning: Reference `MProb' on page 26 undefined on input line 1888.


LaTeX Warning: Reference `HH1' on page 27 undefined on input line 1952.


LaTeX Warning: Reference `HH2' on page 27 undefined on input line 1952.


LaTeX Warning: Reference `opt1' on page 28 undefined on input line 1978.


LaTeX Warning: Reference `opt2' on page 28 undefined on input line 1978.


LaTeX Warning: Reference `opt1' on page 28 undefined on input line 1978.


LaTeX Warning: Reference `opt2' on page 28 undefined on input line 1979.


LaTeX Warning: Reference `opt1' on page 28 undefined on input line 1981.


LaTeX Warning: Reference `opt2' on page 28 undefined on input line 1981.


LaTeX Warning: Reference `opt1' on page 28 undefined on input line 2002.


LaTeX Warning: Reference `opt1' on page 28 undefined on input line 2003.


LaTeX Warning: Reference `opt2' on page 28 undefined on input line 2003.


LaTeX Warning: Reference `opt1' on page 28 undefined on input line 2009.


LaTeX Warning: Reference `opt4' on page 28 undefined on input line 2028.


LaTeX Warning: Reference `opt4' on page 29 undefined on input line 2045.


LaTeX Warning: Reference `MProb' on page 29 undefined on input line 2050.


LaTeX Warning: Reference `MProb' on page 29 undefined on input line 2066.

[12]
Overfull \hbox (169.93547pt too wide) in paragraph at lines 2050--2066
\OT1/cmr/m/n/10 quence of the weak Har-nack in-equal-ity. [] 
 []


LaTeX Warning: Reference `MProb' on page 29 undefined on input line 2069.


LaTeX Warning: Reference `MProb' on page 29 undefined on input line 2102.

[13]

LaTeX Warning: Reference `MProb' on page 30 undefined on input line 2105.


LaTeX Warning: Reference `Hc1' on page 30 undefined on input line 2152.


LaTeX Warning: Reference `GlE' on page 31 undefined on input line 2172.


LaTeX Warning: Reference `GlE' on page 31 undefined on input line 2184.

[14]
Overfull \hbox (303.03833pt too wide) in paragraph at lines 2171--2184
\OT1/cmr/m/n/10 if it is a weak so-lu-tion of ([]) in $(0\OML/cmm/m/it/10 ; T\O
T1/cmr/m/n/10 ) \OMS/cmsy/m/n/10 ^^B \OML/cmm/m/it/10 B\OT1/cmr/m/n/10 (0\OML/c
mm/m/it/10 ; r\OT1/cmr/m/n/10 )$ for all $\OML/cmm/m/it/10 T > \OT1/cmr/m/n/10 
0$ and $\OML/cmm/m/it/10 r > \OT1/cmr/m/n/10 0$. [] 
 []


LaTeX Warning: Reference `Hc2' on page 31 undefined on input line 2192.

(source_extraction/results/1009.4852.aux)

LaTeX Warning: There were undefined references.

 ) 
Here is how much of TeX's memory you used:
 2805 strings out of 494260
 34679 string characters out of 6168642
 103694 words of memory out of 5000000
 6134 multiletter control sequences out of 15000+600000
 16218 words of font info for 59 fonts, out of 8000000 for 9000
 497 hyphenation exceptions out of 8191
 30i,12n,28p,904b,272s stack positions out of 5000i,500n,10000p,200000b,80000s
 </home/dasha/.texlive2017/texmf-var/fonts/pk/ljfour/jknappen/ec/tcti1000.600
pk></usr/share/texlive/texmf-dist/fonts/type1/public/amsfonts/cm/cmbx10.pfb></u
sr/share/texlive/texmf-dist/fonts/type1/public/amsfonts/cm/cmex10.pfb></usr/sha
re/texlive/texmf-dist/fonts/type1/public/amsfonts/cm/cmmi10.pfb></usr/share/tex
live/texmf-dist/fonts/type1/public/amsfonts/cm/cmmi5.pfb></usr/share/texlive/te
xmf-dist/fonts/type1/public/amsfonts/cm/cmmi7.pfb></usr/share/texlive/texmf-dis
t/fonts/type1/public/amsfonts/cm/cmr10.pfb></usr/share/texlive/texmf-dist/fonts
/type1/public/amsfonts/cm/cmr5.pfb></usr/share/texlive/texmf-dist/fonts/type1/p
ublic/amsfonts/cm/cmr7.pfb></usr/share/texlive/texmf-dist/fonts/type1/public/am
sfonts/cm/cmsy10.pfb></usr/share/texlive/texmf-dist/fonts/type1/public/amsfonts
/cm/cmsy5.pfb></usr/share/texlive/texmf-dist/fonts/type1/public/amsfonts/cm/cms
y7.pfb></usr/share/texlive/texmf-dist/fonts/type1/public/amsfonts/cm/cmti10.pfb
></usr/share/texlive/texmf-dist/fonts/type1/public/amsfonts/symbols/msbm10.pfb>
</usr/share/texlive/texmf-dist/fonts/type1/public/amsfonts/symbols/msbm7.pfb>
Output written on source_extraction/results/1009.4852.pdf (14 pages, 156811 byt
es).
PDF statistics:
 111 PDF objects out of 1000 (max. 8388607)
 79 compressed objects within 1 object stream
 0 named destinations out of 1000 (max. 500000)
 1 words of extra memory for PDF output out of 10000 (max. 10000000)

