This is pdfTeX, Version 3.14159265-2.6-1.40.18 (TeX Live 2017/Debian) (preloaded format=pdflatex 2018.11.16)  29 NOV 2018 14:49
entering extended mode
 restricted \write18 enabled.
 %&-line parsing enabled.
**source_extraction/results/1010.6211.tex
(./source_extraction/results/1010.6211.tex
LaTeX2e <2017-04-15>
Babel <3.18> and hyphenation patterns for 20 language(s) loaded.
(/usr/share/texlive/texmf-dist/tex/latex/base/article.cls
Document Class: article 2014/09/29 v1.4h Standard LaTeX document class
(/usr/share/texlive/texmf-dist/tex/latex/base/size11.clo
File: size11.clo 2014/09/29 v1.4h Standard LaTeX file (size option)
)
\c@part=\count79
\c@section=\count80
\c@subsection=\count81
\c@subsubsection=\count82
\c@paragraph=\count83
\c@subparagraph=\count84
\c@figure=\count85
\c@table=\count86
\abovecaptionskip=\skip41
\belowcaptionskip=\skip42
\bibindent=\dimen102
)
(/usr/share/texlive/texmf-dist/tex/latex/amsfonts/amsfonts.sty
Package: amsfonts 2013/01/14 v3.01 Basic AMSFonts support
\@emptytoks=\toks14
\symAMSa=\mathgroup4
\symAMSb=\mathgroup5
LaTeX Font Info:    Overwriting math alphabet `\mathfrak' in version `bold'
(Font)                  U/euf/m/n --> U/euf/b/n on input line 106.
)
(/usr/share/texlive/texmf-dist/tex/latex/amsfonts/amssymb.sty
Package: amssymb 2013/01/14 v3.01 AMS font symbols
)
(/usr/share/texlive/texmf-dist/tex/latex/psnfss/times.sty
Package: times 2005/04/12 PSNFSS-v9.2a (SPQR) 
)
(/usr/share/texlive/texmf-dist/tex/latex/graphics/color.sty
Package: color 2016/07/10 v1.1e Standard LaTeX Color (DPC)

(/usr/share/texlive/texmf-dist/tex/latex/graphics-cfg/color.cfg
File: color.cfg 2016/01/02 v1.6 sample color configuration
)
Package color Info: Driver file: pdftex.def on input line 147.

(/usr/share/texlive/texmf-dist/tex/latex/graphics-def/pdftex.def
File: pdftex.def 2018/01/08 v1.0l Graphics/color driver for pdftex
))
(/usr/share/texlive/texmf-dist/tex/latex/graphics/graphicx.sty
Package: graphicx 2017/06/01 v1.1a Enhanced LaTeX Graphics (DPC,SPQR)

(/usr/share/texlive/texmf-dist/tex/latex/graphics/keyval.sty
Package: keyval 2014/10/28 v1.15 key=value parser (DPC)
\KV@toks@=\toks15
)
(/usr/share/texlive/texmf-dist/tex/latex/graphics/graphics.sty
Package: graphics 2017/06/25 v1.2c Standard LaTeX Graphics (DPC,SPQR)

(/usr/share/texlive/texmf-dist/tex/latex/graphics/trig.sty
Package: trig 2016/01/03 v1.10 sin cos tan (DPC)
)
(/usr/share/texlive/texmf-dist/tex/latex/graphics-cfg/graphics.cfg
File: graphics.cfg 2016/06/04 v1.11 sample graphics configuration
)
Package graphics Info: Driver file: pdftex.def on input line 99.
)
\Gin@req@height=\dimen103
\Gin@req@width=\dimen104
)
(./extract.sty (/usr/share/texlive/texmf-dist/tex/latex/environ/environ.sty
Package: environ 2014/05/04 v0.3 A new way to define environments

(/usr/share/texlive/texmf-dist/tex/latex/trimspaces/trimspaces.sty
Package: trimspaces 2009/09/17 v1.1 Trim spaces around a token list
)
\@envbody=\toks16
)
(/usr/share/texlive/texmf-dist/tex/latex/amsmath/amsgen.sty
File: amsgen.sty 1999/11/30 v2.0 generic functions
\@emptytoks=\toks17
\ex@=\dimen105
)
(/usr/share/texlive/texmf-dist/tex/latex/etextools/etextools.sty
Package: etextools 2010/12/07 v3.1415926 e-TeX more useful tools for LaTeX pack
age writers

(/usr/share/texlive/texmf-dist/tex/latex/etex-pkg/etex.sty
Package: etex 2016/08/01 v2.7 eTeX basic definition package (PEB,DPC)
\et@xins=\count87
)
(/usr/share/texlive/texmf-dist/tex/latex/etoolbox/etoolbox.sty
Package: etoolbox 2018/02/11 v2.5e e-TeX tools for LaTeX (JAW)
\etb@tempcnta=\count88
)
(/usr/share/texlive/texmf-dist/tex/latex/oberdiek/letltxmacro.sty
Package: letltxmacro 2016/05/16 v1.5 Let assignment for LaTeX macros (HO)
)
\ettl@fter=\count89
\ettl@for@nested=\count277
)
(/usr/share/texmf/tex/latex/preview/preview.sty
Package: preview 2017/04/24 11.91 (AUCTeX/preview-latex)

(/usr/share/texmf/tex/latex/preview/prtightpage.def
\PreviewBorder=\dimen106
)
\pr@snippet=\count90
\pr@box=\box26
\pr@output=\toks18
)
\c@propcounter=\count91
\mybox=\box27
)
\c@lemma=\count92
\c@corollary=\count93
\c@theorem=\count94
\c@example=\count95
\c@question=\count96
\c@remark=\count97
\c@conjecture=\count98
\c@proposition=\count99
\c@definition=\count100

(source_extraction/results/1010.6211.aux)
\openout1 = `1010.6211.aux'.

LaTeX Font Info:    Checking defaults for OML/cmm/m/it on input line 195.
LaTeX Font Info:    ... okay on input line 195.
LaTeX Font Info:    Checking defaults for T1/cmr/m/n on input line 195.
LaTeX Font Info:    ... okay on input line 195.
LaTeX Font Info:    Checking defaults for OT1/cmr/m/n on input line 195.
LaTeX Font Info:    ... okay on input line 195.
LaTeX Font Info:    Checking defaults for OMS/cmsy/m/n on input line 195.
LaTeX Font Info:    ... okay on input line 195.
LaTeX Font Info:    Checking defaults for OMX/cmex/m/n on input line 195.
LaTeX Font Info:    ... okay on input line 195.
LaTeX Font Info:    Checking defaults for U/cmr/m/n on input line 195.
LaTeX Font Info:    ... okay on input line 195.
LaTeX Font Info:    Try loading font information for OT1+ptm on input line 195.


(/usr/share/texlive/texmf-dist/tex/latex/psnfss/ot1ptm.fd
File: ot1ptm.fd 2001/06/04 font definitions for OT1/ptm.
)
(/usr/share/texlive/texmf-dist/tex/context/base/mkii/supp-pdf.mkii
[Loading MPS to PDF converter (version 2006.09.02).]
\scratchcounter=\count101
\scratchdimen=\dimen107
\scratchbox=\box28
\nofMPsegments=\count102
\nofMParguments=\count103
\everyMPshowfont=\toks19
\MPscratchCnt=\count104
\MPscratchDim=\dimen108
\MPnumerator=\count105
\makeMPintoPDFobject=\count106
\everyMPtoPDFconversion=\toks20
) (/usr/share/texlive/texmf-dist/tex/latex/oberdiek/epstopdf-base.sty
Package: epstopdf-base 2016/05/15 v2.6 Base part for package epstopdf

(/usr/share/texlive/texmf-dist/tex/generic/oberdiek/infwarerr.sty
Package: infwarerr 2016/05/16 v1.4 Providing info/warning/error messages (HO)
)
(/usr/share/texlive/texmf-dist/tex/latex/oberdiek/grfext.sty
Package: grfext 2016/05/16 v1.2 Manage graphics extensions (HO)

(/usr/share/texlive/texmf-dist/tex/generic/oberdiek/kvdefinekeys.sty
Package: kvdefinekeys 2016/05/16 v1.4 Define keys (HO)

(/usr/share/texlive/texmf-dist/tex/generic/oberdiek/ltxcmds.sty
Package: ltxcmds 2016/05/16 v1.23 LaTeX kernel commands for general use (HO)
)))
(/usr/share/texlive/texmf-dist/tex/latex/oberdiek/kvoptions.sty
Package: kvoptions 2016/05/16 v3.12 Key value format for package options (HO)

(/usr/share/texlive/texmf-dist/tex/generic/oberdiek/kvsetkeys.sty
Package: kvsetkeys 2016/05/16 v1.17 Key value parser (HO)

(/usr/share/texlive/texmf-dist/tex/generic/oberdiek/etexcmds.sty
Package: etexcmds 2016/05/16 v1.6 Avoid name clashes with e-TeX commands (HO)

(/usr/share/texlive/texmf-dist/tex/generic/oberdiek/ifluatex.sty
Package: ifluatex 2016/05/16 v1.4 Provides the ifluatex switch (HO)
Package ifluatex Info: LuaTeX not detected.
)
Package etexcmds Info: Could not find \expanded.
(etexcmds)             That can mean that you are not using pdfTeX 1.50 or
(etexcmds)             that some package has redefined \expanded.
(etexcmds)             In the latter case, load this package earlier.
)))
(/usr/share/texlive/texmf-dist/tex/generic/oberdiek/pdftexcmds.sty
Package: pdftexcmds 2018/01/21 v0.26 Utility functions of pdfTeX for LuaTeX (HO
)

(/usr/share/texlive/texmf-dist/tex/generic/oberdiek/ifpdf.sty
Package: ifpdf 2017/03/15 v3.2 Provides the ifpdf switch
)
Package pdftexcmds Info: LuaTeX not detected.
Package pdftexcmds Info: \pdf@primitive is available.
Package pdftexcmds Info: \pdf@ifprimitive is available.
Package pdftexcmds Info: \pdfdraftmode found.
)
Package epstopdf-base Info: Redefining graphics rule for `.eps' on input line 4
38.
Package grfext Info: Graphics extension search list:
(grfext)             [.pdf,.png,.jpg,.mps,.jpeg,.jbig2,.jb2,.PDF,.PNG,.JPG,.JPE
G,.JBIG2,.JB2,.eps]
(grfext)             \AppendGraphicsExtensions on input line 456.

(/usr/share/texlive/texmf-dist/tex/latex/latexconfig/epstopdf-sys.cfg
File: epstopdf-sys.cfg 2010/07/13 v1.3 Configuration of (r)epstopdf for TeX Liv
e
))
Preview: Fontsize 10.95pt
Preview: PDFoutput 1
LaTeX Font Info:    Try loading font information for U+msa on input line 202.
(/usr/share/texlive/texmf-dist/tex/latex/amsfonts/umsa.fd
File: umsa.fd 2013/01/14 v3.01 AMS symbols A
)
LaTeX Font Info:    Try loading font information for U+msb on input line 202.

(/usr/share/texlive/texmf-dist/tex/latex/amsfonts/umsb.fd
File: umsb.fd 2013/01/14 v3.01 AMS symbols B
)
LaTeX Font Info:    Font shape `OT1/ptm/bx/n' in size <10> not available
(Font)              Font shape `OT1/ptm/b/n' tried instead on input line 204.
LaTeX Font Info:    Font shape `OT1/ptm/bx/n' in size <14.4> not available
(Font)              Font shape `OT1/ptm/b/n' tried instead on input line 206.

(source_extraction/results/1010.6211.toc)
\tf@toc=\write3
\openout3 = `1010.6211.toc'.


Preview: Tightpage -32891 -32891 32891 32891
[1{/var/lib/texmf/fonts/map/pdftex/updmap/pdftex.map}]
Overfull \hbox (213.7983pt too wide) in paragraph at lines 281--288
\OT1/ptm/m/n/10 they be-have very sim-i-larly as cubes in abelian groups. [] 
 []

[2]
Overfull \hbox (15.0pt too wide) in paragraph at lines 313--313
[][] 
 []

[3]
Overfull \hbox (15.0pt too wide) in paragraph at lines 325--325
[][] 
 []

[4]
Overfull \hbox (15.0pt too wide) in paragraph at lines 328--328
[][] 
 []

[5]
Overfull \hbox (15.0pt too wide) in paragraph at lines 338--338
[][] 
 []

LaTeX Font Info:    Try loading font information for U+euf on input line 351.
(/usr/share/texlive/texmf-dist/tex/latex/amsfonts/ueuf.fd
File: ueuf.fd 2013/01/14 v3.01 Euler Fraktur
) [6]
Overfull \hbox (15.0pt too wide) in paragraph at lines 351--351
[][] 
 []

[7]
Overfull \hbox (15.0pt too wide) in paragraph at lines 363--363
[][] 
 []

[8]
Overfull \hbox (15.0pt too wide) in paragraph at lines 367--367
[][] 
 []

[9]
Overfull \hbox (15.0pt too wide) in paragraph at lines 370--370
[][] 
 []


LaTeX Warning: Reference `jointdis' on page 8 undefined on input line 400.

[10]
Overfull \hbox (15.0pt too wide) in paragraph at lines 415--415
[][] 
 []

[11]
Overfull \hbox (15.0pt too wide) in paragraph at lines 418--418
[][] 
 []

[12]
Overfull \hbox (15.0pt too wide) in paragraph at lines 423--423
[][] 
 []

[13]
Overfull \hbox (15.0pt too wide) in paragraph at lines 443--443
[][] 
 []

[14]
Overfull \hbox (15.0pt too wide) in paragraph at lines 450--450
[][] 
 []

LaTeX Font Info:    Font shape `OT1/ptm/bx/n' in size <12> not available
(Font)              Font shape `OT1/ptm/b/n' tried instead on input line 452.
[15]
Overfull \hbox (15.0pt too wide) in paragraph at lines 457--457
[][] 
 []

[16]
Overfull \hbox (15.0pt too wide) in paragraph at lines 469--469
[][] 
 []

[17]
Overfull \hbox (15.0pt too wide) in paragraph at lines 480--480
[][] 
 []

[18]
Overfull \hbox (15.0pt too wide) in paragraph at lines 491--491
[][] 
 []


LaTeX Warning: Reference `polfor' on page 11 undefined on input line 502.

[19]
Overfull \hbox (15.0pt too wide) in paragraph at lines 509--509
[][] 
 []

[20]
Overfull \hbox (15.0pt too wide) in paragraph at lines 513--513
[][] 
 []

[21]
Overfull \hbox (227.76813pt too wide) in paragraph at lines 515--518
\OT1/ptm/m/n/10 this and the-o-rem 4  we ob-tain the fol-low-ing con-se-quence.
 [] 
 []

[22]
Overfull \hbox (15.0pt too wide) in paragraph at lines 531--531
[][] 
 []


LaTeX Warning: Reference `cyclic' on page 14 undefined on input line 591.

[23]
Overfull \hbox (15.0pt too wide) in paragraph at lines 596--596
[][] 
 []

[24]
Overfull \hbox (15.0pt too wide) in paragraph at lines 607--607
[][] 
 []


Overfull \hbox (2.32036pt too wide) in paragraph at lines 611--614
[]\OT1/ptm/m/n/10 Using this we also get an ``in-ter-val'' ver-sion of the Gree
n-Tao-Ziegler the-o-rem for the $\OML/cmm/m/it/10 U[]\OT1/cmr/m/n/10 ([0\OML/cm
m/m/it/10 ; \OT1/cmr/m/n/10 1])$
 []


LaTeX Warning: Reference `heis' on page 15 undefined on input line 644.

[25]
Overfull \hbox (15.0pt too wide) in paragraph at lines 675--675
[][] 
 []

[26]
Overfull \hbox (15.0pt too wide) in paragraph at lines 680--680
[][] 
 []

[27]
Overfull \hbox (15.0pt too wide) in paragraph at lines 713--713
[][] 
 []

[28]
Overfull \hbox (15.0pt too wide) in paragraph at lines 716--716
[][] 
 []

[29]
Overfull \hbox (15.0pt too wide) in paragraph at lines 735--735
[][] 
 []


LaTeX Warning: Reference `topdef' on page 19 undefined on input line 750.

[30]
Overfull \hbox (15.0pt too wide) in paragraph at lines 750--750
[][] 
 []

[31]
Overfull \hbox (15.0pt too wide) in paragraph at lines 813--813
[][] 
 []

[32]
Overfull \hbox (15.0pt too wide) in paragraph at lines 821--821
[][] 
 []

[33]
Overfull \hbox (15.0pt too wide) in paragraph at lines 829--829
[][] 
 []


LaTeX Warning: Reference `comp1' on page 21 undefined on input line 846.


LaTeX Warning: Reference `comp2' on page 21 undefined on input line 850.


LaTeX Warning: Reference `GCS' on page 21 undefined on input line 850.

[34]
Overfull \hbox (15.0pt too wide) in paragraph at lines 858--858
[][] 
 []

[35]
Overfull \hbox (15.0pt too wide) in paragraph at lines 865--865
[][] 
 []


LaTeX Warning: Reference `hdecomp1' on page 23 undefined on input line 910.

[36]
Overfull \hbox (15.0pt too wide) in paragraph at lines 924--924
[][] 
 []

[37]
Overfull \hbox (15.0pt too wide) in paragraph at lines 942--942
[][] 
 []

[38]

LaTeX Warning: Reference `fk' on page 24 undefined on input line 955.

[39]
Overfull \hbox (15.0pt too wide) in paragraph at lines 961--961
[][] 
 []

[40]
Overfull \hbox (15.0pt too wide) in paragraph at lines 972--972
[][] 
 []

[41]
Overfull \hbox (249.93977pt too wide) in paragraph at lines 987--990
[]\OT1/ptm/m/n/10 Let $\OML/cmm/m/it/10  [] \OT1/cmr/m/n/10 : \OML/cmm/m/it/10 
C[]\OT1/cmr/m/n/10 (\OT1/cmr/bx/n/10 A\OT1/cmr/m/n/10 ) \OMS/cmsy/m/n/10 ! \OT1
/cmr/bx/n/10 A$ \OT1/ptm/m/n/10 de-note the map with $\OML/cmm/m/it/10  []\OT1/
cmr/m/n/10 (\OML/cmm/m/it/10 f\OT1/cmr/m/n/10 ) = \OML/cmm/m/it/10 f\OT1/cmr/m/
n/10 (\OML/cmm/m/it/10 v\OT1/cmr/m/n/10 )$\OT1/ptm/m/n/10 . [] 
 []


LaTeX Warning: Reference `chmult' on page 27 undefined on input line 1032.


LaTeX Warning: Reference `chmult' on page 27 undefined on input line 1033.

[42]
Overfull \hbox (15.0pt too wide) in paragraph at lines 1055--1055
[][] 
 []

[43]
Overfull \hbox (15.0pt too wide) in paragraph at lines 1060--1060
[][] 
 []

[44] [45]
Overfull \hbox (15.0pt too wide) in paragraph at lines 1080--1080
[][] 
 []


LaTeX Warning: Reference `oneeq' on page 29 undefined on input line 1108.


LaTeX Warning: Citation `NS' on page 31 undefined on input line 1184.


Underfull \hbox (badness 1596) in paragraph at lines 1261--1262
[]\OT1/ptm/m/n/10 G. Elek, B. Szegedy: \OT1/ptm/m/it/10 A measure-theoretic ap-
proach to the the-ory of dense hy-per-
 []


Underfull \hbox (badness 4913) in paragraph at lines 1267--1268
[]\OT1/ptm/m/n/10 W.T. Gow-ers, J. Wolf, \OT1/ptm/m/it/10 Lin-ear forms and qua
dratic uni-for-mity for func-tions on
 []


Underfull \hbox (badness 1565) in paragraph at lines 1269--1270
[]\OT1/ptm/m/n/10 W.T. Gow-ers, J. Wolf, \OT1/ptm/m/it/10 Lin-ear forms and hig
her de-gree uni-for-mity for func-tions on
 []


Underfull \hbox (badness 7116) in paragraph at lines 1277--1278
[]\OT1/ptm/m/n/10 B. Green, T. Tao, T. Ziegler, \OT1/ptm/m/it/10 An in-verse th
e-o-rem for the Gow-ers $\OML/cmm/m/it/10 U[]\OT1/cmr/m/n/10 [\OML/cmm/m/it/10 
N\OT1/cmr/m/n/10 ]$\OT1/ptm/m/it/10 -
 []

Missing character: There is no ï in font ptmr7t!
Missing character: There is no ¿ in font ptmr7t!
Missing character: There is no ½ in font ptmr7t!
Missing character: There is no ï in font ptmr7t!
Missing character: There is no ¿ in font ptmr7t!
Missing character: There is no ½ in font ptmr7t!
Missing character: There is no ï in font ptmr7t!
Missing character: There is no ¿ in font ptmr7t!
Missing character: There is no ½ in font ptmr7t!
Missing character: There is no è in font ptmr7t!
Missing character: There is no é in font ptmr7t!
Missing character: There is no – in font ptmr7t!
(source_extraction/results/1010.6211.aux)

LaTeX Warning: There were undefined references.

 ) 
Here is how much of TeX's memory you used:
 3184 strings out of 494260
 41915 string characters out of 6168642
 111529 words of memory out of 5000000
 6452 multiletter control sequences out of 15000+600000
 22925 words of font info for 67 fonts, out of 8000000 for 9000
 497 hyphenation exceptions out of 8191
 41i,11n,25p,1235b,234s stack positions out of 5000i,500n,10000p,200000b,80000s
{/usr/share/texlive/texmf-dist/fonts/enc/dvips/base/8r.enc}</usr/share/texliv
e/texmf-dist/fonts/type1/public/amsfonts/cm/cmbx10.pfb></usr/share/texlive/texm
f-dist/fonts/type1/public/amsfonts/cm/cmbx7.pfb></usr/share/texlive/texmf-dist/
fonts/type1/public/amsfonts/cm/cmex10.pfb></usr/share/texlive/texmf-dist/fonts/
type1/public/amsfonts/cm/cmmi10.pfb></usr/share/texlive/texmf-dist/fonts/type1/
public/amsfonts/cm/cmmi5.pfb></usr/share/texlive/texmf-dist/fonts/type1/public/
amsfonts/cm/cmmi7.pfb></usr/share/texlive/texmf-dist/fonts/type1/public/amsfont
s/cm/cmr10.pfb></usr/share/texlive/texmf-dist/fonts/type1/public/amsfonts/cm/cm
r5.pfb></usr/share/texlive/texmf-dist/fonts/type1/public/amsfonts/cm/cmr7.pfb><
/usr/share/texlive/texmf-dist/fonts/type1/public/amsfonts/cm/cmsy10.pfb></usr/s
hare/texlive/texmf-dist/fonts/type1/public/amsfonts/cm/cmsy5.pfb></usr/share/te
xlive/texmf-dist/fonts/type1/public/amsfonts/cm/cmsy7.pfb></usr/share/texlive/t
exmf-dist/fonts/type1/public/amsfonts/euler/eufm10.pfb></usr/share/texlive/texm
f-dist/fonts/type1/public/amsfonts/symbols/msbm10.pfb></usr/share/texlive/texmf
-dist/fonts/type1/urw/times/utmb8a.pfb></usr/share/texlive/texmf-dist/fonts/typ
e1/urw/times/utmr8a.pfb></usr/share/texlive/texmf-dist/fonts/type1/urw/times/ut
mri8a.pfb>
Output written on source_extraction/results/1010.6211.pdf (45 pages, 188275 byt
es).
PDF statistics:
 220 PDF objects out of 1000 (max. 8388607)
 154 compressed objects within 2 object streams
 0 named destinations out of 1000 (max. 500000)
 1 words of extra memory for PDF output out of 10000 (max. 10000000)

