This is pdfTeX, Version 3.14159265-2.6-1.40.18 (TeX Live 2017/Debian) (preloaded format=pdflatex 2018.11.16)  29 NOV 2018 14:49
entering extended mode
 restricted \write18 enabled.
 %&-line parsing enabled.
**source_extraction/results/1010.3755.tex
(./source_extraction/results/1010.3755.tex
LaTeX2e <2017-04-15>
Babel <3.18> and hyphenation patterns for 20 language(s) loaded.
(/usr/share/texlive/texmf-dist/tex/latex/amscls/amsart.cls
Document Class: amsart 2017/10/31 v2.20.4
\linespacing=\dimen102
\normalparindent=\dimen103
\normaltopskip=\skip41
(/usr/share/texlive/texmf-dist/tex/latex/amsmath/amsmath.sty
Package: amsmath 2017/09/02 v2.17a AMS math features
\@mathmargin=\skip42

For additional information on amsmath, use the `?' option.
(/usr/share/texlive/texmf-dist/tex/latex/amsmath/amstext.sty
Package: amstext 2000/06/29 v2.01 AMS text

(/usr/share/texlive/texmf-dist/tex/latex/amsmath/amsgen.sty
File: amsgen.sty 1999/11/30 v2.0 generic functions
\@emptytoks=\toks14
\ex@=\dimen104
))
(/usr/share/texlive/texmf-dist/tex/latex/amsmath/amsbsy.sty
Package: amsbsy 1999/11/29 v1.2d Bold Symbols
\pmbraise@=\dimen105
)
(/usr/share/texlive/texmf-dist/tex/latex/amsmath/amsopn.sty
Package: amsopn 2016/03/08 v2.02 operator names
)
\inf@bad=\count79
LaTeX Info: Redefining \frac on input line 213.
\uproot@=\count80
\leftroot@=\count81
LaTeX Info: Redefining \overline on input line 375.
\classnum@=\count82
\DOTSCASE@=\count83
LaTeX Info: Redefining \ldots on input line 472.
LaTeX Info: Redefining \dots on input line 475.
LaTeX Info: Redefining \cdots on input line 596.
\Mathstrutbox@=\box26
\strutbox@=\box27
\big@size=\dimen106
LaTeX Font Info:    Redeclaring font encoding OML on input line 712.
LaTeX Font Info:    Redeclaring font encoding OMS on input line 713.
\macc@depth=\count84
\c@MaxMatrixCols=\count85
\dotsspace@=\muskip10
\c@parentequation=\count86
\dspbrk@lvl=\count87
\tag@help=\toks15
\row@=\count88
\column@=\count89
\maxfields@=\count90
\andhelp@=\toks16
\eqnshift@=\dimen107
\alignsep@=\dimen108
\tagshift@=\dimen109
\tagwidth@=\dimen110
\totwidth@=\dimen111
\lineht@=\dimen112
\@envbody=\toks17
\multlinegap=\skip43
\multlinetaggap=\skip44
\mathdisplay@stack=\toks18
LaTeX Info: Redefining \[ on input line 2817.
LaTeX Info: Redefining \] on input line 2818.
)
LaTeX Font Info:    Try loading font information for U+msa on input line 398.

(/usr/share/texlive/texmf-dist/tex/latex/amsfonts/umsa.fd
File: umsa.fd 2013/01/14 v3.01 AMS symbols A
)
(/usr/share/texlive/texmf-dist/tex/latex/amsfonts/amsfonts.sty
Package: amsfonts 2013/01/14 v3.01 Basic AMSFonts support
\symAMSa=\mathgroup4
\symAMSb=\mathgroup5
LaTeX Font Info:    Overwriting math alphabet `\mathfrak' in version `bold'
(Font)                  U/euf/m/n --> U/euf/b/n on input line 106.
)
\copyins=\insert199
\abstractbox=\box28
\listisep=\skip45
\c@part=\count91
\c@section=\count92
\c@subsection=\count93
\c@subsubsection=\count94
\c@paragraph=\count95
\c@subparagraph=\count96
\c@figure=\count97
\c@table=\count98
\abovecaptionskip=\skip46
\belowcaptionskip=\skip47
\captionindent=\dimen113
\thm@style=\toks19
\thm@bodyfont=\toks20
\thm@headfont=\toks21
\thm@notefont=\toks22
\thm@headpunct=\toks23
\thm@preskip=\skip48
\thm@postskip=\skip49
\thm@headsep=\skip50
\dth@everypar=\toks24
)
(/usr/share/texlive/texmf-dist/tex/latex/graphics/epsfig.sty
Package: epsfig 2017/06/25 v1.7b (e)psfig emulation (SPQR)

(/usr/share/texlive/texmf-dist/tex/latex/graphics/graphicx.sty
Package: graphicx 2017/06/01 v1.1a Enhanced LaTeX Graphics (DPC,SPQR)

(/usr/share/texlive/texmf-dist/tex/latex/graphics/keyval.sty
Package: keyval 2014/10/28 v1.15 key=value parser (DPC)
\KV@toks@=\toks25
)
(/usr/share/texlive/texmf-dist/tex/latex/graphics/graphics.sty
Package: graphics 2017/06/25 v1.2c Standard LaTeX Graphics (DPC,SPQR)

(/usr/share/texlive/texmf-dist/tex/latex/graphics/trig.sty
Package: trig 2016/01/03 v1.10 sin cos tan (DPC)
)
(/usr/share/texlive/texmf-dist/tex/latex/graphics-cfg/graphics.cfg
File: graphics.cfg 2016/06/04 v1.11 sample graphics configuration
)
Package graphics Info: Driver file: pdftex.def on input line 99.

(/usr/share/texlive/texmf-dist/tex/latex/graphics-def/pdftex.def
File: pdftex.def 2018/01/08 v1.0l Graphics/color driver for pdftex
))
\Gin@req@height=\dimen114
\Gin@req@width=\dimen115
)
\epsfxsize=\dimen116
\epsfysize=\dimen117
)
(/usr/share/texlive/texmf-dist/tex/latex/amsfonts/amssymb.sty
Package: amssymb 2013/01/14 v3.01 AMS font symbols
)
(/usr/share/texlive/texmf-dist/tex/latex/amsmath/amscd.sty
Package: amscd 2017/04/14 v2.1 AMS Commutative Diagrams
\athelp@=\toks26
\minaw@=\dimen118
\bigaw@=\dimen119
\minCDarrowwidth=\dimen120
)
(/usr/share/texlive/texmf-dist/tex/generic/xypic/xy.sty
(/usr/share/texlive/texmf-dist/tex/generic/xypic/xy.tex Bootstrap'ing:
catcodes, docmode, (/usr/share/texlive/texmf-dist/tex/generic/xypic/xyrecat.tex
) (/usr/share/texlive/texmf-dist/tex/generic/xypic/xyidioms.tex)

 Xy-pic version 3.8.9 <2013/10/06>
 Copyright (c) 1991-2013 by Kristoffer H. Rose <krisrose@tug.org> and others
 Xy-pic is free software: see the User's Guide for details.

Loading kernel: messages; fonts; allocations: state,
\X@c=\dimen121
\Y@c=\dimen122
\U@c=\dimen123
\D@c=\dimen124
\L@c=\dimen125
\R@c=\dimen126
\Edge@c=\toks27
\X@p=\dimen127
\Y@p=\dimen128
\U@p=\dimen129
\D@p=\dimen130
\L@p=\dimen131
\R@p=\dimen132
\Edge@p=\toks28
\X@origin=\dimen133
\Y@origin=\dimen134
\X@xbase=\dimen135
\Y@xbase=\dimen136
\X@ybase=\dimen137
\Y@ybase=\dimen138
\X@min=\dimen139
\Y@min=\dimen140
\X@max=\dimen141
\Y@max=\dimen142
\lastobjectbox@=\box29
\zerodotbox@=\box30
\almostz@=\dimen143
 direction,
\d@X=\dimen144
\d@Y=\dimen145
\K@=\count99
\KK@=\count100
\Direction=\count101
\K@dXdY=\dimen146
\K@dYdX=\dimen147
\xyread@=\read1
\xywrite@=\write3
\csp@=\count102
\quotPTK@=\dimen148

utility macros; pictures: \xy, positions,
\swaptoks@@=\toks29
\connectobjectbox@@=\box31
 objects,
\styletoks@=\toks30
 decorations;
kernel objects: directionals, circles, text; options; algorithms: directions,
edges, connections;  Xy-pic loaded)
(/usr/share/texlive/texmf-dist/tex/generic/oberdiek/ifpdf.sty
Package: ifpdf 2017/03/15 v3.2 Provides the ifpdf switch
)
Package: xy 2013/10/06 Xy-pic version 3.8.9

(/usr/share/texlive/texmf-dist/tex/generic/xypic/xymatrix.tex
 Xy-pic option: Matrix feature v.3.14
\Row=\count103
\Col=\count104
\queue@=\toks31
\queue@@=\toks32
\qcount@=\count105
\qcount@@=\count106
\matrixsize@=\count107
 loaded)
(/usr/share/texlive/texmf-dist/tex/generic/xypic/xyarrow.tex
 Xy-pic option: Arrow and Path feature v.3.9 path, \ar, loaded)
(/usr/share/texlive/texmf-dist/tex/generic/xypic/xypdf.tex
 Xy-pic option: PDF driver v.1.7 loaded)) (./extract.sty
(/usr/share/texlive/texmf-dist/tex/latex/environ/environ.sty
Package: environ 2014/05/04 v0.3 A new way to define environments

(/usr/share/texlive/texmf-dist/tex/latex/trimspaces/trimspaces.sty
Package: trimspaces 2009/09/17 v1.1 Trim spaces around a token list
))
(/usr/share/texlive/texmf-dist/tex/latex/etextools/etextools.sty
Package: etextools 2010/12/07 v3.1415926 e-TeX more useful tools for LaTeX pack
age writers

(/usr/share/texlive/texmf-dist/tex/latex/etex-pkg/etex.sty
Package: etex 2016/08/01 v2.7 eTeX basic definition package (PEB,DPC)
\et@xins=\count108
)
(/usr/share/texlive/texmf-dist/tex/latex/etoolbox/etoolbox.sty
Package: etoolbox 2018/02/11 v2.5e e-TeX tools for LaTeX (JAW)
\etb@tempcnta=\count109
)
(/usr/share/texlive/texmf-dist/tex/latex/oberdiek/letltxmacro.sty
Package: letltxmacro 2016/05/16 v1.5 Let assignment for LaTeX macros (HO)
)
\ettl@fter=\count110
\ettl@for@nested=\count277
)
(/usr/share/texmf/tex/latex/preview/preview.sty
Package: preview 2017/04/24 11.91 (AUCTeX/preview-latex)

(/usr/share/texmf/tex/latex/preview/prtightpage.def
\PreviewBorder=\dimen149
)
\pr@snippet=\count111
\pr@box=\box32
\pr@output=\toks33
)
\c@propcounter=\count112
\mybox=\box33
)
\c@theo=\count113

(/usr/share/texlive/texmf-dist/tex/generic/epsf/epsf.sty
This is `epsf.tex' v2.7.4 <14 February 2011>
\epsffilein=\read2
\epsfframemargin=\dimen150
\epsfframethickness=\dimen151
\epsfrsize=\dimen152
\epsftmp=\dimen153
\epsftsize=\dimen154
\epsfxsize=\dimen155
\epsfysize=\dimen156
\pspoints=\dimen157
) (source_extraction/results/1010.3755.aux)
\openout1 = `1010.3755.aux'.

LaTeX Font Info:    Checking defaults for OML/cmm/m/it on input line 287.
LaTeX Font Info:    ... okay on input line 287.
LaTeX Font Info:    Checking defaults for T1/cmr/m/n on input line 287.
LaTeX Font Info:    ... okay on input line 287.
LaTeX Font Info:    Checking defaults for OT1/cmr/m/n on input line 287.
LaTeX Font Info:    ... okay on input line 287.
LaTeX Font Info:    Checking defaults for OMS/cmsy/m/n on input line 287.
LaTeX Font Info:    ... okay on input line 287.
LaTeX Font Info:    Checking defaults for OMX/cmex/m/n on input line 287.
LaTeX Font Info:    ... okay on input line 287.
LaTeX Font Info:    Checking defaults for U/cmr/m/n on input line 287.
LaTeX Font Info:    ... okay on input line 287.
LaTeX Font Info:    Try loading font information for U+msa on input line 287.

(/usr/share/texlive/texmf-dist/tex/latex/amsfonts/umsa.fd
File: umsa.fd 2013/01/14 v3.01 AMS symbols A
)
LaTeX Font Info:    Try loading font information for U+msb on input line 287.

(/usr/share/texlive/texmf-dist/tex/latex/amsfonts/umsb.fd
File: umsb.fd 2013/01/14 v3.01 AMS symbols B
)
(/usr/share/texlive/texmf-dist/tex/context/base/mkii/supp-pdf.mkii
[Loading MPS to PDF converter (version 2006.09.02).]
\scratchcounter=\count114
\scratchdimen=\dimen158
\scratchbox=\box34
\nofMPsegments=\count115
\nofMParguments=\count116
\everyMPshowfont=\toks34
\MPscratchCnt=\count117
\MPscratchDim=\dimen159
\MPnumerator=\count118
\makeMPintoPDFobject=\count119
\everyMPtoPDFconversion=\toks35
) (/usr/share/texlive/texmf-dist/tex/latex/oberdiek/epstopdf-base.sty
Package: epstopdf-base 2016/05/15 v2.6 Base part for package epstopdf

(/usr/share/texlive/texmf-dist/tex/generic/oberdiek/infwarerr.sty
Package: infwarerr 2016/05/16 v1.4 Providing info/warning/error messages (HO)
)
(/usr/share/texlive/texmf-dist/tex/latex/oberdiek/grfext.sty
Package: grfext 2016/05/16 v1.2 Manage graphics extensions (HO)

(/usr/share/texlive/texmf-dist/tex/generic/oberdiek/kvdefinekeys.sty
Package: kvdefinekeys 2016/05/16 v1.4 Define keys (HO)

(/usr/share/texlive/texmf-dist/tex/generic/oberdiek/ltxcmds.sty
Package: ltxcmds 2016/05/16 v1.23 LaTeX kernel commands for general use (HO)
)))
(/usr/share/texlive/texmf-dist/tex/latex/oberdiek/kvoptions.sty
Package: kvoptions 2016/05/16 v3.12 Key value format for package options (HO)

(/usr/share/texlive/texmf-dist/tex/generic/oberdiek/kvsetkeys.sty
Package: kvsetkeys 2016/05/16 v1.17 Key value parser (HO)

(/usr/share/texlive/texmf-dist/tex/generic/oberdiek/etexcmds.sty
Package: etexcmds 2016/05/16 v1.6 Avoid name clashes with e-TeX commands (HO)

(/usr/share/texlive/texmf-dist/tex/generic/oberdiek/ifluatex.sty
Package: ifluatex 2016/05/16 v1.4 Provides the ifluatex switch (HO)
Package ifluatex Info: LuaTeX not detected.
)
Package etexcmds Info: Could not find \expanded.
(etexcmds)             That can mean that you are not using pdfTeX 1.50 or
(etexcmds)             that some package has redefined \expanded.
(etexcmds)             In the latter case, load this package earlier.
)))
(/usr/share/texlive/texmf-dist/tex/generic/oberdiek/pdftexcmds.sty
Package: pdftexcmds 2018/01/21 v0.26 Utility functions of pdfTeX for LuaTeX (HO
)
Package pdftexcmds Info: LuaTeX not detected.
Package pdftexcmds Info: \pdf@primitive is available.
Package pdftexcmds Info: \pdf@ifprimitive is available.
Package pdftexcmds Info: \pdfdraftmode found.
)
Package epstopdf-base Info: Redefining graphics rule for `.eps' on input line 4
38.
Package grfext Info: Graphics extension search list:
(grfext)             [.pdf,.png,.jpg,.mps,.jpeg,.jbig2,.jb2,.PDF,.PNG,.JPG,.JPE
G,.JBIG2,.JB2,.eps]
(grfext)             \AppendGraphicsExtensions on input line 456.

(/usr/share/texlive/texmf-dist/tex/latex/latexconfig/epstopdf-sys.cfg
File: epstopdf-sys.cfg 2010/07/13 v1.3 Configuration of (r)epstopdf for TeX Liv
e
))
Package xypdf Info: Line width: 0.43799pt on input line 287.

Preview: Fontsize 10.95pt
Preview: PDFoutput 1
Preview: Tightpage -32891 -32891 32891 32891
[1{/var/lib/texmf/fonts/map/pdftex/updmap/pdftex.map}]
Overfull \hbox (12.0pt too wide) in paragraph at lines 310--310
[][] 
 []

[2]
Overfull \hbox (12.0pt too wide) in paragraph at lines 318--318
[][] 
 []

[3]
Overfull \hbox (12.0pt too wide) in paragraph at lines 324--324
[][] 
 []

[4]
Overfull \hbox (12.0pt too wide) in paragraph at lines 332--332
[][] 
 []

[5]
Overfull \hbox (12.0pt too wide) in paragraph at lines 336--336
[][] 
 []

[6]
Overfull \hbox (12.0pt too wide) in paragraph at lines 340--340
[][] 
 []


LaTeX Warning: Reference `Gale' on page 2 undefined on input line 348.


LaTeX Warning: Reference `DM_stacks' on page 2 undefined on input line 350.


LaTeX Warning: Reference `cohomology' on page 2 undefined on input line 353.


LaTeX Warning: Reference `var_pic_three' on page 2 undefined on input line 356.



LaTeX Warning: Reference `construction' on page 2 undefined on input line 359.


LaTeX Warning: Reference `at_least_sect' on page 3 undefined on input line 364.



LaTeX Warning: Reference `surj_2' on page 3 undefined on input line 391.


LaTeX Warning: Reference `surj_1' on page 3 undefined on input line 391.

[7]
Overfull \hbox (12.0pt too wide) in paragraph at lines 391--391
[][] 
 []


LaTeX Warning: Reference `surj_1' on page 3 undefined on input line 393.


LaTeX Warning: Reference `surj_2' on page 3 undefined on input line 393.

[8]
Overfull \hbox (12.0pt too wide) in paragraph at lines 405--405
[][] 
 []


LaTeX Warning: Reference `funct_U_rel_v' on page 4 undefined on input line 409.


[9]
Overfull \hbox (12.0pt too wide) in paragraph at lines 422--422
[][] 
 []


LaTeX Warning: Reference `funct_V_rel_E' on page 4 undefined on input line 436.


[10]
Overfull \hbox (12.0pt too wide) in paragraph at lines 446--446
[][] 
 []

[11]
Overfull \hbox (12.0pt too wide) in paragraph at lines 457--457
[][] 
 []

[12]
Overfull \hbox (12.0pt too wide) in paragraph at lines 463--463
[][] 
 []

[13]
Overfull \hbox (12.0pt too wide) in paragraph at lines 482--482
[][] 
 []


LaTeX Warning: Reference `D_tors' on page 6 undefined on input line 490.

[14]
Overfull \hbox (12.0pt too wide) in paragraph at lines 500--500
[][] 
 []

[15]
Overfull \hbox (12.0pt too wide) in paragraph at lines 536--536
[][] 
 []

[16]
Overfull \hbox (12.0pt too wide) in paragraph at lines 568--568
[][] 
 []

[17]
Overfull \hbox (12.0pt too wide) in paragraph at lines 578--578
[][] 
 []

[18]
Overfull \hbox (12.0pt too wide) in paragraph at lines 585--585
[][] 
 []

[19]
Overfull \hbox (12.0pt too wide) in paragraph at lines 590--590
[][] 
 []


LaTeX Warning: Reference `K_0_general' on page 9 undefined on input line 620.

[20]
Overfull \hbox (12.0pt too wide) in paragraph at lines 642--642
[][] 
 []

[21]
Overfull \hbox (12.0pt too wide) in paragraph at lines 682--682
[][] 
 []

[22]
Overfull \hbox (12.0pt too wide) in paragraph at lines 751--751
[][] 
 []

[23]
Overfull \hbox (12.0pt too wide) in paragraph at lines 756--756
[][] 
 []


LaTeX Warning: Reference `K_eff' on page 13 undefined on input line 940.


LaTeX Warning: Reference `hat(K_1)' on page 13 undefined on input line 940.


LaTeX Warning: Reference `hat(K_2)' on page 13 undefined on input line 940.


LaTeX Warning: Reference `not_belong' on page 13 undefined on input line 940.


LaTeX Warning: Reference `z_positive' on page 13 undefined on input line 940.


LaTeX Warning: Reference `z_negative' on page 13 undefined on input line 940.


LaTeX Warning: Reference `amplitude' on page 13 undefined on input line 940.


LaTeX Warning: Reference `amplitude' on page 14 undefined on input line 940.


LaTeX Warning: Reference `T_d' on page 14 undefined on input line 940.


LaTeX Warning: Reference `z_positive' on page 14 undefined on input line 940.


LaTeX Warning: Reference `ygeq n+1' on page 14 undefined on input line 940.


LaTeX Warning: Reference `yleq -n-k-1' on page 15 undefined on input line 940.


LaTeX Warning: Reference `large_difference' on page 15 undefined on input line 
940.


LaTeX Warning: Reference `T_d' on page 15 undefined on input line 940.


LaTeX Warning: Reference `K_eff' on page 15 undefined on input line 940.


LaTeX Warning: Reference `hat(K_0)' on page 15 undefined on input line 940.


LaTeX Warning: Reference `hat(K_1)' on page 15 undefined on input line 940.


LaTeX Warning: Reference `hat(K_2)' on page 15 undefined on input line 940.


LaTeX Warning: Reference `K_4' on page 15 undefined on input line 940.


LaTeX Warning: Reference `not_belong' on page 15 undefined on input line 940.


LaTeX Warning: Reference `not_belong2' on page 16 undefined on input line 940.


LaTeX Warning: Reference `|x+y|' on page 16 undefined on input line 940.


LaTeX Warning: Reference `x+y=0' on page 16 undefined on input line 940.


LaTeX Warning: Reference `z_fixed' on page 16 undefined on input line 940.


LaTeX Warning: Reference `amplitude' on page 16 undefined on input line 940.


LaTeX Warning: Reference `z_fixed' on page 16 undefined on input line 940.


LaTeX Warning: Reference `parallelogramm' on page 16 undefined on input line 94
0.


LaTeX Warning: Reference `Pick' on page 17 undefined on input line 940.


LaTeX Warning: Reference `area(Q)' on page 17 undefined on input line 940.


LaTeX Warning: Reference `boundary' on page 17 undefined on input line 940.


LaTeX Warning: Reference `z_fixed_str' on page 17 undefined on input line 940.


LaTeX Warning: Reference `amplitude' on page 17 undefined on input line 940.


LaTeX Warning: Reference `T_eps_bound' on page 17 undefined on input line 940.


LaTeX Warning: Reference `z_fixed' on page 17 undefined on input line 940.


LaTeX Warning: Reference `z_fixed_str' on page 17 undefined on input line 940.


LaTeX Warning: Reference `amplitude' on page 17 undefined on input line 940.


LaTeX Warning: Reference `z_fixed' on page 17 undefined on input line 940.


LaTeX Warning: Reference `z_fixed_str' on page 17 undefined on input line 940.


LaTeX Warning: Reference `mleq' on page 17 undefined on input line 940.


LaTeX Warning: Reference `T_eps_bound' on page 17 undefined on input line 940.


LaTeX Warning: Reference `rk_K_0' on page 18 undefined on input line 940.


LaTeX Warning: Reference `K_0(Y_n,k,a)' on page 18 undefined on input line 940.



LaTeX Warning: Reference `mleq_2' on page 18 undefined on input line 940.


LaTeX Warning: Reference `P_2' on page 18 undefined on input line 940.


LaTeX Warning: Reference `difference' on page 18 undefined on input line 940.


LaTeX Warning: Reference `mleq_2' on page 18 undefined on input line 940.


LaTeX Warning: Reference `mleq_2' on page 18 undefined on input line 947.

[24]
Overfull \hbox (12.0pt too wide) in paragraph at lines 955--955
[][] 
 []

[25]
Overfull \hbox (12.0pt too wide) in paragraph at lines 1156--1156
[][] 
 []


LaTeX Warning: Reference `intersection' on page 20 undefined on input line 1156
.

[26]
Overfull \hbox (12.0pt too wide) in paragraph at lines 1156--1156
[][] 
 []

[27]
Overfull \hbox (12.0pt too wide) in paragraph at lines 1156--1156
[][] 
 []


LaTeX Warning: Reference `geq0_1' on page 21 undefined on input line 1156.


LaTeX Warning: Reference `geq0_2' on page 21 undefined on input line 1156.


LaTeX Warning: Reference `K_0_general' on page 22 undefined on input line 1156.



LaTeX Warning: Reference `main' on page 23 undefined on input line 1156.


LaTeX Warning: Reference `main' on page 23 undefined on input line 1156.


LaTeX Warning: Reference `main' on page 23 undefined on input line 1156.


LaTeX Warning: Reference `reduce' on page 23 undefined on input line 1156.


LaTeX Warning: Reference `Vol(P)' on page 24 undefined on input line 1156.


LaTeX Warning: Reference `rk_K_0_stack' on page 24 undefined on input line 1156
.

[28]
Overfull \hbox (12.0pt too wide) in paragraph at lines 1177--1177
[][] 
 []


LaTeX Warning: Reference `not_belong_stack' on page 26 undefined on input line 
1225.


LaTeX Warning: Reference `ample' on page 26 undefined on input line 1225.


LaTeX Warning: Reference `ample' on page 26 undefined on input line 1225.

(source_extraction/results/1010.3755.aux)

LaTeX Warning: There were undefined references.

 ) 
Here is how much of TeX's memory you used:
 5506 strings out of 494260
 66675 string characters out of 6168642
 208277 words of memory out of 5000000
 8589 multiletter control sequences out of 15000+600000
 15204 words of font info for 57 fonts, out of 8000000 for 9000
 658 hyphenation exceptions out of 8191
 41i,15n,32p,901b,353s stack positions out of 5000i,500n,10000p,200000b,80000s
</usr/share/texlive/texmf-dist/fonts/type1/public/amsfonts/cm/cmbx10.pfb></us
r/share/texlive/texmf-dist/fonts/type1/public/amsfonts/cm/cmex10.pfb></usr/shar
e/texlive/texmf-dist/fonts/type1/public/amsfonts/cmextra/cmex8.pfb></usr/share/
texlive/texmf-dist/fonts/type1/public/amsfonts/cm/cmmi10.pfb></usr/share/texliv
e/texmf-dist/fonts/type1/public/amsfonts/cm/cmmi6.pfb></usr/share/texlive/texmf
-dist/fonts/type1/public/amsfonts/cm/cmmi8.pfb></usr/share/texlive/texmf-dist/f
onts/type1/public/amsfonts/cm/cmr10.pfb></usr/share/texlive/texmf-dist/fonts/ty
pe1/public/amsfonts/cm/cmr6.pfb></usr/share/texlive/texmf-dist/fonts/type1/publ
ic/amsfonts/cm/cmr8.pfb></usr/share/texlive/texmf-dist/fonts/type1/public/amsfo
nts/cm/cmsy10.pfb></usr/share/texlive/texmf-dist/fonts/type1/public/amsfonts/cm
/cmsy6.pfb></usr/share/texlive/texmf-dist/fonts/type1/public/amsfonts/cm/cmsy8.
pfb></usr/share/texlive/texmf-dist/fonts/type1/public/amsfonts/cm/cmti10.pfb></
usr/share/texlive/texmf-dist/fonts/type1/public/amsfonts/symbols/msbm10.pfb>
Output written on source_extraction/results/1010.3755.pdf (28 pages, 167442 byt
es).
PDF statistics:
 151 PDF objects out of 1000 (max. 8388607)
 105 compressed objects within 2 object streams
 0 named destinations out of 1000 (max. 500000)
 1 words of extra memory for PDF output out of 10000 (max. 10000000)

