This is pdfTeX, Version 3.14159265-2.6-1.40.18 (TeX Live 2017/Debian) (preloaded format=pdflatex 2018.11.16)  29 NOV 2018 14:49
entering extended mode
 restricted \write18 enabled.
 %&-line parsing enabled.
**source_extraction/results/1011.4762.tex
(./source_extraction/results/1011.4762.tex
LaTeX2e <2017-04-15>
Babel <3.18> and hyphenation patterns for 20 language(s) loaded.
(/usr/share/texlive/texmf-dist/tex/latex/amscls/amsart.cls
Document Class: amsart 2017/10/31 v2.20.4
\linespacing=\dimen102
\normalparindent=\dimen103
\normaltopskip=\skip41
(/usr/share/texlive/texmf-dist/tex/latex/amsmath/amsmath.sty
Package: amsmath 2017/09/02 v2.17a AMS math features
\@mathmargin=\skip42

For additional information on amsmath, use the `?' option.
(/usr/share/texlive/texmf-dist/tex/latex/amsmath/amstext.sty
Package: amstext 2000/06/29 v2.01 AMS text

(/usr/share/texlive/texmf-dist/tex/latex/amsmath/amsgen.sty
File: amsgen.sty 1999/11/30 v2.0 generic functions
\@emptytoks=\toks14
\ex@=\dimen104
))
(/usr/share/texlive/texmf-dist/tex/latex/amsmath/amsbsy.sty
Package: amsbsy 1999/11/29 v1.2d Bold Symbols
\pmbraise@=\dimen105
)
(/usr/share/texlive/texmf-dist/tex/latex/amsmath/amsopn.sty
Package: amsopn 2016/03/08 v2.02 operator names
)
\inf@bad=\count79
LaTeX Info: Redefining \frac on input line 213.
\uproot@=\count80
\leftroot@=\count81
LaTeX Info: Redefining \overline on input line 375.
\classnum@=\count82
\DOTSCASE@=\count83
LaTeX Info: Redefining \ldots on input line 472.
LaTeX Info: Redefining \dots on input line 475.
LaTeX Info: Redefining \cdots on input line 596.
\Mathstrutbox@=\box26
\strutbox@=\box27
\big@size=\dimen106
LaTeX Font Info:    Redeclaring font encoding OML on input line 712.
LaTeX Font Info:    Redeclaring font encoding OMS on input line 713.
\macc@depth=\count84
\c@MaxMatrixCols=\count85
\dotsspace@=\muskip10
\c@parentequation=\count86
\dspbrk@lvl=\count87
\tag@help=\toks15
\row@=\count88
\column@=\count89
\maxfields@=\count90
\andhelp@=\toks16
\eqnshift@=\dimen107
\alignsep@=\dimen108
\tagshift@=\dimen109
\tagwidth@=\dimen110
\totwidth@=\dimen111
\lineht@=\dimen112
\@envbody=\toks17
\multlinegap=\skip43
\multlinetaggap=\skip44
\mathdisplay@stack=\toks18
LaTeX Info: Redefining \[ on input line 2817.
LaTeX Info: Redefining \] on input line 2818.
)
LaTeX Font Info:    Try loading font information for U+msa on input line 398.

(/usr/share/texlive/texmf-dist/tex/latex/amsfonts/umsa.fd
File: umsa.fd 2013/01/14 v3.01 AMS symbols A
)
(/usr/share/texlive/texmf-dist/tex/latex/amsfonts/amsfonts.sty
Package: amsfonts 2013/01/14 v3.01 Basic AMSFonts support
\symAMSa=\mathgroup4
\symAMSb=\mathgroup5
LaTeX Font Info:    Overwriting math alphabet `\mathfrak' in version `bold'
(Font)                  U/euf/m/n --> U/euf/b/n on input line 106.
)
\copyins=\insert199
\abstractbox=\box28
\listisep=\skip45
\c@part=\count91
\c@section=\count92
\c@subsection=\count93
\c@subsubsection=\count94
\c@paragraph=\count95
\c@subparagraph=\count96
\c@figure=\count97
\c@table=\count98
\abovecaptionskip=\skip46
\belowcaptionskip=\skip47
\captionindent=\dimen113
\thm@style=\toks19
\thm@bodyfont=\toks20
\thm@headfont=\toks21
\thm@notefont=\toks22
\thm@headpunct=\toks23
\thm@preskip=\skip48
\thm@postskip=\skip49
\thm@headsep=\skip50
\dth@everypar=\toks24
)
(/usr/share/texlive/texmf-dist/tex/latex/amsfonts/amssymb.sty
Package: amssymb 2013/01/14 v3.01 AMS font symbols
)
(/usr/share/texlive/texmf-dist/tex/latex/anysize/anysize.sty
Package: anysize 1994/08/13 setting margin sizes

document style option `anysize' loaded
Michael Salzenberg, Thomas Esser, Dirk Hillbrecht
Version 1.0, Aug 13, 1994
\@Leftmargin=\dimen114
\@Rightmargin=\dimen115
\@Topmargin=\dimen116
\@Bottommargin=\dimen117
) (./extract.sty (/usr/share/texlive/texmf-dist/tex/latex/environ/environ.sty
Package: environ 2014/05/04 v0.3 A new way to define environments

(/usr/share/texlive/texmf-dist/tex/latex/trimspaces/trimspaces.sty
Package: trimspaces 2009/09/17 v1.1 Trim spaces around a token list
))
(/usr/share/texlive/texmf-dist/tex/latex/etextools/etextools.sty
Package: etextools 2010/12/07 v3.1415926 e-TeX more useful tools for LaTeX pack
age writers

(/usr/share/texlive/texmf-dist/tex/latex/etex-pkg/etex.sty
Package: etex 2016/08/01 v2.7 eTeX basic definition package (PEB,DPC)
\et@xins=\count99
)
(/usr/share/texlive/texmf-dist/tex/latex/etoolbox/etoolbox.sty
Package: etoolbox 2018/02/11 v2.5e e-TeX tools for LaTeX (JAW)
\etb@tempcnta=\count100
)
(/usr/share/texlive/texmf-dist/tex/latex/oberdiek/letltxmacro.sty
Package: letltxmacro 2016/05/16 v1.5 Let assignment for LaTeX macros (HO)
)
\ettl@fter=\count101
\ettl@for@nested=\count277
)
(/usr/share/texmf/tex/latex/preview/preview.sty
Package: preview 2017/04/24 11.91 (AUCTeX/preview-latex)

(/usr/share/texmf/tex/latex/preview/prtightpage.def
\PreviewBorder=\dimen118
)
\pr@snippet=\count102
\pr@box=\box29
\pr@output=\toks25
)
\c@propcounter=\count103
\mybox=\box30
)
\c@thm=\count104

(source_extraction/results/1011.4762.aux)
\openout1 = `1011.4762.aux'.

LaTeX Font Info:    Checking defaults for OML/cmm/m/it on input line 58.
LaTeX Font Info:    ... okay on input line 58.
LaTeX Font Info:    Checking defaults for T1/cmr/m/n on input line 58.
LaTeX Font Info:    ... okay on input line 58.
LaTeX Font Info:    Checking defaults for OT1/cmr/m/n on input line 58.
LaTeX Font Info:    ... okay on input line 58.
LaTeX Font Info:    Checking defaults for OMS/cmsy/m/n on input line 58.
LaTeX Font Info:    ... okay on input line 58.
LaTeX Font Info:    Checking defaults for OMX/cmex/m/n on input line 58.
LaTeX Font Info:    ... okay on input line 58.
LaTeX Font Info:    Checking defaults for U/cmr/m/n on input line 58.
LaTeX Font Info:    ... okay on input line 58.
LaTeX Font Info:    Try loading font information for U+msa on input line 58.

(/usr/share/texlive/texmf-dist/tex/latex/amsfonts/umsa.fd
File: umsa.fd 2013/01/14 v3.01 AMS symbols A
)
LaTeX Font Info:    Try loading font information for U+msb on input line 58.

(/usr/share/texlive/texmf-dist/tex/latex/amsfonts/umsb.fd
File: umsb.fd 2013/01/14 v3.01 AMS symbols B
)
Preview: Fontsize 12pt
Preview: PDFoutput 1
! Undefined control sequence.
l.78 ... paper of A.~Hubard and B.~Aronov is \href
                                                  {http://arxiv.org/abs/1306...
The control sequence at the end of the top line
of your error message was never \def'ed. If you have
misspelled it (e.g., `\hobx'), type `I' and the correct
spelling (e.g., `I\hbox'). Otherwise just continue,
and I'll forget about whatever was undefined.

Preview: Tightpage -32891 -32891 32891 32891
[1{/var/lib/texmf/fonts/map/pdftex/updmap/pdftex.map}]
Overfull \hbox (12.0pt too wide) in paragraph at lines 95--95
[][] 
 []

[2]
Overfull \hbox (12.0pt too wide) in paragraph at lines 105--105
[][] 
 []


Underfull \vbox (badness 3158) has occurred while \output is active []

 [3]
Overfull \hbox (12.0pt too wide) in paragraph at lines 112--112
[][] 
 []

[4]
Overfull \hbox (12.0pt too wide) in paragraph at lines 132--132
[][] 
 []

[5]
Overfull \hbox (12.0pt too wide) in paragraph at lines 153--153
[][] 
 []

[6]
Overfull \hbox (12.0pt too wide) in paragraph at lines 167--167
[][] 
 []


LaTeX Warning: Reference `one-dim-sec' on page 3 undefined on input line 173.

[7]
Overfull \hbox (12.0pt too wide) in paragraph at lines 181--181
[][] 
 []


Underfull \vbox (badness 10000) has occurred while \output is active []

 [8]
Overfull \hbox (12.0pt too wide) in paragraph at lines 194--194
[][] 
 []


LaTeX Warning: Reference `eu-nz-sec' on page 4 undefined on input line 199.


LaTeX Warning: Reference `proj-av' on page 4 undefined on input line 199.


LaTeX Warning: Reference `test-map' on page 4 undefined on input line 199.

[9]
Overfull \hbox (12.0pt too wide) in paragraph at lines 199--199
[][] 
 []


LaTeX Warning: Reference `eu-nz-sec' on page 5 undefined on input line 220.

[10]
Overfull \hbox (12.0pt too wide) in paragraph at lines 228--228
[][] 
 []

[11]
Overfull \hbox (12.0pt too wide) in paragraph at lines 232--232
[][] 
 []


LaTeX Warning: Reference `diff-coeff' on page 7 undefined on input line 321.

[12]
Overfull \hbox (12.0pt too wide) in paragraph at lines 321--321
[][] 
 []

[13]
Overfull \hbox (12.0pt too wide) in paragraph at lines 343--343
[][] 
 []


Underfull \vbox (badness 10000) has occurred while \output is active []

 [14]
Overfull \hbox (12.0pt too wide) in paragraph at lines 423--423
[][] 
 []

[15]
Overfull \hbox (12.0pt too wide) in paragraph at lines 436--436
[][] 
 []

[16]
Overfull \hbox (12.0pt too wide) in paragraph at lines 440--440
[][] 
 []

[17]
Overfull \hbox (12.0pt too wide) in paragraph at lines 454--454
[][] 
 []

! Undefined control sequence.
l.475 ...ions of volume and surface area. // \href
                                                  {http://arxiv.org/abs/1010...
The control sequence at the end of the top line
of your error message was never \def'ed. If you have
misspelled it (e.g., `\hobx'), type `I' and the correct
spelling (e.g., `I\hbox'). Otherwise just continue,
and I'll forget about whatever was undefined.


Underfull \hbox (badness 10000) in paragraph at lines 475--476
[]\OT1/cmr/m/n/10 B. Aronov, A. Hubard. Con-vex equipar-ti-tions of vol-ume and
 sur-face area. //
 []

! Undefined control sequence.
l.523 ...v's waist of the sphere theorem. // \href
                                                  {http://arxiv.org/abs/0911...
The control sequence at the end of the top line
of your error message was never \def'ed. If you have
misspelled it (e.g., `\hobx'), type `I' and the correct
spelling (e.g., `I\hbox'). Otherwise just continue,
and I'll forget about whatever was undefined.


Underfull \hbox (badness 10000) in paragraph at lines 523--524
[]\OT1/cmr/m/n/10 Y. Memar-ian. On Gro-mov's waist of the sphere the-o-rem. //
 []

! Undefined control sequence.
l.526 ... of polygons -- an introduction. // \href
                                                  {http://arxiv.org/abs/0812...
The control sequence at the end of the top line
of your error message was never \def'ed. If you have
misspelled it (e.g., `\hobx'), type `I' and the correct
spelling (e.g., `I\hbox'). Otherwise just continue,
and I'll forget about whatever was undefined.


Underfull \hbox (badness 3138) in paragraph at lines 526--527
[]\OT1/cmr/m/n/10 R. Nan-daku-mar, N. Ra-mana Rao. `Fair' par-ti-tions of poly-
gons -- an in-tro-duc-tion. //
 []

! Undefined control sequence.
l.529 ...s of measures in $\mathbb{R}^d$. // \href
                                                  {http://arxiv.org/abs/1010...
The control sequence at the end of the top line
of your error message was never \def'ed. If you have
misspelled it (e.g., `\hobx'), type `I' and the correct
spelling (e.g., `I\hbox'). Otherwise just continue,
and I'll forget about whatever was undefined.


Underfull \hbox (badness 10000) in paragraph at lines 529--530
[]\OT1/cmr/m/n/10 P. Sober^^Son. Bal-anced con-vex par-ti-tions of mea-sures in
 $\U/msb/m/n/10 R[]$\OT1/cmr/m/n/10 . //
 []

(source_extraction/results/1011.4762.aux)

LaTeX Warning: There were undefined references.

 ) 
Here is how much of TeX's memory you used:
 2753 strings out of 494260
 32310 string characters out of 6168642
 109064 words of memory out of 5000000
 5935 multiletter control sequences out of 15000+600000
 12816 words of font info for 48 fonts, out of 8000000 for 9000
 658 hyphenation exceptions out of 8191
 34i,6n,32p,1503b,332s stack positions out of 5000i,500n,10000p,200000b,80000s
</usr/share/texlive/texmf-dist/fonts/type1/public/amsfonts/cm/cmbx12.pfb></us
r/share/texlive/texmf-dist/fonts/type1/public/amsfonts/cm/cmex10.pfb></usr/shar
e/texlive/texmf-dist/fonts/type1/public/amsfonts/cm/cmmi12.pfb></usr/share/texl
ive/texmf-dist/fonts/type1/public/amsfonts/cm/cmmi6.pfb></usr/share/texlive/tex
mf-dist/fonts/type1/public/amsfonts/cm/cmmi8.pfb></usr/share/texlive/texmf-dist
/fonts/type1/public/amsfonts/cm/cmr12.pfb></usr/share/texlive/texmf-dist/fonts/
type1/public/amsfonts/cm/cmr6.pfb></usr/share/texlive/texmf-dist/fonts/type1/pu
blic/amsfonts/cm/cmr8.pfb></usr/share/texlive/texmf-dist/fonts/type1/public/ams
fonts/cm/cmsy10.pfb></usr/share/texlive/texmf-dist/fonts/type1/public/amsfonts/
cm/cmsy8.pfb></usr/share/texlive/texmf-dist/fonts/type1/public/amsfonts/cm/cmti
12.pfb></usr/share/texlive/texmf-dist/fonts/type1/public/amsfonts/symbols/msbm1
0.pfb>
Output written on source_extraction/results/1011.4762.pdf (17 pages, 142853 byt
es).
PDF statistics:
 107 PDF objects out of 1000 (max. 8388607)
 75 compressed objects within 1 object stream
 0 named destinations out of 1000 (max. 500000)
 1 words of extra memory for PDF output out of 10000 (max. 10000000)

