This is pdfTeX, Version 3.14159265-2.6-1.40.18 (TeX Live 2017/Debian) (preloaded format=pdflatex 2018.11.16)  29 NOV 2018 14:49
entering extended mode
 restricted \write18 enabled.
 %&-line parsing enabled.
**source_extraction/results/1101.1549.tex
(./source_extraction/results/1101.1549.tex
LaTeX2e <2017-04-15>
Babel <3.18> and hyphenation patterns for 20 language(s) loaded.
(/usr/share/texlive/texmf-dist/tex/latex/amscls/amsart.cls
Document Class: amsart 2017/10/31 v2.20.4
\linespacing=\dimen102
\normalparindent=\dimen103
\normaltopskip=\skip41
(/usr/share/texlive/texmf-dist/tex/latex/amsmath/amsmath.sty
Package: amsmath 2017/09/02 v2.17a AMS math features
\@mathmargin=\skip42

For additional information on amsmath, use the `?' option.
(/usr/share/texlive/texmf-dist/tex/latex/amsmath/amstext.sty
Package: amstext 2000/06/29 v2.01 AMS text

(/usr/share/texlive/texmf-dist/tex/latex/amsmath/amsgen.sty
File: amsgen.sty 1999/11/30 v2.0 generic functions
\@emptytoks=\toks14
\ex@=\dimen104
))
(/usr/share/texlive/texmf-dist/tex/latex/amsmath/amsbsy.sty
Package: amsbsy 1999/11/29 v1.2d Bold Symbols
\pmbraise@=\dimen105
)
(/usr/share/texlive/texmf-dist/tex/latex/amsmath/amsopn.sty
Package: amsopn 2016/03/08 v2.02 operator names
)
\inf@bad=\count79
LaTeX Info: Redefining \frac on input line 213.
\uproot@=\count80
\leftroot@=\count81
LaTeX Info: Redefining \overline on input line 375.
\classnum@=\count82
\DOTSCASE@=\count83
LaTeX Info: Redefining \ldots on input line 472.
LaTeX Info: Redefining \dots on input line 475.
LaTeX Info: Redefining \cdots on input line 596.
\Mathstrutbox@=\box26
\strutbox@=\box27
\big@size=\dimen106
LaTeX Font Info:    Redeclaring font encoding OML on input line 712.
LaTeX Font Info:    Redeclaring font encoding OMS on input line 713.
\macc@depth=\count84
\c@MaxMatrixCols=\count85
\dotsspace@=\muskip10
\c@parentequation=\count86
\dspbrk@lvl=\count87
\tag@help=\toks15
\row@=\count88
\column@=\count89
\maxfields@=\count90
\andhelp@=\toks16
\eqnshift@=\dimen107
\alignsep@=\dimen108
\tagshift@=\dimen109
\tagwidth@=\dimen110
\totwidth@=\dimen111
\lineht@=\dimen112
\@envbody=\toks17
\multlinegap=\skip43
\multlinetaggap=\skip44
\mathdisplay@stack=\toks18
LaTeX Info: Redefining \[ on input line 2817.
LaTeX Info: Redefining \] on input line 2818.
)
LaTeX Font Info:    Try loading font information for U+msa on input line 398.

(/usr/share/texlive/texmf-dist/tex/latex/amsfonts/umsa.fd
File: umsa.fd 2013/01/14 v3.01 AMS symbols A
)
(/usr/share/texlive/texmf-dist/tex/latex/amsfonts/amsfonts.sty
Package: amsfonts 2013/01/14 v3.01 Basic AMSFonts support
\symAMSa=\mathgroup4
\symAMSb=\mathgroup5
LaTeX Font Info:    Overwriting math alphabet `\mathfrak' in version `bold'
(Font)                  U/euf/m/n --> U/euf/b/n on input line 106.
)
\copyins=\insert199
\abstractbox=\box28
\listisep=\skip45
\c@part=\count91
\c@section=\count92
\c@subsection=\count93
\c@subsubsection=\count94
\c@paragraph=\count95
\c@subparagraph=\count96
\c@figure=\count97
\c@table=\count98
\abovecaptionskip=\skip46
\belowcaptionskip=\skip47
\captionindent=\dimen113
\thm@style=\toks19
\thm@bodyfont=\toks20
\thm@headfont=\toks21
\thm@notefont=\toks22
\thm@headpunct=\toks23
\thm@preskip=\skip48
\thm@postskip=\skip49
\thm@headsep=\skip50
\dth@everypar=\toks24
)
(/usr/share/texlive/texmf-dist/tex/latex/amsfonts/amssymb.sty
Package: amssymb 2013/01/14 v3.01 AMS font symbols
) (./extract.sty
(/usr/share/texlive/texmf-dist/tex/latex/environ/environ.sty
Package: environ 2014/05/04 v0.3 A new way to define environments

(/usr/share/texlive/texmf-dist/tex/latex/trimspaces/trimspaces.sty
Package: trimspaces 2009/09/17 v1.1 Trim spaces around a token list
))
(/usr/share/texlive/texmf-dist/tex/latex/etextools/etextools.sty
Package: etextools 2010/12/07 v3.1415926 e-TeX more useful tools for LaTeX pack
age writers

(/usr/share/texlive/texmf-dist/tex/latex/etex-pkg/etex.sty
Package: etex 2016/08/01 v2.7 eTeX basic definition package (PEB,DPC)
\et@xins=\count99
)
(/usr/share/texlive/texmf-dist/tex/latex/etoolbox/etoolbox.sty
Package: etoolbox 2018/02/11 v2.5e e-TeX tools for LaTeX (JAW)
\etb@tempcnta=\count100
)
(/usr/share/texlive/texmf-dist/tex/latex/oberdiek/letltxmacro.sty
Package: letltxmacro 2016/05/16 v1.5 Let assignment for LaTeX macros (HO)
)
\ettl@fter=\count101
\ettl@for@nested=\count277
)
(/usr/share/texmf/tex/latex/preview/preview.sty
Package: preview 2017/04/24 11.91 (AUCTeX/preview-latex)

(/usr/share/texmf/tex/latex/preview/prtightpage.def
\PreviewBorder=\dimen114
)
\pr@snippet=\count102
\pr@box=\box29
\pr@output=\toks25
)
\c@propcounter=\count103
\mybox=\box30
)
\c@lemma=\count104

(source_extraction/results/1101.1549.aux)
\openout1 = `1101.1549.aux'.

LaTeX Font Info:    Checking defaults for OML/cmm/m/it on input line 31.
LaTeX Font Info:    ... okay on input line 31.
LaTeX Font Info:    Checking defaults for T1/cmr/m/n on input line 31.
LaTeX Font Info:    ... okay on input line 31.
LaTeX Font Info:    Checking defaults for OT1/cmr/m/n on input line 31.
LaTeX Font Info:    ... okay on input line 31.
LaTeX Font Info:    Checking defaults for OMS/cmsy/m/n on input line 31.
LaTeX Font Info:    ... okay on input line 31.
LaTeX Font Info:    Checking defaults for OMX/cmex/m/n on input line 31.
LaTeX Font Info:    ... okay on input line 31.
LaTeX Font Info:    Checking defaults for U/cmr/m/n on input line 31.
LaTeX Font Info:    ... okay on input line 31.
LaTeX Font Info:    Try loading font information for U+msa on input line 31.

(/usr/share/texlive/texmf-dist/tex/latex/amsfonts/umsa.fd
File: umsa.fd 2013/01/14 v3.01 AMS symbols A
)
LaTeX Font Info:    Try loading font information for U+msb on input line 31.

(/usr/share/texlive/texmf-dist/tex/latex/amsfonts/umsb.fd
File: umsb.fd 2013/01/14 v3.01 AMS symbols B
)
Preview: Fontsize 12pt
Preview: PDFoutput 1
Preview: Tightpage -32891 -32891 32891 32891
[1{/var/lib/texmf/fonts/map/pdftex/updmap/pdftex.map}]
Overfull \hbox (12.0pt too wide) in paragraph at lines 172--172
[][] 
 []


LaTeX Warning: Reference `cnbound' on page 3 undefined on input line 174.


LaTeX Warning: Reference `cnbound' on page 3 undefined on input line 178.


LaTeX Warning: Reference `S:lemmas' on page 4 undefined on input line 180.

[2]
Overfull \hbox (12.0pt too wide) in paragraph at lines 188--188
[][] 
 []


LaTeX Warning: Reference `S:lemmas' on page 4 undefined on input line 193.

[3]
Overfull \hbox (12.0pt too wide) in paragraph at lines 200--200
[][] 
 []


LaTeX Warning: Reference `mudef' on page 4 undefined on input line 206.


LaTeX Warning: Reference `sbound' on page 5 undefined on input line 218.


LaTeX Warning: Reference `CB' on page 6 undefined on input line 278.


LaTeX Warning: Reference `twocases' on page 7 undefined on input line 303.


LaTeX Warning: Reference `skeldecomp2' on page 8 undefined on input line 348.


LaTeX Warning: Reference `skeldecomp2' on page 8 undefined on input line 348.


LaTeX Warning: Reference `skeldecomp2' on page 8 undefined on input line 350.


LaTeX Warning: Reference `leftend' on page 8 undefined on input line 358.


LaTeX Warning: Reference `S:lemmas' on page 8 undefined on input line 358.

[4]
Overfull \hbox (12.0pt too wide) in paragraph at lines 365--365
[][] 
 []


LaTeX Warning: Reference `leftend' on page 9 undefined on input line 375.


LaTeX Warning: Reference `leftend' on page 9 undefined on input line 375.


LaTeX Warning: Reference `skeldecomp2' on page 9 undefined on input line 380.


LaTeX Warning: Reference `size' on page 9 undefined on input line 380.


LaTeX Warning: Reference `skeldecomp2' on page 9 undefined on input line 380.


LaTeX Warning: Reference `CB' on page 9 undefined on input line 385.


LaTeX Warning: Reference `skeldecomp' on page 9 undefined on input line 385.


LaTeX Warning: Reference `twocases' on page 9 undefined on input line 391.


LaTeX Warning: Reference `timedef' on page 10 undefined on input line 409.


LaTeX Warning: Reference `sbound' on page 10 undefined on input line 409.


LaTeX Warning: Reference `slowlyvar' on page 10 undefined on input line 426.


LaTeX Warning: Reference `twocases' on page 10 undefined on input line 434.


LaTeX Warning: Reference `twocases' on page 10 undefined on input line 434.


LaTeX Warning: Reference `diffspeed' on page 10 undefined on input line 434.


LaTeX Warning: Reference `skeldecomp3' on page 10 undefined on input line 434.


LaTeX Warning: Reference `skeldecomp4' on page 11 undefined on input line 444.


LaTeX Warning: Reference `CB' on page 11 undefined on input line 450.


LaTeX Warning: Reference `skeldecomp4' on page 11 undefined on input line 450.


LaTeX Warning: Reference `hypoth' on page 11 undefined on input line 454.


LaTeX Warning: Reference `skeldecomp5' on page 11 undefined on input line 458.


LaTeX Warning: Reference `mu1bound' on page 12 undefined on input line 492.


LaTeX Warning: Reference `mu1bound' on page 12 undefined on input line 492.


LaTeX Warning: Reference `LD' on page 12 undefined on input line 492.


LaTeX Warning: Reference `markovbound' on page 13 undefined on input line 511.

[5]
Overfull \hbox (12.0pt too wide) in paragraph at lines 541--541
[][] 
 []


LaTeX Warning: Reference `slowlyvar' on page 14 undefined on input line 586.


Overfull \hbox (9.76123pt too wide) in paragraph at lines 586--586
\OT1/cmr/m/n/12 Then by [] and Lemma 2.2  (with $\OML/cmm/m/it/12 n[] \OT1/cmr/
m/n/12 = 2\OML/cmm/m/it/12 n='\OT1/cmr/m/n/12 (\OML/cmm/m/it/12 n\OT1/cmr/m/n/1
2 )$), let-ting $\OML/cmm/m/it/12 T[] \OT1/cmr/m/n/12 = \OML/cmm/m/it/12 T\OT1/
cmr/m/n/12 ((\OML/cmm/m/it/12 ^^[[]; x[]\OT1/cmr/m/n/12 )\OML/cmm/m/it/12 ; \OT
1/cmr/m/n/12 (\OML/cmm/m/it/12 ^^[[]; x[]\OT1/cmr/m/n/12 ))$,
 []


Underfull \vbox (badness 2418) has occurred while \output is active []



LaTeX Warning: Reference `bigprob' on page 15 undefined on input line 586.


LaTeX Warning: Reference `decomp' on page 15 undefined on input line 586.


LaTeX Warning: Reference `properties' on page 15 undefined on input line 631.


LaTeX Warning: Reference `symmpath' on page 15 undefined on input line 631.


LaTeX Warning: Reference `horiz' on page 16 undefined on input line 631.


LaTeX Warning: Reference `cancel' on page 16 undefined on input line 631.

(source_extraction/results/1101.1549.aux)

LaTeX Warning: There were undefined references.

 ) 
Here is how much of TeX's memory you used:
 2697 strings out of 494260
 31406 string characters out of 6168642
 104345 words of memory out of 5000000
 5882 multiletter control sequences out of 15000+600000
 13124 words of font info for 49 fonts, out of 8000000 for 9000
 658 hyphenation exceptions out of 8191
 34i,20n,32p,1690b,342s stack positions out of 5000i,500n,10000p,200000b,80000s
</usr/share/texlive/texmf-dist/fonts/type1/public/amsfonts/cm/cmbx12.pfb></us
r/share/texlive/texmf-dist/fonts/type1/public/amsfonts/cm/cmex10.pfb></usr/shar
e/texlive/texmf-dist/fonts/type1/public/amsfonts/cm/cmmi12.pfb></usr/share/texl
ive/texmf-dist/fonts/type1/public/amsfonts/cm/cmmi6.pfb></usr/share/texlive/tex
mf-dist/fonts/type1/public/amsfonts/cm/cmmi8.pfb></usr/share/texlive/texmf-dist
/fonts/type1/public/amsfonts/cm/cmr12.pfb></usr/share/texlive/texmf-dist/fonts/
type1/public/amsfonts/cm/cmr6.pfb></usr/share/texlive/texmf-dist/fonts/type1/pu
blic/amsfonts/cm/cmr8.pfb></usr/share/texlive/texmf-dist/fonts/type1/public/ams
fonts/cm/cmsy10.pfb></usr/share/texlive/texmf-dist/fonts/type1/public/amsfonts/
cm/cmsy8.pfb></usr/share/texlive/texmf-dist/fonts/type1/public/amsfonts/cm/cmti
12.pfb></usr/share/texlive/texmf-dist/fonts/type1/public/amsfonts/symbols/msbm1
0.pfb>
Output written on source_extraction/results/1101.1549.pdf (5 pages, 111420 byte
s).
PDF statistics:
 68 PDF objects out of 1000 (max. 8388607)
 48 compressed objects within 1 object stream
 0 named destinations out of 1000 (max. 500000)
 1 words of extra memory for PDF output out of 10000 (max. 10000000)

