This is pdfTeX, Version 3.14159265-2.6-1.40.18 (TeX Live 2017/Debian) (preloaded format=pdflatex 2018.11.16)  29 NOV 2018 14:49
entering extended mode
 restricted \write18 enabled.
 %&-line parsing enabled.
**source_extraction/results/1103.1174.tex
(./source_extraction/results/1103.1174.tex
LaTeX2e <2017-04-15>
Babel <3.18> and hyphenation patterns for 20 language(s) loaded.
(/usr/share/texlive/texmf-dist/tex/latex/base/article.cls
Document Class: article 2014/09/29 v1.4h Standard LaTeX document class
(/usr/share/texlive/texmf-dist/tex/latex/base/size11.clo
File: size11.clo 2014/09/29 v1.4h Standard LaTeX file (size option)
)
\c@part=\count79
\c@section=\count80
\c@subsection=\count81
\c@subsubsection=\count82
\c@paragraph=\count83
\c@subparagraph=\count84
\c@figure=\count85
\c@table=\count86
\abovecaptionskip=\skip41
\belowcaptionskip=\skip42
\bibindent=\dimen102
)
(/usr/share/texlive/texmf-dist/tex/generic/babel/babel.sty
Package: babel 2018/02/14 3.18 The Babel package

(/usr/share/texlive/texmf-dist/tex/generic/babel/switch.def
File: switch.def 2018/02/14 3.18 Babel switching mechanism
)
(/usr/share/texlive/texmf-dist/tex/generic/babel-english/english.ldf
Language: english 2017/06/06 v3.3r English support from the babel system

(/usr/share/texlive/texmf-dist/tex/generic/babel/babel.def
File: babel.def 2018/02/14 3.18 Babel common definitions
\babel@savecnt=\count87
\U@D=\dimen103

(/usr/share/texlive/texmf-dist/tex/generic/babel/txtbabel.def)
\bbl@dirlevel=\count88
)
\l@canadian = a dialect from \language\l@american 
\l@australian = a dialect from \language\l@british 
\l@newzealand = a dialect from \language\l@british 
))
(/usr/share/texlive/texmf-dist/tex/latex/amsfonts/amsfonts.sty
Package: amsfonts 2013/01/14 v3.01 Basic AMSFonts support
\@emptytoks=\toks14
\symAMSa=\mathgroup4
\symAMSb=\mathgroup5
LaTeX Font Info:    Overwriting math alphabet `\mathfrak' in version `bold'
(Font)                  U/euf/m/n --> U/euf/b/n on input line 106.
)
(/usr/share/texlive/texmf-dist/tex/latex/a4wide/a4wide.sty
Package: a4wide 1994/08/30

(/usr/share/texlive/texmf-dist/tex/latex/ntgclass/a4.sty
Package: a4 2004/04/15 v1.2g A4 based page layout
))
(/usr/share/texlive/texmf-dist/tex/latex/tools/bm.sty
Package: bm 2017/01/16 v1.2c Bold Symbol Support (DPC/FMi)
\symboldoperators=\mathgroup6
\symboldletters=\mathgroup7
\symboldsymbols=\mathgroup8
LaTeX Font Info:    Redeclaring math alphabet \mathbf on input line 141.
LaTeX Info: Redefining \bm on input line 207.
)
(/usr/share/texlive/texmf-dist/tex/latex/url/url.sty
\Urlmuskip=\muskip10
Package: url 2013/09/16  ver 3.4  Verb mode for urls, etc.
)
(/usr/share/texlive/texmf-dist/tex/latex/amsmath/amsmath.sty
Package: amsmath 2017/09/02 v2.17a AMS math features
\@mathmargin=\skip43

For additional information on amsmath, use the `?' option.
(/usr/share/texlive/texmf-dist/tex/latex/amsmath/amstext.sty
Package: amstext 2000/06/29 v2.01 AMS text

(/usr/share/texlive/texmf-dist/tex/latex/amsmath/amsgen.sty
File: amsgen.sty 1999/11/30 v2.0 generic functions
\@emptytoks=\toks15
\ex@=\dimen104
))
(/usr/share/texlive/texmf-dist/tex/latex/amsmath/amsbsy.sty
Package: amsbsy 1999/11/29 v1.2d Bold Symbols
LaTeX Info: Redefining \boldsymbol on input line 28.
\pmbraise@=\dimen105
)
(/usr/share/texlive/texmf-dist/tex/latex/amsmath/amsopn.sty
Package: amsopn 2016/03/08 v2.02 operator names
)
\inf@bad=\count89
LaTeX Info: Redefining \frac on input line 213.
\uproot@=\count90
\leftroot@=\count91
LaTeX Info: Redefining \overline on input line 375.
\classnum@=\count92
\DOTSCASE@=\count93
LaTeX Info: Redefining \ldots on input line 472.
LaTeX Info: Redefining \dots on input line 475.
LaTeX Info: Redefining \cdots on input line 596.
\Mathstrutbox@=\box26
\strutbox@=\box27
\big@size=\dimen106
LaTeX Font Info:    Redeclaring font encoding OML on input line 712.
LaTeX Font Info:    Redeclaring font encoding OMS on input line 713.
\macc@depth=\count94
\c@MaxMatrixCols=\count95
\dotsspace@=\muskip11
\c@parentequation=\count96
\dspbrk@lvl=\count97
\tag@help=\toks16
\row@=\count98
\column@=\count99
\maxfields@=\count100
\andhelp@=\toks17
\eqnshift@=\dimen107
\alignsep@=\dimen108
\tagshift@=\dimen109
\tagwidth@=\dimen110
\totwidth@=\dimen111
\lineht@=\dimen112
\@envbody=\toks18
\multlinegap=\skip44
\multlinetaggap=\skip45
\mathdisplay@stack=\toks19
LaTeX Info: Redefining \[ on input line 2817.
LaTeX Info: Redefining \] on input line 2818.
)
(/usr/share/texlive/texmf-dist/tex/latex/amsfonts/amssymb.sty
Package: amssymb 2013/01/14 v3.01 AMS font symbols
)
(/usr/share/texlive/texmf-dist/tex/latex/amscls/amsthm.sty
Package: amsthm 2017/10/31 v2.20.4
\thm@style=\toks20
\thm@bodyfont=\toks21
\thm@headfont=\toks22
\thm@notefont=\toks23
\thm@headpunct=\toks24
\thm@preskip=\skip46
\thm@postskip=\skip47
\thm@headsep=\skip48
\dth@everypar=\toks25
) (./extract.sty
(/usr/share/texlive/texmf-dist/tex/latex/environ/environ.sty
Package: environ 2014/05/04 v0.3 A new way to define environments

(/usr/share/texlive/texmf-dist/tex/latex/trimspaces/trimspaces.sty
Package: trimspaces 2009/09/17 v1.1 Trim spaces around a token list
))
(/usr/share/texlive/texmf-dist/tex/latex/etextools/etextools.sty
Package: etextools 2010/12/07 v3.1415926 e-TeX more useful tools for LaTeX pack
age writers

(/usr/share/texlive/texmf-dist/tex/latex/etex-pkg/etex.sty
Package: etex 2016/08/01 v2.7 eTeX basic definition package (PEB,DPC)
\et@xins=\count101
)
(/usr/share/texlive/texmf-dist/tex/latex/etoolbox/etoolbox.sty
Package: etoolbox 2018/02/11 v2.5e e-TeX tools for LaTeX (JAW)
\etb@tempcnta=\count102
)
(/usr/share/texlive/texmf-dist/tex/latex/oberdiek/letltxmacro.sty
Package: letltxmacro 2016/05/16 v1.5 Let assignment for LaTeX macros (HO)
)
\ettl@fter=\count103
\ettl@for@nested=\count277
)
(/usr/share/texmf/tex/latex/preview/preview.sty
Package: preview 2017/04/24 11.91 (AUCTeX/preview-latex)

(/usr/share/texmf/tex/latex/preview/prtightpage.def
\PreviewBorder=\dimen113
)
\pr@snippet=\count104
\pr@box=\box28
\pr@output=\toks26
)
\c@propcounter=\count105
\mybox=\box29
)
\c@theorem=\count106
\c@theoremBDVV=\count107
\c@theoremVV=\count108
\c@c=\count109
\c@tmpabcd=\count110
\c@tmpnum=\count111
\c@tmprome=\count112

(source_extraction/results/1103.1174.aux)
\openout1 = `1103.1174.aux'.

LaTeX Font Info:    Checking defaults for OML/cmm/m/it on input line 231.
LaTeX Font Info:    ... okay on input line 231.
LaTeX Font Info:    Checking defaults for T1/cmr/m/n on input line 231.
LaTeX Font Info:    ... okay on input line 231.
LaTeX Font Info:    Checking defaults for OT1/cmr/m/n on input line 231.
LaTeX Font Info:    ... okay on input line 231.
LaTeX Font Info:    Checking defaults for OMS/cmsy/m/n on input line 231.
LaTeX Font Info:    ... okay on input line 231.
LaTeX Font Info:    Checking defaults for OMX/cmex/m/n on input line 231.
LaTeX Font Info:    ... okay on input line 231.
LaTeX Font Info:    Checking defaults for U/cmr/m/n on input line 231.
LaTeX Font Info:    ... okay on input line 231.

Preview: Fontsize 10.95pt
Preview: PDFoutput 1
LaTeX Font Info:    Try loading font information for U+msa on input line 241.
(/usr/share/texlive/texmf-dist/tex/latex/amsfonts/umsa.fd
File: umsa.fd 2013/01/14 v3.01 AMS symbols A
)
LaTeX Font Info:    Try loading font information for U+msb on input line 241.

(/usr/share/texlive/texmf-dist/tex/latex/amsfonts/umsb.fd
File: umsb.fd 2013/01/14 v3.01 AMS symbols B
)
LaTeX Font Info:    Try loading font information for OMS+cmr on input line 241.


(/usr/share/texlive/texmf-dist/tex/latex/base/omscmr.fd
File: omscmr.fd 2014/09/29 v2.5h Standard LaTeX font definitions
)
LaTeX Font Info:    Font shape `OMS/cmr/m/n' in size <8> not available
(Font)              Font shape `OMS/cmsy/m/n' tried instead on input line 241.
LaTeX Font Info:    Font shape `OMS/cmr/m/n' in size <6> not available
(Font)              Font shape `OMS/cmsy/m/n' tried instead on input line 241.


LaTeX Warning: Reference `intro_ordzP' on page 2 undefined on input line 277.


LaTeX Warning: Reference `intro_ordzP' on page 2 undefined on input line 277.

LaTeX Font Info:    Font shape `OMS/cmr/m/n' in size <10.95> not available
(Font)              Font shape `OMS/cmsy/m/n' tried instead on input line 281.

LaTeX Warning: Reference `intro_section_presentation' on page 2 undefined on in
put line 285.


LaTeX Warning: Reference `introduction_BrMas_est' on page 2 undefined on input 
line 301.


LaTeX Warning: Reference `relsNesternko' on page 3 undefined on input line 314.



LaTeX Warning: Reference `subsection_ApplicationsDifferential' on page 3 undefi
ned on input line 316.


LaTeX Warning: Reference `relsNesternko' on page 3 undefined on input line 318.



LaTeX Warning: Reference `relsNesternko' on page 3 undefined on input line 318.



LaTeX Warning: Reference `bestSiegel' on page 3 undefined on input line 320.


LaTeX Warning: Reference `intro_estTopfer' on page 3 undefined on input line 34
3.


LaTeX Warning: Reference `intro_estNishioka' on page 3 undefined on input line 
343.


LaTeX Warning: Reference `relsNishioka' on page 3 undefined on input line 345.


LaTeX Warning: Reference `relsTopfer' on page 4 undefined on input line 349.


LaTeX Warning: Reference `relsTopfer' on page 4 undefined on input line 349.


LaTeX Warning: Reference `degphiQleqdegQ' on page 4 undefined on input line 356
.


LaTeX Warning: Reference `condition_T2_facile' on page 4 undefined on input lin
e 357.


LaTeX Warning: Reference `degphiQleqdegQ' on page 5 undefined on input line 397
.


LaTeX Warning: Reference `condition_T2_facile' on page 5 undefined on input lin
e 397.

Preview: Tightpage -32891 -32891 32891 32891
[1{/var/lib/texmf/fonts/map/pdftex/updmap/pdftex.map}]
Overfull \hbox (17.0pt too wide) in paragraph at lines 397--397
[][] 
 []

[2]
Overfull \hbox (17.0pt too wide) in paragraph at lines 409--409
[][] 
 []


LaTeX Warning: Reference `sectionNishioka' on page 6 undefined on input line 41
1.


LaTeX Warning: Reference `intro_defT2' on page 6 undefined on input line 418.


LaTeX Warning: Reference `relsTopfer' on page 6 undefined on input line 418.


LaTeX Warning: Reference `intro_defT2' on page 6 undefined on input line 435.


LaTeX Warning: Reference `intro_relsTopfer2' on page 6 undefined on input line 
435.

[3]
Underfull \hbox (badness 10000) in paragraph at lines 424--435
[]\OT1/cmr/m/n/10.95 Our study of $\OMS/cmsy/m/n/10.95 T$\OT1/cmr/m/n/10.95 -st
able va-ri-eties al-lows to ver-ify con-di-tion (154 ) of
 []


Underfull \hbox (badness 10000) in paragraph at lines 424--435
\OT1/cmr/m/n/10.95 The-o-rem 6.12  (a coun-ter-part of con-di-tion (12 ) of The
-o-rem 1.1 ) in
 []


Underfull \hbox (badness 10000) in paragraph at lines 424--435
\OT1/cmr/m/n/10.95 this case. So we es-tab-lish the fol-low-ing un-con-di-tiona
l mul-ti-plic-ity lemma:
 []

[4]
Overfull \hbox (17.0pt too wide) in paragraph at lines 453--453
[][] 
 []


LaTeX Warning: Reference `degphiQleqdegQ' on page 8 undefined on input line 471
.


LaTeX Warning: Reference `condition_T2_facile' on page 8 undefined on input lin
e 471.

[5]
Overfull \hbox (17.0pt too wide) in paragraph at lines 471--471
[][] 
 []

[6]
Overfull \hbox (17.0pt too wide) in paragraph at lines 477--477
[][] 
 []


LaTeX Warning: Reference `degphiQleqdegQ' on page 8 undefined on input line 488
.

[7]
Overfull \hbox (17.0pt too wide) in paragraph at lines 495--495
[][] 
 []

[8]
Overfull \hbox (17.0pt too wide) in paragraph at lines 512--512
[][] 
 []

[9] [10]
Overfull \hbox (17.0pt too wide) in paragraph at lines 528--528
[][] 
 []

[11]
Overfull \hbox (17.0pt too wide) in paragraph at lines 534--534
[][] 
 []

[12]
Overfull \hbox (17.0pt too wide) in paragraph at lines 538--538
[][] 
 []

[13]
Overfull \hbox (17.0pt too wide) in paragraph at lines 556--556
[][] 
 []

[14]
Overfull \hbox (17.0pt too wide) in paragraph at lines 570--570
[][] 
 []

[15]
Overfull \hbox (17.0pt too wide) in paragraph at lines 585--585
[][] 
 []


LaTeX Warning: Reference `x_equalize1' on page 11 undefined on input line 636.


LaTeX Warning: Reference `x_ni_AssJe' on page 11 undefined on input line 636.


LaTeX Warning: Reference `xphiJe_subset_Je1' on page 11 undefined on input line
 636.


LaTeX Warning: Reference `Tx_nest_divzero' on page 11 undefined on input line 6
36.

[16]
Overfull \hbox (17.0pt too wide) in paragraph at lines 642--642
[][] 
 []

[17]
Overfull \hbox (17.0pt too wide) in paragraph at lines 664--664
[][] 
 []

[18]
Overfull \hbox (17.0pt too wide) in paragraph at lines 692--692
[][] 
 []

[19]
Overfull \hbox (17.0pt too wide) in paragraph at lines 704--704
[][] 
 []


LaTeX Warning: Reference `degphiQleqdegQ' on page 12 undefined on input line 70
7.


LaTeX Warning: Reference `section_proof_LemmeCor14NumberW' on page 13 undefined
 on input line 710.


Underfull \hbox (badness 1097) in paragraph at lines 729--730
\OT1/cmr/m/n/10.95 we can as-so-ciate a bi-projective (resp. pro-jec-tive) va-r
i-ety $\OMS/cmsy/m/n/10.95 V$\OT1/cmr/m/n/10.95 (I), thus defin-ing
 []


Underfull \hbox (badness 3724) in paragraph at lines 752--752
[]\OT1/cmr/m/it/10.95 If $[] \OT1/cmr/m/n/10.95 = (\OML/cmm/m/it/10.95 x[]; [] 
; x[]\OT1/cmr/m/n/10.95 ) \OMS/cmsy/m/n/10.95 2 \U/msb/m/n/10.95 |\OT1/cmr/m/n/
10.95 ((\OML/cmm/m/it/10.95 z\OT1/cmr/m/n/10.95 ))[]$\OT1/cmr/m/it/10.95 , we d
e-fine $[][] \OT1/cmr/m/n/10.95 =
 []

[20]
Underfull \hbox (badness 10000) in paragraph at lines 734--752
[]\OT1/cmr/m/n/10.95 In or-der to make this ar-ti-cle more self-containing we i
n-tro-duce briefly
 []


Underfull \hbox (badness 10000) in paragraph at lines 734--752
\OT1/cmr/m/n/10.95 these no-tions (how-ever for $[]$ we are forced to give just
 a short il-
 []


Underfull \hbox (badness 10000) in paragraph at lines 734--752
\OT1/cmr/m/n/10.95 lus-tra-tion, be-cause tech-ni-cal de-tails are quite com-pl
i-cated in this case).
 []


LaTeX Warning: Reference `defin_ordOrd_Ord2' on page 14 undefined on input line
 753.


LaTeX Warning: Reference `defin_ordOrd_Ord2' on page 15 undefined on input line
 757.

[21]
Overfull \hbox (17.0pt too wide) in paragraph at lines 780--780
[][] 
 []

[22]
Overfull \hbox (17.0pt too wide) in paragraph at lines 790--790
[][] 
 []

[23]
Underfull \hbox (badness 3219) in paragraph at lines 795--808
[]\OT1/cmr/m/n/10.95 In the fol-low-ing def-i-ni-tion we as-so-ciate to each bi
-projective ideal $\OML/cmm/m/it/10.95 I$ \OT1/cmr/m/n/10.95 a cou-
 []


Underfull \hbox (badness 1881) in paragraph at lines 795--808
\OT1/cmr/m/n/10.95 ple of in-te-gers, $[]$. This quan-tity plays an im-por-tant
 role in our ar-
 []


Underfull \hbox (badness 3907) in paragraph at lines 795--808
\OT1/cmr/m/n/10.95 ti-cle (though it seems to be a lit-tle bit too com-pli-cate
d at first glance), so
 []


Underfull \hbox (badness 3138) in paragraph at lines 795--808
\OT1/cmr/m/n/10.95 we make a short in-tu-itive com-ment in Re-mark 2.21  just a
f-ter the def-i-ni-tion.
 []


LaTeX Warning: Reference `degphiQleqdegQ' on page 15 undefined on input line 81
9.

[24]
Overfull \hbox (17.0pt too wide) in paragraph at lines 819--819
[][] 
 []

[25]
Underfull \hbox (badness 10000) in paragraph at lines 820--827
[]\OT1/cmr/m/n/10.95 Here is the first prop-erty of the quan-tity $[]$.
 []

[26]
Overfull \hbox (17.0pt too wide) in paragraph at lines 831--831
[][] 
 []


LaTeX Warning: Reference `degphiQleqdegQ' on page 16 undefined on input line 85
7.

[27]
Underfull \hbox (badness 2503) in paragraph at lines 833--857
[]\OT1/cmr/m/n/10.95 We in-tro-duce now a key no-tion of forth-com-ing proofs. 
As be-fore, we dis-
 []


Underfull \hbox (badness 7256) in paragraph at lines 833--857
\OT1/cmr/m/n/10.95 cuss the no-tions in-tro-duced here in Re-mark 2.25  just af
-ter the def-i-ni-tion
 []

[28]
Overfull \hbox (17.0pt too wide) in paragraph at lines 862--862
[][] 
 []

[29]
Overfull \hbox (17.0pt too wide) in paragraph at lines 868--868
[][] 
 []

[30]
Overfull \hbox (17.0pt too wide) in paragraph at lines 875--875
[][] 
 []

[31]
Overfull \hbox (17.0pt too wide) in paragraph at lines 897--897
[][] 
 []


LaTeX Warning: Reference `LemmeProp14_ie1_1' on page 18 undefined on input line
 943.


LaTeX Warning: Reference `LemmeProp14_degW_geq_1_1' on page 18 undefined on inp
ut line 943.


LaTeX Warning: Reference `LemmeProp14_Hgmajoration_1' on page 18 undefined on i
nput line 943.


LaTeX Warning: Reference `LemmeProp14_Hgminoration_1' on page 18 undefined on i
nput line 943.


LaTeX Warning: Reference `LemmeProp14_Hgmajoration2_1' on page 18 undefined on 
input line 943.

[32]
Overfull \hbox (17.0pt too wide) in paragraph at lines 952--952
[][] 
 []


LaTeX Warning: Reference `degDecomposition_1' on page 19 undefined on input lin
e 1014.


LaTeX Warning: Reference `htDecomposition_1' on page 19 undefined on input line
 1014.


LaTeX Warning: Reference `majorationTordue_1' on page 20 undefined on input lin
e 1014.


LaTeX Warning: Reference `minorationDegHtRightParm_1' on page 20 undefined on i
nput line 1014.


LaTeX Warning: Reference `minorationDegQ_1' on page 20 undefined on input line 
1014.


LaTeX Warning: Reference `minorationDegHtRightParm_1' on page 20 undefined on i
nput line 1014.


LaTeX Warning: Reference `majorationm_pre_1' on page 20 undefined on input line
 1014.

[33]
Overfull \hbox (17.0pt too wide) in paragraph at lines 1058--1058
[][] 
 []


LaTeX Warning: Reference `LdT_preuve_cor_conclusion_deg' on page 22 undefined o
n input line 1104.


LaTeX Warning: Reference `LdT_preuve_majoration_hdeg' on page 22 undefined on i
nput line 1104.


LaTeX Warning: Reference `LdT_preuve_degX0etadelta' on page 22 undefined on inp
ut line 1104.


LaTeX Warning: Reference `LdT_preuve_cor_conclusion_Ord' on page 22 undefined o
n input line 1104.

[34]
Overfull \hbox (17.0pt too wide) in paragraph at lines 1111--1111
[][] 
 []

[35]
Overfull \hbox (17.0pt too wide) in paragraph at lines 1126--1126
[][] 
 []

[36]
Overfull \hbox (17.0pt too wide) in paragraph at lines 1137--1137
[][] 
 []

[37]
Overfull \hbox (17.0pt too wide) in paragraph at lines 1167--1167
[][] 
 []


LaTeX Warning: Reference `dist_alpha_Ord_assezgrand' on page 24 undefined on in
put line 1336.


LaTeX Warning: Reference `dist_alpha_soit0_soit1' on page 24 undefined on input
 line 1336.


LaTeX Warning: Reference `dist_alpha_choix_ab' on page 24 undefined on input li
ne 1336.


LaTeX Warning: Reference `ie_Qab' on page 24 undefined on input line 1336.


LaTeX Warning: Reference `dist_alpha_cas_a' on page 25 undefined on input line 
1336.


LaTeX Warning: Reference `dist_alpha_est_ab' on page 25 undefined on input line
 1336.


LaTeX Warning: Reference `dist_alpha_cas_b' on page 25 undefined on input line 
1336.


LaTeX Warning: Reference `dist_alpha_suffit_cas_a' on page 25 undefined on inpu
t line 1336.


LaTeX Warning: Reference `ie_dist_alpha_suffit_cas_b' on page 25 undefined on i
nput line 1336.


LaTeX Warning: Reference `ie_dist_alpha_suffit_cas_b' on page 25 undefined on i
nput line 1336.


LaTeX Warning: Reference `dist_alpha_suffit_cas_b' on page 25 undefined on inpu
t line 1336.


LaTeX Warning: Reference `dist_alpha_est_ab' on page 25 undefined on input line
 1336.


LaTeX Warning: Reference `dist_alpha_choix_ab' on page 25 undefined on input li
ne 1336.


LaTeX Warning: Reference `thetaMaj' on page 26 undefined on input line 1336.


LaTeX Warning: Reference `majorationZf' on page 26 undefined on input line 1336
.


LaTeX Warning: Reference `dist_alpha_ie1' on page 27 undefined on input line 13
36.


LaTeX Warning: Reference `subsection_general_framework' on page 27 undefined on
 input line 1342.


LaTeX Warning: Reference `degphiQleqdegQ' on page 27 undefined on input line 13
42.


LaTeX Warning: Reference `condition_T2_facile' on page 27 undefined on input li
ne 1342.


LaTeX Warning: Reference `definitions_comm_algebra' on page 27 undefined on inp
ut line 1342.


LaTeX Warning: Reference `definitions_multiprojective_dg' on page 27 undefined 
on input line 1342.

[38] [39]
Overfull \hbox (17.0pt too wide) in paragraph at lines 1381--1381
[][] 
 []

[40]
Overfull \hbox (17.0pt too wide) in paragraph at lines 1384--1384
[][] 
 []

[41]
Overfull \hbox (17.0pt too wide) in paragraph at lines 1417--1417
[][] 
 []


LaTeX Warning: Reference `PropositionLdMprincipal_alpha_c1' on page 30 undefine
d on input line 1575.


LaTeX Warning: Reference `PropositionLdMprincipal_alpha_c2' on page 30 undefine
d on input line 1575.


LaTeX Warning: Reference `condition_T2_facile' on page 30 undefined on input li
ne 1575.


LaTeX Warning: Reference `point_Crucial' on page 30 undefined on input line 157
5.


LaTeX Warning: Reference `point_Crucial_1' on page 30 undefined on input line 1
575.


LaTeX Warning: Reference `PropositionLdMprincipal_ie0' on page 30 undefined on 
input line 1575.


LaTeX Warning: Reference `cnstCgrande' on page 30 undefined on input line 1575.



LaTeX Warning: Reference `PropositionLdMprincipal_ie1_1' on page 30 undefined o
n input line 1575.


LaTeX Warning: Reference `PropositionLdMprincipal_ie1' on page 30 undefined on 
input line 1575.


LaTeX Warning: Reference `cnstCgrande' on page 30 undefined on input line 1575.



LaTeX Warning: Reference `PropositionLdMprincipal_majoration_deg_Q' on page 31 
undefined on input line 1575.


LaTeX Warning: Reference `PropositionLdMprincipal_ie15' on page 31 undefined on
 input line 1575.


LaTeX Warning: Reference `PropositionLdMprincipal_ie2' on page 31 undefined on 
input line 1575.


LaTeX Warning: Reference `PropositionLdMprincipal_incl_e0p1' on page 31 undefin
ed on input line 1575.


LaTeX Warning: Reference `e0plus1Total' on page 31 undefined on input line 1575
.


LaTeX Warning: Reference `PropositionLdMprincipal_est_rg_rgP' on page 31 undefi
ned on input line 1575.


LaTeX Warning: Reference `cnstCgrande' on page 31 undefined on input line 1575.


[42]
Overfull \hbox (17.0pt too wide) in paragraph at lines 1596--1596
[][] 
 []


LaTeX Warning: Reference `phiep1_nss_Je' on page 32 undefined on input line 167
6.


LaTeX Warning: Reference `ie_Jep1_Je' on page 32 undefined on input line 1676.


LaTeX Warning: Reference `ie_Jep1_Je' on page 32 undefined on input line 1676.


LaTeX Warning: Reference `Jep1_sps_Je' on page 32 undefined on input line 1676.



LaTeX Warning: Reference `Jep1_eq_Je' on page 33 undefined on input line 1676.


LaTeX Warning: Reference `rgrgJJ' on page 33 undefined on input line 1676.


LaTeX Warning: Reference `def_cn' on page 33 undefined on input line 1769.


LaTeX Warning: Reference `Cestgrande' on page 34 undefined on input line 1769.


LaTeX Warning: Reference `e_bornee' on page 34 undefined on input line 1769.


LaTeX Warning: Reference `Cestgrande' on page 35 undefined on input line 1769.


LaTeX Warning: Reference `estdegQ' on page 35 undefined on input line 1769.


LaTeX Warning: Reference `estdeg1Q' on page 35 undefined on input line 1769.


LaTeX Warning: Reference `estordQ' on page 35 undefined on input line 1769.


LaTeX Warning: Reference `Cestgrande' on page 35 undefined on input line 1769.


LaTeX Warning: Reference `syst_diff' on page 35 undefined on input line 1782.


LaTeX Warning: Reference `syst_diff' on page 36 undefined on input line 1825.

[43]
Overfull \hbox (17.0pt too wide) in paragraph at lines 1825--1825
[][] 
 []


LaTeX Warning: Reference `syst_diff' on page 36 undefined on input line 1831.

[44]
Overfull \hbox (17.0pt too wide) in paragraph at lines 1831--1831
[][] 
 []


LaTeX Warning: Reference `syst_diff' on page 36 undefined on input line 1858.

[45]
Overfull \hbox (17.0pt too wide) in paragraph at lines 1858--1858
[][] 
 []


LaTeX Warning: Reference `Dxa_in_J' on page 37 undefined on input line 1898.


LaTeX Warning: Reference `LMGPD_Leibnitz' on page 37 undefined on input line 18
98.


LaTeX Warning: Reference `defT2' on page 38 undefined on input line 1928.


LaTeX Warning: Reference `relsTopfer' on page 38 undefined on input line 1928.


LaTeX Warning: Reference `relsTopfer' on page 38 undefined on input line 1928.


LaTeX Warning: Reference `defT2' on page 38 undefined on input line 1928.

[46]
Overfull \hbox (17.0pt too wide) in paragraph at lines 1928--1928
[][] 
 []


LaTeX Warning: Reference `defT2' on page 38 undefined on input line 1932.

[47]
Overfull \hbox (17.0pt too wide) in paragraph at lines 1932--1932
[][] 
 []


LaTeX Warning: Reference `defT2' on page 38 undefined on input line 1936.

[48]
Overfull \hbox (17.0pt too wide) in paragraph at lines 1936--1936
[][] 
 []

[49]
Overfull \hbox (17.0pt too wide) in paragraph at lines 1940--1940
[][] 
 []

[50]
Overfull \hbox (17.0pt too wide) in paragraph at lines 1948--1948
[][] 
 []

[51]
Overfull \hbox (17.0pt too wide) in paragraph at lines 1955--1955
[][] 
 []

[52]
Overfull \hbox (17.0pt too wide) in paragraph at lines 1972--1972
[][] 
 []

[53]
Overfull \hbox (17.0pt too wide) in paragraph at lines 2014--2014
[][] 
 []


LaTeX Warning: Reference `defT2' on page 40 undefined on input line 2062.

[54]
Overfull \hbox (17.0pt too wide) in paragraph at lines 2062--2062
[][] 
 []


LaTeX Warning: Reference `degphiQleqdegQ' on page 40 undefined on input line 21
03.


LaTeX Warning: Reference `condition_T2_facile' on page 40 undefined on input li
ne 2103.


LaTeX Warning: Reference `defT2' on page 41 undefined on input line 2107.


LaTeX Warning: Reference `defT2' on page 41 undefined on input line 2111.

[55]
Overfull \hbox (17.0pt too wide) in paragraph at lines 2151--2151
[][] 
 []

[56]
Overfull \hbox (17.0pt too wide) in paragraph at lines 2160--2160
[][] 
 []

[57]
Overfull \hbox (17.0pt too wide) in paragraph at lines 2169--2169
[][] 
 []

[58]
Overfull \hbox (17.0pt too wide) in paragraph at lines 2178--2178
[][] 
 []


LaTeX Warning: Reference `sectionNishioka_alphabeta' on page 43 undefined on in
put line 2192.


LaTeX Warning: Reference `sectionNishioka_ieq2' on page 43 undefined on input l
ine 2192.


LaTeX Warning: Reference `defT2' on page 43 undefined on input line 2253.


LaTeX Warning: Reference `sectionNishioka_ieq1_1' on page 43 undefined on input
 line 2253.


LaTeX Warning: Reference `theoremeNishioka_ieq1' on page 43 undefined on input 
line 2253.


LaTeX Warning: Reference `theoremeNishioka_ieq1' on page 43 undefined on input 
line 2253.


LaTeX Warning: Reference `theoremeNishioka_Ord_alpha_f_est_grand' on page 44 un
defined on input line 2253.


LaTeX Warning: Reference `theoremeNishioka_ieq1' on page 44 undefined on input 
line 2253.


LaTeX Warning: Reference `theoremeNishioka_Ord_tildealpha_f_est_grand' on page 
44 undefined on input line 2253.


LaTeX Warning: Reference `theoremeNishioka_ieq1_2' on page 44 undefined on inpu
t line 2253.


LaTeX Warning: Reference `defT2' on page 44 undefined on input line 2253.


LaTeX Warning: Reference `theoremeNishioka_ieq1_2' on page 44 undefined on inpu
t line 2253.

Missing character: There is no – in font cmr10!
Missing character: There is no “ in font cmr10!
Missing character: There is no ” in font cmr10!
Missing character: There is no – in font cmr10!
(source_extraction/results/1103.1174.aux)

LaTeX Warning: There were undefined references.

 ) 
Here is how much of TeX's memory you used:
 3451 strings out of 494260
 43724 string characters out of 6168642
 155876 words of memory out of 5000000
 6732 multiletter control sequences out of 15000+600000
 24273 words of font info for 87 fonts, out of 8000000 for 9000
 497 hyphenation exceptions out of 8191
 30i,21n,27p,1032b,320s stack positions out of 5000i,500n,10000p,200000b,80000s
</usr/share/texlive/texmf-dist/fonts/type1/public/amsfonts/cm/cmbx10.pfb></us
r/share/texlive/texmf-dist/fonts/type1/public/amsfonts/cm/cmex10.pfb></usr/shar
e/texlive/texmf-dist/fonts/type1/public/amsfonts/cm/cmmi10.pfb></usr/share/texl
ive/texmf-dist/fonts/type1/public/amsfonts/cm/cmmi6.pfb></usr/share/texlive/tex
mf-dist/fonts/type1/public/amsfonts/cm/cmmi8.pfb></usr/share/texlive/texmf-dist
/fonts/type1/public/amsfonts/cm/cmr10.pfb></usr/share/texlive/texmf-dist/fonts/
type1/public/amsfonts/cm/cmr6.pfb></usr/share/texlive/texmf-dist/fonts/type1/pu
blic/amsfonts/cm/cmr8.pfb></usr/share/texlive/texmf-dist/fonts/type1/public/ams
fonts/cm/cmsy10.pfb></usr/share/texlive/texmf-dist/fonts/type1/public/amsfonts/
cm/cmsy6.pfb></usr/share/texlive/texmf-dist/fonts/type1/public/amsfonts/cm/cmsy
8.pfb></usr/share/texlive/texmf-dist/fonts/type1/public/amsfonts/cm/cmti10.pfb>
</usr/share/texlive/texmf-dist/fonts/type1/public/amsfonts/symbols/msbm10.pfb>
Output written on source_extraction/results/1103.1174.pdf (58 pages, 225186 byt
es).
PDF statistics:
 244 PDF objects out of 1000 (max. 8388607)
 169 compressed objects within 2 object streams
 0 named destinations out of 1000 (max. 500000)
 1 words of extra memory for PDF output out of 10000 (max. 10000000)

