This is pdfTeX, Version 3.14159265-2.6-1.40.18 (TeX Live 2017/Debian) (preloaded format=pdflatex 2018.11.16)  29 NOV 2018 14:49
entering extended mode
 restricted \write18 enabled.
 %&-line parsing enabled.
**source_extraction/results/1104.3264.tex
(./source_extraction/results/1104.3264.tex
LaTeX2e <2017-04-15>
Babel <3.18> and hyphenation patterns for 20 language(s) loaded.
(/usr/share/texlive/texmf-dist/tex/latex/amscls/amsart.cls
Document Class: amsart 2017/10/31 v2.20.4
\linespacing=\dimen102
\normalparindent=\dimen103
\normaltopskip=\skip41
(/usr/share/texlive/texmf-dist/tex/latex/amsmath/amsmath.sty
Package: amsmath 2017/09/02 v2.17a AMS math features
\@mathmargin=\skip42

For additional information on amsmath, use the `?' option.
(/usr/share/texlive/texmf-dist/tex/latex/amsmath/amstext.sty
Package: amstext 2000/06/29 v2.01 AMS text

(/usr/share/texlive/texmf-dist/tex/latex/amsmath/amsgen.sty
File: amsgen.sty 1999/11/30 v2.0 generic functions
\@emptytoks=\toks14
\ex@=\dimen104
))
(/usr/share/texlive/texmf-dist/tex/latex/amsmath/amsbsy.sty
Package: amsbsy 1999/11/29 v1.2d Bold Symbols
\pmbraise@=\dimen105
)
(/usr/share/texlive/texmf-dist/tex/latex/amsmath/amsopn.sty
Package: amsopn 2016/03/08 v2.02 operator names
)
\inf@bad=\count79
LaTeX Info: Redefining \frac on input line 213.
\uproot@=\count80
\leftroot@=\count81
LaTeX Info: Redefining \overline on input line 375.
\classnum@=\count82
\DOTSCASE@=\count83
LaTeX Info: Redefining \ldots on input line 472.
LaTeX Info: Redefining \dots on input line 475.
LaTeX Info: Redefining \cdots on input line 596.
\Mathstrutbox@=\box26
\strutbox@=\box27
\big@size=\dimen106
LaTeX Font Info:    Redeclaring font encoding OML on input line 712.
LaTeX Font Info:    Redeclaring font encoding OMS on input line 713.
\macc@depth=\count84
\c@MaxMatrixCols=\count85
\dotsspace@=\muskip10
\c@parentequation=\count86
\dspbrk@lvl=\count87
\tag@help=\toks15
\row@=\count88
\column@=\count89
\maxfields@=\count90
\andhelp@=\toks16
\eqnshift@=\dimen107
\alignsep@=\dimen108
\tagshift@=\dimen109
\tagwidth@=\dimen110
\totwidth@=\dimen111
\lineht@=\dimen112
\@envbody=\toks17
\multlinegap=\skip43
\multlinetaggap=\skip44
\mathdisplay@stack=\toks18
LaTeX Info: Redefining \[ on input line 2817.
LaTeX Info: Redefining \] on input line 2818.
)
LaTeX Font Info:    Try loading font information for U+msa on input line 398.

(/usr/share/texlive/texmf-dist/tex/latex/amsfonts/umsa.fd
File: umsa.fd 2013/01/14 v3.01 AMS symbols A
)
(/usr/share/texlive/texmf-dist/tex/latex/amsfonts/amsfonts.sty
Package: amsfonts 2013/01/14 v3.01 Basic AMSFonts support
\symAMSa=\mathgroup4
\symAMSb=\mathgroup5
LaTeX Font Info:    Overwriting math alphabet `\mathfrak' in version `bold'
(Font)                  U/euf/m/n --> U/euf/b/n on input line 106.
)
\copyins=\insert199
\abstractbox=\box28
\listisep=\skip45
\c@part=\count91
\c@section=\count92
\c@subsection=\count93
\c@subsubsection=\count94
\c@paragraph=\count95
\c@subparagraph=\count96
\c@figure=\count97
\c@table=\count98
\abovecaptionskip=\skip46
\belowcaptionskip=\skip47
\captionindent=\dimen113
\thm@style=\toks19
\thm@bodyfont=\toks20
\thm@headfont=\toks21
\thm@notefont=\toks22
\thm@headpunct=\toks23
\thm@preskip=\skip48
\thm@postskip=\skip49
\thm@headsep=\skip50
\dth@everypar=\toks24
)
(/usr/share/texlive/texmf-dist/tex/latex/amsfonts/amssymb.sty
Package: amssymb 2013/01/14 v3.01 AMS font symbols
)
(/usr/share/texlive/texmf-dist/tex/latex/psnfss/times.sty
Package: times 2005/04/12 PSNFSS-v9.2a (SPQR) 
)
(/usr/share/texlive/texmf-dist/tex/generic/epsf/epsf.sty
This is `epsf.tex' v2.7.4 <14 February 2011>
\epsffilein=\read1
\epsfframemargin=\dimen114
\epsfframethickness=\dimen115
\epsfrsize=\dimen116
\epsftmp=\dimen117
\epsftsize=\dimen118
\epsfxsize=\dimen119
\epsfysize=\dimen120
\pspoints=\dimen121
) (/usr/share/texlive/texmf-dist/tex/latex/graphics/epsfig.sty
Package: epsfig 2017/06/25 v1.7b (e)psfig emulation (SPQR)

(/usr/share/texlive/texmf-dist/tex/latex/graphics/graphicx.sty
Package: graphicx 2017/06/01 v1.1a Enhanced LaTeX Graphics (DPC,SPQR)

(/usr/share/texlive/texmf-dist/tex/latex/graphics/keyval.sty
Package: keyval 2014/10/28 v1.15 key=value parser (DPC)
\KV@toks@=\toks25
)
(/usr/share/texlive/texmf-dist/tex/latex/graphics/graphics.sty
Package: graphics 2017/06/25 v1.2c Standard LaTeX Graphics (DPC,SPQR)

(/usr/share/texlive/texmf-dist/tex/latex/graphics/trig.sty
Package: trig 2016/01/03 v1.10 sin cos tan (DPC)
)
(/usr/share/texlive/texmf-dist/tex/latex/graphics-cfg/graphics.cfg
File: graphics.cfg 2016/06/04 v1.11 sample graphics configuration
)
Package graphics Info: Driver file: pdftex.def on input line 99.

(/usr/share/texlive/texmf-dist/tex/latex/graphics-def/pdftex.def
File: pdftex.def 2018/01/08 v1.0l Graphics/color driver for pdftex
))
\Gin@req@height=\dimen122
\Gin@req@width=\dimen123
)
\epsfxsize=\dimen124
\epsfysize=\dimen125
)
(/usr/share/texlive/texmf-dist/tex/latex/tools/afterpage.sty
Package: afterpage 2014/10/28 v1.08 After-Page Package (DPC)
\AP@output=\toks26
\AP@partial=\box29
\AP@footins=\box30
)
(/usr/share/texlive/texmf-dist/tex/latex/titlesec/titlesec.sty
Package: titlesec 2016/03/21 v2.10.2 Sectioning titles
\ttl@box=\box31
\beforetitleunit=\skip51
\aftertitleunit=\skip52
\ttl@plus=\dimen126
\ttl@minus=\dimen127
\ttl@toksa=\toks27
\titlewidth=\dimen128
\titlewidthlast=\dimen129
\titlewidthfirst=\dimen130
) (./extract.sty
(/usr/share/texlive/texmf-dist/tex/latex/environ/environ.sty
Package: environ 2014/05/04 v0.3 A new way to define environments

(/usr/share/texlive/texmf-dist/tex/latex/trimspaces/trimspaces.sty
Package: trimspaces 2009/09/17 v1.1 Trim spaces around a token list
))
(/usr/share/texlive/texmf-dist/tex/latex/etextools/etextools.sty
Package: etextools 2010/12/07 v3.1415926 e-TeX more useful tools for LaTeX pack
age writers

(/usr/share/texlive/texmf-dist/tex/latex/etex-pkg/etex.sty
Package: etex 2016/08/01 v2.7 eTeX basic definition package (PEB,DPC)
\et@xins=\count99
)
(/usr/share/texlive/texmf-dist/tex/latex/etoolbox/etoolbox.sty
Package: etoolbox 2018/02/11 v2.5e e-TeX tools for LaTeX (JAW)
\etb@tempcnta=\count100
)
(/usr/share/texlive/texmf-dist/tex/latex/oberdiek/letltxmacro.sty
Package: letltxmacro 2016/05/16 v1.5 Let assignment for LaTeX macros (HO)
)
\ettl@fter=\count101
\ettl@for@nested=\count277
)
(/usr/share/texmf/tex/latex/preview/preview.sty
Package: preview 2017/04/24 11.91 (AUCTeX/preview-latex)

(/usr/share/texmf/tex/latex/preview/prtightpage.def
\PreviewBorder=\dimen131
)
\pr@snippet=\count102
\pr@box=\box32
\pr@output=\toks28
)
\c@propcounter=\count103
\mybox=\box33
)
\c@remark=\count104
\c@prop=\count105
\c@lem=\count106
\c@thm=\count107
\c@conj=\count108
\c@defn=\count109

(source_extraction/results/1104.3264.aux)
\openout1 = `1104.3264.aux'.

LaTeX Font Info:    Checking defaults for OML/cmm/m/it on input line 138.
LaTeX Font Info:    ... okay on input line 138.
LaTeX Font Info:    Checking defaults for T1/cmr/m/n on input line 138.
LaTeX Font Info:    ... okay on input line 138.
LaTeX Font Info:    Checking defaults for OT1/cmr/m/n on input line 138.
LaTeX Font Info:    ... okay on input line 138.
LaTeX Font Info:    Checking defaults for OMS/cmsy/m/n on input line 138.
LaTeX Font Info:    ... okay on input line 138.
LaTeX Font Info:    Checking defaults for OMX/cmex/m/n on input line 138.
LaTeX Font Info:    ... okay on input line 138.
LaTeX Font Info:    Checking defaults for U/cmr/m/n on input line 138.
LaTeX Font Info:    ... okay on input line 138.
LaTeX Font Info:    Try loading font information for OT1+ptm on input line 138.


(/usr/share/texlive/texmf-dist/tex/latex/psnfss/ot1ptm.fd
File: ot1ptm.fd 2001/06/04 font definitions for OT1/ptm.
)
LaTeX Font Info:    Try loading font information for U+msa on input line 138.

(/usr/share/texlive/texmf-dist/tex/latex/amsfonts/umsa.fd
File: umsa.fd 2013/01/14 v3.01 AMS symbols A
)
LaTeX Font Info:    Try loading font information for U+msb on input line 138.

(/usr/share/texlive/texmf-dist/tex/latex/amsfonts/umsb.fd
File: umsb.fd 2013/01/14 v3.01 AMS symbols B
)
(/usr/share/texlive/texmf-dist/tex/context/base/mkii/supp-pdf.mkii
[Loading MPS to PDF converter (version 2006.09.02).]
\scratchcounter=\count110
\scratchdimen=\dimen132
\scratchbox=\box34
\nofMPsegments=\count111
\nofMParguments=\count112
\everyMPshowfont=\toks29
\MPscratchCnt=\count113
\MPscratchDim=\dimen133
\MPnumerator=\count114
\makeMPintoPDFobject=\count115
\everyMPtoPDFconversion=\toks30
) (/usr/share/texlive/texmf-dist/tex/latex/oberdiek/epstopdf-base.sty
Package: epstopdf-base 2016/05/15 v2.6 Base part for package epstopdf

(/usr/share/texlive/texmf-dist/tex/generic/oberdiek/infwarerr.sty
Package: infwarerr 2016/05/16 v1.4 Providing info/warning/error messages (HO)
)
(/usr/share/texlive/texmf-dist/tex/latex/oberdiek/grfext.sty
Package: grfext 2016/05/16 v1.2 Manage graphics extensions (HO)

(/usr/share/texlive/texmf-dist/tex/generic/oberdiek/kvdefinekeys.sty
Package: kvdefinekeys 2016/05/16 v1.4 Define keys (HO)

(/usr/share/texlive/texmf-dist/tex/generic/oberdiek/ltxcmds.sty
Package: ltxcmds 2016/05/16 v1.23 LaTeX kernel commands for general use (HO)
)))
(/usr/share/texlive/texmf-dist/tex/latex/oberdiek/kvoptions.sty
Package: kvoptions 2016/05/16 v3.12 Key value format for package options (HO)

(/usr/share/texlive/texmf-dist/tex/generic/oberdiek/kvsetkeys.sty
Package: kvsetkeys 2016/05/16 v1.17 Key value parser (HO)

(/usr/share/texlive/texmf-dist/tex/generic/oberdiek/etexcmds.sty
Package: etexcmds 2016/05/16 v1.6 Avoid name clashes with e-TeX commands (HO)

(/usr/share/texlive/texmf-dist/tex/generic/oberdiek/ifluatex.sty
Package: ifluatex 2016/05/16 v1.4 Provides the ifluatex switch (HO)
Package ifluatex Info: LuaTeX not detected.
)
Package etexcmds Info: Could not find \expanded.
(etexcmds)             That can mean that you are not using pdfTeX 1.50 or
(etexcmds)             that some package has redefined \expanded.
(etexcmds)             In the latter case, load this package earlier.
)))
(/usr/share/texlive/texmf-dist/tex/generic/oberdiek/pdftexcmds.sty
Package: pdftexcmds 2018/01/21 v0.26 Utility functions of pdfTeX for LuaTeX (HO
)

(/usr/share/texlive/texmf-dist/tex/generic/oberdiek/ifpdf.sty
Package: ifpdf 2017/03/15 v3.2 Provides the ifpdf switch
)
Package pdftexcmds Info: LuaTeX not detected.
Package pdftexcmds Info: \pdf@primitive is available.
Package pdftexcmds Info: \pdf@ifprimitive is available.
Package pdftexcmds Info: \pdfdraftmode found.
)
Package epstopdf-base Info: Redefining graphics rule for `.eps' on input line 4
38.
Package grfext Info: Graphics extension search list:
(grfext)             [.pdf,.png,.jpg,.mps,.jpeg,.jbig2,.jb2,.PDF,.PNG,.JPG,.JPE
G,.JBIG2,.JB2,.eps]
(grfext)             \AppendGraphicsExtensions on input line 456.

(/usr/share/texlive/texmf-dist/tex/latex/latexconfig/epstopdf-sys.cfg
File: epstopdf-sys.cfg 2010/07/13 v1.3 Configuration of (r)epstopdf for TeX Liv
e
))
Preview: Fontsize 10.95pt
Preview: PDFoutput 1
LaTeX Font Info:    Font shape `OT1/ptm/bx/n' in size <10.95> not available
(Font)              Font shape `OT1/ptm/b/n' tried instead on input line 185.
LaTeX Font Info:    Font shape `OT1/ptm/bx/n' in size <14.4> not available
(Font)              Font shape `OT1/ptm/b/n' tried instead on input line 190.
LaTeX Font Info:    Try loading font information for U+rsfs on input line 196.
(/usr/share/texlive/texmf-dist/tex/latex/jknapltx/ursfs.fd
File: ursfs.fd 1998/03/24 rsfs font definition file (jk)
)
LaTeX Font Info:    Font shape `OT1/ptm/bx/n' in size <12> not available
(Font)              Font shape `OT1/ptm/b/n' tried instead on input line 228.

Preview: Tightpage -32891 -32891 32891 32891
[1{/var/lib/texmf/fonts/map/pdftex/updmap/pdftex.map}]
Overfull \hbox (272.39767pt too wide) in paragraph at lines 274--280
[]\OT1/ptm/m/n/10.95 Our main re-sult is a de-ter-mi-na-tion of the true or-der
 of $\OML/cmm/m/it/10.95 V\OT1/cmr/m/n/10.95 (\OML/cmm/m/it/10.95 x\OT1/cmr/m/n
/10.95 )$\OT1/ptm/m/n/10.95 . [] 
 []

[2]
Overfull \hbox (12.0pt too wide) in paragraph at lines 299--299
[][] 
 []

[3]
Overfull \hbox (12.0pt too wide) in paragraph at lines 306--306
[][] 
 []

[4]
Overfull \hbox (12.0pt too wide) in paragraph at lines 364--364
[][] 
 []

[5]
Overfull \hbox (12.0pt too wide) in paragraph at lines 392--392
[][] 
 []

[6]
Overfull \hbox (12.0pt too wide) in paragraph at lines 435--435
[][] 
 []

[7]
Overfull \hbox (12.0pt too wide) in paragraph at lines 452--452
[][] 
 []

[8]
Overfull \hbox (12.0pt too wide) in paragraph at lines 461--461
[][] 
 []

[9]
Overfull \hbox (12.0pt too wide) in paragraph at lines 476--476
[][] 
 []

[10]
Overfull \hbox (12.0pt too wide) in paragraph at lines 491--491
[][] 
 []


Underfull \vbox (badness 1067) has occurred while \output is active []

 [11]
Overfull \hbox (12.0pt too wide) in paragraph at lines 536--536
[][] 
 []

[12]
Overfull \hbox (12.0pt too wide) in paragraph at lines 554--554
[][] 
 []

[13]
Overfull \hbox (12.0pt too wide) in paragraph at lines 590--590
[][] 
 []

[14]
Overfull \hbox (12.0pt too wide) in paragraph at lines 598--598
[][] 
 []


LaTeX Warning: Reference `NS' on page 6 undefined on input line 644.


LaTeX Warning: Reference `NS' on page 6 undefined on input line 663.


LaTeX Warning: Reference `NS2' on page 6 undefined on input line 663.

[15]
Overfull \hbox (12.0pt too wide) in paragraph at lines 710--710
[][] 
 []

[16]
Overfull \hbox (12.0pt too wide) in paragraph at lines 733--733
[][] 
 []


LaTeX Warning: Reference `basic def' on page 7 undefined on input line 770.


LaTeX Warning: Reference `rho def' on page 7 undefined on input line 770.


LaTeX Warning: Reference `C def' on page 7 undefined on input line 770.


LaTeX Warning: Reference `D def' on page 7 undefined on input line 771.


LaTeX Warning: Reference `F def' on page 7 undefined on input line 771.


LaTeX Warning: Reference `basic def' on page 7 undefined on input line 774.


LaTeX Warning: Reference `L_0' on page 7 undefined on input line 775.


LaTeX Warning: Reference `F def' on page 7 undefined on input line 775.


LaTeX Warning: Reference `W def' on page 7 undefined on input line 777.

[17]
Overfull \hbox (12.0pt too wide) in paragraph at lines 798--798
[][] 
 []

[18]
Overfull \hbox (12.0pt too wide) in paragraph at lines 817--817
[][] 
 []

[19]
Overfull \hbox (12.0pt too wide) in paragraph at lines 825--825
[][] 
 []

[20]
Overfull \hbox (12.0pt too wide) in paragraph at lines 844--844
[][] 
 []

[21]
Overfull \hbox (12.0pt too wide) in paragraph at lines 858--858
[][] 
 []

[22]
Overfull \hbox (12.0pt too wide) in paragraph at lines 874--874
[][] 
 []

[23]
Overfull \hbox (12.0pt too wide) in paragraph at lines 889--889
[][] 
 []

[24]
Overfull \hbox (12.0pt too wide) in paragraph at lines 974--974
[][] 
 []

[25]
Overfull \hbox (12.0pt too wide) in paragraph at lines 990--990
[][] 
 []

[26]
Overfull \hbox (12.0pt too wide) in paragraph at lines 1002--1002
[][] 
 []

[27]
Overfull \hbox (12.0pt too wide) in paragraph at lines 1062--1062
[][] 
 []


Overfull \hbox (13.28091pt too wide) in paragraph at lines 1106--1106
\OT1/ptm/m/n/10.95 Here each $\OML/cmm/m/it/10.95 r[]$ \OT1/ptm/m/n/10.95 is pr
ime, ex-cept that when $\OML/cmm/m/it/10.95 m \OT1/cmr/m/n/10.95 = 0$ \OT1/ptm/
m/n/10.95 we al-low $\OML/cmm/m/it/10.95 r[] \OT1/cmr/m/n/10.95 = 1$ \OT1/ptm/m
/n/10.95 also. We have $\OML/cmm/m/it/10.95 U\OT1/cmr/m/n/10.95 (0\OML/cmm/m/it
/10.95 ; j\OT1/cmr/m/n/10.95 ) \U/msa/m/n/10.95 6 [][] \OT1/cmr/m/n/10.95 1\OML
/cmm/m/it/10.95 =^^^\OT1/cmr/m/n/10.95 (\OML/cmm/m/it/10.95 n\OT1/cmr/m/n/10.95
 ) \OMS/cmsy/m/n/10.95 ^^\
 []


LaTeX Warning: Reference `F def' on page 12 undefined on input line 1110.

[28]
Overfull \hbox (12.0pt too wide) in paragraph at lines 1137--1137
[][] 
 []

[29]
Overfull \hbox (12.0pt too wide) in paragraph at lines 1144--1144
[][] 
 []

[30]
Overfull \hbox (12.0pt too wide) in paragraph at lines 1154--1154
[][] 
 []

[31]
Overfull \hbox (12.0pt too wide) in paragraph at lines 1173--1173
[][] 
 []


LaTeX Warning: Reference `C def' on page 13 undefined on input line 1178.


LaTeX Warning: Reference `D def' on page 13 undefined on input line 1178.

[32]
Overfull \hbox (12.0pt too wide) in paragraph at lines 1198--1198
[][] 
 []

[33]
Overfull \hbox (12.0pt too wide) in paragraph at lines 1233--1233
[][] 
 []


LaTeX Warning: Reference `rho def' on page 14 undefined on input line 1269.

[34]
Overfull \hbox (12.0pt too wide) in paragraph at lines 1277--1277
[][] 
 []


LaTeX Warning: Reference `g def' on page 14 undefined on input line 1418.


LaTeX Warning: Reference `v def' on page 14 undefined on input line 1418.


LaTeX Warning: Reference `gh star' on page 14 undefined on input line 1418.


LaTeX Warning: Reference `v0 rep' on page 15 undefined on input line 1418.


LaTeX Warning: Reference `TL main' on page 15 undefined on input line 1418.


LaTeX Warning: Reference `V*' on page 15 undefined on input line 1418.


LaTeX Warning: Reference `e rep' on page 15 undefined on input line 1418.


LaTeX Warning: Reference `v0 rep' on page 15 undefined on input line 1418.


LaTeX Warning: Reference `v0 rep' on page 16 undefined on input line 1418.


LaTeX Warning: Reference `Vi' on page 16 undefined on input line 1418.


LaTeX Warning: Reference `V*' on page 16 undefined on input line 1418.


LaTeX Warning: Reference `Vi' on page 16 undefined on input line 1418.


LaTeX Warning: Reference `V0' on page 16 undefined on input line 1418.


LaTeX Warning: Reference `Vi sum' on page 16 undefined on input line 1418.


LaTeX Warning: Reference `sec:structure' on page 16 undefined on input line 142
7.

[35]
Overfull \hbox (12.0pt too wide) in paragraph at lines 1435--1435
[][] 
 []

[36]
Overfull \hbox (12.0pt too wide) in paragraph at lines 1473--1473
[][] 
 []

[37]
Overfull \hbox (12.0pt too wide) in paragraph at lines 1517--1517
[][] 
 []


LaTeX Warning: Reference `gh star' on page 17 undefined on input line 1551.

[38]
Overfull \hbox (12.0pt too wide) in paragraph at lines 1604--1604
[][] 
 []


LaTeX Warning: Reference `F def' on page 19 undefined on input line 1670.

[39]
Overfull \hbox (12.0pt too wide) in paragraph at lines 1670--1670
[][] 
 []


LaTeX Warning: Reference `S def' on page 19 undefined on input line 1733.


LaTeX Warning: Reference `star' on page 20 undefined on input line 1733.


LaTeX Warning: Reference `S def' on page 20 undefined on input line 1733.


LaTeX Warning: Reference `star' on page 20 undefined on input line 1733.


LaTeX Warning: Reference `omega lower' on page 20 undefined on input line 1733.


[40]
Overfull \hbox (12.0pt too wide) in paragraph at lines 1763--1763
[][] 
 []


LaTeX Warning: Reference `crude' on page 20 undefined on input line 1771.


LaTeX Warning: Reference `V upper' on page 20 undefined on input line 1883.


LaTeX Warning: Reference `crude' on page 21 undefined on input line 1883.


LaTeX Warning: Reference `omega xi' on page 21 undefined on input line 1883.


LaTeX Warning: Reference `crude' on page 21 undefined on input line 1883.


LaTeX Warning: Reference `crude' on page 22 undefined on input line 1883.


LaTeX Warning: Reference `Mj sum' on page 22 undefined on input line 1883.


LaTeX Warning: Reference `V upper' on page 22 undefined on input line 1883.

[41]
Overfull \hbox (12.0pt too wide) in paragraph at lines 1938--1938
[][] 
 []

LaTeX Font Info:    Try loading font information for U+euf on input line 2118.
(/usr/share/texlive/texmf-dist/tex/latex/amsfonts/ueuf.fd
File: ueuf.fd 2013/01/14 v3.01 Euler Fraktur
)

LaTeX Warning: Reference `main m' on page 23 undefined on input line 2118.


LaTeX Warning: Reference `sigtau' on page 23 undefined on input line 2118.


LaTeX Warning: Reference `omp-1' on page 23 undefined on input line 2118.


LaTeX Warning: Reference `sum h(t)' on page 24 undefined on input line 2118.


LaTeX Warning: Reference `S0' on page 24 undefined on input line 2118.


LaTeX Warning: Reference `st iter' on page 24 undefined on input line 2118.


LaTeX Warning: Reference `sigma1' on page 24 undefined on input line 2118.


LaTeX Warning: Reference `siti' on page 24 undefined on input line 2118.

[42]
Overfull \hbox (12.0pt too wide) in paragraph at lines 2139--2139
[][] 
 []


LaTeX Warning: Reference `pL lower' on page 26 undefined on input line 2222.


LaTeX Warning: Reference `phi eq' on page 26 undefined on input line 2227.


LaTeX Warning: Reference `phi eq' on page 26 undefined on input line 2228.


LaTeX Warning: Reference `phi eq' on page 26 undefined on input line 2234.


LaTeX Warning: Reference `phi eq' on page 26 undefined on input line 2236.


LaTeX Warning: Reference `n3n4' on page 26 undefined on input line 2258.


LaTeX Warning: Reference `n3n4' on page 26 undefined on input line 2264.


LaTeX Warning: Reference `vx' on page 26 undefined on input line 2269.


LaTeX Warning: Reference `xi spacing' on page 26 undefined on input line 2269.


LaTeX Warning: Reference `B_j(y)' on page 27 undefined on input line 2302.


LaTeX Warning: Reference `M' on page 27 undefined on input line 2303.


LaTeX Warning: Reference `Bj' on page 27 undefined on input line 2303.


LaTeX Warning: Reference `smally' on page 27 undefined on input line 2304.


LaTeX Warning: Reference `V upper' on page 27 undefined on input line 2311.


LaTeX Warning: Reference `B lower' on page 27 undefined on input line 2312.


LaTeX Warning: Reference `Vl lower' on page 27 undefined on input line 2312.


LaTeX Warning: Reference `B_j(y)' on page 27 undefined on input line 2319.


LaTeX Warning: Reference `vx' on page 27 undefined on input line 2320.


LaTeX Warning: Reference `pL lower' on page 27 undefined on input line 2325.


LaTeX Warning: Reference `M' on page 28 undefined on input line 2366.


LaTeX Warning: Reference `dineq' on page 28 undefined on input line 2380.


LaTeX Warning: Reference `V upper' on page 28 undefined on input line 2385.


LaTeX Warning: Reference `M' on page 28 undefined on input line 2396.


LaTeX Warning: Reference `xi spacing' on page 28 undefined on input line 2397.


LaTeX Warning: Reference `hupper' on page 28 undefined on input line 2397.


LaTeX Warning: Reference `pjpj+1' on page 28 undefined on input line 2406.


LaTeX Warning: Reference `pjpj+1' on page 28 undefined on input line 2415.


LaTeX Warning: Reference `Pp-1' on page 28 undefined on input line 2424.


LaTeX Warning: Reference `vx' on page 28 undefined on input line 2429.


LaTeX Warning: Reference `hupper' on page 28 undefined on input line 2429.


LaTeX Warning: Reference `piqibounds' on page 29 undefined on input line 2451.


LaTeX Warning: Reference `piqibounds' on page 29 undefined on input line 2452.


LaTeX Warning: Reference `xi spacing' on page 29 undefined on input line 2454.


LaTeX Warning: Reference `hupper' on page 29 undefined on input line 2454.


LaTeX Warning: Reference `Pp-1' on page 29 undefined on input line 2454.


LaTeX Warning: Reference `Ppi-1' on page 29 undefined on input line 2483.


LaTeX Warning: Reference `pjpj+1' on page 29 undefined on input line 2504.


LaTeX Warning: Reference `zetagap' on page 29 undefined on input line 2506.


LaTeX Warning: Reference `zetasum' on page 29 undefined on input line 2512.


LaTeX Warning: Reference `dineq' on page 29 undefined on input line 2513.


LaTeX Warning: Reference `BjBj*' on page 30 undefined on input line 2535.


LaTeX Warning: Reference `B_j(y)' on page 30 undefined on input line 2536.

[43]
Overfull \hbox (12.0pt too wide) in paragraph at lines 2572--2572
[][] 
 []


LaTeX Warning: Reference `Mj' on page 30 undefined on input line 2622.


LaTeX Warning: Reference `g def' on page 31 undefined on input line 2629.

[44]
Overfull \hbox (12.0pt too wide) in paragraph at lines 2663--2663
[][] 
 []


LaTeX Warning: Reference `g def' on page 31 undefined on input line 2740.


LaTeX Warning: Reference `g def' on page 32 undefined on input line 2740.


LaTeX Warning: Reference `e rep' on page 32 undefined on input line 2740.


LaTeX Warning: Reference `v0 rep' on page 32 undefined on input line 2740.


LaTeX Warning: Reference `vv0' on page 32 undefined on input line 2740.


LaTeX Warning: Reference `z ineq' on page 32 undefined on input line 2740.


LaTeX Warning: Reference `V*' on page 32 undefined on input line 2740.


LaTeX Warning: Reference `gi13' on page 32 undefined on input line 2740.


LaTeX Warning: Reference `gi13' on page 32 undefined on input line 2740.

[45]
Overfull \hbox (12.0pt too wide) in paragraph at lines 2775--2775
[][] 
 []


LaTeX Warning: Reference `prelim' on page 33 undefined on input line 2873.


LaTeX Warning: Reference `Nb' on page 33 undefined on input line 2873.


LaTeX Warning: Reference `Nb' on page 33 undefined on input line 2873.


LaTeX Warning: Reference `sum1v-2' on page 33 undefined on input line 2873.


LaTeX Warning: Reference `beta'' on page 33 undefined on input line 2873.


LaTeX Warning: Reference `prelim' on page 33 undefined on input line 2873.


LaTeX Warning: Reference `theta'' on page 33 undefined on input line 2873.


LaTeX Warning: Reference `theta'' on page 33 undefined on input line 2873.


LaTeX Warning: Reference `theta'' on page 33 undefined on input line 2873.


LaTeX Warning: Reference `STL' on page 33 undefined on input line 2873.


LaTeX Warning: Reference `L_0' on page 34 undefined on input line 2873.


LaTeX Warning: Reference `Vb1' on page 34 undefined on input line 2873.


LaTeX Warning: Reference `Vb2' on page 34 undefined on input line 2873.


LaTeX Warning: Reference `thLi' on page 34 undefined on input line 2873.


LaTeX Warning: Reference `theta'' on page 34 undefined on input line 2873.


LaTeX Warning: Reference `theta'' on page 34 undefined on input line 2873.


LaTeX Warning: Reference `theta'' on page 34 undefined on input line 2873.


LaTeX Warning: Reference `theta'' on page 34 undefined on input line 2873.


LaTeX Warning: Reference `normal-1' on page 35 undefined on input line 2936.


LaTeX Warning: Reference `normal-3' on page 35 undefined on input line 2936.


LaTeX Warning: Reference `S3 size' on page 36 undefined on input line 3059.


LaTeX Warning: Reference `sum S1S2' on page 36 undefined on input line 3059.


LaTeX Warning: Reference `Nb' on page 37 undefined on input line 3119.


LaTeX Warning: Reference `sum1v-2' on page 37 undefined on input line 3119.

[46]
Overfull \hbox (12.0pt too wide) in paragraph at lines 3145--3145
[][] 
 []


LaTeX Warning: Float too large for page by 0.78748pt on input line 3270.

[47]
Overfull \hbox (12.0pt too wide) in paragraph at lines 3290--3290
[][] 
 []

[48]
Overfull \hbox (12.0pt too wide) in paragraph at lines 3312--3312
[][] 
 []

[49]
Overfull \hbox (12.0pt too wide) in paragraph at lines 3359--3359
[][] 
 []

[50]
Overfull \hbox (12.0pt too wide) in paragraph at lines 3389--3389
[][] 
 []


LaTeX Warning: Reference `V1 upper' on page 40 undefined on input line 3414.

[51]
Overfull \hbox (12.0pt too wide) in paragraph at lines 3513--3513
[][] 
 []


LaTeX Warning: Reference `Nb' on page 42 undefined on input line 3547.


LaTeX Warning: Reference `crude' on page 42 undefined on input line 3550.


LaTeX Warning: Reference `Nb' on page 42 undefined on input line 3551.


LaTeX Warning: Reference `Qp def' on page 42 undefined on input line 3571.


LaTeX Warning: Reference `pL lower' on page 42 undefined on input line 3576.


LaTeX Warning: Reference `n range' on page 42 undefined on input line 3578.


LaTeX Warning: Reference `phi eq' on page 42 undefined on input line 3580.


LaTeX Warning: Reference `sigma1' on page 42 undefined on input line 3588.


LaTeX Warning: Reference `siti' on page 42 undefined on input line 3596.

[52]
Overfull \hbox (12.0pt too wide) in paragraph at lines 3638--3638
[][] 
 []

[53]
Overfull \hbox (12.0pt too wide) in paragraph at lines 3671--3671
[][] 
 []

LaTeX Font Info:    Font shape `OT1/ptm/bx/n' in size <9> not available
(Font)              Font shape `OT1/ptm/b/n' tried instead on input line 3695.
(source_extraction/results/1104.3264.aux)

LaTeX Warning: There were undefined references.

 ) 
Here is how much of TeX's memory you used:
 4648 strings out of 494260
 58769 string characters out of 6168642
 220928 words of memory out of 5000000
 7718 multiletter control sequences out of 15000+600000
 37178 words of font info for 113 fonts, out of 8000000 for 9000
 658 hyphenation exceptions out of 8191
 41i,19n,31p,474b,333s stack positions out of 5000i,500n,10000p,200000b,80000s
{/usr/share/texlive/texmf-dist/fonts/enc/dvips/base/8r.enc}</usr/share/texliv
e/texmf-dist/fonts/type1/public/amsfonts/cm/cmbx10.pfb></usr/share/texlive/texm
f-dist/fonts/type1/public/amsfonts/cm/cmex10.pfb></usr/share/texlive/texmf-dist
/fonts/type1/public/amsfonts/cmextra/cmex8.pfb></usr/share/texlive/texmf-dist/f
onts/type1/public/amsfonts/cm/cmmi10.pfb></usr/share/texlive/texmf-dist/fonts/t
ype1/public/amsfonts/cm/cmmi6.pfb></usr/share/texlive/texmf-dist/fonts/type1/pu
blic/amsfonts/cm/cmmi8.pfb></usr/share/texlive/texmf-dist/fonts/type1/public/am
sfonts/cm/cmmib10.pfb></usr/share/texlive/texmf-dist/fonts/type1/public/amsfont
s/cm/cmr10.pfb></usr/share/texlive/texmf-dist/fonts/type1/public/amsfonts/cm/cm
r6.pfb></usr/share/texlive/texmf-dist/fonts/type1/public/amsfonts/cm/cmr8.pfb><
/usr/share/texlive/texmf-dist/fonts/type1/public/amsfonts/cm/cmsy10.pfb></usr/s
hare/texlive/texmf-dist/fonts/type1/public/amsfonts/cm/cmsy6.pfb></usr/share/te
xlive/texmf-dist/fonts/type1/public/amsfonts/cm/cmsy8.pfb></usr/share/texlive/t
exmf-dist/fonts/type1/public/amsfonts/symbols/msam10.pfb></usr/share/texlive/te
xmf-dist/fonts/type1/public/amsfonts/symbols/msbm10.pfb></usr/share/texlive/tex
mf-dist/fonts/type1/public/rsfs/rsfs10.pfb></usr/share/texlive/texmf-dist/fonts
/type1/urw/times/utmb8a.pfb></usr/share/texlive/texmf-dist/fonts/type1/urw/time
s/utmr8a.pfb></usr/share/texlive/texmf-dist/fonts/type1/urw/times/utmri8a.pfb>
Output written on source_extraction/results/1104.3264.pdf (53 pages, 239934 byt
es).
PDF statistics:
 253 PDF objects out of 1000 (max. 8388607)
 177 compressed objects within 2 object streams
 0 named destinations out of 1000 (max. 500000)
 1 words of extra memory for PDF output out of 10000 (max. 10000000)

