This is pdfTeX, Version 3.14159265-2.6-1.40.18 (TeX Live 2017/Debian) (preloaded format=pdflatex 2018.11.16)  29 NOV 2018 14:49
entering extended mode
 restricted \write18 enabled.
 %&-line parsing enabled.
**source_extraction/results/1110.3909.tex
(./source_extraction/results/1110.3909.tex
LaTeX2e <2017-04-15>
Babel <3.18> and hyphenation patterns for 20 language(s) loaded.
(/usr/share/texlive/texmf-dist/tex/latex/amscls/amsart.cls
Document Class: amsart 2017/10/31 v2.20.4
\linespacing=\dimen102
\normalparindent=\dimen103
\normaltopskip=\skip41
(/usr/share/texlive/texmf-dist/tex/latex/amsmath/amsmath.sty
Package: amsmath 2017/09/02 v2.17a AMS math features
\@mathmargin=\skip42

For additional information on amsmath, use the `?' option.
(/usr/share/texlive/texmf-dist/tex/latex/amsmath/amstext.sty
Package: amstext 2000/06/29 v2.01 AMS text

(/usr/share/texlive/texmf-dist/tex/latex/amsmath/amsgen.sty
File: amsgen.sty 1999/11/30 v2.0 generic functions
\@emptytoks=\toks14
\ex@=\dimen104
))
(/usr/share/texlive/texmf-dist/tex/latex/amsmath/amsbsy.sty
Package: amsbsy 1999/11/29 v1.2d Bold Symbols
\pmbraise@=\dimen105
)
(/usr/share/texlive/texmf-dist/tex/latex/amsmath/amsopn.sty
Package: amsopn 2016/03/08 v2.02 operator names
)
\inf@bad=\count79
LaTeX Info: Redefining \frac on input line 213.
\uproot@=\count80
\leftroot@=\count81
LaTeX Info: Redefining \overline on input line 375.
\classnum@=\count82
\DOTSCASE@=\count83
LaTeX Info: Redefining \ldots on input line 472.
LaTeX Info: Redefining \dots on input line 475.
LaTeX Info: Redefining \cdots on input line 596.
\Mathstrutbox@=\box26
\strutbox@=\box27
\big@size=\dimen106
LaTeX Font Info:    Redeclaring font encoding OML on input line 712.
LaTeX Font Info:    Redeclaring font encoding OMS on input line 713.
\macc@depth=\count84
\c@MaxMatrixCols=\count85
\dotsspace@=\muskip10
\c@parentequation=\count86
\dspbrk@lvl=\count87
\tag@help=\toks15
\row@=\count88
\column@=\count89
\maxfields@=\count90
\andhelp@=\toks16
\eqnshift@=\dimen107
\alignsep@=\dimen108
\tagshift@=\dimen109
\tagwidth@=\dimen110
\totwidth@=\dimen111
\lineht@=\dimen112
\@envbody=\toks17
\multlinegap=\skip43
\multlinetaggap=\skip44
\mathdisplay@stack=\toks18
LaTeX Info: Redefining \[ on input line 2817.
LaTeX Info: Redefining \] on input line 2818.
)
LaTeX Font Info:    Try loading font information for U+msa on input line 398.

(/usr/share/texlive/texmf-dist/tex/latex/amsfonts/umsa.fd
File: umsa.fd 2013/01/14 v3.01 AMS symbols A
)
(/usr/share/texlive/texmf-dist/tex/latex/amsfonts/amsfonts.sty
Package: amsfonts 2013/01/14 v3.01 Basic AMSFonts support
\symAMSa=\mathgroup4
\symAMSb=\mathgroup5
LaTeX Font Info:    Overwriting math alphabet `\mathfrak' in version `bold'
(Font)                  U/euf/m/n --> U/euf/b/n on input line 106.
)
\copyins=\insert199
\abstractbox=\box28
\listisep=\skip45
\c@part=\count91
\c@section=\count92
\c@subsection=\count93
\c@subsubsection=\count94
\c@paragraph=\count95
\c@subparagraph=\count96
\c@figure=\count97
\c@table=\count98
\abovecaptionskip=\skip46
\belowcaptionskip=\skip47
\captionindent=\dimen113
\thm@style=\toks19
\thm@bodyfont=\toks20
\thm@headfont=\toks21
\thm@notefont=\toks22
\thm@headpunct=\toks23
\thm@preskip=\skip48
\thm@postskip=\skip49
\thm@headsep=\skip50
\dth@everypar=\toks24
)
(/usr/share/texlive/texmf-dist/tex/latex/amsfonts/amssymb.sty
Package: amssymb 2013/01/14 v3.01 AMS font symbols
)
(/usr/share/texlive/texmf-dist/tex/latex/amsmath/amscd.sty
Package: amscd 2017/04/14 v2.1 AMS Commutative Diagrams
\athelp@=\toks25
\minaw@=\dimen114
\bigaw@=\dimen115
\minCDarrowwidth=\dimen116
)
(/usr/share/texlive/texmf-dist/tex/latex/amsmath/amsxtra.sty
Package: amsxtra 1999/11/15 v1.2c AMS extra commands
LaTeX Info: Redefining \nobreakspace on input line 54.
)
(/usr/share/texlive/texmf-dist/tex/latex/base/latexsym.sty
Package: latexsym 1998/08/17 v2.2e Standard LaTeX package (lasy symbols)
\symlasy=\mathgroup6
LaTeX Font Info:    Overwriting symbol font `lasy' in version `bold'
(Font)                  U/lasy/m/n --> U/lasy/b/n on input line 52.
)
(/usr/share/texlive/texmf-dist/tex/latex/base/syntonly.sty
Package: syntonly 1999/09/17 v2.1e Standard LaTeX2e package
)
(/usr/share/texlive/texmf-dist/tex/latex/tools/tabularx.sty
Package: tabularx 2016/02/03 v2.11 `tabularx' package (DPC)

(/usr/share/texlive/texmf-dist/tex/latex/tools/array.sty
Package: array 2016/10/06 v2.4d Tabular extension package (FMi)
\col@sep=\dimen117
\extrarowheight=\dimen118
\NC@list=\toks26
\extratabsurround=\skip51
\backup@length=\skip52
)
\TX@col@width=\dimen119
\TX@old@table=\dimen120
\TX@old@col=\dimen121
\TX@target=\dimen122
\TX@delta=\dimen123
\TX@cols=\count99
\TX@ftn=\toks27
)
(/usr/share/texlive/texmf-dist/tex/latex/graphics/graphicx.sty
Package: graphicx 2017/06/01 v1.1a Enhanced LaTeX Graphics (DPC,SPQR)

(/usr/share/texlive/texmf-dist/tex/latex/graphics/keyval.sty
Package: keyval 2014/10/28 v1.15 key=value parser (DPC)
\KV@toks@=\toks28
)
(/usr/share/texlive/texmf-dist/tex/latex/graphics/graphics.sty
Package: graphics 2017/06/25 v1.2c Standard LaTeX Graphics (DPC,SPQR)

(/usr/share/texlive/texmf-dist/tex/latex/graphics/trig.sty
Package: trig 2016/01/03 v1.10 sin cos tan (DPC)
)
(/usr/share/texlive/texmf-dist/tex/latex/graphics-cfg/graphics.cfg
File: graphics.cfg 2016/06/04 v1.11 sample graphics configuration
)
Package graphics Info: Driver file: pdftex.def on input line 99.

(/usr/share/texlive/texmf-dist/tex/latex/graphics-def/pdftex.def
File: pdftex.def 2018/01/08 v1.0l Graphics/color driver for pdftex
))
\Gin@req@height=\dimen124
\Gin@req@width=\dimen125
)
(/usr/share/texlive/texmf-dist/tex/latex/jknapltx/mathrsfs.sty
Package: mathrsfs 1996/01/01 Math RSFS package v1.0 (jk)
\symrsfs=\mathgroup7
)
(/usr/share/texlive/texmf-dist/tex/generic/xypic/xy.sty
(/usr/share/texlive/texmf-dist/tex/generic/xypic/xy.tex Bootstrap'ing:
catcodes, docmode, (/usr/share/texlive/texmf-dist/tex/generic/xypic/xyrecat.tex
) (/usr/share/texlive/texmf-dist/tex/generic/xypic/xyidioms.tex)

 Xy-pic version 3.8.9 <2013/10/06>
 Copyright (c) 1991-2013 by Kristoffer H. Rose <krisrose@tug.org> and others
 Xy-pic is free software: see the User's Guide for details.

Loading kernel: messages; fonts; allocations: state,
\X@c=\dimen126
\Y@c=\dimen127
\U@c=\dimen128
\D@c=\dimen129
\L@c=\dimen130
\R@c=\dimen131
\Edge@c=\toks29
\X@p=\dimen132
\Y@p=\dimen133
\U@p=\dimen134
\D@p=\dimen135
\L@p=\dimen136
\R@p=\dimen137
\Edge@p=\toks30
\X@origin=\dimen138
\Y@origin=\dimen139
\X@xbase=\dimen140
\Y@xbase=\dimen141
\X@ybase=\dimen142
\Y@ybase=\dimen143
\X@min=\dimen144
\Y@min=\dimen145
\X@max=\dimen146
\Y@max=\dimen147
\lastobjectbox@=\box29
\zerodotbox@=\box30
\almostz@=\dimen148
 direction,
\d@X=\dimen149
\d@Y=\dimen150
\K@=\count100
\KK@=\count101
\Direction=\count102
\K@dXdY=\dimen151
\K@dYdX=\dimen152
\xyread@=\read1
\xywrite@=\write3
\csp@=\count103
\quotPTK@=\dimen153

utility macros; pictures: \xy, positions,
\swaptoks@@=\toks31
\connectobjectbox@@=\box31
 objects,
\styletoks@=\toks32
 decorations;
kernel objects: directionals, circles, text; options; algorithms: directions,
edges, connections;  Xy-pic loaded)
(/usr/share/texlive/texmf-dist/tex/generic/oberdiek/ifpdf.sty
Package: ifpdf 2017/03/15 v3.2 Provides the ifpdf switch
)
Package: xy 2013/10/06 Xy-pic version 3.8.9

(/usr/share/texlive/texmf-dist/tex/generic/xypic/xydvips.tex
 Xy-pic option: DVIPS driver v.3.9 loaded)
(/usr/share/texlive/texmf-dist/tex/generic/xypic/xyps.tex
 Xy-pic option: PostScript backend v.3.12 drivers, hooks, loaded)
(/usr/share/texlive/texmf-dist/tex/generic/xypic/xyall.tex
 Xy-pic option: All features v.3.8
(/usr/share/texlive/texmf-dist/tex/generic/xypic/xycurve.tex
 Xy-pic option: Curve and Spline extension v.3.12 curve,
\crv@cnt@=\count104
\crvpts@=\toks33
\splinebox@=\box32
\splineval@=\dimen154
\splinedepth@=\dimen155
\splinetol@=\dimen156
\splinelength@=\dimen157
 circles,
\L@=\dimen158
 loaded)
(/usr/share/texlive/texmf-dist/tex/generic/xypic/xyframe.tex
 Xy-pic option: Frame and Bracket extension v.3.14 loaded)
(/usr/share/texlive/texmf-dist/tex/generic/xypic/xycmtip.tex
 Xy-pic option: Computer Modern tip extension v.3.7
(/usr/share/texlive/texmf-dist/tex/generic/xypic/xytips.tex
 Xy-pic option: More Tips extension v.3.11 loaded) loaded)
(/usr/share/texlive/texmf-dist/tex/generic/xypic/xyline.tex
 Xy-pic option: Line styles extension v.3.10
\xylinethick@=\dimen159
 loaded)
(/usr/share/texlive/texmf-dist/tex/generic/xypic/xyrotate.tex
 Xy-pic option: Rotate and Scale extension v.3.8 loaded)
(/usr/share/texlive/texmf-dist/tex/generic/xypic/xycolor.tex
 Xy-pic option: Colour extension v.3.11
(/usr/share/texlive/texmf-dist/tex/generic/xypic/xyps-c.tex
(/usr/share/texlive/texmf-dist/tex/generic/xypic/xyps-s.tex)) loaded)
(/usr/share/texlive/texmf-dist/tex/generic/xypic/xymatrix.tex
 Xy-pic option: Matrix feature v.3.14
\Row=\count105
\Col=\count106
\queue@=\toks34
\queue@@=\toks35
\qcount@=\count107
\qcount@@=\count108
\matrixsize@=\count109
 loaded)
(/usr/share/texlive/texmf-dist/tex/generic/xypic/xyarrow.tex
 Xy-pic option: Arrow and Path feature v.3.9 path, \ar, loaded)
(/usr/share/texlive/texmf-dist/tex/generic/xypic/xygraph.tex
 Xy-pic option: Graph feature v.3.11 loaded) loaded)) (./extract.sty
(/usr/share/texlive/texmf-dist/tex/latex/environ/environ.sty
Package: environ 2014/05/04 v0.3 A new way to define environments

(/usr/share/texlive/texmf-dist/tex/latex/trimspaces/trimspaces.sty
Package: trimspaces 2009/09/17 v1.1 Trim spaces around a token list
))
(/usr/share/texlive/texmf-dist/tex/latex/etextools/etextools.sty
Package: etextools 2010/12/07 v3.1415926 e-TeX more useful tools for LaTeX pack
age writers

(/usr/share/texlive/texmf-dist/tex/latex/etex-pkg/etex.sty
Package: etex 2016/08/01 v2.7 eTeX basic definition package (PEB,DPC)
\et@xins=\count110
)
(/usr/share/texlive/texmf-dist/tex/latex/etoolbox/etoolbox.sty
Package: etoolbox 2018/02/11 v2.5e e-TeX tools for LaTeX (JAW)
\etb@tempcnta=\count111
)
(/usr/share/texlive/texmf-dist/tex/latex/oberdiek/letltxmacro.sty
Package: letltxmacro 2016/05/16 v1.5 Let assignment for LaTeX macros (HO)
)
\ettl@fter=\count112
\ettl@for@nested=\count277
)
(/usr/share/texmf/tex/latex/preview/preview.sty
Package: preview 2017/04/24 11.91 (AUCTeX/preview-latex)

(/usr/share/texmf/tex/latex/preview/prtightpage.def
\PreviewBorder=\dimen160
)
\pr@snippet=\count113
\pr@box=\box33
\pr@output=\toks36
)
\c@propcounter=\count114
\mybox=\box34
)
\c@xx=\count115

(source_extraction/results/1110.3909.aux

LaTeX Warning: Label `propcounter@xxi' multiply defined.


LaTeX Warning: Label `propcounter@xxxi' multiply defined.


LaTeX Warning: Label `propcounter@xxxvii' multiply defined.

)
\openout1 = `1110.3909.aux'.

LaTeX Font Info:    Checking defaults for OML/cmm/m/it on input line 237.
LaTeX Font Info:    ... okay on input line 237.
LaTeX Font Info:    Checking defaults for T1/cmr/m/n on input line 237.
LaTeX Font Info:    ... okay on input line 237.
LaTeX Font Info:    Checking defaults for OT1/cmr/m/n on input line 237.
LaTeX Font Info:    ... okay on input line 237.
LaTeX Font Info:    Checking defaults for OMS/cmsy/m/n on input line 237.
LaTeX Font Info:    ... okay on input line 237.
LaTeX Font Info:    Checking defaults for OMX/cmex/m/n on input line 237.
LaTeX Font Info:    ... okay on input line 237.
LaTeX Font Info:    Checking defaults for U/cmr/m/n on input line 237.
LaTeX Font Info:    ... okay on input line 237.
LaTeX Font Info:    Try loading font information for U+msa on input line 237.
 (/usr/share/texlive/texmf-dist/tex/latex/amsfonts/umsa.fd
File: umsa.fd 2013/01/14 v3.01 AMS symbols A
)
LaTeX Font Info:    Try loading font information for U+msb on input line 237.

(/usr/share/texlive/texmf-dist/tex/latex/amsfonts/umsb.fd
File: umsb.fd 2013/01/14 v3.01 AMS symbols B
)
LaTeX Font Info:    Try loading font information for U+lasy on input line 237.

(/usr/share/texlive/texmf-dist/tex/latex/base/ulasy.fd
File: ulasy.fd 1998/08/17 v2.2e LaTeX symbol font definitions
)
LaTeX Font Info:    Try loading font information for U+rsfs on input line 237.

(/usr/share/texlive/texmf-dist/tex/latex/jknapltx/ursfs.fd
File: ursfs.fd 1998/03/24 rsfs font definition file (jk)
)
(/usr/share/texlive/texmf-dist/tex/context/base/mkii/supp-pdf.mkii
[Loading MPS to PDF converter (version 2006.09.02).]
\scratchcounter=\count116
\scratchdimen=\dimen161
\scratchbox=\box35
\nofMPsegments=\count117
\nofMParguments=\count118
\everyMPshowfont=\toks37
\MPscratchCnt=\count119
\MPscratchDim=\dimen162
\MPnumerator=\count120
\makeMPintoPDFobject=\count121
\everyMPtoPDFconversion=\toks38
) (/usr/share/texlive/texmf-dist/tex/latex/oberdiek/epstopdf-base.sty
Package: epstopdf-base 2016/05/15 v2.6 Base part for package epstopdf

(/usr/share/texlive/texmf-dist/tex/generic/oberdiek/infwarerr.sty
Package: infwarerr 2016/05/16 v1.4 Providing info/warning/error messages (HO)
)
(/usr/share/texlive/texmf-dist/tex/latex/oberdiek/grfext.sty
Package: grfext 2016/05/16 v1.2 Manage graphics extensions (HO)

(/usr/share/texlive/texmf-dist/tex/generic/oberdiek/kvdefinekeys.sty
Package: kvdefinekeys 2016/05/16 v1.4 Define keys (HO)

(/usr/share/texlive/texmf-dist/tex/generic/oberdiek/ltxcmds.sty
Package: ltxcmds 2016/05/16 v1.23 LaTeX kernel commands for general use (HO)
)))
(/usr/share/texlive/texmf-dist/tex/latex/oberdiek/kvoptions.sty
Package: kvoptions 2016/05/16 v3.12 Key value format for package options (HO)

(/usr/share/texlive/texmf-dist/tex/generic/oberdiek/kvsetkeys.sty
Package: kvsetkeys 2016/05/16 v1.17 Key value parser (HO)

(/usr/share/texlive/texmf-dist/tex/generic/oberdiek/etexcmds.sty
Package: etexcmds 2016/05/16 v1.6 Avoid name clashes with e-TeX commands (HO)

(/usr/share/texlive/texmf-dist/tex/generic/oberdiek/ifluatex.sty
Package: ifluatex 2016/05/16 v1.4 Provides the ifluatex switch (HO)
Package ifluatex Info: LuaTeX not detected.
)
Package etexcmds Info: Could not find \expanded.
(etexcmds)             That can mean that you are not using pdfTeX 1.50 or
(etexcmds)             that some package has redefined \expanded.
(etexcmds)             In the latter case, load this package earlier.
)))
(/usr/share/texlive/texmf-dist/tex/generic/oberdiek/pdftexcmds.sty
Package: pdftexcmds 2018/01/21 v0.26 Utility functions of pdfTeX for LuaTeX (HO
)
Package pdftexcmds Info: LuaTeX not detected.
Package pdftexcmds Info: \pdf@primitive is available.
Package pdftexcmds Info: \pdf@ifprimitive is available.
Package pdftexcmds Info: \pdfdraftmode found.
)
Package epstopdf-base Info: Redefining graphics rule for `.eps' on input line 4
38.
Package grfext Info: Graphics extension search list:
(grfext)             [.pdf,.png,.jpg,.mps,.jpeg,.jbig2,.jb2,.PDF,.PNG,.JPG,.JPE
G,.JBIG2,.JB2,.eps]
(grfext)             \AppendGraphicsExtensions on input line 456.

(/usr/share/texlive/texmf-dist/tex/latex/latexconfig/epstopdf-sys.cfg
File: epstopdf-sys.cfg 2010/07/13 v1.3 Configuration of (r)epstopdf for TeX Liv
e
))
(/usr/share/texlive/texmf-dist/tex/generic/xypic/xyps-ps.tex)

Xy-pic Warning: The produced DVI file is NOT PORTABLE [1110.3909:237]:
 It contains <driver> `dvips' \specials for the `PostScript' extension.

(/usr/share/texlive/texmf-dist/tex/generic/xypic/xyps-pro.tex)
(/usr/share/texlive/texmf-dist/tex/generic/xypic/xypspatt.tex)
(/usr/share/texlive/texmf-dist/tex/generic/xypic/xypsdict.tex) PS relaxed
(/usr/share/texlive/texmf-dist/tex/generic/xypic/xyps-r.tex)
(/usr/share/texlive/texmf-dist/tex/generic/xypic/xyps-l.tex)
(/usr/share/texlive/texmf-dist/tex/generic/xypic/xyps-f.tex)
Preview: Fontsize 10pt
Preview: PDFoutput 1

LaTeX Warning: Reference `eq.A' on page 2 undefined on input line 276.

LaTeX Font Info:    Try loading font information for U+euf on input line 279.
(/usr/share/texlive/texmf-dist/tex/latex/amsfonts/ueuf.fd
File: ueuf.fd 2013/01/14 v3.01 Euler Fraktur
)

LaTeX Warning: Reference `sec.stab' on page 2 undefined on input line 280.


Underfull \vbox (badness 10000) has occurred while \output is active []

LaTeX Font Info:    Try loading font information for OMS+cmr on input line 297.


(/usr/share/texlive/texmf-dist/tex/latex/base/omscmr.fd
File: omscmr.fd 2014/09/29 v2.5h Standard LaTeX font definitions
)
LaTeX Font Info:    Font shape `OMS/cmr/m/n' in size <10> not available
(Font)              Font shape `OMS/cmsy/m/n' tried instead on input line 297.

Preview: Tightpage -32891 -32891 32891 32891
[1
Non-PDF special ignored!
Non-PDF special ignored!
Non-PDF special ignored!
Non-PDF special ignored!
Non-PDF special ignored!
Non-PDF special ignored!
Non-PDF special ignored!
Non-PDF special ignored!
Non-PDF special ignored!
Non-PDF special ignored!
Non-PDF special ignored!
Non-PDF special ignored!
Non-PDF special ignored!
Non-PDF special ignored!
Non-PDF special ignored!
Non-PDF special ignored!
Non-PDF special ignored!
Non-PDF special ignored!
Non-PDF special ignored!
Non-PDF special ignored!
Non-PDF special ignored!
Non-PDF special ignored!
Non-PDF special ignored!
Non-PDF special ignored!
Non-PDF special ignored!
Non-PDF special ignored!
Non-PDF special ignored!
Non-PDF special ignored!
Non-PDF special ignored!
Non-PDF special ignored!
Non-PDF special ignored!
Non-PDF special ignored!
Non-PDF special ignored!
Non-PDF special ignored!
Non-PDF special ignored!
Non-PDF special ignored!
Non-PDF special ignored!
Non-PDF special ignored!
Non-PDF special ignored!
Non-PDF special ignored!
Non-PDF special ignored!
Non-PDF special ignored!
Non-PDF special ignored!
Non-PDF special ignored!
Non-PDF special ignored!
Non-PDF special ignored!
Non-PDF special ignored!
Non-PDF special ignored!
Non-PDF special ignored!
Non-PDF special ignored!
Non-PDF special ignored!
Non-PDF special ignored!
Non-PDF special ignored!
Non-PDF special ignored!
Non-PDF special ignored!
Non-PDF special ignored!
Non-PDF special ignored!
Non-PDF special ignored!{/var/lib/texmf/fonts/map/pdftex/updmap/pdftex.map}]
Overfull \hbox (173.8383pt too wide) in paragraph at lines 304--310
\OT1/cmr/m/n/10 proach of A. Ogus and G. Bergman [[]]. [] 
 []

[2]
Overfull \hbox (12.0pt too wide) in paragraph at lines 318--318
[][] 
 []

[3]
Overfull \hbox (12.0pt too wide) in paragraph at lines 324--324
[][] 
 []


Underfull \vbox (badness 2302) has occurred while \output is active []

 [4]
Overfull \hbox (12.0pt too wide) in paragraph at lines 329--329
[][] 
 []

[5]
Overfull \hbox (229.03372pt too wide) in paragraph at lines 330--336
[]\OT1/cmr/m/n/10 Let $\U/euf/m/n/10 m[]$ \OT1/cmr/m/n/10 de-note the max-i-mal
 ideal in a lo-cal ring $\OML/cmm/m/it/10 A$\OT1/cmr/m/n/10 . [] 
 []

[6]
Overfull \hbox (12.0pt too wide) in paragraph at lines 346--346
[][] 
 []


LaTeX Warning: Reference `eq.basechange' on page 4 undefined on input line 363.


[7]
Overfull \hbox (210.76892pt too wide) in paragraph at lines 354--363
\OT1/cmr/m/n/10 ture. Now Propo-si-tion 2.2  im-plies the fol-low-ing: [] 
 []

[8] <xymatrix 5x2 401>

LaTeX Warning: Reference `sec.approx' on page 5 undefined on input line 385.


LaTeX Warning: Reference `eq.exD' on page 5 undefined on input line 403.

[9] [10]
Overfull \hbox (12.0pt too wide) in paragraph at lines 410--410
[][] 
 []

[11]
Overfull \hbox (199.75958pt too wide) in paragraph at lines 415--419
\OT1/cmr/m/n/10 plies ours. Propo-si-tion 3.5  gives the con-verse. [] 
 []

[12]
Overfull \hbox (197.0812pt too wide) in paragraph at lines 420--425
\OT1/cmr/m/n/10 is $\OML/cmm/m/it/10 M[]$\OT1/cmr/m/n/10 . Hence $\OML/cmm/m/it
/10 M[]$ \OT1/cmr/m/n/10 is $\OML/cmm/m/it/10 n$\OT1/cmr/m/n/10 -stably re-flex
-ive if $\OML/cmm/m/it/10 M$ \OT1/cmr/m/n/10 is. [] 
 []

[13]
Overfull \hbox (12.0pt too wide) in paragraph at lines 433--433
[][] 
 []

[14]
Overfull \hbox (290.65787pt too wide) in paragraph at lines 434--438
[]\OT1/cmr/m/n/10 We are now go-ing to de-fine a rel-a-tive ver-sion of the abo
ve no-tion. [] 
 []

[15]
Overfull \hbox (12.0pt too wide) in paragraph at lines 450--450
[][] 
 []


Overfull \hbox (2.13742pt too wide) in paragraph at lines 468--468
\OT1/cmr/m/n/10 above. Since $\OML/cmm/m/it/10 M[]$ \OT1/cmr/m/n/10 is re-flex-
ive, so is its dual $(\OML/cmm/m/it/10 M[]\OT1/cmr/m/n/10 )[]$. The van-ish-ing
 of $[][]([]\OML/cmm/m/it/10 ; []\OT1/cmr/m/n/10 )$
 []

[16]

LaTeX Warning: Reference `eq.ss' on page 8 undefined on input line 487.

[17]
Overfull \hbox (12.0pt too wide) in paragraph at lines 487--487
[][] 
 []

[18]
Overfull \hbox (12.0pt too wide) in paragraph at lines 496--496
[][] 
 []

[19]
Underfull \vbox (badness 10000) has occurred while \output is active []

 [20]
Overfull \hbox (206.39856pt too wide) in paragraph at lines 516--525
\OT1/cmr/m/n/10 co-ho-mol-ogy con-di-tion. This too has a con-verse. [] 
 []

[21]
Overfull \hbox (12.0pt too wide) in paragraph at lines 529--529
[][] 
 []

[22]
Overfull \hbox (12.0pt too wide) in paragraph at lines 545--545
[][] 
 []

[23]
Underfull \hbox (badness 10000) in paragraph at lines 566--566
\OT1/cmr/m/it/10 Remark \OT1/cmr/m/n/10 4.4\OT1/cmr/m/it/10 . \OT1/cmr/m/n/10 K
nud-sen's sec-ond char-ac-ter-i-sa-tion (The-o-rem 2 (2) in
 []


Underfull \hbox (badness 5802) in paragraph at lines 566--566
\OT1/cmr/m/n/10 [[], Ap-pen-dix]) of a sta-bly re-flex-ive mod-ule with re-spec
t to a flat
 []


Underfull \hbox (badness 8113) in paragraph at lines 566--566
\OT1/cmr/m/n/10 ho-mo-mor-phism of noe-ther-ian rings $\OML/cmm/m/it/10 h [] []
 S \OMS/cmsy/m/n/10 ! \OML/cmm/m/it/10 R$ \OT1/cmr/m/n/10 is in terms of a
 []


Underfull \hbox (badness 10000) in paragraph at lines 566--566
\OT1/cmr/m/n/10 sta-bly re-flex-ive com-plex (Knud-sen does not name this prop-
erty).
 []

[24]
Overfull \hbox (12.0pt too wide) in paragraph at lines 566--566
[][] 
 []

[25]
Overfull \hbox (105.54652pt too wide) in paragraph at lines 567--573
\OT1/cmr/m/n/10 sta-bly re-flex-ive mod-ule. [] 
 []


Underfull \vbox (badness 10000) has occurred while \output is active []

 [26]
Overfull \hbox (12.0pt too wide) in paragraph at lines 582--582
[][] 
 []


LaTeX Warning: Reference `eq.ortho' on page 11 undefined on input line 602.


Overfull \hbox (1.28792pt too wide) in paragraph at lines 602--602
\OT1/cmr/m/n/10 tion 4.3  (i). Hence if $\OML/cmm/m/it/10 i > \OT1/cmr/m/n/10 0
$ then $[][]([]\OML/cmm/m/it/10 ; []\OT1/cmr/m/n/10 ) [] [][](\OML/cmm/m/it/10 
E[]\OT1/cmr/m/n/10 )$. Then $[][]([]\OML/cmm/m/it/10 ; []\OT1/cmr/m/n/10 ) =
 []

[27]
Overfull \hbox (12.0pt too wide) in paragraph at lines 606--606
[][] 
 []

[28] [29]
Overfull \hbox (12.0pt too wide) in paragraph at lines 619--619
[][] 
 []

[30]
Overfull \hbox (282.93573pt too wide) in paragraph at lines 620--624
\OT1/cmr/m/n/10 ated to a ma-trix fac-tori-sa-tion as in-tro-duced by D. Eisen-
bud in [[]]. [] 
 []

[31]
Overfull \hbox (117.74092pt too wide) in paragraph at lines 625--633
\OT1/cmr/m/n/10 check one of the equa-tions. [] 
 []

<xymatrix 3x2 228> [32] [33]
Underfull \vbox (badness 10000) has occurred while \output is active []

 <xymatrix
6x2 541>

LaTeX Warning: Reference `eq.C' on page 15 undefined on input line 739.


LaTeX Warning: Reference `eq.C' on page 15 undefined on input line 739.

<xymatrix 7x3 508>

LaTeX Warning: Reference `eq.coc' on page 16 undefined on input line 739.

[34]
Overfull \hbox (12.0pt too wide) in paragraph at lines 746--746
[][] 
 []

<xymatrix 5x2 463> [35
Non-PDF special ignored!
Non-PDF special ignored!
Non-PDF special ignored!
Non-PDF special ignored!
Non-PDF special ignored!
Non-PDF special ignored!
Non-PDF special ignored!
Non-PDF special ignored!
Non-PDF special ignored!
Non-PDF special ignored!
Non-PDF special ignored!
Non-PDF special ignored!
Non-PDF special ignored!
Non-PDF special ignored!
Non-PDF special ignored!
Non-PDF special ignored!
Non-PDF special ignored!
Non-PDF special ignored!
Non-PDF special ignored!
Non-PDF special ignored!
Non-PDF special ignored!
Non-PDF special ignored!
Non-PDF special ignored!
Non-PDF special ignored!
Non-PDF special ignored!
Non-PDF special ignored!
Non-PDF special ignored!
Non-PDF special ignored!
Non-PDF special ignored!
Non-PDF special ignored!
Non-PDF special ignored!
Non-PDF special ignored!
Non-PDF special ignored!
Non-PDF special ignored!
Non-PDF special ignored!
Non-PDF special ignored!
Non-PDF special ignored!
Non-PDF special ignored!
Non-PDF special ignored!
Non-PDF special ignored!
Non-PDF special ignored!
Non-PDF special ignored!
Non-PDF special ignored!
Non-PDF special ignored!
Non-PDF special ignored!
Non-PDF special ignored!
Non-PDF special ignored!]
Overfull \hbox (218.4494pt too wide) in paragraph at lines 750--764
\OT1/cmr/m/n/10 equiv-a-lent to the quo-tient mor-phism $\OT1/cmss/m/n/10 A[] \
OMS/cmsy/m/n/10 ! \OT1/cmss/m/n/10 A[]\OML/cmm/m/it/10 =\OT1/cmss/m/n/10 A[]$\O
T1/cmr/m/n/10 . [] 
 []


Underfull \vbox (badness 10000) has occurred while \output is active []



LaTeX Warning: Reference `eq.coc' on page 17 undefined on input line 803.


LaTeX Warning: Reference `eq.map' on page 17 undefined on input line 803.


LaTeX Warning: Reference `eq.nu' on page 17 undefined on input line 803.


LaTeX Warning: Reference `eq.map' on page 17 undefined on input line 803.


LaTeX Warning: Reference `eq.nu' on page 18 undefined on input line 803.


LaTeX Warning: Reference `eq.nu' on page 18 undefined on input line 803.


LaTeX Warning: Reference `eq.map' on page 18 undefined on input line 803.


LaTeX Warning: Reference `eq.nu' on page 18 undefined on input line 803.


LaTeX Warning: Reference `eq.nu' on page 18 undefined on input line 803.

<xymatrix 2x2 168>

LaTeX Warning: Reference `eq.star' on page 18 undefined on input line 803.


LaTeX Warning: Reference `eq.star' on page 18 undefined on input line 803.

[36]
Overfull \hbox (196.4634pt too wide) in paragraph at lines 816--820
\OT1/cmr/m/n/10 mov-ing the con-di-tions in-volv-ing parame-tres'. [] 
 []

[37] [38] [39]
Overfull \hbox (184.8522pt too wide) in paragraph at lines 855--865
\OT1/cmr/m/n/10 sa-tion to pointed plane curve sin-gu-lar-i-ties. [] 
 []


Underfull \vbox (badness 6592) has occurred while \output is active []

 <xymatrix
5x2 424>

LaTeX Warning: Reference `eq.Finn' on page 20 undefined on input line 901.

<xymatrix 5x2 456> <xymatrix 5x5 743> [40
Non-PDF special ignored!
Non-PDF special ignored!
Non-PDF special ignored!
Non-PDF special ignored!
Non-PDF special ignored!
Non-PDF special ignored!
Non-PDF special ignored!
Non-PDF special ignored!
Non-PDF special ignored!
Non-PDF special ignored!
Non-PDF special ignored!
Non-PDF special ignored!
Non-PDF special ignored!
Non-PDF special ignored!
Non-PDF special ignored!
Non-PDF special ignored!
Non-PDF special ignored!
Non-PDF special ignored!
Non-PDF special ignored!
Non-PDF special ignored!
Non-PDF special ignored!
Non-PDF special ignored!
Non-PDF special ignored!
Non-PDF special ignored!
Non-PDF special ignored!
Non-PDF special ignored!
Non-PDF special ignored!
Non-PDF special ignored!
Non-PDF special ignored!
Non-PDF special ignored!
Non-PDF special ignored!
Non-PDF special ignored!
Non-PDF special ignored!
Non-PDF special ignored!
Non-PDF special ignored!
Non-PDF special ignored!
Non-PDF special ignored!
Non-PDF special ignored!
Non-PDF special ignored!
Non-PDF special ignored!
Non-PDF special ignored!
Non-PDF special ignored!
Non-PDF special ignored!
Non-PDF special ignored!
Non-PDF special ignored!
Non-PDF special ignored!
Non-PDF special ignored!
Non-PDF special ignored!
Non-PDF special ignored!
Non-PDF special ignored!
Non-PDF special ignored!
Non-PDF special ignored!
Non-PDF special ignored!
Non-PDF special ignored!
Non-PDF special ignored!
Non-PDF special ignored!
Non-PDF special ignored!
Non-PDF special ignored!
Non-PDF special ignored!
Non-PDF special ignored!
Non-PDF special ignored!
Non-PDF special ignored!
Non-PDF special ignored!
Non-PDF special ignored!
Non-PDF special ignored!
Non-PDF special ignored!
Non-PDF special ignored!
Non-PDF special ignored!
Non-PDF special ignored!
Non-PDF special ignored!
Non-PDF special ignored!
Non-PDF special ignored!
Non-PDF special ignored!
Non-PDF special ignored!
Non-PDF special ignored!
Non-PDF special ignored!
Non-PDF special ignored!]
Overfull \hbox (12.0pt too wide) in paragraph at lines 914--914
[][] 
 []

[41]
Overfull \hbox (12.0pt too wide) in paragraph at lines 919--919
[][] 
 []

[42]
Overfull \hbox (12.0pt too wide) in paragraph at lines 928--928
[][] 
 []


LaTeX Warning: Reference `eq.6' on page 21 undefined on input line 935.

[43]
Overfull \hbox (12.0pt too wide) in paragraph at lines 935--935
[][] 
 []

[44] <xymatrix 3x2 288>
Underfull \vbox (badness 1484) has occurred while \output is active []

 [45]
Overfull \hbox (54.96304pt too wide) in paragraph at lines 952--958
\OT1/cmr/m/n/10 base ob-ject. [] 
 []


LaTeX Warning: Reference `eq.fp' on page 23 undefined on input line 975.

<xymatrix 7x4 1056> [46]
Overfull \hbox (12.0pt too wide) in paragraph at lines 993--993
[][] 
 []


Underfull \vbox (badness 10000) has occurred while \output is active []

 [47]
<xymatrix 4x3 430>
Underfull \vbox (badness 3354) has occurred while \output is active []

 [48]
<xymatrix 5x2 454> [49]
Overfull \hbox (12.0pt too wide) in paragraph at lines 1080--1080
[][] 
 []


LaTeX Warning: Reference `sec.approx' on page 26 undefined on input line 1098.


LaTeX Warning: Reference `eq.K' on page 27 undefined on input line 1105.


LaTeX Warning: Reference `eq.hom' on page 28 undefined on input line 1119.

(source_extraction/results/1110.3909.aux)

LaTeX Warning: There were undefined references.


LaTeX Warning: There were multiply-defined labels.

 ) 
Here is how much of TeX's memory you used:
 7154 strings out of 494260
 88950 string characters out of 6168642
 247294 words of memory out of 5000000
 10145 multiletter control sequences out of 15000+600000
 17499 words of font info for 74 fonts, out of 8000000 for 9000
 658 hyphenation exceptions out of 8191
 41i,19n,35p,1783b,577s stack positions out of 5000i,500n,10000p,200000b,80000s
</usr/share/texlive/texmf-dist/fonts/type1/public/amsfonts/cm/cmbx10.pfb></us
r/share/texlive/texmf-dist/fonts/type1/public/amsfonts/cm/cmex10.pfb></usr/shar
e/texlive/texmf-dist/fonts/type1/public/amsfonts/cm/cmmi10.pfb></usr/share/texl
ive/texmf-dist/fonts/type1/public/amsfonts/cm/cmmi5.pfb></usr/share/texlive/tex
mf-dist/fonts/type1/public/amsfonts/cm/cmmi7.pfb></usr/share/texlive/texmf-dist
/fonts/type1/public/amsfonts/cm/cmr10.pfb></usr/share/texlive/texmf-dist/fonts/
type1/public/amsfonts/cm/cmr5.pfb></usr/share/texlive/texmf-dist/fonts/type1/pu
blic/amsfonts/cm/cmr7.pfb></usr/share/texlive/texmf-dist/fonts/type1/public/ams
fonts/cm/cmss10.pfb></usr/share/texlive/texmf-dist/fonts/type1/public/amsfonts/
cm/cmss8.pfb></usr/share/texlive/texmf-dist/fonts/type1/public/amsfonts/cm/cmsy
10.pfb></usr/share/texlive/texmf-dist/fonts/type1/public/amsfonts/cm/cmsy5.pfb>
</usr/share/texlive/texmf-dist/fonts/type1/public/amsfonts/cm/cmsy7.pfb></usr/s
hare/texlive/texmf-dist/fonts/type1/public/amsfonts/cm/cmti10.pfb></usr/share/t
exlive/texmf-dist/fonts/type1/public/amsfonts/euler/eufm10.pfb></usr/share/texl
ive/texmf-dist/fonts/type1/public/amsfonts/euler/eufm5.pfb></usr/share/texlive/
texmf-dist/fonts/type1/public/amsfonts/euler/eufm7.pfb></usr/share/texlive/texm
f-dist/fonts/type1/public/amsfonts/latxfont/lasy7.pfb></usr/share/texlive/texmf
-dist/fonts/type1/public/amsfonts/symbols/msam10.pfb></usr/share/texlive/texmf-
dist/fonts/type1/public/amsfonts/symbols/msbm10.pfb></usr/share/texlive/texmf-d
ist/fonts/type1/public/amsfonts/symbols/msbm7.pfb>
Output written on source_extraction/results/1110.3909.pdf (49 pages, 251316 byt
es).
PDF statistics:
 248 PDF objects out of 1000 (max. 8388607)
 174 compressed objects within 2 object streams
 0 named destinations out of 1000 (max. 500000)
 1 words of extra memory for PDF output out of 10000 (max. 10000000)

