This is pdfTeX, Version 3.14159265-2.6-1.40.18 (TeX Live 2017/Debian) (preloaded format=pdflatex 2018.11.16)  29 NOV 2018 14:49
entering extended mode
 restricted \write18 enabled.
 %&-line parsing enabled.
**source_extraction/results/1112.2309.tex
(./source_extraction/results/1112.2309.tex
LaTeX2e <2017-04-15>
Babel <3.18> and hyphenation patterns for 20 language(s) loaded.
(/usr/share/texlive/texmf-dist/tex/latex/amscls/amsart.cls
Document Class: amsart 2017/10/31 v2.20.4
\linespacing=\dimen102
\normalparindent=\dimen103
\normaltopskip=\skip41
(/usr/share/texlive/texmf-dist/tex/latex/amsmath/amsmath.sty
Package: amsmath 2017/09/02 v2.17a AMS math features
\@mathmargin=\skip42

For additional information on amsmath, use the `?' option.
(/usr/share/texlive/texmf-dist/tex/latex/amsmath/amstext.sty
Package: amstext 2000/06/29 v2.01 AMS text

(/usr/share/texlive/texmf-dist/tex/latex/amsmath/amsgen.sty
File: amsgen.sty 1999/11/30 v2.0 generic functions
\@emptytoks=\toks14
\ex@=\dimen104
))
(/usr/share/texlive/texmf-dist/tex/latex/amsmath/amsbsy.sty
Package: amsbsy 1999/11/29 v1.2d Bold Symbols
\pmbraise@=\dimen105
)
(/usr/share/texlive/texmf-dist/tex/latex/amsmath/amsopn.sty
Package: amsopn 2016/03/08 v2.02 operator names
)
\inf@bad=\count79
LaTeX Info: Redefining \frac on input line 213.
\uproot@=\count80
\leftroot@=\count81
LaTeX Info: Redefining \overline on input line 375.
\classnum@=\count82
\DOTSCASE@=\count83
LaTeX Info: Redefining \ldots on input line 472.
LaTeX Info: Redefining \dots on input line 475.
LaTeX Info: Redefining \cdots on input line 596.
\Mathstrutbox@=\box26
\strutbox@=\box27
\big@size=\dimen106
LaTeX Font Info:    Redeclaring font encoding OML on input line 712.
LaTeX Font Info:    Redeclaring font encoding OMS on input line 713.
\macc@depth=\count84
\c@MaxMatrixCols=\count85
\dotsspace@=\muskip10
\c@parentequation=\count86
\dspbrk@lvl=\count87
\tag@help=\toks15
\row@=\count88
\column@=\count89
\maxfields@=\count90
\andhelp@=\toks16
\eqnshift@=\dimen107
\alignsep@=\dimen108
\tagshift@=\dimen109
\tagwidth@=\dimen110
\totwidth@=\dimen111
\lineht@=\dimen112
\@envbody=\toks17
\multlinegap=\skip43
\multlinetaggap=\skip44
\mathdisplay@stack=\toks18
LaTeX Info: Redefining \[ on input line 2817.
LaTeX Info: Redefining \] on input line 2818.
)
LaTeX Font Info:    Try loading font information for U+msa on input line 398.

(/usr/share/texlive/texmf-dist/tex/latex/amsfonts/umsa.fd
File: umsa.fd 2013/01/14 v3.01 AMS symbols A
)
(/usr/share/texlive/texmf-dist/tex/latex/amsfonts/amsfonts.sty
Package: amsfonts 2013/01/14 v3.01 Basic AMSFonts support
\symAMSa=\mathgroup4
\symAMSb=\mathgroup5
LaTeX Font Info:    Overwriting math alphabet `\mathfrak' in version `bold'
(Font)                  U/euf/m/n --> U/euf/b/n on input line 106.
)
\copyins=\insert199
\abstractbox=\box28
\listisep=\skip45
\c@part=\count91
\c@section=\count92
\c@subsection=\count93
\c@subsubsection=\count94
\c@paragraph=\count95
\c@subparagraph=\count96
\c@figure=\count97
\c@table=\count98
\abovecaptionskip=\skip46
\belowcaptionskip=\skip47
\captionindent=\dimen113
\thm@style=\toks19
\thm@bodyfont=\toks20
\thm@headfont=\toks21
\thm@notefont=\toks22
\thm@headpunct=\toks23
\thm@preskip=\skip48
\thm@postskip=\skip49
\thm@headsep=\skip50
\dth@everypar=\toks24
) (./extract.sty (/usr/share/texlive/texmf-dist/tex/latex/environ/environ.sty
Package: environ 2014/05/04 v0.3 A new way to define environments

(/usr/share/texlive/texmf-dist/tex/latex/trimspaces/trimspaces.sty
Package: trimspaces 2009/09/17 v1.1 Trim spaces around a token list
))
(/usr/share/texlive/texmf-dist/tex/latex/etextools/etextools.sty
Package: etextools 2010/12/07 v3.1415926 e-TeX more useful tools for LaTeX pack
age writers

(/usr/share/texlive/texmf-dist/tex/latex/etex-pkg/etex.sty
Package: etex 2016/08/01 v2.7 eTeX basic definition package (PEB,DPC)
\et@xins=\count99
)
(/usr/share/texlive/texmf-dist/tex/latex/etoolbox/etoolbox.sty
Package: etoolbox 2018/02/11 v2.5e e-TeX tools for LaTeX (JAW)
\etb@tempcnta=\count100
)
(/usr/share/texlive/texmf-dist/tex/latex/oberdiek/letltxmacro.sty
Package: letltxmacro 2016/05/16 v1.5 Let assignment for LaTeX macros (HO)
)
\ettl@fter=\count101
\ettl@for@nested=\count277
)
(/usr/share/texmf/tex/latex/preview/preview.sty
Package: preview 2017/04/24 11.91 (AUCTeX/preview-latex)

(/usr/share/texmf/tex/latex/preview/prtightpage.def
\PreviewBorder=\dimen114
)
\pr@snippet=\count102
\pr@box=\box29
\pr@output=\toks25
)
\c@propcounter=\count103
\mybox=\box30
)
\c@Thm=\count104

(source_extraction/results/1112.2309.aux)
\openout1 = `1112.2309.aux'.

LaTeX Font Info:    Checking defaults for OML/cmm/m/it on input line 133.
LaTeX Font Info:    ... okay on input line 133.
LaTeX Font Info:    Checking defaults for T1/cmr/m/n on input line 133.
LaTeX Font Info:    ... okay on input line 133.
LaTeX Font Info:    Checking defaults for OT1/cmr/m/n on input line 133.
LaTeX Font Info:    ... okay on input line 133.
LaTeX Font Info:    Checking defaults for OMS/cmsy/m/n on input line 133.
LaTeX Font Info:    ... okay on input line 133.
LaTeX Font Info:    Checking defaults for OMX/cmex/m/n on input line 133.
LaTeX Font Info:    ... okay on input line 133.
LaTeX Font Info:    Checking defaults for U/cmr/m/n on input line 133.
LaTeX Font Info:    ... okay on input line 133.
LaTeX Font Info:    Try loading font information for U+msa on input line 133.

(/usr/share/texlive/texmf-dist/tex/latex/amsfonts/umsa.fd
File: umsa.fd 2013/01/14 v3.01 AMS symbols A
)
LaTeX Font Info:    Try loading font information for U+msb on input line 133.

(/usr/share/texlive/texmf-dist/tex/latex/amsfonts/umsb.fd
File: umsb.fd 2013/01/14 v3.01 AMS symbols B
)
Preview: Fontsize 10pt
Preview: PDFoutput 1

LaTeX Warning: Reference `ConsLaw' on page 1 undefined on input line 192.


LaTeX Warning: Reference `FreeTransp' on page 1 undefined on input line 192.


LaTeX Warning: Reference `ConsLaw' on page 1 undefined on input line 193.


LaTeX Warning: Reference `ConsLaw' on page 1 undefined on input line 195.


LaTeX Warning: Reference `ConsLaw' on page 1 undefined on input line 195.


LaTeX Warning: Reference `ConsLaw' on page 1 undefined on input line 198.

LaTeX Font Info:    Try loading font information for OMS+cmr on input line 210.

(/usr/share/texlive/texmf-dist/tex/latex/base/omscmr.fd
File: omscmr.fd 2014/09/29 v2.5h Standard LaTeX font definitions
)
LaTeX Font Info:    Font shape `OMS/cmr/m/n' in size <10> not available
(Font)              Font shape `OMS/cmsy/m/n' tried instead on input line 210.


LaTeX Warning: Reference `ConsLaw' on page 2 undefined on input line 214.


LaTeX Warning: Reference `Def-q' on page 2 undefined on input line 218.


LaTeX Warning: Reference `WEntrCond' on page 2 undefined on input line 223.


LaTeX Warning: Reference `ConsLaw' on page 2 undefined on input line 228.


LaTeX Warning: Reference `S-VA' on page 2 undefined on input line 232.


LaTeX Warning: Reference `S-ConsLaw' on page 2 undefined on input line 236.


LaTeX Warning: Reference `ConsLaw' on page 2 undefined on input line 239.


LaTeX Warning: Reference `ConsLaw' on page 3 undefined on input line 247.


LaTeX Warning: Reference `WEntrCond' on page 3 undefined on input line 247.

Preview: Tightpage -32891 -32891 32891 32891
[1{/var/lib/texmf/fonts/map/pdftex/updmap/pdftex.map}]
Overfull \hbox (12.0pt too wide) in paragraph at lines 247--247
[][] 
 []


LaTeX Warning: Reference `S-Interact' on page 3 undefined on input line 251.


LaTeX Warning: Reference `ConsLaw' on page 3 undefined on input line 251.


LaTeX Warning: Reference `S-ConsLaw' on page 3 undefined on input line 252.


LaTeX Warning: Reference `S-VA' on page 3 undefined on input line 254.


LaTeX Warning: Reference `S-Interact' on page 3 undefined on input line 259.


LaTeX Warning: Reference `2x2Syst' on page 4 undefined on input line 290.


LaTeX Warning: Reference `2x2Syst' on page 4 undefined on input line 341.


LaTeX Warning: Reference `InterIdent' on page 5 undefined on input line 351.


LaTeX Warning: Reference `InterIdent2' on page 5 undefined on input line 352.


LaTeX Warning: Reference `InterIdent' on page 5 undefined on input line 355.


LaTeX Warning: Reference `InterIdent2' on page 5 undefined on input line 355.


LaTeX Warning: Reference `InterIdent' on page 5 undefined on input line 378.


LaTeX Warning: Reference `InterIdent2' on page 5 undefined on input line 378.


LaTeX Warning: Reference `KinEq' on page 5 undefined on input line 400.

[2]
Overfull \hbox (12.0pt too wide) in paragraph at lines 400--400
[][] 
 []


Underfull \vbox (badness 10000) has occurred while \output is active []



LaTeX Warning: Reference `InterIdent' on page 7 undefined on input line 504.


LaTeX Warning: Reference `InterIdent2' on page 7 undefined on input line 504.


LaTeX Warning: Reference `InterIdent' on page 8 undefined on input line 810.


LaTeX Warning: Reference `KinEq' on page 9 undefined on input line 810.


LaTeX Warning: Reference `2x2Syst' on page 9 undefined on input line 810.


LaTeX Warning: Reference `InterIdent' on page 9 undefined on input line 810.


LaTeX Warning: Reference `InterIdent2' on page 11 undefined on input line 810.


LaTeX Warning: Reference `InterIdent2' on page 11 undefined on input line 810.


LaTeX Warning: Reference `RegVAt' on page 12 undefined on input line 810.


LaTeX Warning: Reference `RegVAx' on page 12 undefined on input line 810.


LaTeX Warning: Reference `Def-q' on page 12 undefined on input line 832.


LaTeX Warning: Reference `ScalCons' on page 12 undefined on input line 834.


LaTeX Warning: Reference `KinForm' on page 13 undefined on input line 886.

[3]
Overfull \hbox (12.0pt too wide) in paragraph at lines 886--886
[][] 
 []

[4]
Overfull \hbox (12.0pt too wide) in paragraph at lines 895--895
[][] 
 []


LaTeX Warning: Reference `ScalCons' on page 13 undefined on input line 911.


LaTeX Warning: Reference `ScalCons' on page 14 undefined on input line 919.


LaTeX Warning: Reference `Def-q' on page 14 undefined on input line 924.


LaTeX Warning: Reference `ScalCons' on page 14 undefined on input line 932.


LaTeX Warning: Reference `Def-q' on page 14 undefined on input line 933.


LaTeX Warning: Reference `StrictConv' on page 14 undefined on input line 938.


LaTeX Warning: Reference `ScalCons' on page 14 undefined on input line 939.


LaTeX Warning: Reference `Def-q' on page 14 undefined on input line 940.

[5]
Overfull \hbox (12.0pt too wide) in paragraph at lines 965--965
[][] 
 []


LaTeX Warning: Reference `KinEq' on page 14 undefined on input line 1178.


LaTeX Warning: Reference `2x2Syst' on page 14 undefined on input line 1178.


LaTeX Warning: Reference `InterIdent' on page 15 undefined on input line 1178.


LaTeX Warning: Reference `LowQ' on page 16 undefined on input line 1178.


LaTeX Warning: Reference `UpQ' on page 16 undefined on input line 1178.


LaTeX Warning: Reference `KinEq' on page 16 undefined on input line 1178.


LaTeX Warning: Reference `2x2Syst' on page 16 undefined on input line 1178.


LaTeX Warning: Reference `InterIdent2' on page 16 undefined on input line 1178.



Overfull \hbox (2.37839pt too wide) detected at line 1178
[][]
 []


LaTeX Warning: Reference `LowS' on page 17 undefined on input line 1178.


LaTeX Warning: Reference `UpS' on page 17 undefined on input line 1178.


LaTeX Warning: Reference `ScalCons' on page 18 undefined on input line 1271.


LaTeX Warning: Reference `Def-q' on page 18 undefined on input line 1271.


LaTeX Warning: Reference `DefM1' on page 18 undefined on input line 1271.


LaTeX Warning: Reference `DefM2' on page 18 undefined on input line 1271.


LaTeX Warning: Reference `DefN1' on page 18 undefined on input line 1271.


LaTeX Warning: Reference `DefN2' on page 18 undefined on input line 1271.

[6]
Overfull \hbox (12.0pt too wide) in paragraph at lines 1271--1271
[][] 
 []


Underfull \vbox (badness 1048) has occurred while \output is active []



LaTeX Warning: Reference `ScalCons' on page 19 undefined on input line 1286.


LaTeX Warning: Reference `ScalCons' on page 19 undefined on input line 1288.


LaTeX Warning: Reference `ScalCons' on page 19 undefined on input line 1290.


LaTeX Warning: Reference `S-Interact' on page 20 undefined on input line 1295.

[7]
Overfull \hbox (12.0pt too wide) in paragraph at lines 1308--1308
[][] 
 []


LaTeX Warning: Reference `ScalCons' on page 20 undefined on input line 1515.


LaTeX Warning: Reference `2x2Syst' on page 20 undefined on input line 1515.


LaTeX Warning: Reference `InterIdent' on page 20 undefined on input line 1515.


LaTeX Warning: Reference `ScalCons' on page 22 undefined on input line 1515.


LaTeX Warning: Reference `2x2Syst' on page 22 undefined on input line 1515.


LaTeX Warning: Reference `InterIdent2' on page 22 undefined on input line 1515.



LaTeX Warning: Reference `LowBd' on page 22 undefined on input line 1515.

Missing character: There is no Ð in font cmr8!
Missing character: There is no ” in font cmr8!
Missing character: There is no Ð in font cmr8!
Missing character: There is no Ð in font cmr8!
Missing character: There is no Ð in font cmr8!
Missing character: There is no Ð in font cmr8!
Missing character: There is no Ð in font cmr8!
Missing character: There is no Ð in font cmr8!
Missing character: There is no Ð in font cmr8!
Missing character: There is no Ð in font cmr8!
Missing character: There is no Ð in font cmr8!
Missing character: There is no Ð in font cmr8!
Missing character: There is no Ð in font cmr8!
Missing character: There is no ƒ in font cmr8!
Missing character: There is no Ð in font cmr8!
Missing character: There is no Ž in font cmr8!
(source_extraction/results/1112.2309.aux)

LaTeX Warning: There were undefined references.

 ) 
Here is how much of TeX's memory you used:
 2566 strings out of 494260
 29814 string characters out of 6168642
 139036 words of memory out of 5000000
 5751 multiletter control sequences out of 15000+600000
 12218 words of font info for 45 fonts, out of 8000000 for 9000
 658 hyphenation exceptions out of 8191
 34i,13n,32p,900b,336s stack positions out of 5000i,500n,10000p,200000b,80000s
</usr/share/texlive/texmf-dist/fonts/type1/public/amsfonts/cm/cmbx10.pfb></us
r/share/texlive/texmf-dist/fonts/type1/public/amsfonts/cm/cmbx7.pfb></usr/share
/texlive/texmf-dist/fonts/type1/public/amsfonts/cm/cmex10.pfb></usr/share/texli
ve/texmf-dist/fonts/type1/public/amsfonts/cm/cmmi10.pfb></usr/share/texlive/tex
mf-dist/fonts/type1/public/amsfonts/cm/cmmi7.pfb></usr/share/texlive/texmf-dist
/fonts/type1/public/amsfonts/cm/cmr10.pfb></usr/share/texlive/texmf-dist/fonts/
type1/public/amsfonts/cm/cmr5.pfb></usr/share/texlive/texmf-dist/fonts/type1/pu
blic/amsfonts/cm/cmr7.pfb></usr/share/texlive/texmf-dist/fonts/type1/public/ams
fonts/cm/cmsy10.pfb></usr/share/texlive/texmf-dist/fonts/type1/public/amsfonts/
cm/cmsy5.pfb></usr/share/texlive/texmf-dist/fonts/type1/public/amsfonts/cm/cmsy
7.pfb></usr/share/texlive/texmf-dist/fonts/type1/public/amsfonts/cm/cmti10.pfb>

Output written on source_extraction/results/1112.2309.pdf (7 pages, 135037 byte
s).
PDF statistics:
 76 PDF objects out of 1000 (max. 8388607)
 54 compressed objects within 1 object stream
 0 named destinations out of 1000 (max. 500000)
 1 words of extra memory for PDF output out of 10000 (max. 10000000)

