This is pdfTeX, Version 3.14159265-2.6-1.40.18 (TeX Live 2017/Debian) (preloaded format=pdflatex 2018.11.16)  29 NOV 2018 14:49
entering extended mode
 restricted \write18 enabled.
 %&-line parsing enabled.
**source_extraction/results/1112.4892.tex
(./source_extraction/results/1112.4892.tex
LaTeX2e <2017-04-15>
Babel <3.18> and hyphenation patterns for 20 language(s) loaded.
(/usr/share/texlive/texmf-dist/tex/latex/base/article.cls
Document Class: article 2014/09/29 v1.4h Standard LaTeX document class
(/usr/share/texlive/texmf-dist/tex/latex/base/size12.clo
File: size12.clo 2014/09/29 v1.4h Standard LaTeX file (size option)
)
\c@part=\count79
\c@section=\count80
\c@subsection=\count81
\c@subsubsection=\count82
\c@paragraph=\count83
\c@subparagraph=\count84
\c@figure=\count85
\c@table=\count86
\abovecaptionskip=\skip41
\belowcaptionskip=\skip42
\bibindent=\dimen102
)
(/usr/share/texlive/texmf-dist/tex/latex/base/inputenc.sty
Package: inputenc 2015/03/17 v1.2c Input encoding file
\inpenc@prehook=\toks14
\inpenc@posthook=\toks15

(/usr/share/texlive/texmf-dist/tex/latex/cyrillic/cp1251.def
File: cp1251.def 2014/10/28 v1.0d Input encoding file
))
(/usr/share/texlive/texmf-dist/tex/generic/babel/babel.sty
Package: babel 2018/02/14 3.18 The Babel package

(/usr/share/texlive/texmf-dist/tex/generic/babel/switch.def
File: switch.def 2018/02/14 3.18 Babel switching mechanism
)
(/usr/share/texlive/texmf-dist/tex/generic/babel-russian/russianb.ldf
Language: russian 2017/08/12 1.3j Russian support for the Babel system

(/usr/share/texlive/texmf-dist/tex/generic/babel/babel.def
File: babel.def 2018/02/14 3.18 Babel common definitions
\babel@savecnt=\count87
\U@D=\dimen103

(/usr/share/texlive/texmf-dist/tex/generic/babel/txtbabel.def)
\bbl@dirlevel=\count88
)

Package babel Warning: No Cyrillic font encoding has been loaded so far.
(babel)                A font encoding should be declared before babel.
(babel)                Default `T2A' encoding will be loaded  on input line 74.


(/usr/share/texlive/texmf-dist/tex/latex/cyrillic/t2aenc.def
File: t2aenc.def 2005/09/27 v1.0i Cyrillic encoding definition file
)
Package babel Info: Making " an active character on input line 120.
Package babel Info: Default for \cyrdash is provided on input line 157.
))
(/usr/share/texlive/texmf-dist/tex/latex/amsfonts/amssymb.sty
Package: amssymb 2013/01/14 v3.01 AMS font symbols

(/usr/share/texlive/texmf-dist/tex/latex/amsfonts/amsfonts.sty
Package: amsfonts 2013/01/14 v3.01 Basic AMSFonts support
\@emptytoks=\toks16
\symAMSa=\mathgroup4
\symAMSb=\mathgroup5
LaTeX Font Info:    Overwriting math alphabet `\mathfrak' in version `bold'
(Font)                  U/euf/m/n --> U/euf/b/n on input line 106.
))
(/usr/share/texlive/texmf-dist/tex/latex/amsmath/amsmath.sty
Package: amsmath 2017/09/02 v2.17a AMS math features
\@mathmargin=\skip43

For additional information on amsmath, use the `?' option.
(/usr/share/texlive/texmf-dist/tex/latex/amsmath/amstext.sty
Package: amstext 2000/06/29 v2.01 AMS text

(/usr/share/texlive/texmf-dist/tex/latex/amsmath/amsgen.sty
File: amsgen.sty 1999/11/30 v2.0 generic functions
\@emptytoks=\toks17
\ex@=\dimen104
))
(/usr/share/texlive/texmf-dist/tex/latex/amsmath/amsbsy.sty
Package: amsbsy 1999/11/29 v1.2d Bold Symbols
\pmbraise@=\dimen105
)
(/usr/share/texlive/texmf-dist/tex/latex/amsmath/amsopn.sty
Package: amsopn 2016/03/08 v2.02 operator names
)
\inf@bad=\count89
LaTeX Info: Redefining \frac on input line 213.
\uproot@=\count90
\leftroot@=\count91
LaTeX Info: Redefining \overline on input line 375.
\classnum@=\count92
\DOTSCASE@=\count93
LaTeX Info: Redefining \ldots on input line 472.
LaTeX Info: Redefining \dots on input line 475.
LaTeX Info: Redefining \cdots on input line 596.
\Mathstrutbox@=\box26
\strutbox@=\box27
\big@size=\dimen106
LaTeX Font Info:    Redeclaring font encoding OML on input line 712.
LaTeX Font Info:    Redeclaring font encoding OMS on input line 713.
\macc@depth=\count94
\c@MaxMatrixCols=\count95
\dotsspace@=\muskip10
\c@parentequation=\count96
\dspbrk@lvl=\count97
\tag@help=\toks18
\row@=\count98
\column@=\count99
\maxfields@=\count100
\andhelp@=\toks19
\eqnshift@=\dimen107
\alignsep@=\dimen108
\tagshift@=\dimen109
\tagwidth@=\dimen110
\totwidth@=\dimen111
\lineht@=\dimen112
\@envbody=\toks20
\multlinegap=\skip44
\multlinetaggap=\skip45
\mathdisplay@stack=\toks21
LaTeX Info: Redefining \[ on input line 2817.
LaTeX Info: Redefining \] on input line 2818.
)
(source_extraction/results/1112.4892.aux
LaTeX Font Info:    Try loading font information for T2A+cmr on input line 3.

(/usr/share/texlive/texmf-dist/tex/latex/cyrillic/t2acmr.fd
File: t2acmr.fd 2001/08/11 v1.0a Computer Modern Cyrillic font definitions
))
\openout1 = `1112.4892.aux'.

LaTeX Font Info:    Checking defaults for OML/cmm/m/it on input line 9.
LaTeX Font Info:    ... okay on input line 9.
LaTeX Font Info:    Checking defaults for T1/cmr/m/n on input line 9.
LaTeX Font Info:    ... okay on input line 9.
LaTeX Font Info:    Checking defaults for OT1/cmr/m/n on input line 9.
LaTeX Font Info:    ... okay on input line 9.
LaTeX Font Info:    Checking defaults for OMS/cmsy/m/n on input line 9.
LaTeX Font Info:    ... okay on input line 9.
LaTeX Font Info:    Checking defaults for OMX/cmex/m/n on input line 9.
LaTeX Font Info:    ... okay on input line 9.
LaTeX Font Info:    Checking defaults for U/cmr/m/n on input line 9.
LaTeX Font Info:    ... okay on input line 9.
LaTeX Font Info:    Checking defaults for T2A/cmr/m/n on input line 9.
LaTeX Font Info:    ... okay on input line 9.
LaTeX Font Info:    Try loading font information for U+msa on input line 21.

(/usr/share/texlive/texmf-dist/tex/latex/amsfonts/umsa.fd
File: umsa.fd 2013/01/14 v3.01 AMS symbols A
)
LaTeX Font Info:    Try loading font information for U+msb on input line 21.

(/usr/share/texlive/texmf-dist/tex/latex/amsfonts/umsb.fd
File: umsb.fd 2013/01/14 v3.01 AMS symbols B
)
Overfull \hbox (2.44449pt too wide) in paragraph at lines 21--35
[]\T2A/cmr/m/sc/10.95 Abstract. \T2A/cmr/m/n/10.95 We consider the space $\OML/
cmm/m/it/10.95 A\OT1/cmr/m/n/10.95 (\U/msb/m/n/10.95 T\OT1/cmr/m/n/10.95 )$ \T2
A/cmr/m/n/10.95 of all continuous functions
 []


Overfull \hbox (1.54767pt too wide) in paragraph at lines 21--35
\OMS/cmsy/m/n/10.95 k\OML/cmm/m/it/10.95 f\OMS/cmsy/m/n/10.95 k[] \OT1/cmr/m/n/
10.95 = \OMS/cmsy/m/n/10.95 k[]k[]$\T2A/cmr/m/n/10.95 . According to the known 
Beurling--Helson theorem,
 []


Overfull \hbox (8.60541pt too wide) in paragraph at lines 21--35
\T2A/cmr/m/n/10.95 same conclusion about $\OML/cmm/m/it/10.95 '$ \T2A/cmr/m/n/1
0.95 is true under the assumption that $\OMS/cmsy/m/n/10.95 k\OML/cmm/m/it/10.9
5 e[]\OMS/cmsy/m/n/10.95 k[] \OT1/cmr/m/n/10.95 =
 []


Overfull \hbox (11.76392pt too wide) in paragraph at lines 21--35
\OML/cmm/m/it/10.95 o\OT1/cmr/m/n/10.95 ([] \OMS/cmsy/m/n/10.95 j\OML/cmm/m/it/
10.95 n\OMS/cmsy/m/n/10.95 j\OT1/cmr/m/n/10.95 )$\T2A/cmr/m/n/10.95 . We show t
hat if $\OMS/cmsy/m/n/10.95 k\OML/cmm/m/it/10.95 e[]\OMS/cmsy/m/n/10.95 k[] \OT
1/cmr/m/n/10.95 = \OML/cmm/m/it/10.95 o\OT1/cmr/m/n/10.95 (([] [] \OMS/cmsy/m/n
/10.95 j\OML/cmm/m/it/10.95 n\OMS/cmsy/m/n/10.95 j\OML/cmm/m/it/10.95 = [] [] [
] \OMS/cmsy/m/n/10.95 j\OML/cmm/m/it/10.95 n\OMS/cmsy/m/n/10.95 j\OT1/cmr/m/n/1
0.95 )[])$
 []


Overfull \hbox (9.27365pt too wide) in paragraph at lines 69--72
[]\T2A/cmr/m/n/12 We identify continuous mappings $\OML/cmm/m/it/12 '$ \T2A/cmr
/m/n/12 of the circle $\U/msb/m/n/12 T$ \T2A/cmr/m/n/12 into itself and continu
ous
 []

[1

{/var/lib/texmf/fonts/map/pdftex/updmap/pdftex.map}]
Overfull \hbox (2.34851pt too wide) in paragraph at lines 130--135
[]\T2A/cmr/m/n/12 It is unknown if for nonlinear continuous mappings $\OML/cmm/
m/it/12 '$ \T2A/cmr/m/n/12 the norms $\OMS/cmsy/m/n/12 k\OML/cmm/m/it/12 e[]\OM
S/cmsy/m/n/12 k[]$
 []


Overfull \hbox (1.21497pt too wide) in paragraph at lines 130--135
\T2A/cmr/m/n/12 theorem can be strengthened, in particular, he conjectured that
 the condition 
 []

[2] [3] [4] [5] [6] [7]
Overfull \hbox (8.80946pt too wide) in paragraph at lines 459--463
\T2A/cmr/m/n/12 ($[]$ is the Fourier transform on $\U/msb/m/n/12 T[]$\T2A/cmr/m
/n/12 ) whence, taking into account that $[] \U/msb/m/n/12 Z[] \OT1/cmr/m/n/12 
=
 []

[8] [9] [10] [11] [12] [13] [14]
Overfull \hbox (7.57536pt too wide) detected at line 895
 []$[] \OMS/cmsy/m/n/12 ^^T k\OT1/cmr/m/n/12 ^^H \OMS/cmsy/m/n/12 ^^@ \OT1/cmr/
m/n/12 ^^H[]\OMS/cmsy/m/n/12 k[] ^^T \OT1/cmr/m/n/12 4\OMS/cmsy/m/n/12 k\OML/cm
m/m/it/12 ' \OMS/cmsy/m/n/12 ^^@ \OML/cmm/m/it/12 '[]\OMS/cmsy/m/n/12 k[] ^^T [
] ^^T [] \OT1/cmr/m/n/12 = \OML/cmm/m/it/12 o\OT1/cmr/m/n/12 (1)\OML/cmm/m/it/1
2 ;  N \OMS/cmsy/m/n/12 ! 1\OML/cmm/m/it/12 :  $ 
 []

[15] [16]
Overfull \hbox (7.03256pt too wide) in paragraph at lines 994--1002
[]\T2A/cmr/m/n/12 2. The theorem of the present work easily transfers to the mu
ltidimensional
 []

[17]
Overfull \hbox (30.13103pt too wide) in paragraph at lines 1034--1041
[]\T2A/cmr/m/n/12 4. Kahane's conjecture remains unproved even under the additi
onal assumption
 []


Overfull \hbox (20.8248pt too wide) in paragraph at lines 1061--1080
\T2A/cmr/m/n/12 continuous function $\OML/cmm/m/it/12 ^^X$\T2A/cmr/m/n/12 . The
n $\OMS/cmsy/m/n/12 j\OML/cmm/m/it/12 ^^X\OMS/cmsy/m/n/12 j \OT1/cmr/m/n/12 = 1
$ \T2A/cmr/m/n/12 almost everywhere and therefore everywhere.
 []

[18]
Overfull \hbox (5.71513pt too wide) in paragraph at lines 1097--1106
\T2A/cmr/m/n/12 whence, assuming that $\OMS/cmsy/m/n/12 k\OML/cmm/m/it/12 e[]\O
MS/cmsy/m/n/12 k[] ^^T \OML/cmm/m/it/12 c;  k \OT1/cmr/m/n/12 = 1\OML/cmm/m/it/
12 ; \OT1/cmr/m/n/12 2\OML/cmm/m/it/12 ; [] ;$ \T2A/cmr/m/n/12 we obtain $\OMS/
cmsy/m/n/12 k\OML/cmm/m/it/12 e[]\OMS/cmsy/m/n/12 k[] ^^T
 []

[19] [20] [21] (source_extraction/results/1112.4892.aux) ) 
Here is how much of TeX's memory you used:
 2155 strings out of 494260
 25521 string characters out of 6168642
 86836 words of memory out of 5000000
 5503 multiletter control sequences out of 15000+600000
 19621 words of font info for 56 fonts, out of 8000000 for 9000
 497 hyphenation exceptions out of 8191
 27i,12n,26p,244b,212s stack positions out of 5000i,500n,10000p,200000b,80000s
 </home/dasha/.texliv
e2017/texmf-var/fonts/pk/ljfour/lh/lh-t2a/lacc1200.600pk> </home/dasha/.texlive
2017/texmf-var/fonts/pk/ljfour/lh/lh-t2a/larm1000.600pk> </home/dasha/.texlive2
017/texmf-var/fonts/pk/ljfour/lh/lh-t2a/larm0700.600pk> </home/dasha/.texlive20
17/texmf-var/fonts/pk/ljfour/lh/lh-t2a/lati1200.600pk> </home/dasha/.texlive201
7/texmf-var/fonts/pk/ljfour/lh/lh-t2a/labx1200.600pk> </home/dasha/.texlive2017
/texmf-var/fonts/pk/ljfour/lh/lh-t2a/larm0800.600pk> </home/dasha/.texlive2017/
texmf-var/fonts/pk/ljfour/lh/lh-t2a/larm1095.600pk> </home/dasha/.texlive2017/t
exmf-var/fonts/pk/ljfour/lh/lh-t2a/lacc1095.600pk> </home/dasha/.texlive2017/te
xmf-var/fonts/pk/ljfour/lh/lh-t2a/larm1200.600pk> </home/dasha/.texlive2017/tex
mf-var/fonts/pk/ljfour/lh/lh-t2a/labx1440.600pk></usr/share/texlive/texmf-dist/
fonts/type1/public/amsfonts/cm/cmex10.pfb></usr/share/texlive/texmf-dist/fonts/
type1/public/amsfonts/cm/cmmi10.pfb></usr/share/texlive/texmf-dist/fonts/type1/
public/amsfonts/cm/cmmi12.pfb></usr/share/texlive/texmf-dist/fonts/type1/public
/amsfonts/cm/cmmi6.pfb></usr/share/texlive/texmf-dist/fonts/type1/public/amsfon
ts/cm/cmmi7.pfb></usr/share/texlive/texmf-dist/fonts/type1/public/amsfonts/cm/c
mmi8.pfb></usr/share/texlive/texmf-dist/fonts/type1/public/amsfonts/cm/cmr10.pf
b></usr/share/texlive/texmf-dist/fonts/type1/public/amsfonts/cm/cmr12.pfb></usr
/share/texlive/texmf-dist/fonts/type1/public/amsfonts/cm/cmr6.pfb></usr/share/t
exlive/texmf-dist/fonts/type1/public/amsfonts/cm/cmr7.pfb></usr/share/texlive/t
exmf-dist/fonts/type1/public/amsfonts/cm/cmr8.pfb></usr/share/texlive/texmf-dis
t/fonts/type1/public/amsfonts/cm/cmsy10.pfb></usr/share/texlive/texmf-dist/font
s/type1/public/amsfonts/cm/cmsy6.pfb></usr/share/texlive/texmf-dist/fonts/type1
/public/amsfonts/cm/cmsy7.pfb></usr/share/texlive/texmf-dist/fonts/type1/public
/amsfonts/cm/cmsy8.pfb></usr/share/texlive/texmf-dist/fonts/type1/public/amsfon
ts/symbols/msbm10.pfb></usr/share/texlive/texmf-dist/fonts/type1/public/amsfont
s/symbols/msbm7.pfb>
Output written on source_extraction/results/1112.4892.pdf (21 pages, 303208 byt
es).
PDF statistics:
 475 PDF objects out of 1000 (max. 8388607)
 139 compressed objects within 2 object streams
 0 named destinations out of 1000 (max. 500000)
 1 words of extra memory for PDF output out of 10000 (max. 10000000)

