This is pdfTeX, Version 3.14159265-2.6-1.40.18 (TeX Live 2017/Debian) (preloaded format=pdflatex 2018.11.16)  29 NOV 2018 14:49
entering extended mode
 restricted \write18 enabled.
 %&-line parsing enabled.
**source_extraction/results/1201.6440.tex
(./source_extraction/results/1201.6440.tex
LaTeX2e <2017-04-15>
Babel <3.18> and hyphenation patterns for 20 language(s) loaded.
(/usr/share/texlive/texmf-dist/tex/latex/base/article.cls
Document Class: article 2014/09/29 v1.4h Standard LaTeX document class
(/usr/share/texlive/texmf-dist/tex/latex/base/size12.clo
File: size12.clo 2014/09/29 v1.4h Standard LaTeX file (size option)
)
\c@part=\count79
\c@section=\count80
\c@subsection=\count81
\c@subsubsection=\count82
\c@paragraph=\count83
\c@subparagraph=\count84
\c@figure=\count85
\c@table=\count86
\abovecaptionskip=\skip41
\belowcaptionskip=\skip42
\bibindent=\dimen102
)
(/usr/share/texlive/texmf-dist/tex/latex/amsmath/amsmath.sty
Package: amsmath 2017/09/02 v2.17a AMS math features
\@mathmargin=\skip43

For additional information on amsmath, use the `?' option.
(/usr/share/texlive/texmf-dist/tex/latex/amsmath/amstext.sty
Package: amstext 2000/06/29 v2.01 AMS text

(/usr/share/texlive/texmf-dist/tex/latex/amsmath/amsgen.sty
File: amsgen.sty 1999/11/30 v2.0 generic functions
\@emptytoks=\toks14
\ex@=\dimen103
))
(/usr/share/texlive/texmf-dist/tex/latex/amsmath/amsbsy.sty
Package: amsbsy 1999/11/29 v1.2d Bold Symbols
\pmbraise@=\dimen104
)
(/usr/share/texlive/texmf-dist/tex/latex/amsmath/amsopn.sty
Package: amsopn 2016/03/08 v2.02 operator names
)
\inf@bad=\count87
LaTeX Info: Redefining \frac on input line 213.
\uproot@=\count88
\leftroot@=\count89
LaTeX Info: Redefining \overline on input line 375.
\classnum@=\count90
\DOTSCASE@=\count91
LaTeX Info: Redefining \ldots on input line 472.
LaTeX Info: Redefining \dots on input line 475.
LaTeX Info: Redefining \cdots on input line 596.
\Mathstrutbox@=\box26
\strutbox@=\box27
\big@size=\dimen105
LaTeX Font Info:    Redeclaring font encoding OML on input line 712.
LaTeX Font Info:    Redeclaring font encoding OMS on input line 713.
\macc@depth=\count92
\c@MaxMatrixCols=\count93
\dotsspace@=\muskip10
\c@parentequation=\count94
\dspbrk@lvl=\count95
\tag@help=\toks15
\row@=\count96
\column@=\count97
\maxfields@=\count98
\andhelp@=\toks16
\eqnshift@=\dimen106
\alignsep@=\dimen107
\tagshift@=\dimen108
\tagwidth@=\dimen109
\totwidth@=\dimen110
\lineht@=\dimen111
\@envbody=\toks17
\multlinegap=\skip44
\multlinetaggap=\skip45
\mathdisplay@stack=\toks18
LaTeX Info: Redefining \[ on input line 2817.
LaTeX Info: Redefining \] on input line 2818.
)
(/usr/share/texlive/texmf-dist/tex/latex/graphics/color.sty
Package: color 2016/07/10 v1.1e Standard LaTeX Color (DPC)

(/usr/share/texlive/texmf-dist/tex/latex/graphics-cfg/color.cfg
File: color.cfg 2016/01/02 v1.6 sample color configuration
)
Package color Info: Driver file: pdftex.def on input line 147.

(/usr/share/texlive/texmf-dist/tex/latex/graphics-def/pdftex.def
File: pdftex.def 2018/01/08 v1.0l Graphics/color driver for pdftex
)
(/usr/share/texlive/texmf-dist/tex/latex/graphics/dvipsnam.def
File: dvipsnam.def 2016/06/17 v3.0m Driver-dependent file (DPC,SPQR)
))
(/usr/share/texlive/texmf-dist/tex/latex/amsfonts/amsfonts.sty
Package: amsfonts 2013/01/14 v3.01 Basic AMSFonts support
\symAMSa=\mathgroup4
\symAMSb=\mathgroup5
LaTeX Font Info:    Overwriting math alphabet `\mathfrak' in version `bold'
(Font)                  U/euf/m/n --> U/euf/b/n on input line 106.
)
(/usr/share/texlive/texmf-dist/tex/latex/jknapltx/mathrsfs.sty
Package: mathrsfs 1996/01/01 Math RSFS package v1.0 (jk)
\symrsfs=\mathgroup6
)
(/usr/share/texlive/texmf-dist/tex/latex/amsfonts/amssymb.sty
Package: amssymb 2013/01/14 v3.01 AMS font symbols
)
(/usr/share/texlive/texmf-dist/tex/latex/amscls/amsthm.sty
Package: amsthm 2017/10/31 v2.20.4
\thm@style=\toks19
\thm@bodyfont=\toks20
\thm@headfont=\toks21
\thm@notefont=\toks22
\thm@headpunct=\toks23
\thm@preskip=\skip46
\thm@postskip=\skip47
\thm@headsep=\skip48
\dth@everypar=\toks24
) (./extract.sty
(/usr/share/texlive/texmf-dist/tex/latex/environ/environ.sty
Package: environ 2014/05/04 v0.3 A new way to define environments

(/usr/share/texlive/texmf-dist/tex/latex/trimspaces/trimspaces.sty
Package: trimspaces 2009/09/17 v1.1 Trim spaces around a token list
))
(/usr/share/texlive/texmf-dist/tex/latex/etextools/etextools.sty
Package: etextools 2010/12/07 v3.1415926 e-TeX more useful tools for LaTeX pack
age writers

(/usr/share/texlive/texmf-dist/tex/latex/etex-pkg/etex.sty
Package: etex 2016/08/01 v2.7 eTeX basic definition package (PEB,DPC)
\et@xins=\count99
)
(/usr/share/texlive/texmf-dist/tex/latex/etoolbox/etoolbox.sty
Package: etoolbox 2018/02/11 v2.5e e-TeX tools for LaTeX (JAW)
\etb@tempcnta=\count100
)
(/usr/share/texlive/texmf-dist/tex/latex/oberdiek/letltxmacro.sty
Package: letltxmacro 2016/05/16 v1.5 Let assignment for LaTeX macros (HO)
)
\ettl@fter=\count101
\ettl@for@nested=\count277
)
(/usr/share/texmf/tex/latex/preview/preview.sty
Package: preview 2017/04/24 11.91 (AUCTeX/preview-latex)

(/usr/share/texmf/tex/latex/preview/prtightpage.def
\PreviewBorder=\dimen112
)
\pr@snippet=\count102
\pr@box=\box28
\pr@output=\toks25
)
\c@propcounter=\count103
\mybox=\box29
)
\c@rem=\count104
\c@theorem=\count105

(source_extraction/results/1201.6440.aux)
\openout1 = `1201.6440.aux'.

LaTeX Font Info:    Checking defaults for OML/cmm/m/it on input line 157.
LaTeX Font Info:    ... okay on input line 157.
LaTeX Font Info:    Checking defaults for T1/cmr/m/n on input line 157.
LaTeX Font Info:    ... okay on input line 157.
LaTeX Font Info:    Checking defaults for OT1/cmr/m/n on input line 157.
LaTeX Font Info:    ... okay on input line 157.
LaTeX Font Info:    Checking defaults for OMS/cmsy/m/n on input line 157.
LaTeX Font Info:    ... okay on input line 157.
LaTeX Font Info:    Checking defaults for OMX/cmex/m/n on input line 157.
LaTeX Font Info:    ... okay on input line 157.
LaTeX Font Info:    Checking defaults for U/cmr/m/n on input line 157.
LaTeX Font Info:    ... okay on input line 157.

(/usr/share/texlive/texmf-dist/tex/context/base/mkii/supp-pdf.mkii
[Loading MPS to PDF converter (version 2006.09.02).]
\scratchcounter=\count106
\scratchdimen=\dimen113
\scratchbox=\box30
\nofMPsegments=\count107
\nofMParguments=\count108
\everyMPshowfont=\toks26
\MPscratchCnt=\count109
\MPscratchDim=\dimen114
\MPnumerator=\count110
\makeMPintoPDFobject=\count111
\everyMPtoPDFconversion=\toks27
)
Preview: Fontsize 12pt
Preview: PDFoutput 1
LaTeX Font Info:    Try loading font information for U+msa on input line 166.
(/usr/share/texlive/texmf-dist/tex/latex/amsfonts/umsa.fd
File: umsa.fd 2013/01/14 v3.01 AMS symbols A
)
LaTeX Font Info:    Try loading font information for U+msb on input line 166.

(/usr/share/texlive/texmf-dist/tex/latex/amsfonts/umsb.fd
File: umsb.fd 2013/01/14 v3.01 AMS symbols B
)
LaTeX Font Info:    Try loading font information for U+rsfs on input line 166.

(/usr/share/texlive/texmf-dist/tex/latex/jknapltx/ursfs.fd
File: ursfs.fd 1998/03/24 rsfs font definition file (jk)
)
LaTeX Font Info:    Try loading font information for OMS+cmr on input line 166.


(/usr/share/texlive/texmf-dist/tex/latex/base/omscmr.fd
File: omscmr.fd 2014/09/29 v2.5h Standard LaTeX font definitions
)
LaTeX Font Info:    Font shape `OMS/cmr/m/n' in size <10> not available
(Font)              Font shape `OMS/cmsy/m/n' tried instead on input line 166.
LaTeX Font Info:    Font shape `OMS/cmr/m/n' in size <7> not available
(Font)              Font shape `OMS/cmsy/m/n' tried instead on input line 166.

Preview: Tightpage -32891 -32891 32891 32891
[1{/var/lib/texmf/fonts/map/pdftex/updmap/pdftex.map}]
Overfull \hbox (17.62482pt too wide) in paragraph at lines 209--209
[][] 
 []

[2]
Overfull \hbox (345.82205pt too wide) in paragraph at lines 211--232
\OT1/cmr/m/n/12 is sharp. (See Re-mark A in $\OMS/cmsy/m/n/12 x\OT1/cmr/m/n/12 
5$ for more dis-cus-sions on this ex-am-ple.) [] 
 []

[3]
Overfull \hbox (17.62482pt too wide) in paragraph at lines 247--247
[][] 
 []

[4]

LaTeX Warning: Reference `000' on page 3 undefined on input line 422.

[5]
Overfull \hbox (17.62482pt too wide) in paragraph at lines 506--506
[][] 
 []

[6]
Overfull \hbox (17.62482pt too wide) in paragraph at lines 749--749
[][] 
 []

[7]
Overfull \hbox (17.62482pt too wide) in paragraph at lines 765--765
[][] 
 []

[8]
Overfull \hbox (17.62482pt too wide) in paragraph at lines 842--842
[][] 
 []

[9]
Overfull \hbox (17.62482pt too wide) in paragraph at lines 897--897
[][] 
 []

[10]
Overfull \hbox (17.62482pt too wide) in paragraph at lines 959--959
[][] 
 []


LaTeX Warning: Reference `*' on page 11 undefined on input line 963.


LaTeX Warning: Reference `330' on page 11 undefined on input line 972.

[11]
Overfull \hbox (17.62482pt too wide) in paragraph at lines 1001--1001
[][] 
 []


Overfull \hbox (8.00775pt too wide) in paragraph at lines 1040--1040
[] \OT1/cmr/bx/n/17.28 Par-tial lin-ear-ity and fur-ther ap-pli-ca-tions of the
 Chern-
 []

[12]
Overfull \hbox (17.62482pt too wide) in paragraph at lines 1081--1081
[][] 
 []


LaTeX Warning: Reference `w2' on page 12 undefined on input line 1116.


LaTeX Warning: Reference `eq01' on page 13 undefined on input line 1145.


LaTeX Warning: Reference `*' on page 13 undefined on input line 1167.


LaTeX Warning: Reference `311' on page 14 undefined on input line 1210.


LaTeX Warning: Reference `420' on page 14 undefined on input line 1210.


LaTeX Warning: Reference `112' on page 14 undefined on input line 1215.


LaTeX Warning: Reference `330' on page 14 undefined on input line 1215.


LaTeX Warning: Reference `221' on page 14 undefined on input line 1220.


LaTeX Warning: Reference `92eq2' on page 14 undefined on input line 1220.


LaTeX Warning: Reference `112' on page 15 undefined on input line 1274.


LaTeX Warning: Reference `97eq1' on page 16 undefined on input line 1283.


LaTeX Warning: Reference `*' on page 16 undefined on input line 1295.


LaTeX Warning: Reference `430' on page 16 undefined on input line 1338.


LaTeX Warning: Reference `212' on page 16 undefined on input line 1338.


LaTeX Warning: Reference `92eq4' on page 17 undefined on input line 1345.


LaTeX Warning: Reference `321' on page 17 undefined on input line 1345.


LaTeX Warning: Reference `321' on page 17 undefined on input line 1351.


LaTeX Warning: Reference `92eq1' on page 17 undefined on input line 1357.


LaTeX Warning: Reference `92eq05' on page 17 undefined on input line 1381.


LaTeX Warning: Reference `97eq10' on page 17 undefined on input line 1381.


LaTeX Warning: Reference `92eq5' on page 19 undefined on input line 1442.


LaTeX Warning: Reference `97eq10' on page 19 undefined on input line 1442.


LaTeX Warning: Reference `97eq11' on page 19 undefined on input line 1456.


LaTeX Warning: Reference `97eq12' on page 19 undefined on input line 1456.


LaTeX Warning: Reference `*' on page 19 undefined on input line 1471.


LaTeX Warning: Reference `97eq3' on page 20 undefined on input line 1510.


LaTeX Warning: Reference `97eq4' on page 20 undefined on input line 1510.


LaTeX Warning: Reference `97eq5' on page 20 undefined on input line 1517.


LaTeX Warning: Reference `915eq1' on page 20 undefined on input line 1526.


LaTeX Warning: Reference `98eq1' on page 21 undefined on input line 1533.


LaTeX Warning: Reference `99eq1' on page 21 undefined on input line 1545.


LaTeX Warning: Reference `99eq2' on page 21 undefined on input line 1545.


LaTeX Warning: Reference `97eq2' on page 21 undefined on input line 1555.


LaTeX Warning: Reference `97eq6' on page 21 undefined on input line 1555.


LaTeX Warning: Reference `212' on page 21 undefined on input line 1570.


LaTeX Warning: Reference `hh' on page 22 undefined on input line 1590.


LaTeX Warning: Reference `97eq7' on page 22 undefined on input line 1591.


LaTeX Warning: Reference `97eq4' on page 22 undefined on input line 1591.


LaTeX Warning: Reference `hh' on page 22 undefined on input line 1596.


LaTeX Warning: Reference `2013 4.59' on page 22 undefined on input line 1596.


LaTeX Warning: Reference `i' on page 22 undefined on input line 1596.


LaTeX Warning: Reference `ii' on page 22 undefined on input line 1597.


LaTeX Warning: Reference `phi21' on page 22 undefined on input line 1597.


LaTeX Warning: Reference `97eq8' on page 22 undefined on input line 1609.


LaTeX Warning: Reference `97eq9' on page 22 undefined on input line 1609.


LaTeX Warning: Reference `97eq14' on page 22 undefined on input line 1615.


LaTeX Warning: Reference `2013 4.20' on page 23 undefined on input line 1622.

[13]
Overfull \hbox (17.62482pt too wide) in paragraph at lines 1639--1639
[][] 
 []

[14]
Overfull \hbox (17.62482pt too wide) in paragraph at lines 1696--1696
[][] 
 []


LaTeX Warning: Reference `0011' on page 25 undefined on input line 1822.


LaTeX Warning: Reference `fpgp' on page 25 undefined on input line 1828.

Missing character: There is no â in font cmr12!
Missing character: There is no € in font cmr12!
Missing character: There is no “ in font cmr12!
(source_extraction/results/1201.6440.aux)

LaTeX Warning: There were undefined references.

 ) 
Here is how much of TeX's memory you used:
 3159 strings out of 494260
 39624 string characters out of 6168642
 115899 words of memory out of 5000000
 6470 multiletter control sequences out of 15000+600000
 15933 words of font info for 62 fonts, out of 8000000 for 9000
 497 hyphenation exceptions out of 8191
 30i,21n,27p,920b,320s stack positions out of 5000i,500n,10000p,200000b,80000s
</usr/share/texlive/texmf-dist/fonts/type1/public/amsfonts/cm/cmbx12.pfb></us
r/share/texlive/texmf-dist/fonts/type1/public/amsfonts/cm/cmex10.pfb></usr/shar
e/texlive/texmf-dist/fonts/type1/public/amsfonts/cm/cmmi12.pfb></usr/share/texl
ive/texmf-dist/fonts/type1/public/amsfonts/cm/cmmi6.pfb></usr/share/texlive/tex
mf-dist/fonts/type1/public/amsfonts/cm/cmmi8.pfb></usr/share/texlive/texmf-dist
/fonts/type1/public/amsfonts/cm/cmr12.pfb></usr/share/texlive/texmf-dist/fonts/
type1/public/amsfonts/cm/cmr6.pfb></usr/share/texlive/texmf-dist/fonts/type1/pu
blic/amsfonts/cm/cmr8.pfb></usr/share/texlive/texmf-dist/fonts/type1/public/ams
fonts/cm/cmsy10.pfb></usr/share/texlive/texmf-dist/fonts/type1/public/amsfonts/
cm/cmsy6.pfb></usr/share/texlive/texmf-dist/fonts/type1/public/amsfonts/cm/cmsy
8.pfb></usr/share/texlive/texmf-dist/fonts/type1/public/amsfonts/cm/cmti12.pfb>
</usr/share/texlive/texmf-dist/fonts/type1/public/amsfonts/symbols/msbm10.pfb>
Output written on source_extraction/results/1201.6440.pdf (14 pages, 147245 byt
es).
PDF statistics:
 102 PDF objects out of 1000 (max. 8388607)
 72 compressed objects within 1 object stream
 0 named destinations out of 1000 (max. 500000)
 1 words of extra memory for PDF output out of 10000 (max. 10000000)

