This is pdfTeX, Version 3.14159265-2.6-1.40.18 (TeX Live 2017/Debian) (preloaded format=pdflatex 2018.11.16)  29 NOV 2018 14:49
entering extended mode
 restricted \write18 enabled.
 %&-line parsing enabled.
**source_extraction/results/1203.5307.tex
(./source_extraction/results/1203.5307.tex
LaTeX2e <2017-04-15>
Babel <3.18> and hyphenation patterns for 20 language(s) loaded.
(/usr/share/texlive/texmf-dist/tex/latex/base/article.cls
Document Class: article 2014/09/29 v1.4h Standard LaTeX document class
(/usr/share/texlive/texmf-dist/tex/latex/base/size12.clo
File: size12.clo 2014/09/29 v1.4h Standard LaTeX file (size option)
)
\c@part=\count79
\c@section=\count80
\c@subsection=\count81
\c@subsubsection=\count82
\c@paragraph=\count83
\c@subparagraph=\count84
\c@figure=\count85
\c@table=\count86
\abovecaptionskip=\skip41
\belowcaptionskip=\skip42
\bibindent=\dimen102
)
(/usr/share/texlive/texmf-dist/tex/latex/amsmath/amsmath.sty
Package: amsmath 2017/09/02 v2.17a AMS math features
\@mathmargin=\skip43

For additional information on amsmath, use the `?' option.
(/usr/share/texlive/texmf-dist/tex/latex/amsmath/amstext.sty
Package: amstext 2000/06/29 v2.01 AMS text

(/usr/share/texlive/texmf-dist/tex/latex/amsmath/amsgen.sty
File: amsgen.sty 1999/11/30 v2.0 generic functions
\@emptytoks=\toks14
\ex@=\dimen103
))
(/usr/share/texlive/texmf-dist/tex/latex/amsmath/amsbsy.sty
Package: amsbsy 1999/11/29 v1.2d Bold Symbols
\pmbraise@=\dimen104
)
(/usr/share/texlive/texmf-dist/tex/latex/amsmath/amsopn.sty
Package: amsopn 2016/03/08 v2.02 operator names
)
\inf@bad=\count87
LaTeX Info: Redefining \frac on input line 213.
\uproot@=\count88
\leftroot@=\count89
LaTeX Info: Redefining \overline on input line 375.
\classnum@=\count90
\DOTSCASE@=\count91
LaTeX Info: Redefining \ldots on input line 472.
LaTeX Info: Redefining \dots on input line 475.
LaTeX Info: Redefining \cdots on input line 596.
\Mathstrutbox@=\box26
\strutbox@=\box27
\big@size=\dimen105
LaTeX Font Info:    Redeclaring font encoding OML on input line 712.
LaTeX Font Info:    Redeclaring font encoding OMS on input line 713.
\macc@depth=\count92
\c@MaxMatrixCols=\count93
\dotsspace@=\muskip10
\c@parentequation=\count94
\dspbrk@lvl=\count95
\tag@help=\toks15
\row@=\count96
\column@=\count97
\maxfields@=\count98
\andhelp@=\toks16
\eqnshift@=\dimen106
\alignsep@=\dimen107
\tagshift@=\dimen108
\tagwidth@=\dimen109
\totwidth@=\dimen110
\lineht@=\dimen111
\@envbody=\toks17
\multlinegap=\skip44
\multlinetaggap=\skip45
\mathdisplay@stack=\toks18
LaTeX Info: Redefining \[ on input line 2817.
LaTeX Info: Redefining \] on input line 2818.
) (./extract.sty
(/usr/share/texlive/texmf-dist/tex/latex/environ/environ.sty
Package: environ 2014/05/04 v0.3 A new way to define environments

(/usr/share/texlive/texmf-dist/tex/latex/trimspaces/trimspaces.sty
Package: trimspaces 2009/09/17 v1.1 Trim spaces around a token list
))
(/usr/share/texlive/texmf-dist/tex/latex/etextools/etextools.sty
Package: etextools 2010/12/07 v3.1415926 e-TeX more useful tools for LaTeX pack
age writers

(/usr/share/texlive/texmf-dist/tex/latex/etex-pkg/etex.sty
Package: etex 2016/08/01 v2.7 eTeX basic definition package (PEB,DPC)
\et@xins=\count99
)
(/usr/share/texlive/texmf-dist/tex/latex/etoolbox/etoolbox.sty
Package: etoolbox 2018/02/11 v2.5e e-TeX tools for LaTeX (JAW)
\etb@tempcnta=\count100
)
(/usr/share/texlive/texmf-dist/tex/latex/oberdiek/letltxmacro.sty
Package: letltxmacro 2016/05/16 v1.5 Let assignment for LaTeX macros (HO)
)
\ettl@fter=\count101
\ettl@for@nested=\count277
)
(/usr/share/texmf/tex/latex/preview/preview.sty
Package: preview 2017/04/24 11.91 (AUCTeX/preview-latex)

(/usr/share/texmf/tex/latex/preview/prtightpage.def
\PreviewBorder=\dimen112
)
\pr@snippet=\count102
\pr@box=\box28
\pr@output=\toks19
)
\c@propcounter=\count103
\mybox=\box29
)
\c@lem=\count104

(source_extraction/results/1203.5307.aux)
\openout1 = `1203.5307.aux'.

LaTeX Font Info:    Checking defaults for OML/cmm/m/it on input line 41.
LaTeX Font Info:    ... okay on input line 41.
LaTeX Font Info:    Checking defaults for T1/cmr/m/n on input line 41.
LaTeX Font Info:    ... okay on input line 41.
LaTeX Font Info:    Checking defaults for OT1/cmr/m/n on input line 41.
LaTeX Font Info:    ... okay on input line 41.
LaTeX Font Info:    Checking defaults for OMS/cmsy/m/n on input line 41.
LaTeX Font Info:    ... okay on input line 41.
LaTeX Font Info:    Checking defaults for OMX/cmex/m/n on input line 41.
LaTeX Font Info:    ... okay on input line 41.
LaTeX Font Info:    Checking defaults for U/cmr/m/n on input line 41.
LaTeX Font Info:    ... okay on input line 41.

Preview: Fontsize 12pt
Preview: PDFoutput 1
Preview: Tightpage -32891 -32891 32891 32891
[1{/var/lib/texmf/fonts/map/pdftex/updmap/pdftex.map}]
Overfull \hbox (17.62482pt too wide) in paragraph at lines 85--85
[][] 
 []


LaTeX Warning: Reference `general' on page 1 undefined on input line 98.


LaTeX Warning: Reference `general' on page 2 undefined on input line 104.


LaTeX Warning: Reference `general' on page 2 undefined on input line 110.


LaTeX Warning: Reference `general' on page 2 undefined on input line 119.


LaTeX Warning: Reference `more3' on page 2 undefined on input line 143.


Underfull \hbox (badness 10000) in paragraph at lines 170--174

 []


Underfull \hbox (badness 10000) in paragraph at lines 175--176

 []


LaTeX Warning: Reference `general' on page 3 undefined on input line 186.

[2]
Overfull \hbox (17.62482pt too wide) in paragraph at lines 186--186
[][] 
 []

[3]
Overfull \hbox (17.62482pt too wide) in paragraph at lines 195--195
[][] 
 []


Underfull \hbox (badness 10000) in paragraph at lines 197--200

 []


Underfull \hbox (badness 10000) in paragraph at lines 202--203

 []


Underfull \hbox (badness 10000) in paragraph at lines 227--234

 []


Underfull \hbox (badness 10000) in paragraph at lines 235--238

 []


LaTeX Warning: Reference `h-formula' on page 4 undefined on input line 246.


Underfull \hbox (badness 10000) in paragraph at lines 254--259

 []


Underfull \hbox (badness 10000) in paragraph at lines 261--264

 []


Underfull \hbox (badness 10000) in paragraph at lines 265--266

 []


Underfull \hbox (badness 10000) in paragraph at lines 267--272

 []


Underfull \hbox (badness 10000) in paragraph at lines 274--275

 []

[4]
Overfull \hbox (17.62482pt too wide) in paragraph at lines 279--279
[][] 
 []


Underfull \hbox (badness 10000) in paragraph at lines 286--289

 []


LaTeX Warning: Reference `t-formula' on page 5 undefined on input line 300.


LaTeX Warning: Reference `general' on page 5 undefined on input line 307.

[5]
Overfull \hbox (17.62482pt too wide) in paragraph at lines 307--307
[][] 
 []


Underfull \hbox (badness 10000) in paragraph at lines 308--313

 []


Underfull \hbox (badness 10000) in paragraph at lines 314--327

 []


Underfull \hbox (badness 10000) in paragraph at lines 331--332

 []


LaTeX Warning: Reference `general' on page 5 undefined on input line 357.


LaTeX Warning: Reference `initial' on page 5 undefined on input line 357.

[6]
Overfull \hbox (17.62482pt too wide) in paragraph at lines 357--357
[][] 
 []


LaTeX Warning: Reference `general' on page 6 undefined on input line 367.


Underfull \hbox (badness 10000) in paragraph at lines 373--382

 []

[7]
Overfull \hbox (17.62482pt too wide) in paragraph at lines 392--392
[][] 
 []


Underfull \hbox (badness 10000) in paragraph at lines 430--436

 []


Underfull \hbox (badness 10000) in paragraph at lines 448--449

 []


LaTeX Warning: Reference `exp' on page 7 undefined on input line 470.


Underfull \hbox (badness 10000) in paragraph at lines 458--473

 []


Underfull \hbox (badness 10000) in paragraph at lines 487--489

 []


Underfull \hbox (badness 10000) in paragraph at lines 490--507

 []


Underfull \hbox (badness 10000) in paragraph at lines 508--514

 []


LaTeX Warning: Reference `general' on page 8 undefined on input line 519.

[8]
Overfull \hbox (17.62482pt too wide) in paragraph at lines 519--519
[][] 
 []


LaTeX Warning: Reference `general' on page 8 undefined on input line 525.

[9]
Overfull \hbox (17.62482pt too wide) in paragraph at lines 525--525
[][] 
 []


LaTeX Warning: Reference `general' on page 8 undefined on input line 533.

[10]
Overfull \hbox (17.62482pt too wide) in paragraph at lines 533--533
[][] 
 []

[11]
Overfull \hbox (17.62482pt too wide) in paragraph at lines 555--555
[][] 
 []


LaTeX Warning: Reference `initial' on page 9 undefined on input line 557.


LaTeX Warning: Reference `h-formula' on page 9 undefined on input line 560.


LaTeX Warning: Reference `h-formula' on page 10 undefined on input line 595.


LaTeX Warning: Reference `infinite' on page 10 undefined on input line 609.


LaTeX Warning: Reference `finite' on page 10 undefined on input line 610.


Underfull \hbox (badness 10000) in paragraph at lines 608--613

 []

[12]
Overfull \hbox (17.62482pt too wide) in paragraph at lines 624--624
[][] 
 []


Underfull \hbox (badness 10000) in paragraph at lines 629--638

 []


Underfull \hbox (badness 10000) in paragraph at lines 640--642

 []


Underfull \hbox (badness 10000) in paragraph at lines 643--650

 []


LaTeX Warning: Reference `general' on page 11 undefined on input line 667.


LaTeX Warning: Reference `more2' on page 11 undefined on input line 668.


LaTeX Warning: Reference `general' on page 11 undefined on input line 672.


LaTeX Warning: Reference `more2' on page 11 undefined on input line 677.


LaTeX Warning: Reference `more2' on page 11 undefined on input line 678.


LaTeX Warning: Reference `more2' on page 11 undefined on input line 694.

[13]
Overfull \hbox (17.62482pt too wide) in paragraph at lines 694--694
[][] 
 []


LaTeX Warning: Reference `more2' on page 11 undefined on input line 695.


Underfull \hbox (badness 10000) in paragraph at lines 727--730

 []


LaTeX Warning: Reference `more2' on page 12 undefined on input line 749.

[14]
Overfull \hbox (17.62482pt too wide) in paragraph at lines 749--749
[][] 
 []


LaTeX Warning: Reference `wz' on page 12 undefined on input line 750.


Underfull \hbox (badness 10000) in paragraph at lines 758--760

 []


LaTeX Warning: Reference `general' on page 12 undefined on input line 768.

[15]
Overfull \hbox (17.62482pt too wide) in paragraph at lines 768--768
[][] 
 []


Underfull \hbox (badness 10000) in paragraph at lines 769--774

 []


LaTeX Warning: Reference `more2' on page 13 undefined on input line 790.

[16]
Overfull \hbox (17.62482pt too wide) in paragraph at lines 790--790
[][] 
 []


LaTeX Warning: Reference `nabla-equation' on page 13 undefined on input line 79
2.


Underfull \hbox (badness 10000) in paragraph at lines 815--817

 []


LaTeX Warning: Reference `general' on page 13 undefined on input line 837.

[17]
Overfull \hbox (17.62482pt too wide) in paragraph at lines 837--837
[][] 
 []


Underfull \hbox (badness 10000) in paragraph at lines 840--849

 []


LaTeX Warning: Reference `general' on page 14 undefined on input line 875.

[18]
Overfull \hbox (17.62482pt too wide) in paragraph at lines 875--875
[][] 
 []


Underfull \hbox (badness 10000) in paragraph at lines 911--916

 []


Underfull \hbox (badness 10000) in paragraph at lines 922--923

 []

[19]
Overfull \hbox (17.62482pt too wide) in paragraph at lines 937--937
[][] 
 []


LaTeX Warning: Reference `hyper' on page 15 undefined on input line 939.


LaTeX Warning: Reference `hyper' on page 15 undefined on input line 948.

[20]
Overfull \hbox (17.62482pt too wide) in paragraph at lines 961--961
[][] 
 []


Underfull \hbox (badness 10000) in paragraph at lines 963--965

 []


LaTeX Warning: Reference `general' on page 16 undefined on input line 969.


Underfull \hbox (badness 10000) in paragraph at lines 966--971

 []

[21]
Overfull \hbox (17.62482pt too wide) in paragraph at lines 977--977
[][] 
 []

[22]
Overfull \hbox (17.62482pt too wide) in paragraph at lines 988--988
[][] 
 []

[23]
Overfull \hbox (17.62482pt too wide) in paragraph at lines 999--999
[][] 
 []


Underfull \hbox (badness 10000) in paragraph at lines 1001--1003

 []


Underfull \hbox (badness 10000) in paragraph at lines 1041--1049

 []


Underfull \hbox (badness 10000) in paragraph at lines 1080--1081

 []


LaTeX Warning: Reference `general' on page 17 undefined on input line 1109.

[24]
Overfull \hbox (17.62482pt too wide) in paragraph at lines 1109--1109
[][] 
 []


Underfull \hbox (badness 10000) in paragraph at lines 1110--1115

 []

[25]
Overfull \hbox (17.62482pt too wide) in paragraph at lines 1123--1123
[][] 
 []


Underfull \hbox (badness 10000) in paragraph at lines 1142--1148

 []


LaTeX Warning: Reference `k-metric' on page 18 undefined on input line 1158.

[26]
Overfull \hbox (17.62482pt too wide) in paragraph at lines 1158--1158
[][] 
 []


LaTeX Warning: Reference `cosh-metric' on page 18 undefined on input line 1197.



Underfull \hbox (badness 10000) in paragraph at lines 1250--1252

 []


Underfull \hbox (badness 10000) in paragraph at lines 1254--1261

 []


Underfull \hbox (badness 10000) in paragraph at lines 1262--1272

 []


LaTeX Warning: Reference `euc' on page 20 undefined on input line 1284.

[27]
Overfull \hbox (17.62482pt too wide) in paragraph at lines 1289--1289
[][] 
 []

[28]
Overfull \hbox (17.62482pt too wide) in paragraph at lines 1300--1300
[][] 
 []


Underfull \hbox (badness 10000) in paragraph at lines 1307--1311

 []


Underfull \hbox (badness 10000) in paragraph at lines 1312--1314

 []

[29]
Overfull \hbox (17.62482pt too wide) in paragraph at lines 1329--1329
[][] 
 []


LaTeX Warning: Reference `more1' on page 21 undefined on input line 1359.


LaTeX Warning: Reference `more2' on page 21 undefined on input line 1359.


LaTeX Warning: Reference `more3' on page 21 undefined on input line 1359.


LaTeX Warning: Reference `more2' on page 21 undefined on input line 1385.


LaTeX Warning: Reference `more2' on page 21 undefined on input line 1396.

[30]
Overfull \hbox (17.62482pt too wide) in paragraph at lines 1396--1396
[][] 
 []


LaTeX Warning: Reference `more2' on page 21 undefined on input line 1397.


Underfull \hbox (badness 10000) in paragraph at lines 1397--1399

 []

[31]
Overfull \hbox (17.62482pt too wide) in paragraph at lines 1404--1404
[][] 
 []


Underfull \hbox (badness 10000) in paragraph at lines 1405--1413

 []

[32]
Overfull \hbox (17.62482pt too wide) in paragraph at lines 1417--1417
[][] 
 []


LaTeX Warning: Reference `metric' on page 22 undefined on input line 1428.


Underfull \hbox (badness 10000) in paragraph at lines 1418--1432

 []


LaTeX Warning: Reference `more2' on page 22 undefined on input line 1453.

[33]
Overfull \hbox (17.62482pt too wide) in paragraph at lines 1453--1453
[][] 
 []


Underfull \hbox (badness 10000) in paragraph at lines 1472--1473

 []


LaTeX Warning: Reference `more2' on page 23 undefined on input line 1476.


Underfull \hbox (badness 10000) in paragraph at lines 1474--1477

 []


LaTeX Warning: Reference `more3' on page 23 undefined on input line 1491.

[34]
Overfull \hbox (17.62482pt too wide) in paragraph at lines 1491--1491
[][] 
 []


LaTeX Warning: Reference `general' on page 23 undefined on input line 1496.


LaTeX Warning: Reference `more1' on page 23 undefined on input line 1497.


LaTeX Warning: Reference `general' on page 23 undefined on input line 1503.


LaTeX Warning: Reference `more1' on page 23 undefined on input line 1503.

[35]
Overfull \hbox (17.62482pt too wide) in paragraph at lines 1503--1503
[][] 
 []


LaTeX Warning: Reference `more1' on page 23 undefined on input line 1510.

[36]
Overfull \hbox (17.62482pt too wide) in paragraph at lines 1510--1510
[][] 
 []


LaTeX Warning: Reference `more1' on page 23 undefined on input line 1519.


LaTeX Warning: Reference `more1' on page 23 undefined on input line 1519.

[37]
Overfull \hbox (17.62482pt too wide) in paragraph at lines 1519--1519
[][] 
 []

Missing character: There is no – in font cmr12!
(source_extraction/results/1203.5307.aux)

LaTeX Warning: There were undefined references.

 ) 
Here is how much of TeX's memory you used:
 1971 strings out of 494260
 24021 string characters out of 6168642
 96797 words of memory out of 5000000
 5337 multiletter control sequences out of 15000+600000
 11657 words of font info for 40 fonts, out of 8000000 for 9000
 497 hyphenation exceptions out of 8191
 30i,9n,27p,898b,238s stack positions out of 5000i,500n,10000p,200000b,80000s
</usr/share/texlive/texmf-dist/fonts/type1/public/amsfonts/cm/cmbx12.pfb></us
r/share/texlive/texmf-dist/fonts/type1/public/amsfonts/cm/cmbx8.pfb></usr/share
/texlive/texmf-dist/fonts/type1/public/amsfonts/cm/cmex10.pfb></usr/share/texli
ve/texmf-dist/fonts/type1/public/amsfonts/cm/cmmi12.pfb></usr/share/texlive/tex
mf-dist/fonts/type1/public/amsfonts/cm/cmmi6.pfb></usr/share/texlive/texmf-dist
/fonts/type1/public/amsfonts/cm/cmmi8.pfb></usr/share/texlive/texmf-dist/fonts/
type1/public/amsfonts/cm/cmr12.pfb></usr/share/texlive/texmf-dist/fonts/type1/p
ublic/amsfonts/cm/cmr6.pfb></usr/share/texlive/texmf-dist/fonts/type1/public/am
sfonts/cm/cmr8.pfb></usr/share/texlive/texmf-dist/fonts/type1/public/amsfonts/c
m/cmsy10.pfb></usr/share/texlive/texmf-dist/fonts/type1/public/amsfonts/cm/cmsy
8.pfb></usr/share/texlive/texmf-dist/fonts/type1/public/amsfonts/cm/cmti12.pfb>

Output written on source_extraction/results/1203.5307.pdf (37 pages, 158566 byt
es).
PDF statistics:
 174 PDF objects out of 1000 (max. 8388607)
 121 compressed objects within 2 object streams
 0 named destinations out of 1000 (max. 500000)
 1 words of extra memory for PDF output out of 10000 (max. 10000000)

