This is pdfTeX, Version 3.14159265-2.6-1.40.18 (TeX Live 2017/Debian) (preloaded format=pdflatex 2018.11.16)  29 NOV 2018 14:49
entering extended mode
 restricted \write18 enabled.
 %&-line parsing enabled.
**source_extraction/results/1203.2667.tex
(./source_extraction/results/1203.2667.tex
LaTeX2e <2017-04-15>
Babel <3.18> and hyphenation patterns for 20 language(s) loaded.
(/usr/share/texlive/texmf-dist/tex/latex/amscls/amsart.cls
Document Class: amsart 2017/10/31 v2.20.4
\linespacing=\dimen102
\normalparindent=\dimen103
\normaltopskip=\skip41
(/usr/share/texlive/texmf-dist/tex/latex/amsmath/amsmath.sty
Package: amsmath 2017/09/02 v2.17a AMS math features
\@mathmargin=\skip42

For additional information on amsmath, use the `?' option.
(/usr/share/texlive/texmf-dist/tex/latex/amsmath/amstext.sty
Package: amstext 2000/06/29 v2.01 AMS text

(/usr/share/texlive/texmf-dist/tex/latex/amsmath/amsgen.sty
File: amsgen.sty 1999/11/30 v2.0 generic functions
\@emptytoks=\toks14
\ex@=\dimen104
))
(/usr/share/texlive/texmf-dist/tex/latex/amsmath/amsbsy.sty
Package: amsbsy 1999/11/29 v1.2d Bold Symbols
\pmbraise@=\dimen105
)
(/usr/share/texlive/texmf-dist/tex/latex/amsmath/amsopn.sty
Package: amsopn 2016/03/08 v2.02 operator names
)
\inf@bad=\count79
LaTeX Info: Redefining \frac on input line 213.
\uproot@=\count80
\leftroot@=\count81
LaTeX Info: Redefining \overline on input line 375.
\classnum@=\count82
\DOTSCASE@=\count83
LaTeX Info: Redefining \ldots on input line 472.
LaTeX Info: Redefining \dots on input line 475.
LaTeX Info: Redefining \cdots on input line 596.
\Mathstrutbox@=\box26
\strutbox@=\box27
\big@size=\dimen106
LaTeX Font Info:    Redeclaring font encoding OML on input line 712.
LaTeX Font Info:    Redeclaring font encoding OMS on input line 713.
\macc@depth=\count84
\c@MaxMatrixCols=\count85
\dotsspace@=\muskip10
\c@parentequation=\count86
\dspbrk@lvl=\count87
\tag@help=\toks15
\row@=\count88
\column@=\count89
\maxfields@=\count90
\andhelp@=\toks16
\eqnshift@=\dimen107
\alignsep@=\dimen108
\tagshift@=\dimen109
\tagwidth@=\dimen110
\totwidth@=\dimen111
\lineht@=\dimen112
\@envbody=\toks17
\multlinegap=\skip43
\multlinetaggap=\skip44
\mathdisplay@stack=\toks18
LaTeX Info: Redefining \[ on input line 2817.
LaTeX Info: Redefining \] on input line 2818.
)
LaTeX Font Info:    Try loading font information for U+msa on input line 398.

(/usr/share/texlive/texmf-dist/tex/latex/amsfonts/umsa.fd
File: umsa.fd 2013/01/14 v3.01 AMS symbols A
)
(/usr/share/texlive/texmf-dist/tex/latex/amsfonts/amsfonts.sty
Package: amsfonts 2013/01/14 v3.01 Basic AMSFonts support
\symAMSa=\mathgroup4
\symAMSb=\mathgroup5
LaTeX Font Info:    Overwriting math alphabet `\mathfrak' in version `bold'
(Font)                  U/euf/m/n --> U/euf/b/n on input line 106.
)
\copyins=\insert199
\abstractbox=\box28
\listisep=\skip45
\c@part=\count91
\c@section=\count92
\c@subsection=\count93
\c@subsubsection=\count94
\c@paragraph=\count95
\c@subparagraph=\count96
\c@figure=\count97
\c@table=\count98
\abovecaptionskip=\skip46
\belowcaptionskip=\skip47
\captionindent=\dimen113
\thm@style=\toks19
\thm@bodyfont=\toks20
\thm@headfont=\toks21
\thm@notefont=\toks22
\thm@headpunct=\toks23
\thm@preskip=\skip48
\thm@postskip=\skip49
\thm@headsep=\skip50
\dth@everypar=\toks24
)
(/usr/share/texlive/texmf-dist/tex/latex/amsfonts/amssymb.sty
Package: amssymb 2013/01/14 v3.01 AMS font symbols
)
(/usr/share/texlive/texmf-dist/tex/latex/graphics/graphicx.sty
Package: graphicx 2017/06/01 v1.1a Enhanced LaTeX Graphics (DPC,SPQR)

(/usr/share/texlive/texmf-dist/tex/latex/graphics/keyval.sty
Package: keyval 2014/10/28 v1.15 key=value parser (DPC)
\KV@toks@=\toks25
)
(/usr/share/texlive/texmf-dist/tex/latex/graphics/graphics.sty
Package: graphics 2017/06/25 v1.2c Standard LaTeX Graphics (DPC,SPQR)

(/usr/share/texlive/texmf-dist/tex/latex/graphics/trig.sty
Package: trig 2016/01/03 v1.10 sin cos tan (DPC)
)
(/usr/share/texlive/texmf-dist/tex/latex/graphics-cfg/graphics.cfg
File: graphics.cfg 2016/06/04 v1.11 sample graphics configuration
)
Package graphics Info: Driver file: pdftex.def on input line 99.

(/usr/share/texlive/texmf-dist/tex/latex/graphics-def/pdftex.def
File: pdftex.def 2018/01/08 v1.0l Graphics/color driver for pdftex
))
\Gin@req@height=\dimen114
\Gin@req@width=\dimen115
)
(./extract.sty (/usr/share/texlive/texmf-dist/tex/latex/environ/environ.sty
Package: environ 2014/05/04 v0.3 A new way to define environments

(/usr/share/texlive/texmf-dist/tex/latex/trimspaces/trimspaces.sty
Package: trimspaces 2009/09/17 v1.1 Trim spaces around a token list
))
(/usr/share/texlive/texmf-dist/tex/latex/etextools/etextools.sty
Package: etextools 2010/12/07 v3.1415926 e-TeX more useful tools for LaTeX pack
age writers

(/usr/share/texlive/texmf-dist/tex/latex/etex-pkg/etex.sty
Package: etex 2016/08/01 v2.7 eTeX basic definition package (PEB,DPC)
\et@xins=\count99
)
(/usr/share/texlive/texmf-dist/tex/latex/etoolbox/etoolbox.sty
Package: etoolbox 2018/02/11 v2.5e e-TeX tools for LaTeX (JAW)
\etb@tempcnta=\count100
)
(/usr/share/texlive/texmf-dist/tex/latex/oberdiek/letltxmacro.sty
Package: letltxmacro 2016/05/16 v1.5 Let assignment for LaTeX macros (HO)
)
\ettl@fter=\count101
\ettl@for@nested=\count277
)
(/usr/share/texmf/tex/latex/preview/preview.sty
Package: preview 2017/04/24 11.91 (AUCTeX/preview-latex)

(/usr/share/texmf/tex/latex/preview/prtightpage.def
\PreviewBorder=\dimen116
)
\pr@snippet=\count102
\pr@box=\box29
\pr@output=\toks26
)
\c@propcounter=\count103
\mybox=\box30
)
\c@theorem=\count104
\c@acknowledgement=\count105
\c@algorithm=\count106
\c@axiom=\count107
\c@case=\count108
\c@conclusion=\count109
\c@condition=\count110
\c@criterion=\count111
\c@example=\count112
\c@exercise=\count113
\c@notation=\count114
\c@problem=\count115
\c@solution=\count116
\c@summary=\count117
\c@obs=\count118

(source_extraction/results/1203.2667.aux)
\openout1 = `1203.2667.aux'.

LaTeX Font Info:    Checking defaults for OML/cmm/m/it on input line 59.
LaTeX Font Info:    ... okay on input line 59.
LaTeX Font Info:    Checking defaults for T1/cmr/m/n on input line 59.
LaTeX Font Info:    ... okay on input line 59.
LaTeX Font Info:    Checking defaults for OT1/cmr/m/n on input line 59.
LaTeX Font Info:    ... okay on input line 59.
LaTeX Font Info:    Checking defaults for OMS/cmsy/m/n on input line 59.
LaTeX Font Info:    ... okay on input line 59.
LaTeX Font Info:    Checking defaults for OMX/cmex/m/n on input line 59.
LaTeX Font Info:    ... okay on input line 59.
LaTeX Font Info:    Checking defaults for U/cmr/m/n on input line 59.
LaTeX Font Info:    ... okay on input line 59.
LaTeX Font Info:    Try loading font information for U+msa on input line 59.

(/usr/share/texlive/texmf-dist/tex/latex/amsfonts/umsa.fd
File: umsa.fd 2013/01/14 v3.01 AMS symbols A
)
LaTeX Font Info:    Try loading font information for U+msb on input line 59.

(/usr/share/texlive/texmf-dist/tex/latex/amsfonts/umsb.fd
File: umsb.fd 2013/01/14 v3.01 AMS symbols B
)
(/usr/share/texlive/texmf-dist/tex/context/base/mkii/supp-pdf.mkii
[Loading MPS to PDF converter (version 2006.09.02).]
\scratchcounter=\count119
\scratchdimen=\dimen117
\scratchbox=\box31
\nofMPsegments=\count120
\nofMParguments=\count121
\everyMPshowfont=\toks27
\MPscratchCnt=\count122
\MPscratchDim=\dimen118
\MPnumerator=\count123
\makeMPintoPDFobject=\count124
\everyMPtoPDFconversion=\toks28
) (/usr/share/texlive/texmf-dist/tex/latex/oberdiek/epstopdf-base.sty
Package: epstopdf-base 2016/05/15 v2.6 Base part for package epstopdf

(/usr/share/texlive/texmf-dist/tex/generic/oberdiek/infwarerr.sty
Package: infwarerr 2016/05/16 v1.4 Providing info/warning/error messages (HO)
)
(/usr/share/texlive/texmf-dist/tex/latex/oberdiek/grfext.sty
Package: grfext 2016/05/16 v1.2 Manage graphics extensions (HO)

(/usr/share/texlive/texmf-dist/tex/generic/oberdiek/kvdefinekeys.sty
Package: kvdefinekeys 2016/05/16 v1.4 Define keys (HO)

(/usr/share/texlive/texmf-dist/tex/generic/oberdiek/ltxcmds.sty
Package: ltxcmds 2016/05/16 v1.23 LaTeX kernel commands for general use (HO)
)))
(/usr/share/texlive/texmf-dist/tex/latex/oberdiek/kvoptions.sty
Package: kvoptions 2016/05/16 v3.12 Key value format for package options (HO)

(/usr/share/texlive/texmf-dist/tex/generic/oberdiek/kvsetkeys.sty
Package: kvsetkeys 2016/05/16 v1.17 Key value parser (HO)

(/usr/share/texlive/texmf-dist/tex/generic/oberdiek/etexcmds.sty
Package: etexcmds 2016/05/16 v1.6 Avoid name clashes with e-TeX commands (HO)

(/usr/share/texlive/texmf-dist/tex/generic/oberdiek/ifluatex.sty
Package: ifluatex 2016/05/16 v1.4 Provides the ifluatex switch (HO)
Package ifluatex Info: LuaTeX not detected.
)
Package etexcmds Info: Could not find \expanded.
(etexcmds)             That can mean that you are not using pdfTeX 1.50 or
(etexcmds)             that some package has redefined \expanded.
(etexcmds)             In the latter case, load this package earlier.
)))
(/usr/share/texlive/texmf-dist/tex/generic/oberdiek/pdftexcmds.sty
Package: pdftexcmds 2018/01/21 v0.26 Utility functions of pdfTeX for LuaTeX (HO
)

(/usr/share/texlive/texmf-dist/tex/generic/oberdiek/ifpdf.sty
Package: ifpdf 2017/03/15 v3.2 Provides the ifpdf switch
)
Package pdftexcmds Info: LuaTeX not detected.
Package pdftexcmds Info: \pdf@primitive is available.
Package pdftexcmds Info: \pdf@ifprimitive is available.
Package pdftexcmds Info: \pdfdraftmode found.
)
Package epstopdf-base Info: Redefining graphics rule for `.eps' on input line 4
38.
Package grfext Info: Graphics extension search list:
(grfext)             [.pdf,.png,.jpg,.mps,.jpeg,.jbig2,.jb2,.PDF,.PNG,.JPG,.JPE
G,.JBIG2,.JB2,.eps]
(grfext)             \AppendGraphicsExtensions on input line 456.

(/usr/share/texlive/texmf-dist/tex/latex/latexconfig/epstopdf-sys.cfg
File: epstopdf-sys.cfg 2010/07/13 v1.3 Configuration of (r)epstopdf for TeX Liv
e
))
Preview: Fontsize 10pt
Preview: PDFoutput 1

LaTeX Warning: Reference `eq:md1' on page 1 undefined on input line 113.


LaTeX Warning: Reference `eq:md1' on page 1 undefined on input line 113.

Preview: Tightpage -32891 -32891 32891 32891
[1{/var/lib/texmf/fonts/map/pdftex/updmap/pdftex.map}]
Overfull \hbox (12.0pt too wide) in paragraph at lines 117--117
[][] 
 []

[2]
Overfull \hbox (12.0pt too wide) in paragraph at lines 124--124
[][] 
 []


LaTeX Warning: Reference `eq:md1' on page 2 undefined on input line 139.

[3]
Overfull \hbox (12.0pt too wide) in paragraph at lines 139--139
[][] 
 []

[4]
Overfull \hbox (60.87978pt too wide) in paragraph at lines 141--146
\OT1/cmr/m/n/10 Lemma 2.2]). [] 
 []

[5]
Overfull \hbox (12.0pt too wide) in paragraph at lines 160--160
[][] 
 []


LaTeX Warning: Reference `eq:md1' on page 3 undefined on input line 177.

[6]
Overfull \hbox (12.0pt too wide) in paragraph at lines 197--197
[][] 
 []

[7]
Overfull \hbox (12.0pt too wide) in paragraph at lines 208--208
[][] 
 []

[8]
Overfull \hbox (12.0pt too wide) in paragraph at lines 270--270
[][] 
 []


LaTeX Warning: Reference `eq:1' on page 5 undefined on input line 270.


LaTeX Warning: Reference `eq:2' on page 5 undefined on input line 270.

[9]
Overfull \hbox (12.0pt too wide) in paragraph at lines 291--291
[][] 
 []


LaTeX Warning: Reference `eq:upbd' on page 6 undefined on input line 472.


LaTeX Warning: Reference `eq:upbd2' on page 6 undefined on input line 472.

[10]
Overfull \hbox (12.0pt too wide) in paragraph at lines 472--472
[][] 
 []


LaTeX Warning: Reference `eq:den22' on page 7 undefined on input line 472.


LaTeX Warning: Reference `eq:size22' on page 7 undefined on input line 472.


LaTeX Warning: Reference `eq:size22' on page 7 undefined on input line 472.


LaTeX Warning: Reference `eq:size21' on page 7 undefined on input line 472.

[11]
Overfull \hbox (358.86974pt too wide) in paragraph at lines 472--472
[]\OT1/cmr/m/n/10 We need a lower bound for the num-ber of copies of $\OML/cmm/
m/it/10 K[]$ \OT1/cmr/m/n/10 in a dense $\OML/cmm/m/it/10 k$\OT1/cmr/m/n/10 -pa
rtite graph. [] 
 []

[12]
Overfull \hbox (12.0pt too wide) in paragraph at lines 472--472
[][] 
 []


LaTeX Warning: Reference `eq:size22' on page 8 undefined on input line 472.


LaTeX Warning: Reference `eq:size21' on page 8 undefined on input line 472.

[13]
Overfull \hbox (12.0pt too wide) in paragraph at lines 472--472
[][] 
 []


LaTeX Warning: Reference `eq:deg1' on page 8 undefined on input line 472.


LaTeX Warning: Reference `eq:v1' on page 8 undefined on input line 472.


LaTeX Warning: Reference `eq:size22' on page 8 undefined on input line 472.


LaTeX Warning: Reference `eq:size21' on page 8 undefined on input line 472.


LaTeX Warning: Reference `eq:deg1' on page 8 undefined on input line 472.


LaTeX Warning: Reference `eq:den1' on page 8 undefined on input line 472.


LaTeX Warning: Reference `eq:size1u' on page 8 undefined on input line 472.

[14]
Overfull \hbox (12.0pt too wide) in paragraph at lines 472--472
[][] 
 []


LaTeX Warning: Reference `eq:deg1' on page 8 undefined on input line 472.


Overfull \hbox (7.9205pt too wide) in paragraph at lines 472--472
\OT1/cmr/m/n/10 such pairs $\OML/cmm/m/it/10 v[]; v[]$\OT1/cmr/m/n/10 . To-geth
er with the choices of $\OML/cmm/m/it/10 v[]; []  ; v[]$\OT1/cmr/m/n/10 , we ob
-tain at least $(\OML/cmm/m/it/10 k \OMS/cmsy/m/n/10 ^^@ \OT1/cmr/m/n/10 2)!([]
)[] 6[]\OML/cmm/m/it/10 t[] >
 []


LaTeX Warning: Reference `eq:size22' on page 9 undefined on input line 472.


LaTeX Warning: Reference `eq:size21' on page 9 undefined on input line 472.


LaTeX Warning: Reference `eq:size1u' on page 9 undefined on input line 472.


LaTeX Warning: Reference `eq:size1l' on page 9 undefined on input line 472.


LaTeX Warning: Reference `eq:den22' on page 9 undefined on input line 472.


LaTeX Warning: Reference `eq:den1' on page 9 undefined on input line 472.

[15]
Overfull \hbox (12.0pt too wide) in paragraph at lines 706--706
[][] 
 []


LaTeX Warning: Reference `eq:Bi' on page 10 undefined on input line 706.

[16]
Overfull \hbox (12.0pt too wide) in paragraph at lines 706--706
[][] 
 []

[17]
Overfull \hbox (287.94943pt too wide) in paragraph at lines 706--706
\OT1/cmr/m/n/10 in each of $\OML/cmm/m/it/10 N\OT1/cmr/m/n/10 (\OML/cmm/m/it/10
 xv\OT1/cmr/m/n/10 )$ and $\OML/cmm/m/it/10 N\OT1/cmr/m/n/10 (\OML/cmm/m/it/10 
yv\OT1/cmr/m/n/10 )$, which con-tra-dicts the def-i-ni-tion of $[]$. [] 
 []

[18]
Overfull \hbox (12.0pt too wide) in paragraph at lines 706--706
[][] 
 []


LaTeX Warning: Reference `eq:2size' on page 11 undefined on input line 706.


LaTeX Warning: Reference `eq:2size' on page 11 undefined on input line 706.


LaTeX Warning: Reference `eq:2deg1' on page 11 undefined on input line 706.


LaTeX Warning: Reference `eq:2den1' on page 11 undefined on input line 706.


LaTeX Warning: Reference `eq:2size1u' on page 11 undefined on input line 706.

[19]
Overfull \hbox (12.0pt too wide) in paragraph at lines 706--706
[][] 
 []


LaTeX Warning: Reference `eq:2deg1' on page 12 undefined on input line 706.

[20]
Overfull \hbox (227.74252pt too wide) in paragraph at lines 706--706
\OT1/cmr/m/n/10 which con-tra-dicts the as-sump-tion that $\OML/cmm/m/it/10 G$ 
\OT1/cmr/m/n/10 is min-i-mal. [] 
 []


LaTeX Warning: Reference `eq:2den middle' on page 12 undefined on input line 70
6.


LaTeX Warning: Reference `eq:2size' on page 12 undefined on input line 706.


LaTeX Warning: Reference `eq:2size' on page 12 undefined on input line 706.


LaTeX Warning: Reference `eq:2size' on page 13 undefined on input line 706.


LaTeX Warning: Reference `eq:2size' on page 13 undefined on input line 706.


LaTeX Warning: Reference `eq:2size' on page 13 undefined on input line 706.


LaTeX Warning: Reference `eq:2size1u' on page 13 undefined on input line 706.


LaTeX Warning: Reference `eq:2size1l' on page 13 undefined on input line 706.


LaTeX Warning: Reference `eq:2den middle' on page 13 undefined on input line 70
6.


LaTeX Warning: Reference `eq:2den1' on page 13 undefined on input line 706.


LaTeX Warning: Reference `eq:ad' on page 13 undefined on input line 706.

Missing character: There is no â in font cmr8!
Missing character: There is no € in font cmr8!
Missing character: There is no “ in font cmr8!
(source_extraction/results/1203.2667.aux)

LaTeX Warning: There were undefined references.

 ) 
Here is how much of TeX's memory you used:
 4060 strings out of 494260
 52191 string characters out of 6168642
 197282 words of memory out of 5000000
 7183 multiletter control sequences out of 15000+600000
 11906 words of font info for 44 fonts, out of 8000000 for 9000
 658 hyphenation exceptions out of 8191
 41i,12n,32p,1255b,345s stack positions out of 5000i,500n,10000p,200000b,80000s
</usr/share/texlive/texmf-dist/fonts/type1/public/amsfonts/cm/cmbx10.pfb></us
r/share/texlive/texmf-dist/fonts/type1/public/amsfonts/cm/cmex10.pfb></usr/shar
e/texlive/texmf-dist/fonts/type1/public/amsfonts/cm/cmmi10.pfb></usr/share/texl
ive/texmf-dist/fonts/type1/public/amsfonts/cm/cmmi5.pfb></usr/share/texlive/tex
mf-dist/fonts/type1/public/amsfonts/cm/cmmi7.pfb></usr/share/texlive/texmf-dist
/fonts/type1/public/amsfonts/cm/cmr10.pfb></usr/share/texlive/texmf-dist/fonts/
type1/public/amsfonts/cm/cmr5.pfb></usr/share/texlive/texmf-dist/fonts/type1/pu
blic/amsfonts/cm/cmr7.pfb></usr/share/texlive/texmf-dist/fonts/type1/public/ams
fonts/cm/cmsy10.pfb></usr/share/texlive/texmf-dist/fonts/type1/public/amsfonts/
cm/cmsy5.pfb></usr/share/texlive/texmf-dist/fonts/type1/public/amsfonts/cm/cmsy
7.pfb></usr/share/texlive/texmf-dist/fonts/type1/public/amsfonts/cm/cmti10.pfb>
</usr/share/texlive/texmf-dist/fonts/type1/public/amsfonts/symbols/msam10.pfb>
Output written on source_extraction/results/1203.2667.pdf (20 pages, 143669 byt
es).
PDF statistics:
 121 PDF objects out of 1000 (max. 8388607)
 85 compressed objects within 1 object stream
 0 named destinations out of 1000 (max. 500000)
 1 words of extra memory for PDF output out of 10000 (max. 10000000)

