This is pdfTeX, Version 3.14159265-2.6-1.40.18 (TeX Live 2017/Debian) (preloaded format=pdflatex 2018.11.16)  29 NOV 2018 14:49
entering extended mode
 restricted \write18 enabled.
 %&-line parsing enabled.
**source_extraction/results/1409.7504.tex
(./source_extraction/results/1409.7504.tex
LaTeX2e <2017-04-15>
Babel <3.18> and hyphenation patterns for 20 language(s) loaded.
(/usr/share/texlive/texmf-dist/tex/latex/amscls/amsart.cls
Document Class: amsart 2017/10/31 v2.20.4
\linespacing=\dimen102
\normalparindent=\dimen103
\normaltopskip=\skip41
(/usr/share/texlive/texmf-dist/tex/latex/amsmath/amsmath.sty
Package: amsmath 2017/09/02 v2.17a AMS math features
\@mathmargin=\skip42

For additional information on amsmath, use the `?' option.
(/usr/share/texlive/texmf-dist/tex/latex/amsmath/amstext.sty
Package: amstext 2000/06/29 v2.01 AMS text

(/usr/share/texlive/texmf-dist/tex/latex/amsmath/amsgen.sty
File: amsgen.sty 1999/11/30 v2.0 generic functions
\@emptytoks=\toks14
\ex@=\dimen104
))
(/usr/share/texlive/texmf-dist/tex/latex/amsmath/amsbsy.sty
Package: amsbsy 1999/11/29 v1.2d Bold Symbols
\pmbraise@=\dimen105
)
(/usr/share/texlive/texmf-dist/tex/latex/amsmath/amsopn.sty
Package: amsopn 2016/03/08 v2.02 operator names
)
\inf@bad=\count79
LaTeX Info: Redefining \frac on input line 213.
\uproot@=\count80
\leftroot@=\count81
LaTeX Info: Redefining \overline on input line 375.
\classnum@=\count82
\DOTSCASE@=\count83
LaTeX Info: Redefining \ldots on input line 472.
LaTeX Info: Redefining \dots on input line 475.
LaTeX Info: Redefining \cdots on input line 596.
\Mathstrutbox@=\box26
\strutbox@=\box27
\big@size=\dimen106
LaTeX Font Info:    Redeclaring font encoding OML on input line 712.
LaTeX Font Info:    Redeclaring font encoding OMS on input line 713.
\macc@depth=\count84
\c@MaxMatrixCols=\count85
\dotsspace@=\muskip10
\c@parentequation=\count86
\dspbrk@lvl=\count87
\tag@help=\toks15
\row@=\count88
\column@=\count89
\maxfields@=\count90
\andhelp@=\toks16
\eqnshift@=\dimen107
\alignsep@=\dimen108
\tagshift@=\dimen109
\tagwidth@=\dimen110
\totwidth@=\dimen111
\lineht@=\dimen112
\@envbody=\toks17
\multlinegap=\skip43
\multlinetaggap=\skip44
\mathdisplay@stack=\toks18
LaTeX Info: Redefining \[ on input line 2817.
LaTeX Info: Redefining \] on input line 2818.
)
LaTeX Font Info:    Try loading font information for U+msa on input line 398.

(/usr/share/texlive/texmf-dist/tex/latex/amsfonts/umsa.fd
File: umsa.fd 2013/01/14 v3.01 AMS symbols A
)
(/usr/share/texlive/texmf-dist/tex/latex/amsfonts/amsfonts.sty
Package: amsfonts 2013/01/14 v3.01 Basic AMSFonts support
\symAMSa=\mathgroup4
\symAMSb=\mathgroup5
LaTeX Font Info:    Overwriting math alphabet `\mathfrak' in version `bold'
(Font)                  U/euf/m/n --> U/euf/b/n on input line 106.
)
\copyins=\insert199
\abstractbox=\box28
\listisep=\skip45
\c@part=\count91
\c@section=\count92
\c@subsection=\count93
\c@subsubsection=\count94
\c@paragraph=\count95
\c@subparagraph=\count96
\c@figure=\count97
\c@table=\count98
\abovecaptionskip=\skip46
\belowcaptionskip=\skip47
\captionindent=\dimen113
\thm@style=\toks19
\thm@bodyfont=\toks20
\thm@headfont=\toks21
\thm@notefont=\toks22
\thm@headpunct=\toks23
\thm@preskip=\skip48
\thm@postskip=\skip49
\thm@headsep=\skip50
\dth@everypar=\toks24
)
(/usr/share/texlive/texmf-dist/tex/latex/amsfonts/amssymb.sty
Package: amssymb 2013/01/14 v3.01 AMS font symbols
)
(/usr/share/texlive/texmf-dist/tex/generic/xypic/xy.sty
(/usr/share/texlive/texmf-dist/tex/generic/xypic/xy.tex Bootstrap'ing:
catcodes, docmode, (/usr/share/texlive/texmf-dist/tex/generic/xypic/xyrecat.tex
) (/usr/share/texlive/texmf-dist/tex/generic/xypic/xyidioms.tex)

 Xy-pic version 3.8.9 <2013/10/06>
 Copyright (c) 1991-2013 by Kristoffer H. Rose <krisrose@tug.org> and others
 Xy-pic is free software: see the User's Guide for details.

Loading kernel: messages; fonts; allocations: state,
\X@c=\dimen114
\Y@c=\dimen115
\U@c=\dimen116
\D@c=\dimen117
\L@c=\dimen118
\R@c=\dimen119
\Edge@c=\toks25
\X@p=\dimen120
\Y@p=\dimen121
\U@p=\dimen122
\D@p=\dimen123
\L@p=\dimen124
\R@p=\dimen125
\Edge@p=\toks26
\X@origin=\dimen126
\Y@origin=\dimen127
\X@xbase=\dimen128
\Y@xbase=\dimen129
\X@ybase=\dimen130
\Y@ybase=\dimen131
\X@min=\dimen132
\Y@min=\dimen133
\X@max=\dimen134
\Y@max=\dimen135
\lastobjectbox@=\box29
\zerodotbox@=\box30
\almostz@=\dimen136
 direction,
\d@X=\dimen137
\d@Y=\dimen138
\K@=\count99
\KK@=\count100
\Direction=\count101
\K@dXdY=\dimen139
\K@dYdX=\dimen140
\xyread@=\read1
\xywrite@=\write3
\csp@=\count102
\quotPTK@=\dimen141

utility macros; pictures: \xy, positions,
\swaptoks@@=\toks27
\connectobjectbox@@=\box31
 objects,
\styletoks@=\toks28
 decorations;
kernel objects: directionals, circles, text; options; algorithms: directions,
edges, connections;  Xy-pic loaded)
(/usr/share/texlive/texmf-dist/tex/generic/oberdiek/ifpdf.sty
Package: ifpdf 2017/03/15 v3.2 Provides the ifpdf switch
)
Package: xy 2013/10/06 Xy-pic version 3.8.9

(/usr/share/texlive/texmf-dist/tex/generic/xypic/xyall.tex
 Xy-pic option: All features v.3.8
(/usr/share/texlive/texmf-dist/tex/generic/xypic/xycurve.tex
 Xy-pic option: Curve and Spline extension v.3.12 curve,
\crv@cnt@=\count103
\crvpts@=\toks29
\splinebox@=\box32
\splineval@=\dimen142
\splinedepth@=\dimen143
\splinetol@=\dimen144
\splinelength@=\dimen145
 circles,
\L@=\dimen146
 loaded)
(/usr/share/texlive/texmf-dist/tex/generic/xypic/xyframe.tex
 Xy-pic option: Frame and Bracket extension v.3.14 loaded)
(/usr/share/texlive/texmf-dist/tex/generic/xypic/xycmtip.tex
 Xy-pic option: Computer Modern tip extension v.3.7
(/usr/share/texlive/texmf-dist/tex/generic/xypic/xytips.tex
 Xy-pic option: More Tips extension v.3.11 loaded) loaded)
(/usr/share/texlive/texmf-dist/tex/generic/xypic/xyline.tex
 Xy-pic option: Line styles extension v.3.10
\xylinethick@=\dimen147
 loaded)
(/usr/share/texlive/texmf-dist/tex/generic/xypic/xyrotate.tex
 Xy-pic option: Rotate and Scale extension v.3.8 loaded)
(/usr/share/texlive/texmf-dist/tex/generic/xypic/xycolor.tex
 Xy-pic option: Colour extension v.3.11 loaded)
(/usr/share/texlive/texmf-dist/tex/generic/xypic/xymatrix.tex
 Xy-pic option: Matrix feature v.3.14
\Row=\count104
\Col=\count105
\queue@=\toks30
\queue@@=\toks31
\qcount@=\count106
\qcount@@=\count107
\matrixsize@=\count108
 loaded)
(/usr/share/texlive/texmf-dist/tex/generic/xypic/xyarrow.tex
 Xy-pic option: Arrow and Path feature v.3.9 path, \ar, loaded)
(/usr/share/texlive/texmf-dist/tex/generic/xypic/xygraph.tex
 Xy-pic option: Graph feature v.3.11 loaded) loaded)
(/usr/share/texlive/texmf-dist/tex/generic/xypic/xypdf.tex
 Xy-pic option: PDF driver v.1.7 Xy-pic pdf driver: `color' extension support
(/usr/share/texlive/texmf-dist/tex/generic/xypic/xypdf-co.tex loaded)
Xy-pic pdf driver: `curve' extension support
(/usr/share/texlive/texmf-dist/tex/generic/xypic/xypdf-cu.tex loaded)
Xy-pic pdf driver: `frame' extension support
(/usr/share/texlive/texmf-dist/tex/generic/xypic/xypdf-fr.tex loaded)
Xy-pic pdf driver: `line' extension support
(/usr/share/texlive/texmf-dist/tex/generic/xypic/xypdf-li.tex loaded)
Xy-pic pdf driver: `rotate' extension support
(/usr/share/texlive/texmf-dist/tex/generic/xypic/xypdf-ro.tex loaded) loaded))
(/usr/share/texlive/texmf-dist/tex/latex/url/url.sty
\Urlmuskip=\muskip11
Package: url 2013/09/16  ver 3.4  Verb mode for urls, etc.
)
(/usr/share/texlive/texmf-dist/tex/latex/comment/comment.sty
\CommentStream=\write4

Excluding comment 'comment') (./extract.sty
(/usr/share/texlive/texmf-dist/tex/latex/environ/environ.sty
Package: environ 2014/05/04 v0.3 A new way to define environments

(/usr/share/texlive/texmf-dist/tex/latex/trimspaces/trimspaces.sty
Package: trimspaces 2009/09/17 v1.1 Trim spaces around a token list
))
(/usr/share/texlive/texmf-dist/tex/latex/etextools/etextools.sty
Package: etextools 2010/12/07 v3.1415926 e-TeX more useful tools for LaTeX pack
age writers

(/usr/share/texlive/texmf-dist/tex/latex/etex-pkg/etex.sty
Package: etex 2016/08/01 v2.7 eTeX basic definition package (PEB,DPC)
\et@xins=\count109
)
(/usr/share/texlive/texmf-dist/tex/latex/etoolbox/etoolbox.sty
Package: etoolbox 2018/02/11 v2.5e e-TeX tools for LaTeX (JAW)
\etb@tempcnta=\count110
)
(/usr/share/texlive/texmf-dist/tex/latex/oberdiek/letltxmacro.sty
Package: letltxmacro 2016/05/16 v1.5 Let assignment for LaTeX macros (HO)
)
\ettl@fter=\count111
\ettl@for@nested=\count277
)
(/usr/share/texmf/tex/latex/preview/preview.sty
Package: preview 2017/04/24 11.91 (AUCTeX/preview-latex)

(/usr/share/texmf/tex/latex/preview/prtightpage.def
\PreviewBorder=\dimen148
)
\pr@snippet=\count112
\pr@box=\box33
\pr@output=\toks32
)
\c@propcounter=\count113
\mybox=\box34
)
\c@Theorem=\count114

(/usr/share/texlive/texmf-dist/tex/latex/graphics/color.sty
Package: color 2016/07/10 v1.1e Standard LaTeX Color (DPC)

(/usr/share/texlive/texmf-dist/tex/latex/graphics-cfg/color.cfg
File: color.cfg 2016/01/02 v1.6 sample color configuration
)
Package color Info: Driver file: pdftex.def on input line 147.

(/usr/share/texlive/texmf-dist/tex/latex/graphics-def/pdftex.def
File: pdftex.def 2018/01/08 v1.0l Graphics/color driver for pdftex
))
(source_extraction/results/1409.7504.aux)
\openout1 = `1409.7504.aux'.

LaTeX Font Info:    Checking defaults for OML/cmm/m/it on input line 134.
LaTeX Font Info:    ... okay on input line 134.
LaTeX Font Info:    Checking defaults for T1/cmr/m/n on input line 134.
LaTeX Font Info:    ... okay on input line 134.
LaTeX Font Info:    Checking defaults for OT1/cmr/m/n on input line 134.
LaTeX Font Info:    ... okay on input line 134.
LaTeX Font Info:    Checking defaults for OMS/cmsy/m/n on input line 134.
LaTeX Font Info:    ... okay on input line 134.
LaTeX Font Info:    Checking defaults for OMX/cmex/m/n on input line 134.
LaTeX Font Info:    ... okay on input line 134.
LaTeX Font Info:    Checking defaults for U/cmr/m/n on input line 134.
LaTeX Font Info:    ... okay on input line 134.
LaTeX Font Info:    Try loading font information for U+msa on input line 134.

(/usr/share/texlive/texmf-dist/tex/latex/amsfonts/umsa.fd
File: umsa.fd 2013/01/14 v3.01 AMS symbols A
)
LaTeX Font Info:    Try loading font information for U+msb on input line 134.

(/usr/share/texlive/texmf-dist/tex/latex/amsfonts/umsb.fd
File: umsb.fd 2013/01/14 v3.01 AMS symbols B
)
Package xypdf Info: Line width: 0.47998pt on input line 134.

Preview: Fontsize 12pt
Preview: PDFoutput 1
(/usr/share/texlive/texmf-dist/tex/context/base/mkii/supp-pdf.mkii
[Loading MPS to PDF converter (version 2006.09.02).]
\scratchcounter=\count115
\scratchdimen=\dimen149
\scratchbox=\box35
\nofMPsegments=\count116
\nofMParguments=\count117
\everyMPshowfont=\toks33
\MPscratchCnt=\count118
\MPscratchDim=\dimen150
\MPnumerator=\count119
\makeMPintoPDFobject=\count120
\everyMPtoPDFconversion=\toks34
)

Class amsart Warning: Abstract should precede \maketitle in AMS document classe
s; reported on input line 162.

Preview: Tightpage -32891 -32891 32891 32891
[1{/var/lib/texmf/fonts/map/pdftex/updmap/pdftex.map}]
Overfull \hbox (12.0pt too wide) in paragraph at lines 212--212
[][] 
 []


LaTeX Warning: Reference `subsec:fillandsurg' on page 1 undefined on input line
 216.

Excluding 'comment' comment. Excluding 'comment' comment. [2]
Overfull \hbox (12.0pt too wide) in paragraph at lines 294--294
[][] 
 []

[3]
Overfull \hbox (12.0pt too wide) in paragraph at lines 327--327
[][] 
 []

[4]
Overfull \hbox (12.0pt too wide) in paragraph at lines 333--333
[][] 
 []

Excluding 'comment' comment. Excluding 'comment' comment. [5]
Overfull \hbox (12.0pt too wide) in paragraph at lines 391--391
[][] 
 []


Underfull \vbox (badness 10000) has occurred while \output is active []

 [6]
Overfull \hbox (12.0pt too wide) in paragraph at lines 431--431
[][] 
 []


LaTeX Warning: Reference `subsec:explicit' on page 3 undefined on input line 45
0.

[7]
Overfull \hbox (12.0pt too wide) in paragraph at lines 464--464
[][] 
 []

[8]
Overfull \hbox (12.0pt too wide) in paragraph at lines 511--511
[][] 
 []


Underfull \vbox (badness 10000) has occurred while \output is active []

 [9]
Overfull \hbox (12.0pt too wide) in paragraph at lines 539--539
[][] 
 []


LaTeX Warning: Reference `sec:fillability' on page 4 undefined on input line 54
1.


LaTeX Warning: Reference `sec:max' on page 4 undefined on input line 546.


LaTeX Warning: Reference `subsec:stein_fillability_and_connected_sums' on page 
4 undefined on input line 548.


LaTeX Warning: Reference `sec:nonst-acs' on page 4 undefined on input line 552.



LaTeX Warning: Reference `sec:nonst-acs' on page 4 undefined on input line 555.


[10]
Overfull \hbox (12.0pt too wide) in paragraph at lines 619--619
[][] 
 []

[11]
Overfull \hbox (210.5404pt too wide) in paragraph at lines 621--635
\OT1/cmr/m/n/12 more stan-dard no-tion of strong fil-l-a-bil-ity. [] 
 []

[12]
LaTeX Font Info:    Try loading font information for OMS+cmr on input line 657.

 (/usr/share/texlive/texmf-dist/tex/latex/base/omscmr.fd
File: omscmr.fd 2014/09/29 v2.5h Standard LaTeX font definitions
)
LaTeX Font Info:    Font shape `OMS/cmr/m/n' in size <12> not available
(Font)              Font shape `OMS/cmsy/m/n' tried instead on input line 657.
 [13]
Overfull \hbox (12.0pt too wide) in paragraph at lines 672--672
[][] 
 []

[14]
Overfull \hbox (12.0pt too wide) in paragraph at lines 692--692
[][] 
 []


Underfull \vbox (badness 10000) has occurred while \output is active []

 [15]
Overfull \hbox (12.0pt too wide) in paragraph at lines 717--717
[][] 
 []

[16]
Overfull \hbox (12.0pt too wide) in paragraph at lines 729--729
[][] 
 []

<xymatrix 2x2 150> <xymatrix 2x2 150> [17]
Overfull \hbox (12.0pt too wide) in paragraph at lines 781--781
[][] 
 []

Excluding 'comment' comment. [18]
Overfull \hbox (12.0pt too wide) in paragraph at lines 845--845
[][] 
 []

[19]
Overfull \hbox (12.0pt too wide) in paragraph at lines 889--889
[][] 
 []

<xymatrix 3x2 232> <xymatrix 2x2 147> [20]
Overfull \hbox (12.0pt too wide) in paragraph at lines 1043--1043
[][] 
 []

[21]
Overfull \hbox (12.0pt too wide) in paragraph at lines 1079--1079
[][] 
 []

[22]
Overfull \hbox (12.0pt too wide) in paragraph at lines 1092--1092
[][] 
 []

<xymatrix 3x2 145> [23]
Overfull \hbox (12.0pt too wide) in paragraph at lines 1118--1118
[][] 
 []


Underfull \vbox (badness 10000) has occurred while \output is active []

 <xymatrix
3x3 427> [24]
Overfull \hbox (12.0pt too wide) in paragraph at lines 1181--1181
[][] 
 []

[25]
Overfull \hbox (12.0pt too wide) in paragraph at lines 1208--1208
[][] 
 []


LaTeX Warning: Reference `eq:stable_and_unstable_Stein_cobordism' on page 13 un
defined on input line 1235.

[26]
Overfull \hbox (12.0pt too wide) in paragraph at lines 1245--1245
[][] 
 []

[27]
Overfull \hbox (12.0pt too wide) in paragraph at lines 1264--1264
[][] 
 []

[28]
Overfull \hbox (12.0pt too wide) in paragraph at lines 1275--1275
[][] 
 []

[29]
Overfull \hbox (12.0pt too wide) in paragraph at lines 1323--1323
[][] 
 []

Excluding 'comment' comment. Excluding 'comment' comment. [30]
Overfull \hbox (12.0pt too wide) in paragraph at lines 1430--1430
[][] 
 []

[31]
Overfull \hbox (247.15253pt too wide) in paragraph at lines 1447--1479
\OT1/cmr/m/n/12 cern-ing these con-struc-tions we re-fer to [[], []]. [] 
 []

Excluding 'comment' comment.
Runaway argument?
 since $W \simeq W _0 \natural W_\Sigma $, we conclude that there is \ETC.
! Paragraph ended before \xComment was complete.
<to be read again> 
                   \par 
l.1556 \end{proof}
                  
I suspect you've forgotten a `}', causing me to apply this
control sequence to too much text. How can we recover?
My plan is to forget the whole thing and hope for the best.

[32]
Overfull \hbox (12.0pt too wide) in paragraph at lines 1576--1576
[][] 
 []


Underfull \vbox (badness 10000) has occurred while \output is active []

 [33]
Overfull \hbox (12.0pt too wide) in paragraph at lines 1582--1582
[][] 
 []


LaTeX Warning: Reference `eq:M_to_SO/U' on page 17 undefined on input line 1616
.

[34]
Overfull \hbox (12.0pt too wide) in paragraph at lines 1625--1625
[][] 
 []

[35]
Overfull \hbox (12.0pt too wide) in paragraph at lines 1724--1724
[][] 
 []

[36]
Overfull \hbox (12.0pt too wide) in paragraph at lines 1753--1753
[][] 
 []

[37]
Overfull \hbox (178.2676pt too wide) in paragraph at lines 1763--1773
\OT1/cmr/m/n/12 With the aid of this lemma we have [] 
 []

Excluding 'comment' comment.
Runaway argument?
 \jbcomm {OPTION 1:} Now let ${\rm col}_0 \colon K_0 \vee K_1 \to K_1\ETC.
! Paragraph ended before \xComment was complete.
<to be read again> 
                   \par 
l.1885 \end{proof}
                  
I suspect you've forgotten a `}', causing me to apply this
control sequence to too much text. How can we recover?
My plan is to forget the whole thing and hope for the best.


! LaTeX Error: \begin{proof} on input line 1795 ended by \end{comment}.

See the LaTeX manual or LaTeX Companion for explanation.
Type  H <return>  for immediate help.
 ...                                              
                                                  
l.1885 \end{proof}
                  
Your command was ignored.
Type  I <command> <return>  to replace it with another command,
or  <return>  to continue without it.

[38]
Overfull \hbox (12.0pt too wide) in paragraph at lines 1904--1904
[][] 
 []

[39]
Overfull \hbox (12.0pt too wide) in paragraph at lines 1909--1909
[][] 
 []

Excluding 'comment' comment. [40]
Overfull \hbox (12.0pt too wide) in paragraph at lines 2013--2013
[][] 
 []

[41]
Overfull \hbox (12.0pt too wide) in paragraph at lines 2066--2066
[][] 
 []

[42]
Overfull \hbox (12.0pt too wide) in paragraph at lines 2088--2088
[][] 
 []

[43]
Overfull \hbox (12.0pt too wide) in paragraph at lines 2109--2109
[][] 
 []


Underfull \vbox (badness 4279) has occurred while \output is active []

 [44]
Overfull \hbox (164.64644pt too wide) in paragraph at lines 2138--2160
\OT1/cmr/m/n/12 of (2) and (3) of [[], The-o-rem 1]. [] 
 []

[45]
Overfull \hbox (12.0pt too wide) in paragraph at lines 2172--2172
[][] 
 []

[46]
Overfull \hbox (368.93321pt too wide) in paragraph at lines 2174--2195
\OT1/cmr/m/n/12 mov-ing the as-sump-tions in-volv-ing Bernoulli num-bers from i
ts state-ment. [] 
 []

[47]
Overfull \hbox (12.0pt too wide) in paragraph at lines 2208--2208
[][] 
 []


Underfull \vbox (badness 10000) has occurred while \output is active []



LaTeX Warning: Reference `eq:A2m' on page 22 undefined on input line 2291.


LaTeX Warning: Reference `eq:A2m-1' on page 22 undefined on input line 2291.

[48]
Overfull \hbox (302.76596pt too wide) in paragraph at lines 2293--2308
[]\OT1/cmr/m/n/12 To prove The-o-rem 5.1 , we shall need the fol-low-ing re-sul
t. [] 
 []


LaTeX Warning: Reference `eq:ex' on page 24 undefined on input line 2451.

[49]
Overfull \hbox (12.0pt too wide) in paragraph at lines 2451--2451
[][] 
 []

Excluding 'comment' comment. [50]
Overfull \hbox (12.0pt too wide) in paragraph at lines 2558--2558
[][] 
 []


LaTeX Warning: Reference `eq:bernoulli_denom' on page 25 undefined on input lin
e 2593.

[51]
Overfull \hbox (12.0pt too wide) in paragraph at lines 2625--2625
[][] 
 []

[52]
Overfull \hbox (12.0pt too wide) in paragraph at lines 2644--2644
[][] 
 []

[53]
Overfull \hbox (12.0pt too wide) in paragraph at lines 2656--2656
[][] 
 []


LaTeX Warning: Reference `eq:bernoulli_denom' on page 26 undefined on input lin
e 2678.

Missing character: There is no â in font cmcsc10!
Missing character: There is no € in font cmcsc10!
Missing character: There is no “ in font cmcsc10!

! LaTeX Error: \begin{proof} on input line 1795 ended by \end{document}.

See the LaTeX manual or LaTeX Companion for explanation.
Type  H <return>  for immediate help.
 ...                                              
                                                  
l.2915 \end{document}
                     
Your command was ignored.
Type  I <command> <return>  to replace it with another command,
or  <return>  to continue without it.

(source_extraction/results/1409.7504.aux)

LaTeX Warning: There were undefined references.

 )
(\end occurred inside a group at level 3)

### semi simple group (level 3) entered at line 1795 (\begingroup)
### semi simple group (level 2) entered at line 1556 (\begingroup)
### semi simple group (level 1) entered at line 1481 (\begingroup)
### bottom level 
Here is how much of TeX's memory you used:
 6196 strings out of 494260
 76327 string characters out of 6168642
 218137 words of memory out of 5000000
 9278 multiletter control sequences out of 15000+600000
 15633 words of font info for 61 fonts, out of 8000000 for 9000
 658 hyphenation exceptions out of 8191
 34i,16n,35p,3262b,506s stack positions out of 5000i,500n,10000p,200000b,80000s
</usr/share/texlive/texmf-dist/fonts/type1/public/amsfonts/cm/c
mbx12.pfb></usr/share/texlive/texmf-dist/fonts/type1/public/amsfonts/cm/cmbxti1
0.pfb></usr/share/texlive/texmf-dist/fonts/type1/public/amsfonts/cm/cmex10.pfb>
</usr/share/texlive/texmf-dist/fonts/type1/public/amsfonts/cm/cmmi12.pfb></usr/
share/texlive/texmf-dist/fonts/type1/public/amsfonts/cm/cmmi6.pfb></usr/share/t
exlive/texmf-dist/fonts/type1/public/amsfonts/cm/cmmi8.pfb></usr/share/texlive/
texmf-dist/fonts/type1/public/amsfonts/cm/cmr12.pfb></usr/share/texlive/texmf-d
ist/fonts/type1/public/amsfonts/cm/cmr6.pfb></usr/share/texlive/texmf-dist/font
s/type1/public/amsfonts/cm/cmr8.pfb></usr/share/texlive/texmf-dist/fonts/type1/
public/amsfonts/cm/cmsy10.pfb></usr/share/texlive/texmf-dist/fonts/type1/public
/amsfonts/cm/cmsy6.pfb></usr/share/texlive/texmf-dist/fonts/type1/public/amsfon
ts/cm/cmsy8.pfb></usr/share/texlive/texmf-dist/fonts/type1/public/amsfonts/cm/c
mti12.pfb></usr/share/texlive/texmf-dist/fonts/type1/public/amsfonts/symbols/ms
am10.pfb></usr/share/texlive/texmf-dist/fonts/type1/public/amsfonts/symbols/msb
m10.pfb></usr/share/texlive/texmf-dist/fonts/type1/public/xypic/xyatip10.pfb></
usr/share/texlive/texmf-dist/fonts/type1/public/xypic/xybtip10.pfb>
Output written on source_extraction/results/1409.7504.pdf (53 pages, 219267 byt
es).
PDF statistics:
 244 PDF objects out of 1000 (max. 8388607)
 170 compressed objects within 2 object streams
 0 named destinations out of 1000 (max. 500000)
 1 words of extra memory for PDF output out of 10000 (max. 10000000)

