This is pdfTeX, Version 3.14159265-2.6-1.40.18 (TeX Live 2017/Debian) (preloaded format=pdflatex 2018.11.16)  29 NOV 2018 14:49
entering extended mode
 restricted \write18 enabled.
 %&-line parsing enabled.
**source_extraction/results/1411.1874.tex
(./source_extraction/results/1411.1874.tex
LaTeX2e <2017-04-15>
Babel <3.18> and hyphenation patterns for 20 language(s) loaded.
(/usr/share/texlive/texmf-dist/tex/latex/amscls/amsart.cls
Document Class: amsart 2017/10/31 v2.20.4
\linespacing=\dimen102
\normalparindent=\dimen103
\normaltopskip=\skip41
(/usr/share/texlive/texmf-dist/tex/latex/amsmath/amsmath.sty
Package: amsmath 2017/09/02 v2.17a AMS math features
\@mathmargin=\skip42

For additional information on amsmath, use the `?' option.
(/usr/share/texlive/texmf-dist/tex/latex/amsmath/amstext.sty
Package: amstext 2000/06/29 v2.01 AMS text

(/usr/share/texlive/texmf-dist/tex/latex/amsmath/amsgen.sty
File: amsgen.sty 1999/11/30 v2.0 generic functions
\@emptytoks=\toks14
\ex@=\dimen104
))
(/usr/share/texlive/texmf-dist/tex/latex/amsmath/amsbsy.sty
Package: amsbsy 1999/11/29 v1.2d Bold Symbols
\pmbraise@=\dimen105
)
(/usr/share/texlive/texmf-dist/tex/latex/amsmath/amsopn.sty
Package: amsopn 2016/03/08 v2.02 operator names
)
\inf@bad=\count79
LaTeX Info: Redefining \frac on input line 213.
\uproot@=\count80
\leftroot@=\count81
LaTeX Info: Redefining \overline on input line 375.
\classnum@=\count82
\DOTSCASE@=\count83
LaTeX Info: Redefining \ldots on input line 472.
LaTeX Info: Redefining \dots on input line 475.
LaTeX Info: Redefining \cdots on input line 596.
\Mathstrutbox@=\box26
\strutbox@=\box27
\big@size=\dimen106
LaTeX Font Info:    Redeclaring font encoding OML on input line 712.
LaTeX Font Info:    Redeclaring font encoding OMS on input line 713.
\macc@depth=\count84
\c@MaxMatrixCols=\count85
\dotsspace@=\muskip10
\c@parentequation=\count86
\dspbrk@lvl=\count87
\tag@help=\toks15
\row@=\count88
\column@=\count89
\maxfields@=\count90
\andhelp@=\toks16
\eqnshift@=\dimen107
\alignsep@=\dimen108
\tagshift@=\dimen109
\tagwidth@=\dimen110
\totwidth@=\dimen111
\lineht@=\dimen112
\@envbody=\toks17
\multlinegap=\skip43
\multlinetaggap=\skip44
\mathdisplay@stack=\toks18
LaTeX Info: Redefining \[ on input line 2817.
LaTeX Info: Redefining \] on input line 2818.
)
LaTeX Font Info:    Try loading font information for U+msa on input line 398.

(/usr/share/texlive/texmf-dist/tex/latex/amsfonts/umsa.fd
File: umsa.fd 2013/01/14 v3.01 AMS symbols A
)
(/usr/share/texlive/texmf-dist/tex/latex/amsfonts/amsfonts.sty
Package: amsfonts 2013/01/14 v3.01 Basic AMSFonts support
\symAMSa=\mathgroup4
\symAMSb=\mathgroup5
LaTeX Font Info:    Overwriting math alphabet `\mathfrak' in version `bold'
(Font)                  U/euf/m/n --> U/euf/b/n on input line 106.
)
\copyins=\insert199
\abstractbox=\box28
\listisep=\skip45
\c@part=\count91
\c@section=\count92
\c@subsection=\count93
\c@subsubsection=\count94
\c@paragraph=\count95
\c@subparagraph=\count96
\c@figure=\count97
\c@table=\count98
\abovecaptionskip=\skip46
\belowcaptionskip=\skip47
\captionindent=\dimen113
\thm@style=\toks19
\thm@bodyfont=\toks20
\thm@headfont=\toks21
\thm@notefont=\toks22
\thm@headpunct=\toks23
\thm@preskip=\skip48
\thm@postskip=\skip49
\thm@headsep=\skip50
\dth@everypar=\toks24
)
(/usr/share/texlive/texmf-dist/tex/latex/amsfonts/amssymb.sty
Package: amssymb 2013/01/14 v3.01 AMS font symbols
)
(/usr/share/texlive/texmf-dist/tex/latex/graphics/graphicx.sty
Package: graphicx 2017/06/01 v1.1a Enhanced LaTeX Graphics (DPC,SPQR)

(/usr/share/texlive/texmf-dist/tex/latex/graphics/keyval.sty
Package: keyval 2014/10/28 v1.15 key=value parser (DPC)
\KV@toks@=\toks25
)
(/usr/share/texlive/texmf-dist/tex/latex/graphics/graphics.sty
Package: graphics 2017/06/25 v1.2c Standard LaTeX Graphics (DPC,SPQR)

(/usr/share/texlive/texmf-dist/tex/latex/graphics/trig.sty
Package: trig 2016/01/03 v1.10 sin cos tan (DPC)
)
(/usr/share/texlive/texmf-dist/tex/latex/graphics-cfg/graphics.cfg
File: graphics.cfg 2016/06/04 v1.11 sample graphics configuration
)
Package graphics Info: Driver file: pdftex.def on input line 99.

(/usr/share/texlive/texmf-dist/tex/latex/graphics-def/pdftex.def
File: pdftex.def 2018/01/08 v1.0l Graphics/color driver for pdftex
))
\Gin@req@height=\dimen114
\Gin@req@width=\dimen115
)
\prt=\toks26

(./extract.sty (/usr/share/texlive/texmf-dist/tex/latex/environ/environ.sty
Package: environ 2014/05/04 v0.3 A new way to define environments

(/usr/share/texlive/texmf-dist/tex/latex/trimspaces/trimspaces.sty
Package: trimspaces 2009/09/17 v1.1 Trim spaces around a token list
))
(/usr/share/texlive/texmf-dist/tex/latex/etextools/etextools.sty
Package: etextools 2010/12/07 v3.1415926 e-TeX more useful tools for LaTeX pack
age writers

(/usr/share/texlive/texmf-dist/tex/latex/etex-pkg/etex.sty
Package: etex 2016/08/01 v2.7 eTeX basic definition package (PEB,DPC)
\et@xins=\count99
)
(/usr/share/texlive/texmf-dist/tex/latex/etoolbox/etoolbox.sty
Package: etoolbox 2018/02/11 v2.5e e-TeX tools for LaTeX (JAW)
\etb@tempcnta=\count100
)
(/usr/share/texlive/texmf-dist/tex/latex/oberdiek/letltxmacro.sty
Package: letltxmacro 2016/05/16 v1.5 Let assignment for LaTeX macros (HO)
)
\ettl@fter=\count101
\ettl@for@nested=\count277
)
(/usr/share/texmf/tex/latex/preview/preview.sty
Package: preview 2017/04/24 11.91 (AUCTeX/preview-latex)

(/usr/share/texmf/tex/latex/preview/prtightpage.def
\PreviewBorder=\dimen116
)
\pr@snippet=\count102
\pr@box=\box29
\pr@output=\toks27
)
\c@propcounter=\count103
\mybox=\box30
)
\c@thm=\count104

(source_extraction/results/1411.1874.aux)
\openout1 = `1411.1874.aux'.

LaTeX Font Info:    Checking defaults for OML/cmm/m/it on input line 206.
LaTeX Font Info:    ... okay on input line 206.
LaTeX Font Info:    Checking defaults for T1/cmr/m/n on input line 206.
LaTeX Font Info:    ... okay on input line 206.
LaTeX Font Info:    Checking defaults for OT1/cmr/m/n on input line 206.
LaTeX Font Info:    ... okay on input line 206.
LaTeX Font Info:    Checking defaults for OMS/cmsy/m/n on input line 206.
LaTeX Font Info:    ... okay on input line 206.
LaTeX Font Info:    Checking defaults for OMX/cmex/m/n on input line 206.
LaTeX Font Info:    ... okay on input line 206.
LaTeX Font Info:    Checking defaults for U/cmr/m/n on input line 206.
LaTeX Font Info:    ... okay on input line 206.
LaTeX Font Info:    Try loading font information for U+msa on input line 206.

(/usr/share/texlive/texmf-dist/tex/latex/amsfonts/umsa.fd
File: umsa.fd 2013/01/14 v3.01 AMS symbols A
)
LaTeX Font Info:    Try loading font information for U+msb on input line 206.

(/usr/share/texlive/texmf-dist/tex/latex/amsfonts/umsb.fd
File: umsb.fd 2013/01/14 v3.01 AMS symbols B
)
(/usr/share/texlive/texmf-dist/tex/context/base/mkii/supp-pdf.mkii
[Loading MPS to PDF converter (version 2006.09.02).]
\scratchcounter=\count105
\scratchdimen=\dimen117
\scratchbox=\box31
\nofMPsegments=\count106
\nofMParguments=\count107
\everyMPshowfont=\toks28
\MPscratchCnt=\count108
\MPscratchDim=\dimen118
\MPnumerator=\count109
\makeMPintoPDFobject=\count110
\everyMPtoPDFconversion=\toks29
) (/usr/share/texlive/texmf-dist/tex/latex/oberdiek/epstopdf-base.sty
Package: epstopdf-base 2016/05/15 v2.6 Base part for package epstopdf

(/usr/share/texlive/texmf-dist/tex/generic/oberdiek/infwarerr.sty
Package: infwarerr 2016/05/16 v1.4 Providing info/warning/error messages (HO)
)
(/usr/share/texlive/texmf-dist/tex/latex/oberdiek/grfext.sty
Package: grfext 2016/05/16 v1.2 Manage graphics extensions (HO)

(/usr/share/texlive/texmf-dist/tex/generic/oberdiek/kvdefinekeys.sty
Package: kvdefinekeys 2016/05/16 v1.4 Define keys (HO)

(/usr/share/texlive/texmf-dist/tex/generic/oberdiek/ltxcmds.sty
Package: ltxcmds 2016/05/16 v1.23 LaTeX kernel commands for general use (HO)
)))
(/usr/share/texlive/texmf-dist/tex/latex/oberdiek/kvoptions.sty
Package: kvoptions 2016/05/16 v3.12 Key value format for package options (HO)

(/usr/share/texlive/texmf-dist/tex/generic/oberdiek/kvsetkeys.sty
Package: kvsetkeys 2016/05/16 v1.17 Key value parser (HO)

(/usr/share/texlive/texmf-dist/tex/generic/oberdiek/etexcmds.sty
Package: etexcmds 2016/05/16 v1.6 Avoid name clashes with e-TeX commands (HO)

(/usr/share/texlive/texmf-dist/tex/generic/oberdiek/ifluatex.sty
Package: ifluatex 2016/05/16 v1.4 Provides the ifluatex switch (HO)
Package ifluatex Info: LuaTeX not detected.
)
Package etexcmds Info: Could not find \expanded.
(etexcmds)             That can mean that you are not using pdfTeX 1.50 or
(etexcmds)             that some package has redefined \expanded.
(etexcmds)             In the latter case, load this package earlier.
)))
(/usr/share/texlive/texmf-dist/tex/generic/oberdiek/pdftexcmds.sty
Package: pdftexcmds 2018/01/21 v0.26 Utility functions of pdfTeX for LuaTeX (HO
)

(/usr/share/texlive/texmf-dist/tex/generic/oberdiek/ifpdf.sty
Package: ifpdf 2017/03/15 v3.2 Provides the ifpdf switch
)
Package pdftexcmds Info: LuaTeX not detected.
Package pdftexcmds Info: \pdf@primitive is available.
Package pdftexcmds Info: \pdf@ifprimitive is available.
Package pdftexcmds Info: \pdfdraftmode found.
)
Package epstopdf-base Info: Redefining graphics rule for `.eps' on input line 4
38.
Package grfext Info: Graphics extension search list:
(grfext)             [.pdf,.png,.jpg,.mps,.jpeg,.jbig2,.jb2,.PDF,.PNG,.JPG,.JPE
G,.JBIG2,.JB2,.eps]
(grfext)             \AppendGraphicsExtensions on input line 456.

(/usr/share/texlive/texmf-dist/tex/latex/latexconfig/epstopdf-sys.cfg
File: epstopdf-sys.cfg 2010/07/13 v1.3 Configuration of (r)epstopdf for TeX Liv
e
))
Preview: Fontsize 10pt
Preview: PDFoutput 1

LaTeX Warning: Reference `Sec:main' on page 1 undefined on input line 249.


LaTeX Warning: Reference `Sec:auxiliary' on page 1 undefined on input line 249.


LaTeX Font Info:    Try loading font information for U+euf on input line 259.
(/usr/share/texlive/texmf-dist/tex/latex/amsfonts/ueuf.fd
File: ueuf.fd 2013/01/14 v3.01 Euler Fraktur
)
LaTeX Font Info:    Try loading font information for OMS+cmr on input line 259.


(/usr/share/texlive/texmf-dist/tex/latex/base/omscmr.fd
File: omscmr.fd 2014/09/29 v2.5h Standard LaTeX font definitions
)
LaTeX Font Info:    Font shape `OMS/cmr/m/n' in size <10> not available
(Font)              Font shape `OMS/cmsy/m/n' tried instead on input line 259.

Preview: Tightpage -32891 -32891 32891 32891
[1{/var/lib/texmf/fonts/map/pdftex/updmap/pdftex.map}]
Overfull \hbox (12.0pt too wide) in paragraph at lines 276--276
[][] 
 []


Underfull \vbox (badness 2635) has occurred while \output is active []



LaTeX Warning: Reference `ssec:miry' on page 3 undefined on input line 278.

[2]
Overfull \hbox (12.0pt too wide) in paragraph at lines 338--338
[][] 
 []

[3]
Overfull \hbox (12.0pt too wide) in paragraph at lines 362--362
[][] 
 []

[4]
Overfull \hbox (12.0pt too wide) in paragraph at lines 368--368
[][] 
 []

[5]
Overfull \hbox (12.0pt too wide) in paragraph at lines 373--373
[][] 
 []


LaTeX Warning: Reference `sec:example' on page 5 undefined on input line 376.


LaTeX Warning: Reference `ssec:choquet' on page 5 undefined on input line 381.


LaTeX Warning: Reference `ssec:choquet' on page 5 undefined on input line 382.

[6]
Overfull \hbox (12.0pt too wide) in paragraph at lines 391--391
[][] 
 []


Underfull \vbox (badness 10000) has occurred while \output is active []



LaTeX Warning: Reference `Sec:dilation' on page 6 undefined on input line 394.


LaTeX Warning: Reference `Sec:dilation' on page 6 undefined on input line 395.

[7]
Overfull \hbox (12.0pt too wide) in paragraph at lines 402--402
[][] 
 []


LaTeX Warning: Reference `Sec:affbaire' on page 6 undefined on input line 407.

[8]
Overfull \hbox (12.0pt too wide) in paragraph at lines 420--420
[][] 
 []

[9]
Overfull \hbox (12.0pt too wide) in paragraph at lines 437--437
[][] 
 []


Underfull \vbox (badness 10000) has occurred while \output is active []



LaTeX Warning: Reference `Sec:wdp' on page 7 undefined on input line 439.

[10]
Overfull \hbox (12.0pt too wide) in paragraph at lines 448--448
[][] 
 []

[11]
Overfull \hbox (12.0pt too wide) in paragraph at lines 462--462
[][] 
 []


Underfull \vbox (badness 10000) has occurred while \output is active []

 [12]
Overfull \hbox (12.0pt too wide) in paragraph at lines 503--503
[][] 
 []

[13]
Overfull \hbox (12.0pt too wide) in paragraph at lines 519--519
[][] 
 []

[14]
Overfull \hbox (12.0pt too wide) in paragraph at lines 529--529
[][] 
 []

[15]
Overfull \hbox (12.0pt too wide) in paragraph at lines 557--557
[][] 
 []


Underfull \vbox (badness 10000) has occurred while \output is active []

 [16]
Overfull \hbox (12.0pt too wide) in paragraph at lines 600--600
[][] 
 []

[17]
Overfull \hbox (12.0pt too wide) in paragraph at lines 609--609
[][] 
 []

[18]
Overfull \hbox (12.0pt too wide) in paragraph at lines 620--620
[][] 
 []

[19]
Overfull \hbox (12.0pt too wide) in paragraph at lines 639--639
[][] 
 []


Underfull \vbox (badness 1466) has occurred while \output is active []

 [20]
Overfull \hbox (12.0pt too wide) in paragraph at lines 686--686
[][] 
 []

[21]
Overfull \hbox (12.0pt too wide) in paragraph at lines 704--704
[][] 
 []

[22]
Overfull \hbox (12.0pt too wide) in paragraph at lines 731--731
[][] 
 []


LaTeX Warning: Reference `ssec:pettis' on page 14 undefined on input line 756.

[23]
Overfull \hbox (12.0pt too wide) in paragraph at lines 770--770
[][] 
 []

[24]
Overfull \hbox (12.0pt too wide) in paragraph at lines 787--787
[][] 
 []

[25]
Overfull \hbox (12.0pt too wide) in paragraph at lines 816--816
[][] 
 []


Underfull \vbox (badness 2865) has occurred while \output is active []



LaTeX Warning: Reference `ssec:choquet' on page 16 undefined on input line 844.


[26]
Overfull \hbox (12.0pt too wide) in paragraph at lines 867--867
[][] 
 []

[27]
Overfull \hbox (12.0pt too wide) in paragraph at lines 888--888
[][] 
 []


Overfull \hbox (7.51346pt too wide) detected at line 909
[][]
 []

[28]
Overfull \hbox (12.0pt too wide) in paragraph at lines 924--924
[][] 
 []

[29]
Overfull \hbox (12.0pt too wide) in paragraph at lines 963--963
[][] 
 []


Underfull \vbox (badness 4492) has occurred while \output is active []


Overfull \hbox (11.98456pt too wide) detected at line 1013
[][]
 []

[30]
Overfull \hbox (12.0pt too wide) in paragraph at lines 1038--1038
[][] 
 []


LaTeX Warning: Reference `ssec:baire' on page 22 undefined on input line 1066.

[31]
Overfull \hbox (12.0pt too wide) in paragraph at lines 1085--1085
[][] 
 []

[32]
Overfull \hbox (12.0pt too wide) in paragraph at lines 1106--1106
[][] 
 []

[33]
Overfull \hbox (12.0pt too wide) in paragraph at lines 1122--1122
[][] 
 []

[34]
Overfull \hbox (12.0pt too wide) in paragraph at lines 1137--1137
[][] 
 []

[35]
Overfull \hbox (12.0pt too wide) in paragraph at lines 1150--1150
[][] 
 []

[36]
Overfull \hbox (12.0pt too wide) in paragraph at lines 1171--1171
[][] 
 []

[37]
Overfull \hbox (12.0pt too wide) in paragraph at lines 1254--1254
[][] 
 []

[38]
Overfull \hbox (12.0pt too wide) in paragraph at lines 1319--1319
[][] 
 []

[39]
Overfull \hbox (12.0pt too wide) in paragraph at lines 1389--1389
[][] 
 []

[40]
Overfull \hbox (12.0pt too wide) in paragraph at lines 1413--1413
[][] 
 []

[41]
Overfull \hbox (12.0pt too wide) in paragraph at lines 1447--1447
[][] 
 []

[42]
Overfull \hbox (12.0pt too wide) in paragraph at lines 1504--1504
[][] 
 []


Underfull \vbox (badness 1383) has occurred while \output is active []

 [43]
Overfull \hbox (12.0pt too wide) in paragraph at lines 1534--1534
[][] 
 []

[44]
Overfull \hbox (12.0pt too wide) in paragraph at lines 1549--1549
[][] 
 []


Underfull \vbox (badness 1137) has occurred while \output is active []

 [45]
Overfull \hbox (12.0pt too wide) in paragraph at lines 1572--1572
[][] 
 []


LaTeX Warning: Reference `eq:rozsireni' on page 37 undefined on input line 1657
.


LaTeX Warning: Reference `eq:fhat' on page 37 undefined on input line 1657.

[46]
Overfull \hbox (12.0pt too wide) in paragraph at lines 1683--1683
[][] 
 []

[47]
Overfull \hbox (12.0pt too wide) in paragraph at lines 1700--1700
[][] 
 []

[48]
Overfull \hbox (12.0pt too wide) in paragraph at lines 1745--1745
[][] 
 []

[49]
Overfull \hbox (12.0pt too wide) in paragraph at lines 1778--1778
[][] 
 []

[50]
Overfull \hbox (12.0pt too wide) in paragraph at lines 1784--1784
[][] 
 []

[51]
Overfull \hbox (12.0pt too wide) in paragraph at lines 1789--1789
[][] 
 []

[52]
Overfull \hbox (12.0pt too wide) in paragraph at lines 1801--1801
[][] 
 []

[53]
Overfull \hbox (12.0pt too wide) in paragraph at lines 1812--1812
[][] 
 []


Underfull \vbox (badness 10000) has occurred while \output is active []

 [54]
Overfull \hbox (12.0pt too wide) in paragraph at lines 1820--1820
[][] 
 []

[55]
Overfull \hbox (12.0pt too wide) in paragraph at lines 1827--1827
[][] 
 []

[56]
Overfull \hbox (12.0pt too wide) in paragraph at lines 1836--1836
[][] 
 []

[57]
Overfull \hbox (12.0pt too wide) in paragraph at lines 1846--1846
[][] 
 []


Underfull \hbox (badness 4217) in paragraph at lines 1979--1983
[]\OT1/cmr/m/sc/8 O. Kalenda and J. Spurn[]y\OT1/cmr/m/n/8 , \OT1/cmr/m/it/8 Pr
e-serv-ing affine Baire classes by per-fect affine
 []


Underfull \hbox (badness 10000) in paragraph at lines 1979--1983
\OT1/cmr/m/it/8 maps\OT1/cmr/m/n/8 , Quaest. Math. DOI:10.2989/16073606.2015.10
73813, preprint avail-able at
 []


Underfull \vbox (badness 10000) has occurred while \output is active []


Underfull \vbox (badness 10000) has occurred while \output is active []


(source_extraction/results/1411.1874.aux)

LaTeX Warning: There were undefined references.

 ) 
Here is how much of TeX's memory you used:
 4208 strings out of 494260
 53284 string characters out of 6168642
 149792 words of memory out of 5000000
 7316 multiletter control sequences out of 15000+600000
 14916 words of font info for 55 fonts, out of 8000000 for 9000
 658 hyphenation exceptions out of 8191
 41i,12n,32p,934b,352s stack positions out of 5000i,500n,10000p,200000b,80000s
</usr/share/texlive/texmf-dist/fonts/type1/public/amsfonts/cm/cmbx10.pfb></us
r/share/texlive/texmf-dist/fonts/type1/public/amsfonts/cm/cmex10.pfb></usr/shar
e/texlive/texmf-dist/fonts/type1/public/amsfonts/cm/cmmi10.pfb></usr/share/texl
ive/texmf-dist/fonts/type1/public/amsfonts/cm/cmmi7.pfb></usr/share/texlive/tex
mf-dist/fonts/type1/public/amsfonts/cm/cmmib10.pfb></usr/share/texlive/texmf-di
st/fonts/type1/public/amsfonts/cm/cmr10.pfb></usr/share/texlive/texmf-dist/font
s/type1/public/amsfonts/cm/cmr5.pfb></usr/share/texlive/texmf-dist/fonts/type1/
public/amsfonts/cm/cmr7.pfb></usr/share/texlive/texmf-dist/fonts/type1/public/a
msfonts/cm/cmsy10.pfb></usr/share/texlive/texmf-dist/fonts/type1/public/amsfont
s/cm/cmsy5.pfb></usr/share/texlive/texmf-dist/fonts/type1/public/amsfonts/cm/cm
sy7.pfb></usr/share/texlive/texmf-dist/fonts/type1/public/amsfonts/cm/cmti10.pf
b></usr/share/texlive/texmf-dist/fonts/type1/public/amsfonts/euler/eufm10.pfb><
/usr/share/texlive/texmf-dist/fonts/type1/public/amsfonts/symbols/msbm10.pfb></
usr/share/texlive/texmf-dist/fonts/type1/public/amsfonts/symbols/msbm7.pfb>
Output written on source_extraction/results/1411.1874.pdf (57 pages, 199467 byt
es).
PDF statistics:
 249 PDF objects out of 1000 (max. 8388607)
 173 compressed objects within 2 object streams
 0 named destinations out of 1000 (max. 500000)
 1 words of extra memory for PDF output out of 10000 (max. 10000000)

