This is pdfTeX, Version 3.14159265-2.6-1.40.18 (TeX Live 2017/Debian) (preloaded format=pdflatex 2018.11.16)  29 NOV 2018 14:49
entering extended mode
 restricted \write18 enabled.
 %&-line parsing enabled.
**source_extraction/results/1502.03280.tex
(./source_extraction/results/1502.03280.tex
LaTeX2e <2017-04-15>
Babel <3.18> and hyphenation patterns for 20 language(s) loaded.
(/usr/share/texlive/texmf-dist/tex/latex/amscls/amsart.cls
Document Class: amsart 2017/10/31 v2.20.4
\linespacing=\dimen102
\normalparindent=\dimen103
\normaltopskip=\skip41
(/usr/share/texlive/texmf-dist/tex/latex/amsmath/amsmath.sty
Package: amsmath 2017/09/02 v2.17a AMS math features
\@mathmargin=\skip42

For additional information on amsmath, use the `?' option.
(/usr/share/texlive/texmf-dist/tex/latex/amsmath/amstext.sty
Package: amstext 2000/06/29 v2.01 AMS text

(/usr/share/texlive/texmf-dist/tex/latex/amsmath/amsgen.sty
File: amsgen.sty 1999/11/30 v2.0 generic functions
\@emptytoks=\toks14
\ex@=\dimen104
))
(/usr/share/texlive/texmf-dist/tex/latex/amsmath/amsbsy.sty
Package: amsbsy 1999/11/29 v1.2d Bold Symbols
\pmbraise@=\dimen105
)
(/usr/share/texlive/texmf-dist/tex/latex/amsmath/amsopn.sty
Package: amsopn 2016/03/08 v2.02 operator names
)
\inf@bad=\count79
LaTeX Info: Redefining \frac on input line 213.
\uproot@=\count80
\leftroot@=\count81
LaTeX Info: Redefining \overline on input line 375.
\classnum@=\count82
\DOTSCASE@=\count83
LaTeX Info: Redefining \ldots on input line 472.
LaTeX Info: Redefining \dots on input line 475.
LaTeX Info: Redefining \cdots on input line 596.
\Mathstrutbox@=\box26
\strutbox@=\box27
\big@size=\dimen106
LaTeX Font Info:    Redeclaring font encoding OML on input line 712.
LaTeX Font Info:    Redeclaring font encoding OMS on input line 713.
\macc@depth=\count84
\c@MaxMatrixCols=\count85
\dotsspace@=\muskip10
\c@parentequation=\count86
\dspbrk@lvl=\count87
\tag@help=\toks15
\row@=\count88
\column@=\count89
\maxfields@=\count90
\andhelp@=\toks16
\eqnshift@=\dimen107
\alignsep@=\dimen108
\tagshift@=\dimen109
\tagwidth@=\dimen110
\totwidth@=\dimen111
\lineht@=\dimen112
\@envbody=\toks17
\multlinegap=\skip43
\multlinetaggap=\skip44
\mathdisplay@stack=\toks18
LaTeX Info: Redefining \[ on input line 2817.
LaTeX Info: Redefining \] on input line 2818.
)
LaTeX Font Info:    Try loading font information for U+msa on input line 398.

(/usr/share/texlive/texmf-dist/tex/latex/amsfonts/umsa.fd
File: umsa.fd 2013/01/14 v3.01 AMS symbols A
)
(/usr/share/texlive/texmf-dist/tex/latex/amsfonts/amsfonts.sty
Package: amsfonts 2013/01/14 v3.01 Basic AMSFonts support
\symAMSa=\mathgroup4
\symAMSb=\mathgroup5
LaTeX Font Info:    Overwriting math alphabet `\mathfrak' in version `bold'
(Font)                  U/euf/m/n --> U/euf/b/n on input line 106.
)
\copyins=\insert199
\abstractbox=\box28
\listisep=\skip45
\c@part=\count91
\c@section=\count92
\c@subsection=\count93
\c@subsubsection=\count94
\c@paragraph=\count95
\c@subparagraph=\count96
\c@figure=\count97
\c@table=\count98
\abovecaptionskip=\skip46
\belowcaptionskip=\skip47
\captionindent=\dimen113
\thm@style=\toks19
\thm@bodyfont=\toks20
\thm@headfont=\toks21
\thm@notefont=\toks22
\thm@headpunct=\toks23
\thm@preskip=\skip48
\thm@postskip=\skip49
\thm@headsep=\skip50
\dth@everypar=\toks24
)
(/usr/share/texlive/texmf-dist/tex/latex/psnfss/times.sty
Package: times 2005/04/12 PSNFSS-v9.2a (SPQR) 
)
(/usr/share/texlive/texmf-dist/tex/latex/amsfonts/amssymb.sty
Package: amssymb 2013/01/14 v3.01 AMS font symbols
)
(/usr/share/texlive/texmf-dist/tex/latex/amsmath/amsxtra.sty
Package: amsxtra 1999/11/15 v1.2c AMS extra commands
LaTeX Info: Redefining \nobreakspace on input line 54.
)
(/usr/share/texlive/texmf-dist/tex/latex/graphics/graphicx.sty
Package: graphicx 2017/06/01 v1.1a Enhanced LaTeX Graphics (DPC,SPQR)

(/usr/share/texlive/texmf-dist/tex/latex/graphics/keyval.sty
Package: keyval 2014/10/28 v1.15 key=value parser (DPC)
\KV@toks@=\toks25
)
(/usr/share/texlive/texmf-dist/tex/latex/graphics/graphics.sty
Package: graphics 2017/06/25 v1.2c Standard LaTeX Graphics (DPC,SPQR)

(/usr/share/texlive/texmf-dist/tex/latex/graphics/trig.sty
Package: trig 2016/01/03 v1.10 sin cos tan (DPC)
)
(/usr/share/texlive/texmf-dist/tex/latex/graphics-cfg/graphics.cfg
File: graphics.cfg 2016/06/04 v1.11 sample graphics configuration
)
Package graphics Info: Driver file: pdftex.def on input line 99.

(/usr/share/texlive/texmf-dist/tex/latex/graphics-def/pdftex.def
File: pdftex.def 2018/01/08 v1.0l Graphics/color driver for pdftex
))
\Gin@req@height=\dimen114
\Gin@req@width=\dimen115
)
(/usr/share/texlive/texmf-dist/tex/latex/a4wide/a4wide.sty
Package: a4wide 1994/08/30

(/usr/share/texlive/texmf-dist/tex/latex/ntgclass/a4.sty
Package: a4 2004/04/15 v1.2g A4 based page layout
))
(/usr/share/texlive/texmf-dist/tex/generic/xypic/xy.sty
(/usr/share/texlive/texmf-dist/tex/generic/xypic/xy.tex Bootstrap'ing:
catcodes, docmode, (/usr/share/texlive/texmf-dist/tex/generic/xypic/xyrecat.tex
) (/usr/share/texlive/texmf-dist/tex/generic/xypic/xyidioms.tex)

 Xy-pic version 3.8.9 <2013/10/06>
 Copyright (c) 1991-2013 by Kristoffer H. Rose <krisrose@tug.org> and others
 Xy-pic is free software: see the User's Guide for details.

Loading kernel: messages; fonts; allocations: state,
\X@c=\dimen116
\Y@c=\dimen117
\U@c=\dimen118
\D@c=\dimen119
\L@c=\dimen120
\R@c=\dimen121
\Edge@c=\toks26
\X@p=\dimen122
\Y@p=\dimen123
\U@p=\dimen124
\D@p=\dimen125
\L@p=\dimen126
\R@p=\dimen127
\Edge@p=\toks27
\X@origin=\dimen128
\Y@origin=\dimen129
\X@xbase=\dimen130
\Y@xbase=\dimen131
\X@ybase=\dimen132
\Y@ybase=\dimen133
\X@min=\dimen134
\Y@min=\dimen135
\X@max=\dimen136
\Y@max=\dimen137
\lastobjectbox@=\box29
\zerodotbox@=\box30
\almostz@=\dimen138
 direction,
\d@X=\dimen139
\d@Y=\dimen140
\K@=\count99
\KK@=\count100
\Direction=\count101
\K@dXdY=\dimen141
\K@dYdX=\dimen142
\xyread@=\read1
\xywrite@=\write3
\csp@=\count102
\quotPTK@=\dimen143

utility macros; pictures: \xy, positions,
\swaptoks@@=\toks28
\connectobjectbox@@=\box31
 objects,
\styletoks@=\toks29
 decorations;
kernel objects: directionals, circles, text; options; algorithms: directions,
edges, connections;  Xy-pic loaded)
(/usr/share/texlive/texmf-dist/tex/generic/oberdiek/ifpdf.sty
Package: ifpdf 2017/03/15 v3.2 Provides the ifpdf switch
)
Package: xy 2013/10/06 Xy-pic version 3.8.9

(/usr/share/texlive/texmf-dist/tex/generic/xypic/xyall.tex
 Xy-pic option: All features v.3.8
(/usr/share/texlive/texmf-dist/tex/generic/xypic/xycurve.tex
 Xy-pic option: Curve and Spline extension v.3.12 curve,
\crv@cnt@=\count103
\crvpts@=\toks30
\splinebox@=\box32
\splineval@=\dimen144
\splinedepth@=\dimen145
\splinetol@=\dimen146
\splinelength@=\dimen147
 circles,
\L@=\dimen148
 loaded)
(/usr/share/texlive/texmf-dist/tex/generic/xypic/xyframe.tex
 Xy-pic option: Frame and Bracket extension v.3.14 loaded)
(/usr/share/texlive/texmf-dist/tex/generic/xypic/xycmtip.tex
 Xy-pic option: Computer Modern tip extension v.3.7
(/usr/share/texlive/texmf-dist/tex/generic/xypic/xytips.tex
 Xy-pic option: More Tips extension v.3.11 loaded) loaded)
(/usr/share/texlive/texmf-dist/tex/generic/xypic/xyline.tex
 Xy-pic option: Line styles extension v.3.10
\xylinethick@=\dimen149
 loaded)
(/usr/share/texlive/texmf-dist/tex/generic/xypic/xyrotate.tex
 Xy-pic option: Rotate and Scale extension v.3.8 loaded)
(/usr/share/texlive/texmf-dist/tex/generic/xypic/xycolor.tex
 Xy-pic option: Colour extension v.3.11 loaded)
(/usr/share/texlive/texmf-dist/tex/generic/xypic/xymatrix.tex
 Xy-pic option: Matrix feature v.3.14
\Row=\count104
\Col=\count105
\queue@=\toks31
\queue@@=\toks32
\qcount@=\count106
\qcount@@=\count107
\matrixsize@=\count108
 loaded)
(/usr/share/texlive/texmf-dist/tex/generic/xypic/xyarrow.tex
 Xy-pic option: Arrow and Path feature v.3.9 path, \ar, loaded)
(/usr/share/texlive/texmf-dist/tex/generic/xypic/xygraph.tex
 Xy-pic option: Graph feature v.3.11 loaded) loaded)
(/usr/share/texlive/texmf-dist/tex/generic/xypic/xypdf.tex
 Xy-pic option: PDF driver v.1.7 Xy-pic pdf driver: `color' extension support
(/usr/share/texlive/texmf-dist/tex/generic/xypic/xypdf-co.tex loaded)
Xy-pic pdf driver: `curve' extension support
(/usr/share/texlive/texmf-dist/tex/generic/xypic/xypdf-cu.tex loaded)
Xy-pic pdf driver: `frame' extension support
(/usr/share/texlive/texmf-dist/tex/generic/xypic/xypdf-fr.tex loaded)
Xy-pic pdf driver: `line' extension support
(/usr/share/texlive/texmf-dist/tex/generic/xypic/xypdf-li.tex loaded)
Xy-pic pdf driver: `rotate' extension support
(/usr/share/texlive/texmf-dist/tex/generic/xypic/xypdf-ro.tex loaded) loaded))
(/usr/share/texlive/texmf-dist/tex/latex/jknapltx/mathrsfs.sty
Package: mathrsfs 1996/01/01 Math RSFS package v1.0 (jk)
\symrsfs=\mathgroup6
)
(/usr/share/texlive/texmf-dist/tex/latex/graphics/color.sty
Package: color 2016/07/10 v1.1e Standard LaTeX Color (DPC)

(/usr/share/texlive/texmf-dist/tex/latex/graphics-cfg/color.cfg
File: color.cfg 2016/01/02 v1.6 sample color configuration
)
Package color Info: Driver file: pdftex.def on input line 147.
)
! Undefined control sequence.
l.24 \hypersetup
                {citecolor=BleuTresFonce, linkcolor=Chocolat}
The control sequence at the end of the top line
of your error message was never \def'ed. If you have
misspelled it (e.g., `\hobx'), type `I' and the correct
spelling (e.g., `I\hbox'). Otherwise just continue,
and I'll forget about whatever was undefined.


! LaTeX Error: Missing \begin{document}.

See the LaTeX manual or LaTeX Companion for explanation.
Type  H <return>  for immediate help.
 ...                                              
                                                  
l.24 \hypersetup{c
                  itecolor=BleuTresFonce, linkcolor=Chocolat}
You're in trouble here.  Try typing  <return>  to proceed.
If that doesn't work, type  X <return>  to quit.


Overfull \hbox (122.94463pt too wide) in paragraph at lines 24--26
[]\OT1/cmr/m/n/10 citecolor=BleuTresFonce,
 []


Overfull \hbox (19.72227pt too wide) in paragraph at lines 24--26
\OT1/cmr/m/n/10 link-
 []


Overfull \hbox (68.0835pt too wide) in paragraph at lines 24--26
\OT1/cmr/m/n/10 color=Chocolat
 []

\symrsfscript=\mathgroup7
(./extract.sty (/usr/share/texlive/texmf-dist/tex/latex/environ/environ.sty
Package: environ 2014/05/04 v0.3 A new way to define environments

(/usr/share/texlive/texmf-dist/tex/latex/trimspaces/trimspaces.sty
Package: trimspaces 2009/09/17 v1.1 Trim spaces around a token list
))
(/usr/share/texlive/texmf-dist/tex/latex/etextools/etextools.sty
Package: etextools 2010/12/07 v3.1415926 e-TeX more useful tools for LaTeX pack
age writers

(/usr/share/texlive/texmf-dist/tex/latex/etex-pkg/etex.sty
Package: etex 2016/08/01 v2.7 eTeX basic definition package (PEB,DPC)
\et@xins=\count109
)
(/usr/share/texlive/texmf-dist/tex/latex/etoolbox/etoolbox.sty
Package: etoolbox 2018/02/11 v2.5e e-TeX tools for LaTeX (JAW)
\etb@tempcnta=\count110
)
(/usr/share/texlive/texmf-dist/tex/latex/oberdiek/letltxmacro.sty
Package: letltxmacro 2016/05/16 v1.5 Let assignment for LaTeX macros (HO)
)
\ettl@fter=\count111
\ettl@for@nested=\count277
)
(/usr/share/texmf/tex/latex/preview/preview.sty
Package: preview 2017/04/24 11.91 (AUCTeX/preview-latex)

(/usr/share/texmf/tex/latex/preview/prtightpage.def
\PreviewBorder=\dimen150
)
\pr@snippet=\count112
\pr@box=\box33
\pr@output=\toks33
)
\c@propcounter=\count113
\mybox=\box34
)
\c@theorem=\count114
\c@lemma=\count115
\c@corollary=\count116
\c@conjecture=\count117
\c@question=\count118
\c@proposition=\count119
\c@definition=\count120

(source_extraction/results/1502.03280.aux)
\openout1 = `1502.03280.aux'.

LaTeX Font Info:    Checking defaults for OML/cmm/m/it on input line 177.
LaTeX Font Info:    ... okay on input line 177.
LaTeX Font Info:    Checking defaults for T1/cmr/m/n on input line 177.
LaTeX Font Info:    ... okay on input line 177.
LaTeX Font Info:    Checking defaults for OT1/cmr/m/n on input line 177.
LaTeX Font Info:    ... okay on input line 177.
LaTeX Font Info:    Checking defaults for OMS/cmsy/m/n on input line 177.
LaTeX Font Info:    ... okay on input line 177.
LaTeX Font Info:    Checking defaults for OMX/cmex/m/n on input line 177.
LaTeX Font Info:    ... okay on input line 177.
LaTeX Font Info:    Checking defaults for U/cmr/m/n on input line 177.
LaTeX Font Info:    ... okay on input line 177.
LaTeX Font Info:    Try loading font information for OT1+ptm on input line 177.


(/usr/share/texlive/texmf-dist/tex/latex/psnfss/ot1ptm.fd
File: ot1ptm.fd 2001/06/04 font definitions for OT1/ptm.
)
LaTeX Font Info:    Try loading font information for U+msa on input line 177.

(/usr/share/texlive/texmf-dist/tex/latex/amsfonts/umsa.fd
File: umsa.fd 2013/01/14 v3.01 AMS symbols A
)
LaTeX Font Info:    Try loading font information for U+msb on input line 177.

(/usr/share/texlive/texmf-dist/tex/latex/amsfonts/umsb.fd
File: umsb.fd 2013/01/14 v3.01 AMS symbols B
)
LaTeX Font Info:    Try loading font information for U+rsfs on input line 177.

(/usr/share/texlive/texmf-dist/tex/latex/jknapltx/ursfs.fd
File: ursfs.fd 1998/03/24 rsfs font definition file (jk)
)
(/usr/share/texlive/texmf-dist/tex/context/base/mkii/supp-pdf.mkii
[Loading MPS to PDF converter (version 2006.09.02).]
\scratchcounter=\count121
\scratchdimen=\dimen151
\scratchbox=\box35
\nofMPsegments=\count122
\nofMParguments=\count123
\everyMPshowfont=\toks34
\MPscratchCnt=\count124
\MPscratchDim=\dimen152
\MPnumerator=\count125
\makeMPintoPDFobject=\count126
\everyMPtoPDFconversion=\toks35
) (/usr/share/texlive/texmf-dist/tex/latex/oberdiek/epstopdf-base.sty
Package: epstopdf-base 2016/05/15 v2.6 Base part for package epstopdf

(/usr/share/texlive/texmf-dist/tex/generic/oberdiek/infwarerr.sty
Package: infwarerr 2016/05/16 v1.4 Providing info/warning/error messages (HO)
)
(/usr/share/texlive/texmf-dist/tex/latex/oberdiek/grfext.sty
Package: grfext 2016/05/16 v1.2 Manage graphics extensions (HO)

(/usr/share/texlive/texmf-dist/tex/generic/oberdiek/kvdefinekeys.sty
Package: kvdefinekeys 2016/05/16 v1.4 Define keys (HO)

(/usr/share/texlive/texmf-dist/tex/generic/oberdiek/ltxcmds.sty
Package: ltxcmds 2016/05/16 v1.23 LaTeX kernel commands for general use (HO)
)))
(/usr/share/texlive/texmf-dist/tex/latex/oberdiek/kvoptions.sty
Package: kvoptions 2016/05/16 v3.12 Key value format for package options (HO)

(/usr/share/texlive/texmf-dist/tex/generic/oberdiek/kvsetkeys.sty
Package: kvsetkeys 2016/05/16 v1.17 Key value parser (HO)

(/usr/share/texlive/texmf-dist/tex/generic/oberdiek/etexcmds.sty
Package: etexcmds 2016/05/16 v1.6 Avoid name clashes with e-TeX commands (HO)

(/usr/share/texlive/texmf-dist/tex/generic/oberdiek/ifluatex.sty
Package: ifluatex 2016/05/16 v1.4 Provides the ifluatex switch (HO)
Package ifluatex Info: LuaTeX not detected.
)
Package etexcmds Info: Could not find \expanded.
(etexcmds)             That can mean that you are not using pdfTeX 1.50 or
(etexcmds)             that some package has redefined \expanded.
(etexcmds)             In the latter case, load this package earlier.
)))
(/usr/share/texlive/texmf-dist/tex/generic/oberdiek/pdftexcmds.sty
Package: pdftexcmds 2018/01/21 v0.26 Utility functions of pdfTeX for LuaTeX (HO
)
Package pdftexcmds Info: LuaTeX not detected.
Package pdftexcmds Info: \pdf@primitive is available.
Package pdftexcmds Info: \pdf@ifprimitive is available.
Package pdftexcmds Info: \pdfdraftmode found.
)
Package epstopdf-base Info: Redefining graphics rule for `.eps' on input line 4
38.
Package grfext Info: Graphics extension search list:
(grfext)             [.pdf,.png,.jpg,.mps,.jpeg,.jbig2,.jb2,.PDF,.PNG,.JPG,.JPE
G,.JBIG2,.JB2,.eps]
(grfext)             \AppendGraphicsExtensions on input line 456.

(/usr/share/texlive/texmf-dist/tex/latex/latexconfig/epstopdf-sys.cfg
File: epstopdf-sys.cfg 2010/07/13 v1.3 Configuration of (r)epstopdf for TeX Liv
e
))
Package xypdf Info: Line width: 0.39998pt on input line 177.

Preview: Fontsize 10pt
Preview: PDFoutput 1
LaTeX Font Info:    Font shape `OT1/ptm/bx/n' in size <10> not available
(Font)              Font shape `OT1/ptm/b/n' tried instead on input line 210.
(source_extraction/results/1502.03280.toc)
\tf@toc=\write4
\openout4 = `1502.03280.toc'.


Preview: Tightpage -32891 -32891 32891 32891
[1{/var/lib/texmf/fonts/map/pdftex/updmap/pdftex.map}]
Overfull \hbox (12.0pt too wide) in paragraph at lines 238--238
[][] 
 []

[2]
Overfull \vbox (343.5019pt too high) has occurred while \output is active []


[3]
Overfull \hbox (12.0pt too wide) in paragraph at lines 275--275
[][] 
 []


LaTeX Warning: Reference `subsec:InfAction' on page 2 undefined on input line 2
79.


LaTeX Warning: Reference `sec:DefAssoc' on page 2 undefined on input line 279.


LaTeX Warning: Reference `subsec:ExKoszulAlg' on page 2 undefined on input line
 279.


LaTeX Warning: Reference `sec:DefPreLie' on page 2 undefined on input line 279.



LaTeX Warning: Reference `sec:HomoAlgOp' on page 2 undefined on input line 280.



LaTeX Warning: Reference `sec:HoDiagOP' on page 2 undefined on input line 280.


LaTeX Warning: Reference `sec:HoTriv' on page 2 undefined on input line 280.


LaTeX Warning: Reference `subsec:HTT' on page 2 undefined on input line 280.


Underfull \hbox (badness 10000) in paragraph at lines 288--289

 []

LaTeX Font Info:    Try loading font information for U+euf on input line 291.
(/usr/share/texlive/texmf-dist/tex/latex/amsfonts/ueuf.fd
File: ueuf.fd 2013/01/14 v3.01 Euler Fraktur
)
Missing character: There is no Ê in font cmr10!

Overfull \hbox (6.92186pt too wide) detected at line 324
\OML/cmm/m/it/10 ^^N \OT1/cmr/m/n/10 + [] = \OML/cmm/m/it/10 e[]\OT1/cmr/m/n/10
 (\OML/cmm/m/it/10 ^^N \OT1/cmr/m/n/10 + []) = \OML/cmm/m/it/10 e[]\OT1/cmr/m/n
/10 (\OML/cmm/m/it/10 ^^N\OT1/cmr/m/n/10 ) + \OML/cmm/m/it/10 e[]\OT1/cmr/m/n/1
0 ([]) = \OML/cmm/m/it/10 ^^N \OT1/cmr/m/n/10 + (\OML/cmm/m/it/10 e[] \OMS/cmsy
/m/n/10 ^^@ []\OT1/cmr/m/n/10 )(\OML/cmm/m/it/10 ^^N\OT1/cmr/m/n/10 ) + \OML/cm
m/m/it/10 e[]\OT1/cmr/m/n/10 ([]) = \OML/cmm/m/it/10 ^^N \OT1/cmr/m/n/10 + [] \
OML/cmm/m/it/10 :
 []


Underfull \hbox (badness 10000) in paragraph at lines 327--328

 []


Overfull \hbox (2.1915pt too wide) in paragraph at lines 329--332
[]\OT1/ptm/m/n/10 Suppose that the dg Lie al-ge-bra $\U/euf/m/n/10 g \OT1/cmr/m
/n/10 = (\OML/cmm/m/it/10 g; d; \OT1/cmr/m/n/10 [ \OML/cmm/m/it/10 ; \OT1/cmr/m
/n/10 ])$ \OT1/ptm/m/n/10 comes from a uni-tal dg as-so-cia-tive al-ge-bra $\U/
euf/m/n/10 a \OT1/cmr/m/n/10 = (\OML/cmm/m/it/10 A; d; ?; \OT1/cmr/m/n/10 1)$
 []


LaTeX Warning: Reference `subsec:InfAction' on page 3 undefined on input line 3
72.

[4]
Overfull \hbox (12.0pt too wide) in paragraph at lines 372--372
[][] 
 []


Underfull \hbox (badness 10000) in paragraph at lines 390--391

 []

<xymatrix 2x1 96> [5]
Overfull \hbox (12.0pt too wide) in paragraph at lines 428--428
[][] 
 []

Missing character: There is no Ê in font cmr10!
[6]
Overfull \hbox (12.0pt too wide) in paragraph at lines 456--456
[][] 
 []


Underfull \hbox (badness 10000) in paragraph at lines 469--470

 []


Overfull \hbox (1.13011pt too wide) in alignment at lines 481--486
 [][][] []
 []

[7]
Overfull \hbox (12.0pt too wide) in paragraph at lines 501--501
[][] 
 []


Underfull \hbox (badness 10000) in paragraph at lines 526--528

 []


LaTeX Warning: Reference `eqn:weight' on page 7 undefined on input line 549.

[8]
Overfull \hbox (12.0pt too wide) in paragraph at lines 549--549
[][] 
 []

<xymatrix 1x2 44> <xymatrix 3x3 136> <xymatrix 3x4 322> <xymatrix 3x4 322>
<xymatrix 3x4 322> <xymatrix 3x2 142> <xymatrix 4x2 170> [9]
Overfull \hbox (12.0pt too wide) in paragraph at lines 637--637
[][] 
 []

[10]
Overfull \hbox (12.0pt too wide) in paragraph at lines 646--646
[][] 
 []

[11]
Overfull \hbox (12.0pt too wide) in paragraph at lines 659--659
[][] 
 []


LaTeX Warning: Reference `eqn:weight' on page 9 undefined on input line 676.

[12]
Overfull \hbox (12.0pt too wide) in paragraph at lines 676--676
[][] 
 []

<xymatrix 1x2 44>

LaTeX Warning: Reference `subsec:InfAction' on page 10 undefined on input line 
704.

[13]
Overfull \hbox (12.0pt too wide) in paragraph at lines 704--704
[][] 
 []

<xymatrix 4x2 184> <xymatrix 4x3 234> <xymatrix 3x2 142>

LaTeX Warning: Reference `eqn:Prelie1' on page 10 undefined on input line 789.


LaTeX Warning: Reference `eqn:Prelie1' on page 10 undefined on input line 789.


LaTeX Warning: Reference `eqn:Prelie1' on page 11 undefined on input line 789.


LaTeX Warning: Reference `eqn:Prelie2' on page 11 undefined on input line 789.


Underfull \hbox (badness 10000) in paragraph at lines 794--796

 []


Underfull \hbox (badness 10000) in paragraph at lines 823--826

 []

[14]
Overfull \hbox (335.05644pt too wide) in paragraph at lines 827--836
[]\OT1/ptm/m/n/10 In this pre-Lie al-ge-bra, the cir-cle prod-uct ad-mits the f
ol-low-ing closed de-scrip-tion. [] 
 []

[15]
Overfull \hbox (12.0pt too wide) in paragraph at lines 878--878
[][] 
 []

LaTeX Font Info:    Try loading font information for OT1+phv on input line 896.

(/usr/share/texlive/texmf-dist/tex/latex/psnfss/ot1phv.fd
File: ot1phv.fd 2001/06/04 scalable font definitions for OT1/phv.
)
LaTeX Font Info:    Font shape `OT1/phv/m/it' in size <10> not available
(Font)              Font shape `OT1/phv/m/sl' tried instead on input line 896.
 [16]
Overfull \hbox (12.0pt too wide) in paragraph at lines 896--896
[][] 
 []

[17]
Overfull \hbox (12.0pt too wide) in paragraph at lines 930--930
[][] 
 []


Underfull \vbox (badness 3417) has occurred while \output is active []

 [18]
Overfull \hbox (12.0pt too wide) in paragraph at lines 942--942
[][] 
 []

[19]
Overfull \hbox (12.0pt too wide) in paragraph at lines 953--953
[][] 
 []

<xymatrix
Missing character: There is no Ê in font cmr10!
 2x2
Missing character: There is no Ê in font cmr10!
Missing character: There is no Ê in font cmr10!
 186> <xymatrix
Missing character: There is no Ê in font cmr10!
 3x3
Missing character: There is no Ê in font cmr10!
Missing character: There is no Ê in font cmr10!
 364> <xymatrix 3x1 89> [20]
Overfull \hbox (12.0pt too wide) in paragraph at lines 990--990
[][] 
 []

[21]
Overfull \hbox (12.0pt too wide) in paragraph at lines 998--998
[][] 
 []

<xymatrix
Missing character: There is no Ê in font cmr10!
 3x3
Missing character: There is no Ê in font cmr10!
Missing character: There is no Ê in font cmr10!
 445> <xymatrix 4x1 150> <xymatrix 2x1 58> [22]
Overfull \hbox (12.0pt too wide) in paragraph at lines 1025--1025
[][] 
 []

<xymatrix 3x1 90> [23]
Overfull \hbox (12.0pt too wide) in paragraph at lines 1036--1036
[][] 
 []

[24]
Overfull \hbox (12.0pt too wide) in paragraph at lines 1042--1042
[][] 
 []

<xymatrix 2x2 168> <xymatrix 2x2 168> <xymatrix 2x2 210> [25]
Overfull \hbox (12.0pt too wide) in paragraph at lines 1080--1080
[][] 
 []

[26]
Overfull \hbox (12.0pt too wide) in paragraph at lines 1101--1101
[][] 
 []

[27]
Overfull \hbox (12.0pt too wide) in paragraph at lines 1106--1106
[][] 
 []

[28]
Overfull \hbox (12.0pt too wide) in paragraph at lines 1110--1110
[][] 
 []

<xymatrix 4x3 331> [29]
Overfull \hbox (12.0pt too wide) in paragraph at lines 1144--1144
[][] 
 []

[30]
Overfull \hbox (12.0pt too wide) in paragraph at lines 1178--1178
[][] 
 []


Underfull \hbox (badness 10000) in paragraph at lines 1210--1211

 []

<xymatrix 2x1 159>
Underfull \hbox (badness 10000) in paragraph at lines 1231--1233

 []


Underfull \hbox (badness 10000) in paragraph at lines 1255--1259

 []

[31]
Overfull \hbox (12.0pt too wide) in paragraph at lines 1292--1292
[][] 
 []

Missing character: There is no Ê in font cmr10!
[32]
Overfull \hbox (12.0pt too wide) in paragraph at lines 1317--1317
[][] 
 []

[33]
Overfull \hbox (12.0pt too wide) in paragraph at lines 1371--1371
[][] 
 []

[34]
Overfull \hbox (12.0pt too wide) in paragraph at lines 1382--1382
[][] 
 []


Package amsmath Warning: Foreign command \atop;
(amsmath)                \frac or \genfrac should be used instead
(amsmath)                 on input line 1465.


Overfull \hbox (5.78111pt too wide) in paragraph at lines 1465--1465
\OT1/ptm/m/n/10 sum-mands in $\OML/cmm/m/it/10 h[]$ \OT1/ptm/m/n/10 and $\OML/c
mm/m/it/10 h[]$ \OT1/ptm/m/n/10 cor-re-spond-ing to the par-ti-tions $\OT1/cmr/
m/n/10 [\OML/cmm/m/it/10 p\OT1/cmr/m/n/10 ] = \OML/cmm/m/it/10 I[] \OMS/cmsy/m/
n/10 t \OML/cmm/m/it/10 P[] \OMS/cmsy/m/n/10 t \OML/cmm/m/it/10 H[]$ \OT1/ptm/m
/n/10 and $\OT1/cmr/m/n/10 [\OML/cmm/m/it/10 n\OT1/cmr/m/n/10 ] = \OML/cmm/m/it
/10 I[] \OMS/cmsy/m/n/10 t \OML/cmm/m/it/10 P[] \OMS/cmsy/m/n/10 t \OML/cmm/m/i
t/10 H[]$\OT1/ptm/m/n/10 .
 []


LaTeX Warning: Reference `eq:h-newdefinition' on page 23 undefined on input lin
e 1465.


LaTeX Warning: Reference `eq:1st-combinatorial' on page 23 undefined on input l
ine 1465.


Overfull \hbox (8.72351pt too wide) in paragraph at lines 1465--1465
[]\OT1/ptm/m/n/10 Then we can com-pute, in ex-actly the same way, the co-ef-fi-
cient of $[][]\OML/cmm/m/it/10 ^^Y[]h[] \OMS/cmsy/m/n/10 
 [][]\OML/cmm/m/it/10 ^^Y[]h[]$
 []


LaTeX Warning: Reference `eq:2nd-combinatorial' on page 24 undefined on input l
ine 1465.


LaTeX Warning: Reference `eq:1st-summand' on page 24 undefined on input line 14
65.


LaTeX Warning: Reference `eq:2nd-summand' on page 24 undefined on input line 14
65.


LaTeX Warning: Reference `eq:full-coefficient' on page 24 undefined on input li
ne 1465.

<xymatrix 8x7 872> <xymatrix 7x4 434>

LaTeX Warning: Reference `App:Comb' on page 24 undefined on input line 1620.

<xymatrix 8x7 906> <xymatrix 5x6 566> <xymatrix 5x6 498>
Underfull \vbox (badness 2653) has occurred while \output is active []

 <xymatrix
6x6 662> <xymatrix 6x6 660> <xymatrix 6x6 668> <xymatrix 5x6 430> [35]
Overfull \hbox (12.0pt too wide) in paragraph at lines 1635--1635
[][] 
 []


Underfull \hbox (badness 10000) in paragraph at lines 1664--1667

 []

<xymatrix 2x3 260> <xymatrix 2x1 10> [36]
Overfull \hbox (12.0pt too wide) in paragraph at lines 1687--1687
[][] 
 []


Underfull \vbox (badness 10000) has occurred while \output is active []

 [37]
Overfull \hbox (12.0pt too wide) in paragraph at lines 1737--1737
[][] 
 []

[38]
Overfull \hbox (12.0pt too wide) in paragraph at lines 1749--1749
[][] 
 []


LaTeX Warning: Reference `subsec:HTT' on page 29 undefined on input line 1802.


Underfull \hbox (badness 10000) in paragraph at lines 1802--1803

 []

[39]
Overfull \hbox (12.0pt too wide) in paragraph at lines 1807--1807
[][] 
 []

<xymatrix 4x4 482> [40]
Overfull \hbox (12.0pt too wide) in paragraph at lines 1820--1820
[][] 
 []

[41]
Overfull \hbox (12.0pt too wide) in paragraph at lines 1827--1827
[][] 
 []

<xymatrix 5x5 638>
Underfull \vbox (badness 5607) has occurred while \output is active []

LaTeX Font Info:    Font shape `OT1/ptm/bx/n' in size <8> not available
(Font)              Font shape `OT1/ptm/b/n' tried instead on input line 1900.
LaTeX Font Info:    Try loading font information for OT1+pcr on input line 1993
.

(/usr/share/texlive/texmf-dist/tex/latex/psnfss/ot1pcr.fd
File: ot1pcr.fd 2001/06/04 font definitions for OT1/pcr.
)
Underfull \hbox (badness 10000) in paragraph at lines 2006--2008
[][]\OT1/ptm/m/n/8 , \OT1/ptm/m/it/8 Al-ge-braic back-ground for nu-mer-i-cal m
eth-ods, con-trol the-ory and renor-mal-iza-tion\OT1/ptm/m/n/8 , 2015,
 []


Underfull \vbox (badness 10000) has occurred while \output is active []


(source_extraction/results/1502.03280.aux)

LaTeX Warning: There were undefined references.

 ) 
Here is how much of TeX's memory you used:
 7131 strings out of 494260
 90374 string characters out of 6168642
 279181 words of memory out of 5000000
 10126 multiletter control sequences out of 15000+600000
 36799 words of font info for 98 fonts, out of 8000000 for 9000
 658 hyphenation exceptions out of 8191
 41i,22n,38p,3268b,824s stack positions out of 5000i,500n,10000p,200000b,80000s
{/usr/share/texlive/texmf-dist/fonts/enc/dvips/base/8r.enc}</usr/share/texliv
e/texmf-dist/fonts/type1/public/amsfonts/cm/cmex10.pfb></usr/share/texlive/texm
f-dist/fonts/type1/public/amsfonts/cm/cmmi10.pfb></usr/share/texlive/texmf-dist
/fonts/type1/public/amsfonts/cm/cmmi5.pfb></usr/share/texlive/texmf-dist/fonts/
type1/public/amsfonts/cm/cmmi7.pfb></usr/share/texlive/texmf-dist/fonts/type1/p
ublic/amsfonts/cm/cmr10.pfb></usr/share/texlive/texmf-dist/fonts/type1/public/a
msfonts/cm/cmr5.pfb></usr/share/texlive/texmf-dist/fonts/type1/public/amsfonts/
cm/cmr7.pfb></usr/share/texlive/texmf-dist/fonts/type1/public/amsfonts/cm/cmss1
0.pfb></usr/share/texlive/texmf-dist/fonts/type1/public/amsfonts/cm/cmss8.pfb><
/usr/share/texlive/texmf-dist/fonts/type1/public/amsfonts/cm/cmsy10.pfb></usr/s
hare/texlive/texmf-dist/fonts/type1/public/amsfonts/cm/cmsy5.pfb></usr/share/te
xlive/texmf-dist/fonts/type1/public/amsfonts/cm/cmsy7.pfb></usr/share/texlive/t
exmf-dist/fonts/type1/public/amsfonts/euler/eufm10.pfb></usr/share/texlive/texm
f-dist/fonts/type1/public/amsfonts/symbols/msam10.pfb></usr/share/texlive/texmf
-dist/fonts/type1/public/amsfonts/symbols/msam7.pfb></usr/share/texlive/texmf-d
ist/fonts/type1/public/amsfonts/symbols/msbm10.pfb></usr/share/texlive/texmf-di
st/fonts/type1/public/amsfonts/symbols/msbm7.pfb></usr/share/texlive/texmf-dist
/fonts/type1/urw/helvetic/uhvro8a.pfb></usr/share/texlive/texmf-dist/fonts/type
1/urw/times/utmb8a.pfb></usr/share/texlive/texmf-dist/fonts/type1/urw/times/utm
r8a.pfb></usr/share/texlive/texmf-dist/fonts/type1/urw/times/utmri8a.pfb></usr/
share/texlive/texmf-dist/fonts/type1/public/xypic/xyatip10.pfb></usr/share/texl
ive/texmf-dist/fonts/type1/public/xypic/xybtip10.pfb>
Output written on source_extraction/results/1502.03280.pdf (41 pages, 227661 by
tes).
PDF statistics:
 231 PDF objects out of 1000 (max. 8388607)
 163 compressed objects within 2 object streams
 0 named destinations out of 1000 (max. 500000)
 1 words of extra memory for PDF output out of 10000 (max. 10000000)

