This is pdfTeX, Version 3.14159265-2.6-1.40.18 (TeX Live 2017/Debian) (preloaded format=pdflatex 2018.11.16)  29 NOV 2018 14:49
entering extended mode
 restricted \write18 enabled.
 %&-line parsing enabled.
**source_extraction/results/1505.02280.tex
(./source_extraction/results/1505.02280.tex
LaTeX2e <2017-04-15>
Babel <3.18> and hyphenation patterns for 20 language(s) loaded.
(/usr/share/texlive/texmf-dist/tex/latex/base/article.cls
Document Class: article 2014/09/29 v1.4h Standard LaTeX document class
(/usr/share/texlive/texmf-dist/tex/latex/base/size10.clo
File: size10.clo 2014/09/29 v1.4h Standard LaTeX file (size option)
)
\c@part=\count79
\c@section=\count80
\c@subsection=\count81
\c@subsubsection=\count82
\c@paragraph=\count83
\c@subparagraph=\count84
\c@figure=\count85
\c@table=\count86
\abovecaptionskip=\skip41
\belowcaptionskip=\skip42
\bibindent=\dimen102
)
(/usr/share/texlive/texmf-dist/tex/latex/amsfonts/amssymb.sty
Package: amssymb 2013/01/14 v3.01 AMS font symbols

(/usr/share/texlive/texmf-dist/tex/latex/amsfonts/amsfonts.sty
Package: amsfonts 2013/01/14 v3.01 Basic AMSFonts support
\@emptytoks=\toks14
\symAMSa=\mathgroup4
\symAMSb=\mathgroup5
LaTeX Font Info:    Overwriting math alphabet `\mathfrak' in version `bold'
(Font)                  U/euf/m/n --> U/euf/b/n on input line 106.
))
(/usr/share/texlive/texmf-dist/tex/latex/amscls/amsthm.sty
Package: amsthm 2017/10/31 v2.20.4
\thm@style=\toks15
\thm@bodyfont=\toks16
\thm@headfont=\toks17
\thm@notefont=\toks18
\thm@headpunct=\toks19
\thm@preskip=\skip43
\thm@postskip=\skip44
\thm@headsep=\skip45
\dth@everypar=\toks20
)
(/usr/share/texlive/texmf-dist/tex/latex/amsmath/amsmath.sty
Package: amsmath 2017/09/02 v2.17a AMS math features
\@mathmargin=\skip46

For additional information on amsmath, use the `?' option.
(/usr/share/texlive/texmf-dist/tex/latex/amsmath/amstext.sty
Package: amstext 2000/06/29 v2.01 AMS text

(/usr/share/texlive/texmf-dist/tex/latex/amsmath/amsgen.sty
File: amsgen.sty 1999/11/30 v2.0 generic functions
\@emptytoks=\toks21
\ex@=\dimen103
))
(/usr/share/texlive/texmf-dist/tex/latex/amsmath/amsbsy.sty
Package: amsbsy 1999/11/29 v1.2d Bold Symbols
\pmbraise@=\dimen104
)
(/usr/share/texlive/texmf-dist/tex/latex/amsmath/amsopn.sty
Package: amsopn 2016/03/08 v2.02 operator names
)
\inf@bad=\count87
LaTeX Info: Redefining \frac on input line 213.
\uproot@=\count88
\leftroot@=\count89
LaTeX Info: Redefining \overline on input line 375.
\classnum@=\count90
\DOTSCASE@=\count91
LaTeX Info: Redefining \ldots on input line 472.
LaTeX Info: Redefining \dots on input line 475.
LaTeX Info: Redefining \cdots on input line 596.
\Mathstrutbox@=\box26
\strutbox@=\box27
\big@size=\dimen105
LaTeX Font Info:    Redeclaring font encoding OML on input line 712.
LaTeX Font Info:    Redeclaring font encoding OMS on input line 713.
\macc@depth=\count92
\c@MaxMatrixCols=\count93
\dotsspace@=\muskip10
\c@parentequation=\count94
\dspbrk@lvl=\count95
\tag@help=\toks22
\row@=\count96
\column@=\count97
\maxfields@=\count98
\andhelp@=\toks23
\eqnshift@=\dimen106
\alignsep@=\dimen107
\tagshift@=\dimen108
\tagwidth@=\dimen109
\totwidth@=\dimen110
\lineht@=\dimen111
\@envbody=\toks24
\multlinegap=\skip47
\multlinetaggap=\skip48
\mathdisplay@stack=\toks25
LaTeX Info: Redefining \[ on input line 2817.
LaTeX Info: Redefining \] on input line 2818.
)
(/usr/share/texlive/texmf-dist/tex/latex/tools/enumerate.sty
Package: enumerate 2015/07/23 v3.00 enumerate extensions (DPC)
\@enLab=\toks26
)
(/usr/share/texlive/texmf-dist/tex/latex/oberdiek/pdflscape.sty
Package: pdflscape 2016/05/14 v0.11 Display of landscape pages in PDF (HO)

(/usr/share/texlive/texmf-dist/tex/latex/graphics/lscape.sty
Package: lscape 2000/10/22 v3.01 Landscape Pages (DPC)

(/usr/share/texlive/texmf-dist/tex/latex/graphics/graphics.sty
Package: graphics 2017/06/25 v1.2c Standard LaTeX Graphics (DPC,SPQR)

(/usr/share/texlive/texmf-dist/tex/latex/graphics/trig.sty
Package: trig 2016/01/03 v1.10 sin cos tan (DPC)
)
(/usr/share/texlive/texmf-dist/tex/latex/graphics-cfg/graphics.cfg
File: graphics.cfg 2016/06/04 v1.11 sample graphics configuration
)
Package graphics Info: Driver file: pdftex.def on input line 99.

(/usr/share/texlive/texmf-dist/tex/latex/graphics-def/pdftex.def
File: pdftex.def 2018/01/08 v1.0l Graphics/color driver for pdftex
)))
(/usr/share/texlive/texmf-dist/tex/generic/oberdiek/ifpdf.sty
Package: ifpdf 2017/03/15 v3.2 Provides the ifpdf switch
)
Package pdflscape Info: Auto-detected driver: pdftex on input line 81.

(/usr/share/texlive/texmf-dist/tex/generic/ifxetex/ifxetex.sty
Package: ifxetex 2010/09/12 v0.6 Provides ifxetex conditional
))
(/usr/share/texlive/texmf-dist/tex/latex/capt-of/capt-of.sty
Package: capt-of 2009/12/29 v0.2 standard captions outside of floats
)
(/usr/share/texlive/texmf-dist/tex/latex/pbox/pbox.sty
Package: pbox 2011/12/07 v1.2 Dynamic parboxes

(/usr/share/texlive/texmf-dist/tex/latex/tools/calc.sty
Package: calc 2014/10/28 v4.3 Infix arithmetic (KKT,FJ)
\calc@Acount=\count99
\calc@Bcount=\count100
\calc@Adimen=\dimen112
\calc@Bdimen=\dimen113
\calc@Askip=\skip49
\calc@Bskip=\skip50
LaTeX Info: Redefining \setlength on input line 80.
LaTeX Info: Redefining \addtolength on input line 81.
\calc@Ccount=\count101
\calc@Cskip=\skip51
)
(/usr/share/texlive/texmf-dist/tex/latex/base/ifthen.sty
Package: ifthen 2014/09/29 v1.1c Standard LaTeX ifthen package (DPC)
)
\pb@xlen=\skip52
)
(/usr/share/texlive/texmf-dist/tex/latex/geometry/geometry.sty
Package: geometry 2010/09/12 v5.6 Page Geometry

(/usr/share/texlive/texmf-dist/tex/latex/graphics/keyval.sty
Package: keyval 2014/10/28 v1.15 key=value parser (DPC)
\KV@toks@=\toks27
)
(/usr/share/texlive/texmf-dist/tex/generic/oberdiek/ifvtex.sty
Package: ifvtex 2016/05/16 v1.6 Detect VTeX and its facilities (HO)
Package ifvtex Info: VTeX not detected.
)
\Gm@cnth=\count102
\Gm@cntv=\count103
\c@Gm@tempcnt=\count104
\Gm@bindingoffset=\dimen114
\Gm@wd@mp=\dimen115
\Gm@odd@mp=\dimen116
\Gm@even@mp=\dimen117
\Gm@layoutwidth=\dimen118
\Gm@layoutheight=\dimen119
\Gm@layouthoffset=\dimen120
\Gm@layoutvoffset=\dimen121
\Gm@dimlist=\toks28
)
! Undefined control sequence.
<recently read> \hypersetup 
                            
l.12 \hypersetup
                {
The control sequence at the end of the top line
of your error message was never \def'ed. If you have
misspelled it (e.g., `\hobx'), type `I' and the correct
spelling (e.g., `I\hbox'). Otherwise just continue,
and I'll forget about whatever was undefined.


! LaTeX Error: Missing \begin{document}.

See the LaTeX manual or LaTeX Companion for explanation.
Type  H <return>  for immediate help.
 ...                                              
                                                  
l.13          b
               ookmarks=true   % show bookmarks bar?
You're in trouble here.  Try typing  <return>  to proceed.
If that doesn't work, type  X <return>  to quit.

! Missing $ inserted.
<inserted text> 
                $
l.19     pdftitle={removal_
                           lemma},    % title
I've inserted a begin-math/end-math symbol since I think
you left one out. Proceed, with fingers crossed.

LaTeX Font Info:    Try loading font information for U+msa on input line 19.
(/usr/share/texlive/texmf-dist/tex/latex/amsfonts/umsa.fd
File: umsa.fd 2013/01/14 v3.01 AMS symbols A
)
LaTeX Font Info:    Try loading font information for U+msb on input line 19.

(/usr/share/texlive/texmf-dist/tex/latex/amsfonts/umsb.fd
File: umsb.fd 2013/01/14 v3.01 AMS symbols B
)
! Extra }, or forgotten $.
l.19     pdftitle={removal_lemma}
                                 ,    % title
I've deleted a group-closing symbol because it seems to be
spurious, as in `$x}$'. But perhaps the } is legitimate and
you forgot something else, as in `\hbox{$x}'. In such cases
the way to recover is to insert both the forgotten and the
deleted material, e.g., by typing `I$}'.

! Extra }, or forgotten $.
l.31 }
      
I've deleted a group-closing symbol because it seems to be
spurious, as in `$x}$'. But perhaps the } is legitimate and
you forgot something else, as in `\hbox{$x}'. In such cases
the way to recover is to insert both the forgotten and the
deleted material, e.g., by typing `I$}'.

! Missing $ inserted.
<inserted text> 
                $
l.32 
     
I've inserted a begin-math/end-math symbol since I think
you left one out. Proceed, with fingers crossed.


Overfull \hbox (93.92465pt too wide) in paragraph at lines 13--32
\OT1/cmr/m/n/10 fitwin-dow=false, pdf-s-tartview=FitH, pdftitle=removal$[]\OML/
cmm/m/it/10 emma; pdfauthor \OT1/cmr/m/n/10 = []\OML/cmm/m/it/10 ; pdfsubject \
OT1/cmr/m/n/10 =
 []


Overfull \hbox (1.29462pt too wide) in paragraph at lines 13--32
[]\OML/cmm/m/it/10 ; pdfcreator \OT1/cmr/m/n/10 = []\OML/cmm/m/it/10 ; pdfprodu
cer \OT1/cmr/m/n/10 = []\OML/cmm/m/it/10 ; pdfkeywords \OT1/cmr/m/n/10 =
 []


Overfull \hbox (48.36478pt too wide) in paragraph at lines 13--32
[]\OML/cmm/m/it/10 ; pdfnewwindow \OT1/cmr/m/n/10 = \OML/cmm/m/it/10 true; colo
rlinks \OT1/cmr/m/n/10 = \OML/cmm/m/it/10 true; linkcolor \OT1/cmr/m/n/10 = \OM
L/cmm/m/it/10 blue; citecolor \OT1/cmr/m/n/10 = \OML/cmm/m/it/10 black; filecol
or \OT1/cmr/m/n/10 =
 []

(/usr/share/texlive/texmf-dist/tex/latex/url/url.sty
\Urlmuskip=\muskip11
Package: url 2013/09/16  ver 3.4  Verb mode for urls, etc.
)
(/usr/share/texlive/texmf-dist/tex/latex/todonotes/todonotes.sty
Package: todonotes 2015/07/09 .dtx Todonotes source and documentation.
Package: todonotes 2012/07/25

(/usr/share/texlive/texmf-dist/tex/latex/xkeyval/xkeyval.sty
Package: xkeyval 2014/12/03 v2.7a package option processing (HA)

(/usr/share/texlive/texmf-dist/tex/generic/xkeyval/xkeyval.tex
(/usr/share/texlive/texmf-dist/tex/generic/xkeyval/xkvutils.tex
\XKV@toks=\toks29
\XKV@tempa@toks=\toks30
)
\XKV@depth=\count105
File: xkeyval.tex 2014/12/03 v2.7a key=value parser (HA)
))
(/usr/share/texlive/texmf-dist/tex/latex/xcolor/xcolor.sty
Package: xcolor 2016/05/11 v2.12 LaTeX color extensions (UK)

(/usr/share/texlive/texmf-dist/tex/latex/graphics-cfg/color.cfg
File: color.cfg 2016/01/02 v1.6 sample color configuration
)
Package xcolor Info: Driver file: pdftex.def on input line 225.
Package xcolor Info: Model `cmy' substituted by `cmy0' on input line 1348.
Package xcolor Info: Model `hsb' substituted by `rgb' on input line 1352.
Package xcolor Info: Model `RGB' extended on input line 1364.
Package xcolor Info: Model `HTML' substituted by `rgb' on input line 1366.
Package xcolor Info: Model `Hsb' substituted by `hsb' on input line 1367.
Package xcolor Info: Model `tHsb' substituted by `hsb' on input line 1368.
Package xcolor Info: Model `HSB' substituted by `hsb' on input line 1369.
Package xcolor Info: Model `Gray' substituted by `gray' on input line 1370.
Package xcolor Info: Model `wave' substituted by `hsb' on input line 1371.
)
(/usr/share/texlive/texmf-dist/tex/latex/pgf/frontendlayer/tikz.sty
(/usr/share/texlive/texmf-dist/tex/latex/pgf/basiclayer/pgf.sty
(/usr/share/texlive/texmf-dist/tex/latex/pgf/utilities/pgfrcs.sty
(/usr/share/texlive/texmf-dist/tex/generic/pgf/utilities/pgfutil-common.tex
\pgfutil@everybye=\toks31
\pgfutil@tempdima=\dimen122
\pgfutil@tempdimb=\dimen123

(/usr/share/texlive/texmf-dist/tex/generic/pgf/utilities/pgfutil-common-lists.t
ex)) (/usr/share/texlive/texmf-dist/tex/generic/pgf/utilities/pgfutil-latex.def
\pgfutil@abb=\box28
(/usr/share/texlive/texmf-dist/tex/latex/ms/everyshi.sty
Package: everyshi 2001/05/15 v3.00 EveryShipout Package (MS)
))
(/usr/share/texlive/texmf-dist/tex/generic/pgf/utilities/pgfrcs.code.tex
Package: pgfrcs 2015/08/07 v3.0.1a (rcs-revision 1.31)
))
Package: pgf 2015/08/07 v3.0.1a (rcs-revision 1.15)

(/usr/share/texlive/texmf-dist/tex/latex/pgf/basiclayer/pgfcore.sty
(/usr/share/texlive/texmf-dist/tex/latex/graphics/graphicx.sty
Package: graphicx 2017/06/01 v1.1a Enhanced LaTeX Graphics (DPC,SPQR)
\Gin@req@height=\dimen124
\Gin@req@width=\dimen125
)
(/usr/share/texlive/texmf-dist/tex/latex/pgf/systemlayer/pgfsys.sty
(/usr/share/texlive/texmf-dist/tex/generic/pgf/systemlayer/pgfsys.code.tex
Package: pgfsys 2014/07/09 v3.0.1a (rcs-revision 1.48)

(/usr/share/texlive/texmf-dist/tex/generic/pgf/utilities/pgfkeys.code.tex
\pgfkeys@pathtoks=\toks32
\pgfkeys@temptoks=\toks33

(/usr/share/texlive/texmf-dist/tex/generic/pgf/utilities/pgfkeysfiltered.code.t
ex
\pgfkeys@tmptoks=\toks34
))
\pgf@x=\dimen126
\pgf@y=\dimen127
\pgf@xa=\dimen128
\pgf@ya=\dimen129
\pgf@xb=\dimen130
\pgf@yb=\dimen131
\pgf@xc=\dimen132
\pgf@yc=\dimen133
\w@pgf@writea=\write3
\r@pgf@reada=\read1
\c@pgf@counta=\count106
\c@pgf@countb=\count107
\c@pgf@countc=\count108
\c@pgf@countd=\count109
\t@pgf@toka=\toks35
\t@pgf@tokb=\toks36
\t@pgf@tokc=\toks37
 (/usr/share/texlive/texmf-dist/tex/generic/pgf/systemlayer/pgf.cfg
File: pgf.cfg 2008/05/14  (rcs-revision 1.7)
)
Driver file for pgf: pgfsys-pdftex.def

(/usr/share/texlive/texmf-dist/tex/generic/pgf/systemlayer/pgfsys-pdftex.def
File: pgfsys-pdftex.def 2014/10/11  (rcs-revision 1.35)

(/usr/share/texlive/texmf-dist/tex/generic/pgf/systemlayer/pgfsys-common-pdf.de
f
File: pgfsys-common-pdf.def 2013/10/10  (rcs-revision 1.13)
)))
(/usr/share/texlive/texmf-dist/tex/generic/pgf/systemlayer/pgfsyssoftpath.code.
tex
File: pgfsyssoftpath.code.tex 2013/09/09  (rcs-revision 1.9)
\pgfsyssoftpath@smallbuffer@items=\count110
\pgfsyssoftpath@bigbuffer@items=\count111
)
(/usr/share/texlive/texmf-dist/tex/generic/pgf/systemlayer/pgfsysprotocol.code.
tex
File: pgfsysprotocol.code.tex 2006/10/16  (rcs-revision 1.4)
))
(/usr/share/texlive/texmf-dist/tex/generic/pgf/basiclayer/pgfcore.code.tex
Package: pgfcore 2010/04/11 v3.0.1a (rcs-revision 1.7)

(/usr/share/texlive/texmf-dist/tex/generic/pgf/math/pgfmath.code.tex
(/usr/share/texlive/texmf-dist/tex/generic/pgf/math/pgfmathcalc.code.tex
(/usr/share/texlive/texmf-dist/tex/generic/pgf/math/pgfmathutil.code.tex)
(/usr/share/texlive/texmf-dist/tex/generic/pgf/math/pgfmathparser.code.tex
\pgfmath@dimen=\dimen134
\pgfmath@count=\count112
\pgfmath@box=\box29
\pgfmath@toks=\toks38
\pgfmath@stack@operand=\toks39
\pgfmath@stack@operation=\toks40
)
(/usr/share/texlive/texmf-dist/tex/generic/pgf/math/pgfmathfunctions.code.tex
(/usr/share/texlive/texmf-dist/tex/generic/pgf/math/pgfmathfunctions.basic.code
.tex)
(/usr/share/texlive/texmf-dist/tex/generic/pgf/math/pgfmathfunctions.trigonomet
ric.code.tex)
(/usr/share/texlive/texmf-dist/tex/generic/pgf/math/pgfmathfunctions.random.cod
e.tex)
(/usr/share/texlive/texmf-dist/tex/generic/pgf/math/pgfmathfunctions.comparison
.code.tex)
(/usr/share/texlive/texmf-dist/tex/generic/pgf/math/pgfmathfunctions.base.code.
tex)
(/usr/share/texlive/texmf-dist/tex/generic/pgf/math/pgfmathfunctions.round.code
.tex)
(/usr/share/texlive/texmf-dist/tex/generic/pgf/math/pgfmathfunctions.misc.code.
tex)
(/usr/share/texlive/texmf-dist/tex/generic/pgf/math/pgfmathfunctions.integerari
thmetics.code.tex)))
(/usr/share/texlive/texmf-dist/tex/generic/pgf/math/pgfmathfloat.code.tex
\c@pgfmathroundto@lastzeros=\count113
))
(/usr/share/texlive/texmf-dist/tex/generic/pgf/basiclayer/pgfcorepoints.code.te
x
File: pgfcorepoints.code.tex 2013/10/07  (rcs-revision 1.27)
\pgf@picminx=\dimen135
\pgf@picmaxx=\dimen136
\pgf@picminy=\dimen137
\pgf@picmaxy=\dimen138
\pgf@pathminx=\dimen139
\pgf@pathmaxx=\dimen140
\pgf@pathminy=\dimen141
\pgf@pathmaxy=\dimen142
\pgf@xx=\dimen143
\pgf@xy=\dimen144
\pgf@yx=\dimen145
\pgf@yy=\dimen146
\pgf@zx=\dimen147
\pgf@zy=\dimen148
)
(/usr/share/texlive/texmf-dist/tex/generic/pgf/basiclayer/pgfcorepathconstruct.
code.tex
File: pgfcorepathconstruct.code.tex 2013/10/07  (rcs-revision 1.29)
\pgf@path@lastx=\dimen149
\pgf@path@lasty=\dimen150
)
(/usr/share/texlive/texmf-dist/tex/generic/pgf/basiclayer/pgfcorepathusage.code
.tex
File: pgfcorepathusage.code.tex 2014/11/02  (rcs-revision 1.24)
\pgf@shorten@end@additional=\dimen151
\pgf@shorten@start@additional=\dimen152
)
(/usr/share/texlive/texmf-dist/tex/generic/pgf/basiclayer/pgfcorescopes.code.te
x
File: pgfcorescopes.code.tex 2015/05/08  (rcs-revision 1.46)
\pgfpic=\box30
\pgf@hbox=\box31
\pgf@layerbox@main=\box32
\pgf@picture@serial@count=\count114
)
(/usr/share/texlive/texmf-dist/tex/generic/pgf/basiclayer/pgfcoregraphicstate.c
ode.tex
File: pgfcoregraphicstate.code.tex 2014/11/02  (rcs-revision 1.12)
\pgflinewidth=\dimen153
)
(/usr/share/texlive/texmf-dist/tex/generic/pgf/basiclayer/pgfcoretransformation
s.code.tex
File: pgfcoretransformations.code.tex 2015/08/07  (rcs-revision 1.20)
\pgf@pt@x=\dimen154
\pgf@pt@y=\dimen155
\pgf@pt@temp=\dimen156
)
(/usr/share/texlive/texmf-dist/tex/generic/pgf/basiclayer/pgfcorequick.code.tex
File: pgfcorequick.code.tex 2008/10/09  (rcs-revision 1.3)
)
(/usr/share/texlive/texmf-dist/tex/generic/pgf/basiclayer/pgfcoreobjects.code.t
ex
File: pgfcoreobjects.code.tex 2006/10/11  (rcs-revision 1.2)
)
(/usr/share/texlive/texmf-dist/tex/generic/pgf/basiclayer/pgfcorepathprocessing
.code.tex
File: pgfcorepathprocessing.code.tex 2013/09/09  (rcs-revision 1.9)
)
(/usr/share/texlive/texmf-dist/tex/generic/pgf/basiclayer/pgfcorearrows.code.te
x
File: pgfcorearrows.code.tex 2015/05/14  (rcs-revision 1.43)
\pgfarrowsep=\dimen157
)
(/usr/share/texlive/texmf-dist/tex/generic/pgf/basiclayer/pgfcoreshade.code.tex
File: pgfcoreshade.code.tex 2013/07/15  (rcs-revision 1.15)
\pgf@max=\dimen158
\pgf@sys@shading@range@num=\count115
)
(/usr/share/texlive/texmf-dist/tex/generic/pgf/basiclayer/pgfcoreimage.code.tex
File: pgfcoreimage.code.tex 2013/07/15  (rcs-revision 1.18)

(/usr/share/texlive/texmf-dist/tex/generic/pgf/basiclayer/pgfcoreexternal.code.
tex
File: pgfcoreexternal.code.tex 2014/07/09  (rcs-revision 1.21)
\pgfexternal@startupbox=\box33
))
(/usr/share/texlive/texmf-dist/tex/generic/pgf/basiclayer/pgfcorelayers.code.te
x
File: pgfcorelayers.code.tex 2013/07/18  (rcs-revision 1.7)
)
(/usr/share/texlive/texmf-dist/tex/generic/pgf/basiclayer/pgfcoretransparency.c
ode.tex
File: pgfcoretransparency.code.tex 2013/09/30  (rcs-revision 1.5)
)
(/usr/share/texlive/texmf-dist/tex/generic/pgf/basiclayer/pgfcorepatterns.code.
tex
File: pgfcorepatterns.code.tex 2013/11/07  (rcs-revision 1.5)
)))
(/usr/share/texlive/texmf-dist/tex/generic/pgf/modules/pgfmoduleshapes.code.tex
File: pgfmoduleshapes.code.tex 2014/03/21  (rcs-revision 1.35)
\pgfnodeparttextbox=\box34
) (/usr/share/texlive/texmf-dist/tex/generic/pgf/modules/pgfmoduleplot.code.tex
File: pgfmoduleplot.code.tex 2015/08/03  (rcs-revision 1.13)
)
(/usr/share/texlive/texmf-dist/tex/latex/pgf/compatibility/pgfcomp-version-0-65
.sty
Package: pgfcomp-version-0-65 2007/07/03 v3.0.1a (rcs-revision 1.7)
\pgf@nodesepstart=\dimen159
\pgf@nodesepend=\dimen160
)
(/usr/share/texlive/texmf-dist/tex/latex/pgf/compatibility/pgfcomp-version-1-18
.sty
Package: pgfcomp-version-1-18 2007/07/23 v3.0.1a (rcs-revision 1.1)
)) (/usr/share/texlive/texmf-dist/tex/latex/pgf/utilities/pgffor.sty
(/usr/share/texlive/texmf-dist/tex/latex/pgf/utilities/pgfkeys.sty
(/usr/share/texlive/texmf-dist/tex/generic/pgf/utilities/pgfkeys.code.tex))
(/usr/share/texlive/texmf-dist/tex/latex/pgf/math/pgfmath.sty
(/usr/share/texlive/texmf-dist/tex/generic/pgf/math/pgfmath.code.tex))
(/usr/share/texlive/texmf-dist/tex/generic/pgf/utilities/pgffor.code.tex
Package: pgffor 2013/12/13 v3.0.1a (rcs-revision 1.25)

(/usr/share/texlive/texmf-dist/tex/generic/pgf/math/pgfmath.code.tex)
\pgffor@iter=\dimen161
\pgffor@skip=\dimen162
\pgffor@stack=\toks41
\pgffor@toks=\toks42
))
(/usr/share/texlive/texmf-dist/tex/generic/pgf/frontendlayer/tikz/tikz.code.tex
Package: tikz 2015/08/07 v3.0.1a (rcs-revision 1.151)

(/usr/share/texlive/texmf-dist/tex/generic/pgf/libraries/pgflibraryplothandlers
.code.tex
File: pgflibraryplothandlers.code.tex 2013/08/31 v3.0.1a (rcs-revision 1.20)
\pgf@plot@mark@count=\count116
\pgfplotmarksize=\dimen163
)
\tikz@lastx=\dimen164
\tikz@lasty=\dimen165
\tikz@lastxsaved=\dimen166
\tikz@lastysaved=\dimen167
\tikzleveldistance=\dimen168
\tikzsiblingdistance=\dimen169
\tikz@figbox=\box35
\tikz@figbox@bg=\box36
\tikz@tempbox=\box37
\tikz@tempbox@bg=\box38
\tikztreelevel=\count117
\tikznumberofchildren=\count118
\tikznumberofcurrentchild=\count119
\tikz@fig@count=\count120

(/usr/share/texlive/texmf-dist/tex/generic/pgf/modules/pgfmodulematrix.code.tex
File: pgfmodulematrix.code.tex 2013/09/17  (rcs-revision 1.8)
\pgfmatrixcurrentrow=\count121
\pgfmatrixcurrentcolumn=\count122
\pgf@matrix@numberofcolumns=\count123
)
\tikz@expandcount=\count124

(/usr/share/texlive/texmf-dist/tex/generic/pgf/frontendlayer/tikz/libraries/tik
zlibrarytopaths.code.tex
File: tikzlibrarytopaths.code.tex 2008/06/17 v3.0.1a (rcs-revision 1.2)
)))
(/usr/share/texlive/texmf-dist/tex/generic/pgf/frontendlayer/tikz/libraries/tik
zlibrarypositioning.code.tex
File: tikzlibrarypositioning.code.tex 2008/10/06 v3.0.1a (rcs-revision 1.7)
)
\c@@todonotes@numberoftodonotes=\count125
) (./extract.sty
(/usr/share/texlive/texmf-dist/tex/latex/environ/environ.sty
Package: environ 2014/05/04 v0.3 A new way to define environments

(/usr/share/texlive/texmf-dist/tex/latex/trimspaces/trimspaces.sty
Package: trimspaces 2009/09/17 v1.1 Trim spaces around a token list
))
(/usr/share/texlive/texmf-dist/tex/latex/etextools/etextools.sty
Package: etextools 2010/12/07 v3.1415926 e-TeX more useful tools for LaTeX pack
age writers

(/usr/share/texlive/texmf-dist/tex/latex/etex-pkg/etex.sty
Package: etex 2016/08/01 v2.7 eTeX basic definition package (PEB,DPC)
\et@xins=\count126
)
(/usr/share/texlive/texmf-dist/tex/latex/etoolbox/etoolbox.sty
Package: etoolbox 2018/02/11 v2.5e e-TeX tools for LaTeX (JAW)
\etb@tempcnta=\count127
)
(/usr/share/texlive/texmf-dist/tex/latex/oberdiek/letltxmacro.sty
Package: letltxmacro 2016/05/16 v1.5 Let assignment for LaTeX macros (HO)
)
\ettl@fter=\count128
\ettl@for@nested=\count277
)
(/usr/share/texmf/tex/latex/preview/preview.sty
Package: preview 2017/04/24 11.91 (AUCTeX/preview-latex)

(/usr/share/texmf/tex/latex/preview/prtightpage.def
\PreviewBorder=\dimen170
)
\pr@snippet=\count129
\pr@box=\box39
\pr@output=\toks43
)
\c@propcounter=\count130
\mybox=\box40
)
\c@theorem=\count131
\c@claim=\count132

(source_extraction/results/1505.02280.aux)
\openout1 = `1505.02280.aux'.

LaTeX Font Info:    Checking defaults for OML/cmm/m/it on input line 58.
LaTeX Font Info:    ... okay on input line 58.
LaTeX Font Info:    Checking defaults for T1/cmr/m/n on input line 58.
LaTeX Font Info:    ... okay on input line 58.
LaTeX Font Info:    Checking defaults for OT1/cmr/m/n on input line 58.
LaTeX Font Info:    ... okay on input line 58.
LaTeX Font Info:    Checking defaults for OMS/cmsy/m/n on input line 58.
LaTeX Font Info:    ... okay on input line 58.
LaTeX Font Info:    Checking defaults for OMX/cmex/m/n on input line 58.
LaTeX Font Info:    ... okay on input line 58.
LaTeX Font Info:    Checking defaults for U/cmr/m/n on input line 58.
LaTeX Font Info:    ... okay on input line 58.

(/usr/share/texlive/texmf-dist/tex/context/base/mkii/supp-pdf.mkii
[Loading MPS to PDF converter (version 2006.09.02).]
\scratchcounter=\count133
\scratchdimen=\dimen171
\scratchbox=\box41
\nofMPsegments=\count134
\nofMParguments=\count135
\everyMPshowfont=\toks44
\MPscratchCnt=\count136
\MPscratchDim=\dimen172
\MPnumerator=\count137
\makeMPintoPDFobject=\count138
\everyMPtoPDFconversion=\toks45
) (/usr/share/texlive/texmf-dist/tex/latex/oberdiek/epstopdf-base.sty
Package: epstopdf-base 2016/05/15 v2.6 Base part for package epstopdf

(/usr/share/texlive/texmf-dist/tex/generic/oberdiek/infwarerr.sty
Package: infwarerr 2016/05/16 v1.4 Providing info/warning/error messages (HO)
)
(/usr/share/texlive/texmf-dist/tex/latex/oberdiek/grfext.sty
Package: grfext 2016/05/16 v1.2 Manage graphics extensions (HO)

(/usr/share/texlive/texmf-dist/tex/generic/oberdiek/kvdefinekeys.sty
Package: kvdefinekeys 2016/05/16 v1.4 Define keys (HO)

(/usr/share/texlive/texmf-dist/tex/generic/oberdiek/ltxcmds.sty
Package: ltxcmds 2016/05/16 v1.23 LaTeX kernel commands for general use (HO)
)))
(/usr/share/texlive/texmf-dist/tex/latex/oberdiek/kvoptions.sty
Package: kvoptions 2016/05/16 v3.12 Key value format for package options (HO)

(/usr/share/texlive/texmf-dist/tex/generic/oberdiek/kvsetkeys.sty
Package: kvsetkeys 2016/05/16 v1.17 Key value parser (HO)

(/usr/share/texlive/texmf-dist/tex/generic/oberdiek/etexcmds.sty
Package: etexcmds 2016/05/16 v1.6 Avoid name clashes with e-TeX commands (HO)

(/usr/share/texlive/texmf-dist/tex/generic/oberdiek/ifluatex.sty
Package: ifluatex 2016/05/16 v1.4 Provides the ifluatex switch (HO)
Package ifluatex Info: LuaTeX not detected.
)
Package etexcmds Info: Could not find \expanded.
(etexcmds)             That can mean that you are not using pdfTeX 1.50 or
(etexcmds)             that some package has redefined \expanded.
(etexcmds)             In the latter case, load this package earlier.
)))
(/usr/share/texlive/texmf-dist/tex/generic/oberdiek/pdftexcmds.sty
Package: pdftexcmds 2018/01/21 v0.26 Utility functions of pdfTeX for LuaTeX (HO
)
Package pdftexcmds Info: LuaTeX not detected.
Package pdftexcmds Info: \pdf@primitive is available.
Package pdftexcmds Info: \pdf@ifprimitive is available.
Package pdftexcmds Info: \pdfdraftmode found.
)
Package epstopdf-base Info: Redefining graphics rule for `.eps' on input line 4
38.
Package grfext Info: Graphics extension search list:
(grfext)             [.pdf,.png,.jpg,.mps,.jpeg,.jbig2,.jb2,.PDF,.PNG,.JPG,.JPE
G,.JBIG2,.JB2,.eps]
(grfext)             \AppendGraphicsExtensions on input line 456.

(/usr/share/texlive/texmf-dist/tex/latex/latexconfig/epstopdf-sys.cfg
File: epstopdf-sys.cfg 2010/07/13 v1.3 Configuration of (r)epstopdf for TeX Liv
e
))
*geometry* driver: auto-detecting
*geometry* detected driver: pdftex
*geometry* verbose mode - [ preamble ] result:
* driver: pdftex
* paper: <default>
* layout: <same size as paper>
* layoutoffset:(h,v)=(0.0pt,0.0pt)
* modes: 
* h-part:(L,W,R)=(56.9055pt, 500.484pt, 56.9055pt)
* v-part:(T,H,B)=(42.67912pt, 709.61174pt, 42.67912pt)
* \paperwidth=614.295pt
* \paperheight=794.96999pt
* \textwidth=500.484pt
* \textheight=709.61174pt
* \oddsidemargin=-15.36449pt
* \evensidemargin=-15.36449pt
* \topmargin=-66.59087pt
* \headheight=12.0pt
* \headsep=25.0pt
* \topskip=10.0pt
* \footskip=30.0pt
* \marginparwidth=65.0pt
* \marginparsep=11.0pt
* \columnsep=10.0pt
* \skip\footins=9.0pt plus 4.0pt minus 2.0pt
* \hoffset=0.0pt
* \voffset=0.0pt
* \mag=1000
* \@twocolumnfalse
* \@twosidefalse
* \@mparswitchfalse
* \@reversemarginfalse
* (1in=72.27pt=25.4mm, 1cm=28.453pt)

ABD: EveryShipout initializing macros
Preview: Fontsize 10pt
Preview: PDFoutput 1
LaTeX Font Info:    Try loading font information for OMS+cmr on input line 66.
(/usr/share/texlive/texmf-dist/tex/latex/base/omscmr.fd
File: omscmr.fd 2014/09/29 v2.5h Standard LaTeX font definitions
)
LaTeX Font Info:    Font shape `OMS/cmr/m/n' in size <8> not available
(Font)              Font shape `OMS/cmsy/m/n' tried instead on input line 66.
LaTeX Font Info:    Font shape `OMS/cmr/m/n' in size <6> not available
(Font)              Font shape `OMS/cmsy/m/n' tried instead on input line 66.


LaTeX Warning: Reference `eq.1' on page 3 undefined on input line 114.


LaTeX Warning: Reference `s.union_of_systems' on page 3 undefined on input line
 132.

LaTeX Font Info:    Font shape `OMS/cmr/m/n' in size <10> not available
(Font)              Font shape `OMS/cmsy/m/n' tried instead on input line 174.

LaTeX Warning: Reference `s.representables_systems' on page 4 undefined on inpu
t line 201.

Preview: Tightpage -32891 -32891 32891 32891
[1{/var/lib/texmf/fonts/map/pdftex/updmap/pdftex.map}]

LaTeX Warning: Reference `s.equiv_and_rep' on page 5 undefined on input line 22
5.


LaTeX Warning: Reference `s.proof_rl-lsg-1' on page 5 undefined on input line 2
52.


LaTeX Warning: Reference `s.representability_product_cyclics' on page 5 undefin
ed on input line 252.


LaTeX Warning: Reference `s.finish_rem_lem_dkA1' on page 5 undefined on input l
ine 254.

[2]

LaTeX Warning: Reference `f.footnote_7' on page 5 undefined on input line 275.

[3]
Overfull \hbox (390.29701pt too wide) in paragraph at lines 268--275
[]\OT1/cmr/m/n/10 Let us state the known arith-metic re-moval lemma for fi-nite
 abelian groups [[], The-o-rem 1]. [] 
 []


LaTeX Warning: Reference `s.intro_applic' on page 6 undefined on input line 282
.


LaTeX Warning: Reference `s.adding_variables' on page 6 undefined on input line
 286.


LaTeX Warning: Reference `s.adding_variables' on page 6 undefined on input line
 286.

[4]
Overfull \hbox (87.90758pt too wide) in paragraph at lines 292--300
\OT1/cmr/m/n/10 terms of sub-groups. [] 
 []

[5]

LaTeX Warning: Reference `s.perm_rep_and_rem_lem' on page 7 undefined on input 
line 319.

[6]

LaTeX Warning: Reference `eq.system_multidim' on page 7 undefined on input line
 376.

[7] [8] [9]

LaTeX Warning: Reference `s.representables_systems' on page 9 undefined on inpu
t line 495.


LaTeX Warning: Reference `s.equiv_and_rep' on page 9 undefined on input line 50
0.


LaTeX Warning: Reference `s.equiv_systems' on page 9 undefined on input line 50
0.


LaTeX Warning: Reference `s.oper_between_representable' on page 9 undefined on 
input line 500.


LaTeX Warning: Reference `s.oper_between_representable' on page 9 undefined on 
input line 500.


LaTeX Warning: Reference `s.proof_rl-lsg-1' on page 9 undefined on input line 5
04.


LaTeX Warning: Reference `s.representability_product_cyclics' on page 9 undefin
ed on input line 504.


LaTeX Warning: Reference `s.finish_rem_lem_dkA1' on page 9 undefined on input l
ine 505.


LaTeX Warning: Reference `s.proof_rl-lsg-1' on page 10 undefined on input line 
511.


LaTeX Warning: Reference `s.hom_mat_to_integer_mat' on page 10 undefined on inp
ut line 513.


LaTeX Warning: Reference `s.representability_product_cyclics' on page 10 undefi
ned on input line 516.


LaTeX Warning: Reference `s.oper_between_representable' on page 10 undefined on
 input line 520.


LaTeX Warning: Reference `s.gamma-effective' on page 10 undefined on input line
 520.


LaTeX Warning: Reference `s.final_composition' on page 10 undefined on input li
ne 520.


LaTeX Warning: Reference `s.unwrap_const' on page 10 undefined on input line 52
0.

LaTeX Font Info:    Font shape `OMS/cmr/m/it' in size <10> not available
(Font)              Font shape `OMS/cmsy/m/n' tried instead on input line 592.
[10]

LaTeX Warning: Reference `s.rep_sys_proof' on page 11 undefined on input line 6
21.

[11]

LaTeX Warning: Reference `s.intro_permutations' on page 13 undefined on input l
ine 707.


Package amsmath Warning: Foreign command \atopwithdelims;
(amsmath)                \frac or \genfrac should be used instead
(amsmath)                 on input line 708.

[12] [13] [14]

LaTeX Warning: Reference `s.equiv_systems' on page 14 undefined on input line 7
73.


LaTeX Warning: Reference `s.oper_between_representable' on page 14 undefined on
 input line 773.


LaTeX Warning: Reference `s.equiv_systems' on page 14 undefined on input line 8
01.


Underfull \hbox (badness 1221) in paragraph at lines 813--813
[]\OT1/cmr/bx/n/10 Proposition 12. []\OT1/cmr/m/it/10 [$\OT1/cmr/m/n/10 1$\OT1/
cmr/m/it/10 -auto-equivalent sys-tems][] Let $\OT1/cmr/m/n/10 ((\OML/cmm/m/it/1
0 A[]; \OT1/cmr/bx/n/10 b[]\OT1/cmr/m/n/10 )\OML/cmm/m/it/10 ; G\OT1/cmr/m/n/10
 )$ \OT1/cmr/m/it/10 be a $\OML/cmm/m/it/10 k[] \OMS/cmsy/m/n/10 ^^B \OML/cmm/m
/it/10 m[]$ \OT1/cmr/m/it/10 sys-tem $\OT1/cmr/m/n/10 1$\OT1/cmr/m/it/10 -auto-
equivalent to
 []

[15] [16] [17] [18]

LaTeX Warning: Reference `e.union' on page 18 undefined on input line 1050.


Overfull \hbox (23.6817pt too wide) in paragraph at lines 1050--1050
\OT1/cmr/m/n/10 with $\OML/cmm/m/it/10 ^^^[]\OT1/cmr/m/n/10 (\OML/cmm/m/it/10 y
[]\OT1/cmr/m/n/10 ) = (\OT1/cmr/bx/n/10 x\OT1/cmr/m/n/10 )[]$ and we de-note it
 by $\OML/cmm/m/it/10 ^^V[]$\OT1/cmr/m/n/10 . There-fore ([]) is an equipar-ti-
tion. Let $\OML/cmm/m/it/10 ^^L[] \OT1/cmr/m/n/10 = \OMS/cmsy/m/n/10 j\OML/cmm/
m/it/10 S[]\OT1/cmr/m/n/10 ((\OML/cmm/m/it/10 A[]; \OT1/cmr/bx/n/10 b[]\OT1/cmr
/m/n/10 )\OML/cmm/m/it/10 ; G[]\OT1/cmr/m/n/10 )\OMS/cmsy/m/n/10 j\OML/cmm/m/it
/10 =\OMS/cmsy/m/n/10 j\OML/cmm/m/it/10 S[]\OT1/cmr/m/n/10 ((\OML/cmm/m/it/10 A
[]; \OT1/cmr/bx/n/10 b[]\OT1/cmr/m/n/10 )\OML/cmm/m/it/10 ; G[]\OT1/cmr/m/n/10 
)\OMS/cmsy/m/n/10 j$
 []


LaTeX Warning: Reference `e.345' on page 18 undefined on input line 1050.


Overfull \hbox (12.73856pt too wide) in paragraph at lines 1050--1050
\OT1/cmr/m/n/10 copies of $\OML/cmm/m/it/10 H[]$ \OT1/cmr/m/n/10 in $\OML/cmm/m
/it/10 K[]$ \OT1/cmr/m/n/10 through $\OML/cmm/m/it/10 e[]$ \OT1/cmr/m/n/10 that
, see-ing as copies of $\OML/cmm/m/it/10 H$ \OT1/cmr/m/n/10 in $\OML/cmm/m/it/1
0 K$\OT1/cmr/m/n/10 , be-long to $\OML/cmm/m/it/10 r[]\OT1/cmr/m/n/10 (\OT1/cmr
/bx/n/10 x\OML/cmm/m/it/10 ; q\OT1/cmr/m/n/10 )$. Hence, the vec-tor $(\OML/cmm
/m/it/10 K; H; ^^M; l; r; Q; p; c\OT1/cmr/m/n/10 )$
 []


LaTeX Warning: Reference `s.oper_between_representable' on page 19 undefined on
 input line 1075.


LaTeX Warning: Reference `s.unwrap_const' on page 19 undefined on input line 10
75.


LaTeX Warning: Reference `s.finish_rem_lem_dkA1' on page 19 undefined on input 
line 1075.


LaTeX Warning: Reference `s.rep_indep_vector' on page 19 undefined on input lin
e 1077.


LaTeX Warning: Reference `s.repr_for_Zt_implies_G' on page 19 undefined on inpu
t line 1077.


LaTeX Warning: Reference `s.representability_product_cyclics' on page 19 undefi
ned on input line 1078.


LaTeX Warning: Reference `s.hom_mat_to_integer_mat' on page 19 undefined on inp
ut line 1079.


LaTeX Warning: Reference `s.union_of_systems' on page 19 undefined on input lin
e 1079.


LaTeX Warning: Reference `s.gamma-effective' on page 19 undefined on input line
 1079.


LaTeX Warning: Reference `s.construction_circular_matrix' on page 19 undefined 
on input line 1079.


LaTeX Warning: Reference `s.final_composition' on page 19 undefined on input li
ne 1079.


LaTeX Warning: Reference `s.circ_mat_properties' on page 19 undefined on input 
line 1079.

[19] [20] [21]

LaTeX Warning: Reference `s.finish_rem_lem_dkA1' on page 20 undefined on input 
line 1182.


LaTeX Warning: Reference `s.repr_for_Zt_implies_G' on page 20 undefined on inpu
t line 1183.


LaTeX Warning: Reference `s.representability_product_cyclics' on page 21 undefi
ned on input line 1211.

[22] [23] [24] [25] [26] [27]

LaTeX Warning: Reference `s.final_composition' on page 23 undefined on input li
ne 1390.

[28]

LaTeX Warning: Reference `s.hom_mat_to_integer_mat' on page 24 undefined on inp
ut line 1414.

[29]

LaTeX Warning: Reference `s.final_composition' on page 24 undefined on input li
ne 1453.

[30]

LaTeX Warning: Reference `s.circ_mat_properties' on page 26 undefined on input 
line 1590.


LaTeX Warning: Reference `s.circ_mat_properties' on page 26 undefined on input 
line 1590.


LaTeX Warning: Reference `s.construction_circular_matrix' on page 26 undefined 
on input line 1592.


LaTeX Warning: Reference `s.final_composition' on page 26 undefined on input li
ne 1592.


LaTeX Warning: Reference `s.circ_mat_properties' on page 26 undefined on input 
line 1592.


LaTeX Warning: Reference `s.final_composition' on page 26 undefined on input li
ne 1602.

[31]

LaTeX Warning: Reference `e.coeff_C' on page 27 undefined on input line 1692.


LaTeX Warning: Reference `e.coeff_C' on page 27 undefined on input line 1692.


LaTeX Warning: Reference `e.coeff_C' on page 27 undefined on input line 1692.


LaTeX Warning: Reference `c.matrix_c.2' on page 27 undefined on input line 1692
.


LaTeX Warning: Reference `e.coeff_C' on page 27 undefined on input line 1692.

[32]

LaTeX Warning: Reference `eq.6' on page 29 undefined on input line 1874.

[33]

LaTeX Warning: Reference `s.construction_circular_matrix' on page 30 undefined 
on input line 1944.


LaTeX Warning: Reference `prop.G2' on page 30 undefined on input line 1944.


LaTeX Warning: Reference `s.gamma-effective' on page 30 undefined on input line
 1944.


Overfull \hbox (60.71904pt too wide) in paragraph at lines 1944--1946
 \OT1/cmr/bx/n/10 Join-ing the ma-tri-ces and groups.[] \OT1/cmr/m/n/10 Let $[]
[]$, be the $\OML/cmm/m/it/10 n$\OT1/cmr/m/n/10 --circular in-te-ger ma-tri-ces
 ob-tained from $[][]$
 []


LaTeX Warning: Reference `s.group_on_B' on page 32 undefined on input line 2068
.

[34]

LaTeX Warning: Reference `eq.x_as_sum_y' on page 33 undefined on input line 218
5.


LaTeX Warning: Reference `eq.x_as_sum_y' on page 33 undefined on input line 218
5.


LaTeX Warning: Reference `eq.x_as_sum_y' on page 33 undefined on input line 218
5.


LaTeX Warning: Reference `eq.23' on page 33 undefined on input line 2185.

[35]

LaTeX Warning: Reference `s.final_composition' on page 35 undefined on input li
ne 2221.


LaTeX Warning: Reference `s.gamma-effective' on page 35 undefined on input line
 2224.


LaTeX Warning: Reference `s.union_of_systems' on page 35 undefined on input lin
e 2224.


LaTeX Warning: Reference `s.gamma-effective' on page 35 undefined on input line
 2226.


LaTeX Warning: Reference `s.construction_circular_matrix' on page 35 undefined 
on input line 2226.


LaTeX Warning: Reference `s.repr_for_Zt_implies_G' on page 36 undefined on inpu
t line 2244.


LaTeX Warning: Reference `s.union_of_systems' on page 36 undefined on input lin
e 2246.


LaTeX Warning: Reference `s.union_of_systems' on page 36 undefined on input lin
e 2250.


LaTeX Warning: Reference `s.determinantal_to_determinant' on page 36 undefined 
on input line 2253.


LaTeX Warning: Reference `s.determinantal_to_determinant' on page 36 undefined 
on input line 2257.


LaTeX Warning: Reference `s.group_on_B' on page 36 undefined on input line 2260
.


LaTeX Warning: Reference `s.gamma-effective' on page 36 undefined on input line
 2264.


LaTeX Warning: Reference `s.construction_circular_matrix' on page 36 undefined 
on input line 2269.


LaTeX Warning: Reference `s.final_composition' on page 36 undefined on input li
ne 2273.


LaTeX Warning: Reference `s.final_composition' on page 36 undefined on input li
ne 2276.


LaTeX Warning: Reference `s.adding_variables' on page 36 undefined on input lin
e 2293.

[36]

LaTeX Warning: Reference `s.finish_rem_lem_dkA1' on page 36 undefined on input 
line 2302.


LaTeX Warning: Reference `s.repr_for_Zt_implies_G' on page 36 undefined on inpu
t line 2314.


LaTeX Warning: Reference `s.hom_mat_to_integer_mat' on page 36 undefined on inp
ut line 2314.


LaTeX Warning: Reference `s.rep_indep_vector' on page 37 undefined on input lin
e 2335.


LaTeX Warning: Reference `s.unwrap_const' on page 37 undefined on input line 23
35.

[37]

LaTeX Warning: Reference `s.final_composition' on page 37 undefined on input li
ne 2365.


LaTeX Warning: Reference `s.unwrap_const' on page 37 undefined on input line 23
65.


LaTeX Warning: Reference `s.adding_variables' on page 37 undefined on input lin
e 2365.


LaTeX Warning: Reference `s.final_composition' on page 37 undefined on input li
ne 2365.


LaTeX Warning: Reference `s.proof_rl-lsg-1' on page 38 undefined on input line 
2379.


LaTeX Warning: Reference `s.finish_rem_lem_dkA1' on page 38 undefined on input 
line 2379.


LaTeX Warning: Reference `s.construction_circular_matrix' on page 38 undefined 
on input line 2380.

Missing character: There is no Ã in font cmr10!
Missing character: There is no ¼ in font cmr10!
Missing character: There is no Ã in font cmr10!
Missing character: There is no ¤ in font cmr10!
Missing character: There is no Ã in font cmr10!
Missing character: There is no © in font cmr10!
Missing character: There is no Ã in font cmr10!
Missing character: There is no © in font cmr10!
(source_extraction/results/1505.02280.aux)

LaTeX Warning: There were undefined references.

 )
(\end occurred inside a group at level 2)

### simple group (level 2) entered at line 19 ({)
### simple group (level 1) entered at line 12 ({)
### bottom level 
Here is how much of TeX's memory you used:
 14648 strings out of 494260
 278328 string characters out of 6168642
 395148 words of memory out of 5000000
 17652 multiletter control sequences out of 15000+600000
 17092 words of font info for 63 fonts, out of 8000000 for 9000
 497 hyphenation exceptions out of 8191
 62i,22n,56p,1318b,11515s stack positions out of 5000i,500n,10000p,200000b,80000s
</usr/share/texlive/texmf-dist/fonts/type1/public/amsfonts/cm/c
mbx10.pfb></usr/share/texlive/texmf-dist/fonts/type1/public/amsfonts/cm/cmbx7.p
fb></usr/share/texlive/texmf-dist/fonts/type1/public/amsfonts/cm/cmex10.pfb></u
sr/share/texlive/texmf-dist/fonts/type1/public/amsfonts/cmextra/cmex7.pfb></usr
/share/texlive/texmf-dist/fonts/type1/public/amsfonts/cm/cmmi10.pfb></usr/share
/texlive/texmf-dist/fonts/type1/public/amsfonts/cm/cmmi5.pfb></usr/share/texliv
e/texmf-dist/fonts/type1/public/amsfonts/cm/cmmi7.pfb></usr/share/texlive/texmf
-dist/fonts/type1/public/amsfonts/cm/cmr10.pfb></usr/share/texlive/texmf-dist/f
onts/type1/public/amsfonts/cm/cmr5.pfb></usr/share/texlive/texmf-dist/fonts/typ
e1/public/amsfonts/cm/cmr7.pfb></usr/share/texlive/texmf-dist/fonts/type1/publi
c/amsfonts/cm/cmsy10.pfb></usr/share/texlive/texmf-dist/fonts/type1/public/amsf
onts/cm/cmsy7.pfb></usr/share/texlive/texmf-dist/fonts/type1/public/amsfonts/cm
/cmti10.pfb></usr/share/texlive/texmf-dist/fonts/type1/public/amsfonts/cm/cmti7
.pfb></usr/share/texlive/texmf-dist/fonts/type1/public/amsfonts/symbols/msbm10.
pfb>
Output written on source_extraction/results/1505.02280.pdf (37 pages, 205862 by
tes).
PDF statistics:
 189 PDF objects out of 1000 (max. 8388607)
 133 compressed objects within 2 object streams
 0 named destinations out of 1000 (max. 500000)
 13 words of extra memory for PDF output out of 10000 (max. 10000000)

