This is pdfTeX, Version 3.14159265-2.6-1.40.18 (TeX Live 2017/Debian) (preloaded format=pdflatex 2018.11.16)  29 NOV 2018 14:49
entering extended mode
 restricted \write18 enabled.
 %&-line parsing enabled.
**source_extraction/results/1507.01481.tex
(./source_extraction/results/1507.01481.tex
LaTeX2e <2017-04-15>
Babel <3.18> and hyphenation patterns for 20 language(s) loaded.
(/usr/share/texlive/texmf-dist/tex/latex/base/article.cls
Document Class: article 2014/09/29 v1.4h Standard LaTeX document class
(/usr/share/texlive/texmf-dist/tex/latex/base/size12.clo
File: size12.clo 2014/09/29 v1.4h Standard LaTeX file (size option)
)
\c@part=\count79
\c@section=\count80
\c@subsection=\count81
\c@subsubsection=\count82
\c@paragraph=\count83
\c@subparagraph=\count84
\c@figure=\count85
\c@table=\count86
\abovecaptionskip=\skip41
\belowcaptionskip=\skip42
\bibindent=\dimen102
)
(/usr/share/texlive/texmf-dist/tex/latex/amsfonts/amssymb.sty
Package: amssymb 2013/01/14 v3.01 AMS font symbols

(/usr/share/texlive/texmf-dist/tex/latex/amsfonts/amsfonts.sty
Package: amsfonts 2013/01/14 v3.01 Basic AMSFonts support
\@emptytoks=\toks14
\symAMSa=\mathgroup4
\symAMSb=\mathgroup5
LaTeX Font Info:    Overwriting math alphabet `\mathfrak' in version `bold'
(Font)                  U/euf/m/n --> U/euf/b/n on input line 106.
))
(/usr/share/texlive/texmf-dist/tex/latex/amsmath/amsmath.sty
Package: amsmath 2017/09/02 v2.17a AMS math features
\@mathmargin=\skip43

For additional information on amsmath, use the `?' option.
(/usr/share/texlive/texmf-dist/tex/latex/amsmath/amstext.sty
Package: amstext 2000/06/29 v2.01 AMS text

(/usr/share/texlive/texmf-dist/tex/latex/amsmath/amsgen.sty
File: amsgen.sty 1999/11/30 v2.0 generic functions
\@emptytoks=\toks15
\ex@=\dimen103
))
(/usr/share/texlive/texmf-dist/tex/latex/amsmath/amsbsy.sty
Package: amsbsy 1999/11/29 v1.2d Bold Symbols
\pmbraise@=\dimen104
)
(/usr/share/texlive/texmf-dist/tex/latex/amsmath/amsopn.sty
Package: amsopn 2016/03/08 v2.02 operator names
)
\inf@bad=\count87
LaTeX Info: Redefining \frac on input line 213.
\uproot@=\count88
\leftroot@=\count89
LaTeX Info: Redefining \overline on input line 375.
\classnum@=\count90
\DOTSCASE@=\count91
LaTeX Info: Redefining \ldots on input line 472.
LaTeX Info: Redefining \dots on input line 475.
LaTeX Info: Redefining \cdots on input line 596.
\Mathstrutbox@=\box26
\strutbox@=\box27
\big@size=\dimen105
LaTeX Font Info:    Redeclaring font encoding OML on input line 712.
LaTeX Font Info:    Redeclaring font encoding OMS on input line 713.
\macc@depth=\count92
\c@MaxMatrixCols=\count93
\dotsspace@=\muskip10
\c@parentequation=\count94
\dspbrk@lvl=\count95
\tag@help=\toks16
\row@=\count96
\column@=\count97
\maxfields@=\count98
\andhelp@=\toks17
\eqnshift@=\dimen106
\alignsep@=\dimen107
\tagshift@=\dimen108
\tagwidth@=\dimen109
\totwidth@=\dimen110
\lineht@=\dimen111
\@envbody=\toks18
\multlinegap=\skip44
\multlinetaggap=\skip45
\mathdisplay@stack=\toks19
LaTeX Info: Redefining \[ on input line 2817.
LaTeX Info: Redefining \] on input line 2818.
) (./extract.sty
(/usr/share/texlive/texmf-dist/tex/latex/environ/environ.sty
Package: environ 2014/05/04 v0.3 A new way to define environments

(/usr/share/texlive/texmf-dist/tex/latex/trimspaces/trimspaces.sty
Package: trimspaces 2009/09/17 v1.1 Trim spaces around a token list
))
(/usr/share/texlive/texmf-dist/tex/latex/etextools/etextools.sty
Package: etextools 2010/12/07 v3.1415926 e-TeX more useful tools for LaTeX pack
age writers

(/usr/share/texlive/texmf-dist/tex/latex/etex-pkg/etex.sty
Package: etex 2016/08/01 v2.7 eTeX basic definition package (PEB,DPC)
\et@xins=\count99
)
(/usr/share/texlive/texmf-dist/tex/latex/etoolbox/etoolbox.sty
Package: etoolbox 2018/02/11 v2.5e e-TeX tools for LaTeX (JAW)
\etb@tempcnta=\count100
)
(/usr/share/texlive/texmf-dist/tex/latex/oberdiek/letltxmacro.sty
Package: letltxmacro 2016/05/16 v1.5 Let assignment for LaTeX macros (HO)
)
\ettl@fter=\count101
\ettl@for@nested=\count277
)
(/usr/share/texmf/tex/latex/preview/preview.sty
Package: preview 2017/04/24 11.91 (AUCTeX/preview-latex)

(/usr/share/texmf/tex/latex/preview/prtightpage.def
\PreviewBorder=\dimen112
)
\pr@snippet=\count102
\pr@box=\box28
\pr@output=\toks20
)
\c@propcounter=\count103
\mybox=\box29
)
\c@Thm=\count104
\c@Def=\count105
\c@Rmk=\count106

(source_extraction/results/1507.01481.aux)
\openout1 = `1507.01481.aux'.

LaTeX Font Info:    Checking defaults for OML/cmm/m/it on input line 123.
LaTeX Font Info:    ... okay on input line 123.
LaTeX Font Info:    Checking defaults for T1/cmr/m/n on input line 123.
LaTeX Font Info:    ... okay on input line 123.
LaTeX Font Info:    Checking defaults for OT1/cmr/m/n on input line 123.
LaTeX Font Info:    ... okay on input line 123.
LaTeX Font Info:    Checking defaults for OMS/cmsy/m/n on input line 123.
LaTeX Font Info:    ... okay on input line 123.
LaTeX Font Info:    Checking defaults for OMX/cmex/m/n on input line 123.
LaTeX Font Info:    ... okay on input line 123.
LaTeX Font Info:    Checking defaults for U/cmr/m/n on input line 123.
LaTeX Font Info:    ... okay on input line 123.

Preview: Fontsize 12pt
Preview: PDFoutput 1
LaTeX Font Info:    Try loading font information for U+msa on input line 141.
(/usr/share/texlive/texmf-dist/tex/latex/amsfonts/umsa.fd
File: umsa.fd 2013/01/14 v3.01 AMS symbols A
)
LaTeX Font Info:    Try loading font information for U+msb on input line 141.

(/usr/share/texlive/texmf-dist/tex/latex/amsfonts/umsb.fd
File: umsb.fd 2013/01/14 v3.01 AMS symbols B
)
Overfull \hbox (7.25023pt too wide) in paragraph at lines 145--145
 [][] 
 []

LaTeX Font Info:    Try loading font information for OMS+cmr on input line 145.

(/usr/share/texlive/texmf-dist/tex/latex/base/omscmr.fd
File: omscmr.fd 2014/09/29 v2.5h Standard LaTeX font definitions
)
LaTeX Font Info:    Font shape `OMS/cmr/m/n' in size <7> not available
(Font)              Font shape `OMS/cmsy/m/n' tried instead on input line 145.
LaTeX Font Info:    Font shape `OMS/cmr/m/n' in size <12> not available
(Font)              Font shape `OMS/cmsy/m/n' tried instead on input line 447.


LaTeX Warning: Reference `intr' on page 12 undefined on input line 706.


LaTeX Warning: Reference `intr' on page 12 undefined on input line 710.


Package amsfonts Warning: Obsolete command \Bbb; \mathbb should be used instead
 on input line 775.


Overfull \hbox (1.33597pt too wide) in paragraph at lines 874--882
[]\OT1/cmr/m/it/12 In the case of un-con-di-tional func-tions \OT1/cmr/m/n/12 (
i.e., $\OML/cmm/m/it/12 f\OT1/cmr/m/n/12 (\OML/cmm/m/it/12 x[]; :::; x[]\OT1/cm
r/m/n/12 ) = \OML/cmm/m/it/12 f\OT1/cmr/m/n/12 (\OMS/cmsy/m/n/12 j\OML/cmm/m/it
/12 x[]\OMS/cmsy/m/n/12 j\OML/cmm/m/it/12 ; :::; \OMS/cmsy/m/n/12 j\OML/cmm/m/i
t/12 x[]\OMS/cmsy/m/n/12 j\OT1/cmr/m/n/12 )$),
 []

Preview: Tightpage -32891 -32891 32891 32891
[1{/var/lib/texmf/fonts/map/pdftex/updmap/pdftex.map}]
Overfull \hbox (17.62482pt too wide) in paragraph at lines 975--975
[][] 
 []

[2]
Overfull \hbox (17.62482pt too wide) in paragraph at lines 998--998
[][] 
 []

[3]
Overfull \hbox (17.62482pt too wide) in paragraph at lines 1022--1022
[][] 
 []

[4]
Overfull \hbox (17.62482pt too wide) in paragraph at lines 1059--1059
[][] 
 []

[5]
Overfull \hbox (17.62482pt too wide) in paragraph at lines 1094--1094
[][] 
 []

[6]
Overfull \hbox (17.62482pt too wide) in paragraph at lines 1112--1112
[][] 
 []


LaTeX Warning: Reference `epsilon' on page 18 undefined on input line 1129.


LaTeX Warning: Reference `derivatives' on page 19 undefined on input line 1168.



LaTeX Warning: Reference `derivatives' on page 19 undefined on input line 1173.


[7]
Overfull \hbox (17.62482pt too wide) in paragraph at lines 1281--1281
[][] 
 []


LaTeX Warning: Reference `Kx' on page 22 undefined on input line 1387.


LaTeX Warning: Reference `Kx' on page 22 undefined on input line 1402.


LaTeX Warning: Reference `K*y' on page 22 undefined on input line 1402.


LaTeX Warning: Reference `sumproddj' on page 24 undefined on input line 1548.


LaTeX Warning: Reference `proddj' on page 24 undefined on input line 1549.


LaTeX Warning: Reference `sumCj' on page 24 undefined on input line 1551.


LaTeX Warning: Reference `CjC*j' on page 24 undefined on input line 1553.

[8]
Overfull \hbox (17.62482pt too wide) in paragraph at lines 1624--1624
[][] 
 []


LaTeX Warning: Reference `ts' on page 27 undefined on input line 1692.


Overfull \hbox (1.63667pt too wide) detected at line 1744
\OML/cmm/m/it/12 g\OT1/cmr/m/n/12 (\OML/cmm/m/it/12 ^^U; ^^V\OT1/cmr/m/n/12 ) :
= (1\OML/cmm/m/it/12 =\OT1/cmr/m/n/12 4) \OMS/cmsy/m/n/12 ^^A \OT1/cmr/m/n/12 (
\OML/cmm/m/it/12 ^^U \OT1/cmr/m/n/12 + \OML/cmm/m/it/12 ^^V \OMS/cmsy/m/n/12 ^^
@ \OT1/cmr/m/n/12 1)[] \OMS/cmsy/m/n/12 ^^A [] f\OT1/cmr/m/n/12 1\OML/cmm/m/it/
12 =\OT1/cmr/m/n/12 [\OML/cmm/m/it/12 ^^V\OT1/cmr/m/n/12 (1 + \OML/cmm/m/it/12 
^^U=\OT1/cmr/m/n/12 4 + \OML/cmm/m/it/12 ^^V\OT1/cmr/m/n/12 )]\OML/cmm/m/it/12 
; \OT1/cmr/m/n/12 1\OML/cmm/m/it/12 =\OT1/cmr/m/n/12 [\OML/cmm/m/it/12 ^^U\OT1/
cmr/m/n/12 (1 + \OML/cmm/m/it/12 ^^U \OT1/cmr/m/n/12 + \OML/cmm/m/it/12 ^^V=\OT
1/cmr/m/n/12 4)]\OML/cmm/m/it/12 ; \OT1/cmr/m/n/12 1\OML/cmm/m/it/12 =\OT1/cmr/
m/n/12 (\OML/cmm/m/it/12 ^^U^^V\OT1/cmr/m/n/12 )\OMS/cmsy/m/n/12 g \OML/cmm/m/i
t/12 ;
 []

[9]
Overfull \hbox (17.62482pt too wide) in paragraph at lines 1744--1744
[][] 
 []


Overfull \hbox (4.95917pt too wide) detected at line 1865
[]
 []

[10]
Overfull \hbox (17.62482pt too wide) in paragraph at lines 1895--1895
[][] 
 []

[11]
Overfull \hbox (17.62482pt too wide) in paragraph at lines 2008--2008
[][] 
 []


LaTeX Warning: Reference `eta' on page 32 undefined on input line 2087.


LaTeX Warning: Reference `deltaepsilon' on page 32 undefined on input line 2111
.


LaTeX Warning: Reference `derivatives' on page 32 undefined on input line 2125.



LaTeX Warning: Reference `distcsantalo' on page 32 undefined on input line 2132
.


LaTeX Warning: Reference `distcsantalok' on page 32 undefined on input line 213
2.


LaTeX Warning: Reference `lambda12' on page 34 undefined on input line 2229.


LaTeX Warning: Reference `cs(K_{0,n})1' on page 34 undefined on input line 2247
.


LaTeX Warning: Reference `cs(K_{0,n})1' on page 34 undefined on input line 2253
.


LaTeX Warning: Reference `cs(K_{0,n})3' on page 34 undefined on input line 2278
.


LaTeX Warning: Reference `cs(K_{0,n})4' on page 34 undefined on input line 2278
.


LaTeX Warning: Reference `cs(K_{0,n})5' on page 34 undefined on input line 2289
.


LaTeX Warning: Reference `arithgeostab' on page 35 undefined on input line 2396
.


LaTeX Warning: Reference `MahReis' on page 35 undefined on input line 2396.


LaTeX Warning: Reference `lambda12' on page 36 undefined on input line 2416.


LaTeX Warning: Reference `epsilon' on page 36 undefined on input line 2416.


LaTeX Warning: Reference `lambda12'' on page 36 undefined on input line 2432.


LaTeX Warning: Reference `cs(K_{0,n})1' on page 36 undefined on input line 2435
.


LaTeX Warning: Reference `cs(K_{0,n})2' on page 36 undefined on input line 2435
.


LaTeX Warning: Reference `cs(K_{0,n})1' on page 36 undefined on input line 2450
.


LaTeX Warning: Reference `cs(K_{0,n})4' on page 36 undefined on input line 2450
.


LaTeX Warning: Reference `cs(K_{0,n})5' on page 36 undefined on input line 2451
.


LaTeX Warning: Reference `sumCj' on page 37 undefined on input line 2508.


LaTeX Warning: Reference `sumproddj' on page 37 undefined on input line 2510.


LaTeX Warning: Reference `proddj' on page 37 undefined on input line 2511.


LaTeX Warning: Reference `arithgeostab' on page 37 undefined on input line 2512
.


LaTeX Warning: Reference `djstab' on page 37 undefined on input line 2557.


LaTeX Warning: Reference `djup' on page 38 undefined on input line 2563.


LaTeX Warning: Reference `3.1' on page 38 undefined on input line 2579.


LaTeX Warning: Reference `djup' on page 38 undefined on input line 2588.


LaTeX Warning: Reference `djlow' on page 38 undefined on input line 2598.


LaTeX Warning: Reference `Cjstab' on page 38 undefined on input line 2608.


LaTeX Warning: Reference `Cjlarge' on page 38 undefined on input line 2608.


LaTeX Warning: Reference `Cjsmall' on page 38 undefined on input line 2608.


LaTeX Warning: Reference `lambda12' on page 38 undefined on input line 2635.


LaTeX Warning: Reference `lambda12'' on page 38 undefined on input line 2635.


LaTeX Warning: Reference `epsilon' on page 38 undefined on input line 2636.


LaTeX Warning: Reference `epsilon'' on page 38 undefined on input line 2636.


LaTeX Warning: Reference `lambda12''' on page 39 undefined on input line 2652.


LaTeX Warning: Reference `cs(K_{0,n})1' on page 39 undefined on input line 2656
.


LaTeX Warning: Reference `cs(K_{0,n})1'' on page 39 undefined on input line 265
6.


LaTeX Warning: Reference `cs(K_{0,n})2' on page 39 undefined on input line 2657
.


LaTeX Warning: Reference `cs(K_{0,n})2'' on page 39 undefined on input line 265
7.


LaTeX Warning: Reference `cs(K_{0,n})1' on page 39 undefined on input line 2671
.


LaTeX Warning: Reference `cs(K_{0,n})1'' on page 39 undefined on input line 267
1.


LaTeX Warning: Reference `cs(K_{0,n})4' on page 39 undefined on input line 2672
.


LaTeX Warning: Reference `cs(K_{0,n})4'' on page 39 undefined on input line 267
2.


LaTeX Warning: Reference `cs(K_{0,n})5' on page 39 undefined on input line 2673
.


LaTeX Warning: Reference `cs(K_{0,n})5'' on page 39 undefined on input line 267
3.

[12]
Overfull \hbox (17.62482pt too wide) in paragraph at lines 2743--2743
[][] 
 []


LaTeX Warning: Reference `Eggleston2' on page 40 undefined on input line 2776.


LaTeX Warning: Reference `Eggleston3' on page 40 undefined on input line 2776.


LaTeX Warning: Reference `Eggleston1' on page 40 undefined on input line 2788.


LaTeX Warning: Reference `Eggleston4' on page 40 undefined on input line 2789.


LaTeX Warning: Reference `alpha _-1' on page 42 undefined on input line 2872.


LaTeX Warning: Reference `alpha _-2' on page 42 undefined on input line 2872.


LaTeX Warning: Reference `alpha _-3' on page 42 undefined on input line 2890.


LaTeX Warning: Reference `alpha _-4' on page 42 undefined on input line 2890.


LaTeX Warning: Reference `alpha _-5' on page 42 undefined on input line 2902.


LaTeX Warning: Reference `alpha _-6' on page 42 undefined on input line 2902.

[13]

LaTeX Warning: Reference `MR' on page 43 undefined on input line 2958.


Underfull \hbox (badness 2894) in paragraph at lines 3226--3229
[]\OT1/cmr/m/n/12 Kim, J., Min-i-mal vol-ume prod-uct near Han-ner poly-topes,
 []


Underfull \hbox (badness 1590) in paragraph at lines 3260--3264
[]\OT1/cmr/m/n/12 Kuperberg. G., From the Mahler con-jec-ture to Gauss link-
 []


Underfull \hbox (badness 10000) in paragraph at lines 3260--3264
\OT1/cmr/m/n/12 ing in-te-grals, \OT1/cmr/m/it/12 Geom. Funct. Anal. \OT1/cmr/b
x/n/12 18 \OT1/cmr/m/n/12 (2008), 870-892,
 []


Underfull \hbox (badness 1112) in paragraph at lines 3462--3465
[]\OT1/cmr/m/n/12 Santal^^So, L. A., An affine in-vari-ant for con-vex bod-ies 
of $\OML/cmm/m/it/12 n$\OT1/cmr/m/n/12 -
 []

(source_extraction/results/1507.01481.aux)

LaTeX Warning: There were undefined references.

 ) 
Here is how much of TeX's memory you used:
 2345 strings out of 494260
 27665 string characters out of 6168642
 95668 words of memory out of 5000000
 5688 multiletter control sequences out of 15000+600000
 16408 words of font info for 61 fonts, out of 8000000 for 9000
 497 hyphenation exceptions out of 8191
 30i,16n,26p,892b,238s stack positions out of 5000i,500n,10000p,200000b,80000s
</usr/share/texlive/texmf-dist/fonts/type1/public/amsfonts/cm/cmbx12.pfb></us
r/share/texlive/texmf-dist/fonts/type1/public/amsfonts/cm/cmex10.pfb></usr/shar
e/texlive/texmf-dist/fonts/type1/public/amsfonts/cm/cmmi12.pfb></usr/share/texl
ive/texmf-dist/fonts/type1/public/amsfonts/cm/cmmi8.pfb></usr/share/texlive/tex
mf-dist/fonts/type1/public/amsfonts/cm/cmr12.pfb></usr/share/texlive/texmf-dist
/fonts/type1/public/amsfonts/cm/cmr6.pfb></usr/share/texlive/texmf-dist/fonts/t
ype1/public/amsfonts/cm/cmr8.pfb></usr/share/texlive/texmf-dist/fonts/type1/pub
lic/amsfonts/cm/cmsy10.pfb></usr/share/texlive/texmf-dist/fonts/type1/public/am
sfonts/cm/cmsy8.pfb></usr/share/texlive/texmf-dist/fonts/type1/public/amsfonts/
cm/cmti12.pfb></usr/share/texlive/texmf-dist/fonts/type1/public/amsfonts/symbol
s/msbm10.pfb>
Output written on source_extraction/results/1507.01481.pdf (13 pages, 118682 by
tes).
PDF statistics:
 91 PDF objects out of 1000 (max. 8388607)
 64 compressed objects within 1 object stream
 0 named destinations out of 1000 (max. 500000)
 1 words of extra memory for PDF output out of 10000 (max. 10000000)

