This is pdfTeX, Version 3.14159265-2.6-1.40.18 (TeX Live 2017/Debian) (preloaded format=pdflatex 2018.11.16)  29 NOV 2018 14:49
entering extended mode
 restricted \write18 enabled.
 %&-line parsing enabled.
**source_extraction/results/1508.02701.tex
(./source_extraction/results/1508.02701.tex
LaTeX2e <2017-04-15>
Babel <3.18> and hyphenation patterns for 20 language(s) loaded.
(/usr/share/texlive/texmf-dist/tex/latex/amscls/amsart.cls
Document Class: amsart 2017/10/31 v2.20.4
\linespacing=\dimen102
\normalparindent=\dimen103
\normaltopskip=\skip41
(/usr/share/texlive/texmf-dist/tex/latex/amsmath/amsmath.sty
Package: amsmath 2017/09/02 v2.17a AMS math features
\@mathmargin=\skip42

For additional information on amsmath, use the `?' option.
(/usr/share/texlive/texmf-dist/tex/latex/amsmath/amstext.sty
Package: amstext 2000/06/29 v2.01 AMS text

(/usr/share/texlive/texmf-dist/tex/latex/amsmath/amsgen.sty
File: amsgen.sty 1999/11/30 v2.0 generic functions
\@emptytoks=\toks14
\ex@=\dimen104
))
(/usr/share/texlive/texmf-dist/tex/latex/amsmath/amsbsy.sty
Package: amsbsy 1999/11/29 v1.2d Bold Symbols
\pmbraise@=\dimen105
)
(/usr/share/texlive/texmf-dist/tex/latex/amsmath/amsopn.sty
Package: amsopn 2016/03/08 v2.02 operator names
)
\inf@bad=\count79
LaTeX Info: Redefining \frac on input line 213.
\uproot@=\count80
\leftroot@=\count81
LaTeX Info: Redefining \overline on input line 375.
\classnum@=\count82
\DOTSCASE@=\count83
LaTeX Info: Redefining \ldots on input line 472.
LaTeX Info: Redefining \dots on input line 475.
LaTeX Info: Redefining \cdots on input line 596.
\Mathstrutbox@=\box26
\strutbox@=\box27
\big@size=\dimen106
LaTeX Font Info:    Redeclaring font encoding OML on input line 712.
LaTeX Font Info:    Redeclaring font encoding OMS on input line 713.
\macc@depth=\count84
\c@MaxMatrixCols=\count85
\dotsspace@=\muskip10
\c@parentequation=\count86
\dspbrk@lvl=\count87
\tag@help=\toks15
\row@=\count88
\column@=\count89
\maxfields@=\count90
\andhelp@=\toks16
\eqnshift@=\dimen107
\alignsep@=\dimen108
\tagshift@=\dimen109
\tagwidth@=\dimen110
\totwidth@=\dimen111
\lineht@=\dimen112
\@envbody=\toks17
\multlinegap=\skip43
\multlinetaggap=\skip44
\mathdisplay@stack=\toks18
LaTeX Info: Redefining \[ on input line 2817.
LaTeX Info: Redefining \] on input line 2818.
)
LaTeX Font Info:    Try loading font information for U+msa on input line 398.

(/usr/share/texlive/texmf-dist/tex/latex/amsfonts/umsa.fd
File: umsa.fd 2013/01/14 v3.01 AMS symbols A
)
(/usr/share/texlive/texmf-dist/tex/latex/amsfonts/amsfonts.sty
Package: amsfonts 2013/01/14 v3.01 Basic AMSFonts support
\symAMSa=\mathgroup4
\symAMSb=\mathgroup5
LaTeX Font Info:    Overwriting math alphabet `\mathfrak' in version `bold'
(Font)                  U/euf/m/n --> U/euf/b/n on input line 106.
)
\copyins=\insert199
\abstractbox=\box28
\listisep=\skip45
\c@part=\count91
\c@section=\count92
\c@subsection=\count93
\c@subsubsection=\count94
\c@paragraph=\count95
\c@subparagraph=\count96
\c@figure=\count97
\c@table=\count98
\abovecaptionskip=\skip46
\belowcaptionskip=\skip47
\captionindent=\dimen113
\thm@style=\toks19
\thm@bodyfont=\toks20
\thm@headfont=\toks21
\thm@notefont=\toks22
\thm@headpunct=\toks23
\thm@preskip=\skip48
\thm@postskip=\skip49
\thm@headsep=\skip50
\dth@everypar=\toks24
)
(/usr/share/texlive/texmf-dist/tex/latex/amsmath/amscd.sty
Package: amscd 2017/04/14 v2.1 AMS Commutative Diagrams
\athelp@=\toks25
\minaw@=\dimen114
\bigaw@=\dimen115
\minCDarrowwidth=\dimen116
)
(/usr/share/texlive/texmf-dist/tex/latex/amsfonts/amssymb.sty
Package: amssymb 2013/01/14 v3.01 AMS font symbols
)
(/usr/share/texlive/texmf-dist/tex/latex/graphics/epsfig.sty
Package: epsfig 2017/06/25 v1.7b (e)psfig emulation (SPQR)

(/usr/share/texlive/texmf-dist/tex/latex/graphics/graphicx.sty
Package: graphicx 2017/06/01 v1.1a Enhanced LaTeX Graphics (DPC,SPQR)

(/usr/share/texlive/texmf-dist/tex/latex/graphics/keyval.sty
Package: keyval 2014/10/28 v1.15 key=value parser (DPC)
\KV@toks@=\toks26
)
(/usr/share/texlive/texmf-dist/tex/latex/graphics/graphics.sty
Package: graphics 2017/06/25 v1.2c Standard LaTeX Graphics (DPC,SPQR)

(/usr/share/texlive/texmf-dist/tex/latex/graphics/trig.sty
Package: trig 2016/01/03 v1.10 sin cos tan (DPC)
)
(/usr/share/texlive/texmf-dist/tex/latex/graphics-cfg/graphics.cfg
File: graphics.cfg 2016/06/04 v1.11 sample graphics configuration
)
Package graphics Info: Driver file: pdftex.def on input line 99.

(/usr/share/texlive/texmf-dist/tex/latex/graphics-def/pdftex.def
File: pdftex.def 2018/01/08 v1.0l Graphics/color driver for pdftex
))
\Gin@req@height=\dimen117
\Gin@req@width=\dimen118
)
\epsfxsize=\dimen119
\epsfysize=\dimen120
)
(./extract.sty (/usr/share/texlive/texmf-dist/tex/latex/environ/environ.sty
Package: environ 2014/05/04 v0.3 A new way to define environments

(/usr/share/texlive/texmf-dist/tex/latex/trimspaces/trimspaces.sty
Package: trimspaces 2009/09/17 v1.1 Trim spaces around a token list
))
(/usr/share/texlive/texmf-dist/tex/latex/etextools/etextools.sty
Package: etextools 2010/12/07 v3.1415926 e-TeX more useful tools for LaTeX pack
age writers

(/usr/share/texlive/texmf-dist/tex/latex/etex-pkg/etex.sty
Package: etex 2016/08/01 v2.7 eTeX basic definition package (PEB,DPC)
\et@xins=\count99
)
(/usr/share/texlive/texmf-dist/tex/latex/etoolbox/etoolbox.sty
Package: etoolbox 2018/02/11 v2.5e e-TeX tools for LaTeX (JAW)
\etb@tempcnta=\count100
)
(/usr/share/texlive/texmf-dist/tex/latex/oberdiek/letltxmacro.sty
Package: letltxmacro 2016/05/16 v1.5 Let assignment for LaTeX macros (HO)
)
\ettl@fter=\count101
\ettl@for@nested=\count277
)
(/usr/share/texmf/tex/latex/preview/preview.sty
Package: preview 2017/04/24 11.91 (AUCTeX/preview-latex)

(/usr/share/texmf/tex/latex/preview/prtightpage.def
\PreviewBorder=\dimen121
)
\pr@snippet=\count102
\pr@box=\box29
\pr@output=\toks27
)
\c@propcounter=\count103
\mybox=\box30
)
\c@theorem=\count104

(source_extraction/results/1508.02701.aux)
\openout1 = `1508.02701.aux'.

LaTeX Font Info:    Checking defaults for OML/cmm/m/it on input line 35.
LaTeX Font Info:    ... okay on input line 35.
LaTeX Font Info:    Checking defaults for T1/cmr/m/n on input line 35.
LaTeX Font Info:    ... okay on input line 35.
LaTeX Font Info:    Checking defaults for OT1/cmr/m/n on input line 35.
LaTeX Font Info:    ... okay on input line 35.
LaTeX Font Info:    Checking defaults for OMS/cmsy/m/n on input line 35.
LaTeX Font Info:    ... okay on input line 35.
LaTeX Font Info:    Checking defaults for OMX/cmex/m/n on input line 35.
LaTeX Font Info:    ... okay on input line 35.
LaTeX Font Info:    Checking defaults for U/cmr/m/n on input line 35.
LaTeX Font Info:    ... okay on input line 35.
LaTeX Font Info:    Try loading font information for U+msa on input line 35.

(/usr/share/texlive/texmf-dist/tex/latex/amsfonts/umsa.fd
File: umsa.fd 2013/01/14 v3.01 AMS symbols A
)
LaTeX Font Info:    Try loading font information for U+msb on input line 35.

(/usr/share/texlive/texmf-dist/tex/latex/amsfonts/umsb.fd
File: umsb.fd 2013/01/14 v3.01 AMS symbols B
)
(/usr/share/texlive/texmf-dist/tex/context/base/mkii/supp-pdf.mkii
[Loading MPS to PDF converter (version 2006.09.02).]
\scratchcounter=\count105
\scratchdimen=\dimen122
\scratchbox=\box31
\nofMPsegments=\count106
\nofMParguments=\count107
\everyMPshowfont=\toks28
\MPscratchCnt=\count108
\MPscratchDim=\dimen123
\MPnumerator=\count109
\makeMPintoPDFobject=\count110
\everyMPtoPDFconversion=\toks29
) (/usr/share/texlive/texmf-dist/tex/latex/oberdiek/epstopdf-base.sty
Package: epstopdf-base 2016/05/15 v2.6 Base part for package epstopdf

(/usr/share/texlive/texmf-dist/tex/generic/oberdiek/infwarerr.sty
Package: infwarerr 2016/05/16 v1.4 Providing info/warning/error messages (HO)
)
(/usr/share/texlive/texmf-dist/tex/latex/oberdiek/grfext.sty
Package: grfext 2016/05/16 v1.2 Manage graphics extensions (HO)

(/usr/share/texlive/texmf-dist/tex/generic/oberdiek/kvdefinekeys.sty
Package: kvdefinekeys 2016/05/16 v1.4 Define keys (HO)

(/usr/share/texlive/texmf-dist/tex/generic/oberdiek/ltxcmds.sty
Package: ltxcmds 2016/05/16 v1.23 LaTeX kernel commands for general use (HO)
)))
(/usr/share/texlive/texmf-dist/tex/latex/oberdiek/kvoptions.sty
Package: kvoptions 2016/05/16 v3.12 Key value format for package options (HO)

(/usr/share/texlive/texmf-dist/tex/generic/oberdiek/kvsetkeys.sty
Package: kvsetkeys 2016/05/16 v1.17 Key value parser (HO)

(/usr/share/texlive/texmf-dist/tex/generic/oberdiek/etexcmds.sty
Package: etexcmds 2016/05/16 v1.6 Avoid name clashes with e-TeX commands (HO)

(/usr/share/texlive/texmf-dist/tex/generic/oberdiek/ifluatex.sty
Package: ifluatex 2016/05/16 v1.4 Provides the ifluatex switch (HO)
Package ifluatex Info: LuaTeX not detected.
)
Package etexcmds Info: Could not find \expanded.
(etexcmds)             That can mean that you are not using pdfTeX 1.50 or
(etexcmds)             that some package has redefined \expanded.
(etexcmds)             In the latter case, load this package earlier.
)))
(/usr/share/texlive/texmf-dist/tex/generic/oberdiek/pdftexcmds.sty
Package: pdftexcmds 2018/01/21 v0.26 Utility functions of pdfTeX for LuaTeX (HO
)

(/usr/share/texlive/texmf-dist/tex/generic/oberdiek/ifpdf.sty
Package: ifpdf 2017/03/15 v3.2 Provides the ifpdf switch
)
Package pdftexcmds Info: LuaTeX not detected.
Package pdftexcmds Info: \pdf@primitive is available.
Package pdftexcmds Info: \pdf@ifprimitive is available.
Package pdftexcmds Info: \pdfdraftmode found.
)
Package epstopdf-base Info: Redefining graphics rule for `.eps' on input line 4
38.
Package grfext Info: Graphics extension search list:
(grfext)             [.pdf,.png,.jpg,.mps,.jpeg,.jbig2,.jb2,.PDF,.PNG,.JPG,.JPE
G,.JBIG2,.JB2,.eps]
(grfext)             \AppendGraphicsExtensions on input line 456.

(/usr/share/texlive/texmf-dist/tex/latex/latexconfig/epstopdf-sys.cfg
File: epstopdf-sys.cfg 2010/07/13 v1.3 Configuration of (r)epstopdf for TeX Liv
e
))
Preview: Fontsize 10pt
Preview: PDFoutput 1
(source_extraction/results/1508.02701.toc)
\tf@toc=\write3
\openout3 = `1508.02701.toc'.



LaTeX Warning: Reference `factorized' on page 1 undefined on input line 50.


LaTeX Warning: Reference `label_1' on page 2 undefined on input line 81.


LaTeX Warning: Reference `label_1' on page 2 undefined on input line 83.


LaTeX Warning: Reference `label_1' on page 2 undefined on input line 91.


LaTeX Warning: Reference `label_3' on page 2 undefined on input line 95.


LaTeX Warning: Reference `label_1' on page 2 undefined on input line 95.


LaTeX Warning: Reference `label_1' on page 3 undefined on input line 99.


LaTeX Warning: Reference `label_1' on page 3 undefined on input line 103.


LaTeX Warning: Reference `label_1' on page 3 undefined on input line 123.


LaTeX Warning: Reference `label_1' on page 4 undefined on input line 146.


LaTeX Warning: Reference `label_1' on page 4 undefined on input line 150.


LaTeX Warning: Reference `label_1' on page 4 undefined on input line 159.


LaTeX Warning: Reference `label_1' on page 4 undefined on input line 178.

Preview: Tightpage -32891 -32891 32891 32891
[1{/var/lib/texmf/fonts/map/pdftex/updmap/pdftex.map}]
Overfull \hbox (12.0pt too wide) in paragraph at lines 178--178
[][] 
 []


LaTeX Warning: Reference `label_1' on page 5 undefined on input line 201.


LaTeX Warning: Reference `label_4' on page 5 undefined on input line 201.

[2]
Overfull \hbox (83.36128pt too wide) in paragraph at lines 180--201
\OT1/cmr/m/n/10 fol-low-ing the-o-rem: [] 
 []


Overfull \hbox (1.13968pt too wide) in paragraph at lines 207--208
[]\OT1/cmr/m/n/10 the for-mu-la-tion of an ap-pro-pri-ate form of a ra-dial tru
n-ca-tion lemma, Lemma
 []


Underfull \vbox (badness 10000) has occurred while \output is active []



LaTeX Warning: Reference `label_1' on page 6 undefined on input line 214.


LaTeX Warning: Reference `label_1' on page 6 undefined on input line 224.


LaTeX Warning: Reference `label_1' on page 6 undefined on input line 234.

[3]
Overfull \hbox (12.0pt too wide) in paragraph at lines 234--234
[][] 
 []


LaTeX Warning: Reference `label_1' on page 7 undefined on input line 283.


LaTeX Warning: Reference `label_1' on page 7 undefined on input line 298.

[4]
Overfull \hbox (12.0pt too wide) in paragraph at lines 298--298
[][] 
 []


LaTeX Warning: Reference `label_1' on page 8 undefined on input line 314.


LaTeX Warning: Reference `label_28' on page 8 undefined on input line 314.


LaTeX Warning: Reference `label_28' on page 8 undefined on input line 314.


LaTeX Warning: Reference `label_1' on page 8 undefined on input line 324.


LaTeX Warning: Reference `label_1' on page 8 undefined on input line 324.

[5]
Overfull \hbox (12.0pt too wide) in paragraph at lines 324--324
[][] 
 []


LaTeX Warning: Reference `label_1' on page 8 undefined on input line 337.


LaTeX Warning: Reference `label_a1' on page 8 undefined on input line 337.


LaTeX Warning: Reference `label_36' on page 8 undefined on input line 337.


LaTeX Warning: Reference `label_1' on page 8 undefined on input line 350.


LaTeX Warning: Reference `label_1' on page 8 undefined on input line 350.


LaTeX Warning: Reference `label_4' on page 8 undefined on input line 350.

[6]
Overfull \hbox (12.0pt too wide) in paragraph at lines 350--350
[][] 
 []


LaTeX Warning: Reference `label_1' on page 9 undefined on input line 400.


LaTeX Warning: Reference `label_11' on page 9 undefined on input line 400.


LaTeX Warning: Reference `label_15' on page 10 undefined on input line 400.


LaTeX Warning: Reference `label_15' on page 10 undefined on input line 400.


LaTeX Warning: Reference `label_15' on page 10 undefined on input line 400.

[7]
Overfull \hbox (12.0pt too wide) in paragraph at lines 409--409
[][] 
 []


LaTeX Warning: Reference `label_1' on page 10 undefined on input line 414.


LaTeX Warning: Reference `label_1' on page 10 undefined on input line 424.


LaTeX Warning: Reference `label_1' on page 10 undefined on input line 424.

[8]
Overfull \hbox (12.0pt too wide) in paragraph at lines 424--424
[][] 
 []


LaTeX Warning: Reference `label_1' on page 11 undefined on input line 510.


LaTeX Warning: Reference `label_31' on page 11 undefined on input line 510.


LaTeX Warning: Reference `label_31' on page 11 undefined on input line 510.


LaTeX Warning: Reference `label_30' on page 11 undefined on input line 510.


LaTeX Warning: Reference `label_30' on page 11 undefined on input line 510.


LaTeX Warning: Reference `label_30' on page 11 undefined on input line 510.


LaTeX Warning: Reference `label_33' on page 12 undefined on input line 510.


LaTeX Warning: Reference `label_33' on page 12 undefined on input line 510.


LaTeX Warning: Reference `label_32' on page 13 undefined on input line 510.


LaTeX Warning: Reference `label_1' on page 13 undefined on input line 522.


LaTeX Warning: Reference `label_1' on page 13 undefined on input line 522.

[9]
Overfull \hbox (12.0pt too wide) in paragraph at lines 522--522
[][] 
 []


LaTeX Warning: Reference `label_38' on page 13 undefined on input line 558.


LaTeX Warning: Reference `label_38' on page 13 undefined on input line 558.


LaTeX Warning: Reference `label_36' on page 13 undefined on input line 558.


LaTeX Warning: Reference `label_37' on page 13 undefined on input line 558.


LaTeX Warning: Reference `label_39' on page 13 undefined on input line 558.


LaTeX Warning: Reference `label_1' on page 14 undefined on input line 570.

[10]
Overfull \hbox (12.0pt too wide) in paragraph at lines 570--570
[][] 
 []


LaTeX Warning: Reference `label_41' on page 15 undefined on input line 600.


LaTeX Warning: Reference `label_41' on page 15 undefined on input line 600.


LaTeX Warning: Reference `label_1' on page 15 undefined on input line 605.


LaTeX Warning: Reference `label_1' on page 16 undefined on input line 657.

[11]
Overfull \hbox (12.0pt too wide) in paragraph at lines 657--657
[][] 
 []

[12]
Overfull \hbox (12.0pt too wide) in paragraph at lines 674--674
[][] 
 []


LaTeX Warning: Reference `label_app_localized' on page 17 undefined on input li
ne 676.


LaTeX Warning: Reference `label_50' on page 17 undefined on input line 808.


LaTeX Warning: Reference `label_48' on page 17 undefined on input line 808.


LaTeX Warning: Reference `label_50' on page 18 undefined on input line 808.


LaTeX Warning: Reference `label_53' on page 18 undefined on input line 808.


LaTeX Warning: Reference `label_49' on page 18 undefined on input line 808.


LaTeX Warning: Reference `label_55' on page 18 undefined on input line 808.


LaTeX Warning: Reference `label_55' on page 18 undefined on input line 808.


LaTeX Warning: Reference `label_57' on page 19 undefined on input line 808.


LaTeX Warning: Reference `label_57' on page 19 undefined on input line 808.


LaTeX Warning: Reference `label_56' on page 19 undefined on input line 808.


LaTeX Warning: Reference `label_58' on page 19 undefined on input line 808.


LaTeX Warning: Reference `label_52' on page 20 undefined on input line 808.


LaTeX Warning: Reference `label_51' on page 20 undefined on input line 808.


LaTeX Warning: Reference `label_54' on page 20 undefined on input line 808.


LaTeX Warning: Reference `label_59' on page 20 undefined on input line 808.


LaTeX Warning: Reference `label_61' on page 20 undefined on input line 808.


LaTeX Warning: Reference `label_52' on page 20 undefined on input line 808.


LaTeX Warning: Reference `label_46' on page 21 undefined on input line 878.


LaTeX Warning: Reference `label_46' on page 21 undefined on input line 878.


LaTeX Warning: Reference `label_4' on page 21 undefined on input line 878.


LaTeX Warning: Reference `label_47' on page 21 undefined on input line 878.


LaTeX Warning: Reference `label_47' on page 21 undefined on input line 878.


LaTeX Warning: Reference `label_42' on page 22 undefined on input line 878.


LaTeX Warning: Reference `label_20' on page 22 undefined on input line 978.


LaTeX Warning: Reference `label_21' on page 22 undefined on input line 978.


LaTeX Warning: Reference `label_22' on page 22 undefined on input line 978.


LaTeX Warning: Reference `label_23' on page 22 undefined on input line 978.


LaTeX Warning: Reference `label_25' on page 23 undefined on input line 978.

Missing character: There is no â in font cmr8!
Missing character: There is no € in font cmr8!
Missing character: There is no “ in font cmr8!
Missing character: There is no â in font cmr8!
Missing character: There is no € in font cmr8!
Missing character: There is no “ in font cmr8!
Missing character: There is no â in font cmr8!
Missing character: There is no € in font cmr8!
Missing character: There is no “ in font cmr8!
Missing character: There is no â in font cmr8!
Missing character: There is no € in font cmr8!
Missing character: There is no “ in font cmr8!
Missing character: There is no â in font cmr8!
Missing character: There is no € in font cmr8!
Missing character: There is no “ in font cmr8!
Missing character: There is no Ã in font cmr8!
Missing character: There is no ¶ in font cmr8!
Missing character: There is no â in font cmr8!
Missing character: There is no € in font cmr8!
Missing character: There is no “ in font cmr8!
Missing character: There is no â in font cmr8!
Missing character: There is no € in font cmr8!
Missing character: There is no “ in font cmr8!
(source_extraction/results/1508.02701.aux)

LaTeX Warning: There were undefined references.

 ) 
Here is how much of TeX's memory you used:
 3943 strings out of 494260
 50506 string characters out of 6168642
 158285 words of memory out of 5000000
 7055 multiletter control sequences out of 15000+600000
 12916 words of font info for 47 fonts, out of 8000000 for 9000
 658 hyphenation exceptions out of 8191
 41i,16n,32p,1114b,333s stack positions out of 5000i,500n,10000p,200000b,80000s
</usr/share/texlive/texmf-dist/fonts/type1/public/amsfonts/cm/cmbx10.pfb></us
r/share/texlive/texmf-dist/fonts/type1/public/amsfonts/cm/cmex10.pfb></usr/shar
e/texlive/texmf-dist/fonts/type1/public/amsfonts/cm/cmmi10.pfb></usr/share/texl
ive/texmf-dist/fonts/type1/public/amsfonts/cm/cmmi5.pfb></usr/share/texlive/tex
mf-dist/fonts/type1/public/amsfonts/cm/cmmi7.pfb></usr/share/texlive/texmf-dist
/fonts/type1/public/amsfonts/cm/cmr10.pfb></usr/share/texlive/texmf-dist/fonts/
type1/public/amsfonts/cm/cmr5.pfb></usr/share/texlive/texmf-dist/fonts/type1/pu
blic/amsfonts/cm/cmr7.pfb></usr/share/texlive/texmf-dist/fonts/type1/public/ams
fonts/cm/cmsy10.pfb></usr/share/texlive/texmf-dist/fonts/type1/public/amsfonts/
cm/cmsy5.pfb></usr/share/texlive/texmf-dist/fonts/type1/public/amsfonts/cm/cmsy
7.pfb></usr/share/texlive/texmf-dist/fonts/type1/public/amsfonts/cm/cmti10.pfb>
</usr/share/texlive/texmf-dist/fonts/type1/public/amsfonts/symbols/msam10.pfb><
/usr/share/texlive/texmf-dist/fonts/type1/public/amsfonts/symbols/msbm10.pfb>
Output written on source_extraction/results/1508.02701.pdf (12 pages, 156041 by
tes).
PDF statistics:
 99 PDF objects out of 1000 (max. 8388607)
 70 compressed objects within 1 object stream
 0 named destinations out of 1000 (max. 500000)
 1 words of extra memory for PDF output out of 10000 (max. 10000000)

