This is pdfTeX, Version 3.14159265-2.6-1.40.18 (TeX Live 2017/Debian) (preloaded format=pdflatex 2018.11.16)  29 NOV 2018 14:49
entering extended mode
 restricted \write18 enabled.
 %&-line parsing enabled.
**source_extraction/results/1508.05905.tex
(./source_extraction/results/1508.05905.tex
LaTeX2e <2017-04-15>
Babel <3.18> and hyphenation patterns for 20 language(s) loaded.
(/usr/share/texlive/texmf-dist/tex/latex/amscls/amsart.cls
Document Class: amsart 2017/10/31 v2.20.4
\linespacing=\dimen102
\normalparindent=\dimen103
\normaltopskip=\skip41
(/usr/share/texlive/texmf-dist/tex/latex/amsmath/amsmath.sty
Package: amsmath 2017/09/02 v2.17a AMS math features
\@mathmargin=\skip42

For additional information on amsmath, use the `?' option.
(/usr/share/texlive/texmf-dist/tex/latex/amsmath/amstext.sty
Package: amstext 2000/06/29 v2.01 AMS text

(/usr/share/texlive/texmf-dist/tex/latex/amsmath/amsgen.sty
File: amsgen.sty 1999/11/30 v2.0 generic functions
\@emptytoks=\toks14
\ex@=\dimen104
))
(/usr/share/texlive/texmf-dist/tex/latex/amsmath/amsbsy.sty
Package: amsbsy 1999/11/29 v1.2d Bold Symbols
\pmbraise@=\dimen105
)
(/usr/share/texlive/texmf-dist/tex/latex/amsmath/amsopn.sty
Package: amsopn 2016/03/08 v2.02 operator names
)
\inf@bad=\count79
LaTeX Info: Redefining \frac on input line 213.
\uproot@=\count80
\leftroot@=\count81
LaTeX Info: Redefining \overline on input line 375.
\classnum@=\count82
\DOTSCASE@=\count83
LaTeX Info: Redefining \ldots on input line 472.
LaTeX Info: Redefining \dots on input line 475.
LaTeX Info: Redefining \cdots on input line 596.
\Mathstrutbox@=\box26
\strutbox@=\box27
\big@size=\dimen106
LaTeX Font Info:    Redeclaring font encoding OML on input line 712.
LaTeX Font Info:    Redeclaring font encoding OMS on input line 713.
\macc@depth=\count84
\c@MaxMatrixCols=\count85
\dotsspace@=\muskip10
\c@parentequation=\count86
\dspbrk@lvl=\count87
\tag@help=\toks15
\row@=\count88
\column@=\count89
\maxfields@=\count90
\andhelp@=\toks16
\eqnshift@=\dimen107
\alignsep@=\dimen108
\tagshift@=\dimen109
\tagwidth@=\dimen110
\totwidth@=\dimen111
\lineht@=\dimen112
\@envbody=\toks17
\multlinegap=\skip43
\multlinetaggap=\skip44
\mathdisplay@stack=\toks18
LaTeX Info: Redefining \[ on input line 2817.
LaTeX Info: Redefining \] on input line 2818.
)
LaTeX Font Info:    Try loading font information for U+msa on input line 398.

(/usr/share/texlive/texmf-dist/tex/latex/amsfonts/umsa.fd
File: umsa.fd 2013/01/14 v3.01 AMS symbols A
)
(/usr/share/texlive/texmf-dist/tex/latex/amsfonts/amsfonts.sty
Package: amsfonts 2013/01/14 v3.01 Basic AMSFonts support
\symAMSa=\mathgroup4
\symAMSb=\mathgroup5
LaTeX Font Info:    Overwriting math alphabet `\mathfrak' in version `bold'
(Font)                  U/euf/m/n --> U/euf/b/n on input line 106.
)
\copyins=\insert199
\abstractbox=\box28
\listisep=\skip45
\c@part=\count91
\c@section=\count92
\c@subsection=\count93
\c@subsubsection=\count94
\c@paragraph=\count95
\c@subparagraph=\count96
\c@figure=\count97
\c@table=\count98
\abovecaptionskip=\skip46
\belowcaptionskip=\skip47
\captionindent=\dimen113
\thm@style=\toks19
\thm@bodyfont=\toks20
\thm@headfont=\toks21
\thm@notefont=\toks22
\thm@headpunct=\toks23
\thm@preskip=\skip48
\thm@postskip=\skip49
\thm@headsep=\skip50
\dth@everypar=\toks24
)
(/usr/share/texlive/texmf-dist/tex/latex/base/fontenc.sty
Package: fontenc 2017/04/05 v2.0i Standard LaTeX package

(/usr/share/texlive/texmf-dist/tex/latex/base/ot1enc.def
File: ot1enc.def 2017/04/05 v2.0i Standard LaTeX file
LaTeX Font Info:    Redeclaring font encoding OT1 on input line 48.
))
(/usr/share/texlive/texmf-dist/tex/latex/natbib/natbib.sty
Package: natbib 2010/09/13 8.31b (PWD, AO)
\bibhang=\skip51
\bibsep=\skip52
LaTeX Info: Redefining \cite on input line 694.
\c@NAT@ctr=\count99
)
(/usr/share/texlive/texmf-dist/tex/latex/amsfonts/amssymb.sty
Package: amssymb 2013/01/14 v3.01 AMS font symbols
)
(/usr/share/texlive/texmf-dist/tex/latex/anysize/anysize.sty
Package: anysize 1994/08/13 setting margin sizes

document style option `anysize' loaded
Michael Salzenberg, Thomas Esser, Dirk Hillbrecht
Version 1.0, Aug 13, 1994
\@Leftmargin=\dimen114
\@Rightmargin=\dimen115
\@Topmargin=\dimen116
\@Bottommargin=\dimen117
) (/usr/share/texlive/texmf-dist/tex/latex/extarrows/extarrows.sty
Package: extarrows 2008/05/15 v1.0b Some extensible arrows
)
(/usr/share/texlive/texmf-dist/tex/latex/multirow/multirow.sty
Package: multirow 2016/11/25 v2.2 Span multiple rows of a table
\multirow@colwidth=\skip53
\multirow@cntb=\count100
\multirow@dima=\skip54
\bigstrutjot=\dimen118
)
(/usr/share/texlive/texmf-dist/tex/latex/stmaryrd/stmaryrd.sty
Package: stmaryrd 1994/03/03 St Mary's Road symbol package
\symstmry=\mathgroup6
LaTeX Font Info:    Overwriting symbol font `stmry' in version `bold'
(Font)                  U/stmry/m/n --> U/stmry/b/n on input line 89.
)
(/usr/share/texlive/texmf-dist/tex/latex/graphics/color.sty
Package: color 2016/07/10 v1.1e Standard LaTeX Color (DPC)

(/usr/share/texlive/texmf-dist/tex/latex/graphics-cfg/color.cfg
File: color.cfg 2016/01/02 v1.6 sample color configuration
)
Package color Info: Driver file: pdftex.def on input line 147.

(/usr/share/texlive/texmf-dist/tex/latex/graphics-def/pdftex.def
File: pdftex.def 2018/01/08 v1.0l Graphics/color driver for pdftex
))
(/usr/share/texlive/texmf-dist/tex/latex/enumitem/enumitem.sty
Package: enumitem 2011/09/28 v3.5.2 Customized lists
\enitkv@toks@=\toks25
\labelindent=\skip55
\enit@outerparindent=\dimen119
\enit@toks=\toks26
\enit@inbox=\box29
\enitdp@description=\count101
)
(/usr/share/texlive/texmf-dist/tex/latex/jknapltx/mathrsfs.sty
Package: mathrsfs 1996/01/01 Math RSFS package v1.0 (jk)
\symrsfs=\mathgroup7
) (./extract.sty
(/usr/share/texlive/texmf-dist/tex/latex/environ/environ.sty
Package: environ 2014/05/04 v0.3 A new way to define environments

(/usr/share/texlive/texmf-dist/tex/latex/trimspaces/trimspaces.sty
Package: trimspaces 2009/09/17 v1.1 Trim spaces around a token list
))
(/usr/share/texlive/texmf-dist/tex/latex/etextools/etextools.sty
Package: etextools 2010/12/07 v3.1415926 e-TeX more useful tools for LaTeX pack
age writers

(/usr/share/texlive/texmf-dist/tex/latex/etex-pkg/etex.sty
Package: etex 2016/08/01 v2.7 eTeX basic definition package (PEB,DPC)
\et@xins=\count102
)
(/usr/share/texlive/texmf-dist/tex/latex/etoolbox/etoolbox.sty
Package: etoolbox 2018/02/11 v2.5e e-TeX tools for LaTeX (JAW)
\etb@tempcnta=\count103
)
(/usr/share/texlive/texmf-dist/tex/latex/oberdiek/letltxmacro.sty
Package: letltxmacro 2016/05/16 v1.5 Let assignment for LaTeX macros (HO)
)
\ettl@fter=\count104
\ettl@for@nested=\count277
)
(/usr/share/texmf/tex/latex/preview/preview.sty
Package: preview 2017/04/24 11.91 (AUCTeX/preview-latex)

(/usr/share/texmf/tex/latex/preview/prtightpage.def
\PreviewBorder=\dimen120
)
\pr@snippet=\count105
\pr@box=\box30
\pr@output=\toks27
)
\c@propcounter=\count106
\mybox=\box31
)
\c@theorem=\count107
\c@kevin=\count108

(source_extraction/results/1508.05905.aux)
\openout1 = `1508.05905.aux'.

LaTeX Font Info:    Checking defaults for OML/cmm/m/it on input line 75.
LaTeX Font Info:    ... okay on input line 75.
LaTeX Font Info:    Checking defaults for T1/cmr/m/n on input line 75.
LaTeX Font Info:    ... okay on input line 75.
LaTeX Font Info:    Checking defaults for OT1/cmr/m/n on input line 75.
LaTeX Font Info:    ... okay on input line 75.
LaTeX Font Info:    Checking defaults for OMS/cmsy/m/n on input line 75.
LaTeX Font Info:    ... okay on input line 75.
LaTeX Font Info:    Checking defaults for OMX/cmex/m/n on input line 75.
LaTeX Font Info:    ... okay on input line 75.
LaTeX Font Info:    Checking defaults for U/cmr/m/n on input line 75.
LaTeX Font Info:    ... okay on input line 75.
LaTeX Font Info:    Try loading font information for U+msa on input line 75.

(/usr/share/texlive/texmf-dist/tex/latex/amsfonts/umsa.fd
File: umsa.fd 2013/01/14 v3.01 AMS symbols A
)
LaTeX Font Info:    Try loading font information for U+msb on input line 75.

(/usr/share/texlive/texmf-dist/tex/latex/amsfonts/umsb.fd
File: umsb.fd 2013/01/14 v3.01 AMS symbols B
)
LaTeX Font Info:    Try loading font information for U+stmry on input line 75.

(/usr/share/texlive/texmf-dist/tex/latex/stmaryrd/Ustmry.fd)
LaTeX Font Info:    Try loading font information for U+rsfs on input line 75.

(/usr/share/texlive/texmf-dist/tex/latex/jknapltx/ursfs.fd
File: ursfs.fd 1998/03/24 rsfs font definition file (jk)
)
(/usr/share/texlive/texmf-dist/tex/context/base/mkii/supp-pdf.mkii
[Loading MPS to PDF converter (version 2006.09.02).]
\scratchcounter=\count109
\scratchdimen=\dimen121
\scratchbox=\box32
\nofMPsegments=\count110
\nofMParguments=\count111
\everyMPshowfont=\toks28
\MPscratchCnt=\count112
\MPscratchDim=\dimen122
\MPnumerator=\count113
\makeMPintoPDFobject=\count114
\everyMPtoPDFconversion=\toks29
)
Preview: Fontsize 10pt
Preview: PDFoutput 1
LaTeX Font Info:    Try loading font information for OMS+cmr on input line 91.
(/usr/share/texlive/texmf-dist/tex/latex/base/omscmr.fd
File: omscmr.fd 2014/09/29 v2.5h Standard LaTeX font definitions
)
LaTeX Font Info:    Font shape `OMS/cmr/m/n' in size <7> not available
(Font)              Font shape `OMS/cmsy/m/n' tried instead on input line 91.


LaTeX Warning: Reference `le kkv' on page 1 undefined on input line 175.


LaTeX Warning: Reference `le kkv' on page 2 undefined on input line 236.


Underfull \vbox (badness 10000) has occurred while \output is active []



LaTeX Warning: Reference `le definition of stieltjes transform' on page 3 undef
ined on input line 267.

Preview: Tightpage -32891 -32891 32891 32891
[1{/var/lib/texmf/fonts/map/pdftex/updmap/pdftex.map}]
Overfull \hbox (133.0743pt too wide) in paragraph at lines 272--288
\OT1/cmr/m/n/10 ter-ized by the fol-low-ing re-sult. [] 
 []


LaTeX Warning: Reference `le F behaviour at infinity' on page 3 undefined on in
put line 293.


LaTeX Warning: Reference `le kkv' on page 3 undefined on input line 293.

[2] [3]
Overfull \hbox (69.102pt too wide) in paragraph at lines 320--324
\OT1/cmr/m/n/10 empty in-ter-val. [] 
 []

[4]

LaTeX Warning: Reference `le H system' on page 5 undefined on input line 344.


LaTeX Warning: Reference `le H system' on page 5 undefined on input line 344.


LaTeX Warning: Reference `le H system' on page 5 undefined on input line 346.


LaTeX Warning: Reference `le H system defs' on page 5 undefined on input line 3
53.


LaTeX Warning: Reference `le H system' on page 5 undefined on input line 363.

[5]
Overfull \hbox (12.0pt too wide) in paragraph at lines 384--384
[][] 
 []


LaTeX Warning: Reference `le final section' on page 5 undefined on input line 3
87.


Underfull \vbox (badness 1360) has occurred while \output is active []

 [6]
Overfull \hbox (12.0pt too wide) in paragraph at lines 387--387
[][] 
 []

[7]
Overfull \hbox (286.68567pt too wide) in paragraph at lines 389--406
[]\OT1/cmr/m/n/10 Theorem 2.5  has the fol-low-ing lo-cal sta-bil-ity re-sult a
s corol-lary. [] 
 []


LaTeX Warning: Reference `section perturbation' on page 6 undefined on input li
ne 407.


LaTeX Warning: Reference `le uniform pointwise' on page 6 undefined on input li
ne 412.


LaTeX Warning: Reference `continuity of free additive convolution' on page 6 un
defined on input line 418.


LaTeX Warning: Reference `le H system defs' on page 6 undefined on input line 4
18.


LaTeX Warning: Reference `continuity of free additive convolution' on page 7 un
defined on input line 423.


LaTeX Warning: Reference `le direct consequence of continuity' on page 7 undefi
ned on input line 423.


LaTeX Warning: Reference `le direct consequence of continuity' on page 7 undefi
ned on input line 423.

[8]
Overfull \hbox (12.0pt too wide) in paragraph at lines 437--437
[][] 
 []

[9]
Overfull \hbox (12.0pt too wide) in paragraph at lines 447--447
[][] 
 []


LaTeX Warning: Reference `le domain S' on page 8 undefined on input line 472.


LaTeX Warning: Reference `le our H' on page 8 undefined on input line 485.


LaTeX Warning: Reference `le assumptions convergence empirical measures' on pag
e 8 undefined on input line 485.

[10]
Overfull \hbox (12.0pt too wide) in paragraph at lines 485--485
[][] 
 []

[11]
Overfull \hbox (12.0pt too wide) in paragraph at lines 498--498
[][] 
 []


LaTeX Warning: Reference `le assumptions convergence empirical measures' on pag
e 9 undefined on input line 505.

[12]
Overfull \hbox (12.0pt too wide) in paragraph at lines 508--508
[][] 
 []


LaTeX Warning: Reference `s. stability' on page 9 undefined on input line 517.


LaTeX Warning: Reference `section theorem continuity' on page 9 undefined on in
put line 517.

[13]
Overfull \hbox (12.0pt too wide) in paragraph at lines 517--517
[][] 
 []


LaTeX Warning: Reference `s. stability' on page 9 undefined on input line 521.


LaTeX Warning: Reference `section perturbation' on page 9 undefined on input li
ne 521.


LaTeX Warning: Reference `section theorem continuity' on page 9 undefined on in
put line 521.


LaTeX Warning: Reference `le section proof of theorem matrix' on page 9 undefin
ed on input line 521.


LaTeX Warning: Reference `le final section' on page 9 undefined on input line 5
21.


LaTeX Warning: Reference `le H system' on page 9 undefined on input line 524.


LaTeX Warning: Reference `le H system' on page 9 undefined on input line 525.


LaTeX Warning: Reference `le F definition' on page 9 undefined on input line 53
9.

[14]
Overfull \hbox (12.0pt too wide) in paragraph at lines 539--539
[][] 
 []


Underfull \vbox (badness 8170) has occurred while \output is active []



LaTeX Warning: Reference `le F behaviour at infinity' on page 10 undefined on i
nput line 561.


LaTeX Warning: Reference `le neva for F' on page 10 undefined on input line 561
.


LaTeX Warning: Reference `le H system' on page 10 undefined on input line 564.


LaTeX Warning: Reference `le compact support assumption' on page 11 undefined o
n input line 587.


LaTeX Warning: Reference `assumption lower bound on density' on page 11 undefin
ed on input line 587.


LaTeX Warning: Reference `le compact support assumption' on page 11 undefined o
n input line 587.

[15]
Overfull \hbox (12.0pt too wide) in paragraph at lines 587--587
[][] 
 []


LaTeX Warning: Reference `assumption lower bound on density' on page 11 undefin
ed on input line 600.


LaTeX Warning: Reference `le kkv' on page 11 undefined on input line 600.


LaTeX Warning: Reference `le compact support assumption' on page 11 undefined o
n input line 600.


LaTeX Warning: Reference `le 44' on page 11 undefined on input line 600.


LaTeX Warning: Reference `le compact support assumption' on page 11 undefined o
n input line 609.

[16]
Overfull \hbox (12.0pt too wide) in paragraph at lines 609--609
[][] 
 []


LaTeX Warning: Reference `assumption lower bound on density' on page 11 undefin
ed on input line 615.


LaTeX Warning: Reference `assumption bounded m' on page 11 undefined on input l
ine 615.

[17]
Overfull \hbox (12.0pt too wide) in paragraph at lines 615--615
[][] 
 []


LaTeX Warning: Reference `le mimimi' on page 11 undefined on input line 636.


LaTeX Warning: Reference `assumption bounded m' on page 11 undefined on input l
ine 636.


LaTeX Warning: Reference `le kkv' on page 11 undefined on input line 636.


LaTeX Warning: Reference `assumption bounded m' on page 12 undefined on input l
ine 636.


LaTeX Warning: Reference `le H system' on page 12 undefined on input line 636.


LaTeX Warning: Reference `le esel1' on page 12 undefined on input line 636.


LaTeX Warning: Reference `le esel2' on page 12 undefined on input line 636.


LaTeX Warning: Reference `le H system' on page 12 undefined on input line 642.


LaTeX Warning: Reference `le what stable means' on page 12 undefined on input l
ine 642.


LaTeX Warning: Reference `le compact support assumption' on page 12 undefined o
n input line 656.

[18]
Overfull \hbox (12.0pt too wide) in paragraph at lines 656--656
[][] 
 []


LaTeX Warning: Reference `assumption lower bound on density' on page 12 undefin
ed on input line 659.


LaTeX Warning: Reference `le compact support assumption' on page 12 undefined o
n input line 659.

[19]
Overfull \hbox (12.0pt too wide) in paragraph at lines 659--659
[][] 
 []


LaTeX Warning: Reference `le what stable means' on page 12 undefined on input l
ine 702.


LaTeX Warning: Reference `le fbound' on page 13 undefined on input line 702.


LaTeX Warning: Reference `le 413' on page 13 undefined on input line 702.


LaTeX Warning: Reference `le 414' on page 13 undefined on input line 702.


LaTeX Warning: Reference `le 413' on page 13 undefined on input line 702.


LaTeX Warning: Reference `le 414' on page 13 undefined on input line 702.


LaTeX Warning: Reference `le gamma for the second' on page 13 undefined on inpu
t line 702.


LaTeX Warning: Reference `le bound on the entries of gamma' on page 13 undefine
d on input line 702.


LaTeX Warning: Reference `le bound on determinant' on page 13 undefined on inpu
t line 702.


LaTeX Warning: Reference `le baby system' on page 13 undefined on input line 70
2.


LaTeX Warning: Reference `le bound on determinant' on page 13 undefined on inpu
t line 712.


LaTeX Warning: Reference `le bound on determinant' on page 13 undefined on inpu
t line 712.


LaTeX Warning: Reference `le bound on determinant' on page 13 undefined on inpu
t line 712.

[20]
Overfull \hbox (12.0pt too wide) in paragraph at lines 712--712
[][] 
 []


LaTeX Warning: Reference `le H system' on page 14 undefined on input line 725.

[21]
Overfull \hbox (12.0pt too wide) in paragraph at lines 746--746
[][] 
 []


LaTeX Warning: Reference `le neva for F' on page 14 undefined on input line 789
.


LaTeX Warning: Reference `le neva for F' on page 14 undefined on input line 789
.


LaTeX Warning: Reference `le derivative F finnish' on page 14 undefined on inpu
t line 789.


LaTeX Warning: Reference `le rhb' on page 14 undefined on input line 789.


LaTeX Warning: Reference `le H system' on page 14 undefined on input line 789.


LaTeX Warning: Reference `le higher derivatives F finnish' on page 14 undefined
 on input line 789.


LaTeX Warning: Reference `le bound on F derivata' on page 15 undefined on input
 line 789.


LaTeX Warning: Reference `le full taylor polynomial' on page 15 undefined on in
put line 789.


LaTeX Warning: Reference `le what stable means' on page 15 undefined on input l
ine 789.


LaTeX Warning: Reference `le section proof of theorem matrix' on page 15 undefi
ned on input line 794.

[22]
Overfull \hbox (12.0pt too wide) in paragraph at lines 814--814
[][] 
 []


LaTeX Warning: Reference `le neva for F' on page 15 undefined on input line 859
.


LaTeX Warning: Reference `le what stable means' on page 15 undefined on input l
ine 859.


LaTeX Warning: Reference `le higher derivatives F finnish' on page 16 undefined
 on input line 859.


LaTeX Warning: Reference `la compact support implication for F' on page 16 unde
fined on input line 859.


LaTeX Warning: Reference `la compact support implication for F' on page 16 unde
fined on input line 859.


LaTeX Warning: Reference `le output of NK' on page 16 undefined on input line 8
59.


LaTeX Warning: Reference `le domain S' on page 16 undefined on input line 867.


LaTeX Warning: Reference `le empirical measures of A and B' on page 16 undefine
d on input line 889.


LaTeX Warning: Reference `le assumptions convergence empirical measures' on pag
e 16 undefined on input line 889.

[23]
Overfull \hbox (273.01495pt too wide) in paragraph at lines 867--889
[]\OT1/cmr/m/n/10 Recall from [] the def-i-ni-tion of the do-main $\OMS/cmsy/m/
n/10 S[]\OT1/cmr/m/n/10 (\OML/cmm/m/it/10 a; b\OT1/cmr/m/n/10 )$, $\OML/cmm/m/i
t/10 a \OMS/cmsy/m/n/10 ^^T \OML/cmm/m/it/10 b$\OT1/cmr/m/n/10 . [] 
 []


LaTeX Warning: Reference `section perturbation' on page 16 undefined on input l
ine 891.

[24]
Overfull \hbox (12.0pt too wide) in paragraph at lines 891--891
[][] 
 []


LaTeX Warning: Reference `le 44' on page 17 undefined on input line 932.


LaTeX Warning: Reference `le partial integration result' on page 17 undefined o
n input line 932.


LaTeX Warning: Reference `le what stable means' on page 18 undefined on input l
ine 932.


LaTeX Warning: Reference `080625' on page 18 undefined on input line 932.


LaTeX Warning: Reference `082050' on page 18 undefined on input line 932.


LaTeX Warning: Reference `082050' on page 18 undefined on input line 932.


LaTeX Warning: Reference `080625' on page 18 undefined on input line 932.

[25]
Overfull \hbox (12.0pt too wide) in paragraph at lines 949--949
[][] 
 []


LaTeX Warning: Reference `le gamma for the second' on page 18 undefined on inpu
t line 960.


LaTeX Warning: Reference `le partial integration result' on page 18 undefined o
n input line 978.


Overfull \hbox (2.68727pt too wide) in paragraph at lines 978--978
\OT1/cmr/m/n/10 for some nu-mer-i-cal con-stant $\OML/cmm/m/it/10 K[]$\OT1/cmr/
m/n/10 . Choos-ing $\OML/cmm/m/it/10 b$ \OT1/cmr/m/n/10 as in Lemma 5.1  and as
-sum-ing that $d[](\OML/cmm/m/it/10 ^^V[]; ^^V[]\OT1/cmr/m/n/10 ) +
 []


LaTeX Warning: Reference `le 44' on page 19 undefined on input line 985.

[26]
Overfull \hbox (12.0pt too wide) in paragraph at lines 985--985
[][] 
 []


LaTeX Warning: Reference `section perturbation' on page 19 undefined on input l
ine 990.


LaTeX Warning: Reference `le kkv' on page 19 undefined on input line 1022.


LaTeX Warning: Reference `070501' on page 20 undefined on input line 1030.


LaTeX Warning: Reference `le third equation' on page 20 undefined on input line
 1030.


LaTeX Warning: Reference `081201' on page 20 undefined on input line 1034.


LaTeX Warning: Reference `le H system defs' on page 20 undefined on input line 
1036.


LaTeX Warning: Reference `081201' on page 20 undefined on input line 1037.


LaTeX Warning: Reference `section theorem continuity' on page 20 undefined on i
nput line 1037.


LaTeX Warning: Reference `081201' on page 20 undefined on input line 1040.


LaTeX Warning: Reference `081205' on page 20 undefined on input line 1045.


LaTeX Warning: Reference `section theorem continuity' on page 20 undefined on i
nput line 1045.


LaTeX Warning: Reference `081205' on page 20 undefined on input line 1050.


LaTeX Warning: Reference `081205' on page 20 undefined on input line 1050.

[27]
Overfull \hbox (226.89743pt too wide) in paragraph at lines 1056--1069
\OT1/cmr/m/n/10 poses. A slightly dif-fer-ent form was first used in [[]]. [] 
 []


Underfull \vbox (badness 10000) has occurred while \output is active []



LaTeX Warning: Reference `la boostrapping subsection' on page 21 undefined on i
nput line 1076.


LaTeX Warning: Reference `le ff' on page 21 undefined on input line 1078.

[28]
Overfull \hbox (12.0pt too wide) in paragraph at lines 1091--1091
[][] 
 []


LaTeX Warning: Reference `082201' on page 21 undefined on input line 1261.


LaTeX Warning: Reference `071910' on page 21 undefined on input line 1261.


LaTeX Warning: Reference `070110' on page 22 undefined on input line 1261.


LaTeX Warning: Reference `070102' on page 22 undefined on input line 1261.


LaTeX Warning: Reference `070115' on page 22 undefined on input line 1261.


LaTeX Warning: Reference `070501' on page 22 undefined on input line 1261.


LaTeX Warning: Reference `le empirical distribution lambdas' on page 22 undefin
ed on input line 1261.


LaTeX Warning: Reference `070103' on page 23 undefined on input line 1261.


LaTeX Warning: Reference `schnabel' on page 23 undefined on input line 1261.


LaTeX Warning: Reference `041835' on page 23 undefined on input line 1261.


LaTeX Warning: Reference `070502' on page 23 undefined on input line 1261.

LaTeX Font Info:    Try loading font information for U+euf on input line 1261.
(/usr/share/texlive/texmf-dist/tex/latex/amsfonts/ueuf.fd
File: ueuf.fd 2013/01/14 v3.01 Euler Fraktur
)

LaTeX Font Warning: Command \small invalid in math mode on input line 1261.


LaTeX Font Warning: Command \normalsize invalid in math mode on input line 1261
.


LaTeX Font Warning: Command \small invalid in math mode on input line 1261.


LaTeX Font Warning: Command \normalsize invalid in math mode on input line 1261
.


LaTeX Warning: Reference `le adjoint derivata' on page 24 undefined on input li
ne 1261.


LaTeX Warning: Reference `070110' on page 24 undefined on input line 1261.


LaTeX Font Warning: Command \small invalid in math mode on input line 1261.


LaTeX Font Warning: Command \normalsize invalid in math mode on input line 1261
.


LaTeX Font Warning: Command \small invalid in math mode on input line 1261.


LaTeX Font Warning: Command \normalsize invalid in math mode on input line 1261
.


LaTeX Font Warning: Command \small invalid in math mode on input line 1261.


LaTeX Font Warning: Command \normalsize invalid in math mode on input line 1261
.


LaTeX Font Warning: Command \small invalid in math mode on input line 1261.


LaTeX Font Warning: Command \normalsize invalid in math mode on input line 1261
.


LaTeX Font Warning: Command \small invalid in math mode on input line 1261.


LaTeX Font Warning: Command \normalsize invalid in math mode on input line 1261
.


LaTeX Font Warning: Command \small invalid in math mode on input line 1261.


LaTeX Font Warning: Command \normalsize invalid in math mode on input line 1261
.


LaTeX Font Warning: Command \small invalid in math mode on input line 1261.


LaTeX Font Warning: Command \normalsize invalid in math mode on input line 1261
.


LaTeX Font Warning: Command \small invalid in math mode on input line 1261.


LaTeX Font Warning: Command \normalsize invalid in math mode on input line 1261
.


LaTeX Warning: Reference `070505' on page 24 undefined on input line 1261.


LaTeX Warning: Reference `070505' on page 24 undefined on input line 1261.


LaTeX Warning: Reference `le junge r' on page 24 undefined on input line 1261.


LaTeX Warning: Reference `070502' on page 24 undefined on input line 1261.


LaTeX Warning: Reference `070505' on page 24 undefined on input line 1261.


LaTeX Warning: Reference `070503' on page 24 undefined on input line 1261.


LaTeX Warning: Reference `041835' on page 24 undefined on input line 1261.


LaTeX Warning: Reference `why not give it a name' on page 25 undefined on input
 line 1261.


LaTeX Warning: Reference `why not give it a name too' on page 25 undefined on i
nput line 1261.


LaTeX Warning: Reference `070501' on page 25 undefined on input line 1261.


LaTeX Warning: Reference `070115' on page 25 undefined on input line 1261.


LaTeX Warning: Reference `070111' on page 25 undefined on input line 1261.


LaTeX Warning: Reference `070112' on page 25 undefined on input line 1261.


LaTeX Warning: Reference `s.2.4' on page 25 undefined on input line 1265.


LaTeX Warning: Reference `060104' on page 25 undefined on input line 1279.


LaTeX Warning: Reference `le third equation' on page 25 undefined on input line
 1279.


Overfull \hbox (6.61292pt too wide) in paragraph at lines 1278--1281
\OT1/cmr/m/n/10 where $\OML/cmm/m/it/10 ![]\OT1/cmr/m/n/10 (\OML/cmm/m/it/10 z\
OT1/cmr/m/n/10 )$ is de-fined in [], we used [], and where we im-plic-itly as-s
umed that $[] \OML/cmm/m/it/10 ![]\OT1/cmr/m/n/10 (\OML/cmm/m/it/10 z\OT1/cmr/m
/n/10 ) \OML/cmm/m/it/10 >
 []


LaTeX Warning: Reference `041301' on page 25 undefined on input line 1285.


LaTeX Warning: Reference `le third equation' on page 25 undefined on input line
 1285.


Overfull \hbox (2.07715pt too wide) in paragraph at lines 1283--1286
\OT1/cmr/m/n/10 ing [], [], we even-tu-ally ob-tain, un-der the as-sump-tion th
at $[] \OML/cmm/m/it/10 ![]\OT1/cmr/m/n/10 (\OML/cmm/m/it/10 z\OT1/cmr/m/n/10 )
 \OML/cmm/m/it/10 > \OT1/cmr/m/n/10 0$ and $[] \OML/cmm/m/it/10 ![]\OT1/cmr/m/n
/10 (\OML/cmm/m/it/10 z\OT1/cmr/m/n/10 ) \OML/cmm/m/it/10 >
 []


LaTeX Warning: Reference `le assumptions convergence empirical measures' on pag
e 26 undefined on input line 1331.

[29]
Overfull \hbox (12.0pt too wide) in paragraph at lines 1331--1331
[][] 
 []


LaTeX Warning: Reference `le assumptions convergence empirical measures' on pag
e 26 undefined on input line 1466.


LaTeX Warning: Reference `le domain S' on page 26 undefined on input line 1466.



LaTeX Warning: Reference `le local convergence of m new' on page 26 undefined o
n input line 1466.


LaTeX Warning: Reference `le local convergence of m newe' on page 27 undefined 
on input line 1466.


LaTeX Warning: Reference `le local convergence of m new' on page 27 undefined o
n input line 1466.


LaTeX Warning: Reference `le local convergence of m new' on page 27 undefined o
n input line 1466.


LaTeX Warning: Reference `072202' on page 27 undefined on input line 1466.


LaTeX Warning: Reference `060104' on page 27 undefined on input line 1466.


LaTeX Warning: Reference `072205' on page 27 undefined on input line 1466.


LaTeX Warning: Reference `071517' on page 27 undefined on input line 1466.


LaTeX Warning: Reference `corviglia' on page 27 undefined on input line 1466.


LaTeX Warning: Reference `072001' on page 28 undefined on input line 1466.


LaTeX Warning: Reference `072001k' on page 28 undefined on input line 1466.


LaTeX Warning: Reference `072202' on page 28 undefined on input line 1466.


LaTeX Warning: Reference `072001' on page 28 undefined on input line 1466.


LaTeX Warning: Reference `072206' on page 28 undefined on input line 1466.


LaTeX Warning: Reference `071508' on page 28 undefined on input line 1466.


LaTeX Warning: Reference `072001' on page 28 undefined on input line 1466.


LaTeX Warning: Reference `041301' on page 28 undefined on input line 1466.


LaTeX Warning: Reference `041905' on page 28 undefined on input line 1466.


LaTeX Warning: Reference `072002' on page 28 undefined on input line 1466.


LaTeX Warning: Reference `072202' on page 28 undefined on input line 1466.


LaTeX Warning: Reference `contain' on page 28 undefined on input line 1466.


LaTeX Warning: Reference `mm' on page 28 undefined on input line 1466.


LaTeX Warning: Reference `mm' on page 28 undefined on input line 1466.


LaTeX Warning: Reference `le local convergence of m new' on page 28 undefined o
n input line 1466.


LaTeX Warning: Reference `le assumptions convergence empirical measures' on pag
e 28 undefined on input line 1539.


LaTeX Warning: Reference `le third equation' on page 29 undefined on input line
 1539.


LaTeX Warning: Reference `071503' on page 29 undefined on input line 1539.


LaTeX Warning: Reference `071507' on page 29 undefined on input line 1539.


LaTeX Warning: Reference `041301' on page 29 undefined on input line 1539.


LaTeX Warning: Reference `071508' on page 29 undefined on input line 1539.


LaTeX Warning: Reference `Em' on page 29 undefined on input line 1539.


LaTeX Warning: Reference `071507' on page 29 undefined on input line 1539.


LaTeX Warning: Reference `041905' on page 29 undefined on input line 1539.


Overfull \hbox (21.44815pt too wide) detected at line 1539
 []$[]  \U/msb/m/n/10 E[] []\OT1/cmr/m/n/10 [\OML/cmm/m/it/10 m[]\OT1/cmr/m/n/1
0 ([])] []  []\OML/cmm/m/it/10 G[]\OT1/cmr/m/n/10 (\OML/cmm/m/it/10 ![]\OT1/cmr
/m/n/10 ([]))([] \OMS/cmsy/m/n/10 ^^@ []\OT1/cmr/m/n/10 )\OML/cmm/m/it/10 G[]\O
T1/cmr/m/n/10 ([])[][] = [] []  \OML/cmm/m/it/10 ;  $ 
 []


LaTeX Warning: Reference `071515' on page 29 undefined on input line 1539.


LaTeX Warning: Reference `071511' on page 29 undefined on input line 1539.


LaTeX Warning: Reference `071507' on page 29 undefined on input line 1539.


LaTeX Warning: Reference `071515' on page 29 undefined on input line 1539.


LaTeX Warning: Reference `071517' on page 29 undefined on input line 1539.


LaTeX Warning: Reference `le ww' on page 29 undefined on input line 1539.


LaTeX Warning: Reference `section: Main results' on page 29 undefined on input 
line 1545.


LaTeX Warning: Reference `section perturbation' on page 29 undefined on input l
ine 1545.


LaTeX Warning: Reference `081210' on page 30 undefined on input line 1566.


LaTeX Warning: Reference `081210' on page 30 undefined on input line 1578.

[30]
Overfull \hbox (12.0pt too wide) in paragraph at lines 1578--1578
[][] 
 []


LaTeX Warning: Reference `081210' on page 30 undefined on input line 1601.


LaTeX Warning: Reference `r plus minus' on page 31 undefined on input line 1601
.


LaTeX Warning: Reference `two fold transformation' on page 31 undefined on inpu
t line 1601.


LaTeX Warning: Reference `density of Jacobi' on page 31 undefined on input line
 1601.


LaTeX Warning: Reference `081210' on page 31 undefined on input line 1603.


LaTeX Warning: Reference `le what stable means' on page 31 undefined on input l
ine 1603.


LaTeX Warning: Reference `081210' on page 31 undefined on input line 1624.

[31]

LaTeX Warning: Reference `le baby system' on page 31 undefined on input line 16
31.

[32]
Overfull \hbox (12.0pt too wide) in paragraph at lines 1631--1631
[][] 
 []


LaTeX Warning: Reference `le fa density' on page 31 undefined on input line 163
8.


LaTeX Warning: Reference `le assumptions convergence empirical measures' on pag
e 31 undefined on input line 1638.

[33]
Overfull \hbox (12.0pt too wide) in paragraph at lines 1638--1638
[][] 
 []


LaTeX Warning: Reference `081210' on page 31 undefined on input line 1643.


Underfull \vbox (badness 1635) has occurred while \output is active []

 [34]
Overfull \hbox (12.0pt too wide) in paragraph at lines 1643--1643
[][] 
 []


LaTeX Warning: Reference `081220' on page 32 undefined on input line 1734.


LaTeX Warning: Reference `081210' on page 32 undefined on input line 1734.


LaTeX Warning: Reference `le esel1' on page 32 undefined on input line 1734.


LaTeX Warning: Reference `081220' on page 32 undefined on input line 1734.


LaTeX Warning: Reference `072310' on page 32 undefined on input line 1734.


LaTeX Warning: Reference `080601' on page 32 undefined on input line 1734.


LaTeX Warning: Reference `072303' on page 32 undefined on input line 1734.


LaTeX Warning: Reference `07220111' on page 33 undefined on input line 1734.


LaTeX Warning: Reference `072310' on page 33 undefined on input line 1734.


LaTeX Warning: Reference `081220' on page 33 undefined on input line 1734.


LaTeX Warning: Reference `081210' on page 33 undefined on input line 1734.


LaTeX Warning: Reference `072206000' on page 33 undefined on input line 1734.


LaTeX Warning: Reference `081750' on page 33 undefined on input line 1734.


LaTeX Warning: Reference `081050' on page 33 undefined on input line 1734.


LaTeX Warning: Reference `080502' on page 33 undefined on input line 1734.


LaTeX Warning: Reference `080605' on page 33 undefined on input line 1734.


LaTeX Warning: Reference `081750' on page 33 undefined on input line 1734.


LaTeX Warning: Reference `080501' on page 33 undefined on input line 1734.


LaTeX Warning: Reference `080501' on page 33 undefined on input line 1734.


LaTeX Warning: Reference `081750' on page 33 undefined on input line 1734.


LaTeX Warning: Reference `080502' on page 33 undefined on input line 1734.


LaTeX Warning: Reference `080501' on page 33 undefined on input line 1734.


LaTeX Warning: Reference `081050' on page 33 undefined on input line 1734.


LaTeX Warning: Reference `072205000' on page 33 undefined on input line 1734.


LaTeX Warning: Reference `072205000' on page 33 undefined on input line 1734.


LaTeX Warning: Reference `07220111' on page 33 undefined on input line 1734.


LaTeX Warning: Reference `equation for omega: special case' on page 33 undefine
d on input line 1734.


LaTeX Warning: Reference `solution of omega' on page 34 undefined on input line
 1734.


LaTeX Warning: Reference `072360' on page 34 undefined on input line 1734.


LaTeX Warning: Reference `081210' on page 34 undefined on input line 1737.


LaTeX Warning: Reference `le domain S' on page 34 undefined on input line 1737.



LaTeX Warning: Reference `081210' on page 34 undefined on input line 1758.

[35]
Overfull \hbox (12.0pt too wide) in paragraph at lines 1758--1758
[][] 
 []


LaTeX Warning: Reference `zhigang today' on page 34 undefined on input line 177
1.


LaTeX Warning: Reference `080625' on page 34 undefined on input line 1771.


LaTeX Warning: Reference `081901' on page 34 undefined on input line 1771.


LaTeX Warning: Reference `difference between subordination functions' on page 3
4 undefined on input line 1771.


LaTeX Warning: Reference `Application to random matrix theory' on page 35 undef
ined on input line 1772.


LaTeX Warning: Reference `081210' on page 35 undefined on input line 1791.


LaTeX Warning: Reference `le assumptions convergence empirical measures' on pag
e 35 undefined on input line 1791.

[36]
Overfull \hbox (12.0pt too wide) in paragraph at lines 1791--1791
[][] 
 []


LaTeX Warning: Reference `le bound on determinant' on page 35 undefined on inpu
t line 1802.


LaTeX Warning: Reference `081901' on page 35 undefined on input line 1802.


LaTeX Warning: Reference `difference between subordination functions' on page 3
5 undefined on input line 1802.


LaTeX Warning: Reference `071517' on page 35 undefined on input line 1802.


Underfull \vbox (badness 10000) has occurred while \output is active []


(source_extraction/results/1508.05905.aux)

LaTeX Warning: There were undefined references.

 ) 
Here is how much of TeX's memory you used:
 4644 strings out of 494260
 59174 string characters out of 6168642
 175837 words of memory out of 5000000
 7751 multiletter control sequences out of 15000+600000
 17993 words of font info for 70 fonts, out of 8000000 for 9000
 658 hyphenation exceptions out of 8191
 34i,17n,32p,1079b,466s stack positions out of 5000i,500n,10000p,200000b,80000s
</usr/share/texlive/texmf-dist/fonts/type1/public/amsfonts/cm/cmbx10.pfb></us
r/share/texlive/texmf-dist/fonts/type1/public/amsfonts/cm/cmex10.pfb></usr/shar
e/texlive/texmf-dist/fonts/type1/public/amsfonts/cmextra/cmex7.pfb></usr/share/
texlive/texmf-dist/fonts/type1/public/amsfonts/cm/cmmi10.pfb></usr/share/texliv
e/texmf-dist/fonts/type1/public/amsfonts/cm/cmmi5.pfb></usr/share/texlive/texmf
-dist/fonts/type1/public/amsfonts/cm/cmmi7.pfb></usr/share/texlive/texmf-dist/f
onts/type1/public/amsfonts/cm/cmr10.pfb></usr/share/texlive/texmf-dist/fonts/ty
pe1/public/amsfonts/cm/cmr5.pfb></usr/share/texlive/texmf-dist/fonts/type1/publ
ic/amsfonts/cm/cmr7.pfb></usr/share/texlive/texmf-dist/fonts/type1/public/amsfo
nts/cm/cmsy10.pfb></usr/share/texlive/texmf-dist/fonts/type1/public/amsfonts/cm
/cmsy5.pfb></usr/share/texlive/texmf-dist/fonts/type1/public/amsfonts/cm/cmsy7.
pfb></usr/share/texlive/texmf-dist/fonts/type1/public/amsfonts/cm/cmti10.pfb></
usr/share/texlive/texmf-dist/fonts/type1/public/amsfonts/symbols/msam10.pfb></u
sr/share/texlive/texmf-dist/fonts/type1/public/amsfonts/symbols/msam7.pfb></usr
/share/texlive/texmf-dist/fonts/type1/public/amsfonts/symbols/msbm10.pfb>
Output written on source_extraction/results/1508.05905.pdf (36 pages, 228154 by
tes).
PDF statistics:
 184 PDF objects out of 1000 (max. 8388607)
 128 compressed objects within 2 object streams
 0 named destinations out of 1000 (max. 500000)
 1 words of extra memory for PDF output out of 10000 (max. 10000000)

