This is pdfTeX, Version 3.14159265-2.6-1.40.18 (TeX Live 2017/Debian) (preloaded format=pdflatex 2018.11.16)  29 NOV 2018 14:49
entering extended mode
 restricted \write18 enabled.
 %&-line parsing enabled.
**source_extraction/results/1508.02474.tex
(./source_extraction/results/1508.02474.tex
LaTeX2e <2017-04-15>
Babel <3.18> and hyphenation patterns for 20 language(s) loaded.
(/usr/share/texlive/texmf-dist/tex/latex/amscls/amsart.cls
Document Class: amsart 2017/10/31 v2.20.4
\linespacing=\dimen102
\normalparindent=\dimen103
\normaltopskip=\skip41
(/usr/share/texlive/texmf-dist/tex/latex/amsmath/amsmath.sty
Package: amsmath 2017/09/02 v2.17a AMS math features
\@mathmargin=\skip42

For additional information on amsmath, use the `?' option.
(/usr/share/texlive/texmf-dist/tex/latex/amsmath/amstext.sty
Package: amstext 2000/06/29 v2.01 AMS text

(/usr/share/texlive/texmf-dist/tex/latex/amsmath/amsgen.sty
File: amsgen.sty 1999/11/30 v2.0 generic functions
\@emptytoks=\toks14
\ex@=\dimen104
))
(/usr/share/texlive/texmf-dist/tex/latex/amsmath/amsbsy.sty
Package: amsbsy 1999/11/29 v1.2d Bold Symbols
\pmbraise@=\dimen105
)
(/usr/share/texlive/texmf-dist/tex/latex/amsmath/amsopn.sty
Package: amsopn 2016/03/08 v2.02 operator names
)
\inf@bad=\count79
LaTeX Info: Redefining \frac on input line 213.
\uproot@=\count80
\leftroot@=\count81
LaTeX Info: Redefining \overline on input line 375.
\classnum@=\count82
\DOTSCASE@=\count83
LaTeX Info: Redefining \ldots on input line 472.
LaTeX Info: Redefining \dots on input line 475.
LaTeX Info: Redefining \cdots on input line 596.
\Mathstrutbox@=\box26
\strutbox@=\box27
\big@size=\dimen106
LaTeX Font Info:    Redeclaring font encoding OML on input line 712.
LaTeX Font Info:    Redeclaring font encoding OMS on input line 713.
\macc@depth=\count84
\c@MaxMatrixCols=\count85
\dotsspace@=\muskip10
\c@parentequation=\count86
\dspbrk@lvl=\count87
\tag@help=\toks15
\row@=\count88
\column@=\count89
\maxfields@=\count90
\andhelp@=\toks16
\eqnshift@=\dimen107
\alignsep@=\dimen108
\tagshift@=\dimen109
\tagwidth@=\dimen110
\totwidth@=\dimen111
\lineht@=\dimen112
\@envbody=\toks17
\multlinegap=\skip43
\multlinetaggap=\skip44
\mathdisplay@stack=\toks18
LaTeX Info: Redefining \[ on input line 2817.
LaTeX Info: Redefining \] on input line 2818.
)
LaTeX Font Info:    Try loading font information for U+msa on input line 398.

(/usr/share/texlive/texmf-dist/tex/latex/amsfonts/umsa.fd
File: umsa.fd 2013/01/14 v3.01 AMS symbols A
)
(/usr/share/texlive/texmf-dist/tex/latex/amsfonts/amsfonts.sty
Package: amsfonts 2013/01/14 v3.01 Basic AMSFonts support
\symAMSa=\mathgroup4
\symAMSb=\mathgroup5
LaTeX Font Info:    Overwriting math alphabet `\mathfrak' in version `bold'
(Font)                  U/euf/m/n --> U/euf/b/n on input line 106.
)
\copyins=\insert199
\abstractbox=\box28
\listisep=\skip45
\c@part=\count91
\c@section=\count92
\c@subsection=\count93
\c@subsubsection=\count94
\c@paragraph=\count95
\c@subparagraph=\count96
\c@figure=\count97
\c@table=\count98
\abovecaptionskip=\skip46
\belowcaptionskip=\skip47
\captionindent=\dimen113
\thm@style=\toks19
\thm@bodyfont=\toks20
\thm@headfont=\toks21
\thm@notefont=\toks22
\thm@headpunct=\toks23
\thm@preskip=\skip48
\thm@postskip=\skip49
\thm@headsep=\skip50
\dth@everypar=\toks24
)
(/usr/share/texlive/texmf-dist/tex/latex/amsrefs/amsrefs.sty
Package: amsrefs 2013/03/07 v2.14

(/usr/share/texlive/texmf-dist/tex/latex/url/url.sty
\Urlmuskip=\muskip11
Package: url 2013/09/16  ver 3.4  Verb mode for urls, etc.
)
(/usr/share/texlive/texmf-dist/tex/latex/amsrefs/pcatcode.sty
Package: pcatcode 2002/04/16 v1.04
)
(/usr/share/texlive/texmf-dist/tex/latex/amsrefs/ifoption.sty
Package: ifoption 2002/03/04 v1.02
)
(/usr/share/texlive/texmf-dist/tex/latex/amsrefs/rkeyval.sty
Package: rkeyval 2004/05/05 v1.08
\@temptokenb=\toks25
\rsk@toks=\toks26
)
(/usr/share/texlive/texmf-dist/tex/latex/amsrefs/textcmds.sty
Package: textcmds 2012/08/02 v2.00
)
(/usr/share/texlive/texmf-dist/tex/latex/amsrefs/mathscinet.sty
Package: mathscinet 2002/04/17 v1.05
)
\c@bib=\count99
\@maxlabelwidth=\dimen114
\c@bib@env=\count100
\bib@dbfile=\read1
\alpha@suffix=\count101
\series@index=\count102
)
(/usr/share/texlive/texmf-dist/tex/latex/amsfonts/amssymb.sty
Package: amssymb 2013/01/14 v3.01 AMS font symbols
)
(/usr/share/texlive/texmf-dist/tex/latex/jknapltx/mathrsfs.sty
Package: mathrsfs 1996/01/01 Math RSFS package v1.0 (jk)
\symrsfs=\mathgroup6
)
(/usr/share/texlive/texmf-dist/tex/latex/comment/comment.sty
\CommentStream=\write3

Excluding comment 'comment') (./extract.sty
(/usr/share/texlive/texmf-dist/tex/latex/environ/environ.sty
Package: environ 2014/05/04 v0.3 A new way to define environments

(/usr/share/texlive/texmf-dist/tex/latex/trimspaces/trimspaces.sty
Package: trimspaces 2009/09/17 v1.1 Trim spaces around a token list
))
(/usr/share/texlive/texmf-dist/tex/latex/etextools/etextools.sty
Package: etextools 2010/12/07 v3.1415926 e-TeX more useful tools for LaTeX pack
age writers

(/usr/share/texlive/texmf-dist/tex/latex/etex-pkg/etex.sty
Package: etex 2016/08/01 v2.7 eTeX basic definition package (PEB,DPC)
\et@xins=\count103
)
(/usr/share/texlive/texmf-dist/tex/latex/etoolbox/etoolbox.sty
Package: etoolbox 2018/02/11 v2.5e e-TeX tools for LaTeX (JAW)
\etb@tempcnta=\count104
)
(/usr/share/texlive/texmf-dist/tex/latex/oberdiek/letltxmacro.sty
Package: letltxmacro 2016/05/16 v1.5 Let assignment for LaTeX macros (HO)
)
\ettl@fter=\count105
\ettl@for@nested=\count277
)
(/usr/share/texmf/tex/latex/preview/preview.sty
Package: preview 2017/04/24 11.91 (AUCTeX/preview-latex)

(/usr/share/texmf/tex/latex/preview/prtightpage.def
\PreviewBorder=\dimen115
)
\pr@snippet=\count106
\pr@box=\box29
\pr@output=\toks27
)
\c@propcounter=\count107
\mybox=\box30
)
\c@theorem=\count108
\c@step=\count109

(source_extraction/results/1508.02474.aux)
\openout1 = `1508.02474.aux'.

LaTeX Font Info:    Checking defaults for OML/cmm/m/it on input line 71.
LaTeX Font Info:    ... okay on input line 71.
LaTeX Font Info:    Checking defaults for T1/cmr/m/n on input line 71.
LaTeX Font Info:    ... okay on input line 71.
LaTeX Font Info:    Checking defaults for OT1/cmr/m/n on input line 71.
LaTeX Font Info:    ... okay on input line 71.
LaTeX Font Info:    Checking defaults for OMS/cmsy/m/n on input line 71.
LaTeX Font Info:    ... okay on input line 71.
LaTeX Font Info:    Checking defaults for OMX/cmex/m/n on input line 71.
LaTeX Font Info:    ... okay on input line 71.
LaTeX Font Info:    Checking defaults for U/cmr/m/n on input line 71.
LaTeX Font Info:    ... okay on input line 71.
LaTeX Font Info:    Try loading font information for U+msa on input line 71.

(/usr/share/texlive/texmf-dist/tex/latex/amsfonts/umsa.fd
File: umsa.fd 2013/01/14 v3.01 AMS symbols A
)
LaTeX Font Info:    Try loading font information for U+msb on input line 71.

(/usr/share/texlive/texmf-dist/tex/latex/amsfonts/umsb.fd
File: umsb.fd 2013/01/14 v3.01 AMS symbols B
)
LaTeX Font Info:    Try loading font information for U+rsfs on input line 71.

(/usr/share/texlive/texmf-dist/tex/latex/jknapltx/ursfs.fd
File: ursfs.fd 1998/03/24 rsfs font definition file (jk)
)
Preview: Fontsize 12pt
Preview: PDFoutput 1
Excluding 'comment' comment.

Package amsrefs Warning: Use of \cites is recommended instead of \cite 
(amsrefs)                for multiple cites 'CF, HMW' on input line 123.


Overfull \hbox (7.95186pt too wide) in paragraph at lines 123--123
[]\OT1/cmr/m/n/12 Weighted norm in-equal-i-ties for Calder^^Son-Zygmund op-er-a
-tors (or CZOs
 []


LaTeX Warning: Reference `MatrixApDef' on page 2 undefined on input line 127.


Underfull \vbox (badness 10000) has occurred while \output is active []


Overfull \hbox (93.62395pt too wide) detected at line 136
[]
 []


Overfull \hbox (77.47682pt too wide) detected at line 137
[] [] [] [] \OML/cmm/m/it/12 < \OMS/cmsy/m/n/12 1
 []


Overfull \hbox (46.6784pt too wide) detected at line 147
[] \OML/cmm/m/it/12 :
 []

Preview: Tightpage -32891 -32891 32891 32891
[1{/var/lib/texmf/fonts/map/pdftex/updmap/pdftex.map}]
Overfull \hbox (141.1511pt too wide) in paragraph at lines 155--155
\OT1/cmr/m/n/12 ness" of the space $[][]$.) [] 
 []


LaTeX Warning: Reference `LpEmbedding' on page 5 undefined on input line 157.


LaTeX Warning: Reference `T1inBMOW' on page 5 undefined on input line 157.


Overfull \hbox (6.97313pt too wide) detected at line 165
\OMS/cmsy/m/n/12 k\OML/cmm/m/it/12 V[]K\OT1/cmr/m/n/12 (\OML/cmm/m/it/12 x; y\O
T1/cmr/m/n/12 )\OML/cmm/m/it/12 V[]\OMS/cmsy/m/n/12 k ^^Y [][]
 []


Overfull \hbox (9.83774pt too wide) in paragraph at lines 165--165
\OT1/cmr/m/n/12 sim-i-larly. More-over, if $\OML/cmm/m/it/12 T[]$ \OT1/cmr/m/n/
12 is the ma-trix de-fined by $(\OML/cmm/m/it/12 T[]\OT1/cmr/m/n/12 )[] = []$
 []

[2]
Overfull \hbox (12.0pt too wide) in paragraph at lines 170--170
[][] 
 []

[3]
Overfull \hbox (12.0pt too wide) in paragraph at lines 190--190
[][] 
 []


Overfull \hbox (7.11423pt too wide) in paragraph at lines 203--204
\OT1/cmr/m/n/12 which (mod-ulo the $\OML/cmm/m/it/12 q > \OT1/cmr/m/n/12 1$ ) r
e-cov-ers the clas-si-cal weighted John-Nirenberg
 []

[4]
Underfull \hbox (badness 10000) in paragraph at lines 224--224

 []


Underfull \hbox (badness 10000) in paragraph at lines 224--224

 []

[5]

LaTeX Warning: Reference `Acond' on page 11 undefined on input line 228.


LaTeX Warning: Reference `Acond' on page 11 undefined on input line 228.


Overfull \hbox (43.31pt too wide) detected at line 228
[]
 []


Underfull \vbox (badness 10000) has occurred while \output is active []

 [6]
Overfull \hbox (12.0pt too wide) in paragraph at lines 235--235
[][] 
 []


Underfull \hbox (badness 10000) in paragraph at lines 250--251

 []

[7]
Overfull \hbox (12.0pt too wide) in paragraph at lines 259--259
[][] 
 []


Overfull \hbox (93.56985pt too wide) detected at line 283
[]
 []


Overfull \hbox (35.98784pt too wide) detected at line 283
[]
 []


Overfull \hbox (9.77391pt too wide) detected at line 283
[]\OML/cmm/m/it/12 `\OT1/cmr/m/n/12 (\OML/cmm/m/it/12 I\OT1/cmr/m/n/12 )[]\OML/
cmm/m/it/12 `\OT1/cmr/m/n/12 (\OML/cmm/m/it/12 J\OT1/cmr/m/n/12 )[] \U/msa/m/n/
12 . []\OML/cmm/m/it/12 `\OT1/cmr/m/n/12 (\OML/cmm/m/it/12 I\OT1/cmr/m/n/12 )[]
\OML/cmm/m/it/12 `\OT1/cmr/m/n/12 (\OML/cmm/m/it/12 J\OT1/cmr/m/n/12 )[] \OMS/c
msy/m/n/12 ^^Y []
 []

[8]
Overfull \hbox (267.50769pt too wide) in paragraph at lines 287--290
[]\OMS/cmsy/m/n/12 f\OML/cmm/m/it/12 I; J\OMS/cmsy/m/n/12 g$ \OT1/cmr/m/n/12 is
 $\OML/cmm/m/it/12 I$ \OT1/cmr/m/n/12 when $\OML/cmm/m/it/12 `\OT1/cmr/m/n/12 (
\OML/cmm/m/it/12 I\OT1/cmr/m/n/12 ) \OMS/cmsy/m/n/12 ^^T \OML/cmm/m/it/12 `\OT1
/cmr/m/n/12 (\OML/cmm/m/it/12 J\OT1/cmr/m/n/12 )$ and $\OML/cmm/m/it/12 J$ \OT1
/cmr/m/n/12 oth-er-wise. [] 
 []

[9]
Overfull \hbox (12.0pt too wide) in paragraph at lines 294--294
[][] 
 []


LaTeX Warning: Reference `TwDef' on page 17 undefined on input line 313.


Overfull \hbox (14.29736pt too wide) detected at line 313
[]
 []


Underfull \vbox (badness 1895) has occurred while \output is active []



LaTeX Warning: Reference `TwDef' on page 18 undefined on input line 313.


LaTeX Warning: Reference `T1=0' on page 18 undefined on input line 313.


Overfull \hbox (45.5058pt too wide) in paragraph at lines 326--327
[]\OT1/cmr/m/n/12 In other words, we have that $1[](\OML/cmm/m/it/12 I[]!\OT1/c
mr/m/n/12 )$ and $[][] [][]$
 []


Overfull \hbox (108.62434pt too wide) detected at line 328
[]
 []


Overfull \hbox (123.7487pt too wide) detected at line 337
[]
 []


Overfull \hbox (111.7487pt too wide) detected at line 339
[]
 []


Overfull \hbox (83.86726pt too wide) detected at line 341
[]
 []


Overfull \hbox (102.94022pt too wide) detected at line 341
[]
 []


Overfull \hbox (104.42009pt too wide) detected at line 343
[]
 []


Overfull \hbox (86.3859pt too wide) detected at line 345
[]
 []


LaTeX Warning: Reference `LpEmbedding' on page 21 undefined on input line 353.


LaTeX Warning: Reference `LpWbound' on page 21 undefined on input line 353.


LaTeX Warning: Reference `LpEmbedding' on page 21 undefined on input line 353.


LaTeX Warning: Reference `LpEmbedding' on page 21 undefined on input line 353.


Underfull \hbox (badness 10000) in paragraph at lines 356--357

 []


LaTeX Warning: Reference `LpWbound' on page 21 undefined on input line 366.


Overfull \hbox (28.76302pt too wide) detected at line 369
[]
 []

Excluding 'comment' comment.

LaTeX Warning: Reference `FinalKerEst2' on page 23 undefined on input line 385.



LaTeX Warning: Reference `FinalKerEst1' on page 23 undefined on input line 385.



Overfull \hbox (37.43103pt too wide) detected at line 387
[]
 []


Overfull \hbox (35.45122pt too wide) detected at line 391
[]
 []


Overfull \hbox (16.81175pt too wide) detected at line 391
[]
 []

Excluding 'comment' comment. [10]
Overfull \hbox (246.05115pt too wide) in paragraph at lines 430--430
\OT1/cmr/m/n/12 duc-tion, will be cru-cial for the proof of ne-ces-sity. [] 
 []


LaTeX Warning: Reference `BAssump' on page 26 undefined on input line 439.


LaTeX Warning: Reference `EstTwo' on page 26 undefined on input line 439.


LaTeX Warning: Reference `EstTwo' on page 26 undefined on input line 439.


LaTeX Warning: Reference `Btoprove' on page 26 undefined on input line 439.

[11]
Overfull \hbox (138.9598pt too wide) in paragraph at lines 442--444
[]\OT1/cmr/m/n/12 We can now fi-nally prove [] 
 []


LaTeX Warning: Reference `T1IntDef' on page 27 undefined on input line 464.


Overfull \hbox (4.85167pt too wide) detected at line 464
[]
 []


LaTeX Warning: Reference `LpEmbedding' on page 27 undefined on input line 464.


Overfull \hbox (30.7806pt too wide) detected at line 464
[]
 []


Overfull \hbox (56.0725pt too wide) detected at line 464
[]
 []

[12]
Overfull \hbox (12.0pt too wide) in paragraph at lines 479--479
[][] 
 []


LaTeX Warning: Reference `CarEmbedParEst' on page 30 undefined on input line 49
0.


LaTeX Warning: Reference `CarEmbedParEst' on page 30 undefined on input line 49
0.


Underfull \hbox (badness 10000) in paragraph at lines 497--498

 []


LaTeX Warning: Reference `LpEmbedding' on page 31 undefined on input line 501.


Overfull \hbox (52.72017pt too wide) detected at line 503
[]
 []


LaTeX Warning: Reference `LpEmbedding' on page 31 undefined on input line 506.


Underfull \vbox (badness 4886) has occurred while \output is active []


Underfull \hbox (badness 10000) in paragraph at lines 510--511

 []


LaTeX Warning: Reference `CommEst1' on page 33 undefined on input line 519.


LaTeX Warning: Reference `CommEst1' on page 33 undefined on input line 519.


Overfull \hbox (64.22545pt too wide) detected at line 519
[]
 []


Overfull \hbox (17.2757pt too wide) in paragraph at lines 519--520
\OT1/cmr/m/n/12 and where the sec-ond in-equal-ity fol-lows from the fact that 
$\OMS/cmsy/m/n/12 k\OML/cmm/m/it/12 S[]\OT1/cmr/m/n/12 (\OML/cmm/m/it/12 x\OT1/
cmr/m/n/12 )\OML/cmm/m/it/12 e[]\OMS/cmsy/m/n/12 k ^^T
 []


Overfull \hbox (8.30579pt too wide) detected at line 523
[]
 []


Overfull \hbox (79.82617pt too wide) detected at line 523
[]
 []


Overfull \hbox (13.03175pt too wide) detected at line 527
[]
 []


Underfull \vbox (badness 10000) has occurred while \output is active []



LaTeX Warning: Reference `CommEst2' on page 35 undefined on input line 530.


LaTeX Warning: Reference `CommEst2' on page 35 undefined on input line 530.


Overfull \hbox (77.80975pt too wide) detected at line 530
[]
 []


Overfull \hbox (17.2757pt too wide) in paragraph at lines 530--531
\OT1/cmr/m/n/12 and where the sec-ond in-equal-ity fol-lows from the fact that 
$\OMS/cmsy/m/n/12 k[]\OT1/cmr/m/n/12 (\OML/cmm/m/it/12 x\OT1/cmr/m/n/12 )\OML/c
mm/m/it/12 e[]\OMS/cmsy/m/n/12 k ^^T
 []


Overfull \hbox (26.37515pt too wide) detected at line 532
[]
 []


Overfull \hbox (89.9978pt too wide) detected at line 534
[]
 []


Overfull \hbox (35.48633pt too wide) detected at line 534
[]
 []

Missing character: There is no â in font cmr10!
Missing character: There is no € in font cmr10!
Missing character: There is no “ in font cmr10!
! Undefined control sequence.
\@tempa ...Break {,} {Preprint available at \href 
                                                  {http://arxiv.org/abs/1505...
l.581 }
       
The control sequence at the end of the top line
of your error message was never \def'ed. If you have
misspelled it (e.g., `\hobx'), type `I' and the correct
spelling (e.g., `I\hbox'). Otherwise just continue,
and I'll forget about whatever was undefined.


Package rkeyval Warning: Missing comma on input line 586.


Package rkeyval Warning: Missing comma on input line 587.

! Undefined control sequence.
\@tempa ...Break {,} {Preprint available at \href 
                                                  {http://mat.uab.es/~xtolsa...
l.589 }
       
The control sequence at the end of the top line
of your error message was never \def'ed. If you have
misspelled it (e.g., `\hobx'), type `I' and the correct
spelling (e.g., `I\hbox'). Otherwise just continue,
and I'll forget about whatever was undefined.


Underfull \hbox (badness 1748) in paragraph at lines 589--589
[]\OT1/cmr/m/n/10 V. Chou-sio-nis and X. Tolsa, \OT1/cmr/m/it/10 The $\OML/cmm/
m/it/10 T\OT1/cmr/m/n/10 1$ \OT1/cmr/m/it/10 The-o-rem\OT1/cmr/m/n/10 , Preprin
t avail-able at
 []


Package rkeyval Warning: Missing comma on input line 595.


Package rkeyval Warning: Missing comma on input line 596.

! Undefined control sequence.
\@tempa ...Break {,} {Preprint available at \href 
                                                  {http://arxiv.org/abs/1108...
l.648   }
         
The control sequence at the end of the top line
of your error message was never \def'ed. If you have
misspelled it (e.g., `\hobx'), type `I' and the correct
spelling (e.g., `I\hbox'). Otherwise just continue,
and I'll forget about whatever was undefined.


Underfull \hbox (badness 10000) in paragraph at lines 648--648
[]\OT1/cmr/m/n/10 T. Hyt^^?onen, \OT1/cmr/m/it/10 Rep-re-sen-ta-tion of sin-gu-
lar in-te-grals by dyadic
 []


Underfull \hbox (badness 10000) in paragraph at lines 648--648
\OT1/cmr/m/it/10 op-er-a-tors, and the $\OML/cmm/m/it/10 A[]$ \OT1/cmr/m/it/10 
the-o-rem\OT1/cmr/m/n/10 , Preprint avail-able at
 []

! Undefined control sequence.
\@tempa ...Break {,} {Preprint available at \href 
                                                  {http://arxiv.org/abs/1507...
l.656   }
         
The control sequence at the end of the top line
of your error message was never \def'ed. If you have
misspelled it (e.g., `\hobx'), type `I' and the correct
spelling (e.g., `I\hbox'). Otherwise just continue,
and I'll forget about whatever was undefined.

! Undefined control sequence.
\@tempa ...Break {,} {Preprint available at \href 
                                                  {http://arxiv.org/abs/1511...
l.664   }
         
The control sequence at the end of the top line
of your error message was never \def'ed. If you have
misspelled it (e.g., `\hobx'), type `I' and the correct
spelling (e.g., `I\hbox'). Otherwise just continue,
and I'll forget about whatever was undefined.


Underfull \hbox (badness 10000) in paragraph at lines 664--664
[][]\OT1/cmr/m/n/10 , \OT1/cmr/m/it/10 Bound-ed-ness of com-mu-ta-tors and H$[]
[]$-BMO du-al-
 []


Underfull \hbox (badness 10000) in paragraph at lines 664--664
\OT1/cmr/m/it/10 ity in the two ma-trix weighted set-ting\OT1/cmr/m/n/10 , Prep
rint avail-able at
 []

! Undefined control sequence.
\@tempa ...Break {,} {Preprint available at \href 
                                                  {http://arxiv.org/abs/1401...
l.672 }
       
The control sequence at the end of the top line
of your error message was never \def'ed. If you have
misspelled it (e.g., `\hobx'), type `I' and the correct
spelling (e.g., `I\hbox'). Otherwise just continue,
and I'll forget about whatever was undefined.

! Undefined control sequence.
\@tempa ...Break {,} {Preprint available at \href 
                                                  {http://arxiv.org/abs/1601...
l.680 }
       
The control sequence at the end of the top line
of your error message was never \def'ed. If you have
misspelled it (e.g., `\hobx'), type `I' and the correct
spelling (e.g., `I\hbox'). Otherwise just continue,
and I'll forget about whatever was undefined.


Underfull \hbox (badness 7814) in paragraph at lines 680--680
[]\OT1/cmr/m/n/10 J. Is-ralowitz and K. Moen, \OT1/cmr/m/it/10 Ma-trix weighted
 Poincare in-equal-i-ties
 []


Underfull \hbox (badness 3612) in paragraph at lines 680--680
\OT1/cmr/m/it/10 and ap-pli-ca-tions to de-gen-er-ate el-lip-tic sys-tems\OT1/c
mr/m/n/10 , Preprint avail-able at
 []

Missing character: There is no â in font cmr10!
Missing character: There is no € in font cmr10!
Missing character: There is no “ in font cmr10!

Package rkeyval Warning: Missing comma on input line 724.


Package rkeyval Warning: Missing comma on input line 725.


Package rkeyval Warning: Missing comma on input line 726.


Package rkeyval Warning: Missing comma on input line 727.


Package rkeyval Warning: Missing comma on input line 728.


Package rkeyval Warning: Missing comma on input line 729.

Missing character: There is no â in font cmr10!
Missing character: There is no € in font cmr10!
Missing character: There is no “ in font cmr10!
! Undefined control sequence.
\@tempa ...Break {,} {Preprint available at \href 
                                                  {http://arxiv.org/pdf/1006...
l.759 }
       
The control sequence at the end of the top line
of your error message was never \def'ed. If you have
misspelled it (e.g., `\hobx'), type `I' and the correct
spelling (e.g., `I\hbox'). Otherwise just continue,
and I'll forget about whatever was undefined.


Underfull \hbox (badness 10000) in paragraph at lines 759--759
[]\OT1/cmr/m/n/10 C. Perez, S. Treil, and A. Vol-berg, \OT1/cmr/m/it/10 On A$[]
[]$ con-jec-ture
 []


Underfull \hbox (badness 10000) in paragraph at lines 759--759
\OT1/cmr/m/it/10 and corona de-com-po-si-tion of weights\OT1/cmr/m/n/10 , Prepr
int avail-able at
 []


Package rkeyval Warning: Missing comma on input line 775.


Package rkeyval Warning: Missing comma on input line 776.


Package rkeyval Warning: Missing comma on input line 777.


Package rkeyval Warning: Missing comma on input line 778.


Package rkeyval Warning: Missing comma on input line 779.


Package rkeyval Warning: Missing comma on input line 780.

Missing character: There is no â in font cmr10!
Missing character: There is no € in font cmr10!
Missing character: There is no “ in font cmr10!

Underfull \vbox (badness 10000) has occurred while \output is active []


(source_extraction/results/1508.02474.aux)

LaTeX Warning: There were undefined references.

 ) 
Here is how much of TeX's memory you used:
 3733 strings out of 494260
 44972 string characters out of 6168642
 132390 words of memory out of 5000000
 6874 multiletter control sequences out of 15000+600000
 16846 words of font info for 65 fonts, out of 8000000 for 9000
 658 hyphenation exceptions out of 8191
 34i,23n,31p,1785b,651s stack positions out of 5000i,500n,10000p,200000b,80000s
</usr/share/texlive/texmf-dist/fonts/type1/public/amsfonts/cm/cmbx12.pfb></us
r/share/texlive/texmf-dist/fonts/type1/public/amsfonts/cm/cmex10.pfb></usr/shar
e/texlive/texmf-dist/fonts/type1/public/amsfonts/cm/cmmi12.pfb></usr/share/texl
ive/texmf-dist/fonts/type1/public/amsfonts/cm/cmmi6.pfb></usr/share/texlive/tex
mf-dist/fonts/type1/public/amsfonts/cm/cmmi8.pfb></usr/share/texlive/texmf-dist
/fonts/type1/public/amsfonts/cm/cmr12.pfb></usr/share/texlive/texmf-dist/fonts/
type1/public/amsfonts/cm/cmr6.pfb></usr/share/texlive/texmf-dist/fonts/type1/pu
blic/amsfonts/cm/cmr8.pfb></usr/share/texlive/texmf-dist/fonts/type1/public/ams
fonts/cm/cmsy10.pfb></usr/share/texlive/texmf-dist/fonts/type1/public/amsfonts/
cm/cmsy6.pfb></usr/share/texlive/texmf-dist/fonts/type1/public/amsfonts/cm/cmsy
8.pfb></usr/share/texlive/texmf-dist/fonts/type1/public/amsfonts/cm/cmti12.pfb>
</usr/share/texlive/texmf-dist/fonts/type1/public/amsfonts/cm/cmti8.pfb></usr/s
hare/texlive/texmf-dist/fonts/type1/public/amsfonts/symbols/msam10.pfb></usr/sh
are/texlive/texmf-dist/fonts/type1/public/amsfonts/symbols/msbm10.pfb></usr/sha
re/texlive/texmf-dist/fonts/type1/public/rsfs/rsfs10.pfb>
Output written on source_extraction/results/1508.02474.pdf (12 pages, 158733 by
tes).
PDF statistics:
 107 PDF objects out of 1000 (max. 8388607)
 76 compressed objects within 1 object stream
 0 named destinations out of 1000 (max. 500000)
 1 words of extra memory for PDF output out of 10000 (max. 10000000)

