This is pdfTeX, Version 3.14159265-2.6-1.40.18 (TeX Live 2017/Debian) (preloaded format=pdflatex 2018.11.16)  29 NOV 2018 14:49
entering extended mode
 restricted \write18 enabled.
 %&-line parsing enabled.
**source_extraction/results/1508.06199.tex
(./source_extraction/results/1508.06199.tex
LaTeX2e <2017-04-15>
Babel <3.18> and hyphenation patterns for 20 language(s) loaded.
(/usr/share/texlive/texmf-dist/tex/latex/amscls/amsart.cls
Document Class: amsart 2017/10/31 v2.20.4
\linespacing=\dimen102
\normalparindent=\dimen103
\normaltopskip=\skip41
(/usr/share/texlive/texmf-dist/tex/latex/amsmath/amsmath.sty
Package: amsmath 2017/09/02 v2.17a AMS math features
\@mathmargin=\skip42

For additional information on amsmath, use the `?' option.
(/usr/share/texlive/texmf-dist/tex/latex/amsmath/amstext.sty
Package: amstext 2000/06/29 v2.01 AMS text

(/usr/share/texlive/texmf-dist/tex/latex/amsmath/amsgen.sty
File: amsgen.sty 1999/11/30 v2.0 generic functions
\@emptytoks=\toks14
\ex@=\dimen104
))
(/usr/share/texlive/texmf-dist/tex/latex/amsmath/amsbsy.sty
Package: amsbsy 1999/11/29 v1.2d Bold Symbols
\pmbraise@=\dimen105
)
(/usr/share/texlive/texmf-dist/tex/latex/amsmath/amsopn.sty
Package: amsopn 2016/03/08 v2.02 operator names
)
\inf@bad=\count79
LaTeX Info: Redefining \frac on input line 213.
\uproot@=\count80
\leftroot@=\count81
LaTeX Info: Redefining \overline on input line 375.
\classnum@=\count82
\DOTSCASE@=\count83
LaTeX Info: Redefining \ldots on input line 472.
LaTeX Info: Redefining \dots on input line 475.
LaTeX Info: Redefining \cdots on input line 596.
\Mathstrutbox@=\box26
\strutbox@=\box27
\big@size=\dimen106
LaTeX Font Info:    Redeclaring font encoding OML on input line 712.
LaTeX Font Info:    Redeclaring font encoding OMS on input line 713.
\macc@depth=\count84
\c@MaxMatrixCols=\count85
\dotsspace@=\muskip10
\c@parentequation=\count86
\dspbrk@lvl=\count87
\tag@help=\toks15
\row@=\count88
\column@=\count89
\maxfields@=\count90
\andhelp@=\toks16
\eqnshift@=\dimen107
\alignsep@=\dimen108
\tagshift@=\dimen109
\tagwidth@=\dimen110
\totwidth@=\dimen111
\lineht@=\dimen112
\@envbody=\toks17
\multlinegap=\skip43
\multlinetaggap=\skip44
\mathdisplay@stack=\toks18
LaTeX Info: Redefining \[ on input line 2817.
LaTeX Info: Redefining \] on input line 2818.
)
LaTeX Font Info:    Try loading font information for U+msa on input line 398.

(/usr/share/texlive/texmf-dist/tex/latex/amsfonts/umsa.fd
File: umsa.fd 2013/01/14 v3.01 AMS symbols A
)
(/usr/share/texlive/texmf-dist/tex/latex/amsfonts/amsfonts.sty
Package: amsfonts 2013/01/14 v3.01 Basic AMSFonts support
\symAMSa=\mathgroup4
\symAMSb=\mathgroup5
LaTeX Font Info:    Overwriting math alphabet `\mathfrak' in version `bold'
(Font)                  U/euf/m/n --> U/euf/b/n on input line 106.
)
\copyins=\insert199
\abstractbox=\box28
\listisep=\skip45
\c@part=\count91
\c@section=\count92
\c@subsection=\count93
\c@subsubsection=\count94
\c@paragraph=\count95
\c@subparagraph=\count96
\c@figure=\count97
\c@table=\count98
\abovecaptionskip=\skip46
\belowcaptionskip=\skip47
\captionindent=\dimen113
\thm@style=\toks19
\thm@bodyfont=\toks20
\thm@headfont=\toks21
\thm@notefont=\toks22
\thm@headpunct=\toks23
\thm@preskip=\skip48
\thm@postskip=\skip49
\thm@headsep=\skip50
\dth@everypar=\toks24
)
(/usr/share/texlive/texmf-dist/tex/latex/preprint/fullpage.sty
Package: fullpage 1999/02/23 1.1 (PWD)
\FP@margin=\skip51
)
(/usr/share/texlive/texmf-dist/tex/latex/amsfonts/amssymb.sty
Package: amssymb 2013/01/14 v3.01 AMS font symbols
)
(/usr/share/texlive/texmf-dist/tex/latex/graphics/graphicx.sty
Package: graphicx 2017/06/01 v1.1a Enhanced LaTeX Graphics (DPC,SPQR)

(/usr/share/texlive/texmf-dist/tex/latex/graphics/keyval.sty
Package: keyval 2014/10/28 v1.15 key=value parser (DPC)
\KV@toks@=\toks25
)
(/usr/share/texlive/texmf-dist/tex/latex/graphics/graphics.sty
Package: graphics 2017/06/25 v1.2c Standard LaTeX Graphics (DPC,SPQR)

(/usr/share/texlive/texmf-dist/tex/latex/graphics/trig.sty
Package: trig 2016/01/03 v1.10 sin cos tan (DPC)
)
(/usr/share/texlive/texmf-dist/tex/latex/graphics-cfg/graphics.cfg
File: graphics.cfg 2016/06/04 v1.11 sample graphics configuration
)
Package graphics Info: Driver file: pdftex.def on input line 99.

(/usr/share/texlive/texmf-dist/tex/latex/graphics-def/pdftex.def
File: pdftex.def 2018/01/08 v1.0l Graphics/color driver for pdftex
))
\Gin@req@height=\dimen114
\Gin@req@width=\dimen115
)
(/usr/share/texlive/texmf-dist/tex/latex/tools/verbatim.sty
Package: verbatim 2014/10/28 v1.5q LaTeX2e package for verbatim enhancements
\every@verbatim=\toks26
\verbatim@line=\toks27
\verbatim@in@stream=\read1
) (./extract.sty
(/usr/share/texlive/texmf-dist/tex/latex/environ/environ.sty
Package: environ 2014/05/04 v0.3 A new way to define environments

(/usr/share/texlive/texmf-dist/tex/latex/trimspaces/trimspaces.sty
Package: trimspaces 2009/09/17 v1.1 Trim spaces around a token list
))
(/usr/share/texlive/texmf-dist/tex/latex/etextools/etextools.sty
Package: etextools 2010/12/07 v3.1415926 e-TeX more useful tools for LaTeX pack
age writers

(/usr/share/texlive/texmf-dist/tex/latex/etex-pkg/etex.sty
Package: etex 2016/08/01 v2.7 eTeX basic definition package (PEB,DPC)
\et@xins=\count99
)
(/usr/share/texlive/texmf-dist/tex/latex/etoolbox/etoolbox.sty
Package: etoolbox 2018/02/11 v2.5e e-TeX tools for LaTeX (JAW)
\etb@tempcnta=\count100
)
(/usr/share/texlive/texmf-dist/tex/latex/oberdiek/letltxmacro.sty
Package: letltxmacro 2016/05/16 v1.5 Let assignment for LaTeX macros (HO)
)
\ettl@fter=\count101
\ettl@for@nested=\count277
)
(/usr/share/texmf/tex/latex/preview/preview.sty
Package: preview 2017/04/24 11.91 (AUCTeX/preview-latex)

(/usr/share/texmf/tex/latex/preview/prtightpage.def
\PreviewBorder=\dimen116
)
\pr@snippet=\count102
\pr@box=\box29
\pr@output=\toks28
)
\c@propcounter=\count103
\mybox=\box30
)
\c@theorem=\count104

(source_extraction/results/1508.06199.aux)
\openout1 = `1508.06199.aux'.

LaTeX Font Info:    Checking defaults for OML/cmm/m/it on input line 43.
LaTeX Font Info:    ... okay on input line 43.
LaTeX Font Info:    Checking defaults for T1/cmr/m/n on input line 43.
LaTeX Font Info:    ... okay on input line 43.
LaTeX Font Info:    Checking defaults for OT1/cmr/m/n on input line 43.
LaTeX Font Info:    ... okay on input line 43.
LaTeX Font Info:    Checking defaults for OMS/cmsy/m/n on input line 43.
LaTeX Font Info:    ... okay on input line 43.
LaTeX Font Info:    Checking defaults for OMX/cmex/m/n on input line 43.
LaTeX Font Info:    ... okay on input line 43.
LaTeX Font Info:    Checking defaults for U/cmr/m/n on input line 43.
LaTeX Font Info:    ... okay on input line 43.
LaTeX Font Info:    Try loading font information for U+msa on input line 43.

(/usr/share/texlive/texmf-dist/tex/latex/amsfonts/umsa.fd
File: umsa.fd 2013/01/14 v3.01 AMS symbols A
)
LaTeX Font Info:    Try loading font information for U+msb on input line 43.

(/usr/share/texlive/texmf-dist/tex/latex/amsfonts/umsb.fd
File: umsb.fd 2013/01/14 v3.01 AMS symbols B
)
(/usr/share/texlive/texmf-dist/tex/context/base/mkii/supp-pdf.mkii
[Loading MPS to PDF converter (version 2006.09.02).]
\scratchcounter=\count105
\scratchdimen=\dimen117
\scratchbox=\box31
\nofMPsegments=\count106
\nofMParguments=\count107
\everyMPshowfont=\toks29
\MPscratchCnt=\count108
\MPscratchDim=\dimen118
\MPnumerator=\count109
\makeMPintoPDFobject=\count110
\everyMPtoPDFconversion=\toks30
) (/usr/share/texlive/texmf-dist/tex/latex/oberdiek/epstopdf-base.sty
Package: epstopdf-base 2016/05/15 v2.6 Base part for package epstopdf

(/usr/share/texlive/texmf-dist/tex/generic/oberdiek/infwarerr.sty
Package: infwarerr 2016/05/16 v1.4 Providing info/warning/error messages (HO)
)
(/usr/share/texlive/texmf-dist/tex/latex/oberdiek/grfext.sty
Package: grfext 2016/05/16 v1.2 Manage graphics extensions (HO)

(/usr/share/texlive/texmf-dist/tex/generic/oberdiek/kvdefinekeys.sty
Package: kvdefinekeys 2016/05/16 v1.4 Define keys (HO)

(/usr/share/texlive/texmf-dist/tex/generic/oberdiek/ltxcmds.sty
Package: ltxcmds 2016/05/16 v1.23 LaTeX kernel commands for general use (HO)
)))
(/usr/share/texlive/texmf-dist/tex/latex/oberdiek/kvoptions.sty
Package: kvoptions 2016/05/16 v3.12 Key value format for package options (HO)

(/usr/share/texlive/texmf-dist/tex/generic/oberdiek/kvsetkeys.sty
Package: kvsetkeys 2016/05/16 v1.17 Key value parser (HO)

(/usr/share/texlive/texmf-dist/tex/generic/oberdiek/etexcmds.sty
Package: etexcmds 2016/05/16 v1.6 Avoid name clashes with e-TeX commands (HO)

(/usr/share/texlive/texmf-dist/tex/generic/oberdiek/ifluatex.sty
Package: ifluatex 2016/05/16 v1.4 Provides the ifluatex switch (HO)
Package ifluatex Info: LuaTeX not detected.
)
Package etexcmds Info: Could not find \expanded.
(etexcmds)             That can mean that you are not using pdfTeX 1.50 or
(etexcmds)             that some package has redefined \expanded.
(etexcmds)             In the latter case, load this package earlier.
)))
(/usr/share/texlive/texmf-dist/tex/generic/oberdiek/pdftexcmds.sty
Package: pdftexcmds 2018/01/21 v0.26 Utility functions of pdfTeX for LuaTeX (HO
)

(/usr/share/texlive/texmf-dist/tex/generic/oberdiek/ifpdf.sty
Package: ifpdf 2017/03/15 v3.2 Provides the ifpdf switch
)
Package pdftexcmds Info: LuaTeX not detected.
Package pdftexcmds Info: \pdf@primitive is available.
Package pdftexcmds Info: \pdf@ifprimitive is available.
Package pdftexcmds Info: \pdfdraftmode found.
)
Package epstopdf-base Info: Redefining graphics rule for `.eps' on input line 4
38.
Package grfext Info: Graphics extension search list:
(grfext)             [.pdf,.png,.jpg,.mps,.jpeg,.jbig2,.jb2,.PDF,.PNG,.JPG,.JPE
G,.JBIG2,.JB2,.eps]
(grfext)             \AppendGraphicsExtensions on input line 456.

(/usr/share/texlive/texmf-dist/tex/latex/latexconfig/epstopdf-sys.cfg
File: epstopdf-sys.cfg 2010/07/13 v1.3 Configuration of (r)epstopdf for TeX Liv
e
))
Preview: Fontsize 10.95pt
Preview: PDFoutput 1
Preview: Tightpage -32891 -32891 32891 32891
[1{/var/lib/texmf/fonts/map/pdftex/updmap/pdftex.map}] [2]
Overfull \hbox (12.0pt too wide) in paragraph at lines 88--88
[][] 
 []


LaTeX Warning: Reference `phi' on page 2 undefined on input line 105.


LaTeX Warning: Reference `formula-Phi-1' on page 2 undefined on input line 105.



LaTeX Warning: Reference `exp-1' on page 3 undefined on input line 116.


LaTeX Warning: Reference `exp-2' on page 3 undefined on input line 132.

LaTeX Font Info:    Try loading font information for U+euf on input line 154.
(/usr/share/texlive/texmf-dist/tex/latex/amsfonts/ueuf.fd
File: ueuf.fd 2013/01/14 v3.01 Euler Fraktur
)

LaTeX Warning: Reference `phi-lambda' on page 4 undefined on input line 194.


LaTeX Warning: Reference `diff-hyper' on page 5 undefined on input line 208.


LaTeX Warning: Reference `phi-lambda' on page 5 undefined on input line 208.

LaTeX Font Info:    Try loading font information for OMS+cmr on input line 208.

(/usr/share/texlive/texmf-dist/tex/latex/base/omscmr.fd
File: omscmr.fd 2014/09/29 v2.5h Standard LaTeX font definitions
)
LaTeX Font Info:    Font shape `OMS/cmr/m/n' in size <10.95> not available
(Font)              Font shape `OMS/cmsy/m/n' tried instead on input line 208.


LaTeX Warning: Reference `phi-lambda' on page 5 undefined on input line 216.


LaTeX Warning: Reference `diff-hyper' on page 5 undefined on input line 222.

[3]
Overfull \hbox (12.0pt too wide) in paragraph at lines 273--273
[][] 
 []

[4]
Overfull \hbox (12.0pt too wide) in paragraph at lines 336--336
[][] 
 []


LaTeX Warning: Reference `formula-Phi-2' on page 7 undefined on input line 401.



LaTeX Warning: Reference `properties of hypergeometric function-1' on page 7 un
defined on input line 401.


Overfull \hbox (29.52165pt too wide) detected at line 401
\OT1/cmr/m/n/10.95 ^^H[](\OML/cmm/m/it/10.95 a[]\OT1/cmr/m/n/10.95 ) = (2 [] \O
ML/cmm/m/it/10.95 t\OT1/cmr/m/n/10.95 )[](1 + [][] \OML/cmm/m/it/10.95 t\OT1/cm
r/m/n/10.95 )[][][]\OML/cmm/m/it/10.95 F[] [] ; t > \OT1/cmr/m/n/10.95 0\OML/cm
m/m/it/10.95 :
 []


LaTeX Warning: Reference `formula-Phi-1' on page 8 undefined on input line 401.



LaTeX Warning: Reference `integral representation of hypergeometric function' o
n page 8 undefined on input line 401.


LaTeX Warning: Reference `est-Phi' on page 8 undefined on input line 401.

[5]
Underfull \hbox (badness 10000) in paragraph at lines 403--411
[]\OT1/cmr/m/n/10.95 Using Lemma 3.1  and the fact that $^^A(\OML/cmm/m/it/10.9
5 t\OT1/cmr/m/n/10.95 ) \OMS/cmsy/m/n/10.95 ^^P \OML/cmm/m/it/10.95 t[]$ \OT1/c
mr/m/n/10.95 near
 []


Underfull \hbox (badness 10000) in paragraph at lines 403--411
\OT1/cmr/m/n/10.95 0$ and $^^A(\OML/cmm/m/it/10.95 t\OT1/cmr/m/n/10.95 ) \OMS/c
msy/m/n/10.95 ^^P \OML/cmm/m/it/10.95 e[]$ \OT1/cmr/m/n/10.95 near $\OMS/cmsy/m
/n/10.95 1$\OT1/cmr/m/n/10.95 , we have the fol-low-ing Lemma:
 []

[6]
Overfull \hbox (12.0pt too wide) in paragraph at lines 420--420
[][] 
 []


LaTeX Warning: Reference `properties of hypergermetric function-3' on page 9 un
defined on input line 433.

[7]
Overfull \hbox (12.0pt too wide) in paragraph at lines 438--438
[][] 
 []


LaTeX Warning: Reference `definition of b-lambda' on page 10 undefined on input
 line 473.


LaTeX Warning: Reference `1' on page 10 undefined on input line 473.

[8]
Overfull \hbox (12.0pt too wide) in paragraph at lines 486--486
[][] 
 []

[9]
Overfull \hbox (12.0pt too wide) in paragraph at lines 510--510
[][] 
 []

[10]
Overfull \hbox (12.0pt too wide) in paragraph at lines 545--545
[][] 
 []

[11]
Overfull \hbox (12.0pt too wide) in paragraph at lines 560--560
[][] 
 []


LaTeX Warning: Reference `diff-hyper' on page 12 undefined on input line 570.

[12]
Overfull \hbox (12.0pt too wide) in paragraph at lines 578--578
[][] 
 []

[13]
Overfull \hbox (12.0pt too wide) in paragraph at lines 595--595
[][] 
 []

[14]
Overfull \hbox (12.0pt too wide) in paragraph at lines 646--646
[][] 
 []


LaTeX Warning: Reference `definition of B-lambda' on page 14 undefined on input
 line 663.

[15]

LaTeX Warning: Reference `definition of B-lambda' on page 15 undefined on input
 line 712.


LaTeX Warning: Reference `defn-R-g' on page 15 undefined on input line 712.

[16]
Underfull \hbox (badness 10000) in paragraph at lines 716--736
\OT1/cmr/m/n/10.95 We start with the fol-low-ing The-o-rem [[], The-o-rem 6.8] 
(see also [[]]).
 []


Underfull \hbox (badness 10000) in paragraph at lines 716--736
\OT1/cmr/m/n/10.95 The proof of the the-o-rem uses the log-log the-o-rem, the P
aley-Wiener the-
 []


Underfull \hbox (badness 10000) in paragraph at lines 716--736
\OT1/cmr/m/n/10.95 o-rem, Al-h-fors dis-tor-tion the-o-rem and the Phragm^^Sen-
Lindel[]'of prin-ci-ple.
 []

[17]
Overfull \hbox (12.0pt too wide) in paragraph at lines 742--742
[][] 
 []

[18]
Overfull \hbox (25.78322pt too wide) in paragraph at lines 743--754
\OT1/cmr/m/n/10.95 rem. [] 
 []

[19]
Overfull \hbox (12.0pt too wide) in paragraph at lines 847--847
[][] 
 []


LaTeX Warning: Reference `properties of hypergeometric function-2' on page 18 u
ndefined on input line 886.


LaTeX Warning: Reference `0.1' on page 18 undefined on input line 886.

[20]
Overfull \hbox (12.0pt too wide) in paragraph at lines 895--895
[][] 
 []

[21]
Overfull \hbox (12.0pt too wide) in paragraph at lines 928--928
[][] 
 []


Underfull \vbox (badness 2478) has occurred while \output is active []


(source_extraction/results/1508.06199.aux)

LaTeX Warning: There were undefined references.

 ) 
Here is how much of TeX's memory you used:
 3958 strings out of 494260
 51818 string characters out of 6168642
 136882 words of memory out of 5000000
 7060 multiletter control sequences out of 15000+600000
 15511 words of font info for 57 fonts, out of 8000000 for 9000
 658 hyphenation exceptions out of 8191
 41i,21n,32p,1074b,307s stack positions out of 5000i,500n,10000p,200000b,80000s
</usr/share/texlive/texmf-dist/fonts/type1/public/amsfonts/cm/cmbx10.pfb></us
r/share/texlive/texmf-dist/fonts/type1/public/amsfonts/cm/cmex10.pfb></usr/shar
e/texlive/texmf-dist/fonts/type1/public/amsfonts/cmextra/cmex8.pfb></usr/share/
texlive/texmf-dist/fonts/type1/public/amsfonts/cm/cmmi10.pfb></usr/share/texliv
e/texmf-dist/fonts/type1/public/amsfonts/cm/cmmi6.pfb></usr/share/texlive/texmf
-dist/fonts/type1/public/amsfonts/cm/cmmi8.pfb></usr/share/texlive/texmf-dist/f
onts/type1/public/amsfonts/cm/cmr10.pfb></usr/share/texlive/texmf-dist/fonts/ty
pe1/public/amsfonts/cm/cmr6.pfb></usr/share/texlive/texmf-dist/fonts/type1/publ
ic/amsfonts/cm/cmr8.pfb></usr/share/texlive/texmf-dist/fonts/type1/public/amsfo
nts/cm/cmsy10.pfb></usr/share/texlive/texmf-dist/fonts/type1/public/amsfonts/cm
/cmsy6.pfb></usr/share/texlive/texmf-dist/fonts/type1/public/amsfonts/cm/cmsy8.
pfb></usr/share/texlive/texmf-dist/fonts/type1/public/amsfonts/cm/cmti10.pfb></
usr/share/texlive/texmf-dist/fonts/type1/public/amsfonts/symbols/msbm10.pfb>
Output written on source_extraction/results/1508.06199.pdf (21 pages, 165263 by
tes).
PDF statistics:
 128 PDF objects out of 1000 (max. 8388607)
 90 compressed objects within 1 object stream
 0 named destinations out of 1000 (max. 500000)
 1 words of extra memory for PDF output out of 10000 (max. 10000000)

