This is pdfTeX, Version 3.14159265-2.6-1.40.18 (TeX Live 2017/Debian) (preloaded format=pdflatex 2018.11.16)  29 NOV 2018 14:49
entering extended mode
 restricted \write18 enabled.
 %&-line parsing enabled.
**source_extraction/results/1510.04201.tex
(./source_extraction/results/1510.04201.tex
LaTeX2e <2017-04-15>
Babel <3.18> and hyphenation patterns for 20 language(s) loaded.
(/usr/share/texlive/texmf-dist/tex/latex/amscls/amsart.cls
Document Class: amsart 2017/10/31 v2.20.4
\linespacing=\dimen102
\normalparindent=\dimen103
\normaltopskip=\skip41
(/usr/share/texlive/texmf-dist/tex/latex/amsmath/amsmath.sty
Package: amsmath 2017/09/02 v2.17a AMS math features
\@mathmargin=\skip42

For additional information on amsmath, use the `?' option.
(/usr/share/texlive/texmf-dist/tex/latex/amsmath/amstext.sty
Package: amstext 2000/06/29 v2.01 AMS text

(/usr/share/texlive/texmf-dist/tex/latex/amsmath/amsgen.sty
File: amsgen.sty 1999/11/30 v2.0 generic functions
\@emptytoks=\toks14
\ex@=\dimen104
))
(/usr/share/texlive/texmf-dist/tex/latex/amsmath/amsbsy.sty
Package: amsbsy 1999/11/29 v1.2d Bold Symbols
\pmbraise@=\dimen105
)
(/usr/share/texlive/texmf-dist/tex/latex/amsmath/amsopn.sty
Package: amsopn 2016/03/08 v2.02 operator names
)
\inf@bad=\count79
LaTeX Info: Redefining \frac on input line 213.
\uproot@=\count80
\leftroot@=\count81
LaTeX Info: Redefining \overline on input line 375.
\classnum@=\count82
\DOTSCASE@=\count83
LaTeX Info: Redefining \ldots on input line 472.
LaTeX Info: Redefining \dots on input line 475.
LaTeX Info: Redefining \cdots on input line 596.
\Mathstrutbox@=\box26
\strutbox@=\box27
\big@size=\dimen106
LaTeX Font Info:    Redeclaring font encoding OML on input line 712.
LaTeX Font Info:    Redeclaring font encoding OMS on input line 713.
\macc@depth=\count84
\c@MaxMatrixCols=\count85
\dotsspace@=\muskip10
\c@parentequation=\count86
\dspbrk@lvl=\count87
\tag@help=\toks15
\row@=\count88
\column@=\count89
\maxfields@=\count90
\andhelp@=\toks16
\eqnshift@=\dimen107
\alignsep@=\dimen108
\tagshift@=\dimen109
\tagwidth@=\dimen110
\totwidth@=\dimen111
\lineht@=\dimen112
\@envbody=\toks17
\multlinegap=\skip43
\multlinetaggap=\skip44
\mathdisplay@stack=\toks18
LaTeX Info: Redefining \[ on input line 2817.
LaTeX Info: Redefining \] on input line 2818.
)
LaTeX Font Info:    Try loading font information for U+msa on input line 398.

(/usr/share/texlive/texmf-dist/tex/latex/amsfonts/umsa.fd
File: umsa.fd 2013/01/14 v3.01 AMS symbols A
)
(/usr/share/texlive/texmf-dist/tex/latex/amsfonts/amsfonts.sty
Package: amsfonts 2013/01/14 v3.01 Basic AMSFonts support
\symAMSa=\mathgroup4
\symAMSb=\mathgroup5
LaTeX Font Info:    Overwriting math alphabet `\mathfrak' in version `bold'
(Font)                  U/euf/m/n --> U/euf/b/n on input line 106.
)
\copyins=\insert199
\abstractbox=\box28
\listisep=\skip45
\c@part=\count91
\c@section=\count92
\c@subsection=\count93
\c@subsubsection=\count94
\c@paragraph=\count95
\c@subparagraph=\count96
\c@figure=\count97
\c@table=\count98
\abovecaptionskip=\skip46
\belowcaptionskip=\skip47
\captionindent=\dimen113
\thm@style=\toks19
\thm@bodyfont=\toks20
\thm@headfont=\toks21
\thm@notefont=\toks22
\thm@headpunct=\toks23
\thm@preskip=\skip48
\thm@postskip=\skip49
\thm@headsep=\skip50
\dth@everypar=\toks24
)
Runaway argument?
colorlinks=true,linkcolor=blue,citecolor=blue,filecolor=blue,urlcolor\ETC.
! Paragraph ended before \@fileswith@ptions was complete.
<to be read again> 
                   \par 
l.6 
    
I suspect you've forgotten a `}', causing me to apply this
control sequence to too much text. How can we recover?
My plan is to forget the whole thing and hope for the best.

(./extract.sty (/usr/share/texlive/texmf-dist/tex/latex/environ/environ.sty
Package: environ 2014/05/04 v0.3 A new way to define environments

(/usr/share/texlive/texmf-dist/tex/latex/trimspaces/trimspaces.sty
Package: trimspaces 2009/09/17 v1.1 Trim spaces around a token list
))
(/usr/share/texlive/texmf-dist/tex/latex/etextools/etextools.sty
Package: etextools 2010/12/07 v3.1415926 e-TeX more useful tools for LaTeX pack
age writers

(/usr/share/texlive/texmf-dist/tex/latex/etex-pkg/etex.sty
Package: etex 2016/08/01 v2.7 eTeX basic definition package (PEB,DPC)
\et@xins=\count99
)
(/usr/share/texlive/texmf-dist/tex/latex/etoolbox/etoolbox.sty
Package: etoolbox 2018/02/11 v2.5e e-TeX tools for LaTeX (JAW)
\etb@tempcnta=\count100
)
(/usr/share/texlive/texmf-dist/tex/latex/oberdiek/letltxmacro.sty
Package: letltxmacro 2016/05/16 v1.5 Let assignment for LaTeX macros (HO)
)
\ettl@fter=\count101
\ettl@for@nested=\count277
)
(/usr/share/texmf/tex/latex/preview/preview.sty
Package: preview 2017/04/24 11.91 (AUCTeX/preview-latex)

(/usr/share/texmf/tex/latex/preview/prtightpage.def
\PreviewBorder=\dimen114
)
\pr@snippet=\count102
\pr@box=\box29
\pr@output=\toks25
)
\c@propcounter=\count103
\mybox=\box30
)
\c@thm=\count104

(source_extraction/results/1510.04201.aux)
\openout1 = `1510.04201.aux'.

LaTeX Font Info:    Checking defaults for OML/cmm/m/it on input line 61.
LaTeX Font Info:    ... okay on input line 61.
LaTeX Font Info:    Checking defaults for T1/cmr/m/n on input line 61.
LaTeX Font Info:    ... okay on input line 61.
LaTeX Font Info:    Checking defaults for OT1/cmr/m/n on input line 61.
LaTeX Font Info:    ... okay on input line 61.
LaTeX Font Info:    Checking defaults for OMS/cmsy/m/n on input line 61.
LaTeX Font Info:    ... okay on input line 61.
LaTeX Font Info:    Checking defaults for OMX/cmex/m/n on input line 61.
LaTeX Font Info:    ... okay on input line 61.
LaTeX Font Info:    Checking defaults for U/cmr/m/n on input line 61.
LaTeX Font Info:    ... okay on input line 61.
LaTeX Font Info:    Try loading font information for U+msa on input line 61.

(/usr/share/texlive/texmf-dist/tex/latex/amsfonts/umsa.fd
File: umsa.fd 2013/01/14 v3.01 AMS symbols A
)
LaTeX Font Info:    Try loading font information for U+msb on input line 61.

(/usr/share/texlive/texmf-dist/tex/latex/amsfonts/umsb.fd
File: umsb.fd 2013/01/14 v3.01 AMS symbols B
)
Preview: Fontsize 10pt
Preview: PDFoutput 1

LaTeX Warning: Reference `eq:main' on page 2 undefined on input line 270.


LaTeX Warning: Reference `sect:degree' on page 2 undefined on input line 270.

Preview: Tightpage -32891 -32891 32891 32891
[1{/var/lib/texmf/fonts/map/pdftex/updmap/pdftex.map}]
Overfull \hbox (152.29651pt too wide) in paragraph at lines 237--270
[]\OT1/cmr/m/n/10 We aim to prove the next re-sult. [] 
 []


Underfull \vbox (badness 4036) has occurred while \output is active []



LaTeX Warning: Reference `sect:entropy' on page 3 undefined on input line 281.


LaTeX Warning: Reference `sect:degree' on page 3 undefined on input line 292.


LaTeX Warning: Reference `sect:main' on page 3 undefined on input line 294.

[2]
Overfull \hbox (210.87997pt too wide) in paragraph at lines 371--390
\OT1/cmr/m/n/10 nience, we also pro-vide a proof of the next re-sult. [] 
 []

[3]
Overfull \hbox (12.0pt too wide) in paragraph at lines 457--457
[][] 
 []

[4] [5] [6]
Overfull \hbox (107.79565pt too wide) in paragraph at lines 609--634
[]\OT1/cmr/m/n/10 (
)$ when-ever $\OML/cmm/m/it/10 t > \OT1/cmr/m/n/10 0$. [] 
 []


Underfull \vbox (badness 4699) has occurred while \output is active []



LaTeX Warning: Reference `eq:entrtest' on page 7 undefined on input line 735.

[7]
Overfull \hbox (31.37968pt too wide) in paragraph at lines 737--766
\OT1/cmr/m/n/10 re-sult. [] 
 []

[8]
Overfull \hbox (12.0pt too wide) in paragraph at lines 827--827
[][] 
 []

[9]
Overfull \hbox (244.43555pt too wide) in paragraph at lines 829--843
[]\OT1/cmr/m/n/10 Now let us re-call the main re-sult on en-tropy so-lu-tions. 
[] 
 []


LaTeX Warning: Reference `eq:hk' on page 10 undefined on input line 939.

[10]
Overfull \hbox (12.0pt too wide) in paragraph at lines 977--977
[][] 
 []


Underfull \vbox (badness 10000) has occurred while \output is active []

 [11]
Overfull \hbox (217.90778pt too wide) in paragraph at lines 1039--1061
\OT1/cmr/m/n/10 next reg-u-lar-ity re-sult can be proved as in [[], [], []]. []
 
 []


LaTeX Warning: Reference `eq:bmu' on page 12 undefined on input line 1140.

[12]
Underfull \vbox (badness 1668) has occurred while \output is active []



LaTeX Warning: Reference `sect:degreeeq' on page 14 undefined on input line 120
5.


LaTeX Warning: Reference `eq:bmu' on page 14 undefined on input line 1212.


LaTeX Warning: Reference `sect:degreeeq' on page 14 undefined on input line 121
4.


LaTeX Warning: Reference `eq:bmu' on page 14 undefined on input line 1275.


LaTeX Warning: Reference `eq:bmu' on page 14 undefined on input line 1275.


LaTeX Warning: Reference `eq:bmu' on page 14 undefined on input line 1275.


LaTeX Warning: Reference `eq:bmu' on page 14 undefined on input line 1275.

[13]
Overfull \hbox (115.1021pt too wide) in paragraph at lines 1210--1275
\OT1/cmr/m/n/10 proofs and fur-ther de-tails. [] 
 []

[14]
Overfull \hbox (12.0pt too wide) in paragraph at lines 1295--1295
[][] 
 []


LaTeX Warning: Reference `eq:bmu' on page 14 undefined on input line 1310.

[15]
Overfull \hbox (12.0pt too wide) in paragraph at lines 1310--1310
[][] 
 []


LaTeX Warning: Reference `eq:bmu' on page 14 undefined on input line 1331.

[16]
Overfull \hbox (12.0pt too wide) in paragraph at lines 1331--1331
[][] 
 []


LaTeX Warning: Reference `eq:bmu' on page 15 undefined on input line 1348.

[17]
Overfull \hbox (12.0pt too wide) in paragraph at lines 1348--1348
[][] 
 []

[18]
Overfull \hbox (12.0pt too wide) in paragraph at lines 1388--1388
[][] 
 []


LaTeX Warning: Reference `eq:bmu' on page 15 undefined on input line 1409.

[19]
Overfull \hbox (12.0pt too wide) in paragraph at lines 1409--1409
[][] 
 []


Underfull \vbox (badness 10000) has occurred while \output is active []

 [20]
Overfull \hbox (12.0pt too wide) in paragraph at lines 1496--1496
[][] 
 []


Underfull \vbox (badness 10000) has occurred while \output is active []



LaTeX Warning: Reference `eq:vk' on page 18 undefined on input line 1585.


LaTeX Warning: Reference `eq:vk' on page 18 undefined on input line 1585.


LaTeX Warning: Reference `eq:binftyest' on page 18 undefined on input line 1585
.


LaTeX Warning: Reference `eq:bmuT' on page 19 undefined on input line 1688.


LaTeX Warning: Reference `eq:bmuT' on page 19 undefined on input line 1688.

[21]
Overfull \hbox (78.39752pt too wide) in paragraph at lines 1659--1688
\OT1/cmr/m/n/10 with $\OML/cmm/m/it/10 ^^V \OMS/cmsy/m/n/10 2 M[]\OT1/cmr/m/n/1
0 (
)$. [] 
 []


LaTeX Warning: Reference `eq:bmuT' on page 19 undefined on input line 1700.

[22]
Overfull \hbox (12.0pt too wide) in paragraph at lines 1700--1700
[][] 
 []


LaTeX Warning: Reference `eq:b0mu' on page 20 undefined on input line 1744.

[23]
Overfull \hbox (78.39752pt too wide) in paragraph at lines 1720--1744
\OT1/cmr/m/n/10 with $\OML/cmm/m/it/10 ^^V \OMS/cmsy/m/n/10 2 M[]\OT1/cmr/m/n/1
0 (
)$. [] 
 []


LaTeX Warning: Reference `eq:b0mu' on page 21 undefined on input line 1849.

[24]
Overfull \hbox (12.0pt too wide) in paragraph at lines 1849--1849
[][] 
 []


Underfull \vbox (badness 1297) has occurred while \output is active []



LaTeX Warning: Reference `eq:bmuT' on page 23 undefined on input line 1967.

[25]
Overfull \hbox (181.08817pt too wide) in paragraph at lines 1977--2000
[]\OT1/cmr/m/n/10 Let $\OML/cmm/m/it/10 X$ \OT1/cmr/m/n/10 be a re-flex-ive rea
l Ba-nach space. [] 
 []

[26]
Overfull \hbox (133.78014pt too wide) in paragraph at lines 2002--2012
\OT1/cmr/m/n/10 map of class $(\OML/cmm/m/it/10 S\OT1/cmr/m/n/10 )[]$ and $\OML
/cmm/m/it/10 w \OMS/cmsy/m/n/10 2 \OML/cmm/m/it/10 X[]$\OT1/cmr/m/n/10 . [] 
 []

[27]
Overfull \hbox (152.57428pt too wide) in paragraph at lines 2020--2028
\OT1/cmr/m/n/10 Let us re-call some ba-sic prop-er-ties. [] 
 []

[28]
Overfull \hbox (12.0pt too wide) in paragraph at lines 2038--2038
[][] 
 []

[29]
Overfull \hbox (12.0pt too wide) in paragraph at lines 2043--2043
[][] 
 []

[30]
Overfull \hbox (12.0pt too wide) in paragraph at lines 2054--2054
[][] 
 []

[31]
Overfull \hbox (12.0pt too wide) in paragraph at lines 2064--2064
[][] 
 []

[32]
Overfull \hbox (12.0pt too wide) in paragraph at lines 2084--2084
[][] 
 []

[33]
Overfull \hbox (12.0pt too wide) in paragraph at lines 2094--2094
[][] 
 []

[34]
Overfull \hbox (195.78027pt too wide) in paragraph at lines 2100--2124
\OT1/cmr/m/n/10 tin-u-ous and lo-cally of class $(\OML/cmm/m/it/10 S\OT1/cmr/m/
n/10 )[]$ and $\OML/cmm/m/it/10 w \OMS/cmsy/m/n/10 2 \OML/cmm/m/it/10 X[]$\OT1/
cmr/m/n/10 . [] 
 []

[35]
Overfull \hbox (61.12976pt too wide) in paragraph at lines 2147--2160
\OT1/cmr/m/n/10 vi-ous set-ting. [] 
 []

[36]
Overfull \hbox (12.0pt too wide) in paragraph at lines 2168--2168
[][] 
 []

[37]
Overfull \hbox (12.0pt too wide) in paragraph at lines 2178--2178
[][] 
 []

[38]
Overfull \hbox (12.0pt too wide) in paragraph at lines 2187--2187
[][] 
 []

[39]
Overfull \hbox (12.0pt too wide) in paragraph at lines 2199--2199
[][] 
 []

[40]
Overfull \hbox (12.0pt too wide) in paragraph at lines 2208--2208
[][] 
 []

[41]
Overfull \hbox (12.0pt too wide) in paragraph at lines 2223--2223
[][] 
 []

[42]
Overfull \hbox (12.0pt too wide) in paragraph at lines 2231--2231
[][] 
 []


LaTeX Warning: Reference `eq:bmu' on page 25 undefined on input line 2247.


Underfull \vbox (badness 1515) has occurred while \output is active []



LaTeX Warning: Reference `eq:b0' on page 26 undefined on input line 2329.


LaTeX Warning: Reference `eq:entropytau' on page 26 undefined on input line 232
9.

[43]
Overfull \hbox (53.94652pt too wide) in paragraph at lines 2293--2329
\OT1/cmr/m/n/10 of $\OML/cmm/m/it/10 W[]\OT1/cmr/m/n/10 (
)$. [] 
 []


LaTeX Warning: Reference `eq:entropytau' on page 26 undefined on input line 237
7.


LaTeX Warning: Reference `eq:b0' on page 27 undefined on input line 2394.

[44]
Overfull \hbox (12.0pt too wide) in paragraph at lines 2394--2394
[][] 
 []


LaTeX Warning: Reference `eq:b0' on page 27 undefined on input line 2451.


LaTeX Warning: Reference `eq:b0' on page 27 undefined on input line 2451.


LaTeX Warning: Reference `eq:b0' on page 27 undefined on input line 2451.


LaTeX Warning: Reference `eq:b0' on page 27 undefined on input line 2451.

[45]
Overfull \hbox (12.0pt too wide) in paragraph at lines 2451--2451
[][] 
 []


LaTeX Warning: Reference `eq:alpha2' on page 28 undefined on input line 2700.


LaTeX Warning: Reference `eq:alpha2' on page 28 undefined on input line 2700.


LaTeX Warning: Reference `eq:entropytau' on page 29 undefined on input line 270
0.


LaTeX Warning: Reference `eq:entropytau' on page 29 undefined on input line 270
0.


LaTeX Warning: Reference `eq:b0' on page 29 undefined on input line 2700.


LaTeX Warning: Reference `eq:entropytau' on page 29 undefined on input line 270
0.


LaTeX Warning: Reference `eq:entropytau' on page 29 undefined on input line 270
0.


LaTeX Warning: Reference `eq:entropytau' on page 29 undefined on input line 270
0.


LaTeX Warning: Reference `eq:b0' on page 30 undefined on input line 2700.


LaTeX Warning: Reference `eq:entropytau' on page 30 undefined on input line 270
0.


LaTeX Warning: Reference `eq:b0' on page 30 undefined on input line 2713.

[46]
Overfull \hbox (12.0pt too wide) in paragraph at lines 2713--2713
[][] 
 []


LaTeX Warning: Reference `eq:entropytau' on page 30 undefined on input line 273
0.


LaTeX Warning: Reference `eq:b0' on page 30 undefined on input line 2754.

[47]
Overfull \hbox (246.88011pt too wide) in paragraph at lines 2732--2754
\OT1/cmr/m/n/10 van-tage of The-o-rems 6.18 , 6.15 , 6.16  and Corol-lary 5.2 .
 [] 
 []


LaTeX Warning: Reference `eq:b0' on page 30 undefined on input line 2769.

[48]
Overfull \hbox (12.0pt too wide) in paragraph at lines 2769--2769
[][] 
 []

[49]
Overfull \hbox (229.15778pt too wide) in paragraph at lines 2771--2807
[]\OT1/cmr/m/n/10 Let us see more in de-tail the ho-mo-topy in-vari-ance. [] 
 []


LaTeX Warning: Reference `eq:b0' on page 32 undefined on input line 2900.

[50]
Overfull \hbox (12.0pt too wide) in paragraph at lines 2900--2900
[][] 
 []


LaTeX Warning: Reference `eq:bmu' on page 32 undefined on input line 2911.


LaTeX Warning: Reference `eq:bmu' on page 32 undefined on input line 2957.

[51]
Overfull \hbox (99.89604pt too wide) in paragraph at lines 2929--2957
\OT1/cmr/m/n/10 still sat-isfy $(\OML/cmm/m/it/10 a[]\OT1/cmr/m/n/10 )$ -- $(\O
ML/cmm/m/it/10 a[]\OT1/cmr/m/n/10 )$. [] 
 []


LaTeX Warning: Reference `eq:bmu' on page 32 undefined on input line 2985.

[52]
Overfull \hbox (12.0pt too wide) in paragraph at lines 2985--2985
[][] 
 []


Underfull \vbox (badness 10000) has occurred while \output is active []


(source_extraction/results/1510.04201.aux)

LaTeX Warning: There were undefined references.

 ) 
Here is how much of TeX's memory you used:
 2565 strings out of 494260
 31122 string characters out of 6168642
 138745 words of memory out of 5000000
 5752 multiletter control sequences out of 15000+600000
 12963 words of font info for 47 fonts, out of 8000000 for 9000
 658 hyphenation exceptions out of 8191
 34i,21n,32p,901b,383s stack positions out of 5000i,500n,10000p,200000b,80000s
</usr/share/texlive/texmf-dist/fonts/type1/public/amsfonts/cm/cmbx10.pfb></us
r/share/texlive/texmf-dist/fonts/type1/public/amsfonts/cm/cmex10.pfb></usr/shar
e/texlive/texmf-dist/fonts/type1/public/amsfonts/cm/cmmi10.pfb></usr/share/texl
ive/texmf-dist/fonts/type1/public/amsfonts/cm/cmmi5.pfb></usr/share/texlive/tex
mf-dist/fonts/type1/public/amsfonts/cm/cmmi7.pfb></usr/share/texlive/texmf-dist
/fonts/type1/public/amsfonts/cm/cmr10.pfb></usr/share/texlive/texmf-dist/fonts/
type1/public/amsfonts/cm/cmr5.pfb></usr/share/texlive/texmf-dist/fonts/type1/pu
blic/amsfonts/cm/cmr7.pfb></usr/share/texlive/texmf-dist/fonts/type1/public/ams
fonts/cm/cmsy10.pfb></usr/share/texlive/texmf-dist/fonts/type1/public/amsfonts/
cm/cmsy5.pfb></usr/share/texlive/texmf-dist/fonts/type1/public/amsfonts/cm/cmsy
7.pfb></usr/share/texlive/texmf-dist/fonts/type1/public/amsfonts/cm/cmti10.pfb>
</usr/share/texlive/texmf-dist/fonts/type1/public/amsfonts/symbols/msbm10.pfb>
Output written on source_extraction/results/1510.04201.pdf (52 pages, 201328 by
tes).
PDF statistics:
 225 PDF objects out of 1000 (max. 8388607)
 156 compressed objects within 2 object streams
 0 named destinations out of 1000 (max. 500000)
 1 words of extra memory for PDF output out of 10000 (max. 10000000)

