This is pdfTeX, Version 3.14159265-2.6-1.40.18 (TeX Live 2017/Debian) (preloaded format=pdflatex 2018.11.16)  29 NOV 2018 14:49
entering extended mode
 restricted \write18 enabled.
 %&-line parsing enabled.
**source_extraction/results/1511.05335.tex
(./source_extraction/results/1511.05335.tex
LaTeX2e <2017-04-15>
Babel <3.18> and hyphenation patterns for 20 language(s) loaded.
(/usr/share/texlive/texmf-dist/tex/latex/amscls/amsart.cls
Document Class: amsart 2017/10/31 v2.20.4
\linespacing=\dimen102
\normalparindent=\dimen103
\normaltopskip=\skip41
(/usr/share/texlive/texmf-dist/tex/latex/amsmath/amsmath.sty
Package: amsmath 2017/09/02 v2.17a AMS math features
\@mathmargin=\skip42

For additional information on amsmath, use the `?' option.
(/usr/share/texlive/texmf-dist/tex/latex/amsmath/amstext.sty
Package: amstext 2000/06/29 v2.01 AMS text

(/usr/share/texlive/texmf-dist/tex/latex/amsmath/amsgen.sty
File: amsgen.sty 1999/11/30 v2.0 generic functions
\@emptytoks=\toks14
\ex@=\dimen104
))
(/usr/share/texlive/texmf-dist/tex/latex/amsmath/amsbsy.sty
Package: amsbsy 1999/11/29 v1.2d Bold Symbols
\pmbraise@=\dimen105
)
(/usr/share/texlive/texmf-dist/tex/latex/amsmath/amsopn.sty
Package: amsopn 2016/03/08 v2.02 operator names
)
\inf@bad=\count79
LaTeX Info: Redefining \frac on input line 213.
\uproot@=\count80
\leftroot@=\count81
LaTeX Info: Redefining \overline on input line 375.
\classnum@=\count82
\DOTSCASE@=\count83
LaTeX Info: Redefining \ldots on input line 472.
LaTeX Info: Redefining \dots on input line 475.
LaTeX Info: Redefining \cdots on input line 596.
\Mathstrutbox@=\box26
\strutbox@=\box27
\big@size=\dimen106
LaTeX Font Info:    Redeclaring font encoding OML on input line 712.
LaTeX Font Info:    Redeclaring font encoding OMS on input line 713.
\macc@depth=\count84
\c@MaxMatrixCols=\count85
\dotsspace@=\muskip10
\c@parentequation=\count86
\dspbrk@lvl=\count87
\tag@help=\toks15
\row@=\count88
\column@=\count89
\maxfields@=\count90
\andhelp@=\toks16
\eqnshift@=\dimen107
\alignsep@=\dimen108
\tagshift@=\dimen109
\tagwidth@=\dimen110
\totwidth@=\dimen111
\lineht@=\dimen112
\@envbody=\toks17
\multlinegap=\skip43
\multlinetaggap=\skip44
\mathdisplay@stack=\toks18
LaTeX Info: Redefining \[ on input line 2817.
LaTeX Info: Redefining \] on input line 2818.
)
LaTeX Font Info:    Try loading font information for U+msa on input line 398.

(/usr/share/texlive/texmf-dist/tex/latex/amsfonts/umsa.fd
File: umsa.fd 2013/01/14 v3.01 AMS symbols A
)
(/usr/share/texlive/texmf-dist/tex/latex/amsfonts/amsfonts.sty
Package: amsfonts 2013/01/14 v3.01 Basic AMSFonts support
\symAMSa=\mathgroup4
\symAMSb=\mathgroup5
LaTeX Font Info:    Overwriting math alphabet `\mathfrak' in version `bold'
(Font)                  U/euf/m/n --> U/euf/b/n on input line 106.
)
\copyins=\insert199
\abstractbox=\box28
\listisep=\skip45
\c@part=\count91
\c@section=\count92
\c@subsection=\count93
\c@subsubsection=\count94
\c@paragraph=\count95
\c@subparagraph=\count96
\c@figure=\count97
\c@table=\count98
\abovecaptionskip=\skip46
\belowcaptionskip=\skip47
\captionindent=\dimen113
\thm@style=\toks19
\thm@bodyfont=\toks20
\thm@headfont=\toks21
\thm@notefont=\toks22
\thm@headpunct=\toks23
\thm@preskip=\skip48
\thm@postskip=\skip49
\thm@headsep=\skip50
\dth@everypar=\toks24
)
(/usr/share/texlive/texmf-dist/tex/latex/amsfonts/amssymb.sty
Package: amssymb 2013/01/14 v3.01 AMS font symbols
)
(/usr/share/texlive/texmf-dist/tex/latex/base/latexsym.sty
Package: latexsym 1998/08/17 v2.2e Standard LaTeX package (lasy symbols)
\symlasy=\mathgroup6
LaTeX Font Info:    Overwriting symbol font `lasy' in version `bold'
(Font)                  U/lasy/m/n --> U/lasy/b/n on input line 52.
)
(/usr/share/texlive/texmf-dist/tex/latex/tools/enumerate.sty
Package: enumerate 2015/07/23 v3.00 enumerate extensions (DPC)
\@enLab=\toks25
)
(/usr/share/texlive/texmf-dist/tex/latex/graphics/graphicx.sty
Package: graphicx 2017/06/01 v1.1a Enhanced LaTeX Graphics (DPC,SPQR)

(/usr/share/texlive/texmf-dist/tex/latex/graphics/keyval.sty
Package: keyval 2014/10/28 v1.15 key=value parser (DPC)
\KV@toks@=\toks26
)
(/usr/share/texlive/texmf-dist/tex/latex/graphics/graphics.sty
Package: graphics 2017/06/25 v1.2c Standard LaTeX Graphics (DPC,SPQR)

(/usr/share/texlive/texmf-dist/tex/latex/graphics/trig.sty
Package: trig 2016/01/03 v1.10 sin cos tan (DPC)
)
(/usr/share/texlive/texmf-dist/tex/latex/graphics-cfg/graphics.cfg
File: graphics.cfg 2016/06/04 v1.11 sample graphics configuration
)
Package graphics Info: Driver file: pdftex.def on input line 99.

(/usr/share/texlive/texmf-dist/tex/latex/graphics-def/pdftex.def
File: pdftex.def 2018/01/08 v1.0l Graphics/color driver for pdftex
))
\Gin@req@height=\dimen114
\Gin@req@width=\dimen115
)
(/usr/share/texlive/texmf-dist/tex/generic/xypic/xy.sty
(/usr/share/texlive/texmf-dist/tex/generic/xypic/xy.tex Bootstrap'ing:
catcodes, docmode, (/usr/share/texlive/texmf-dist/tex/generic/xypic/xyrecat.tex
) (/usr/share/texlive/texmf-dist/tex/generic/xypic/xyidioms.tex)

 Xy-pic version 3.8.9 <2013/10/06>
 Copyright (c) 1991-2013 by Kristoffer H. Rose <krisrose@tug.org> and others
 Xy-pic is free software: see the User's Guide for details.

Loading kernel: messages; fonts; allocations: state,
\X@c=\dimen116
\Y@c=\dimen117
\U@c=\dimen118
\D@c=\dimen119
\L@c=\dimen120
\R@c=\dimen121
\Edge@c=\toks27
\X@p=\dimen122
\Y@p=\dimen123
\U@p=\dimen124
\D@p=\dimen125
\L@p=\dimen126
\R@p=\dimen127
\Edge@p=\toks28
\X@origin=\dimen128
\Y@origin=\dimen129
\X@xbase=\dimen130
\Y@xbase=\dimen131
\X@ybase=\dimen132
\Y@ybase=\dimen133
\X@min=\dimen134
\Y@min=\dimen135
\X@max=\dimen136
\Y@max=\dimen137
\lastobjectbox@=\box29
\zerodotbox@=\box30
\almostz@=\dimen138
 direction,
\d@X=\dimen139
\d@Y=\dimen140
\K@=\count99
\KK@=\count100
\Direction=\count101
\K@dXdY=\dimen141
\K@dYdX=\dimen142
\xyread@=\read1
\xywrite@=\write3
\csp@=\count102
\quotPTK@=\dimen143

utility macros; pictures: \xy, positions,
\swaptoks@@=\toks29
\connectobjectbox@@=\box31
 objects,
\styletoks@=\toks30
 decorations;
kernel objects: directionals, circles, text; options; algorithms: directions,
edges, connections;  Xy-pic loaded)
(/usr/share/texlive/texmf-dist/tex/generic/oberdiek/ifpdf.sty
Package: ifpdf 2017/03/15 v3.2 Provides the ifpdf switch
)
Package: xy 2013/10/06 Xy-pic version 3.8.9

(/usr/share/texlive/texmf-dist/tex/generic/xypic/xyall.tex
 Xy-pic option: All features v.3.8
(/usr/share/texlive/texmf-dist/tex/generic/xypic/xycurve.tex
 Xy-pic option: Curve and Spline extension v.3.12 curve,
\crv@cnt@=\count103
\crvpts@=\toks31
\splinebox@=\box32
\splineval@=\dimen144
\splinedepth@=\dimen145
\splinetol@=\dimen146
\splinelength@=\dimen147
 circles,
\L@=\dimen148
 loaded)
(/usr/share/texlive/texmf-dist/tex/generic/xypic/xyframe.tex
 Xy-pic option: Frame and Bracket extension v.3.14 loaded)
(/usr/share/texlive/texmf-dist/tex/generic/xypic/xycmtip.tex
 Xy-pic option: Computer Modern tip extension v.3.7
(/usr/share/texlive/texmf-dist/tex/generic/xypic/xytips.tex
 Xy-pic option: More Tips extension v.3.11 loaded) loaded)
(/usr/share/texlive/texmf-dist/tex/generic/xypic/xyline.tex
 Xy-pic option: Line styles extension v.3.10
\xylinethick@=\dimen149
 loaded)
(/usr/share/texlive/texmf-dist/tex/generic/xypic/xyrotate.tex
 Xy-pic option: Rotate and Scale extension v.3.8 loaded)
(/usr/share/texlive/texmf-dist/tex/generic/xypic/xycolor.tex
 Xy-pic option: Colour extension v.3.11 loaded)
(/usr/share/texlive/texmf-dist/tex/generic/xypic/xymatrix.tex
 Xy-pic option: Matrix feature v.3.14
\Row=\count104
\Col=\count105
\queue@=\toks32
\queue@@=\toks33
\qcount@=\count106
\qcount@@=\count107
\matrixsize@=\count108
 loaded)
(/usr/share/texlive/texmf-dist/tex/generic/xypic/xyarrow.tex
 Xy-pic option: Arrow and Path feature v.3.9 path, \ar, loaded)
(/usr/share/texlive/texmf-dist/tex/generic/xypic/xygraph.tex
 Xy-pic option: Graph feature v.3.11 loaded) loaded)
(/usr/share/texlive/texmf-dist/tex/generic/xypic/xypdf.tex
 Xy-pic option: PDF driver v.1.7 Xy-pic pdf driver: `color' extension support
(/usr/share/texlive/texmf-dist/tex/generic/xypic/xypdf-co.tex loaded)
Xy-pic pdf driver: `curve' extension support
(/usr/share/texlive/texmf-dist/tex/generic/xypic/xypdf-cu.tex loaded)
Xy-pic pdf driver: `frame' extension support
(/usr/share/texlive/texmf-dist/tex/generic/xypic/xypdf-fr.tex loaded)
Xy-pic pdf driver: `line' extension support
(/usr/share/texlive/texmf-dist/tex/generic/xypic/xypdf-li.tex loaded)
Xy-pic pdf driver: `rotate' extension support
(/usr/share/texlive/texmf-dist/tex/generic/xypic/xypdf-ro.tex loaded) loaded))
(./extract.sty (/usr/share/texlive/texmf-dist/tex/latex/environ/environ.sty
Package: environ 2014/05/04 v0.3 A new way to define environments

(/usr/share/texlive/texmf-dist/tex/latex/trimspaces/trimspaces.sty
Package: trimspaces 2009/09/17 v1.1 Trim spaces around a token list
))
(/usr/share/texlive/texmf-dist/tex/latex/etextools/etextools.sty
Package: etextools 2010/12/07 v3.1415926 e-TeX more useful tools for LaTeX pack
age writers

(/usr/share/texlive/texmf-dist/tex/latex/etex-pkg/etex.sty
Package: etex 2016/08/01 v2.7 eTeX basic definition package (PEB,DPC)
\et@xins=\count109
)
(/usr/share/texlive/texmf-dist/tex/latex/etoolbox/etoolbox.sty
Package: etoolbox 2018/02/11 v2.5e e-TeX tools for LaTeX (JAW)
\etb@tempcnta=\count110
)
(/usr/share/texlive/texmf-dist/tex/latex/oberdiek/letltxmacro.sty
Package: letltxmacro 2016/05/16 v1.5 Let assignment for LaTeX macros (HO)
)
\ettl@fter=\count111
\ettl@for@nested=\count277
)
(/usr/share/texmf/tex/latex/preview/preview.sty
Package: preview 2017/04/24 11.91 (AUCTeX/preview-latex)

(/usr/share/texmf/tex/latex/preview/prtightpage.def
\PreviewBorder=\dimen150
)
\pr@snippet=\count112
\pr@box=\box33
\pr@output=\toks34
)
\c@propcounter=\count113
\mybox=\box34
)
\c@thm=\count114
\c@thmintro=\count115

(source_extraction/results/1511.05335.aux)
\openout1 = `1511.05335.aux'.

LaTeX Font Info:    Checking defaults for OML/cmm/m/it on input line 180.
LaTeX Font Info:    ... okay on input line 180.
LaTeX Font Info:    Checking defaults for T1/cmr/m/n on input line 180.
LaTeX Font Info:    ... okay on input line 180.
LaTeX Font Info:    Checking defaults for OT1/cmr/m/n on input line 180.
LaTeX Font Info:    ... okay on input line 180.
LaTeX Font Info:    Checking defaults for OMS/cmsy/m/n on input line 180.
LaTeX Font Info:    ... okay on input line 180.
LaTeX Font Info:    Checking defaults for OMX/cmex/m/n on input line 180.
LaTeX Font Info:    ... okay on input line 180.
LaTeX Font Info:    Checking defaults for U/cmr/m/n on input line 180.
LaTeX Font Info:    ... okay on input line 180.
LaTeX Font Info:    Try loading font information for U+msa on input line 180.

(/usr/share/texlive/texmf-dist/tex/latex/amsfonts/umsa.fd
File: umsa.fd 2013/01/14 v3.01 AMS symbols A
)
LaTeX Font Info:    Try loading font information for U+msb on input line 180.

(/usr/share/texlive/texmf-dist/tex/latex/amsfonts/umsb.fd
File: umsb.fd 2013/01/14 v3.01 AMS symbols B
)
LaTeX Font Info:    Try loading font information for U+lasy on input line 180.

(/usr/share/texlive/texmf-dist/tex/latex/base/ulasy.fd
File: ulasy.fd 1998/08/17 v2.2e LaTeX symbol font definitions
)
(/usr/share/texlive/texmf-dist/tex/context/base/mkii/supp-pdf.mkii
[Loading MPS to PDF converter (version 2006.09.02).]
\scratchcounter=\count116
\scratchdimen=\dimen151
\scratchbox=\box35
\nofMPsegments=\count117
\nofMParguments=\count118
\everyMPshowfont=\toks35
\MPscratchCnt=\count119
\MPscratchDim=\dimen152
\MPnumerator=\count120
\makeMPintoPDFobject=\count121
\everyMPtoPDFconversion=\toks36
) (/usr/share/texlive/texmf-dist/tex/latex/oberdiek/epstopdf-base.sty
Package: epstopdf-base 2016/05/15 v2.6 Base part for package epstopdf

(/usr/share/texlive/texmf-dist/tex/generic/oberdiek/infwarerr.sty
Package: infwarerr 2016/05/16 v1.4 Providing info/warning/error messages (HO)
)
(/usr/share/texlive/texmf-dist/tex/latex/oberdiek/grfext.sty
Package: grfext 2016/05/16 v1.2 Manage graphics extensions (HO)

(/usr/share/texlive/texmf-dist/tex/generic/oberdiek/kvdefinekeys.sty
Package: kvdefinekeys 2016/05/16 v1.4 Define keys (HO)

(/usr/share/texlive/texmf-dist/tex/generic/oberdiek/ltxcmds.sty
Package: ltxcmds 2016/05/16 v1.23 LaTeX kernel commands for general use (HO)
)))
(/usr/share/texlive/texmf-dist/tex/latex/oberdiek/kvoptions.sty
Package: kvoptions 2016/05/16 v3.12 Key value format for package options (HO)

(/usr/share/texlive/texmf-dist/tex/generic/oberdiek/kvsetkeys.sty
Package: kvsetkeys 2016/05/16 v1.17 Key value parser (HO)

(/usr/share/texlive/texmf-dist/tex/generic/oberdiek/etexcmds.sty
Package: etexcmds 2016/05/16 v1.6 Avoid name clashes with e-TeX commands (HO)

(/usr/share/texlive/texmf-dist/tex/generic/oberdiek/ifluatex.sty
Package: ifluatex 2016/05/16 v1.4 Provides the ifluatex switch (HO)
Package ifluatex Info: LuaTeX not detected.
)
Package etexcmds Info: Could not find \expanded.
(etexcmds)             That can mean that you are not using pdfTeX 1.50 or
(etexcmds)             that some package has redefined \expanded.
(etexcmds)             In the latter case, load this package earlier.
)))
(/usr/share/texlive/texmf-dist/tex/generic/oberdiek/pdftexcmds.sty
Package: pdftexcmds 2018/01/21 v0.26 Utility functions of pdfTeX for LuaTeX (HO
)
Package pdftexcmds Info: LuaTeX not detected.
Package pdftexcmds Info: \pdf@primitive is available.
Package pdftexcmds Info: \pdf@ifprimitive is available.
Package pdftexcmds Info: \pdfdraftmode found.
)
Package epstopdf-base Info: Redefining graphics rule for `.eps' on input line 4
38.
Package grfext Info: Graphics extension search list:
(grfext)             [.pdf,.png,.jpg,.mps,.jpeg,.jbig2,.jb2,.PDF,.PNG,.JPG,.JPE
G,.JBIG2,.JB2,.eps]
(grfext)             \AppendGraphicsExtensions on input line 456.

(/usr/share/texlive/texmf-dist/tex/latex/latexconfig/epstopdf-sys.cfg
File: epstopdf-sys.cfg 2010/07/13 v1.3 Configuration of (r)epstopdf for TeX Liv
e
))
Package xypdf Info: Line width: 0.43799pt on input line 180.

Preview: Fontsize 10.95pt
Preview: PDFoutput 1

Class amsart Warning: Abstract should precede \maketitle in AMS document classe
s; reported on input line 200.

(source_extraction/results/1511.05335.toc)
\tf@toc=\write4
\openout4 = `1511.05335.toc'.


Overfull \hbox (5.79358pt too wide) in paragraph at lines 284--291
[]\OT1/cmr/m/n/10.95 Based on this no-tion, we de-velop a cus-p-i-dal sup-port 
map for en-hanced L-parameters
 []


Underfull \hbox (badness 10000) in paragraph at lines 292--299

 []

LaTeX Font Info:    Try loading font information for U+euf on input line 307.
(/usr/share/texlive/texmf-dist/tex/latex/amsfonts/ueuf.fd
File: ueuf.fd 2013/01/14 v3.01 Euler Fraktur
)

LaTeX Warning: Reference `eq:8.4' on page 2 undefined on input line 308.


Underfull \vbox (badness 10000) has occurred while \output is active []


Preview: Tightpage -32891 -32891 32891 32891
[1{/var/lib/texmf/fonts/map/pdftex/updmap/pdftex.map}]
Overfull \hbox (12.0pt too wide) in paragraph at lines 340--340
[][] 
 []


LaTeX Warning: Reference `eq:extquot' on page 3 undefined on input line 343.

<xymatrix 2x2 154>
LaTeX Font Info:    Try loading font information for OMS+cmr on input line 372.

 (/usr/share/texlive/texmf-dist/tex/latex/base/omscmr.fd
File: omscmr.fd 2014/09/29 v2.5h Standard LaTeX font definitions
)
LaTeX Font Info:    Font shape `OMS/cmr/m/n' in size <10.95> not available
(Font)              Font shape `OMS/cmsy/m/n' tried instead on input line 372.

[2]
Overfull \hbox (12.0pt too wide) in paragraph at lines 372--372
[][] 
 []


Overfull \hbox (52.56932pt too wide) has occurred while \output is active
 \OT1/cmr/m/n/8 GENERALIZATIONS OF THE SPRINGER CORRESPONDENCE AND CUSPIDAL LAN
GLANDS PARAMETERS []
 []


Underfull \hbox (badness 10000) in paragraph at lines 381--382

 []


LaTeX Warning: Reference `sec:genSpr' on page 4 undefined on input line 403.

[3]
Overfull \hbox (12.0pt too wide) in paragraph at lines 408--408
[][] 
 []

[4]
Overfull \hbox (12.0pt too wide) in paragraph at lines 452--452
[][] 
 []


LaTeX Warning: Reference `sec:cusp' on page 5 undefined on input line 457.


LaTeX Warning: Reference `eq:6.1' on page 5 undefined on input line 475.

[5]
Overfull \hbox (12.0pt too wide) in paragraph at lines 487--487
[][] 
 []


LaTeX Warning: Reference `sec:twisted' on page 5 undefined on input line 491.


LaTeX Warning: Reference `sec:extquot' on page 5 undefined on input line 492.


Underfull \hbox (badness 10000) in paragraph at lines 489--493

 []


Overfull \hbox (52.56932pt too wide) has occurred while \output is active
 \OT1/cmr/m/n/8 GENERALIZATIONS OF THE SPRINGER CORRESPONDENCE AND CUSPIDAL LAN
GLANDS PARAMETERS []
 []


LaTeX Warning: Reference `eq:1.1' on page 6 undefined on input line 560.


LaTeX Warning: Reference `eq:1.3' on page 6 undefined on input line 569.

[6]
Overfull \hbox (12.0pt too wide) in paragraph at lines 614--614
[][] 
 []


LaTeX Warning: Reference `eq:1.3' on page 7 undefined on input line 704.


LaTeX Warning: Reference `eq:1.4' on page 7 undefined on input line 704.


LaTeX Warning: Reference `eq:1.5' on page 7 undefined on input line 704.


Overfull \hbox (52.56932pt too wide) has occurred while \output is active
 \OT1/cmr/m/n/8 GENERALIZATIONS OF THE SPRINGER CORRESPONDENCE AND CUSPIDAL LAN
GLANDS PARAMETERS []
 []


LaTeX Warning: Reference `eq:1.11' on page 8 undefined on input line 704.


LaTeX Warning: Reference `eq:1.10' on page 8 undefined on input line 704.


LaTeX Warning: Reference `eq:1.11' on page 8 undefined on input line 704.


LaTeX Warning: Reference `eq:1.9' on page 8 undefined on input line 704.

[7]
Overfull \hbox (12.0pt too wide) in paragraph at lines 752--752
[][] 
 []

[8]
Overfull \hbox (57.63028pt too wide) in paragraph at lines 773--802
\OML/cmm/m/it/10.95 S[] \OT1/cmr/m/n/10.95 (\OML/cmm/m/it/10.95 ^^M \OMS/cmsy/m
/n/10.95 2 \OT1/cmr/m/n/10.95 ^^@)$. [] 
 []


LaTeX Warning: Reference `eq:1.2' on page 9 undefined on input line 817.


Overfull \hbox (52.56932pt too wide) has occurred while \output is active
 \OT1/cmr/m/n/8 GENERALIZATIONS OF THE SPRINGER CORRESPONDENCE AND CUSPIDAL LAN
GLANDS PARAMETERS []
 []


LaTeX Warning: Reference `eq:2.13' on page 10 undefined on input line 903.

Missing character: There is no Â in font cmr10!
Missing character: There is no § in font cmr10!
<xymatrix 5x3 181>
Overfull \hbox (52.56932pt too wide) has occurred while \output is active
 \OT1/cmr/m/n/8 GENERALIZATIONS OF THE SPRINGER CORRESPONDENCE AND CUSPIDAL LAN
GLANDS PARAMETERS []
 []

[9]
Overfull \hbox (12.0pt too wide) in paragraph at lines 1057--1057
[][] 
 []

[10]
Overfull \hbox (12.0pt too wide) in paragraph at lines 1073--1073
[][] 
 []


Underfull \vbox (badness 10000) has occurred while \output is active []

 <xymatrix
7x2 386> [11]
Overfull \hbox (12.0pt too wide) in paragraph at lines 1122--1122
[][] 
 []

<xymatrix 2x2 182> <xymatrix 2x2 182> <xymatrix 2x2 182>
Overfull \hbox (52.56932pt too wide) has occurred while \output is active
 \OT1/cmr/m/n/8 GENERALIZATIONS OF THE SPRINGER CORRESPONDENCE AND CUSPIDAL LAN
GLANDS PARAMETERS []
 []

[12]
Overfull \hbox (12.0pt too wide) in paragraph at lines 1260--1260
[][] 
 []


Underfull \vbox (badness 4024) has occurred while \output is active []


Overfull \hbox (52.56932pt too wide) has occurred while \output is active
 \OT1/cmr/m/n/8 GENERALIZATIONS OF THE SPRINGER CORRESPONDENCE AND CUSPIDAL LAN
GLANDS PARAMETERS []
 []


LaTeX Warning: Reference `eq:1.6' on page 16 undefined on input line 1330.


LaTeX Warning: Reference `eq:4.5' on page 16 undefined on input line 1360.


LaTeX Warning: Reference `eq:1.1' on page 16 undefined on input line 1376.


LaTeX Warning: Reference `eq:4.1' on page 16 undefined on input line 1386.


Overfull \hbox (3.68636pt too wide) detected at line 1439
\OML/cmm/m/it/10.95 Q \OT1/cmr/m/n/10.95 = [](\OMS/cmsy/m/n/10.95 ^^F\OML/cmm/m
/it/10.95 I[]\OT1/cmr/m/n/10.95 ) \OMS/cmsy/m/n/10.95 ^^B \OML/cmm/m/it/10.95 I
[]; [] \OMS/cmsy/m/n/10.95 ^^B \OML/cmm/m/it/10.95 I[] \OMS/cmsy/m/n/10.95 ^^B 
^^@\OML/cmm/m/it/10.95 I[]; [] \OMS/cmsy/m/n/10.95 ^^B \OML/cmm/m/it/10.95 I[] 
\OMS/cmsy/m/n/10.95 ^^B ^^@\OML/cmm/m/it/10.95 I[] \OMS/cmsy/m/n/10.95 ^^B \OML
/cmm/m/it/10.95 I[] \OMS/cmsy/m/n/10.95 ^^B ^^@\OML/cmm/m/it/10.95 I[]; [] \OMS
/cmsy/m/n/10.95 ^^B \OML/cmm/m/it/10.95 I[] \OMS/cmsy/m/n/10.95 ^^B ^^@\OML/cmm
/m/it/10.95 I[] \OMS/cmsy/m/n/10.95 ^^B \OML/cmm/m/it/10.95 I[][]
 []


LaTeX Warning: Reference `eq:4.5' on page 17 undefined on input line 1439.


LaTeX Warning: Reference `eq:4.9' on page 17 undefined on input line 1439.

[13]
Overfull \hbox (12.0pt too wide) in paragraph at lines 1439--1439
[][] 
 []


LaTeX Warning: Reference `eq:4.1' on page 17 undefined on input line 1444.

[14]
Overfull \hbox (12.0pt too wide) in paragraph at lines 1454--1454
[][] 
 []


LaTeX Warning: Reference `eq:4.3' on page 17 undefined on input line 1523.


Overfull \hbox (52.56932pt too wide) has occurred while \output is active
 \OT1/cmr/m/n/8 GENERALIZATIONS OF THE SPRINGER CORRESPONDENCE AND CUSPIDAL LAN
GLANDS PARAMETERS []
 []


LaTeX Warning: Reference `eq:1.7' on page 18 undefined on input line 1523.


LaTeX Warning: Reference `eq:4.10' on page 18 undefined on input line 1523.


LaTeX Warning: Reference `eq:3.1' on page 18 undefined on input line 1523.


LaTeX Warning: Reference `eq:3.2' on page 18 undefined on input line 1523.


LaTeX Warning: Reference `eq:4.3' on page 18 undefined on input line 1523.


Underfull \hbox (badness 7047) in paragraph at lines 1566--1566
\OT1/cmr/bx/n/10.95 Lemma 3.4. \OT1/cmr/m/it/10.95 The $\OML/cmm/m/it/10.95 G$\
OT1/cmr/m/it/10.95 -endomorphism al-ge-bra of $\OML/cmm/m/it/10.95 ^^Y[][]$ \OT
1/cmr/m/it/10.95 is iso-mor-phic with
 []

[15]
Overfull \hbox (12.0pt too wide) in paragraph at lines 1566--1566
[][] 
 []


LaTeX Warning: Reference `eq:4.3' on page 19 undefined on input line 1598.


LaTeX Warning: Reference `eq:4.10' on page 19 undefined on input line 1598.


LaTeX Warning: Reference `eq:4.2' on page 19 undefined on input line 1598.


Overfull \hbox (52.56932pt too wide) has occurred while \output is active
 \OT1/cmr/m/n/8 GENERALIZATIONS OF THE SPRINGER CORRESPONDENCE AND CUSPIDAL LAN
GLANDS PARAMETERS []
 []

[16]
Overfull \hbox (12.0pt too wide) in paragraph at lines 1620--1620
[][] 
 []


LaTeX Warning: Reference `eq:4.4' on page 20 undefined on input line 1660.


LaTeX Warning: Reference `eq:4.7' on page 20 undefined on input line 1660.


LaTeX Warning: Reference `eq:4.3' on page 20 undefined on input line 1660.


LaTeX Warning: Reference `eq:4.11' on page 20 undefined on input line 1660.


LaTeX Warning: Reference `eq:4.7' on page 20 undefined on input line 1660.

[17]
Overfull \hbox (12.0pt too wide) in paragraph at lines 1683--1683
[][] 
 []


Underfull \vbox (badness 1087) has occurred while \output is active []



LaTeX Warning: Reference `eq:2.1' on page 21 undefined on input line 1699.


LaTeX Warning: Reference `eq:5.1' on page 21 undefined on input line 1709.


LaTeX Warning: Reference `sec:cusp' on page 21 undefined on input line 1717.

[18]
Overfull \hbox (12.0pt too wide) in paragraph at lines 1730--1730
[][] 
 []

[19]
Overfull \hbox (12.0pt too wide) in paragraph at lines 1747--1747
[][] 
 []


Overfull \hbox (52.56932pt too wide) has occurred while \output is active
 \OT1/cmr/m/n/8 GENERALIZATIONS OF THE SPRINGER CORRESPONDENCE AND CUSPIDAL LAN
GLANDS PARAMETERS []
 []


LaTeX Warning: Reference `eq:4.2' on page 22 undefined on input line 1756.

[20]
Overfull \hbox (12.0pt too wide) in paragraph at lines 1774--1774
[][] 
 []


LaTeX Warning: Reference `eq:5.3' on page 22 undefined on input line 1786.


LaTeX Warning: Reference `eq:4.13' on page 22 undefined on input line 1804.


LaTeX Warning: Reference `eq:4.14' on page 22 undefined on input line 1804.


LaTeX Warning: Reference `eq:4.6' on page 22 undefined on input line 1830.


Underfull \hbox (badness 1668) in paragraph at lines 1830--1830
\OT1/cmr/bx/n/10.95 Proposition 4.5. \OT1/cmr/m/it/10.95 The $\OML/cmm/m/it/10.
95 G$\OT1/cmr/m/it/10.95 -endomorphism al-ge-bra of $\OML/cmm/m/it/10.95 ^^Y[][
]$ \OT1/cmr/m/it/10.95 is iso-mor-phic with
 []

[21]
Overfull \hbox (12.0pt too wide) in paragraph at lines 1830--1830
[][] 
 []


LaTeX Warning: Reference `eq:4.17' on page 23 undefined on input line 1886.


LaTeX Warning: Reference `eq:5.6' on page 23 undefined on input line 1886.


LaTeX Warning: Reference `eq:5.7' on page 23 undefined on input line 1886.


LaTeX Warning: Reference `eq:1.4' on page 23 undefined on input line 1890.


LaTeX Warning: Reference `eq:5.8' on page 23 undefined on input line 1895.

[22]
Overfull \hbox (12.0pt too wide) in paragraph at lines 1895--1895
[][] 
 []


LaTeX Warning: Reference `eq:4.10' on page 23 undefined on input line 1943.


Overfull \hbox (52.56932pt too wide) has occurred while \output is active
 \OT1/cmr/m/n/8 GENERALIZATIONS OF THE SPRINGER CORRESPONDENCE AND CUSPIDAL LAN
GLANDS PARAMETERS []
 []


LaTeX Warning: Reference `eq:5.7' on page 24 undefined on input line 1943.

[23]
Overfull \hbox (12.0pt too wide) in paragraph at lines 1965--1965
[][] 
 []


LaTeX Warning: Reference `eq:5.11' on page 25 undefined on input line 2106.


LaTeX Warning: Reference `eq:5.12' on page 25 undefined on input line 2106.


LaTeX Warning: Reference `eq:5.13' on page 25 undefined on input line 2106.


LaTeX Warning: Reference `eq:5.9' on page 25 undefined on input line 2106.


LaTeX Warning: Reference `eq:5.10' on page 25 undefined on input line 2106.


LaTeX Warning: Reference `eq:5.16' on page 25 undefined on input line 2106.


LaTeX Warning: Reference `eq:5.9' on page 25 undefined on input line 2106.


LaTeX Warning: Reference `eq:1.8' on page 25 undefined on input line 2106.


LaTeX Warning: Reference `eq:5.16' on page 25 undefined on input line 2106.


LaTeX Warning: Reference `eq:5.17' on page 25 undefined on input line 2106.


LaTeX Warning: Reference `eq:5.18' on page 25 undefined on input line 2106.


LaTeX Warning: Reference `eq:5.15' on page 25 undefined on input line 2106.


Overfull \hbox (52.56932pt too wide) has occurred while \output is active
 \OT1/cmr/m/n/8 GENERALIZATIONS OF THE SPRINGER CORRESPONDENCE AND CUSPIDAL LAN
GLANDS PARAMETERS []
 []


LaTeX Warning: Reference `eq:5.19' on page 26 undefined on input line 2106.


LaTeX Warning: Reference `eq:5.14' on page 26 undefined on input line 2106.

[24]
Overfull \hbox (12.0pt too wide) in paragraph at lines 2133--2133
[][] 
 []


LaTeX Warning: Reference `eq:5.1' on page 26 undefined on input line 2208.


LaTeX Warning: Reference `eq:5.24' on page 26 undefined on input line 2208.


LaTeX Warning: Reference `eq:5.25' on page 26 undefined on input line 2208.


LaTeX Warning: Reference `eq:5.26' on page 27 undefined on input line 2208.


LaTeX Warning: Reference `eq:5.26' on page 27 undefined on input line 2208.

[25]
Overfull \hbox (12.0pt too wide) in paragraph at lines 2224--2224
[][] 
 []

[26]
Overfull \hbox (12.0pt too wide) in paragraph at lines 2239--2239
[][] 
 []


Overfull \hbox (52.56932pt too wide) has occurred while \output is active
 \OT1/cmr/m/n/8 GENERALIZATIONS OF THE SPRINGER CORRESPONDENCE AND CUSPIDAL LAN
GLANDS PARAMETERS []
 []


Overfull \hbox (3.87184pt too wide) in paragraph at lines 2262--2267
\OT1/cmr/m/n/10.95 Let $\OML/cmm/m/it/10.95 ^^Z[] \OMS/cmsy/m/n/10.95 2 [][][][
]\OT1/cmr/m/n/10.95 (\OML/cmm/m/it/10.95 ^^Y[][]\OT1/cmr/m/n/10.95 )[]$ be a co
n-stituent of $\OML/cmm/m/it/10.95 ^^Z$ \OT1/cmr/m/n/10.95 (as $[][](\OML/cmm/m
/it/10.95 ^^Y[][]\OT1/cmr/m/n/10.95 )$-representation).
 []


Overfull \hbox (5.50215pt too wide) in paragraph at lines 2262--2267
\OT1/cmr/m/n/10.95 It is unique up to con-ju-ga-tion by $\OML/cmm/m/it/10.95 W[
] \OT1/cmr/m/n/10.95 = \OML/cmm/m/it/10.95 N[]\OT1/cmr/m/n/10.95 (\U/euf/m/n/10
.95 t\OT1/cmr/m/n/10.95 )\OML/cmm/m/it/10.95 =M[]$\OT1/cmr/m/n/10.95 . Let us w
rite $\U/euf/m/n/10.95 t[] \OT1/cmr/m/n/10.95 = [\OML/cmm/m/it/10.95 M[]; \OMS/
cmsy/m/n/10.95 C[]\OML/cmm/m/it/10.95 ; \OMS/cmsy/m/n/10.95 E\OT1/cmr/m/n/10.95
 ][] \OMS/cmsy/m/n/10.95 2
 []


LaTeX Warning: Reference `eq:5.20' on page 28 undefined on input line 2281.

[27]
Overfull \hbox (12.0pt too wide) in paragraph at lines 2336--2336
[][] 
 []


LaTeX Warning: Reference `eq:6.4' on page 29 undefined on input line 2397.


LaTeX Warning: Reference `eq:6.4' on page 29 undefined on input line 2397.


LaTeX Warning: Reference `eq:6.6' on page 29 undefined on input line 2397.


LaTeX Warning: Reference `eq:6.6' on page 29 undefined on input line 2397.


LaTeX Warning: Reference `eq:6.3' on page 29 undefined on input line 2397.


LaTeX Warning: Reference `eq:6.6' on page 29 undefined on input line 2397.


Overfull \hbox (52.56932pt too wide) has occurred while \output is active
 \OT1/cmr/m/n/8 GENERALIZATIONS OF THE SPRINGER CORRESPONDENCE AND CUSPIDAL LAN
GLANDS PARAMETERS []
 []


LaTeX Warning: Reference `eq:6.15' on page 30 undefined on input line 2397.


LaTeX Warning: Reference `eq:6.16' on page 30 undefined on input line 2397.


LaTeX Warning: Reference `eq:6.7' on page 30 undefined on input line 2401.


LaTeX Warning: Reference `eq:6.7' on page 30 undefined on input line 2414.

[28]
Overfull \hbox (12.0pt too wide) in paragraph at lines 2414--2414
[][] 
 []


LaTeX Warning: Reference `eq:6.7' on page 30 undefined on input line 2495.


LaTeX Warning: Reference `eq:5.21' on page 30 undefined on input line 2495.


LaTeX Warning: Reference `eq:6.8' on page 30 undefined on input line 2495.


LaTeX Warning: Reference `eq:6.16' on page 30 undefined on input line 2495.


LaTeX Warning: Reference `eq:5.22' on page 30 undefined on input line 2495.


LaTeX Warning: Reference `eq:6.8' on page 30 undefined on input line 2495.


LaTeX Warning: Reference `eq:6.9' on page 31 undefined on input line 2495.


LaTeX Warning: Reference `eq:6.9' on page 31 undefined on input line 2495.


LaTeX Warning: Reference `eq:6.15' on page 31 undefined on input line 2495.


LaTeX Warning: Reference `eq:5.22' on page 31 undefined on input line 2495.


LaTeX Warning: Reference `eq:6.8' on page 31 undefined on input line 2495.


LaTeX Warning: Reference `eq:6.4' on page 31 undefined on input line 2495.


LaTeX Warning: Reference `eq:6.10' on page 31 undefined on input line 2495.


LaTeX Warning: Reference `eq:6.8' on page 31 undefined on input line 2495.


LaTeX Warning: Reference `eq:6.8' on page 31 undefined on input line 2495.


LaTeX Warning: Reference `eq:1.3' on page 31 undefined on input line 2495.


LaTeX Warning: Reference `sec:cusp' on page 31 undefined on input line 2507.


LaTeX Warning: Reference `sec:noncusp' on page 31 undefined on input line 2507.


[29]
Overfull \hbox (12.0pt too wide) in paragraph at lines 2536--2536
[][] 
 []


Overfull \hbox (52.56932pt too wide) has occurred while \output is active
 \OT1/cmr/m/n/8 GENERALIZATIONS OF THE SPRINGER CORRESPONDENCE AND CUSPIDAL LAN
GLANDS PARAMETERS []
 []


LaTeX Warning: Reference `eq:6.6' on page 32 undefined on input line 2574.


LaTeX Warning: Reference `eq:6.7' on page 32 undefined on input line 2574.


LaTeX Warning: Reference `eq:6.12' on page 32 undefined on input line 2574.


LaTeX Warning: Reference `eq:6.6' on page 32 undefined on input line 2576.


LaTeX Warning: Reference `eq:5.23' on page 32 undefined on input line 2586.

[30]
Overfull \hbox (12.0pt too wide) in paragraph at lines 2603--2603
[][] 
 []


LaTeX Warning: Reference `eq:6.11' on page 32 undefined on input line 2646.


LaTeX Warning: Reference `eq:6.1' on page 32 undefined on input line 2646.


LaTeX Warning: Reference `eq:6.13' on page 33 undefined on input line 2646.


LaTeX Warning: Reference `eq:6.13' on page 33 undefined on input line 2646.


LaTeX Warning: Reference `sec:genSpr' on page 33 undefined on input line 2649.


LaTeX Warning: Reference `sec:quasiLevi' on page 33 undefined on input line 264
9.

[31]
Overfull \hbox (12.0pt too wide) in paragraph at lines 2670--2670
[][] 
 []

[32]
Overfull \hbox (12.0pt too wide) in paragraph at lines 2683--2683
[][] 
 []


Overfull \hbox (52.56932pt too wide) has occurred while \output is active
 \OT1/cmr/m/n/8 GENERALIZATIONS OF THE SPRINGER CORRESPONDENCE AND CUSPIDAL LAN
GLANDS PARAMETERS []
 []

[33]
Overfull \hbox (12.0pt too wide) in paragraph at lines 2747--2747
[][] 
 []

[34]
Overfull \hbox (12.0pt too wide) in paragraph at lines 2761--2761
[][] 
 []

[35]
Overfull \hbox (12.0pt too wide) in paragraph at lines 2785--2785
[][] 
 []


Overfull \hbox (52.56932pt too wide) has occurred while \output is active
 \OT1/cmr/m/n/8 GENERALIZATIONS OF THE SPRINGER CORRESPONDENCE AND CUSPIDAL LAN
GLANDS PARAMETERS []
 []


LaTeX Warning: Reference `eq:6.19' on page 36 undefined on input line 2872.


LaTeX Warning: Reference `eq:7.7' on page 36 undefined on input line 2899.


LaTeX Warning: Reference `eq:7.8' on page 37 undefined on input line 2925.

[36]
Overfull \hbox (12.0pt too wide) in paragraph at lines 2925--2925
[][] 
 []

[37]
Overfull \hbox (12.0pt too wide) in paragraph at lines 2942--2942
[][] 
 []


Overfull \hbox (52.56932pt too wide) has occurred while \output is active
 \OT1/cmr/m/n/8 GENERALIZATIONS OF THE SPRINGER CORRESPONDENCE AND CUSPIDAL LAN
GLANDS PARAMETERS []
 []


LaTeX Warning: Reference `eq:7.1' on page 38 undefined on input line 2999.


LaTeX Warning: Reference `eq:7.2' on page 38 undefined on input line 3021.


LaTeX Warning: Reference `eq:6.25' on page 38 undefined on input line 3021.

[38]
Overfull \hbox (12.0pt too wide) in paragraph at lines 3021--3021
[][] 
 []


LaTeX Warning: Reference `eqn:R-group' on page 38 undefined on input line 3031.


[39]
Overfull \hbox (12.0pt too wide) in paragraph at lines 3071--3071
[][] 
 []


Underfull \vbox (badness 10000) has occurred while \output is active []

 [40]
Overfull \hbox (12.0pt too wide) in paragraph at lines 3079--3079
[][] 
 []

[41]
Overfull \hbox (12.0pt too wide) in paragraph at lines 3153--3153
[][] 
 []


Underfull \vbox (badness 10000) has occurred while \output is active []


Overfull \hbox (52.56932pt too wide) has occurred while \output is active
 \OT1/cmr/m/n/8 GENERALIZATIONS OF THE SPRINGER CORRESPONDENCE AND CUSPIDAL LAN
GLANDS PARAMETERS []
 []


Overfull \vbox (80.55106pt too high) has occurred while \output is active []


[42]
Overfull \hbox (12.0pt too wide) in paragraph at lines 3171--3171
[][] 
 []

[43]
Overfull \hbox (12.0pt too wide) in paragraph at lines 3182--3182
[][] 
 []

[44]
Overfull \hbox (12.0pt too wide) in paragraph at lines 3197--3197
[][] 
 []


Overfull \hbox (52.56932pt too wide) has occurred while \output is active
 \OT1/cmr/m/n/8 GENERALIZATIONS OF THE SPRINGER CORRESPONDENCE AND CUSPIDAL LAN
GLANDS PARAMETERS []
 []


LaTeX Warning: Reference `eq:7.7' on page 42 undefined on input line 3242.

[45]
Overfull \hbox (12.0pt too wide) in paragraph at lines 3242--3242
[][] 
 []


LaTeX Warning: Reference `eq:7.8' on page 42 undefined on input line 3264.

[46]
Overfull \hbox (12.0pt too wide) in paragraph at lines 3264--3264
[][] 
 []


LaTeX Warning: Reference `eq:7.5' on page 42 undefined on input line 3290.


LaTeX Warning: Reference `eq:7.6' on page 43 undefined on input line 3296.


LaTeX Warning: Reference `eq:8.10' on page 43 undefined on input line 3310.


LaTeX Warning: Reference `eq:7.2' on page 43 undefined on input line 3323.


LaTeX Warning: Reference `sec:quasiLevi' on page 43 undefined on input line 332
3.

[47]
Overfull \hbox (12.0pt too wide) in paragraph at lines 3346--3346
[][] 
 []


Overfull \hbox (3.05855pt too wide) in paragraph at lines 3430--3430
\OT1/cmr/m/n/10.95 sub-group of $\OMS/cmsy/m/n/10.95 H[]$ \OT1/cmr/m/n/10.95 wh
ich con-tains the im-age of $\OML/cmm/m/it/10.95 M$ \OT1/cmr/m/n/10.95 in $\OMS
/cmsy/m/n/10.95 H[]$\OT1/cmr/m/n/10.95 . As $\OML/cmm/m/it/10.95 Z\OT1/cmr/m/n/
10.95 (\OML/cmm/m/it/10.95 M\OT1/cmr/m/n/10.95 )[] \OMS/cmsy/m/n/10.95 ^^Z \OML
/cmm/m/it/10.95 G \OT1/cmr/m/n/10.95 = \OML/cmm/m/it/10.95 Z[]\OT1/cmr/m/n/10.9
5 (\OML/cmm/m/it/10.95 ^^^\OMS/cmsy/m/n/10.95 j[]\OT1/cmr/m/n/10.95 )$,
 []


Overfull \hbox (52.56932pt too wide) has occurred while \output is active
 \OT1/cmr/m/n/8 GENERALIZATIONS OF THE SPRINGER CORRESPONDENCE AND CUSPIDAL LAN
GLANDS PARAMETERS []
 []


LaTeX Warning: Reference `eq:7.1' on page 44 undefined on input line 3430.


LaTeX Warning: Reference `eq:6.14' on page 44 undefined on input line 3430.


LaTeX Warning: Reference `eq:6.23' on page 44 undefined on input line 3430.


LaTeX Warning: Reference `eq:7.4' on page 44 undefined on input line 3430.


LaTeX Warning: Reference `eq:6.23' on page 44 undefined on input line 3430.


LaTeX Warning: Reference `eq:7.3' on page 44 undefined on input line 3430.


LaTeX Warning: Reference `eq:7.8' on page 44 undefined on input line 3457.

[48]
Overfull \hbox (12.0pt too wide) in paragraph at lines 3457--3457
[][] 
 []


LaTeX Warning: Reference `eq:7.20' on page 45 undefined on input line 3538.


LaTeX Warning: Reference `eq:7.21' on page 45 undefined on input line 3538.


LaTeX Warning: Reference `eq:6.24' on page 45 undefined on input line 3538.


Overfull \hbox (52.56932pt too wide) has occurred while \output is active
 \OT1/cmr/m/n/8 GENERALIZATIONS OF THE SPRINGER CORRESPONDENCE AND CUSPIDAL LAN
GLANDS PARAMETERS []
 []


LaTeX Warning: Reference `eq:7.26' on page 46 undefined on input line 3538.

<xymatrix 2x2 161>

LaTeX Warning: Reference `eq:7.27' on page 46 undefined on input line 3538.


LaTeX Warning: Reference `eq:7.25' on page 46 undefined on input line 3538.


LaTeX Warning: Reference `eq:infChar' on page 46 undefined on input line 3543.


LaTeX Warning: Reference `eq:6.1' on page 46 undefined on input line 3545.


LaTeX Warning: Reference `eq:2.2' on page 46 undefined on input line 3548.

[49]
Overfull \hbox (12.0pt too wide) in paragraph at lines 3564--3564
[][] 
 []


LaTeX Warning: Reference `eq:7.2' on page 47 undefined on input line 3617.

[50]
Overfull \hbox (12.0pt too wide) in paragraph at lines 3617--3617
[][] 
 []

[51]
Overfull \hbox (12.0pt too wide) in paragraph at lines 3650--3650
[][] 
 []


Overfull \hbox (52.56932pt too wide) has occurred while \output is active
 \OT1/cmr/m/n/8 GENERALIZATIONS OF THE SPRINGER CORRESPONDENCE AND CUSPIDAL LAN
GLANDS PARAMETERS []
 []


LaTeX Warning: Reference `sec:extquot' on page 48 undefined on input line 3687.



LaTeX Warning: Reference `eq:C1' on page 48 undefined on input line 3723.


LaTeX Warning: Reference `eq:C2' on page 48 undefined on input line 3723.

<xymatrix 3x2 190> [52]
Overfull \hbox (12.0pt too wide) in paragraph at lines 3735--3735
[][] 
 []


Overfull \hbox (52.56932pt too wide) has occurred while \output is active
 \OT1/cmr/m/n/8 GENERALIZATIONS OF THE SPRINGER CORRESPONDENCE AND CUSPIDAL LAN
GLANDS PARAMETERS []
 []


LaTeX Warning: Reference `eq:8.1' on page 50 undefined on input line 3810.


LaTeX Warning: Reference `eq:8.2' on page 50 undefined on input line 3817.


LaTeX Warning: Reference `eq:8.3' on page 50 undefined on input line 3818.

[53]
Overfull \hbox (12.0pt too wide) in paragraph at lines 3841--3841
[][] 
 []

[54]
Overfull \hbox (12.0pt too wide) in paragraph at lines 3862--3862
[][] 
 []


Underfull \vbox (badness 2573) has occurred while \output is active []

 [55]
Overfull \hbox (12.0pt too wide) in paragraph at lines 3898--3898
[][] 
 []


LaTeX Warning: Reference `eq:7.28' on page 51 undefined on input line 3954.


LaTeX Warning: Reference `eq:7.26' on page 51 undefined on input line 3954.


Overfull \hbox (52.56932pt too wide) has occurred while \output is active
 \OT1/cmr/m/n/8 GENERALIZATIONS OF THE SPRINGER CORRESPONDENCE AND CUSPIDAL LAN
GLANDS PARAMETERS []
 []

[56]
Overfull \hbox (220.63515pt too wide) in paragraph at lines 3984--4013
\OT1/cmr/m/n/10.95 phisms $\OT1/cmr/bx/n/10.95 W[] \OMS/cmsy/m/n/10.95 ! [][]H$
 \OT1/cmr/m/n/10.95 to en-hanced L-parameters. [] 
 []


LaTeX Warning: Reference `eq:8.5' on page 53 undefined on input line 4018.


Overfull \hbox (2.611pt too wide) in paragraph at lines 4052--4055
[]\OT1/cmr/m/n/10.95 Let $[](\OMS/cmsy/m/n/10.95 H\OT1/cmr/m/n/10.95 )$ be the 
cat-e-gory of smooth com-plex $\OMS/cmsy/m/n/10.95 H$\OT1/cmr/m/n/10.95 -repres
entations, and let $[](\OMS/cmsy/m/n/10.95 H\OT1/cmr/m/n/10.95 )[]$
 []


Overfull \hbox (52.56932pt too wide) has occurred while \output is active
 \OT1/cmr/m/n/8 GENERALIZATIONS OF THE SPRINGER CORRESPONDENCE AND CUSPIDAL LAN
GLANDS PARAMETERS []
 []


LaTeX Warning: Reference `eq:8.11' on page 54 undefined on input line 4078.


LaTeX Warning: Reference `eq:C1' on page 54 undefined on input line 4082.


LaTeX Warning: Reference `eq:C2' on page 54 undefined on input line 4082.


LaTeX Warning: Reference `eq:6.17' on page 54 undefined on input line 4110.

[57]
Overfull \hbox (12.0pt too wide) in paragraph at lines 4118--4118
[][] 
 []


LaTeX Warning: Reference `eq:8.14' on page 54 undefined on input line 4155.


LaTeX Warning: Reference `eq:8.12' on page 55 undefined on input line 4155.


LaTeX Warning: Reference `eq:8.13' on page 55 undefined on input line 4155.


LaTeX Warning: Reference `eq:8.6' on page 55 undefined on input line 4160.


LaTeX Warning: Reference `eq:C3' on page 55 undefined on input line 4173.


LaTeX Warning: Reference `eq:8.6' on page 55 undefined on input line 4184.


LaTeX Warning: Reference `eq:8.9' on page 55 undefined on input line 4195.


LaTeX Warning: Reference `eq:9.2' on page 55 undefined on input line 4196.


LaTeX Warning: Reference `eq:C3' on page 55 undefined on input line 4196.


LaTeX Warning: Reference `eq:9.10' on page 55 undefined on input line 4199.


LaTeX Warning: Reference `eq:9.11' on page 55 undefined on input line 4199.

[58]
Overfull \hbox (12.0pt too wide) in paragraph at lines 4233--4233
[][] 
 []


Overfull \hbox (52.56932pt too wide) has occurred while \output is active
 \OT1/cmr/m/n/8 GENERALIZATIONS OF THE SPRINGER CORRESPONDENCE AND CUSPIDAL LAN
GLANDS PARAMETERS []
 []


LaTeX Warning: Reference `eq:6.14' on page 56 undefined on input line 4254.


LaTeX Warning: Reference `eq:extquot' on page 56 undefined on input line 4265.

[59]
Overfull \hbox (12.0pt too wide) in paragraph at lines 4289--4289
[][] 
 []


LaTeX Warning: Reference `eq:9.4' on page 57 undefined on input line 4340.


LaTeX Warning: Reference `eq:9.5' on page 57 undefined on input line 4340.


LaTeX Warning: Reference `eq:9.3' on page 57 undefined on input line 4340.


LaTeX Warning: Reference `eq:9.4' on page 57 undefined on input line 4340.


LaTeX Warning: Reference `eq:9.3' on page 57 undefined on input line 4340.


LaTeX Warning: Reference `eq:9.6' on page 57 undefined on input line 4406.


LaTeX Warning: Reference `eq:9.3' on page 57 undefined on input line 4406.

[60]
Overfull \hbox (12.0pt too wide) in paragraph at lines 4406--4406
[][] 
 []


Underfull \vbox (badness 1838) has occurred while \output is active []


Overfull \hbox (52.56932pt too wide) has occurred while \output is active
 \OT1/cmr/m/n/8 GENERALIZATIONS OF THE SPRINGER CORRESPONDENCE AND CUSPIDAL LAN
GLANDS PARAMETERS []
 []


LaTeX Warning: Reference `eq:9.7' on page 58 undefined on input line 4487.


LaTeX Warning: Reference `eq:9.9' on page 59 undefined on input line 4487.


LaTeX Warning: Reference `eq:9.3' on page 59 undefined on input line 4487.


LaTeX Warning: Reference `eq:9.1' on page 59 undefined on input line 4487.


LaTeX Warning: Reference `eq:9.8' on page 59 undefined on input line 4487.


LaTeX Warning: Reference `eq:9.8' on page 59 undefined on input line 4487.


LaTeX Warning: Reference `eq:7.8' on page 59 undefined on input line 4487.


Overfull \hbox (52.56932pt too wide) has occurred while \output is active
 \OT1/cmr/m/n/8 GENERALIZATIONS OF THE SPRINGER CORRESPONDENCE AND CUSPIDAL LAN
GLANDS PARAMETERS []
 []

[61]
Overfull \hbox (12.0pt too wide) in paragraph at lines 4524--4524
[][] 
 []

[62]
Overfull \hbox (12.0pt too wide) in paragraph at lines 4542--4542
[][] 
 []


LaTeX Warning: Reference `eq:7.29' on page 60 undefined on input line 4600.


LaTeX Warning: Reference `eq:10.1' on page 60 undefined on input line 4600.


Overfull \hbox (52.56932pt too wide) has occurred while \output is active
 \OT1/cmr/m/n/8 GENERALIZATIONS OF THE SPRINGER CORRESPONDENCE AND CUSPIDAL LAN
GLANDS PARAMETERS []
 []


Underfull \hbox (badness 1874) in paragraph at lines 4740--4743
[]\OT1/cmr/m/n/9 A. Mous-saoui, ``Cen-tre de Bern-stein sta-ble et con-jec-ture
 d'Aubert--Baum--Plymen--
 []


Underfull \vbox (badness 10000) has occurred while \output is active []


Overfull \hbox (52.56932pt too wide) has occurred while \output is active
 \OT1/cmr/m/n/8 GENERALIZATIONS OF THE SPRINGER CORRESPONDENCE AND CUSPIDAL LAN
GLANDS PARAMETERS []
 []

(source_extraction/results/1511.05335.aux)

LaTeX Warning: There were undefined references.

 ) 
Here is how much of TeX's memory you used:
 7013 strings out of 494260
 86832 string characters out of 6168642
 244118 words of memory out of 5000000
 10032 multiletter control sequences out of 15000+600000
 18107 words of font info for 73 fonts, out of 8000000 for 9000
 658 hyphenation exceptions out of 8191
 41i,21n,32p,3247b,519s stack positions out of 5000i,500n,10000p,200000b,80000s
</usr/share/texlive/texmf-dist/fonts/type1/public/amsfonts/cm/cmbx10.pfb></us
r/share/texlive/texmf-dist/fonts/type1/public/amsfonts/cm/cmbx6.pfb></usr/share
/texlive/texmf-dist/fonts/type1/public/amsfonts/cm/cmbx8.pfb></usr/share/texliv
e/texmf-dist/fonts/type1/public/amsfonts/cm/cmex10.pfb></usr/share/texlive/texm
f-dist/fonts/type1/public/amsfonts/cmextra/cmex8.pfb></usr/share/texlive/texmf-
dist/fonts/type1/public/amsfonts/cm/cmmi10.pfb></usr/share/texlive/texmf-dist/f
onts/type1/public/amsfonts/cm/cmmi6.pfb></usr/share/texlive/texmf-dist/fonts/ty
pe1/public/amsfonts/cm/cmmi8.pfb></usr/share/texlive/texmf-dist/fonts/type1/pub
lic/amsfonts/cm/cmr10.pfb></usr/share/texlive/texmf-dist/fonts/type1/public/ams
fonts/cm/cmr6.pfb></usr/share/texlive/texmf-dist/fonts/type1/public/amsfonts/cm
/cmr8.pfb></usr/share/texlive/texmf-dist/fonts/type1/public/amsfonts/cm/cmsy10.
pfb></usr/share/texlive/texmf-dist/fonts/type1/public/amsfonts/cm/cmsy6.pfb></u
sr/share/texlive/texmf-dist/fonts/type1/public/amsfonts/cm/cmsy8.pfb></usr/shar
e/texlive/texmf-dist/fonts/type1/public/amsfonts/cm/cmti10.pfb></usr/share/texl
ive/texmf-dist/fonts/type1/public/amsfonts/euler/eufm10.pfb></usr/share/texlive
/texmf-dist/fonts/type1/public/amsfonts/euler/eufm7.pfb></usr/share/texlive/tex
mf-dist/fonts/type1/public/amsfonts/symbols/msam10.pfb></usr/share/texlive/texm
f-dist/fonts/type1/public/amsfonts/symbols/msbm10.pfb></usr/share/texlive/texmf
-dist/fonts/type1/public/xypic/xyatip10.pfb></usr/share/texlive/texmf-dist/font
s/type1/public/xypic/xybtip10.pfb>
Output written on source_extraction/results/1511.05335.pdf (62 pages, 306999 by
tes).
PDF statistics:
 290 PDF objects out of 1000 (max. 8388607)
 202 compressed objects within 3 object streams
 0 named destinations out of 1000 (max. 500000)
 1 words of extra memory for PDF output out of 10000 (max. 10000000)

