This is pdfTeX, Version 3.14159265-2.6-1.40.18 (TeX Live 2017/Debian) (preloaded format=pdflatex 2018.11.16)  29 NOV 2018 14:49
entering extended mode
 restricted \write18 enabled.
 %&-line parsing enabled.
**source_extraction/results/1605.06909.tex
(./source_extraction/results/1605.06909.tex
LaTeX2e <2017-04-15>
Babel <3.18> and hyphenation patterns for 20 language(s) loaded.
(/usr/share/texlive/texmf-dist/tex/latex/amscls/amsart.cls
Document Class: amsart 2017/10/31 v2.20.4
\linespacing=\dimen102
\normalparindent=\dimen103
\normaltopskip=\skip41
(/usr/share/texlive/texmf-dist/tex/latex/amsmath/amsmath.sty
Package: amsmath 2017/09/02 v2.17a AMS math features
\@mathmargin=\skip42

For additional information on amsmath, use the `?' option.
(/usr/share/texlive/texmf-dist/tex/latex/amsmath/amstext.sty
Package: amstext 2000/06/29 v2.01 AMS text

(/usr/share/texlive/texmf-dist/tex/latex/amsmath/amsgen.sty
File: amsgen.sty 1999/11/30 v2.0 generic functions
\@emptytoks=\toks14
\ex@=\dimen104
))
(/usr/share/texlive/texmf-dist/tex/latex/amsmath/amsbsy.sty
Package: amsbsy 1999/11/29 v1.2d Bold Symbols
\pmbraise@=\dimen105
)
(/usr/share/texlive/texmf-dist/tex/latex/amsmath/amsopn.sty
Package: amsopn 2016/03/08 v2.02 operator names
)
\inf@bad=\count79
LaTeX Info: Redefining \frac on input line 213.
\uproot@=\count80
\leftroot@=\count81
LaTeX Info: Redefining \overline on input line 375.
\classnum@=\count82
\DOTSCASE@=\count83
LaTeX Info: Redefining \ldots on input line 472.
LaTeX Info: Redefining \dots on input line 475.
LaTeX Info: Redefining \cdots on input line 596.
\Mathstrutbox@=\box26
\strutbox@=\box27
\big@size=\dimen106
LaTeX Font Info:    Redeclaring font encoding OML on input line 712.
LaTeX Font Info:    Redeclaring font encoding OMS on input line 713.
\macc@depth=\count84
\c@MaxMatrixCols=\count85
\dotsspace@=\muskip10
\c@parentequation=\count86
\dspbrk@lvl=\count87
\tag@help=\toks15
\row@=\count88
\column@=\count89
\maxfields@=\count90
\andhelp@=\toks16
\eqnshift@=\dimen107
\alignsep@=\dimen108
\tagshift@=\dimen109
\tagwidth@=\dimen110
\totwidth@=\dimen111
\lineht@=\dimen112
\@envbody=\toks17
\multlinegap=\skip43
\multlinetaggap=\skip44
\mathdisplay@stack=\toks18
LaTeX Info: Redefining \[ on input line 2817.
LaTeX Info: Redefining \] on input line 2818.
)
LaTeX Font Info:    Try loading font information for U+msa on input line 398.

(/usr/share/texlive/texmf-dist/tex/latex/amsfonts/umsa.fd
File: umsa.fd 2013/01/14 v3.01 AMS symbols A
)
(/usr/share/texlive/texmf-dist/tex/latex/amsfonts/amsfonts.sty
Package: amsfonts 2013/01/14 v3.01 Basic AMSFonts support
\symAMSa=\mathgroup4
\symAMSb=\mathgroup5
LaTeX Font Info:    Overwriting math alphabet `\mathfrak' in version `bold'
(Font)                  U/euf/m/n --> U/euf/b/n on input line 106.
)
\copyins=\insert199
\abstractbox=\box28
\listisep=\skip45
\c@part=\count91
\c@section=\count92
\c@subsection=\count93
\c@subsubsection=\count94
\c@paragraph=\count95
\c@subparagraph=\count96
\c@figure=\count97
\c@table=\count98
\abovecaptionskip=\skip46
\belowcaptionskip=\skip47
\captionindent=\dimen113
\thm@style=\toks19
\thm@bodyfont=\toks20
\thm@headfont=\toks21
\thm@notefont=\toks22
\thm@headpunct=\toks23
\thm@preskip=\skip48
\thm@postskip=\skip49
\thm@headsep=\skip50
\dth@everypar=\toks24
)
(/usr/share/texlive/texmf-dist/tex/latex/a4wide/a4wide.sty
Package: a4wide 1994/08/30

(/usr/share/texlive/texmf-dist/tex/latex/ntgclass/a4.sty
Package: a4 2004/04/15 v1.2g A4 based page layout
))
(/usr/share/texlive/texmf-dist/tex/latex/setspace/setspace.sty
Package: setspace 2011/12/19 v6.7a set line spacing
)
(/usr/share/texlive/texmf-dist/tex/latex/graphics/color.sty
Package: color 2016/07/10 v1.1e Standard LaTeX Color (DPC)

(/usr/share/texlive/texmf-dist/tex/latex/graphics-cfg/color.cfg
File: color.cfg 2016/01/02 v1.6 sample color configuration
)
Package color Info: Driver file: pdftex.def on input line 147.

(/usr/share/texlive/texmf-dist/tex/latex/graphics-def/pdftex.def
File: pdftex.def 2018/01/08 v1.0l Graphics/color driver for pdftex
))
(/usr/share/texlive/texmf-dist/tex/latex/amsfonts/amssymb.sty
Package: amssymb 2013/01/14 v3.01 AMS font symbols
)
(/usr/share/texlive/texmf-dist/tex/latex/amsmath/amscd.sty
Package: amscd 2017/04/14 v2.1 AMS Commutative Diagrams
\athelp@=\toks25
\minaw@=\dimen114
\bigaw@=\dimen115
\minCDarrowwidth=\dimen116
)
(/usr/share/texlive/texmf-dist/tex/latex/jknapltx/mathrsfs.sty
Package: mathrsfs 1996/01/01 Math RSFS package v1.0 (jk)
\symrsfs=\mathgroup6
) (./extract.sty
(/usr/share/texlive/texmf-dist/tex/latex/environ/environ.sty
Package: environ 2014/05/04 v0.3 A new way to define environments

(/usr/share/texlive/texmf-dist/tex/latex/trimspaces/trimspaces.sty
Package: trimspaces 2009/09/17 v1.1 Trim spaces around a token list
))
(/usr/share/texlive/texmf-dist/tex/latex/etextools/etextools.sty
Package: etextools 2010/12/07 v3.1415926 e-TeX more useful tools for LaTeX pack
age writers

(/usr/share/texlive/texmf-dist/tex/latex/etex-pkg/etex.sty
Package: etex 2016/08/01 v2.7 eTeX basic definition package (PEB,DPC)
\et@xins=\count99
)
(/usr/share/texlive/texmf-dist/tex/latex/etoolbox/etoolbox.sty
Package: etoolbox 2018/02/11 v2.5e e-TeX tools for LaTeX (JAW)
\etb@tempcnta=\count100
)
(/usr/share/texlive/texmf-dist/tex/latex/oberdiek/letltxmacro.sty
Package: letltxmacro 2016/05/16 v1.5 Let assignment for LaTeX macros (HO)
)
\ettl@fter=\count101
\ettl@for@nested=\count277
)
(/usr/share/texmf/tex/latex/preview/preview.sty
Package: preview 2017/04/24 11.91 (AUCTeX/preview-latex)

(/usr/share/texmf/tex/latex/preview/prtightpage.def
\PreviewBorder=\dimen117
)
\pr@snippet=\count102
\pr@box=\box29
\pr@output=\toks26
)
\c@propcounter=\count103
\mybox=\box30
)
\c@theorem=\count104
\c@refthm=\count105

(/usr/share/texlive/texmf-dist/tex/generic/xypic/xy.sty
(/usr/share/texlive/texmf-dist/tex/generic/xypic/xy.tex Bootstrap'ing:
catcodes, docmode, (/usr/share/texlive/texmf-dist/tex/generic/xypic/xyrecat.tex
) (/usr/share/texlive/texmf-dist/tex/generic/xypic/xyidioms.tex)

 Xy-pic version 3.8.9 <2013/10/06>
 Copyright (c) 1991-2013 by Kristoffer H. Rose <krisrose@tug.org> and others
 Xy-pic is free software: see the User's Guide for details.

Loading kernel: messages; fonts; allocations: state,
\X@c=\dimen118
\Y@c=\dimen119
\U@c=\dimen120
\D@c=\dimen121
\L@c=\dimen122
\R@c=\dimen123
\Edge@c=\toks27
\X@p=\dimen124
\Y@p=\dimen125
\U@p=\dimen126
\D@p=\dimen127
\L@p=\dimen128
\R@p=\dimen129
\Edge@p=\toks28
\X@origin=\dimen130
\Y@origin=\dimen131
\X@xbase=\dimen132
\Y@xbase=\dimen133
\X@ybase=\dimen134
\Y@ybase=\dimen135
\X@min=\dimen136
\Y@min=\dimen137
\X@max=\dimen138
\Y@max=\dimen139
\lastobjectbox@=\box31
\zerodotbox@=\box32
\almostz@=\dimen140
 direction,
\d@X=\dimen141
\d@Y=\dimen142
\K@=\count106
\KK@=\count107
\Direction=\count108
\K@dXdY=\dimen143
\K@dYdX=\dimen144
\xyread@=\read1
\xywrite@=\write3
\csp@=\count109
\quotPTK@=\dimen145

utility macros; pictures: \xy, positions,
\swaptoks@@=\toks29
\connectobjectbox@@=\box33
 objects,
\styletoks@=\toks30
 decorations;
kernel objects: directionals, circles, text; options; algorithms: directions,
edges, connections;  Xy-pic loaded)
(/usr/share/texlive/texmf-dist/tex/generic/oberdiek/ifpdf.sty
Package: ifpdf 2017/03/15 v3.2 Provides the ifpdf switch
)
Package: xy 2013/10/06 Xy-pic version 3.8.9

(/usr/share/texlive/texmf-dist/tex/generic/xypic/xyall.tex
 Xy-pic option: All features v.3.8
(/usr/share/texlive/texmf-dist/tex/generic/xypic/xycurve.tex
 Xy-pic option: Curve and Spline extension v.3.12 curve,
\crv@cnt@=\count110
\crvpts@=\toks31
\splinebox@=\box34
\splineval@=\dimen146
\splinedepth@=\dimen147
\splinetol@=\dimen148
\splinelength@=\dimen149
 circles,
\L@=\dimen150
 loaded)
(/usr/share/texlive/texmf-dist/tex/generic/xypic/xyframe.tex
 Xy-pic option: Frame and Bracket extension v.3.14 loaded)
(/usr/share/texlive/texmf-dist/tex/generic/xypic/xycmtip.tex
 Xy-pic option: Computer Modern tip extension v.3.7
(/usr/share/texlive/texmf-dist/tex/generic/xypic/xytips.tex
 Xy-pic option: More Tips extension v.3.11 loaded) loaded)
(/usr/share/texlive/texmf-dist/tex/generic/xypic/xyline.tex
 Xy-pic option: Line styles extension v.3.10
\xylinethick@=\dimen151
 loaded)
(/usr/share/texlive/texmf-dist/tex/generic/xypic/xyrotate.tex
 Xy-pic option: Rotate and Scale extension v.3.8 loaded)
(/usr/share/texlive/texmf-dist/tex/generic/xypic/xycolor.tex
 Xy-pic option: Colour extension v.3.11 loaded)
(/usr/share/texlive/texmf-dist/tex/generic/xypic/xymatrix.tex
 Xy-pic option: Matrix feature v.3.14
\Row=\count111
\Col=\count112
\queue@=\toks32
\queue@@=\toks33
\qcount@=\count113
\qcount@@=\count114
\matrixsize@=\count115
 loaded)
(/usr/share/texlive/texmf-dist/tex/generic/xypic/xyarrow.tex
 Xy-pic option: Arrow and Path feature v.3.9 path, \ar, loaded)
(/usr/share/texlive/texmf-dist/tex/generic/xypic/xygraph.tex
 Xy-pic option: Graph feature v.3.11 loaded) loaded)
(/usr/share/texlive/texmf-dist/tex/generic/xypic/xypdf.tex
 Xy-pic option: PDF driver v.1.7 Xy-pic pdf driver: `color' extension support
(/usr/share/texlive/texmf-dist/tex/generic/xypic/xypdf-co.tex loaded)
Xy-pic pdf driver: `curve' extension support
(/usr/share/texlive/texmf-dist/tex/generic/xypic/xypdf-cu.tex loaded)
Xy-pic pdf driver: `frame' extension support
(/usr/share/texlive/texmf-dist/tex/generic/xypic/xypdf-fr.tex loaded)
Xy-pic pdf driver: `line' extension support
(/usr/share/texlive/texmf-dist/tex/generic/xypic/xypdf-li.tex loaded)
Xy-pic pdf driver: `rotate' extension support
(/usr/share/texlive/texmf-dist/tex/generic/xypic/xypdf-ro.tex loaded) loaded))
(source_extraction/results/1605.06909.aux)
\openout1 = `1605.06909.aux'.

LaTeX Font Info:    Checking defaults for OML/cmm/m/it on input line 68.
LaTeX Font Info:    ... okay on input line 68.
LaTeX Font Info:    Checking defaults for T1/cmr/m/n on input line 68.
LaTeX Font Info:    ... okay on input line 68.
LaTeX Font Info:    Checking defaults for OT1/cmr/m/n on input line 68.
LaTeX Font Info:    ... okay on input line 68.
LaTeX Font Info:    Checking defaults for OMS/cmsy/m/n on input line 68.
LaTeX Font Info:    ... okay on input line 68.
LaTeX Font Info:    Checking defaults for OMX/cmex/m/n on input line 68.
LaTeX Font Info:    ... okay on input line 68.
LaTeX Font Info:    Checking defaults for U/cmr/m/n on input line 68.
LaTeX Font Info:    ... okay on input line 68.
LaTeX Font Info:    Try loading font information for U+msa on input line 68.

(/usr/share/texlive/texmf-dist/tex/latex/amsfonts/umsa.fd
File: umsa.fd 2013/01/14 v3.01 AMS symbols A
)
LaTeX Font Info:    Try loading font information for U+msb on input line 68.

(/usr/share/texlive/texmf-dist/tex/latex/amsfonts/umsb.fd
File: umsb.fd 2013/01/14 v3.01 AMS symbols B
)
LaTeX Font Info:    Try loading font information for U+rsfs on input line 68.

(/usr/share/texlive/texmf-dist/tex/latex/jknapltx/ursfs.fd
File: ursfs.fd 1998/03/24 rsfs font definition file (jk)
)
(/usr/share/texlive/texmf-dist/tex/context/base/mkii/supp-pdf.mkii
[Loading MPS to PDF converter (version 2006.09.02).]
\scratchcounter=\count116
\scratchdimen=\dimen152
\scratchbox=\box35
\nofMPsegments=\count117
\nofMParguments=\count118
\everyMPshowfont=\toks34
\MPscratchCnt=\count119
\MPscratchDim=\dimen153
\MPnumerator=\count120
\makeMPintoPDFobject=\count121
\everyMPtoPDFconversion=\toks35
)
Preview: Fontsize 10.95pt
Preview: PDFoutput 1
Package xypdf Info: Line width: 0.43799pt on input line 68.

Class amsart Warning: Abstract should precede \maketitle in AMS document classe
s; reported on input line 74.

Preview: Tightpage -32891 -32891 32891 32891
[1{/var/lib/texmf/fonts/map/pdftex/updmap/pdftex.map}]
Overfull \hbox (328.4395pt too wide) in paragraph at lines 89--95
\OT1/cmr/m/n/10.95 ques-tioned whether the above-men-tioned two con-di-tions ar
e suf-fi-cient: [] 
 []

[2]
Overfull \hbox (34.36073pt too wide) in paragraph at lines 109--123
\OT1/cmr/m/n/10.95 re-sult. [] 
 []

[3]
Overfull \hbox (64.80785pt too wide) in paragraph at lines 127--145
\OT1/cmr/m/n/10.95 crete groups. [] 
 []


Underfull \vbox (badness 10000) has occurred while \output is active []

 <xymatrix
3x2 190>

LaTeX Warning: Reference `eq: invariant inner product, almost' on page 5 undefi
ned on input line 189.


LaTeX Warning: Reference `eq: representation of f by Bochner' on page 5 undefin
ed on input line 192.

[4]
Overfull \hbox (350.13672pt too wide) in paragraph at lines 192--210
\OT1/cmr/m/n/10.95 (com-pare ([]) with (4 )). See also the com-ments fol-low-in
g Corol-lary 3.16 . [] 
 []


Underfull \vbox (badness 10000) has occurred while \output is active []

 [5]
[6]
Overfull \hbox (12.0pt too wide) in paragraph at lines 223--223
[][] 
 []

[7]
Overfull \hbox (12.0pt too wide) in paragraph at lines 233--233
[][] 
 []


Underfull \vbox (badness 10000) has occurred while \output is active []

 [8]
Overfull \hbox (354.59285pt too wide) in paragraph at lines 234--260
\OT1/cmr/m/n/10.95 the fol-low-ing char-ac-ter-i-za-tion of the fi-nite type Po
l-ish groups (cf. [[]]). [] 
 []

[9]
Overfull \hbox (45.95099pt too wide) in paragraph at lines 261--270
\OT1/cmr/m/n/10.95 group $\OML/cmm/m/it/10.95 G$\OT1/cmr/m/n/10.95 . [] 
 []


Underfull \vbox (badness 1210) has occurred while \output is active []

 [10]
Overfull \hbox (12.0pt too wide) in paragraph at lines 309--309
[][] 
 []

[11]
Overfull \hbox (269.41656pt too wide) in paragraph at lines 310--318
[]\OT1/cmr/m/n/10.95 As an im-me-di-ate corol-lary to The-o-rem 2.5 , we ob-tai
n: [] 
 []

[12]
Overfull \hbox (12.0pt too wide) in paragraph at lines 342--342
[][] 
 []

[13]
Overfull \hbox (12.0pt too wide) in paragraph at lines 404--404
[][] 
 []


Overfull \hbox (2.69298pt too wide) in paragraph at lines 421--421
[]\OT1/cmr/m/n/10.95 Since $\OML/cmm/m/it/10.95 ^^Y$ \OT1/cmr/m/n/10.95 is uni-
ta-riz-able, there ex-ists an in-vert-ible op-er-a-tor $\OML/cmm/m/it/10.95 T \
OMS/cmsy/m/n/10.95 2 \U/msb/m/n/10.95 B\OT1/cmr/m/n/10.95 (\OML/cmm/m/it/10.95 
H\OT1/cmr/m/n/10.95 )$ such that $\OML/cmm/m/it/10.95 T^^Y\OT1/cmr/m/n/10.95 (\
OML/cmm/m/it/10.95 s\OT1/cmr/m/n/10.95 )\OML/cmm/m/it/10.95 T[]$
 []

[14]
Overfull \hbox (355.19167pt too wide) in paragraph at lines 423--428
[]\OT1/cmr/m/n/10.95 Since amenable groups are uni-ta-riz-able ([[], [], []]), 
we ob-tain: [] 
 []

[15]
Overfull \hbox (12.0pt too wide) in paragraph at lines 431--431
[][] 
 []

[16]
Overfull \hbox (92.71512pt too wide) in paragraph at lines 435--439
\OT1/cmr/m/n/10.95 space $\OML/cmm/m/it/10.95 H$\OT1/cmr/m/n/10.95 , as be-fore
. [] 
 []

[17] [18]
Overfull \hbox (12.0pt too wide) in paragraph at lines 465--465
[][] 
 []


Underfull \vbox (badness 2828) has occurred while \output is active []

 [19]
<xymatrix 3x2 190> [20]
Overfull \hbox (12.0pt too wide) in paragraph at lines 519--519
[][] 
 []

[21]
Overfull \hbox (12.0pt too wide) in paragraph at lines 527--527
[][] 
 []

[22]
Overfull \hbox (176.51381pt too wide) in paragraph at lines 528--542
[]\OT1/cmr/m/n/10.95 The next lem-mata are el-e-men-tary. [] 
 []

[23]
Overfull \hbox (12.0pt too wide) in paragraph at lines 559--559
[][] 
 []

[24]
Overfull \hbox (149.79214pt too wide) in paragraph at lines 596--601
\OT1/cmr/m/n/10.95 spect to a group of sym-me-tries. [] 
 []

[25]
Overfull \hbox (253.55365pt too wide) in paragraph at lines 602--615
\OT1/cmr/m/n/10.95 , we use the fol-low-ing vari-ant of the Min-i-max Lemma: []
 
 []


Underfull \vbox (badness 1521) has occurred while \output is active []



LaTeX Warning: Reference `eq: min varphi' on page 17 undefined on input line 69
1.

[26]
Overfull \hbox (12.0pt too wide) in paragraph at lines 745--745
[][] 
 []

[27]
Overfull \hbox (113.44418pt too wide) in paragraph at lines 746--753
\OT1/cmr/m/n/10.95 value with re-spect to $\U/msb/m/n/10.95 P$\OT1/cmr/m/n/10.9
5 . [] 
 []


LaTeX Warning: Reference `eq: p(alpha)' on page 18 undefined on input line 801.



LaTeX Warning: Reference `eq: def of A' on page 19 undefined on input line 825.


[28]
Overfull \hbox (69.30952pt too wide) in paragraph at lines 827--834
\OT1/cmr/m/n/10.95 use-ful lemma. [] 
 []

[29]
Overfull \hbox (12.0pt too wide) in paragraph at lines 868--868
[][] 
 []

[30]
Overfull \hbox (201.60188pt too wide) in paragraph at lines 911--914
\OT1/cmr/m/n/10.95 in-ter-est to con-sider the fol-low-ing ques-tion: [] 
 []

[31]
Overfull \hbox (103.8122pt too wide) in paragraph at lines 915--933
\OT1/cmr/m/n/10.95 in-de-pen-dent in-ter-est: [] 
 []


Underfull \vbox (badness 1005) has occurred while \output is active []

 [32]
Overfull \hbox (12.0pt too wide) in paragraph at lines 950--950
[][] 
 []

[33]
Overfull \hbox (12.0pt too wide) in paragraph at lines 955--955
[][] 
 []

[34]
Overfull \hbox (37.31114pt too wide) in paragraph at lines 958--967
\OT1/cmr/m/n/10.95 nience. [] 
 []


Underfull \vbox (badness 10000) has occurred while \output is active []

 [35]
Overfull \hbox (12.0pt too wide) in paragraph at lines 971--971
[][] 
 []


LaTeX Warning: Reference `eq: cov for measure' on page 25 undefined on input li
ne 1045.


LaTeX Warning: Reference `eq: cov for measure' on page 25 undefined on input li
ne 1045.

Missing character: There is no Å in font cmti9!

Underfull \hbox (badness 2221) in paragraph at lines 1091--1092
[]\OT1/cmr/m/n/9 N. Ozawa, An In-vi-ta-tion to the Sim-i-lar-ity Prob-lems (af-
ter Pisier) (2006), avail-able at
 []


Underfull \vbox (badness 10000) has occurred while \output is active []


(source_extraction/results/1605.06909.aux)

LaTeX Warning: There were undefined references.

 ) 
Here is how much of TeX's memory you used:
 6069 strings out of 494260
 75371 string characters out of 6168642
 214134 words of memory out of 5000000
 9134 multiletter control sequences out of 15000+600000
 16911 words of font info for 67 fonts, out of 8000000 for 9000
 658 hyphenation exceptions out of 8191
 34i,15n,35p,3247b,507s stack positions out of 5000i,500n,10000p,200000b,80000s
</usr/share/texlive/texmf-dist/fonts/type1/public/amsfonts/cm/cmbx10.pfb></us
r/share/texlive/texmf-dist/fonts/type1/public/amsfonts/cm/cmex10.pfb></usr/shar
e/texlive/texmf-dist/fonts/type1/public/amsfonts/cm/cmmi10.pfb></usr/share/texl
ive/texmf-dist/fonts/type1/public/amsfonts/cm/cmmi6.pfb></usr/share/texlive/tex
mf-dist/fonts/type1/public/amsfonts/cm/cmmi8.pfb></usr/share/texlive/texmf-dist
/fonts/type1/public/amsfonts/cm/cmr10.pfb></usr/share/texlive/texmf-dist/fonts/
type1/public/amsfonts/cm/cmr6.pfb></usr/share/texlive/texmf-dist/fonts/type1/pu
blic/amsfonts/cm/cmr8.pfb></usr/share/texlive/texmf-dist/fonts/type1/public/ams
fonts/cm/cmsy10.pfb></usr/share/texlive/texmf-dist/fonts/type1/public/amsfonts/
cm/cmsy8.pfb></usr/share/texlive/texmf-dist/fonts/type1/public/amsfonts/cm/cmti
10.pfb></usr/share/texlive/texmf-dist/fonts/type1/public/amsfonts/symbols/msam1
0.pfb></usr/share/texlive/texmf-dist/fonts/type1/public/amsfonts/symbols/msbm10
.pfb></usr/share/texlive/texmf-dist/fonts/type1/public/rsfs/rsfs10.pfb></usr/sh
are/texlive/texmf-dist/fonts/type1/public/xypic/xyatip10.pfb></usr/share/texliv
e/texmf-dist/fonts/type1/public/xypic/xybtip10.pfb>
Output written on source_extraction/results/1605.06909.pdf (35 pages, 200406 by
tes).
PDF statistics:
 181 PDF objects out of 1000 (max. 8388607)
 126 compressed objects within 2 object streams
 0 named destinations out of 1000 (max. 500000)
 1 words of extra memory for PDF output out of 10000 (max. 10000000)

