This is pdfTeX, Version 3.14159265-2.6-1.40.18 (TeX Live 2017/Debian) (preloaded format=pdflatex 2018.11.16)  29 NOV 2018 14:49
entering extended mode
 restricted \write18 enabled.
 %&-line parsing enabled.
**source_extraction/results/1606.03953.tex
(./source_extraction/results/1606.03953.tex
LaTeX2e <2017-04-15>
Babel <3.18> and hyphenation patterns for 20 language(s) loaded.
(/usr/share/texlive/texmf-dist/tex/latex/amscls/amsart.cls
Document Class: amsart 2017/10/31 v2.20.4
\linespacing=\dimen102
\normalparindent=\dimen103
\normaltopskip=\skip41
(/usr/share/texlive/texmf-dist/tex/latex/amsmath/amsmath.sty
Package: amsmath 2017/09/02 v2.17a AMS math features
\@mathmargin=\skip42

For additional information on amsmath, use the `?' option.
(/usr/share/texlive/texmf-dist/tex/latex/amsmath/amstext.sty
Package: amstext 2000/06/29 v2.01 AMS text

(/usr/share/texlive/texmf-dist/tex/latex/amsmath/amsgen.sty
File: amsgen.sty 1999/11/30 v2.0 generic functions
\@emptytoks=\toks14
\ex@=\dimen104
))
(/usr/share/texlive/texmf-dist/tex/latex/amsmath/amsbsy.sty
Package: amsbsy 1999/11/29 v1.2d Bold Symbols
\pmbraise@=\dimen105
)
(/usr/share/texlive/texmf-dist/tex/latex/amsmath/amsopn.sty
Package: amsopn 2016/03/08 v2.02 operator names
)
\inf@bad=\count79
LaTeX Info: Redefining \frac on input line 213.
\uproot@=\count80
\leftroot@=\count81
LaTeX Info: Redefining \overline on input line 375.
\classnum@=\count82
\DOTSCASE@=\count83
LaTeX Info: Redefining \ldots on input line 472.
LaTeX Info: Redefining \dots on input line 475.
LaTeX Info: Redefining \cdots on input line 596.
\Mathstrutbox@=\box26
\strutbox@=\box27
\big@size=\dimen106
LaTeX Font Info:    Redeclaring font encoding OML on input line 712.
LaTeX Font Info:    Redeclaring font encoding OMS on input line 713.
\macc@depth=\count84
\c@MaxMatrixCols=\count85
\dotsspace@=\muskip10
\c@parentequation=\count86
\dspbrk@lvl=\count87
\tag@help=\toks15
\row@=\count88
\column@=\count89
\maxfields@=\count90
\andhelp@=\toks16
\eqnshift@=\dimen107
\alignsep@=\dimen108
\tagshift@=\dimen109
\tagwidth@=\dimen110
\totwidth@=\dimen111
\lineht@=\dimen112
\@envbody=\toks17
\multlinegap=\skip43
\multlinetaggap=\skip44
\mathdisplay@stack=\toks18
LaTeX Info: Redefining \[ on input line 2817.
LaTeX Info: Redefining \] on input line 2818.
)
LaTeX Font Info:    Try loading font information for U+msa on input line 398.

(/usr/share/texlive/texmf-dist/tex/latex/amsfonts/umsa.fd
File: umsa.fd 2013/01/14 v3.01 AMS symbols A
)
(/usr/share/texlive/texmf-dist/tex/latex/amsfonts/amsfonts.sty
Package: amsfonts 2013/01/14 v3.01 Basic AMSFonts support
\symAMSa=\mathgroup4
\symAMSb=\mathgroup5
LaTeX Font Info:    Overwriting math alphabet `\mathfrak' in version `bold'
(Font)                  U/euf/m/n --> U/euf/b/n on input line 106.
)
\copyins=\insert199
\abstractbox=\box28
\listisep=\skip45
\c@part=\count91
\c@section=\count92
\c@subsection=\count93
\c@subsubsection=\count94
\c@paragraph=\count95
\c@subparagraph=\count96
\c@figure=\count97
\c@table=\count98
\abovecaptionskip=\skip46
\belowcaptionskip=\skip47
\captionindent=\dimen113
\thm@style=\toks19
\thm@bodyfont=\toks20
\thm@headfont=\toks21
\thm@notefont=\toks22
\thm@headpunct=\toks23
\thm@preskip=\skip48
\thm@postskip=\skip49
\thm@headsep=\skip50
\dth@everypar=\toks24
)
(/usr/share/texlive/texmf-dist/tex/latex/amsfonts/amssymb.sty
Package: amssymb 2013/01/14 v3.01 AMS font symbols
)
(/usr/share/texlive/texmf-dist/tex/latex/tools/enumerate.sty
Package: enumerate 2015/07/23 v3.00 enumerate extensions (DPC)
\@enLab=\toks25
)
(/usr/share/texlive/texmf-dist/tex/latex/graphics/graphicx.sty
Package: graphicx 2017/06/01 v1.1a Enhanced LaTeX Graphics (DPC,SPQR)

(/usr/share/texlive/texmf-dist/tex/latex/graphics/keyval.sty
Package: keyval 2014/10/28 v1.15 key=value parser (DPC)
\KV@toks@=\toks26
)
(/usr/share/texlive/texmf-dist/tex/latex/graphics/graphics.sty
Package: graphics 2017/06/25 v1.2c Standard LaTeX Graphics (DPC,SPQR)

(/usr/share/texlive/texmf-dist/tex/latex/graphics/trig.sty
Package: trig 2016/01/03 v1.10 sin cos tan (DPC)
)
(/usr/share/texlive/texmf-dist/tex/latex/graphics-cfg/graphics.cfg
File: graphics.cfg 2016/06/04 v1.11 sample graphics configuration
)
Package graphics Info: Driver file: pdftex.def on input line 99.

(/usr/share/texlive/texmf-dist/tex/latex/graphics-def/pdftex.def
File: pdftex.def 2018/01/08 v1.0l Graphics/color driver for pdftex
))
\Gin@req@height=\dimen114
\Gin@req@width=\dimen115
)
(/usr/share/texlive/texmf-dist/tex/latex/psfrag/psfrag.sty
Package: psfrag 1998/04/11 v3.04 PSfrag (MCG)
\pfg@pcount=\count99
\pfg@scount=\count100
\pfg@temp=\write3
)
(/usr/share/texlive/texmf-dist/tex/latex/enumitem/enumitem.sty
Package: enumitem 2011/09/28 v3.5.2 Customized lists
\labelindent=\skip51
\enit@outerparindent=\dimen116
\enit@toks=\toks27
\enit@inbox=\box29
\enitdp@description=\count101
)
(/usr/share/texlive/texmf-dist/tex/latex/jknapltx/mathrsfs.sty
Package: mathrsfs 1996/01/01 Math RSFS package v1.0 (jk)
\symrsfs=\mathgroup6
)
(/usr/share/texlive/texmf-dist/tex/latex/geometry/geometry.sty
Package: geometry 2010/09/12 v5.6 Page Geometry

(/usr/share/texlive/texmf-dist/tex/generic/oberdiek/ifpdf.sty
Package: ifpdf 2017/03/15 v3.2 Provides the ifpdf switch
)
(/usr/share/texlive/texmf-dist/tex/generic/oberdiek/ifvtex.sty
Package: ifvtex 2016/05/16 v1.6 Detect VTeX and its facilities (HO)
Package ifvtex Info: VTeX not detected.
)
(/usr/share/texlive/texmf-dist/tex/generic/ifxetex/ifxetex.sty
Package: ifxetex 2010/09/12 v0.6 Provides ifxetex conditional
)
\Gm@cnth=\count102
\Gm@cntv=\count103
\c@Gm@tempcnt=\count104
\Gm@bindingoffset=\dimen117
\Gm@wd@mp=\dimen118
\Gm@odd@mp=\dimen119
\Gm@even@mp=\dimen120
\Gm@layoutwidth=\dimen121
\Gm@layoutheight=\dimen122
\Gm@layouthoffset=\dimen123
\Gm@layoutvoffset=\dimen124
\Gm@dimlist=\toks28
)
! Undefined control sequence.
<recently read> \hypersetup 
                            
l.5 \hypersetup
               {colorlinks=true,
The control sequence at the end of the top line
of your error message was never \def'ed. If you have
misspelled it (e.g., `\hobx'), type `I' and the correct
spelling (e.g., `I\hbox'). Otherwise just continue,
and I'll forget about whatever was undefined.


! LaTeX Error: Missing \begin{document}.

See the LaTeX manual or LaTeX Companion for explanation.
Type  H <return>  for immediate help.
 ...                                              
                                                  
l.5 \hypersetup{c
                 olorlinks=true,
You're in trouble here.  Try typing  <return>  to proceed.
If that doesn't work, type  X <return>  to quit.


Overfull \hbox (88.46764pt too wide) in paragraph at lines 5--15
[]\OT1/cmr/m/n/10.95 colorlinks=true,
 []


Overfull \hbox (20.68335pt too wide) in paragraph at lines 5--15
\OT1/cmr/m/n/10.95 cite-
 []


Overfull \hbox (54.7805pt too wide) in paragraph at lines 5--15
\OT1/cmr/m/n/10.95 color=blue,
 []


Overfull \hbox (17.64168pt too wide) in paragraph at lines 5--15
\OT1/cmr/m/n/10.95 file-
 []


Overfull \hbox (54.7805pt too wide) in paragraph at lines 5--15
\OT1/cmr/m/n/10.95 color=blue,
 []


Overfull \hbox (21.59587pt too wide) in paragraph at lines 5--15
\OT1/cmr/m/n/10.95 link-
 []


Overfull \hbox (54.7805pt too wide) in paragraph at lines 5--15
\OT1/cmr/m/n/10.95 color=blue,
 []


Overfull \hbox (17.06377pt too wide) in paragraph at lines 5--15
\OT1/cmr/m/n/10.95 url-
 []


Overfull \hbox (51.73883pt too wide) in paragraph at lines 5--15
\OT1/cmr/m/n/10.95 color=blue
 []

(/usr/share/texlive/texmf-dist/tex/latex/todonotes/todonotes.sty
Package: todonotes 2015/07/09 .dtx Todonotes source and documentation.
Package: todonotes 2012/07/25

(/usr/share/texlive/texmf-dist/tex/latex/base/ifthen.sty
Package: ifthen 2014/09/29 v1.1c Standard LaTeX ifthen package (DPC)
)
(/usr/share/texlive/texmf-dist/tex/latex/xkeyval/xkeyval.sty
Package: xkeyval 2014/12/03 v2.7a package option processing (HA)

(/usr/share/texlive/texmf-dist/tex/generic/xkeyval/xkeyval.tex
(/usr/share/texlive/texmf-dist/tex/generic/xkeyval/xkvutils.tex
\XKV@toks=\toks29
\XKV@tempa@toks=\toks30
)
\XKV@depth=\count105
File: xkeyval.tex 2014/12/03 v2.7a key=value parser (HA)
))
(/usr/share/texlive/texmf-dist/tex/latex/xcolor/xcolor.sty
Package: xcolor 2016/05/11 v2.12 LaTeX color extensions (UK)

(/usr/share/texlive/texmf-dist/tex/latex/graphics-cfg/color.cfg
File: color.cfg 2016/01/02 v1.6 sample color configuration
)
Package xcolor Info: Driver file: pdftex.def on input line 225.
Package xcolor Info: Model `cmy' substituted by `cmy0' on input line 1348.
Package xcolor Info: Model `hsb' substituted by `rgb' on input line 1352.
Package xcolor Info: Model `RGB' extended on input line 1364.
Package xcolor Info: Model `HTML' substituted by `rgb' on input line 1366.
Package xcolor Info: Model `Hsb' substituted by `hsb' on input line 1367.
Package xcolor Info: Model `tHsb' substituted by `hsb' on input line 1368.
Package xcolor Info: Model `HSB' substituted by `hsb' on input line 1369.
Package xcolor Info: Model `Gray' substituted by `gray' on input line 1370.
Package xcolor Info: Model `wave' substituted by `hsb' on input line 1371.
)
(/usr/share/texlive/texmf-dist/tex/latex/pgf/frontendlayer/tikz.sty
(/usr/share/texlive/texmf-dist/tex/latex/pgf/basiclayer/pgf.sty
(/usr/share/texlive/texmf-dist/tex/latex/pgf/utilities/pgfrcs.sty
(/usr/share/texlive/texmf-dist/tex/generic/pgf/utilities/pgfutil-common.tex
\pgfutil@everybye=\toks31
\pgfutil@tempdima=\dimen125
\pgfutil@tempdimb=\dimen126

(/usr/share/texlive/texmf-dist/tex/generic/pgf/utilities/pgfutil-common-lists.t
ex)) (/usr/share/texlive/texmf-dist/tex/generic/pgf/utilities/pgfutil-latex.def
\pgfutil@abb=\box30
(/usr/share/texlive/texmf-dist/tex/latex/ms/everyshi.sty
Package: everyshi 2001/05/15 v3.00 EveryShipout Package (MS)
))
(/usr/share/texlive/texmf-dist/tex/generic/pgf/utilities/pgfrcs.code.tex
Package: pgfrcs 2015/08/07 v3.0.1a (rcs-revision 1.31)
))
Package: pgf 2015/08/07 v3.0.1a (rcs-revision 1.15)

(/usr/share/texlive/texmf-dist/tex/latex/pgf/basiclayer/pgfcore.sty
(/usr/share/texlive/texmf-dist/tex/latex/pgf/systemlayer/pgfsys.sty
(/usr/share/texlive/texmf-dist/tex/generic/pgf/systemlayer/pgfsys.code.tex
Package: pgfsys 2014/07/09 v3.0.1a (rcs-revision 1.48)

(/usr/share/texlive/texmf-dist/tex/generic/pgf/utilities/pgfkeys.code.tex
\pgfkeys@pathtoks=\toks32
\pgfkeys@temptoks=\toks33

(/usr/share/texlive/texmf-dist/tex/generic/pgf/utilities/pgfkeysfiltered.code.t
ex
\pgfkeys@tmptoks=\toks34
))
\pgf@x=\dimen127
\pgf@y=\dimen128
\pgf@xa=\dimen129
\pgf@ya=\dimen130
\pgf@xb=\dimen131
\pgf@yb=\dimen132
\pgf@xc=\dimen133
\pgf@yc=\dimen134
\w@pgf@writea=\write4
\r@pgf@reada=\read1
\c@pgf@counta=\count106
\c@pgf@countb=\count107
\c@pgf@countc=\count108
\c@pgf@countd=\count109
\t@pgf@toka=\toks35
\t@pgf@tokb=\toks36
\t@pgf@tokc=\toks37
 (/usr/share/texlive/texmf-dist/tex/generic/pgf/systemlayer/pgf.cfg
File: pgf.cfg 2008/05/14  (rcs-revision 1.7)
)
Driver file for pgf: pgfsys-pdftex.def

(/usr/share/texlive/texmf-dist/tex/generic/pgf/systemlayer/pgfsys-pdftex.def
File: pgfsys-pdftex.def 2014/10/11  (rcs-revision 1.35)

(/usr/share/texlive/texmf-dist/tex/generic/pgf/systemlayer/pgfsys-common-pdf.de
f
File: pgfsys-common-pdf.def 2013/10/10  (rcs-revision 1.13)
)))
(/usr/share/texlive/texmf-dist/tex/generic/pgf/systemlayer/pgfsyssoftpath.code.
tex
File: pgfsyssoftpath.code.tex 2013/09/09  (rcs-revision 1.9)
\pgfsyssoftpath@smallbuffer@items=\count110
\pgfsyssoftpath@bigbuffer@items=\count111
)
(/usr/share/texlive/texmf-dist/tex/generic/pgf/systemlayer/pgfsysprotocol.code.
tex
File: pgfsysprotocol.code.tex 2006/10/16  (rcs-revision 1.4)
))
(/usr/share/texlive/texmf-dist/tex/generic/pgf/basiclayer/pgfcore.code.tex
Package: pgfcore 2010/04/11 v3.0.1a (rcs-revision 1.7)

(/usr/share/texlive/texmf-dist/tex/generic/pgf/math/pgfmath.code.tex
(/usr/share/texlive/texmf-dist/tex/generic/pgf/math/pgfmathcalc.code.tex
(/usr/share/texlive/texmf-dist/tex/generic/pgf/math/pgfmathutil.code.tex)
(/usr/share/texlive/texmf-dist/tex/generic/pgf/math/pgfmathparser.code.tex
\pgfmath@dimen=\dimen135
\pgfmath@count=\count112
\pgfmath@box=\box31
\pgfmath@toks=\toks38
\pgfmath@stack@operand=\toks39
\pgfmath@stack@operation=\toks40
)
(/usr/share/texlive/texmf-dist/tex/generic/pgf/math/pgfmathfunctions.code.tex
(/usr/share/texlive/texmf-dist/tex/generic/pgf/math/pgfmathfunctions.basic.code
.tex)
(/usr/share/texlive/texmf-dist/tex/generic/pgf/math/pgfmathfunctions.trigonomet
ric.code.tex)
(/usr/share/texlive/texmf-dist/tex/generic/pgf/math/pgfmathfunctions.random.cod
e.tex)
(/usr/share/texlive/texmf-dist/tex/generic/pgf/math/pgfmathfunctions.comparison
.code.tex)
(/usr/share/texlive/texmf-dist/tex/generic/pgf/math/pgfmathfunctions.base.code.
tex)
(/usr/share/texlive/texmf-dist/tex/generic/pgf/math/pgfmathfunctions.round.code
.tex)
(/usr/share/texlive/texmf-dist/tex/generic/pgf/math/pgfmathfunctions.misc.code.
tex)
(/usr/share/texlive/texmf-dist/tex/generic/pgf/math/pgfmathfunctions.integerari
thmetics.code.tex)))
(/usr/share/texlive/texmf-dist/tex/generic/pgf/math/pgfmathfloat.code.tex
\c@pgfmathroundto@lastzeros=\count113
))
(/usr/share/texlive/texmf-dist/tex/generic/pgf/basiclayer/pgfcorepoints.code.te
x
File: pgfcorepoints.code.tex 2013/10/07  (rcs-revision 1.27)
\pgf@picminx=\dimen136
\pgf@picmaxx=\dimen137
\pgf@picminy=\dimen138
\pgf@picmaxy=\dimen139
\pgf@pathminx=\dimen140
\pgf@pathmaxx=\dimen141
\pgf@pathminy=\dimen142
\pgf@pathmaxy=\dimen143
\pgf@xx=\dimen144
\pgf@xy=\dimen145
\pgf@yx=\dimen146
\pgf@yy=\dimen147
\pgf@zx=\dimen148
\pgf@zy=\dimen149
)
(/usr/share/texlive/texmf-dist/tex/generic/pgf/basiclayer/pgfcorepathconstruct.
code.tex
File: pgfcorepathconstruct.code.tex 2013/10/07  (rcs-revision 1.29)
\pgf@path@lastx=\dimen150
\pgf@path@lasty=\dimen151
)
(/usr/share/texlive/texmf-dist/tex/generic/pgf/basiclayer/pgfcorepathusage.code
.tex
File: pgfcorepathusage.code.tex 2014/11/02  (rcs-revision 1.24)
\pgf@shorten@end@additional=\dimen152
\pgf@shorten@start@additional=\dimen153
)
(/usr/share/texlive/texmf-dist/tex/generic/pgf/basiclayer/pgfcorescopes.code.te
x
File: pgfcorescopes.code.tex 2015/05/08  (rcs-revision 1.46)
\pgfpic=\box32
\pgf@hbox=\box33
\pgf@layerbox@main=\box34
\pgf@picture@serial@count=\count114
)
(/usr/share/texlive/texmf-dist/tex/generic/pgf/basiclayer/pgfcoregraphicstate.c
ode.tex
File: pgfcoregraphicstate.code.tex 2014/11/02  (rcs-revision 1.12)
\pgflinewidth=\dimen154
)
(/usr/share/texlive/texmf-dist/tex/generic/pgf/basiclayer/pgfcoretransformation
s.code.tex
File: pgfcoretransformations.code.tex 2015/08/07  (rcs-revision 1.20)
\pgf@pt@x=\dimen155
\pgf@pt@y=\dimen156
\pgf@pt@temp=\dimen157
)
(/usr/share/texlive/texmf-dist/tex/generic/pgf/basiclayer/pgfcorequick.code.tex
File: pgfcorequick.code.tex 2008/10/09  (rcs-revision 1.3)
)
(/usr/share/texlive/texmf-dist/tex/generic/pgf/basiclayer/pgfcoreobjects.code.t
ex
File: pgfcoreobjects.code.tex 2006/10/11  (rcs-revision 1.2)
)
(/usr/share/texlive/texmf-dist/tex/generic/pgf/basiclayer/pgfcorepathprocessing
.code.tex
File: pgfcorepathprocessing.code.tex 2013/09/09  (rcs-revision 1.9)
)
(/usr/share/texlive/texmf-dist/tex/generic/pgf/basiclayer/pgfcorearrows.code.te
x
File: pgfcorearrows.code.tex 2015/05/14  (rcs-revision 1.43)
\pgfarrowsep=\dimen158
)
(/usr/share/texlive/texmf-dist/tex/generic/pgf/basiclayer/pgfcoreshade.code.tex
File: pgfcoreshade.code.tex 2013/07/15  (rcs-revision 1.15)
\pgf@max=\dimen159
\pgf@sys@shading@range@num=\count115
)
(/usr/share/texlive/texmf-dist/tex/generic/pgf/basiclayer/pgfcoreimage.code.tex
File: pgfcoreimage.code.tex 2013/07/15  (rcs-revision 1.18)

(/usr/share/texlive/texmf-dist/tex/generic/pgf/basiclayer/pgfcoreexternal.code.
tex
File: pgfcoreexternal.code.tex 2014/07/09  (rcs-revision 1.21)
\pgfexternal@startupbox=\box35
))
(/usr/share/texlive/texmf-dist/tex/generic/pgf/basiclayer/pgfcorelayers.code.te
x
File: pgfcorelayers.code.tex 2013/07/18  (rcs-revision 1.7)
)
(/usr/share/texlive/texmf-dist/tex/generic/pgf/basiclayer/pgfcoretransparency.c
ode.tex
File: pgfcoretransparency.code.tex 2013/09/30  (rcs-revision 1.5)
)
(/usr/share/texlive/texmf-dist/tex/generic/pgf/basiclayer/pgfcorepatterns.code.
tex
File: pgfcorepatterns.code.tex 2013/11/07  (rcs-revision 1.5)
)))
(/usr/share/texlive/texmf-dist/tex/generic/pgf/modules/pgfmoduleshapes.code.tex
File: pgfmoduleshapes.code.tex 2014/03/21  (rcs-revision 1.35)
\pgfnodeparttextbox=\box36
) (/usr/share/texlive/texmf-dist/tex/generic/pgf/modules/pgfmoduleplot.code.tex
File: pgfmoduleplot.code.tex 2015/08/03  (rcs-revision 1.13)
)
(/usr/share/texlive/texmf-dist/tex/latex/pgf/compatibility/pgfcomp-version-0-65
.sty
Package: pgfcomp-version-0-65 2007/07/03 v3.0.1a (rcs-revision 1.7)
\pgf@nodesepstart=\dimen160
\pgf@nodesepend=\dimen161
)
(/usr/share/texlive/texmf-dist/tex/latex/pgf/compatibility/pgfcomp-version-1-18
.sty
Package: pgfcomp-version-1-18 2007/07/23 v3.0.1a (rcs-revision 1.1)
)) (/usr/share/texlive/texmf-dist/tex/latex/pgf/utilities/pgffor.sty
(/usr/share/texlive/texmf-dist/tex/latex/pgf/utilities/pgfkeys.sty
(/usr/share/texlive/texmf-dist/tex/generic/pgf/utilities/pgfkeys.code.tex))
(/usr/share/texlive/texmf-dist/tex/latex/pgf/math/pgfmath.sty
(/usr/share/texlive/texmf-dist/tex/generic/pgf/math/pgfmath.code.tex))
(/usr/share/texlive/texmf-dist/tex/generic/pgf/utilities/pgffor.code.tex
Package: pgffor 2013/12/13 v3.0.1a (rcs-revision 1.25)

(/usr/share/texlive/texmf-dist/tex/generic/pgf/math/pgfmath.code.tex)
\pgffor@iter=\dimen162
\pgffor@skip=\dimen163
\pgffor@stack=\toks41
\pgffor@toks=\toks42
))
(/usr/share/texlive/texmf-dist/tex/generic/pgf/frontendlayer/tikz/tikz.code.tex
Package: tikz 2015/08/07 v3.0.1a (rcs-revision 1.151)

(/usr/share/texlive/texmf-dist/tex/generic/pgf/libraries/pgflibraryplothandlers
.code.tex
File: pgflibraryplothandlers.code.tex 2013/08/31 v3.0.1a (rcs-revision 1.20)
\pgf@plot@mark@count=\count116
\pgfplotmarksize=\dimen164
)
\tikz@lastx=\dimen165
\tikz@lasty=\dimen166
\tikz@lastxsaved=\dimen167
\tikz@lastysaved=\dimen168
\tikzleveldistance=\dimen169
\tikzsiblingdistance=\dimen170
\tikz@figbox=\box37
\tikz@figbox@bg=\box38
\tikz@tempbox=\box39
\tikz@tempbox@bg=\box40
\tikztreelevel=\count117
\tikznumberofchildren=\count118
\tikznumberofcurrentchild=\count119
\tikz@fig@count=\count120

(/usr/share/texlive/texmf-dist/tex/generic/pgf/modules/pgfmodulematrix.code.tex
File: pgfmodulematrix.code.tex 2013/09/17  (rcs-revision 1.8)
\pgfmatrixcurrentrow=\count121
\pgfmatrixcurrentcolumn=\count122
\pgf@matrix@numberofcolumns=\count123
)
\tikz@expandcount=\count124

(/usr/share/texlive/texmf-dist/tex/generic/pgf/frontendlayer/tikz/libraries/tik
zlibrarytopaths.code.tex
File: tikzlibrarytopaths.code.tex 2008/06/17 v3.0.1a (rcs-revision 1.2)
)))
(/usr/share/texlive/texmf-dist/tex/generic/pgf/frontendlayer/tikz/libraries/tik
zlibrarypositioning.code.tex
File: tikzlibrarypositioning.code.tex 2008/10/06 v3.0.1a (rcs-revision 1.7)
)
(/usr/share/texlive/texmf-dist/tex/latex/tools/calc.sty
Package: calc 2014/10/28 v4.3 Infix arithmetic (KKT,FJ)
\calc@Acount=\count125
\calc@Bcount=\count126
\calc@Adimen=\dimen171
\calc@Bdimen=\dimen172
\calc@Askip=\skip52
\calc@Bskip=\skip53
LaTeX Info: Redefining \setlength on input line 80.
LaTeX Info: Redefining \addtolength on input line 81.
\calc@Ccount=\count127
\calc@Cskip=\skip54
)
\c@@todonotes@numberoftodonotes=\count128
)
(/usr/share/texlive/texmf-dist/tex/latex/algorithms/algorithm.sty
Package: algorithm 2009/08/24 v0.1 Document Style `algorithm' - floating enviro
nment

(/usr/share/texlive/texmf-dist/tex/latex/float/float.sty
Package: float 2001/11/08 v1.3d Float enhancements (AL)
\c@float@type=\count129
\float@exts=\toks43
\float@box=\box41
\@float@everytoks=\toks44
\@floatcapt=\box42
)
\@float@every@algorithm=\toks45
\c@algorithm=\count130
)
(/usr/share/texlive/texmf-dist/tex/generic/pgf/frontendlayer/tikz/libraries/tik
zlibrarybackgrounds.code.tex
File: tikzlibrarybackgrounds.code.tex 2013/07/18 v3.0.1a (rcs-revision 1.3)
\pgf@layerbox@background=\box43
\pgf@layerboxsaved@background=\box44
) (./extract.sty
(/usr/share/texlive/texmf-dist/tex/latex/environ/environ.sty
Package: environ 2014/05/04 v0.3 A new way to define environments

(/usr/share/texlive/texmf-dist/tex/latex/trimspaces/trimspaces.sty
Package: trimspaces 2009/09/17 v1.1 Trim spaces around a token list
))
(/usr/share/texlive/texmf-dist/tex/latex/etextools/etextools.sty
Package: etextools 2010/12/07 v3.1415926 e-TeX more useful tools for LaTeX pack
age writers

(/usr/share/texlive/texmf-dist/tex/latex/etex-pkg/etex.sty
Package: etex 2016/08/01 v2.7 eTeX basic definition package (PEB,DPC)
\et@xins=\count131
)
(/usr/share/texlive/texmf-dist/tex/latex/etoolbox/etoolbox.sty
Package: etoolbox 2018/02/11 v2.5e e-TeX tools for LaTeX (JAW)
\etb@tempcnta=\count132
)
(/usr/share/texlive/texmf-dist/tex/latex/oberdiek/letltxmacro.sty
Package: letltxmacro 2016/05/16 v1.5 Let assignment for LaTeX macros (HO)
)
\ettl@fter=\count133
\ettl@for@nested=\count277
)
(/usr/share/texmf/tex/latex/preview/preview.sty
Package: preview 2017/04/24 11.91 (AUCTeX/preview-latex)

(/usr/share/texmf/tex/latex/preview/prtightpage.def
\PreviewBorder=\dimen173
)
\pr@snippet=\count134
\pr@box=\box45
\pr@output=\toks46
)
\c@propcounter=\count135
\mybox=\box46
)
\c@definition=\count136
\c@claim=\count137
\c@step=\count138

(source_extraction/results/1606.03953.aux)
\openout1 = `1606.03953.aux'.

LaTeX Font Info:    Checking defaults for OML/cmm/m/it on input line 151.
LaTeX Font Info:    ... okay on input line 151.
LaTeX Font Info:    Checking defaults for T1/cmr/m/n on input line 151.
LaTeX Font Info:    ... okay on input line 151.
LaTeX Font Info:    Checking defaults for OT1/cmr/m/n on input line 151.
LaTeX Font Info:    ... okay on input line 151.
LaTeX Font Info:    Checking defaults for OMS/cmsy/m/n on input line 151.
LaTeX Font Info:    ... okay on input line 151.
LaTeX Font Info:    Checking defaults for OMX/cmex/m/n on input line 151.
LaTeX Font Info:    ... okay on input line 151.
LaTeX Font Info:    Checking defaults for U/cmr/m/n on input line 151.
LaTeX Font Info:    ... okay on input line 151.
LaTeX Font Info:    Try loading font information for U+msa on input line 151.

(/usr/share/texlive/texmf-dist/tex/latex/amsfonts/umsa.fd
File: umsa.fd 2013/01/14 v3.01 AMS symbols A
)
LaTeX Font Info:    Try loading font information for U+msb on input line 151.

(/usr/share/texlive/texmf-dist/tex/latex/amsfonts/umsb.fd
File: umsb.fd 2013/01/14 v3.01 AMS symbols B
)
LaTeX Font Info:    Try loading font information for U+rsfs on input line 151.

(/usr/share/texlive/texmf-dist/tex/latex/jknapltx/ursfs.fd
File: ursfs.fd 1998/03/24 rsfs font definition file (jk)
)
(/usr/share/texlive/texmf-dist/tex/context/base/mkii/supp-pdf.mkii
[Loading MPS to PDF converter (version 2006.09.02).]
\scratchcounter=\count139
\scratchdimen=\dimen174
\scratchbox=\box47
\nofMPsegments=\count140
\nofMParguments=\count141
\everyMPshowfont=\toks47
\MPscratchCnt=\count142
\MPscratchDim=\dimen175
\MPnumerator=\count143
\makeMPintoPDFobject=\count144
\everyMPtoPDFconversion=\toks48
) (/usr/share/texlive/texmf-dist/tex/latex/oberdiek/epstopdf-base.sty
Package: epstopdf-base 2016/05/15 v2.6 Base part for package epstopdf

(/usr/share/texlive/texmf-dist/tex/generic/oberdiek/infwarerr.sty
Package: infwarerr 2016/05/16 v1.4 Providing info/warning/error messages (HO)
)
(/usr/share/texlive/texmf-dist/tex/latex/oberdiek/grfext.sty
Package: grfext 2016/05/16 v1.2 Manage graphics extensions (HO)

(/usr/share/texlive/texmf-dist/tex/generic/oberdiek/kvdefinekeys.sty
Package: kvdefinekeys 2016/05/16 v1.4 Define keys (HO)

(/usr/share/texlive/texmf-dist/tex/generic/oberdiek/ltxcmds.sty
Package: ltxcmds 2016/05/16 v1.23 LaTeX kernel commands for general use (HO)
)))
(/usr/share/texlive/texmf-dist/tex/latex/oberdiek/kvoptions.sty
Package: kvoptions 2016/05/16 v3.12 Key value format for package options (HO)

(/usr/share/texlive/texmf-dist/tex/generic/oberdiek/kvsetkeys.sty
Package: kvsetkeys 2016/05/16 v1.17 Key value parser (HO)

(/usr/share/texlive/texmf-dist/tex/generic/oberdiek/etexcmds.sty
Package: etexcmds 2016/05/16 v1.6 Avoid name clashes with e-TeX commands (HO)

(/usr/share/texlive/texmf-dist/tex/generic/oberdiek/ifluatex.sty
Package: ifluatex 2016/05/16 v1.4 Provides the ifluatex switch (HO)
Package ifluatex Info: LuaTeX not detected.
)
Package etexcmds Info: Could not find \expanded.
(etexcmds)             That can mean that you are not using pdfTeX 1.50 or
(etexcmds)             that some package has redefined \expanded.
(etexcmds)             In the latter case, load this package earlier.
)))
(/usr/share/texlive/texmf-dist/tex/generic/oberdiek/pdftexcmds.sty
Package: pdftexcmds 2018/01/21 v0.26 Utility functions of pdfTeX for LuaTeX (HO
)
Package pdftexcmds Info: LuaTeX not detected.
Package pdftexcmds Info: \pdf@primitive is available.
Package pdftexcmds Info: \pdf@ifprimitive is available.
Package pdftexcmds Info: \pdfdraftmode found.
)
Package epstopdf-base Info: Redefining graphics rule for `.eps' on input line 4
38.
Package grfext Info: Graphics extension search list:
(grfext)             [.pdf,.png,.jpg,.mps,.jpeg,.jbig2,.jb2,.PDF,.PNG,.JPG,.JPE
G,.JBIG2,.JB2,.eps]
(grfext)             \AppendGraphicsExtensions on input line 456.

(/usr/share/texlive/texmf-dist/tex/latex/latexconfig/epstopdf-sys.cfg
File: epstopdf-sys.cfg 2010/07/13 v1.3 Configuration of (r)epstopdf for TeX Liv
e
))
*geometry* driver: auto-detecting
*geometry* detected driver: pdftex
*geometry* verbose mode - [ preamble ] result:
* driver: pdftex
* paper: a4paper
* layout: <same size as paper>
* layoutoffset:(h,v)=(0.0pt,0.0pt)
* modes: twoside 
* h-part:(L,W,R)=(71.13188pt, 455.24411pt, 71.13188pt)
* v-part:(T,H,B)=(71.13188pt, 702.78308pt, 71.13188pt)
* \paperwidth=597.50787pt
* \paperheight=845.04684pt
* \textwidth=455.24411pt
* \textheight=702.78308pt
* \oddsidemargin=-1.1381pt
* \evensidemargin=-1.1381pt
* \topmargin=-23.1381pt
* \headheight=8.0pt
* \headsep=14.0pt
* \topskip=10.0pt
* \footskip=12.0pt
* \marginparwidth=90.0pt
* \marginparsep=11.0pt
* \columnsep=10.0pt
* \skip\footins=7.0pt plus 11.0pt
* \hoffset=0.0pt
* \voffset=0.0pt
* \mag=1000
* \@twocolumnfalse
* \@twosidetrue
* \@mparswitchtrue
* \@reversemarginfalse
* (1in=72.27pt=25.4mm, 1cm=28.453pt)

ABD: EveryShipout initializing macros
Preview: Fontsize 10.95pt
Preview: PDFoutput 1
Preview: Tightpage -32891 -32891 32891 32891
[1
Non-PDF special ignored!{/var/lib/texmf/fonts/map/pdftex/updmap/pdftex.map}]
Overfull \hbox (12.0pt too wide) in paragraph at lines 190--190
[][] 
 []

[2]
Overfull \hbox (12.0pt too wide) in paragraph at lines 211--211
[][] 
 []


Overfull \vbox (249.97502pt too high) has occurred while \output is active []



LaTeX Warning: Reference `sec:final' on page 2 undefined on input line 215.

[3]
Overfull \hbox (12.0pt too wide) in paragraph at lines 232--232
[][] 
 []

[4]
Overfull \hbox (12.0pt too wide) in paragraph at lines 238--238
[][] 
 []

[5]
Overfull \hbox (12.0pt too wide) in paragraph at lines 257--257
[][] 
 []

[6]
Overfull \hbox (12.0pt too wide) in paragraph at lines 267--267
[][] 
 []

[7]
Overfull \hbox (12.0pt too wide) in paragraph at lines 294--294
[][] 
 []


Underfull \vbox (badness 10000) has occurred while \output is active []



LaTeX Warning: Reference `sec:9.2' on page 3 undefined on input line 304.

[8]
Overfull \hbox (12.0pt too wide) in paragraph at lines 314--314
[][] 
 []


LaTeX Warning: Reference `sec:9.1' on page 3 undefined on input line 339.


LaTeX Warning: Reference `sec: decomp to cycle' on page 4 undefined on input li
ne 355.


LaTeX Warning: Reference `sec: trees' on page 4 undefined on input line 356.


LaTeX Warning: Reference `step2' on page 4 undefined on input line 356.


LaTeX Warning: Reference `sec:iteration' on page 4 undefined on input line 356.



LaTeX Warning: Reference `sec:cleaning' on page 4 undefined on input line 365.


LaTeX Warning: Reference `sec:orientation' on page 4 undefined on input line 39
2.


LaTeX Warning: Reference `sec: preliminaries' on page 5 undefined on input line
 426.


LaTeX Warning: Reference `sec: approx cycle decomp' on page 5 undefined on inpu
t line 431.


LaTeX Warning: Reference `sec: decomp to cycle' on page 5 undefined on input li
ne 433.


LaTeX Warning: Reference `sec: trees' on page 5 undefined on input line 435.


LaTeX Warning: Reference `sec:cleaning' on page 5 undefined on input line 437.


LaTeX Warning: Reference `sec:iteration' on page 5 undefined on input line 439.



LaTeX Warning: Reference `sec: preliminaries' on page 5 undefined on input line
 440.


LaTeX Warning: Reference `sec:cleaning' on page 5 undefined on input line 440.


LaTeX Warning: Reference `sec:orientation' on page 5 undefined on input line 44
3.


LaTeX Warning: Reference `sec:final' on page 5 undefined on input line 445.

[9]
Overfull \hbox (12.0pt too wide) in paragraph at lines 567--567
[][] 
 []

[10]
Overfull \hbox (12.0pt too wide) in paragraph at lines 582--582
[][] 
 []

[11]
Overfull \hbox (12.0pt too wide) in paragraph at lines 599--599
[][] 
 []

[12]
Overfull \hbox (12.0pt too wide) in paragraph at lines 612--612
[][] 
 []

[13]
Overfull \hbox (12.0pt too wide) in paragraph at lines 619--619
[][] 
 []

[14]
Overfull \hbox (12.0pt too wide) in paragraph at lines 625--625
[][] 
 []

[15]
Overfull \hbox (12.0pt too wide) in paragraph at lines 636--636
[][] 
 []

[16]
Overfull \hbox (12.0pt too wide) in paragraph at lines 659--659
[][] 
 []

[17]
Overfull \hbox (222.7922pt too wide) in paragraph at lines 674--680
\OT1/cmr/m/n/10.95 graphs which fol-low eas-ily from the def-i-ni-tions. [] 
 []

[18]
Overfull \hbox (12.0pt too wide) in paragraph at lines 691--691
[][] 
 []

[19]
Overfull \hbox (12.0pt too wide) in paragraph at lines 706--706
[][] 
 []


LaTeX Warning: Reference `sec: decomp to cycle' on page 7 undefined on input li
ne 720.

[20]
Overfull \hbox (12.0pt too wide) in paragraph at lines 745--745
[][] 
 []


LaTeX Warning: Reference `eq: e ij 1' on page 8 undefined on input line 810.


LaTeX Warning: Reference `eq: e ij 2' on page 8 undefined on input line 810.


Overfull \hbox (12.76224pt too wide) in paragraph at lines 810--810
[]\OT1/cmr/m/n/10.95 To prove (VII), let $\OML/cmm/m/it/10.95 W; W[] \OMS/cmsy/
m/n/10.95 ^^R \OML/cmm/m/it/10.95 V\OT1/cmr/m/n/10.95 (\OML/cmm/m/it/10.95 R[]\
OT1/cmr/m/n/10.95 )$ with $\OMS/cmsy/m/n/10.95 j\OML/cmm/m/it/10.95 W\OMS/cmsy/
m/n/10.95 j\OML/cmm/m/it/10.95 ; \OMS/cmsy/m/n/10.95 j\OML/cmm/m/it/10.95 W[]\O
MS/cmsy/m/n/10.95 j ^^U \OT1/cmr/m/n/10.95 2\OML/cmm/m/it/10.95 ^^L\OMS/cmsy/m/
n/10.95 j\OML/cmm/m/it/10.95 R[]\OMS/cmsy/m/n/10.95 j \OT1/cmr/m/n/10.95 = 2\OM
L/cmm/m/it/10.95 ^^Lk$\OT1/cmr/m/n/10.95 . Thus $\OMS/cmsy/m/n/10.95 j [][] \OM
L/cmm/m/it/10.95 V[]\OMS/cmsy/m/n/10.95 j\OML/cmm/m/it/10.95 ; \OMS/cmsy/m/n/10
.95 j [][] \OML/cmm/m/it/10.95 V[]\OMS/cmsy/m/n/10.95 j ^^U
 []


LaTeX Warning: Reference `eq: e G 1' on page 9 undefined on input line 810.


LaTeX Warning: Reference `eq: e G 2' on page 9 undefined on input line 810.


LaTeX Warning: Reference `sec:2.5' on page 9 undefined on input line 812.


LaTeX Warning: Reference `sec:final' on page 9 undefined on input line 812.

[21]
Overfull \hbox (12.0pt too wide) in paragraph at lines 821--821
[][] 
 []

[22]
Overfull \hbox (12.0pt too wide) in paragraph at lines 847--847
[][] 
 []

[23]
Overfull \hbox (12.0pt too wide) in paragraph at lines 863--863
[][] 
 []


LaTeX Warning: Reference `sec: decomp to cycle' on page 9 undefined on input li
ne 888.

[24]
Overfull \hbox (12.0pt too wide) in paragraph at lines 902--902
[][] 
 []

[25]
Overfull \hbox (12.0pt too wide) in paragraph at lines 942--942
[][] 
 []

[26]
Overfull \hbox (12.0pt too wide) in paragraph at lines 961--961
[][] 
 []


Overfull \hbox (4.87585pt too wide) in paragraph at lines 975--975
[]\OT1/cmr/m/n/10.95 Let $\OML/cmm/m/it/10.95 X[]; [] ; X[]$ \OT1/cmr/m/n/10.95
 be dis-joint sub-sets of $\OML/cmm/m/it/10.95 X$ \OT1/cmr/m/n/10.95 such that 
$\OMS/cmsy/m/n/10.95 j\OML/cmm/m/it/10.95 X[]\OMS/cmsy/m/n/10.95 j ^^T d\OT1/cm
r/m/n/10.95 2\OML/cmm/m/it/10.95 n=m\OMS/cmsy/m/n/10.95 e$ \OT1/cmr/m/n/10.95 a
nd $\OML/cmm/m/it/10.95 w\OT1/cmr/m/n/10.95 (\OML/cmm/m/it/10.95 X[]\OT1/cmr/m/
n/10.95 ) \OMS/cmsy/m/n/10.95 ^^T \OT1/cmr/m/n/10.95 2\OML/cmm/m/it/10.95 w\OT1
/cmr/m/n/10.95 (\OML/cmm/m/it/10.95 X\OT1/cmr/m/n/10.95 )\OML/cmm/m/it/10.95 =m
 \OT1/cmr/m/n/10.95 +
 []

[27]
Overfull \hbox (12.0pt too wide) in paragraph at lines 994--994
[][] 
 []


Overfull \hbox (7.36722pt too wide) in paragraph at lines 1014--1014
\OML/cmm/m/it/10.95 N[]\OT1/cmr/m/n/10.95 (\OML/cmm/m/it/10.95 ^^^\OT1/cmr/m/n/
10.95 (\OML/cmm/m/it/10.95 v[]\OT1/cmr/m/n/10.95 )\OML/cmm/m/it/10.95 ; ^^^\OT1
/cmr/m/n/10.95 (\OML/cmm/m/it/10.95 u\OT1/cmr/m/n/10.95 )) \OMS/cmsy/m/n/10.95 
n \OML/cmm/m/it/10.95 ^^^\OT1/cmr/m/n/10.95 (\OMS/cmsy/m/n/10.95 f\OML/cmm/m/it
/10.95 v[]; [] ; v[]\OMS/cmsy/m/n/10.95 g [ \OML/cmm/m/it/10.95 I\OT1/cmr/m/n/1
0.95 )$. Such a choice is al-ways pos-si-ble, be-cause $[]\OMS/cmsy/m/n/10.95 f
j\OML/cmm/m/it/10.95 N\OMS/cmsy/m/n/10.95 j\OML/cmm/m/it/10.95 ; \OMS/cmsy/m/n/
10.95 j\OML/cmm/m/it/10.95 N[]\OMS/cmsy/m/n/10.95 jg ^^U
 []

[28]
Overfull \hbox (12.0pt too wide) in paragraph at lines 1024--1024
[][] 
 []

[29]
Overfull \hbox (52.00241pt too wide) in paragraph at lines 1045--1057
\OT1/cmr/m/n/10.95 same tree. [] 
 []


LaTeX Warning: Reference `sec: decomp to cycle' on page 12 undefined on input l
ine 1084.

[30]
Overfull \hbox (12.0pt too wide) in paragraph at lines 1098--1098
[][] 
 []

[31]
Overfull \hbox (232.22139pt too wide) in paragraph at lines 1099--1104
\OT1/cmr/m/n/10.95 It is de-rived in [[]] from a di-graph ver-sion in [[]]. [] 

 []

[32]
Overfull \hbox (12.0pt too wide) in paragraph at lines 1115--1115
[][] 
 []

[33]
Overfull \hbox (12.0pt too wide) in paragraph at lines 1139--1139
[][] 
 []

[34]
Overfull \hbox (12.0pt too wide) in paragraph at lines 1159--1159
[][] 
 []


LaTeX Warning: Reference `item:euler1' on page 13 undefined on input line 1249.



LaTeX Warning: Reference `item:euler4' on page 13 undefined on input line 1249.



LaTeX Warning: Reference `item:euler3' on page 13 undefined on input line 1249.



LaTeX Warning: Reference `item:euler2' on page 13 undefined on input line 1249.



LaTeX Warning: Reference `eq: Gj deg' on page 14 undefined on input line 1249.


LaTeX Warning: Reference `eq: Gj expand' on page 14 undefined on input line 124
9.


LaTeX Warning: Reference `eq: Gj expand' on page 14 undefined on input line 124
9.


LaTeX Warning: Reference `sec: trees' on page 14 undefined on input line 1267.


LaTeX Warning: Reference `sec:iteration' on page 14 undefined on input line 126
7.

[35]
Overfull \hbox (12.0pt too wide) in paragraph at lines 1287--1287
[][] 
 []


LaTeX Warning: Reference `eq: RR deg diff' on page 16 undefined on input line 1
515.


LaTeX Warning: Reference `eq: RR deg diff' on page 16 undefined on input line 1
515.


LaTeX Warning: Reference `eq: cD size' on page 16 undefined on input line 1515.



LaTeX Warning: Reference `eq: cD size' on page 16 undefined on input line 1515.



LaTeX Warning: Reference `eq: cD size' on page 17 undefined on input line 1515.



LaTeX Warning: Reference `eq: cD size' on page 17 undefined on input line 1515.



LaTeX Warning: Reference `eq: not disregard too many' on page 17 undefined on i
nput line 1515.


LaTeX Warning: Reference `eq:deg phis' on page 17 undefined on input line 1515.



LaTeX Warning: Reference `eq:degDS' on page 17 undefined on input line 1515.


LaTeX Warning: Reference `eq: cD size' on page 17 undefined on input line 1515.



LaTeX Warning: Reference `eq: cC_S deg' on page 17 undefined on input line 1515
.


LaTeX Warning: Reference `eq: E' deg' on page 17 undefined on input line 1515.


LaTeX Warning: Reference `eq: cC_S deg' on page 18 undefined on input line 1515
.


LaTeX Warning: Reference `eq:deg outside' on page 18 undefined on input line 15
15.

[36]
Overfull \hbox (12.0pt too wide) in paragraph at lines 1543--1543
[][] 
 []

[37]
Overfull \hbox (295.99065pt too wide) in paragraph at lines 1550--1559
[]\OT1/cmr/m/n/10.95 The next propo-si-tion fol-lows eas-ily from a greedy ar-g
u-ment. [] 
 []

[38]
Overfull \hbox (12.0pt too wide) in paragraph at lines 1572--1572
[][] 
 []

[39]
Overfull \hbox (359.36772pt too wide) in paragraph at lines 1573--1598
[]\OT1/cmr/m/n/10.95 Note that the def-i-ni-tion of $\OML/cmm/m/it/10.95 T\OT1/
cmr/m/n/10.95 (\OML/cmm/m/it/10.95 y\OT1/cmr/m/n/10.95 )$ im-plies that $\OML/c
mm/m/it/10.95 T \OMS/cmsy/m/n/10.95 ^^@ \OML/cmm/m/it/10.95 V\OT1/cmr/m/n/10.95
 (\OML/cmm/m/it/10.95 T\OT1/cmr/m/n/10.95 (\OML/cmm/m/it/10.95 y\OT1/cmr/m/n/10
.95 ))$ is al-ways a tree.  [] 
 []

[40]
Overfull \hbox (12.0pt too wide) in paragraph at lines 1638--1638
[][] 
 []


LaTeX Warning: Reference `sec: preliminaries' on page 20 undefined on input lin
e 1653.

[41]
Overfull \hbox (12.0pt too wide) in paragraph at lines 1661--1661
[][] 
 []


LaTeX Warning: Reference `eq: sum S'' on page 21 undefined on input line 1734.


LaTeX Warning: Reference `eq: sum S'' on page 21 undefined on input line 1734.


LaTeX Warning: Reference `eq: sum S'' on page 21 undefined on input line 1734.


LaTeX Warning: Reference `eq: X Si inequality' on page 21 undefined on input li
ne 1734.

[42]
Overfull \hbox (12.0pt too wide) in paragraph at lines 1753--1753
[][] 
 []

[43]
Overfull \hbox (169.71504pt too wide) in paragraph at lines 1754--1766
\OT1/cmr/m/n/10.95 em-bed-ded into a given ``tar-get set''. [] 
 []

[44]
Overfull \hbox (12.0pt too wide) in paragraph at lines 1790--1790
[][] 
 []


Underfull \vbox (badness 1496) has occurred while \output is active []



LaTeX Warning: Reference `eq: size cFi' on page 23 undefined on input line 1870
.


LaTeX Warning: Reference `eq: size cFi' on page 23 undefined on input line 1870
.


LaTeX Warning: Reference `eq: size cFi' on page 23 undefined on input line 1870
.


LaTeX Warning: Reference `eq: t play s' on page 23 undefined on input line 1870
.


LaTeX Warning: Reference `real edges in Hi' on page 24 undefined on input line 
1870.


LaTeX Warning: Reference `eq: t def size' on page 24 undefined on input line 18
70.


LaTeX Warning: Reference `sec:iteration' on page 24 undefined on input line 187
8.

[45]
Overfull \hbox (12.0pt too wide) in paragraph at lines 1908--1908
[][] 
 []


LaTeX Warning: Reference `eq: pr en' on page 25 undefined on input line 2029.


LaTeX Warning: Reference `Gi codeg' on page 25 undefined on input line 2029.


LaTeX Warning: Reference `eq:deg G_i' on page 25 undefined on input line 2029.


LaTeX Warning: Reference `eq: pr en' on page 26 undefined on input line 2029.


LaTeX Warning: Reference `eq: degree decrease by 2' on page 26 undefined on inp
ut line 2029.

[46]
Overfull \hbox (12.0pt too wide) in paragraph at lines 2057--2057
[][] 
 []


LaTeX Warning: Reference `eq:match' on page 27 undefined on input line 2150.


LaTeX Warning: Reference `eq: Mi size weight' on page 27 undefined on input lin
e 2150.


LaTeX Warning: Reference `eq:match' on page 27 undefined on input line 2150.


LaTeX Warning: Reference `eq:match' on page 27 undefined on input line 2150.


LaTeX Warning: Reference `eq: Mi size weight' on page 27 undefined on input lin
e 2150.


LaTeX Warning: Reference `5.2 Gi deg' on page 27 undefined on input line 2150.


LaTeX Warning: Reference `eq: Mi size weight' on page 27 undefined on input lin
e 2150.

[47]
Overfull \hbox (12.0pt too wide) in paragraph at lines 2175--2175
[][] 
 []

[48]
Overfull \hbox (12.0pt too wide) in paragraph at lines 2251--2251
[][] 
 []


LaTeX Warning: Reference `sec2.4' on page 29 undefined on input line 2409.


LaTeX Warning: Reference `eq:Giquasirandom' on page 30 undefined on input line 
2409.


LaTeX Warning: Reference `eq:seagulls' on page 30 undefined on input line 2409.



LaTeX Warning: Reference `eq:Giquasirandom' on page 30 undefined on input line 
2409.


LaTeX Warning: Reference `eq:seagulls' on page 30 undefined on input line 2409.



LaTeX Warning: Reference `eq:Giquasirandom' on page 30 undefined on input line 
2409.


LaTeX Warning: Reference `sec:final' on page 31 undefined on input line 2424.

[49]
Overfull \hbox (12.0pt too wide) in paragraph at lines 2448--2448
[][] 
 []


LaTeX Warning: Reference `step1' on page 31 undefined on input line 2451.


LaTeX Warning: Reference `step2' on page 31 undefined on input line 2458.


LaTeX Warning: Reference `step1' on page 31 undefined on input line 2459.


LaTeX Warning: Reference `step3' on page 32 undefined on input line 2470.


LaTeX Warning: Reference `step4' on page 32 undefined on input line 2476.


LaTeX Warning: Reference `step5' on page 32 undefined on input line 2477.


LaTeX Warning: Reference `step6' on page 32 undefined on input line 2479.


LaTeX Warning: Reference `step7' on page 32 undefined on input line 2480.


LaTeX Warning: Reference `sec: trees' on page 32 undefined on input line 3758.


LaTeX Warning: Reference `sec:cleaning' on page 32 undefined on input line 3758
.


LaTeX Warning: Reference `item:U1' on page 32 undefined on input line 3758.


LaTeX Warning: Reference `item:U2' on page 32 undefined on input line 3758.


LaTeX Warning: Reference `item:U1' on page 32 undefined on input line 3758.


LaTeX Warning: Reference `item:U2' on page 32 undefined on input line 3758.


Underfull \hbox (badness 10000) in paragraph at lines 3758--3758

 []


LaTeX Warning: Reference `item:F1' on page 33 undefined on input line 3758.


LaTeX Warning: Reference `item:F2' on page 33 undefined on input line 3758.


LaTeX Warning: Reference `item:F1' on page 33 undefined on input line 3758.


LaTeX Warning: Reference `step4' on page 33 undefined on input line 3758.


LaTeX Warning: Reference `step5' on page 33 undefined on input line 3758.


LaTeX Warning: Reference `step6' on page 33 undefined on input line 3758.


LaTeX Warning: Reference `step7' on page 33 undefined on input line 3758.


LaTeX Warning: Reference `step4' on page 33 undefined on input line 3758.


LaTeX Warning: Reference `step7' on page 33 undefined on input line 3758.


LaTeX Warning: Reference `step2' on page 33 undefined on input line 3758.


LaTeX Warning: Reference `item:F2' on page 33 undefined on input line 3758.


LaTeX Warning: Reference `item:F2' on page 33 undefined on input line 3758.


LaTeX Warning: Reference `eq:sizeFgamma' on page 34 undefined on input line 375
8.


LaTeX Warning: Reference `step2' on page 34 undefined on input line 3758.


LaTeX Warning: Reference `eq: cF sizes' on page 34 undefined on input line 3758
.


LaTeX Warning: Reference `eq: cF sizes' on page 34 undefined on input line 3758
.


LaTeX Warning: Reference `eq:sizeTgamma' on page 35 undefined on input line 375
8.


LaTeX Warning: Reference `eq:sizeTFc' on page 35 undefined on input line 3758.


LaTeX Warning: Reference `eq: size of sF eta' on page 35 undefined on input lin
e 3758.


LaTeX Warning: Reference `eq:forestssizes' on page 35 undefined on input line 3
758.


LaTeX Warning: Reference `item:R'2' on page 35 undefined on input line 3758.


LaTeX Warning: Reference `eq: gamma_* def' on page 35 undefined on input line 3
758.


LaTeX Warning: Reference `eq: gamma_* def' on page 35 undefined on input line 3
758.


LaTeX Warning: Reference `item:R'1' on page 35 undefined on input line 3758.


LaTeX Warning: Reference `item:R'2a' on page 35 undefined on input line 3758.


LaTeX Warning: Reference `eq:tildeFsize' on page 35 undefined on input line 375
8.


LaTeX Warning: Reference `eq: number of edges in cCij' on page 35 undefined on 
input line 3758.


LaTeX Warning: Reference `eq:forestssizes' on page 35 undefined on input line 3
758.


LaTeX Warning: Reference `eq: number of edges in cCij' on page 35 undefined on 
input line 3758.


LaTeX Warning: Reference `eq: cFij cCij size' on page 35 undefined on input lin
e 3758.


LaTeX Warning: Reference `eq: cF' size' on page 35 undefined on input line 3758
.


LaTeX Warning: Reference `item:U2' on page 36 undefined on input line 3758.


LaTeX Warning: Reference `item:R'1' on page 36 undefined on input line 3758.


LaTeX Warning: Reference `eq:m' on page 36 undefined on input line 3758.


LaTeX Warning: Reference `eq:1' on page 36 undefined on input line 3758.


LaTeX Warning: Reference `eq:m' on page 36 undefined on input line 3758.


LaTeX Warning: Reference `eq:1' on page 36 undefined on input line 3758.


Underfull \hbox (badness 10000) in paragraph at lines 3758--3758

 []


LaTeX Warning: Reference `item:alpha3' on page 36 undefined on input line 3758.



LaTeX Warning: Reference `eq: H1-H'1 sparse' on page 36 undefined on input line
 3758.


LaTeX Warning: Reference `eq: H1-H'1 sparse' on page 36 undefined on input line
 3758.


LaTeX Warning: Reference `item:alpha1' on page 36 undefined on input line 3758.



LaTeX Warning: Reference `item:R'1' on page 36 undefined on input line 3758.


LaTeX Warning: Reference `eq: H1-H'1 sparse' on page 36 undefined on input line
 3758.


LaTeX Warning: Reference `eq: H1-H'1 sparse' on page 36 undefined on input line
 3758.


LaTeX Warning: Reference `eq: cF' size' on page 37 undefined on input line 3758
.


LaTeX Warning: Reference `item:R'1' on page 37 undefined on input line 3758.


LaTeX Warning: Reference `item:R'1' on page 37 undefined on input line 3758.


LaTeX Warning: Reference `eq:forestssizes' on page 37 undefined on input line 3
758.


Underfull \hbox (badness 10000) in paragraph at lines 3758--3758

 []


LaTeX Warning: Reference `item:R'1' on page 37 undefined on input line 3758.


LaTeX Warning: Reference `eq: phi'' size' on page 37 undefined on input line 37
58.


LaTeX Warning: Reference `eq: A1 precondition' on page 37 undefined on input li
ne 3758.


LaTeX Warning: Reference `eq:forestssizes' on page 37 undefined on input line 3
758.


LaTeX Warning: Reference `eq: cFij cCij size' on page 37 undefined on input lin
e 3758.


LaTeX Warning: Reference `eq: U' size' on page 37 undefined on input line 3758.



LaTeX Warning: Reference `eq: phi'' size' on page 37 undefined on input line 37
58.


LaTeX Warning: Reference `eq: phi'' size' on page 37 undefined on input line 37
58.


LaTeX Warning: Reference `item:P1' on page 38 undefined on input line 3758.


LaTeX Warning: Reference `item:P4' on page 38 undefined on input line 3758.


LaTeX Warning: Reference `item:B'1' on page 38 undefined on input line 3758.


LaTeX Warning: Reference `item:B'2' on page 38 undefined on input line 3758.


LaTeX Warning: Reference `item:P1' on page 38 undefined on input line 3758.


LaTeX Warning: Reference `item:P2' on page 38 undefined on input line 3758.


LaTeX Warning: Reference `item:B'3' on page 38 undefined on input line 3758.


LaTeX Warning: Reference `item:P2' on page 38 undefined on input line 3758.


LaTeX Warning: Reference `eq: F'ij size' on page 38 undefined on input line 375
8.


LaTeX Warning: Reference `item:P3' on page 38 undefined on input line 3758.


LaTeX Warning: Reference `item:P4' on page 38 undefined on input line 3758.


LaTeX Warning: Reference `item:P2' on page 38 undefined on input line 3758.


LaTeX Warning: Reference `item:P4' on page 38 undefined on input line 3758.


LaTeX Warning: Reference `item:P1' on page 38 undefined on input line 3758.


LaTeX Warning: Reference `item:R'3' on page 38 undefined on input line 3758.


LaTeX Warning: Reference `eq:sizecC' on page 38 undefined on input line 3758.


LaTeX Warning: Reference `eq:sizecC' on page 38 undefined on input line 3758.


LaTeX Warning: Reference `item:P2' on page 38 undefined on input line 3758.


LaTeX Warning: Reference `eq: phi'' size' on page 38 undefined on input line 37
58.


LaTeX Warning: Reference `item:P3' on page 38 undefined on input line 3758.


LaTeX Warning: Reference `step3' on page 38 undefined on input line 3758.


LaTeX Warning: Reference `step2' on page 38 undefined on input line 3758.


LaTeX Warning: Reference `eq:RIi' on page 38 undefined on input line 3758.


LaTeX Warning: Reference `item:P2' on page 38 undefined on input line 3758.


LaTeX Warning: Reference `eq:RIi' on page 38 undefined on input line 3758.


LaTeX Warning: Reference `eq: phi'' size' on page 39 undefined on input line 37
58.


LaTeX Warning: Reference `eq: size of sF eta' on page 39 undefined on input lin
e 3758.


LaTeX Warning: Reference `eq:WF1' on page 39 undefined on input line 3758.


LaTeX Warning: Reference `item:U2' on page 39 undefined on input line 3758.


LaTeX Warning: Reference `eq: E0 deg' on page 39 undefined on input line 3758.


LaTeX Warning: Reference `eq:sizeEj' on page 39 undefined on input line 3758.


LaTeX Warning: Reference `item:P3' on page 39 undefined on input line 3758.


LaTeX Warning: Reference `eq: V0 size' on page 39 undefined on input line 3758.



LaTeX Warning: Reference `eq: WF size' on page 39 undefined on input line 3758.



LaTeX Warning: Reference `eq:dG1U' on page 39 undefined on input line 3758.


LaTeX Warning: Reference `eq: size of sF eta' on page 39 undefined on input lin
e 3758.


LaTeX Warning: Reference `eq: V0 size' on page 39 undefined on input line 3758.



LaTeX Warning: Reference `eq: WF size' on page 39 undefined on input line 3758.



LaTeX Warning: Reference `eq:dG1U' on page 39 undefined on input line 3758.


LaTeX Warning: Reference `eq: size of sF eta' on page 39 undefined on input lin
e 3758.


Underfull \hbox (badness 10000) in paragraph at lines 3758--3758

 []


LaTeX Warning: Reference `eq:settingedges' on page 40 undefined on input line 3
758.


LaTeX Warning: Reference `item:beta4' on page 40 undefined on input line 3758.


LaTeX Warning: Reference `eq:sizeEj' on page 40 undefined on input line 3758.


LaTeX Warning: Reference `item:gamma0' on page 40 undefined on input line 3758.



LaTeX Warning: Reference `item:beta2' on page 40 undefined on input line 3758.


LaTeX Warning: Reference `item:beta3' on page 40 undefined on input line 3758.


LaTeX Warning: Reference `eq:tauWF' on page 40 undefined on input line 3758.


LaTeX Warning: Reference `item:gamma1' on page 40 undefined on input line 3758.



LaTeX Warning: Reference `item:beta4' on page 40 undefined on input line 3758.


LaTeX Warning: Reference `item:gamma2' on page 40 undefined on input line 3758.



LaTeX Warning: Reference `item:gamma3' on page 40 undefined on input line 3758.



LaTeX Warning: Reference `item:beta3' on page 40 undefined on input line 3758.


LaTeX Warning: Reference `item:gamma4' on page 40 undefined on input line 3758.



LaTeX Warning: Reference `item:beta1' on page 40 undefined on input line 3758.


LaTeX Warning: Reference `eq:sizeEj' on page 40 undefined on input line 3758.


LaTeX Warning: Reference `eq: def G1 H1' on page 40 undefined on input line 375
8.


LaTeX Warning: Reference `eq: H1 quasi-random' on page 40 undefined on input li
ne 3758.


LaTeX Warning: Reference `eq: E0 deg' on page 40 undefined on input line 3758.


LaTeX Warning: Reference `eq: Delta E1' on page 40 undefined on input line 3758
.


LaTeX Warning: Reference `eq: G^1 deg' on page 40 undefined on input line 3758.



LaTeX Warning: Reference `step2' on page 40 undefined on input line 3758.


LaTeX Warning: Reference `item:U2' on page 40 undefined on input line 3758.


LaTeX Warning: Reference `step3' on page 40 undefined on input line 3758.


LaTeX Warning: Reference `item:U1' on page 40 undefined on input line 3758.


LaTeX Warning: Reference `eq: WF size' on page 40 undefined on input line 3758.



LaTeX Warning: Reference `eq: V0 size' on page 40 undefined on input line 3758.



LaTeX Warning: Reference `eq: cFi eta size' on page 41 undefined on input line 
3758.


LaTeX Warning: Reference `eq: not too many q' on page 41 undefined on input lin
e 3758.


LaTeX Warning: Reference `step1' on page 41 undefined on input line 3758.


Underfull \hbox (badness 10000) in paragraph at lines 3758--3758

 []


LaTeX Warning: Reference `eq: G(i) codegree' on page 41 undefined on input line
 3758.


LaTeX Warning: Reference `eq:forestssizes' on page 41 undefined on input line 3
758.


LaTeX Warning: Reference `eq:5indset' on page 41 undefined on input line 3758.


LaTeX Warning: Reference `item:gamma1' on page 41 undefined on input line 3758.



LaTeX Warning: Reference `item:gamma2' on page 41 undefined on input line 3758.



LaTeX Warning: Reference `eq: not too many q' on page 41 undefined on input lin
e 3758.


LaTeX Warning: Reference `eq: WF size' on page 41 undefined on input line 3758.



LaTeX Warning: Reference `eq: not too many W_F' on page 41 undefined on input l
ine 3758.


LaTeX Warning: Reference `eq: cFi eta size' on page 41 undefined on input line 
3758.


LaTeX Warning: Reference `eq:tauWF' on page 41 undefined on input line 3758.


LaTeX Warning: Reference `item:Q11i' on page 41 undefined on input line 3758.


LaTeX Warning: Reference `item:gamma4' on page 41 undefined on input line 3758.



LaTeX Warning: Reference `eq:G2' on page 41 undefined on input line 3758.


LaTeX Warning: Reference `item:Q12i' on page 41 undefined on input line 3758.


LaTeX Warning: Reference `item:Q13i' on page 41 undefined on input line 3758.


LaTeX Warning: Reference `eq: V0 size' on page 41 undefined on input line 3758.



LaTeX Warning: Reference `eq: V0 size' on page 41 undefined on input line 3758.



LaTeX Warning: Reference `eq: not too many q' on page 41 undefined on input lin
e 3758.


LaTeX Warning: Reference `eq:defAB' on page 42 undefined on input line 3758.


LaTeX Warning: Reference `eq:G3' on page 42 undefined on input line 3758.


LaTeX Warning: Reference `eq: cF sizes' on page 42 undefined on input line 3758
.


LaTeX Warning: Reference `eq: H12 quasi-random' on page 42 undefined on input l
ine 3758.


LaTeX Warning: Reference `eq:G2' on page 42 undefined on input line 3758.


LaTeX Warning: Reference `eq:G3' on page 42 undefined on input line 3758.


LaTeX Warning: Reference `eq: cF sizes' on page 42 undefined on input line 3758
.


LaTeX Warning: Reference `eq: Delta E1' on page 42 undefined on input line 3758
.


LaTeX Warning: Reference `item:U2' on page 42 undefined on input line 3758.


LaTeX Warning: Reference `eq: G^1 deg' on page 42 undefined on input line 3758.



LaTeX Warning: Reference `item:U2' on page 42 undefined on input line 3758.


LaTeX Warning: Reference `eq: G3 V0 density' on page 42 undefined on input line
 3758.


Underfull \hbox (badness 10000) in paragraph at lines 3758--3758

 []


LaTeX Warning: Reference `eq: G*3,i quasi-random' on page 42 undefined on input
 line 3758.


LaTeX Warning: Reference `eq: G*3i max deg' on page 42 undefined on input line 
3758.


LaTeX Warning: Reference `eq: min deg G3' on page 42 undefined on input line 37
58.


LaTeX Warning: Reference `eq: cF sizes' on page 42 undefined on input line 3758
.


LaTeX Warning: Reference `eq:forestssizes' on page 42 undefined on input line 3
758.


LaTeX Warning: Reference `eq: WF size' on page 42 undefined on input line 3758.



LaTeX Warning: Reference `item:gamma3' on page 42 undefined on input line 3758.



LaTeX Warning: Reference `eq: not too many W_F' on page 42 undefined on input l
ine 3758.


LaTeX Warning: Reference `item:Q21i' on page 42 undefined on input line 3758.


LaTeX Warning: Reference `item:Q23i' on page 42 undefined on input line 3758.


LaTeX Warning: Reference `item:Q23i' on page 43 undefined on input line 3758.


LaTeX Warning: Reference `eq:WF1' on page 43 undefined on input line 3758.


LaTeX Warning: Reference `item:gamma4' on page 43 undefined on input line 3758.



LaTeX Warning: Reference `eq:G3' on page 43 undefined on input line 3758.


LaTeX Warning: Reference `eq: cF sizes' on page 43 undefined on input line 3758
.


LaTeX Warning: Reference `eq: cF sizes' on page 43 undefined on input line 3758
.


LaTeX Warning: Reference `eq: G*3,i quasi-random' on page 43 undefined on input
 line 3758.


LaTeX Warning: Reference `eq: Delta E3' on page 43 undefined on input line 3758
.


LaTeX Warning: Reference `eq: G^1 deg' on page 43 undefined on input line 3758.



LaTeX Warning: Reference `eq: G3 V0 density' on page 43 undefined on input line
 3758.


LaTeX Warning: Reference `eq: H12 quasi-random' on page 43 undefined on input l
ine 3758.


LaTeX Warning: Reference `eq: Delta E3' on page 43 undefined on input line 3758
.


LaTeX Warning: Reference `eq: delta 2 cleared' on page 43 undefined on input li
ne 3758.


LaTeX Warning: Reference `eq:G*4' on page 43 undefined on input line 3758.


LaTeX Warning: Reference `step4' on page 43 undefined on input line 3758.


LaTeX Warning: Reference `eq: size of sF eta' on page 43 undefined on input lin
e 3758.


LaTeX Warning: Reference `step4' on page 43 undefined on input line 3758.


LaTeX Warning: Reference `eq: cFi eta size' on page 43 undefined on input line 
3758.


LaTeX Warning: Reference `eq:forestssizes' on page 43 undefined on input line 3
758.


LaTeX Warning: Reference `eq: WF size' on page 43 undefined on input line 3758.



LaTeX Warning: Reference `eq: G*4 quasirandom2' on page 43 undefined on input l
ine 3758.


LaTeX Warning: Reference `eq: not too many z' on page 44 undefined on input lin
e 3758.


LaTeX Warning: Reference `eq: auxiliary graph codegree' on page 44 undefined on
 input line 3758.


LaTeX Warning: Reference `eq: not too many z' on page 44 undefined on input lin
e 3758.


Overfull \hbox (31.83446pt too wide) in paragraph at lines 3758--3758
\OT1/cmr/m/n/10.95 Thus we have al-ready de-fined $\OML/cmm/m/it/10.95 ^^\[]\OT
1/cmr/m/n/10.95 (\OML/cmm/m/it/10.95 `[]\OT1/cmr/m/n/10.95 )$ for all $(\OML/cm
m/m/it/10.95 F; c\OT1/cmr/m/n/10.95 ) \OMS/cmsy/m/n/10.95 2 F[]$ \OT1/cmr/m/n/1
0.95 and $\OML/cmm/m/it/10.95 i \OMS/cmsy/m/n/10.95 2 \OT1/cmr/m/n/10.95 [\OML/
cmm/m/it/10.95 D\OT1/cmr/m/n/10.95 ]$. Let $\OMS/cmsy/m/n/10.95 f\OT1/cmr/m/n/1
0.95 (\OML/cmm/m/it/10.95 F[]; c[]\OT1/cmr/m/n/10.95 )\OML/cmm/m/it/10.95 ; [] 
; \OT1/cmr/m/n/10.95 (\OML/cmm/m/it/10.95 F[]; c[]\OT1/cmr/m/n/10.95 )\OMS/cmsy
/m/n/10.95 g \OT1/cmr/m/n/10.95 :=
 []


LaTeX Warning: Reference `eq: cF sizes' on page 44 undefined on input line 3758
.


LaTeX Warning: Reference `eq: cF sizes' on page 44 undefined on input line 3758
.


LaTeX Warning: Reference `eq:forestssizes' on page 44 undefined on input line 3
758.


LaTeX Warning: Reference `eq: WF size' on page 44 undefined on input line 3758.



LaTeX Warning: Reference `eq: G*4 quasirandom1' on page 44 undefined on input l
ine 3758.


LaTeX Warning: Reference `eq:sizesFmatch' on page 44 undefined on input line 37
58.


Underfull \hbox (badness 10000) in paragraph at lines 3758--3758

 []


LaTeX Warning: Reference `eq: not too many z' on page 44 undefined on input lin
e 3758.


Overfull \hbox (18.13612pt too wide) in paragraph at lines 3758--3758
\OT1/cmr/m/n/10.95 (Condition (ii) of Propo-si-tion 3.21  fol-lows from [].) We
 ob-tain dis-tinct edges $\OML/cmm/m/it/10.95 u[]v[]; [] ; u[]v[]$
 []


LaTeX Warning: Reference `eq: Wij' on page 44 undefined on input line 3758.


LaTeX Warning: Reference `eq:tauWF' on page 44 undefined on input line 3758.


LaTeX Warning: Reference `item:Q11i' on page 44 undefined on input line 3758.


LaTeX Warning: Reference `eq: not too many z' on page 44 undefined on input lin
e 3758.


LaTeX Warning: Reference `eq: E'4 deg' on page 44 undefined on input line 3758.



LaTeX Warning: Reference `eq: E''4 deg' on page 44 undefined on input line 3758
.


LaTeX Warning: Reference `eq: G*4 quasirandom2' on page 45 undefined on input l
ine 3758.


LaTeX Warning: Reference `eq: E4 deg' on page 45 undefined on input line 3758.


Underfull \hbox (badness 10000) in paragraph at lines 3758--3758

 []


LaTeX Warning: Reference `step3' on page 45 undefined on input line 3758.


Underfull \hbox (badness 10000) in paragraph at lines 3758--3758

 []


LaTeX Warning: Reference `eq: G*4 quasirandom1' on page 45 undefined on input l
ine 3758.


LaTeX Warning: Reference `eq: E4 deg' on page 45 undefined on input line 3758.


LaTeX Warning: Reference `eq: delta 2 cleared' on page 45 undefined on input li
ne 3758.


LaTeX Warning: Reference `eq: E5i size' on page 45 undefined on input line 3758
.


LaTeX Warning: Reference `eq: cF sizes' on page 45 undefined on input line 3758
.


LaTeX Warning: Reference `eq:forestssizes' on page 45 undefined on input line 3
758.


LaTeX Warning: Reference `eq: WF size' on page 45 undefined on input line 3758.



LaTeX Warning: Reference `item:gamma2' on page 45 undefined on input line 3758.



LaTeX Warning: Reference `eq: not too many W_F' on page 45 undefined on input l
ine 3758.


LaTeX Warning: Reference `item:gamma1' on page 45 undefined on input line 3758.



LaTeX Warning: Reference `eq: cF sizes' on page 45 undefined on input line 3758
.


LaTeX Warning: Reference `eq: cF sizes' on page 45 undefined on input line 3758
.


LaTeX Warning: Reference `eq:tauWF' on page 45 undefined on input line 3758.


LaTeX Warning: Reference `item:gamma4' on page 45 undefined on input line 3758.



LaTeX Warning: Reference `eq:G*4' on page 45 undefined on input line 3758.


LaTeX Warning: Reference `eq:G5' on page 45 undefined on input line 3758.


LaTeX Warning: Reference `eq: G*4 quasirandom1' on page 45 undefined on input l
ine 3758.


LaTeX Warning: Reference `eq: E4 deg' on page 45 undefined on input line 3758.


LaTeX Warning: Reference `eq: E5 deg' on page 45 undefined on input line 3758.


LaTeX Warning: Reference `eq:defAB' on page 46 undefined on input line 3758.


LaTeX Warning: Reference `eq: G^1 deg' on page 46 undefined on input line 3758.



LaTeX Warning: Reference `eq: G3 V0 density' on page 46 undefined on input line
 3758.


LaTeX Warning: Reference `item:U2' on page 46 undefined on input line 3758.


LaTeX Warning: Reference `eq: G*6 quasirandom' on page 46 undefined on input li
ne 3758.


LaTeX Warning: Reference `eq: cF sizes' on page 46 undefined on input line 3758
.


Underfull \hbox (badness 10000) in paragraph at lines 3758--3758

 []


LaTeX Warning: Reference `eq: delta 2 cleared' on page 46 undefined on input li
ne 3758.


LaTeX Warning: Reference `eq: degree between' on page 46 undefined on input lin
e 3758.


LaTeX Warning: Reference `eq: cF sizes' on page 46 undefined on input line 3758
.


LaTeX Warning: Reference `eq:forestssizes' on page 46 undefined on input line 3
758.


LaTeX Warning: Reference `eq: WF size' on page 46 undefined on input line 3758.



LaTeX Warning: Reference `item:gamma3' on page 46 undefined on input line 3758.



LaTeX Warning: Reference `eq: not too many W_F' on page 46 undefined on input l
ine 3758.


LaTeX Warning: Reference `item:gamma1' on page 46 undefined on input line 3758.



LaTeX Warning: Reference `item:Q43i' on page 46 undefined on input line 3758.


LaTeX Warning: Reference `item:gamma4' on page 46 undefined on input line 3758.



LaTeX Warning: Reference `eq:WF1' on page 46 undefined on input line 3758.


LaTeX Warning: Reference `item:Q42i' on page 46 undefined on input line 3758.


LaTeX Warning: Reference `eq:G6' on page 46 undefined on input line 3758.


LaTeX Warning: Reference `eq: delta 2 cleared' on page 46 undefined on input li
ne 3758.


LaTeX Warning: Reference `item:Q43i' on page 46 undefined on input line 3758.


LaTeX Warning: Reference `item:Q41i' on page 46 undefined on input line 3758.


LaTeX Warning: Reference `eq: def G1 H1' on page 46 undefined on input line 375
8.


LaTeX Warning: Reference `eq:G2' on page 46 undefined on input line 3758.


LaTeX Warning: Reference `eq:G3' on page 46 undefined on input line 3758.


LaTeX Warning: Reference `eq:G4' on page 46 undefined on input line 3758.


LaTeX Warning: Reference `eq:G*4' on page 46 undefined on input line 3758.


LaTeX Warning: Reference `eq:G5' on page 46 undefined on input line 3758.


LaTeX Warning: Reference `eq:G6' on page 46 undefined on input line 3758.


LaTeX Warning: Reference `eq:G7' on page 46 undefined on input line 3758.


LaTeX Warning: Reference `eq:sizeFgamma' on page 46 undefined on input line 375
8.


LaTeX Warning: Reference `eq: Delta E1' on page 46 undefined on input line 3758
.


LaTeX Warning: Reference `eq: E4 deg' on page 46 undefined on input line 3758.


LaTeX Warning: Reference `sec: trees' on page 47 undefined on input line 3760.


LaTeX Warning: Reference `sec:iteration' on page 47 undefined on input line 376
0.

[50]
Overfull \hbox (12.0pt too wide) in paragraph at lines 3782--3782
[][] 
 []


LaTeX Warning: Reference `item:D5' on page 47 undefined on input line 3844.


LaTeX Warning: Reference `item:D1' on page 47 undefined on input line 3844.


LaTeX Warning: Reference `item:D6' on page 47 undefined on input line 3844.


LaTeX Warning: Reference `item:D3' on page 47 undefined on input line 3844.


LaTeX Warning: Reference `item:D4' on page 47 undefined on input line 3844.


LaTeX Warning: Reference `item:D6' on page 47 undefined on input line 3844.


LaTeX Warning: Reference `eq:orient' on page 47 undefined on input line 3844.


LaTeX Warning: Reference `sec:9.1' on page 48 undefined on input line 3857.


LaTeX Warning: Reference `sec:9.2' on page 48 undefined on input line 3859.

[51]
Overfull \hbox (150.94197pt too wide) in paragraph at lines 3875--3875
 \OT1/cmr/m/n/10.95 10.1.\OT1/cmr/bx/n/10.95 Optimal tree pack-ing.[] [] 
 []


LaTeX Warning: Reference `item:O2' on page 48 undefined on input line 3910.


LaTeX Warning: Reference `item:O3' on page 48 undefined on input line 3910.


LaTeX Warning: Reference `item:O1' on page 48 undefined on input line 3915.


LaTeX Warning: Reference `item:O3' on page 48 undefined on input line 3915.


LaTeX Warning: Reference `item:O5' on page 48 undefined on input line 3916.


LaTeX Warning: Reference `item:O6' on page 48 undefined on input line 3919.


Underfull \hbox (badness 10000) in paragraph at lines 4401--4401

 []


LaTeX Warning: Reference `eq:degG*0' on page 50 undefined on input line 4401.


LaTeX Warning: Reference `eq:G0' on page 50 undefined on input line 4401.


LaTeX Warning: Reference `eq:phi-1' on page 50 undefined on input line 4401.


LaTeX Warning: Reference `item:E1' on page 50 undefined on input line 4401.


LaTeX Warning: Reference `item:E5' on page 50 undefined on input line 4401.


LaTeX Warning: Reference `eq:edgesGlast' on page 51 undefined on input line 440
1.


LaTeX Warning: Reference `item:E4' on page 51 undefined on input line 4401.


LaTeX Warning: Reference `item:O5' on page 51 undefined on input line 4401.


LaTeX Warning: Reference `eq:edgesGlast' on page 51 undefined on input line 440
1.


LaTeX Warning: Reference `item:E2' on page 51 undefined on input line 4401.


LaTeX Warning: Reference `item:P2'' on page 51 undefined on input line 4401.


LaTeX Warning: Reference `item:E2' on page 51 undefined on input line 4401.


LaTeX Warning: Reference `item:P3'' on page 51 undefined on input line 4401.


LaTeX Warning: Reference `item:E1' on page 52 undefined on input line 4401.


LaTeX Warning: Reference `item:O2' on page 52 undefined on input line 4401.


LaTeX Warning: Reference `item:O4' on page 52 undefined on input line 4401.


LaTeX Warning: Reference `eq:sizeF*' on page 52 undefined on input line 4401.


LaTeX Warning: Reference `item:Q1i' on page 52 undefined on input line 4401.


LaTeX Warning: Reference `item:Q3i' on page 52 undefined on input line 4401.


LaTeX Warning: Reference `item:Q2i' on page 52 undefined on input line 4401.


LaTeX Warning: Reference `item:E3' on page 52 undefined on input line 4401.


LaTeX Warning: Reference `item:Q1i' on page 52 undefined on input line 4401.


LaTeX Warning: Reference `item:Q3i' on page 52 undefined on input line 4401.


LaTeX Warning: Reference `eq:maxdeg' on page 52 undefined on input line 4401.


LaTeX Warning: Reference `item:E1' on page 52 undefined on input line 4401.


LaTeX Warning: Reference `item:E1' on page 52 undefined on input line 4401.


Underfull \hbox (badness 10000) in paragraph at lines 4401--4401

 []


LaTeX Warning: Reference `item:P1'' on page 52 undefined on input line 4401.


LaTeX Warning: Reference `item:Q1i' on page 52 undefined on input line 4401.


LaTeX Warning: Reference `item:P1'' on page 52 undefined on input line 4401.


LaTeX Warning: Reference `item:Q1i' on page 52 undefined on input line 4401.


LaTeX Warning: Reference `item:E1' on page 52 undefined on input line 4401.


LaTeX Warning: Reference `item:E5' on page 52 undefined on input line 4401.


LaTeX Warning: Reference `eq:sizeF'' on page 52 undefined on input line 4401.


LaTeX Warning: Reference `item:P4'' on page 52 undefined on input line 4401.


Underfull \hbox (badness 10000) in paragraph at lines 4401--4401

 []


Underfull \hbox (badness 10000) in paragraph at lines 4401--4401

 []


LaTeX Warning: Reference `item:O2' on page 53 undefined on input line 4401.


LaTeX Warning: Reference `item:O4' on page 53 undefined on input line 4401.


LaTeX Warning: Reference `eq:Gtqr' on page 53 undefined on input line 4401.


LaTeX Warning: Reference `eq:sizeF1' on page 53 undefined on input line 4401.


LaTeX Warning: Reference `item:E2' on page 53 undefined on input line 4401.


LaTeX Warning: Reference `eq:sizeF2' on page 53 undefined on input line 4401.


LaTeX Warning: Reference `eq:edgeslast' on page 53 undefined on input line 4401
.


LaTeX Warning: Reference `item:E3' on page 53 undefined on input line 4401.


LaTeX Warning: Reference `item:Phi2t' on page 53 undefined on input line 4401.


LaTeX Warning: Reference `eq:deg Rt' on page 53 undefined on input line 4401.


LaTeX Warning: Reference `eq:At+1F_i' on page 53 undefined on input line 4401.


LaTeX Warning: Reference `item:Phi1t' on page 53 undefined on input line 4401.


LaTeX Warning: Reference `item:E4' on page 53 undefined on input line 4401.


LaTeX Warning: Reference `item:E5' on page 53 undefined on input line 4401.


LaTeX Warning: Reference `eq:diffFt' on page 53 undefined on input line 4401.


Underfull \hbox (badness 10000) in paragraph at lines 4401--4401

 []


LaTeX Warning: Reference `eq:phi-1' on page 53 undefined on input line 4401.


LaTeX Warning: Reference `item:O2' on page 54 undefined on input line 4401.


LaTeX Warning: Reference `eq:edgeslast1' on page 54 undefined on input line 440
1.


LaTeX Warning: Reference `eq:treeslast' on page 54 undefined on input line 4401
.


LaTeX Warning: Reference `eq:treeslast' on page 54 undefined on input line 4401
.

[52]
Overfull \hbox (12.0pt too wide) in paragraph at lines 4415--4415
[][] 
 []


LaTeX Warning: Reference `item:Z1' on page 54 undefined on input line 4448.


LaTeX Warning: Reference `eq:split' on page 54 undefined on input line 4448.

(source_extraction/results/1606.03953.aux)

LaTeX Warning: There were undefined references.

 ) 
Here is how much of TeX's memory you used:
 15733 strings out of 494260
 293520 string characters out of 6168642
 700865 words of memory out of 5000000
 18578 multiletter control sequences out of 15000+600000
 14761 words of font info for 56 fonts, out of 8000000 for 9000
 658 hyphenation exceptions out of 8191
 62i,16n,56p,911b,350s stack positions out of 5000i,500n,10000p,200000b,80000s
</usr/share/texlive/texmf-dist/fonts/type1/public/amsfonts/cm/cmbx10.pfb></us
r/share/texlive/texmf-dist/fonts/type1/public/amsfonts/cm/cmex10.pfb></usr/shar
e/texlive/texmf-dist/fonts/type1/public/amsfonts/cm/cmmi10.pfb></usr/share/texl
ive/texmf-dist/fonts/type1/public/amsfonts/cm/cmmi6.pfb></usr/share/texlive/tex
mf-dist/fonts/type1/public/amsfonts/cm/cmmi8.pfb></usr/share/texlive/texmf-dist
/fonts/type1/public/amsfonts/cm/cmr10.pfb></usr/share/texlive/texmf-dist/fonts/
type1/public/amsfonts/cm/cmr6.pfb></usr/share/texlive/texmf-dist/fonts/type1/pu
blic/amsfonts/cm/cmr8.pfb></usr/share/texlive/texmf-dist/fonts/type1/public/ams
fonts/cm/cmsy10.pfb></usr/share/texlive/texmf-dist/fonts/type1/public/amsfonts/
cm/cmsy6.pfb></usr/share/texlive/texmf-dist/fonts/type1/public/amsfonts/cm/cmsy
8.pfb></usr/share/texlive/texmf-dist/fonts/type1/public/amsfonts/cm/cmti10.pfb>
</usr/share/texlive/texmf-dist/fonts/type1/public/amsfonts/symbols/msbm10.pfb>
Output written on source_extraction/results/1606.03953.pdf (52 pages, 211251 by
tes).
PDF statistics:
 228 PDF objects out of 1000 (max. 8388607)
 159 compressed objects within 2 object streams
 0 named destinations out of 1000 (max. 500000)
 13 words of extra memory for PDF output out of 10000 (max. 10000000)

