This is pdfTeX, Version 3.14159265-2.6-1.40.18 (TeX Live 2017/Debian) (preloaded format=pdflatex 2018.11.16)  29 NOV 2018 14:49
entering extended mode
 restricted \write18 enabled.
 %&-line parsing enabled.
**source_extraction/results/1608.08937.tex
(./source_extraction/results/1608.08937.tex
LaTeX2e <2017-04-15>
Babel <3.18> and hyphenation patterns for 20 language(s) loaded.
(/usr/share/texlive/texmf-dist/tex/latex/amscls/amsart.cls
Document Class: amsart 2017/10/31 v2.20.4
\linespacing=\dimen102
\normalparindent=\dimen103
\normaltopskip=\skip41
(/usr/share/texlive/texmf-dist/tex/latex/amsmath/amsmath.sty
Package: amsmath 2017/09/02 v2.17a AMS math features
\@mathmargin=\skip42

For additional information on amsmath, use the `?' option.
(/usr/share/texlive/texmf-dist/tex/latex/amsmath/amstext.sty
Package: amstext 2000/06/29 v2.01 AMS text

(/usr/share/texlive/texmf-dist/tex/latex/amsmath/amsgen.sty
File: amsgen.sty 1999/11/30 v2.0 generic functions
\@emptytoks=\toks14
\ex@=\dimen104
))
(/usr/share/texlive/texmf-dist/tex/latex/amsmath/amsbsy.sty
Package: amsbsy 1999/11/29 v1.2d Bold Symbols
\pmbraise@=\dimen105
)
(/usr/share/texlive/texmf-dist/tex/latex/amsmath/amsopn.sty
Package: amsopn 2016/03/08 v2.02 operator names
)
\inf@bad=\count79
LaTeX Info: Redefining \frac on input line 213.
\uproot@=\count80
\leftroot@=\count81
LaTeX Info: Redefining \overline on input line 375.
\classnum@=\count82
\DOTSCASE@=\count83
LaTeX Info: Redefining \ldots on input line 472.
LaTeX Info: Redefining \dots on input line 475.
LaTeX Info: Redefining \cdots on input line 596.
\Mathstrutbox@=\box26
\strutbox@=\box27
\big@size=\dimen106
LaTeX Font Info:    Redeclaring font encoding OML on input line 712.
LaTeX Font Info:    Redeclaring font encoding OMS on input line 713.
\macc@depth=\count84
\c@MaxMatrixCols=\count85
\dotsspace@=\muskip10
\c@parentequation=\count86
\dspbrk@lvl=\count87
\tag@help=\toks15
\row@=\count88
\column@=\count89
\maxfields@=\count90
\andhelp@=\toks16
\eqnshift@=\dimen107
\alignsep@=\dimen108
\tagshift@=\dimen109
\tagwidth@=\dimen110
\totwidth@=\dimen111
\lineht@=\dimen112
\@envbody=\toks17
\multlinegap=\skip43
\multlinetaggap=\skip44
\mathdisplay@stack=\toks18
LaTeX Info: Redefining \[ on input line 2817.
LaTeX Info: Redefining \] on input line 2818.
)
LaTeX Font Info:    Try loading font information for U+msa on input line 398.

(/usr/share/texlive/texmf-dist/tex/latex/amsfonts/umsa.fd
File: umsa.fd 2013/01/14 v3.01 AMS symbols A
)
(/usr/share/texlive/texmf-dist/tex/latex/amsfonts/amsfonts.sty
Package: amsfonts 2013/01/14 v3.01 Basic AMSFonts support
\symAMSa=\mathgroup4
\symAMSb=\mathgroup5
LaTeX Font Info:    Overwriting math alphabet `\mathfrak' in version `bold'
(Font)                  U/euf/m/n --> U/euf/b/n on input line 106.
)
\copyins=\insert199
\abstractbox=\box28
\listisep=\skip45
\c@part=\count91
\c@section=\count92
\c@subsection=\count93
\c@subsubsection=\count94
\c@paragraph=\count95
\c@subparagraph=\count96
\c@figure=\count97
\c@table=\count98
\abovecaptionskip=\skip46
\belowcaptionskip=\skip47
\captionindent=\dimen113
\thm@style=\toks19
\thm@bodyfont=\toks20
\thm@headfont=\toks21
\thm@notefont=\toks22
\thm@headpunct=\toks23
\thm@preskip=\skip48
\thm@postskip=\skip49
\thm@headsep=\skip50
\dth@everypar=\toks24
)
(/usr/share/texlive/texmf-dist/tex/latex/base/inputenc.sty
Package: inputenc 2015/03/17 v1.2c Input encoding file
\inpenc@prehook=\toks25
\inpenc@posthook=\toks26

(/usr/share/texlive/texmf-dist/tex/latex/base/cp852.def
File: cp852.def 2015/03/17 v1.2c Input encoding file
))
(/usr/share/texlive/texmf-dist/tex/latex/amsfonts/amssymb.sty
Package: amssymb 2013/01/14 v3.01 AMS font symbols
)
(/usr/share/texlive/texmf-dist/tex/latex/enumitem/enumitem.sty
Package: enumitem 2011/09/28 v3.5.2 Customized lists
\enitkv@toks@=\toks27
\labelindent=\skip51
\enit@outerparindent=\dimen114
\enit@toks=\toks28
\enit@inbox=\box29
\enitdp@description=\count99
) (./extract.sty
(/usr/share/texlive/texmf-dist/tex/latex/environ/environ.sty
Package: environ 2014/05/04 v0.3 A new way to define environments

(/usr/share/texlive/texmf-dist/tex/latex/trimspaces/trimspaces.sty
Package: trimspaces 2009/09/17 v1.1 Trim spaces around a token list
))
(/usr/share/texlive/texmf-dist/tex/latex/etextools/etextools.sty
Package: etextools 2010/12/07 v3.1415926 e-TeX more useful tools for LaTeX pack
age writers

(/usr/share/texlive/texmf-dist/tex/latex/etex-pkg/etex.sty
Package: etex 2016/08/01 v2.7 eTeX basic definition package (PEB,DPC)
\et@xins=\count100
)
(/usr/share/texlive/texmf-dist/tex/latex/etoolbox/etoolbox.sty
Package: etoolbox 2018/02/11 v2.5e e-TeX tools for LaTeX (JAW)
\etb@tempcnta=\count101
)
(/usr/share/texlive/texmf-dist/tex/latex/oberdiek/letltxmacro.sty
Package: letltxmacro 2016/05/16 v1.5 Let assignment for LaTeX macros (HO)
)
\ettl@fter=\count102
\ettl@for@nested=\count277
)
(/usr/share/texmf/tex/latex/preview/preview.sty
Package: preview 2017/04/24 11.91 (AUCTeX/preview-latex)

(/usr/share/texmf/tex/latex/preview/prtightpage.def
\PreviewBorder=\dimen115
)
\pr@snippet=\count103
\pr@box=\box30
\pr@output=\toks29
)
\c@propcounter=\count104
\mybox=\box31
)
\c@ex=\count105
\c@definition=\count106
\c@theorem=\count107
\c@lemma=\count108
\c@proposition=\count109
\c@corollary=\count110
\c@remark=\count111

(source_extraction/results/1608.08937.aux)
\openout1 = `1608.08937.aux'.

LaTeX Font Info:    Checking defaults for OML/cmm/m/it on input line 24.
LaTeX Font Info:    ... okay on input line 24.
LaTeX Font Info:    Checking defaults for T1/cmr/m/n on input line 24.
LaTeX Font Info:    ... okay on input line 24.
LaTeX Font Info:    Checking defaults for OT1/cmr/m/n on input line 24.
LaTeX Font Info:    ... okay on input line 24.
LaTeX Font Info:    Checking defaults for OMS/cmsy/m/n on input line 24.
LaTeX Font Info:    ... okay on input line 24.
LaTeX Font Info:    Checking defaults for OMX/cmex/m/n on input line 24.
LaTeX Font Info:    ... okay on input line 24.
LaTeX Font Info:    Checking defaults for U/cmr/m/n on input line 24.
LaTeX Font Info:    ... okay on input line 24.
LaTeX Font Info:    Try loading font information for U+msa on input line 24.

(/usr/share/texlive/texmf-dist/tex/latex/amsfonts/umsa.fd
File: umsa.fd 2013/01/14 v3.01 AMS symbols A
)
LaTeX Font Info:    Try loading font information for U+msb on input line 24.

(/usr/share/texlive/texmf-dist/tex/latex/amsfonts/umsb.fd
File: umsb.fd 2013/01/14 v3.01 AMS symbols B
)
Preview: Fontsize 12pt
Preview: PDFoutput 1

LaTeX Warning: Reference `Dr' on page 1 undefined on input line 44.


LaTeX Warning: Reference `HH' on page 1 undefined on input line 60.


LaTeX Warning: Reference `HH' on page 1 undefined on input line 62.


LaTeX Warning: Reference `HH' on page 1 undefined on input line 64.


LaTeX Warning: Reference `Dr' on page 2 undefined on input line 75.

Preview: Tightpage -32891 -32891 32891 32891
[1{/var/lib/texmf/fonts/map/pdftex/updmap/pdftex.map}]
Overfull \hbox (253.77342pt too wide) in paragraph at lines 77--94
[]\OT1/cmr/m/n/12 First we make the fol-low-ing sim-ple ob-ser-va-tion. [] 
 []

[2]

LaTeX Warning: Reference `HH' on page 3 undefined on input line 110.

[3]
Overfull \hbox (254.40582pt too wide) in paragraph at lines 109--122
\OT1/cmr/m/n/12 ([]) eas-ily fol-lows from the fol-low-ing Ohlin lemma [] 
 []

[4]
Overfull \hbox (12.0pt too wide) in paragraph at lines 143--143
[][] 
 []

[5]
Overfull \hbox (12.0pt too wide) in paragraph at lines 150--150
[][] 
 []


Underfull \vbox (badness 10000) has occurred while \output is active []

 [6]
[7]
Overfull \hbox (12.0pt too wide) in paragraph at lines 186--186
[][] 
 []


LaTeX Warning: Reference `P' on page 5 undefined on input line 187.


LaTeX Warning: Reference `D' on page 5 undefined on input line 199.

[8]
Overfull \hbox (194.7282pt too wide) in paragraph at lines 201--215
[]\OT1/cmr/m/n/12 We start with the fol-low-ing re-mark. [] 
 []


LaTeX Warning: Reference `Dr' on page 5 undefined on input line 218.

[9]
Overfull \hbox (28.28674pt too wide) in paragraph at lines 216--260
\OT1/cmr/m/n/12 tion. [] 
 []


Underfull \vbox (badness 7168) has occurred while \output is active []



LaTeX Warning: Reference `14' on page 8 undefined on input line 336.


LaTeX Warning: Reference `F1t' on page 8 undefined on input line 338.

[10]
Overfull \hbox (123.39548pt too wide) in paragraph at lines 345--362
\OT1/cmr/m/n/12 write these in-equal-i-ties. [] 
 []


Overfull \hbox (8.168pt too wide) detected at line 378
[] [][] \OML/cmm/m/it/12 f\OT1/cmr/m/n/12 (\OML/cmm/m/it/12 t\OT1/cmr/m/n/12 )\
OML/cmm/m/it/12 dt \OMS/cmsy/m/n/12 ^^T \OML/cmm/m/it/12 ^^U[] [][] [][] f [] d
sdt \OT1/cmr/m/n/12 + (1 \OMS/cmsy/m/n/12 ^^@ \OML/cmm/m/it/12 ^^U\OT1/cmr/m/n/
12 )[]
 []


Overfull \hbox (2.27095pt too wide) detected at line 378
[] [][] [][] \OML/cmm/m/it/12 f [] dsdt \OMS/cmsy/m/n/12 ^^T \OML/cmm/m/it/12 ^
^M[] [][] f\OT1/cmr/m/n/12 (\OML/cmm/m/it/12 t\OT1/cmr/m/n/12 )\OML/cmm/m/it/12
 dt \OT1/cmr/m/n/12 + (1 \OMS/cmsy/m/n/12 ^^@ \OML/cmm/m/it/12 ^^M\OT1/cmr/m/n/
12 )\OML/cmm/m/it/12 f []
 []


Underfull \vbox (badness 10000) has occurred while \output is active []

 [11]
Overfull \hbox (12.0pt too wide) in paragraph at lines 378--378
[][] 
 []


Underfull \vbox (badness 3049) has occurred while \output is active []

 [12]
[13]
Overfull \hbox (253.8203pt too wide) in paragraph at lines 410--426
\OT1/cmr/m/n/12 equal-ity in-volv-ing only the prim-i-tive func-tion of $\OML/c
mm/m/it/12 f:$ [] 
 []

[14]
Overfull \hbox (12.0pt too wide) in paragraph at lines 490--490
[][] 
 []


Underfull \vbox (badness 3724) has occurred while \output is active []

 [15]
Overfull \hbox (12.0pt too wide) in paragraph at lines 553--553
[][] 
 []


LaTeX Warning: Reference `df' on page 13 undefined on input line 574.


Underfull \vbox (badness 2653) has occurred while \output is active []

 [16]
Overfull \hbox (12.0pt too wide) in paragraph at lines 574--574
[][] 
 []

[17]
Overfull \hbox (12.0pt too wide) in paragraph at lines 586--586
[][] 
 []


Underfull \vbox (badness 10000) has occurred while \output is active []

 [18]
Overfull \hbox (12.0pt too wide) in paragraph at lines 591--591
[][] 
 []

(source_extraction/results/1608.08937.aux)

LaTeX Warning: There were undefined references.

 ) 
Here is how much of TeX's memory you used:
 3004 strings out of 494260
 37090 string characters out of 6168642
 122188 words of memory out of 5000000
 6177 multiletter control sequences out of 15000+600000
 13825 words of font info for 51 fonts, out of 8000000 for 9000
 658 hyphenation exceptions out of 8191
 34i,11n,32p,891b,331s stack positions out of 5000i,500n,10000p,200000b,80000s
</usr/share/texlive/texmf-dist/fonts/type1/public/amsfonts/cm/cmbx12.pfb></us
r/share/texlive/texmf-dist/fonts/type1/public/amsfonts/cm/cmex10.pfb></usr/shar
e/texlive/texmf-dist/fonts/type1/public/amsfonts/cm/cmmi12.pfb></usr/share/texl
ive/texmf-dist/fonts/type1/public/amsfonts/cm/cmmi8.pfb></usr/share/texlive/tex
mf-dist/fonts/type1/public/amsfonts/cm/cmr12.pfb></usr/share/texlive/texmf-dist
/fonts/type1/public/amsfonts/cm/cmr6.pfb></usr/share/texlive/texmf-dist/fonts/t
ype1/public/amsfonts/cm/cmr8.pfb></usr/share/texlive/texmf-dist/fonts/type1/pub
lic/amsfonts/cm/cmsy10.pfb></usr/share/texlive/texmf-dist/fonts/type1/public/am
sfonts/cm/cmsy6.pfb></usr/share/texlive/texmf-dist/fonts/type1/public/amsfonts/
cm/cmsy8.pfb></usr/share/texlive/texmf-dist/fonts/type1/public/amsfonts/cm/cmti
12.pfb></usr/share/texlive/texmf-dist/fonts/type1/public/amsfonts/symbols/msbm1
0.pfb>
Output written on source_extraction/results/1608.08937.pdf (18 pages, 149521 by
tes).
PDF statistics:
 110 PDF objects out of 1000 (max. 8388607)
 77 compressed objects within 1 object stream
 0 named destinations out of 1000 (max. 500000)
 1 words of extra memory for PDF output out of 10000 (max. 10000000)

