This is pdfTeX, Version 3.14159265-2.6-1.40.18 (TeX Live 2017/Debian) (preloaded format=pdflatex 2018.11.16)  29 NOV 2018 14:49
entering extended mode
 restricted \write18 enabled.
 %&-line parsing enabled.
**source_extraction/results/1612.00765.tex
(./source_extraction/results/1612.00765.tex
LaTeX2e <2017-04-15>
Babel <3.18> and hyphenation patterns for 20 language(s) loaded.
(/usr/share/texlive/texmf-dist/tex/latex/amscls/amsart.cls
Document Class: amsart 2017/10/31 v2.20.4
\linespacing=\dimen102
\normalparindent=\dimen103
\normaltopskip=\skip41
(/usr/share/texlive/texmf-dist/tex/latex/amsmath/amsmath.sty
Package: amsmath 2017/09/02 v2.17a AMS math features
\@mathmargin=\skip42

For additional information on amsmath, use the `?' option.
(/usr/share/texlive/texmf-dist/tex/latex/amsmath/amstext.sty
Package: amstext 2000/06/29 v2.01 AMS text

(/usr/share/texlive/texmf-dist/tex/latex/amsmath/amsgen.sty
File: amsgen.sty 1999/11/30 v2.0 generic functions
\@emptytoks=\toks14
\ex@=\dimen104
))
(/usr/share/texlive/texmf-dist/tex/latex/amsmath/amsbsy.sty
Package: amsbsy 1999/11/29 v1.2d Bold Symbols
\pmbraise@=\dimen105
)
(/usr/share/texlive/texmf-dist/tex/latex/amsmath/amsopn.sty
Package: amsopn 2016/03/08 v2.02 operator names
)
\inf@bad=\count79
LaTeX Info: Redefining \frac on input line 213.
\uproot@=\count80
\leftroot@=\count81
LaTeX Info: Redefining \overline on input line 375.
\classnum@=\count82
\DOTSCASE@=\count83
LaTeX Info: Redefining \ldots on input line 472.
LaTeX Info: Redefining \dots on input line 475.
LaTeX Info: Redefining \cdots on input line 596.
\Mathstrutbox@=\box26
\strutbox@=\box27
\big@size=\dimen106
LaTeX Font Info:    Redeclaring font encoding OML on input line 712.
LaTeX Font Info:    Redeclaring font encoding OMS on input line 713.
\macc@depth=\count84
\c@MaxMatrixCols=\count85
\dotsspace@=\muskip10
\c@parentequation=\count86
\dspbrk@lvl=\count87
\tag@help=\toks15
\row@=\count88
\column@=\count89
\maxfields@=\count90
\andhelp@=\toks16
\eqnshift@=\dimen107
\alignsep@=\dimen108
\tagshift@=\dimen109
\tagwidth@=\dimen110
\totwidth@=\dimen111
\lineht@=\dimen112
\@envbody=\toks17
\multlinegap=\skip43
\multlinetaggap=\skip44
\mathdisplay@stack=\toks18
LaTeX Info: Redefining \[ on input line 2817.
LaTeX Info: Redefining \] on input line 2818.
)
LaTeX Font Info:    Try loading font information for U+msa on input line 398.

(/usr/share/texlive/texmf-dist/tex/latex/amsfonts/umsa.fd
File: umsa.fd 2013/01/14 v3.01 AMS symbols A
)
(/usr/share/texlive/texmf-dist/tex/latex/amsfonts/amsfonts.sty
Package: amsfonts 2013/01/14 v3.01 Basic AMSFonts support
\symAMSa=\mathgroup4
\symAMSb=\mathgroup5
LaTeX Font Info:    Overwriting math alphabet `\mathfrak' in version `bold'
(Font)                  U/euf/m/n --> U/euf/b/n on input line 106.
)
\copyins=\insert199
\abstractbox=\box28
\listisep=\skip45
\c@part=\count91
\c@section=\count92
\c@subsection=\count93
\c@subsubsection=\count94
\c@paragraph=\count95
\c@subparagraph=\count96
\c@figure=\count97
\c@table=\count98
\abovecaptionskip=\skip46
\belowcaptionskip=\skip47
\captionindent=\dimen113
\thm@style=\toks19
\thm@bodyfont=\toks20
\thm@headfont=\toks21
\thm@notefont=\toks22
\thm@headpunct=\toks23
\thm@preskip=\skip48
\thm@postskip=\skip49
\thm@headsep=\skip50
\dth@everypar=\toks24
)
(/usr/share/texlive/texmf-dist/tex/latex/setspace/setspace.sty
Package: setspace 2011/12/19 v6.7a set line spacing
)
(/usr/share/texlive/texmf-dist/tex/latex/base/latexsym.sty
Package: latexsym 1998/08/17 v2.2e Standard LaTeX package (lasy symbols)
\symlasy=\mathgroup6
LaTeX Font Info:    Overwriting symbol font `lasy' in version `bold'
(Font)                  U/lasy/m/n --> U/lasy/b/n on input line 52.
)
(/usr/share/texlive/texmf-dist/tex/latex/amsfonts/amssymb.sty
Package: amssymb 2013/01/14 v3.01 AMS font symbols
)
(/usr/share/texlive/texmf-dist/tex/generic/xypic/xy.sty
(/usr/share/texlive/texmf-dist/tex/generic/xypic/xy.tex Bootstrap'ing:
catcodes, docmode, (/usr/share/texlive/texmf-dist/tex/generic/xypic/xyrecat.tex
) (/usr/share/texlive/texmf-dist/tex/generic/xypic/xyidioms.tex)

 Xy-pic version 3.8.9 <2013/10/06>
 Copyright (c) 1991-2013 by Kristoffer H. Rose <krisrose@tug.org> and others
 Xy-pic is free software: see the User's Guide for details.

Loading kernel: messages; fonts; allocations: state,
\X@c=\dimen114
\Y@c=\dimen115
\U@c=\dimen116
\D@c=\dimen117
\L@c=\dimen118
\R@c=\dimen119
\Edge@c=\toks25
\X@p=\dimen120
\Y@p=\dimen121
\U@p=\dimen122
\D@p=\dimen123
\L@p=\dimen124
\R@p=\dimen125
\Edge@p=\toks26
\X@origin=\dimen126
\Y@origin=\dimen127
\X@xbase=\dimen128
\Y@xbase=\dimen129
\X@ybase=\dimen130
\Y@ybase=\dimen131
\X@min=\dimen132
\Y@min=\dimen133
\X@max=\dimen134
\Y@max=\dimen135
\lastobjectbox@=\box29
\zerodotbox@=\box30
\almostz@=\dimen136
 direction,
\d@X=\dimen137
\d@Y=\dimen138
\K@=\count99
\KK@=\count100
\Direction=\count101
\K@dXdY=\dimen139
\K@dYdX=\dimen140
\xyread@=\read1
\xywrite@=\write3
\csp@=\count102
\quotPTK@=\dimen141

utility macros; pictures: \xy, positions,
\swaptoks@@=\toks27
\connectobjectbox@@=\box31
 objects,
\styletoks@=\toks28
 decorations;
kernel objects: directionals, circles, text; options; algorithms: directions,
edges, connections;  Xy-pic loaded)
(/usr/share/texlive/texmf-dist/tex/generic/oberdiek/ifpdf.sty
Package: ifpdf 2017/03/15 v3.2 Provides the ifpdf switch
)
Package: xy 2013/10/06 Xy-pic version 3.8.9

(/usr/share/texlive/texmf-dist/tex/generic/xypic/xyall.tex
 Xy-pic option: All features v.3.8
(/usr/share/texlive/texmf-dist/tex/generic/xypic/xycurve.tex
 Xy-pic option: Curve and Spline extension v.3.12 curve,
\crv@cnt@=\count103
\crvpts@=\toks29
\splinebox@=\box32
\splineval@=\dimen142
\splinedepth@=\dimen143
\splinetol@=\dimen144
\splinelength@=\dimen145
 circles,
\L@=\dimen146
 loaded)
(/usr/share/texlive/texmf-dist/tex/generic/xypic/xyframe.tex
 Xy-pic option: Frame and Bracket extension v.3.14 loaded)
(/usr/share/texlive/texmf-dist/tex/generic/xypic/xycmtip.tex
 Xy-pic option: Computer Modern tip extension v.3.7
(/usr/share/texlive/texmf-dist/tex/generic/xypic/xytips.tex
 Xy-pic option: More Tips extension v.3.11 loaded) loaded)
(/usr/share/texlive/texmf-dist/tex/generic/xypic/xyline.tex
 Xy-pic option: Line styles extension v.3.10
\xylinethick@=\dimen147
 loaded)
(/usr/share/texlive/texmf-dist/tex/generic/xypic/xyrotate.tex
 Xy-pic option: Rotate and Scale extension v.3.8 loaded)
(/usr/share/texlive/texmf-dist/tex/generic/xypic/xycolor.tex
 Xy-pic option: Colour extension v.3.11 loaded)
(/usr/share/texlive/texmf-dist/tex/generic/xypic/xymatrix.tex
 Xy-pic option: Matrix feature v.3.14
\Row=\count104
\Col=\count105
\queue@=\toks30
\queue@@=\toks31
\qcount@=\count106
\qcount@@=\count107
\matrixsize@=\count108
 loaded)
(/usr/share/texlive/texmf-dist/tex/generic/xypic/xyarrow.tex
 Xy-pic option: Arrow and Path feature v.3.9 path, \ar, loaded)
(/usr/share/texlive/texmf-dist/tex/generic/xypic/xygraph.tex
 Xy-pic option: Graph feature v.3.11 loaded) loaded)
(/usr/share/texlive/texmf-dist/tex/generic/xypic/xypdf.tex
 Xy-pic option: PDF driver v.1.7 Xy-pic pdf driver: `color' extension support
(/usr/share/texlive/texmf-dist/tex/generic/xypic/xypdf-co.tex loaded)
Xy-pic pdf driver: `curve' extension support
(/usr/share/texlive/texmf-dist/tex/generic/xypic/xypdf-cu.tex loaded)
Xy-pic pdf driver: `frame' extension support
(/usr/share/texlive/texmf-dist/tex/generic/xypic/xypdf-fr.tex loaded)
Xy-pic pdf driver: `line' extension support
(/usr/share/texlive/texmf-dist/tex/generic/xypic/xypdf-li.tex loaded)
Xy-pic pdf driver: `rotate' extension support
(/usr/share/texlive/texmf-dist/tex/generic/xypic/xypdf-ro.tex loaded) loaded))
(./extract.sty (/usr/share/texlive/texmf-dist/tex/latex/environ/environ.sty
Package: environ 2014/05/04 v0.3 A new way to define environments

(/usr/share/texlive/texmf-dist/tex/latex/trimspaces/trimspaces.sty
Package: trimspaces 2009/09/17 v1.1 Trim spaces around a token list
))
(/usr/share/texlive/texmf-dist/tex/latex/etextools/etextools.sty
Package: etextools 2010/12/07 v3.1415926 e-TeX more useful tools for LaTeX pack
age writers

(/usr/share/texlive/texmf-dist/tex/latex/etex-pkg/etex.sty
Package: etex 2016/08/01 v2.7 eTeX basic definition package (PEB,DPC)
\et@xins=\count109
)
(/usr/share/texlive/texmf-dist/tex/latex/etoolbox/etoolbox.sty
Package: etoolbox 2018/02/11 v2.5e e-TeX tools for LaTeX (JAW)
\etb@tempcnta=\count110
)
(/usr/share/texlive/texmf-dist/tex/latex/oberdiek/letltxmacro.sty
Package: letltxmacro 2016/05/16 v1.5 Let assignment for LaTeX macros (HO)
)
\ettl@fter=\count111
\ettl@for@nested=\count277
)
(/usr/share/texmf/tex/latex/preview/preview.sty
Package: preview 2017/04/24 11.91 (AUCTeX/preview-latex)

(/usr/share/texmf/tex/latex/preview/prtightpage.def
\PreviewBorder=\dimen148
)
\pr@snippet=\count112
\pr@box=\box33
\pr@output=\toks32
)
\c@propcounter=\count113
\mybox=\box34
)
\c@thm=\count114
\c@theorem=\count115
\c@conj=\count116

(source_extraction/results/1612.00765.aux)
\openout1 = `1612.00765.aux'.

LaTeX Font Info:    Checking defaults for OML/cmm/m/it on input line 96.
LaTeX Font Info:    ... okay on input line 96.
LaTeX Font Info:    Checking defaults for T1/cmr/m/n on input line 96.
LaTeX Font Info:    ... okay on input line 96.
LaTeX Font Info:    Checking defaults for OT1/cmr/m/n on input line 96.
LaTeX Font Info:    ... okay on input line 96.
LaTeX Font Info:    Checking defaults for OMS/cmsy/m/n on input line 96.
LaTeX Font Info:    ... okay on input line 96.
LaTeX Font Info:    Checking defaults for OMX/cmex/m/n on input line 96.
LaTeX Font Info:    ... okay on input line 96.
LaTeX Font Info:    Checking defaults for U/cmr/m/n on input line 96.
LaTeX Font Info:    ... okay on input line 96.
LaTeX Font Info:    Try loading font information for U+msa on input line 96.

(/usr/share/texlive/texmf-dist/tex/latex/amsfonts/umsa.fd
File: umsa.fd 2013/01/14 v3.01 AMS symbols A
)
LaTeX Font Info:    Try loading font information for U+msb on input line 96.

(/usr/share/texlive/texmf-dist/tex/latex/amsfonts/umsb.fd
File: umsb.fd 2013/01/14 v3.01 AMS symbols B
)
LaTeX Font Info:    Try loading font information for U+lasy on input line 96.

(/usr/share/texlive/texmf-dist/tex/latex/base/ulasy.fd
File: ulasy.fd 1998/08/17 v2.2e LaTeX symbol font definitions
)
Package xypdf Info: Line width: 0.39998pt on input line 96.

Preview: Fontsize 10pt
Preview: PDFoutput 1

LaTeX Warning: Reference `s2.3' on page 1 undefined on input line 153.


LaTeX Warning: Reference `s2.3' on page 2 undefined on input line 161.


LaTeX Warning: Reference `2.12' on page 2 undefined on input line 161.


LaTeX Warning: Reference `1.2' on page 2 undefined on input line 168.


LaTeX Warning: Reference `2.12' on page 2 undefined on input line 168.

Preview: Tightpage -32891 -32891 32891 32891
[1{/var/lib/texmf/fonts/map/pdftex/updmap/pdftex.map}]
Overfull \hbox (12.0pt too wide) in paragraph at lines 197--197
[][] 
 []


LaTeX Warning: Reference `s3' on page 2 undefined on input line 198.

[2]
Overfull \hbox (12.0pt too wide) in paragraph at lines 228--228
[][] 
 []


LaTeX Warning: Reference `S2' on page 3 undefined on input line 246.


LaTeX Warning: Reference `S2' on page 3 undefined on input line 263.


LaTeX Warning: Reference `s3' on page 3 undefined on input line 276.


LaTeX Warning: Reference `new' on page 3 undefined on input line 282.

[3]
Overfull \hbox (185.49443pt too wide) in paragraph at lines 279--290
\OT1/cmr/m/n/10 de-fined over $\OML/cmm/m/it/10 R$ \OT1/cmr/m/n/10 (see [] for 
the def-i-ni-tion). [] 
 []


Underfull \vbox (badness 10000) has occurred while \output is active []



LaTeX Warning: Reference `S4' on page 4 undefined on input line 291.


LaTeX Warning: Reference `e0' on page 4 undefined on input line 323.


LaTeX Warning: Reference `1.7' on page 5 undefined on input line 364.

[4]
Overfull \hbox (12.0pt too wide) in paragraph at lines 364--364
[][] 
 []


LaTeX Warning: Reference `2.12' on page 5 undefined on input line 365.

LaTeX Font Info:    Try loading font information for OMS+cmr on input line 405.

(/usr/share/texlive/texmf-dist/tex/latex/base/omscmr.fd
File: omscmr.fd 2014/09/29 v2.5h Standard LaTeX font definitions
)
LaTeX Font Info:    Font shape `OMS/cmr/m/n' in size <10> not available
(Font)              Font shape `OMS/cmsy/m/n' tried instead on input line 405.


LaTeX Warning: Reference `s2.1' on page 5 undefined on input line 405.


LaTeX Warning: Reference `s2.2' on page 5 undefined on input line 407.


LaTeX Warning: Reference `s2.3' on page 5 undefined on input line 408.


LaTeX Warning: Reference `s2.40' on page 5 undefined on input line 408.


LaTeX Warning: Reference `s2.4' on page 5 undefined on input line 409.


LaTeX Warning: Reference `S4' on page 6 undefined on input line 464.


LaTeX Warning: Reference `S2' on page 6 undefined on input line 464.

[5]
Overfull \hbox (12.0pt too wide) in paragraph at lines 464--464
[][] 
 []


LaTeX Warning: Reference `S2' on page 6 undefined on input line 465.


LaTeX Warning: Reference `10' on page 7 undefined on input line 476.


LaTeX Warning: Reference `1' on page 7 undefined on input line 533.


LaTeX Warning: Reference `eq_act1' on page 7 undefined on input line 536.

[6]
Overfull \hbox (12.0pt too wide) in paragraph at lines 543--543
[][] 
 []

[7]
Overfull \hbox (184.7642pt too wide) in paragraph at lines 553--561
\OT1/cmr/m/n/10 the part of $[]$ sup-ported on ma-tri-ces in $\OML/cmm/m/it/10 
K$\OT1/cmr/m/n/10 . [] 
 []


LaTeX Warning: Reference `eq_act1' on page 8 undefined on input line 570.

[8]
Overfull \hbox (12.0pt too wide) in paragraph at lines 580--580
[][] 
 []


LaTeX Warning: Reference `2.3' on page 8 undefined on input line 584.


LaTeX Warning: Reference `s2.4' on page 8 undefined on input line 585.


LaTeX Warning: Reference `eq_star' on page 8 undefined on input line 595.

[9]

LaTeX Warning: Reference `eq_star' on page 8 undefined on input line 609.


LaTeX Warning: Reference `s4.3' on page 9 undefined on input line 660.


LaTeX Warning: Reference `2.2' on page 9 undefined on input line 667.

[10]
Overfull \hbox (12.0pt too wide) in paragraph at lines 687--687
[][] 
 []


LaTeX Warning: Reference `s2.1' on page 10 undefined on input line 689.


LaTeX Warning: Reference `eq_star' on page 10 undefined on input line 691.


LaTeX Warning: Reference `new' on page 10 undefined on input line 695.

[11]
Overfull \hbox (239.2968pt too wide) in paragraph at lines 690--703
\OT1/cmr/m/n/10 mor-phism to the space of ex-tended pe-riod poly-no-mi-als. [] 

 []

[12]
Overfull \hbox (12.0pt too wide) in paragraph at lines 716--716
[][] 
 []

[13]
Overfull \hbox (240.7562pt too wide) in paragraph at lines 736--753
\OT1/cmr/m/n/10 an ex-plicit ba-sis of the cobound-ary sub-space of $\OML/cmm/m
/it/10 W[]\OT1/cmr/m/n/10 (\OML/cmm/m/it/10 N\OT1/cmr/m/n/10 )$. [] 
 []


LaTeX Warning: Reference `2.3' on page 11 undefined on input line 766.


LaTeX Warning: Reference `10' on page 11 undefined on input line 769.

[14]
Overfull \hbox (115.04655pt too wide) in paragraph at lines 782--798
\OT1/cmr/m/n/10 ex-plic-itly in Ex-am-ple 2.6 . [] 
 []


LaTeX Warning: Reference `10' on page 11 undefined on input line 820.


LaTeX Warning: Reference `s2.2' on page 11 undefined on input line 820.

[15]
Overfull \hbox (156.6472pt too wide) in paragraph at lines 822--832
[]\OT1/cmr/m/n/10 (\OML/cmm/m/it/10 E[]\OT1/cmr/m/n/10 ) \OMS/cmsy/m/n/10 2 []\
OT1/cmr/m/n/10 (1)$ in Ex-am-ple 2.6 . [] 
 []


LaTeX Warning: Reference `2.9' on page 12 undefined on input line 837.


LaTeX Warning: Reference `2.12' on page 12 undefined on input line 846.


LaTeX Warning: Reference `1.2' on page 12 undefined on input line 863.


LaTeX Warning: Reference `2.12' on page 12 undefined on input line 866.


LaTeX Warning: Reference `2.10' on page 13 undefined on input line 902.


LaTeX Warning: Reference `new' on page 13 undefined on input line 903.


LaTeX Warning: Reference `2.8' on page 13 undefined on input line 910.


LaTeX Warning: Reference `2.10' on page 13 undefined on input line 914.


LaTeX Warning: Reference `2.12' on page 13 undefined on input line 932.


LaTeX Warning: Reference `2.2' on page 13 undefined on input line 943.


LaTeX Warning: Reference `e0' on page 13 undefined on input line 971.

[16]
Overfull \hbox (12.0pt too wide) in paragraph at lines 971--971
[][] 
 []


Underfull \vbox (badness 4001) has occurred while \output is active []

 [17]
Overfull \hbox (2.22221pt too wide) in paragraph at lines 995--1002
 [] 
 []

[18]
Overfull \hbox (12.0pt too wide) in paragraph at lines 1019--1019
[][] 
 []


LaTeX Warning: Reference `new' on page 15 undefined on input line 1053.


LaTeX Warning: Reference `s2.2' on page 15 undefined on input line 1057.


LaTeX Warning: Reference `12' on page 15 undefined on input line 1077.

[19]
Overfull \hbox (12.0pt too wide) in paragraph at lines 1077--1077
[][] 
 []

<xymatrix 8x2 345> <xymatrix 3x2 252> [20]
Overfull \hbox (255.09308pt too wide) in paragraph at lines 1153--1165
\OT1/cmr/m/n/10 co-ho-mol-ogy given in [[], []]. First we need an easy lemma. [
] 
 []

[21]
Overfull \hbox (12.0pt too wide) in paragraph at lines 1188--1188
[][] 
 []

[22]
Overfull \hbox (12.0pt too wide) in paragraph at lines 1194--1194
[][] 
 []

<xymatrix 2x2 188> [23]
Overfull \hbox (175.62999pt too wide) in paragraph at lines 1257--1266
\OT1/cmr/m/n/10 ho-mol-ogy ring is also de-ter-mined in [[]]. [] 
 []

<xymatrix 3x2 152> [24]
Overfull \hbox (12.0pt too wide) in paragraph at lines 1335--1335
[][] 
 []

[25]
Overfull \hbox (12.0pt too wide) in paragraph at lines 1364--1364
[][] 
 []

[26]
Overfull \hbox (12.0pt too wide) in paragraph at lines 1394--1394
[][] 
 []


Underfull \vbox (badness 10000) has occurred while \output is active []

Missing character: There is no â in font cmr8!
Missing character: There is no € in font cmr8!
Missing character: There is no “ in font cmr8!

Underfull \hbox (badness 10000) in paragraph at lines 1448--1450
[]\OT1/cmr/m/n/8 G. Harder, \OT1/cmr/m/it/8 Co-ho-mol-ogy of arith-metic groups
. \OT1/cmr/m/n/8 File ``Chap-ter-six 1.pdf'' re-cov-ered from
 []

! Undefined control sequence.
l.1475     \url
               {http://pari.math.u-bordeaux.fr/}.
The control sequence at the end of the top line
of your error message was never \def'ed. If you have
misspelled it (e.g., `\hobx'), type `I' and the correct
spelling (e.g., `I\hbox'). Otherwise just continue,
and I'll forget about whatever was undefined.

Missing character: There is no â in font cmr8!
Missing character: There is no € in font cmr8!
Missing character: There is no “ in font cmr8!

Underfull \vbox (badness 10000) has occurred while \output is active []


(source_extraction/results/1612.00765.aux)

LaTeX Warning: There were undefined references.

 ) 
Here is how much of TeX's memory you used:
 5616 strings out of 494260
 67247 string characters out of 6168642
 198172 words of memory out of 5000000
 8708 multiletter control sequences out of 15000+600000
 14727 words of font info for 60 fonts, out of 8000000 for 9000
 658 hyphenation exceptions out of 8191
 34i,13n,32p,3247b,474s stack positions out of 5000i,500n,10000p,200000b,80000s
</usr/share/texlive/texmf-dist/fonts/type1/public/amsfonts/cm/cmbx10.pfb></us
r/share/texlive/texmf-dist/fonts/type1/public/amsfonts/cm/cmex10.pfb></usr/shar
e/texlive/texmf-dist/fonts/type1/public/amsfonts/cm/cmmi10.pfb></usr/share/texl
ive/texmf-dist/fonts/type1/public/amsfonts/cm/cmmi5.pfb></usr/share/texlive/tex
mf-dist/fonts/type1/public/amsfonts/cm/cmmi7.pfb></usr/share/texlive/texmf-dist
/fonts/type1/public/amsfonts/cm/cmr10.pfb></usr/share/texlive/texmf-dist/fonts/
type1/public/amsfonts/cm/cmr5.pfb></usr/share/texlive/texmf-dist/fonts/type1/pu
blic/amsfonts/cm/cmr7.pfb></usr/share/texlive/texmf-dist/fonts/type1/public/ams
fonts/cm/cmsy10.pfb></usr/share/texlive/texmf-dist/fonts/type1/public/amsfonts/
cm/cmsy5.pfb></usr/share/texlive/texmf-dist/fonts/type1/public/amsfonts/cm/cmsy
7.pfb></usr/share/texlive/texmf-dist/fonts/type1/public/amsfonts/cm/cmti10.pfb>
</usr/share/texlive/texmf-dist/fonts/type1/public/amsfonts/symbols/msam10.pfb><
/usr/share/texlive/texmf-dist/fonts/type1/public/amsfonts/symbols/msbm10.pfb>
Output written on source_extraction/results/1612.00765.pdf (26 pages, 188526 by
tes).
PDF statistics:
 145 PDF objects out of 1000 (max. 8388607)
 101 compressed objects within 2 object streams
 0 named destinations out of 1000 (max. 500000)
 1 words of extra memory for PDF output out of 10000 (max. 10000000)

