This is pdfTeX, Version 3.14159265-2.6-1.40.18 (TeX Live 2017/Debian) (preloaded format=pdflatex 2018.11.16)  29 NOV 2018 14:49
entering extended mode
 restricted \write18 enabled.
 %&-line parsing enabled.
**source_extraction/results/1701.00027.tex
(./source_extraction/results/1701.00027.tex
LaTeX2e <2017-04-15>
Babel <3.18> and hyphenation patterns for 20 language(s) loaded.
(/usr/share/texlive/texmf-dist/tex/latex/amscls/amsart.cls
Document Class: amsart 2017/10/31 v2.20.4
\linespacing=\dimen102
\normalparindent=\dimen103
\normaltopskip=\skip41
(/usr/share/texlive/texmf-dist/tex/latex/amsmath/amsmath.sty
Package: amsmath 2017/09/02 v2.17a AMS math features
\@mathmargin=\skip42

For additional information on amsmath, use the `?' option.
(/usr/share/texlive/texmf-dist/tex/latex/amsmath/amstext.sty
Package: amstext 2000/06/29 v2.01 AMS text

(/usr/share/texlive/texmf-dist/tex/latex/amsmath/amsgen.sty
File: amsgen.sty 1999/11/30 v2.0 generic functions
\@emptytoks=\toks14
\ex@=\dimen104
))
(/usr/share/texlive/texmf-dist/tex/latex/amsmath/amsbsy.sty
Package: amsbsy 1999/11/29 v1.2d Bold Symbols
\pmbraise@=\dimen105
)
(/usr/share/texlive/texmf-dist/tex/latex/amsmath/amsopn.sty
Package: amsopn 2016/03/08 v2.02 operator names
)
\inf@bad=\count79
LaTeX Info: Redefining \frac on input line 213.
\uproot@=\count80
\leftroot@=\count81
LaTeX Info: Redefining \overline on input line 375.
\classnum@=\count82
\DOTSCASE@=\count83
LaTeX Info: Redefining \ldots on input line 472.
LaTeX Info: Redefining \dots on input line 475.
LaTeX Info: Redefining \cdots on input line 596.
\Mathstrutbox@=\box26
\strutbox@=\box27
\big@size=\dimen106
LaTeX Font Info:    Redeclaring font encoding OML on input line 712.
LaTeX Font Info:    Redeclaring font encoding OMS on input line 713.
\macc@depth=\count84
\c@MaxMatrixCols=\count85
\dotsspace@=\muskip10
\c@parentequation=\count86
\dspbrk@lvl=\count87
\tag@help=\toks15
\row@=\count88
\column@=\count89
\maxfields@=\count90
\andhelp@=\toks16
\eqnshift@=\dimen107
\alignsep@=\dimen108
\tagshift@=\dimen109
\tagwidth@=\dimen110
\totwidth@=\dimen111
\lineht@=\dimen112
\@envbody=\toks17
\multlinegap=\skip43
\multlinetaggap=\skip44
\mathdisplay@stack=\toks18
LaTeX Info: Redefining \[ on input line 2817.
LaTeX Info: Redefining \] on input line 2818.
)
LaTeX Font Info:    Try loading font information for U+msa on input line 398.

(/usr/share/texlive/texmf-dist/tex/latex/amsfonts/umsa.fd
File: umsa.fd 2013/01/14 v3.01 AMS symbols A
)
(/usr/share/texlive/texmf-dist/tex/latex/amsfonts/amsfonts.sty
Package: amsfonts 2013/01/14 v3.01 Basic AMSFonts support
\symAMSa=\mathgroup4
\symAMSb=\mathgroup5
LaTeX Font Info:    Overwriting math alphabet `\mathfrak' in version `bold'
(Font)                  U/euf/m/n --> U/euf/b/n on input line 106.
)
\copyins=\insert199
\abstractbox=\box28
\listisep=\skip45
\c@part=\count91
\c@section=\count92
\c@subsection=\count93
\c@subsubsection=\count94
\c@paragraph=\count95
\c@subparagraph=\count96
\c@figure=\count97
\c@table=\count98
\abovecaptionskip=\skip46
\belowcaptionskip=\skip47
\captionindent=\dimen113
\thm@style=\toks19
\thm@bodyfont=\toks20
\thm@headfont=\toks21
\thm@notefont=\toks22
\thm@headpunct=\toks23
\thm@preskip=\skip48
\thm@postskip=\skip49
\thm@headsep=\skip50
\dth@everypar=\toks24
)
(/usr/share/texlive/texmf-dist/tex/latex/base/fontenc.sty
Package: fontenc 2017/04/05 v2.0i Standard LaTeX package

(/usr/share/texlive/texmf-dist/tex/latex/base/t1enc.def
File: t1enc.def 2017/04/05 v2.0i Standard LaTeX file
LaTeX Font Info:    Redeclaring font encoding T1 on input line 48.
))
(/usr/share/texlive/texmf-dist/tex/latex/base/inputenc.sty
Package: inputenc 2015/03/17 v1.2c Input encoding file
\inpenc@prehook=\toks25
\inpenc@posthook=\toks26

(/usr/share/texlive/texmf-dist/tex/latex/base/latin9.def
File: latin9.def 2015/03/17 v1.2c Input encoding file
))
(/usr/share/texlive/texmf-dist/tex/latex/tools/verbatim.sty
Package: verbatim 2014/10/28 v1.5q LaTeX2e package for verbatim enhancements
\every@verbatim=\toks27
\verbatim@line=\toks28
\verbatim@in@stream=\read1
)
(/usr/share/texlive/texmf-dist/tex/latex/float/float.sty
Package: float 2001/11/08 v1.3d Float enhancements (AL)
\c@float@type=\count99
\float@exts=\toks29
\float@box=\box29
\@float@everytoks=\toks30
\@floatcapt=\box30
)
(/usr/share/texlive/texmf-dist/tex/latex/units/units.sty
Package: units 1998/08/04 v0.9b Typesetting units

(/usr/share/texlive/texmf-dist/tex/latex/base/ifthen.sty
Package: ifthen 2014/09/29 v1.1c Standard LaTeX ifthen package (DPC)
)
(/usr/share/texlive/texmf-dist/tex/latex/units/nicefrac.sty
Package: nicefrac 1998/08/04 v0.9b Nice fractions
\L@UnitsRaiseDisplaystyle=\skip51
\L@UnitsRaiseTextstyle=\skip52
\L@UnitsRaiseScriptstyle=\skip53
))
(/usr/share/texlive/texmf-dist/tex/latex/base/textcomp.sty
Package: textcomp 2017/04/05 v2.0i Standard LaTeX package
Package textcomp Info: Sub-encoding information:
(textcomp)               5 = only ISO-Adobe without \textcurrency
(textcomp)               4 = 5 + \texteuro
(textcomp)               3 = 4 + \textohm
(textcomp)               2 = 3 + \textestimated + \textcurrency
(textcomp)               1 = TS1 - \textcircled - \t
(textcomp)               0 = TS1 (full)
(textcomp)             Font families with sub-encoding setting implement
(textcomp)             only a restricted character set as indicated.
(textcomp)             Family '?' is the default used for unknown fonts.
(textcomp)             See the documentation for details.
Package textcomp Info: Setting ? sub-encoding to TS1/1 on input line 79.

(/usr/share/texlive/texmf-dist/tex/latex/base/ts1enc.def
File: ts1enc.def 2001/06/05 v3.0e (jk/car/fm) Standard LaTeX file
)
LaTeX Info: Redefining \oldstylenums on input line 334.
Package textcomp Info: Setting cmr sub-encoding to TS1/0 on input line 349.
Package textcomp Info: Setting cmss sub-encoding to TS1/0 on input line 350.
Package textcomp Info: Setting cmtt sub-encoding to TS1/0 on input line 351.
Package textcomp Info: Setting cmvtt sub-encoding to TS1/0 on input line 352.
Package textcomp Info: Setting cmbr sub-encoding to TS1/0 on input line 353.
Package textcomp Info: Setting cmtl sub-encoding to TS1/0 on input line 354.
Package textcomp Info: Setting ccr sub-encoding to TS1/0 on input line 355.
Package textcomp Info: Setting ptm sub-encoding to TS1/4 on input line 356.
Package textcomp Info: Setting pcr sub-encoding to TS1/4 on input line 357.
Package textcomp Info: Setting phv sub-encoding to TS1/4 on input line 358.
Package textcomp Info: Setting ppl sub-encoding to TS1/3 on input line 359.
Package textcomp Info: Setting pag sub-encoding to TS1/4 on input line 360.
Package textcomp Info: Setting pbk sub-encoding to TS1/4 on input line 361.
Package textcomp Info: Setting pnc sub-encoding to TS1/4 on input line 362.
Package textcomp Info: Setting pzc sub-encoding to TS1/4 on input line 363.
Package textcomp Info: Setting bch sub-encoding to TS1/4 on input line 364.
Package textcomp Info: Setting put sub-encoding to TS1/5 on input line 365.
Package textcomp Info: Setting uag sub-encoding to TS1/5 on input line 366.
Package textcomp Info: Setting ugq sub-encoding to TS1/5 on input line 367.
Package textcomp Info: Setting ul8 sub-encoding to TS1/4 on input line 368.
Package textcomp Info: Setting ul9 sub-encoding to TS1/4 on input line 369.
Package textcomp Info: Setting augie sub-encoding to TS1/5 on input line 370.
Package textcomp Info: Setting dayrom sub-encoding to TS1/3 on input line 371.
Package textcomp Info: Setting dayroms sub-encoding to TS1/3 on input line 372.

Package textcomp Info: Setting pxr sub-encoding to TS1/0 on input line 373.
Package textcomp Info: Setting pxss sub-encoding to TS1/0 on input line 374.
Package textcomp Info: Setting pxtt sub-encoding to TS1/0 on input line 375.
Package textcomp Info: Setting txr sub-encoding to TS1/0 on input line 376.
Package textcomp Info: Setting txss sub-encoding to TS1/0 on input line 377.
Package textcomp Info: Setting txtt sub-encoding to TS1/0 on input line 378.
Package textcomp Info: Setting lmr sub-encoding to TS1/0 on input line 379.
Package textcomp Info: Setting lmdh sub-encoding to TS1/0 on input line 380.
Package textcomp Info: Setting lmss sub-encoding to TS1/0 on input line 381.
Package textcomp Info: Setting lmssq sub-encoding to TS1/0 on input line 382.
Package textcomp Info: Setting lmvtt sub-encoding to TS1/0 on input line 383.
Package textcomp Info: Setting lmtt sub-encoding to TS1/0 on input line 384.
Package textcomp Info: Setting qhv sub-encoding to TS1/0 on input line 385.
Package textcomp Info: Setting qag sub-encoding to TS1/0 on input line 386.
Package textcomp Info: Setting qbk sub-encoding to TS1/0 on input line 387.
Package textcomp Info: Setting qcr sub-encoding to TS1/0 on input line 388.
Package textcomp Info: Setting qcs sub-encoding to TS1/0 on input line 389.
Package textcomp Info: Setting qpl sub-encoding to TS1/0 on input line 390.
Package textcomp Info: Setting qtm sub-encoding to TS1/0 on input line 391.
Package textcomp Info: Setting qzc sub-encoding to TS1/0 on input line 392.
Package textcomp Info: Setting qhvc sub-encoding to TS1/0 on input line 393.
Package textcomp Info: Setting futs sub-encoding to TS1/4 on input line 394.
Package textcomp Info: Setting futx sub-encoding to TS1/4 on input line 395.
Package textcomp Info: Setting futj sub-encoding to TS1/4 on input line 396.
Package textcomp Info: Setting hlh sub-encoding to TS1/3 on input line 397.
Package textcomp Info: Setting hls sub-encoding to TS1/3 on input line 398.
Package textcomp Info: Setting hlst sub-encoding to TS1/3 on input line 399.
Package textcomp Info: Setting hlct sub-encoding to TS1/5 on input line 400.
Package textcomp Info: Setting hlx sub-encoding to TS1/5 on input line 401.
Package textcomp Info: Setting hlce sub-encoding to TS1/5 on input line 402.
Package textcomp Info: Setting hlcn sub-encoding to TS1/5 on input line 403.
Package textcomp Info: Setting hlcw sub-encoding to TS1/5 on input line 404.
Package textcomp Info: Setting hlcf sub-encoding to TS1/5 on input line 405.
Package textcomp Info: Setting pplx sub-encoding to TS1/3 on input line 406.
Package textcomp Info: Setting pplj sub-encoding to TS1/3 on input line 407.
Package textcomp Info: Setting ptmx sub-encoding to TS1/4 on input line 408.
Package textcomp Info: Setting ptmj sub-encoding to TS1/4 on input line 409.
)
(/usr/share/texlive/texmf-dist/tex/latex/multirow/multirow.sty
Package: multirow 2016/11/25 v2.2 Span multiple rows of a table
\multirow@colwidth=\skip54
\multirow@cntb=\count100
\multirow@dima=\skip55
\bigstrutjot=\dimen114
)
(/usr/share/texlive/texmf-dist/tex/latex/amsfonts/amssymb.sty
Package: amssymb 2013/01/14 v3.01 AMS font symbols
)
(/usr/share/texlive/texmf-dist/tex/generic/xypic/xy.sty
(/usr/share/texlive/texmf-dist/tex/generic/xypic/xy.tex Bootstrap'ing:
catcodes, docmode, (/usr/share/texlive/texmf-dist/tex/generic/xypic/xyrecat.tex
) (/usr/share/texlive/texmf-dist/tex/generic/xypic/xyidioms.tex)

 Xy-pic version 3.8.9 <2013/10/06>
 Copyright (c) 1991-2013 by Kristoffer H. Rose <krisrose@tug.org> and others
 Xy-pic is free software: see the User's Guide for details.

Loading kernel: messages; fonts; allocations: state,
\X@c=\dimen115
\Y@c=\dimen116
\U@c=\dimen117
\D@c=\dimen118
\L@c=\dimen119
\R@c=\dimen120
\Edge@c=\toks31
\X@p=\dimen121
\Y@p=\dimen122
\U@p=\dimen123
\D@p=\dimen124
\L@p=\dimen125
\R@p=\dimen126
\Edge@p=\toks32
\X@origin=\dimen127
\Y@origin=\dimen128
\X@xbase=\dimen129
\Y@xbase=\dimen130
\X@ybase=\dimen131
\Y@ybase=\dimen132
\X@min=\dimen133
\Y@min=\dimen134
\X@max=\dimen135
\Y@max=\dimen136
\lastobjectbox@=\box31
\zerodotbox@=\box32
\almostz@=\dimen137
 direction,
\d@X=\dimen138
\d@Y=\dimen139
\K@=\count101
\KK@=\count102
\Direction=\count103
\K@dXdY=\dimen140
\K@dYdX=\dimen141
\xyread@=\read2
\xywrite@=\write3
\csp@=\count104
\quotPTK@=\dimen142

utility macros; pictures: \xy, positions,
\swaptoks@@=\toks33
\connectobjectbox@@=\box33
 objects,
\styletoks@=\toks34
 decorations;
kernel objects: directionals, circles, text; options; algorithms: directions,
edges, connections;  Xy-pic loaded)
(/usr/share/texlive/texmf-dist/tex/generic/oberdiek/ifpdf.sty
Package: ifpdf 2017/03/15 v3.2 Provides the ifpdf switch
)
Package: xy 2013/10/06 Xy-pic version 3.8.9

(/usr/share/texlive/texmf-dist/tex/generic/xypic/xyall.tex
 Xy-pic option: All features v.3.8
(/usr/share/texlive/texmf-dist/tex/generic/xypic/xycurve.tex
 Xy-pic option: Curve and Spline extension v.3.12 curve,
\crv@cnt@=\count105
\crvpts@=\toks35
\splinebox@=\box34
\splineval@=\dimen143
\splinedepth@=\dimen144
\splinetol@=\dimen145
\splinelength@=\dimen146
 circles,
\L@=\dimen147
 loaded)
(/usr/share/texlive/texmf-dist/tex/generic/xypic/xyframe.tex
 Xy-pic option: Frame and Bracket extension v.3.14 loaded)
(/usr/share/texlive/texmf-dist/tex/generic/xypic/xycmtip.tex
 Xy-pic option: Computer Modern tip extension v.3.7
(/usr/share/texlive/texmf-dist/tex/generic/xypic/xytips.tex
 Xy-pic option: More Tips extension v.3.11 loaded) loaded)
(/usr/share/texlive/texmf-dist/tex/generic/xypic/xyline.tex
 Xy-pic option: Line styles extension v.3.10
\xylinethick@=\dimen148
 loaded)
(/usr/share/texlive/texmf-dist/tex/generic/xypic/xyrotate.tex
 Xy-pic option: Rotate and Scale extension v.3.8 loaded)
(/usr/share/texlive/texmf-dist/tex/generic/xypic/xycolor.tex
 Xy-pic option: Colour extension v.3.11 loaded)
(/usr/share/texlive/texmf-dist/tex/generic/xypic/xymatrix.tex
 Xy-pic option: Matrix feature v.3.14
\Row=\count106
\Col=\count107
\queue@=\toks36
\queue@@=\toks37
\qcount@=\count108
\qcount@@=\count109
\matrixsize@=\count110
 loaded)
(/usr/share/texlive/texmf-dist/tex/generic/xypic/xyarrow.tex
 Xy-pic option: Arrow and Path feature v.3.9 path, \ar, loaded)
(/usr/share/texlive/texmf-dist/tex/generic/xypic/xygraph.tex
 Xy-pic option: Graph feature v.3.11 loaded) loaded)
(/usr/share/texlive/texmf-dist/tex/generic/xypic/xypdf.tex
 Xy-pic option: PDF driver v.1.7 Xy-pic pdf driver: `color' extension support
(/usr/share/texlive/texmf-dist/tex/generic/xypic/xypdf-co.tex loaded)
Xy-pic pdf driver: `curve' extension support
(/usr/share/texlive/texmf-dist/tex/generic/xypic/xypdf-cu.tex loaded)
Xy-pic pdf driver: `frame' extension support
(/usr/share/texlive/texmf-dist/tex/generic/xypic/xypdf-fr.tex loaded)
Xy-pic pdf driver: `line' extension support
(/usr/share/texlive/texmf-dist/tex/generic/xypic/xypdf-li.tex loaded)
Xy-pic pdf driver: `rotate' extension support
(/usr/share/texlive/texmf-dist/tex/generic/xypic/xypdf-ro.tex loaded) loaded))
! Undefined control sequence.
<argument> \hypersetup 
                       
l.19 \hypersetup{
                 pdftitle={Pseudoeffective cones in 2-Fano varieties},
The control sequence at the end of the top line
of your error message was never \def'ed. If you have
misspelled it (e.g., `\hobx'), type `I' and the correct
spelling (e.g., `I\hbox'). Otherwise just continue,
and I'll forget about whatever was undefined.


! LaTeX Error: Missing \begin{document}.

See the LaTeX manual or LaTeX Companion for explanation.
Type  H <return>  for immediate help.
 ...                                              
                                                  
l.19 \hypersetup{p
                  dftitle={Pseudoeffective cones in 2-Fano varieties},
You're in trouble here.  Try typing  <return>  to proceed.
If that doesn't work, type  X <return>  to quit.


Overfull \hbox (128.35747pt too wide) in paragraph at lines 19--24
[]\T1/cmr/m/n/10.95 pdftitle=Pseudoeffective
 []


Overfull \hbox (25.46674pt too wide) in paragraph at lines 19--24
\T1/cmr/m/n/10.95 cones
 []


Overfull \hbox (9.07448pt too wide) in paragraph at lines 19--24
\T1/cmr/m/n/10.95 in
 []


Overfull \hbox (9.07448pt too wide) in paragraph at lines 19--24
\T1/cmr/m/n/10.95 2-
 []


Overfull \hbox (23.1343pt too wide) in paragraph at lines 19--24
\T1/cmr/m/n/10.95 Fano
 []


Overfull \hbox (14.21617pt too wide) in paragraph at lines 19--24
\T1/cmr/m/n/10.95 va-
 []


Overfull \hbox (10.89165pt too wide) in paragraph at lines 19--24
\T1/cmr/m/n/10.95 ri-
 []


Overfull \hbox (24.26164pt too wide) in paragraph at lines 19--24
\T1/cmr/m/n/10.95 eties,
 []


Overfull \hbox (30.85019pt too wide) in paragraph at lines 19--24
\T1/cmr/m/n/10.95 pdfau-
 []


Overfull \hbox (28.42859pt too wide) in paragraph at lines 19--24
\T1/cmr/m/n/10.95 thor=
 []


Overfull \hbox (19.65335pt too wide) in paragraph at lines 19--24
\T1/cmr/m/n/10.95 Mu-
 []


Overfull \hbox (13.3095pt too wide) in paragraph at lines 19--24
\T1/cmr/m/n/10.95 ra-
 []


Overfull \hbox (18.75346pt too wide) in paragraph at lines 19--24
\T1/cmr/m/n/10.95 tore
 []


Overfull \hbox (20.64162pt too wide) in paragraph at lines 19--24
\T1/cmr/m/n/10.95 Gio-
 []


Overfull \hbox (15.18333pt too wide) in paragraph at lines 19--24
\T1/cmr/m/n/10.95 suè
 []


Overfull \hbox (49.4473pt too wide) in paragraph at lines 19--24
\T1/cmr/m/n/10.95 Emanuele,
 []


Overfull \hbox (19.35786pt too wide) in paragraph at lines 19--24
\T1/cmr/m/n/10.95 pdf-
 []


Overfull \hbox (20.02277pt too wide) in paragraph at lines 19--24
\T1/cmr/m/n/10.95 sub-
 []


Overfull \hbox (70.77199pt too wide) in paragraph at lines 19--24
\T1/cmr/m/n/10.95 ject=Algebraic
 []


Overfull \hbox (17.01108pt too wide) in paragraph at lines 19--24
\T1/cmr/m/n/10.95 Ge-
 []


Overfull \hbox (18.14519pt too wide) in paragraph at lines 19--24
\T1/cmr/m/n/10.95 om-
 []


Overfull \hbox (8.47003pt too wide) in paragraph at lines 19--24
\T1/cmr/m/n/10.95 e-
 []


Overfull \hbox (14.21619pt too wide) in paragraph at lines 19--24
\T1/cmr/m/n/10.95 try 
 []

(./extract.sty (/usr/share/texlive/texmf-dist/tex/latex/environ/environ.sty
Package: environ 2014/05/04 v0.3 A new way to define environments

(/usr/share/texlive/texmf-dist/tex/latex/trimspaces/trimspaces.sty
Package: trimspaces 2009/09/17 v1.1 Trim spaces around a token list
))
(/usr/share/texlive/texmf-dist/tex/latex/etextools/etextools.sty
Package: etextools 2010/12/07 v3.1415926 e-TeX more useful tools for LaTeX pack
age writers

(/usr/share/texlive/texmf-dist/tex/latex/etex-pkg/etex.sty
Package: etex 2016/08/01 v2.7 eTeX basic definition package (PEB,DPC)
\et@xins=\count111
)
(/usr/share/texlive/texmf-dist/tex/latex/etoolbox/etoolbox.sty
Package: etoolbox 2018/02/11 v2.5e e-TeX tools for LaTeX (JAW)
\etb@tempcnta=\count112
)
(/usr/share/texlive/texmf-dist/tex/latex/oberdiek/letltxmacro.sty
Package: letltxmacro 2016/05/16 v1.5 Let assignment for LaTeX macros (HO)
)
\ettl@fter=\count113
\ettl@for@nested=\count277
)
(/usr/share/texmf/tex/latex/preview/preview.sty
Package: preview 2017/04/24 11.91 (AUCTeX/preview-latex)

(/usr/share/texmf/tex/latex/preview/prtightpage.def
\PreviewBorder=\dimen149
)
\pr@snippet=\count114
\pr@box=\box35
\pr@output=\toks38
)
\c@propcounter=\count115
\mybox=\box36
)
\c@thm=\count116

(/usr/share/texlive/texmf-dist/tex/latex/geometry/geometry.sty
Package: geometry 2010/09/12 v5.6 Page Geometry

(/usr/share/texlive/texmf-dist/tex/latex/graphics/keyval.sty
Package: keyval 2014/10/28 v1.15 key=value parser (DPC)
\KV@toks@=\toks39
)
(/usr/share/texlive/texmf-dist/tex/generic/oberdiek/ifvtex.sty
Package: ifvtex 2016/05/16 v1.6 Detect VTeX and its facilities (HO)
Package ifvtex Info: VTeX not detected.
)
(/usr/share/texlive/texmf-dist/tex/generic/ifxetex/ifxetex.sty
Package: ifxetex 2010/09/12 v0.6 Provides ifxetex conditional
)
\Gm@cnth=\count117
\Gm@cntv=\count118
\c@Gm@tempcnt=\count119
\Gm@bindingoffset=\dimen150
\Gm@wd@mp=\dimen151
\Gm@odd@mp=\dimen152
\Gm@even@mp=\dimen153
\Gm@layoutwidth=\dimen154
\Gm@layoutheight=\dimen155
\Gm@layouthoffset=\dimen156
\Gm@layoutvoffset=\dimen157
\Gm@dimlist=\toks40
)
(/usr/share/texlive/texmf-dist/tex/latex/enumitem/enumitem.sty
Package: enumitem 2011/09/28 v3.5.2 Customized lists
\labelindent=\skip56
\enit@outerparindent=\dimen158
\enit@toks=\toks41
\enit@inbox=\box37
\enitdp@description=\count120
)
(/usr/share/texlive/texmf-dist/tex/generic/babel/babel.sty
Package: babel 2018/02/14 3.18 The Babel package

(/usr/share/texlive/texmf-dist/tex/generic/babel/switch.def
File: switch.def 2018/02/14 3.18 Babel switching mechanism
)
(/usr/share/texlive/texmf-dist/tex/generic/babel-english/british.ldf
Language: british 2017/06/06 v3.3r English support from the babel system

(/usr/share/texlive/texmf-dist/tex/generic/babel-english/english.ldf
Language: english 2017/06/06 v3.3r English support from the babel system

(/usr/share/texlive/texmf-dist/tex/generic/babel/babel.def
File: babel.def 2018/02/14 3.18 Babel common definitions
\babel@savecnt=\count121
\U@D=\dimen159

(/usr/share/texlive/texmf-dist/tex/generic/babel/txtbabel.def)
\bbl@dirlevel=\count122
)
\l@canadian = a dialect from \language\l@american 
\l@australian = a dialect from \language\l@british 
\l@newzealand = a dialect from \language\l@british 
))
(/usr/share/texlive/texmf-dist/tex/generic/babel-english/english.ldf
Language: english 2017/06/06 v3.3r English support from the babel system
))

Package Babel Warning: The package option `english' should not be used
(Babel)                with a more specific one (like `british') on input line 
64.

(source_extraction/results/1701.00027.aux)
\openout1 = `1701.00027.aux'.

LaTeX Font Info:    Checking defaults for OML/cmm/m/it on input line 71.
LaTeX Font Info:    ... okay on input line 71.
LaTeX Font Info:    Checking defaults for T1/cmr/m/n on input line 71.
LaTeX Font Info:    ... okay on input line 71.
LaTeX Font Info:    Checking defaults for OT1/cmr/m/n on input line 71.
LaTeX Font Info:    ... okay on input line 71.
LaTeX Font Info:    Checking defaults for OMS/cmsy/m/n on input line 71.
LaTeX Font Info:    ... okay on input line 71.
LaTeX Font Info:    Checking defaults for OMX/cmex/m/n on input line 71.
LaTeX Font Info:    ... okay on input line 71.
LaTeX Font Info:    Checking defaults for U/cmr/m/n on input line 71.
LaTeX Font Info:    ... okay on input line 71.
LaTeX Font Info:    Checking defaults for TS1/cmr/m/n on input line 71.
LaTeX Font Info:    Try loading font information for TS1+cmr on input line 71.

(/usr/share/texlive/texmf-dist/tex/latex/base/ts1cmr.fd
File: ts1cmr.fd 2014/09/29 v2.5h Standard LaTeX font definitions
)
LaTeX Font Info:    ... okay on input line 71.
LaTeX Font Info:    Try loading font information for U+msa on input line 71.

(/usr/share/texlive/texmf-dist/tex/latex/amsfonts/umsa.fd
File: umsa.fd 2013/01/14 v3.01 AMS symbols A
)
LaTeX Font Info:    Try loading font information for U+msb on input line 71.

(/usr/share/texlive/texmf-dist/tex/latex/amsfonts/umsb.fd
File: umsb.fd 2013/01/14 v3.01 AMS symbols B
)
Package xypdf Info: Line width: 0.43799pt on input line 71.

Preview: Fontsize 10.95pt
Preview: PDFoutput 1
*geometry* driver: auto-detecting
*geometry* detected driver: pdftex
*geometry* verbose mode - [ preamble ] result:
* driver: pdftex
* paper: a4paper
* layout: <same size as paper>
* layoutoffset:(h,v)=(0.0pt,0.0pt)
* modes: 
* h-part:(L,W,R)=(89.62709pt, 418.25368pt, 89.6271pt)
* v-part:(T,H,B)=(101.40665pt, 591.5302pt, 152.11pt)
* \paperwidth=597.50787pt
* \paperheight=845.04684pt
* \textwidth=418.25368pt
* \textheight=591.5302pt
* \oddsidemargin=17.3571pt
* \evensidemargin=17.3571pt
* \topmargin=7.13666pt
* \headheight=8.0pt
* \headsep=14.0pt
* \topskip=10.0pt
* \footskip=12.0pt
* \marginparwidth=90.0pt
* \marginparsep=11.0pt
* \columnsep=10.0pt
* \skip\footins=7.0pt plus 11.0pt
* \hoffset=0.0pt
* \voffset=0.0pt
* \mag=1000
* \@twocolumnfalse
* \@twosidefalse
* \@mparswitchfalse
* \@reversemarginfalse
* (1in=72.27pt=25.4mm, 1cm=28.453pt)

Preview: Tightpage -32891 -32891 32891 32891
[1{/var/lib/texmf/fonts/map/pdftex/updmap/pdftex.map}]
Underfull \hbox (badness 10000) in paragraph at lines 178--184
[]\T1/cmr/m/n/10.95 The cen-tral sub-ject of this pa-per will be the $\OML/cmm/
m/it/10.95 k$\T1/cmr/m/n/10.95 -Fano va-ri-eties.
 []

[2]
Underfull \hbox (badness 3128) in paragraph at lines 209--214
[]\T1/cmr/m/n/10.95 In this pa-per we in-ves-ti-gate a pos-si-ble way of gen-er
-al-iz-ing Mori's re-sult:
 []


Overfull \vbox (384.8995pt too high) has occurred while \output is active []


[3] [4] [5]
Overfull \hbox (12.0pt too wide) in paragraph at lines 307--307
[][] 
 []


Underfull \vbox (badness 10000) has occurred while \output is active []

 <xymatrix
4x2 173> [6]
Underfull \hbox (badness 10000) in paragraph at lines 309--328
[]\T1/cmr/m/n/10.95 We will of-ten use the fol-low-ing well-known facts:
 []

[7]
Overfull \hbox (12.0pt too wide) in paragraph at lines 338--338
[][] 
 []

[8]
Overfull \hbox (12.0pt too wide) in paragraph at lines 345--345
[][] 
 []


Underfull \vbox (badness 10000) has occurred while \output is active []

 [9]
[10]
Overfull \hbox (12.0pt too wide) in paragraph at lines 370--370
[][] 
 []

[11]
Underfull \hbox (badness 10000) in paragraph at lines 380--384
 \T1/cmr/m/n/10.95 3.1.\T1/cmr/bx/n/10.95 Weighted pro-jec-tive spaces.[] \T1/c
mr/m/n/10.95 Let $\U/msb/m/n/10.95 P\OT1/cmr/m/n/10.95 (\OT1/cmr/bx/n/10.95 w\O
T1/cmr/m/n/10.95 )$ \T1/cmr/m/n/10.95 be the
 []


Underfull \hbox (badness 10000) in paragraph at lines 380--384
\T1/cmr/m/n/10.95 weighted pro-jec-tive space where $\OT1/cmr/bx/n/10.95 w \OT1
/cmr/m/n/10.95 = (\OML/cmm/m/it/10.95 w[]; :::; w[]\OT1/cmr/m/n/10.95 ) \OMS/cm
sy/m/n/10.95 2 \U/msb/m/n/10.95 N[]$\T1/cmr/m/n/10.95 .
 []

[12]
Underfull \hbox (badness 10000) in paragraph at lines 393--399
[]\T1/cmr/m/n/10.95 Furthermore, if $\OML/cmm/m/it/10.95 X$ \T1/cmr/m/n/10.95 i
s a $\OML/cmm/m/it/10.95 k$\T1/cmr/m/n/10.95 -Fano com-plete in-ter-sec-tion in
 a pro-jec-
 []


Underfull \hbox (badness 10000) in paragraph at lines 393--399
\T1/cmr/m/n/10.95 tive space, then we can solve Con-jec-ture 1.2 , even for wea
k Fano.
 []

[13]
Overfull \hbox (12.0pt too wide) in paragraph at lines 456--456
[][] 
 []

[14]
Overfull \hbox (12.0pt too wide) in paragraph at lines 479--479
[][] 
 []


LaTeX Warning: Reference `eq:sum' on page 6 undefined on input line 501.


LaTeX Warning: Reference `eq:additivity' on page 6 undefined on input line 501.


[15] [16]
Overfull \hbox (12.0pt too wide) in paragraph at lines 526--526
[][] 
 []

[17]
Underfull \hbox (badness 10000) in paragraph at lines 534--534
 \T1/cmr/m/n/10.95 3.2.1.\T1/cmr/m/it/10.95 Complete in-ter-sec-tion of ra-tio-
nal ho-mo-ge-neous va-ri-eties.[]
 []

[18]
Overfull \hbox (12.0pt too wide) in paragraph at lines 541--541
[][] 
 []

[19]
Overfull \hbox (12.0pt too wide) in paragraph at lines 549--549
[][] 
 []

[20]
Overfull \hbox (12.0pt too wide) in paragraph at lines 559--559
[][] 
 []

[21]
Overfull \hbox (12.0pt too wide) in paragraph at lines 564--564
[][] 
 []


LaTeX Warning: Reference `eq:successione' on page 7 undefined on input line 619
.


LaTeX Warning: Reference `eq:-1-h13' on page 8 undefined on input line 619.


LaTeX Warning: Reference `eq:Koszul' on page 8 undefined on input line 619.


LaTeX Warning: Reference `eq:Canonical' on page 8 undefined on input line 619.


LaTeX Warning: Reference `eq:h22' on page 8 undefined on input line 619.


LaTeX Warning: Reference `eq:betti' on page 8 undefined on input line 619.

[22]
Overfull \hbox (12.0pt too wide) in paragraph at lines 623--623
[][] 
 []

<xymatrix 2x2 96> [23]
Overfull \hbox (12.0pt too wide) in paragraph at lines 740--740
[][] 
 []

[24] [25]
Overfull \hbox (12.0pt too wide) in paragraph at lines 1037--1037
[][] 
 []

[26]
Underfull \hbox (badness 10000) in paragraph at lines 1084--1099
\T1/cmr/m/n/10.95 The set all $\OML/cmm/m/it/10.95 ^^[[] \OT1/cmr/m/n/10.95 = [
]$ \T1/cmr/m/n/10.95 of codi-men-sion $\OML/cmm/m/it/10.95 k$ \T1/cmr/m/n/10.95
 is a ba-
 []


Underfull \hbox (badness 10000) in paragraph at lines 1084--1099
\T1/cmr/m/n/10.95 sis of $\OML/cmm/m/it/10.95 H[]\OT1/cmr/m/n/10.95 (\OML/cmm/m
/it/10.95 SG\OT1/cmr/m/n/10.95 (\OML/cmm/m/it/10.95 r; s\OT1/cmr/m/n/10.95 )\OM
L/cmm/m/it/10.95 ; \U/msb/m/n/10.95 Z\OT1/cmr/m/n/10.95 )$ \T1/cmr/m/n/10.95 by
 Ehres-mann's The-o-rem. The proof of
 []


Underfull \hbox (badness 10000) in paragraph at lines 1084--1099
\T1/cmr/m/n/10.95 the fol-low-ing lemma is the same of the case of $\OML/cmm/m/
it/10.95 OG\OT1/cmr/m/n/10.95 (\OML/cmm/m/it/10.95 r; \OT1/cmr/m/n/10.95 2\OML/
cmm/m/it/10.95 m \OT1/cmr/m/n/10.95 + 1)$\T1/cmr/m/n/10.95 .
 []

[27]
Overfull \hbox (116.04103pt too wide) in paragraph at lines 1109--1109
 \T1/cmr/m/n/10.95 3.3.\T1/cmr/bx/n/10.95 Other ex-am-ples.[] [] 
 []

[28]
Overfull \hbox (12.0pt too wide) in paragraph at lines 1175--1175
[][] 
 []

[29]
Underfull \hbox (badness 10000) in paragraph at lines 1224--1253
[]\T1/cmr/m/n/10.95 Araujo and Cas-travet [[], The-o-rem 3] suc-ceeded to clas-

 []


Underfull \hbox (badness 10000) in paragraph at lines 1224--1253
\T1/cmr/m/n/10.95 sify 2-Fano Del Pezzo and Mukai va-ri-eties. They proved:
 []


Underfull \vbox (badness 6691) has occurred while \output is active []


Runaway argument?
 If Anyway, $ch_{3}(Q)=0$ by \cite [Equation (3.1)]{MR3114934}, then \ETC.
! Paragraph ended before \verbatim@ was complete.
<to be read again> 
                   \par 
l.1285 \end{proof}
                  
I suspect you've forgotten a `}', causing me to apply this
control sequence to too much text. How can we recover?
My plan is to forget the whole thing and hope for the best.


! LaTeX Error: \begin{comment} on input line 1285 ended by \end{proof}.

See the LaTeX manual or LaTeX Companion for explanation.
Type  H <return>  for immediate help.
 ...                                              
                                                  
l.1285 \end{proof}
                  
Your command was ignored.
Type  I <command> <return>  to replace it with another command,
or  <return>  to continue without it.


Underfull \hbox (badness 2894) in paragraph at lines 1375--1376
[]\T1/cmr/m/n/9 Allen Hatcher, \T1/cmr/m/it/9 Al-ge-braic Topol-ogy\T1/cmr/m/n/
9 , Cam-bridge Uni-ver-sity Press, Cam-bridge, 2002.
 []


Underfull \vbox (badness 10000) has occurred while \output is active []

LaTeX Font Info:    Try loading font information for T1+cmtt on input line 1448
.

(/usr/share/texlive/texmf-dist/tex/latex/base/t1cmtt.fd
File: t1cmtt.fd 2014/09/29 v2.5h Standard LaTeX font definitions
)

! LaTeX Error: \begin{proof} on input line 1257 ended by \end{document}.

See the LaTeX manual or LaTeX Companion for explanation.
Type  H <return>  for immediate help.
 ...                                              
                                                  
l.1448 \end{document}
                     
Your command was ignored.
Type  I <command> <return>  to replace it with another command,
or  <return>  to continue without it.

(source_extraction/results/1701.00027.aux)

LaTeX Warning: There were undefined references.

 )
(\end occurred inside a group at level 1)

### semi simple group (level 1) entered at line 1257 (\begingroup)
### bottom level 
Here is how much of TeX's memory you used:
 7678 strings out of 494260
 97993 string characters out of 6168642
 251594 words of memory out of 5000000
 10682 multiletter control sequences out of 15000+600000
 24657 words of font info for 75 fonts, out of 8000000 for 9000
 658 hyphenation exceptions out of 8191
 34i,20n,32p,3272b,542s stack positions out of 5000i,500n,10000p,200000b,80000s
 </home/dasha/.texlive2017/texmf-var/fonts/pk/ljfour/jknappen/e
c/ecti1095.600pk> </home/dasha/.texlive2017/texmf-var/fonts/pk/ljfour/jknappen/
ec/ecbx1095.600pk> </home/dasha/.texlive2017/texmf-var/fonts/pk/ljfour/jknappen
/ec/ecrm1095.600pk></usr/share/texlive/texmf-dist/fonts/type1/public/amsfonts/c
m/cmex10.pfb></usr/share/texlive/texmf-dist/fonts/type1/public/amsfonts/cm/cmmi
10.pfb></usr/share/texlive/texmf-dist/fonts/type1/public/amsfonts/cm/cmmi6.pfb>
</usr/share/texlive/texmf-dist/fonts/type1/public/amsfonts/cm/cmmi8.pfb></usr/s
hare/texlive/texmf-dist/fonts/type1/public/amsfonts/cm/cmr10.pfb></usr/share/te
xlive/texmf-dist/fonts/type1/public/amsfonts/cm/cmr8.pfb></usr/share/texlive/te
xmf-dist/fonts/type1/public/amsfonts/cm/cmsy10.pfb></usr/share/texlive/texmf-di
st/fonts/type1/public/amsfonts/cm/cmsy8.pfb></usr/share/texlive/texmf-dist/font
s/type1/public/amsfonts/symbols/msam10.pfb></usr/share/texlive/texmf-dist/fonts
/type1/public/amsfonts/symbols/msbm10.pfb></usr/share/texlive/texmf-dist/fonts/
type1/public/xypic/xyatip10.pfb></usr/share/texlive/texmf-dist/fonts/type1/publ
ic/xypic/xybsql10.pfb></usr/share/texlive/texmf-dist/fonts/type1/public/xypic/x
ybtip10.pfb>
Output written on source_extraction/results/1701.00027.pdf (29 pages, 173077 by
tes).
PDF statistics:
 310 PDF objects out of 1000 (max. 8388607)
 116 compressed objects within 2 object streams
 0 named destinations out of 1000 (max. 500000)
 1 words of extra memory for PDF output out of 10000 (max. 10000000)

