This is pdfTeX, Version 3.14159265-2.6-1.40.18 (TeX Live 2017/Debian) (preloaded format=pdflatex 2018.11.16)  29 NOV 2018 14:49
entering extended mode
 restricted \write18 enabled.
 %&-line parsing enabled.
**source_extraction/results/1705.05612.tex
(./source_extraction/results/1705.05612.tex
LaTeX2e <2017-04-15>
Babel <3.18> and hyphenation patterns for 20 language(s) loaded.
(/usr/share/texlive/texmf-dist/tex/latex/amscls/amsart.cls
Document Class: amsart 2017/10/31 v2.20.4
\linespacing=\dimen102
\normalparindent=\dimen103
\normaltopskip=\skip41
(/usr/share/texlive/texmf-dist/tex/latex/amsmath/amsmath.sty
Package: amsmath 2017/09/02 v2.17a AMS math features
\@mathmargin=\skip42

For additional information on amsmath, use the `?' option.
(/usr/share/texlive/texmf-dist/tex/latex/amsmath/amstext.sty
Package: amstext 2000/06/29 v2.01 AMS text

(/usr/share/texlive/texmf-dist/tex/latex/amsmath/amsgen.sty
File: amsgen.sty 1999/11/30 v2.0 generic functions
\@emptytoks=\toks14
\ex@=\dimen104
))
(/usr/share/texlive/texmf-dist/tex/latex/amsmath/amsbsy.sty
Package: amsbsy 1999/11/29 v1.2d Bold Symbols
\pmbraise@=\dimen105
)
(/usr/share/texlive/texmf-dist/tex/latex/amsmath/amsopn.sty
Package: amsopn 2016/03/08 v2.02 operator names
)
\inf@bad=\count79
LaTeX Info: Redefining \frac on input line 213.
\uproot@=\count80
\leftroot@=\count81
LaTeX Info: Redefining \overline on input line 375.
\classnum@=\count82
\DOTSCASE@=\count83
LaTeX Info: Redefining \ldots on input line 472.
LaTeX Info: Redefining \dots on input line 475.
LaTeX Info: Redefining \cdots on input line 596.
\Mathstrutbox@=\box26
\strutbox@=\box27
\big@size=\dimen106
LaTeX Font Info:    Redeclaring font encoding OML on input line 712.
LaTeX Font Info:    Redeclaring font encoding OMS on input line 713.
\macc@depth=\count84
\c@MaxMatrixCols=\count85
\dotsspace@=\muskip10
\c@parentequation=\count86
\dspbrk@lvl=\count87
\tag@help=\toks15
\row@=\count88
\column@=\count89
\maxfields@=\count90
\andhelp@=\toks16
\eqnshift@=\dimen107
\alignsep@=\dimen108
\tagshift@=\dimen109
\tagwidth@=\dimen110
\totwidth@=\dimen111
\lineht@=\dimen112
\@envbody=\toks17
\multlinegap=\skip43
\multlinetaggap=\skip44
\mathdisplay@stack=\toks18
LaTeX Info: Redefining \[ on input line 2817.
LaTeX Info: Redefining \] on input line 2818.
)
LaTeX Font Info:    Try loading font information for U+msa on input line 398.

(/usr/share/texlive/texmf-dist/tex/latex/amsfonts/umsa.fd
File: umsa.fd 2013/01/14 v3.01 AMS symbols A
)
(/usr/share/texlive/texmf-dist/tex/latex/amsfonts/amsfonts.sty
Package: amsfonts 2013/01/14 v3.01 Basic AMSFonts support
\symAMSa=\mathgroup4
\symAMSb=\mathgroup5
LaTeX Font Info:    Overwriting math alphabet `\mathfrak' in version `bold'
(Font)                  U/euf/m/n --> U/euf/b/n on input line 106.
)
\copyins=\insert199
\abstractbox=\box28
\listisep=\skip45
\c@part=\count91
\c@section=\count92
\c@subsection=\count93
\c@subsubsection=\count94
\c@paragraph=\count95
\c@subparagraph=\count96
\c@figure=\count97
\c@table=\count98
\abovecaptionskip=\skip46
\belowcaptionskip=\skip47
\captionindent=\dimen113
\thm@style=\toks19
\thm@bodyfont=\toks20
\thm@headfont=\toks21
\thm@notefont=\toks22
\thm@headpunct=\toks23
\thm@preskip=\skip48
\thm@postskip=\skip49
\thm@headsep=\skip50
\dth@everypar=\toks24
)
(/usr/share/texlive/texmf-dist/tex/latex/amsfonts/amssymb.sty
Package: amssymb 2013/01/14 v3.01 AMS font symbols
)
(/usr/share/texlive/texmf-dist/tex/latex/jknapltx/mathrsfs.sty
Package: mathrsfs 1996/01/01 Math RSFS package v1.0 (jk)
\symrsfs=\mathgroup6
)
(/usr/share/texlive/texmf-dist/tex/latex/cite/cite.sty
LaTeX Info: Redefining \cite on input line 302.
LaTeX Info: Redefining \nocite on input line 332.
Package: cite 2015/02/27  v 5.5
) (./extract.sty
(/usr/share/texlive/texmf-dist/tex/latex/environ/environ.sty
Package: environ 2014/05/04 v0.3 A new way to define environments

(/usr/share/texlive/texmf-dist/tex/latex/trimspaces/trimspaces.sty
Package: trimspaces 2009/09/17 v1.1 Trim spaces around a token list
))
(/usr/share/texlive/texmf-dist/tex/latex/etextools/etextools.sty
Package: etextools 2010/12/07 v3.1415926 e-TeX more useful tools for LaTeX pack
age writers

(/usr/share/texlive/texmf-dist/tex/latex/etex-pkg/etex.sty
Package: etex 2016/08/01 v2.7 eTeX basic definition package (PEB,DPC)
\et@xins=\count99
)
(/usr/share/texlive/texmf-dist/tex/latex/etoolbox/etoolbox.sty
Package: etoolbox 2018/02/11 v2.5e e-TeX tools for LaTeX (JAW)
\etb@tempcnta=\count100
)
(/usr/share/texlive/texmf-dist/tex/latex/oberdiek/letltxmacro.sty
Package: letltxmacro 2016/05/16 v1.5 Let assignment for LaTeX macros (HO)
)
\ettl@fter=\count101
\ettl@for@nested=\count277
)
(/usr/share/texmf/tex/latex/preview/preview.sty
Package: preview 2017/04/24 11.91 (AUCTeX/preview-latex)

(/usr/share/texmf/tex/latex/preview/prtightpage.def
\PreviewBorder=\dimen114
)
\pr@snippet=\count102
\pr@box=\box29
\pr@output=\toks25
)
\c@propcounter=\count103
\mybox=\box30
)
\c@theorem=\count104
\c@lemma=\count105

(source_extraction/results/1705.05612.aux)
\openout1 = `1705.05612.aux'.

LaTeX Font Info:    Checking defaults for OML/cmm/m/it on input line 26.
LaTeX Font Info:    ... okay on input line 26.
LaTeX Font Info:    Checking defaults for T1/cmr/m/n on input line 26.
LaTeX Font Info:    ... okay on input line 26.
LaTeX Font Info:    Checking defaults for OT1/cmr/m/n on input line 26.
LaTeX Font Info:    ... okay on input line 26.
LaTeX Font Info:    Checking defaults for OMS/cmsy/m/n on input line 26.
LaTeX Font Info:    ... okay on input line 26.
LaTeX Font Info:    Checking defaults for OMX/cmex/m/n on input line 26.
LaTeX Font Info:    ... okay on input line 26.
LaTeX Font Info:    Checking defaults for U/cmr/m/n on input line 26.
LaTeX Font Info:    ... okay on input line 26.
LaTeX Font Info:    Try loading font information for U+msa on input line 26.

(/usr/share/texlive/texmf-dist/tex/latex/amsfonts/umsa.fd
File: umsa.fd 2013/01/14 v3.01 AMS symbols A
)
LaTeX Font Info:    Try loading font information for U+msb on input line 26.

(/usr/share/texlive/texmf-dist/tex/latex/amsfonts/umsb.fd
File: umsb.fd 2013/01/14 v3.01 AMS symbols B
)
LaTeX Font Info:    Try loading font information for U+rsfs on input line 26.

(/usr/share/texlive/texmf-dist/tex/latex/jknapltx/ursfs.fd
File: ursfs.fd 1998/03/24 rsfs font definition file (jk)
)
Preview: Fontsize 10pt
Preview: PDFoutput 1
(source_extraction/results/1705.05612.toc)
\tf@toc=\write3
\openout3 = `1705.05612.toc'.



LaTeX Warning: Reference `eq1.1' on page 1 undefined on input line 68.


LaTeX Warning: Reference `eq1.1' on page 1 undefined on input line 77.


LaTeX Warning: Reference `sec2' on page 1 undefined on input line 87.


LaTeX Warning: Reference `sec2' on page 1 undefined on input line 96.


LaTeX Warning: Reference `eq1.4' on page 2 undefined on input line 117.


LaTeX Warning: Reference `sec6' on page 2 undefined on input line 130.


LaTeX Warning: Reference `eq1.5' on page 2 undefined on input line 138.


Overfull \hbox (4.8723pt too wide) in paragraph at lines 160--163
[]\OT1/cmr/m/n/10 Throughout the pa-per, we as-sume that the func-tions $\OML/c
mm/m/it/10 h\OT1/cmr/m/n/10 ( \OMS/cmsy/m/n/10 ^^A \OT1/cmr/m/n/10 )$ be-long t
o the class $\OMS/cmsy/m/n/10 f\OML/cmm/m/it/10 h\OMS/cmsy/m/n/10 g[]$\OT1/cmr/
m/n/10 ,
 []


LaTeX Warning: Reference `eq1.2' on page 3 undefined on input line 208.


LaTeX Warning: Reference `eq2.3' on page 3 undefined on input line 211.


LaTeX Warning: Reference `eq2.3' on page 3 undefined on input line 229.


LaTeX Warning: Reference `eq2.3' on page 3 undefined on input line 251.


LaTeX Warning: Reference `eq2.9' on page 4 undefined on input line 333.


LaTeX Warning: Reference `eq3.4' on page 5 undefined on input line 391.


LaTeX Warning: Reference `eq3.4' on page 5 undefined on input line 429.


LaTeX Warning: Reference `eq3.4' on page 5 undefined on input line 436.


LaTeX Warning: Reference `eq3.4' on page 6 undefined on input line 444.


LaTeX Warning: Reference `eq3.8' on page 6 undefined on input line 519.


LaTeX Warning: Reference `eq3.7' on page 6 undefined on input line 519.

Preview: Tightpage -32891 -32891 32891 32891
[1{/var/lib/texmf/fonts/map/pdftex/updmap/pdftex.map}]
Overfull \hbox (12.0pt too wide) in paragraph at lines 519--519
[][] 
 []


Underfull \vbox (badness 10000) has occurred while \output is active []



LaTeX Warning: Reference `eq2.6' on page 7 undefined on input line 572.


LaTeX Warning: Reference `eq3.4' on page 7 undefined on input line 572.


LaTeX Warning: Reference `eq3.18' on page 8 undefined on input line 576.


LaTeX Warning: Reference `eq3.9' on page 8 undefined on input line 579.

[2]
Overfull \hbox (12.0pt too wide) in paragraph at lines 607--607
[][] 
 []


LaTeX Warning: Reference `eq2.3' on page 8 undefined on input line 619.


LaTeX Warning: Reference `eq2.8' on page 9 undefined on input line 638.


LaTeX Warning: Reference `eq2.9' on page 9 undefined on input line 644.


LaTeX Warning: Reference `eq2.10' on page 9 undefined on input line 654.


LaTeX Warning: Reference `eq4.1' on page 9 undefined on input line 657.


LaTeX Warning: Reference `eq4.5' on page 9 undefined on input line 692.


LaTeX Warning: Reference `eq4.6' on page 9 undefined on input line 692.


LaTeX Warning: Reference `eq4.1' on page 9 undefined on input line 692.


LaTeX Warning: Reference `eq4.10' on page 10 undefined on input line 725.


LaTeX Warning: Reference `eq4.12' on page 10 undefined on input line 746.


LaTeX Warning: Reference `eq4.2' on page 10 undefined on input line 746.


LaTeX Warning: Reference `eq4.9' on page 10 undefined on input line 746.

[3]
Overfull \hbox (12.0pt too wide) in paragraph at lines 746--746
[][] 
 []


LaTeX Warning: Reference `eq4.8' on page 10 undefined on input line 752.


LaTeX Warning: Reference `eq4.12' on page 10 undefined on input line 752.


LaTeX Warning: Reference `eq4.3' on page 10 undefined on input line 752.


Overfull \hbox (3.05585pt too wide) in paragraph at lines 752--752
[]\OT1/cmr/m/n/10 The proof amounts to the sub-sti-tu-tion of the right-hand si
des of [] and []
 []


LaTeX Warning: Reference `eq1.5' on page 10 undefined on input line 761.


LaTeX Warning: Reference `eq4.12' on page 10 undefined on input line 809.

[4]
Overfull \hbox (12.0pt too wide) in paragraph at lines 809--809
[][] 
 []


Underfull \vbox (badness 10000) has occurred while \output is active []



LaTeX Warning: Reference `eq3.12' on page 11 undefined on input line 834.


LaTeX Warning: Reference `eq2.11' on page 11 undefined on input line 834.

[5]
Overfull \hbox (12.0pt too wide) in paragraph at lines 845--845
[][] 
 []

[6]
Overfull \hbox (12.0pt too wide) in paragraph at lines 874--874
[][] 
 []


LaTeX Warning: Reference `eq2.1' on page 12 undefined on input line 902.

[7]
Overfull \hbox (12.0pt too wide) in paragraph at lines 931--931
[][] 
 []


Underfull \vbox (badness 6493) has occurred while \output is active []



LaTeX Warning: Reference `eq2.4' on page 14 undefined on input line 1348.


LaTeX Warning: Reference `eq6.6' on page 15 undefined on input line 1348.


LaTeX Warning: Reference `eq6.8' on page 15 undefined on input line 1348.


LaTeX Warning: Reference `eq6.5' on page 15 undefined on input line 1348.


LaTeX Warning: Reference `eq6.5' on page 15 undefined on input line 1348.


LaTeX Warning: Reference `eq6.23' on page 16 undefined on input line 1348.


LaTeX Warning: Reference `eq6.21' on page 16 undefined on input line 1348.


LaTeX Warning: Reference `eq6.20' on page 16 undefined on input line 1348.


LaTeX Warning: Reference `eq6.24' on page 16 undefined on input line 1348.


LaTeX Warning: Reference `eq6.19' on page 16 undefined on input line 1348.


LaTeX Warning: Reference `eq6.19' on page 16 undefined on input line 1348.


LaTeX Warning: Reference `eq6.20' on page 16 undefined on input line 1348.


LaTeX Warning: Reference `eq6.9' on page 16 undefined on input line 1348.


Overfull \hbox (4.28917pt too wide) in paragraph at lines 1348--1348
\OT1/cmr/m/n/10 We point out that $\OML/cmm/m/it/10 A[]\OT1/cmr/m/n/10 (\OML/cm
m/m/it/10 t\OT1/cmr/m/n/10 )$ is in-de-pen-dent of $\OML/cmm/m/it/10 p$\OT1/cmr
/m/n/10 . Con-sider $\OML/cmm/m/it/10 A[]\OT1/cmr/m/n/10 (\OML/cmm/m/it/10 t; p
\OT1/cmr/m/n/10 )$. We ex-pand $\OML/cmm/m/it/10 e[]$
 []


LaTeX Warning: Reference `eq6.31' on page 17 undefined on input line 1348.


LaTeX Warning: Reference `eq6.29' on page 17 undefined on input line 1348.


LaTeX Warning: Reference `eq6.36' on page 17 undefined on input line 1348.


LaTeX Warning: Reference `eq6.33' on page 17 undefined on input line 1348.


LaTeX Warning: Reference `eq6.35' on page 18 undefined on input line 1348.


LaTeX Warning: Reference `eq2.11' on page 18 undefined on input line 1348.


LaTeX Warning: Reference `eq6.17' on page 18 undefined on input line 1348.

[8]
Overfull \hbox (12.0pt too wide) in paragraph at lines 1367--1367
[][] 
 []


LaTeX Warning: Reference `eq6.43' on page 19 undefined on input line 1401.


LaTeX Warning: Reference `eq6.44' on page 19 undefined on input line 1401.


LaTeX Warning: Reference `eq6.43' on page 19 undefined on input line 1401.


LaTeX Warning: Reference `eq6.44' on page 19 undefined on input line 1401.


LaTeX Warning: Reference `eq6.43' on page 20 undefined on input line 1432.


LaTeX Warning: Reference `eq6.43' on page 20 undefined on input line 1432.

[9]
Overfull \hbox (12.0pt too wide) in paragraph at lines 1432--1432
[][] 
 []


Underfull \hbox (badness 3407) in paragraph at lines 1525--1528
[]\OT1/cmr/m/n/8 D. A. Popov, ``Sel-berg for-mula for cofi-nite groups and the 
Roelke con-jec-ture,''
 []

(source_extraction/results/1705.05612.aux)

LaTeX Warning: There were undefined references.

 ) 
Here is how much of TeX's memory you used:
 2799 strings out of 494260
 33148 string characters out of 6168642
 158897 words of memory out of 5000000
 5963 multiletter control sequences out of 15000+600000
 14259 words of font info for 54 fonts, out of 8000000 for 9000
 658 hyphenation exceptions out of 8191
 34i,19n,32p,896b,346s stack positions out of 5000i,500n,10000p,200000b,80000s
</usr/share/texlive/texmf-dist/fonts/type1/public/amsfonts/cm/cmbx10.pfb></us
r/share/texlive/texmf-dist/fonts/type1/public/amsfonts/cm/cmex10.pfb></usr/shar
e/texlive/texmf-dist/fonts/type1/public/amsfonts/cm/cmmi10.pfb></usr/share/texl
ive/texmf-dist/fonts/type1/public/amsfonts/cm/cmmi5.pfb></usr/share/texlive/tex
mf-dist/fonts/type1/public/amsfonts/cm/cmmi7.pfb></usr/share/texlive/texmf-dist
/fonts/type1/public/amsfonts/cm/cmr10.pfb></usr/share/texlive/texmf-dist/fonts/
type1/public/amsfonts/cm/cmr5.pfb></usr/share/texlive/texmf-dist/fonts/type1/pu
blic/amsfonts/cm/cmr7.pfb></usr/share/texlive/texmf-dist/fonts/type1/public/ams
fonts/cm/cmsy10.pfb></usr/share/texlive/texmf-dist/fonts/type1/public/amsfonts/
cm/cmsy7.pfb></usr/share/texlive/texmf-dist/fonts/type1/public/amsfonts/cm/cmti
10.pfb></usr/share/texlive/texmf-dist/fonts/type1/public/amsfonts/symbols/msam1
0.pfb></usr/share/texlive/texmf-dist/fonts/type1/public/amsfonts/symbols/msam7.
pfb></usr/share/texlive/texmf-dist/fonts/type1/public/rsfs/rsfs10.pfb>
Output written on source_extraction/results/1705.05612.pdf (9 pages, 161285 byt
es).
PDF statistics:
 90 PDF objects out of 1000 (max. 8388607)
 64 compressed objects within 1 object stream
 0 named destinations out of 1000 (max. 500000)
 1 words of extra memory for PDF output out of 10000 (max. 10000000)

