This is pdfTeX, Version 3.14159265-2.6-1.40.18 (TeX Live 2017/Debian) (preloaded format=pdflatex 2018.11.16)  29 NOV 2018 14:50
entering extended mode
 restricted \write18 enabled.
 %&-line parsing enabled.
**source_extraction/results/1709.09042.tex
(./source_extraction/results/1709.09042.tex
LaTeX2e <2017-04-15>
Babel <3.18> and hyphenation patterns for 20 language(s) loaded.
(/usr/share/texlive/texmf-dist/tex/latex/amscls/amsart.cls
Document Class: amsart 2017/10/31 v2.20.4
\linespacing=\dimen102
\normalparindent=\dimen103
\normaltopskip=\skip41
(/usr/share/texlive/texmf-dist/tex/latex/amsmath/amsmath.sty
Package: amsmath 2017/09/02 v2.17a AMS math features
\@mathmargin=\skip42

For additional information on amsmath, use the `?' option.
(/usr/share/texlive/texmf-dist/tex/latex/amsmath/amstext.sty
Package: amstext 2000/06/29 v2.01 AMS text

(/usr/share/texlive/texmf-dist/tex/latex/amsmath/amsgen.sty
File: amsgen.sty 1999/11/30 v2.0 generic functions
\@emptytoks=\toks14
\ex@=\dimen104
))
(/usr/share/texlive/texmf-dist/tex/latex/amsmath/amsbsy.sty
Package: amsbsy 1999/11/29 v1.2d Bold Symbols
\pmbraise@=\dimen105
)
(/usr/share/texlive/texmf-dist/tex/latex/amsmath/amsopn.sty
Package: amsopn 2016/03/08 v2.02 operator names
)
\inf@bad=\count79
LaTeX Info: Redefining \frac on input line 213.
\uproot@=\count80
\leftroot@=\count81
LaTeX Info: Redefining \overline on input line 375.
\classnum@=\count82
\DOTSCASE@=\count83
LaTeX Info: Redefining \ldots on input line 472.
LaTeX Info: Redefining \dots on input line 475.
LaTeX Info: Redefining \cdots on input line 596.
\Mathstrutbox@=\box26
\strutbox@=\box27
\big@size=\dimen106
LaTeX Font Info:    Redeclaring font encoding OML on input line 712.
LaTeX Font Info:    Redeclaring font encoding OMS on input line 713.
\macc@depth=\count84
\c@MaxMatrixCols=\count85
\dotsspace@=\muskip10
\c@parentequation=\count86
\dspbrk@lvl=\count87
\tag@help=\toks15
\row@=\count88
\column@=\count89
\maxfields@=\count90
\andhelp@=\toks16
\eqnshift@=\dimen107
\alignsep@=\dimen108
\tagshift@=\dimen109
\tagwidth@=\dimen110
\totwidth@=\dimen111
\lineht@=\dimen112
\@envbody=\toks17
\multlinegap=\skip43
\multlinetaggap=\skip44
\mathdisplay@stack=\toks18
LaTeX Info: Redefining \[ on input line 2817.
LaTeX Info: Redefining \] on input line 2818.
)
LaTeX Font Info:    Try loading font information for U+msa on input line 398.

(/usr/share/texlive/texmf-dist/tex/latex/amsfonts/umsa.fd
File: umsa.fd 2013/01/14 v3.01 AMS symbols A
)
(/usr/share/texlive/texmf-dist/tex/latex/amsfonts/amsfonts.sty
Package: amsfonts 2013/01/14 v3.01 Basic AMSFonts support
\symAMSa=\mathgroup4
\symAMSb=\mathgroup5
LaTeX Font Info:    Overwriting math alphabet `\mathfrak' in version `bold'
(Font)                  U/euf/m/n --> U/euf/b/n on input line 106.
)
\copyins=\insert199
\abstractbox=\box28
\listisep=\skip45
\c@part=\count91
\c@section=\count92
\c@subsection=\count93
\c@subsubsection=\count94
\c@paragraph=\count95
\c@subparagraph=\count96
\c@figure=\count97
\c@table=\count98
\abovecaptionskip=\skip46
\belowcaptionskip=\skip47
\captionindent=\dimen113
\thm@style=\toks19
\thm@bodyfont=\toks20
\thm@headfont=\toks21
\thm@notefont=\toks22
\thm@headpunct=\toks23
\thm@preskip=\skip48
\thm@postskip=\skip49
\thm@headsep=\skip50
\dth@everypar=\toks24
)
(/usr/share/texlive/texmf-dist/tex/latex/natbib/natbib.sty
Package: natbib 2010/09/13 8.31b (PWD, AO)
\bibhang=\skip51
\bibsep=\skip52
LaTeX Info: Redefining \cite on input line 694.
\c@NAT@ctr=\count99
)
(/usr/share/texlive/texmf-dist/tex/latex/psnfss/mathptmx.sty
Package: mathptmx 2005/04/12 PSNFSS-v9.2a Times w/ Math, improved (SPQR, WaS) 
LaTeX Font Info:    Redeclaring symbol font `operators' on input line 28.
LaTeX Font Info:    Overwriting symbol font `operators' in version `normal'
(Font)                  OT1/cmr/m/n --> OT1/ztmcm/m/n on input line 28.
LaTeX Font Info:    Overwriting symbol font `operators' in version `bold'
(Font)                  OT1/cmr/bx/n --> OT1/ztmcm/m/n on input line 28.
LaTeX Font Info:    Redeclaring symbol font `letters' on input line 29.
LaTeX Font Info:    Overwriting symbol font `letters' in version `normal'
(Font)                  OML/cmm/m/it --> OML/ztmcm/m/it on input line 29.
LaTeX Font Info:    Overwriting symbol font `letters' in version `bold'
(Font)                  OML/cmm/b/it --> OML/ztmcm/m/it on input line 29.
LaTeX Font Info:    Redeclaring symbol font `symbols' on input line 30.
LaTeX Font Info:    Overwriting symbol font `symbols' in version `normal'
(Font)                  OMS/cmsy/m/n --> OMS/ztmcm/m/n on input line 30.
LaTeX Font Info:    Overwriting symbol font `symbols' in version `bold'
(Font)                  OMS/cmsy/b/n --> OMS/ztmcm/m/n on input line 30.
LaTeX Font Info:    Redeclaring symbol font `largesymbols' on input line 31.
LaTeX Font Info:    Overwriting symbol font `largesymbols' in version `normal'
(Font)                  OMX/cmex/m/n --> OMX/ztmcm/m/n on input line 31.
LaTeX Font Info:    Overwriting symbol font `largesymbols' in version `bold'
(Font)                  OMX/cmex/m/n --> OMX/ztmcm/m/n on input line 31.
\symbold=\mathgroup6
\symitalic=\mathgroup7
LaTeX Font Info:    Redeclaring math alphabet \mathbf on input line 34.
LaTeX Font Info:    Overwriting math alphabet `\mathbf' in version `normal'
(Font)                  OT1/cmr/bx/n --> OT1/ptm/bx/n on input line 34.
LaTeX Font Info:    Overwriting math alphabet `\mathbf' in version `bold'
(Font)                  OT1/cmr/bx/n --> OT1/ptm/bx/n on input line 34.
LaTeX Font Info:    Redeclaring math alphabet \mathit on input line 35.
LaTeX Font Info:    Overwriting math alphabet `\mathit' in version `normal'
(Font)                  OT1/cmr/m/it --> OT1/ptm/m/it on input line 35.
LaTeX Font Info:    Overwriting math alphabet `\mathit' in version `bold'
(Font)                  OT1/cmr/bx/it --> OT1/ptm/m/it on input line 35.
LaTeX Info: Redefining \hbar on input line 50.
)
(/usr/share/texlive/texmf-dist/tex/latex/amsmath/amscd.sty
Package: amscd 2017/04/14 v2.1 AMS Commutative Diagrams
\athelp@=\toks25
\minaw@=\dimen114
\bigaw@=\dimen115
\minCDarrowwidth=\dimen116
)
(/usr/share/texlive/texmf-dist/tex/latex/amsfonts/amssymb.sty
Package: amssymb 2013/01/14 v3.01 AMS font symbols
)
(/usr/share/texlive/texmf-dist/tex/latex/tools/enumerate.sty
Package: enumerate 2015/07/23 v3.00 enumerate extensions (DPC)
\@enLab=\toks26
)
(/usr/share/texlive/texmf-dist/tex/latex/tools/xspace.sty
Package: xspace 2014/10/28 v1.13 Space after command names (DPC,MH)
)
(/usr/share/texlive/texmf-dist/tex/generic/xypic/xy.sty
(/usr/share/texlive/texmf-dist/tex/generic/xypic/xy.tex Bootstrap'ing:
catcodes, docmode, (/usr/share/texlive/texmf-dist/tex/generic/xypic/xyrecat.tex
) (/usr/share/texlive/texmf-dist/tex/generic/xypic/xyidioms.tex)

 Xy-pic version 3.8.9 <2013/10/06>
 Copyright (c) 1991-2013 by Kristoffer H. Rose <krisrose@tug.org> and others
 Xy-pic is free software: see the User's Guide for details.

Loading kernel: messages; fonts; allocations: state,
\X@c=\dimen117
\Y@c=\dimen118
\U@c=\dimen119
\D@c=\dimen120
\L@c=\dimen121
\R@c=\dimen122
\Edge@c=\toks27
\X@p=\dimen123
\Y@p=\dimen124
\U@p=\dimen125
\D@p=\dimen126
\L@p=\dimen127
\R@p=\dimen128
\Edge@p=\toks28
\X@origin=\dimen129
\Y@origin=\dimen130
\X@xbase=\dimen131
\Y@xbase=\dimen132
\X@ybase=\dimen133
\Y@ybase=\dimen134
\X@min=\dimen135
\Y@min=\dimen136
\X@max=\dimen137
\Y@max=\dimen138
\lastobjectbox@=\box29
\zerodotbox@=\box30
\almostz@=\dimen139
 direction,
\d@X=\dimen140
\d@Y=\dimen141
\K@=\count100
\KK@=\count101
\Direction=\count102
\K@dXdY=\dimen142
\K@dYdX=\dimen143
\xyread@=\read1
\xywrite@=\write3
\csp@=\count103
\quotPTK@=\dimen144

utility macros; pictures: \xy, positions,
\swaptoks@@=\toks29
\connectobjectbox@@=\box31
 objects,
\styletoks@=\toks30
 decorations;
kernel objects: directionals, circles, text; options; algorithms: directions,
edges, connections;  Xy-pic loaded)
(/usr/share/texlive/texmf-dist/tex/generic/oberdiek/ifpdf.sty
Package: ifpdf 2017/03/15 v3.2 Provides the ifpdf switch
)
Package: xy 2013/10/06 Xy-pic version 3.8.9

(/usr/share/texlive/texmf-dist/tex/generic/xypic/xyall.tex
 Xy-pic option: All features v.3.8
(/usr/share/texlive/texmf-dist/tex/generic/xypic/xycurve.tex
 Xy-pic option: Curve and Spline extension v.3.12 curve,
\crv@cnt@=\count104
\crvpts@=\toks31
\splinebox@=\box32
\splineval@=\dimen145
\splinedepth@=\dimen146
\splinetol@=\dimen147
\splinelength@=\dimen148
 circles,
\L@=\dimen149
 loaded)
(/usr/share/texlive/texmf-dist/tex/generic/xypic/xyframe.tex
 Xy-pic option: Frame and Bracket extension v.3.14 loaded)
(/usr/share/texlive/texmf-dist/tex/generic/xypic/xycmtip.tex
 Xy-pic option: Computer Modern tip extension v.3.7
(/usr/share/texlive/texmf-dist/tex/generic/xypic/xytips.tex
 Xy-pic option: More Tips extension v.3.11 loaded) loaded)
(/usr/share/texlive/texmf-dist/tex/generic/xypic/xyline.tex
 Xy-pic option: Line styles extension v.3.10
\xylinethick@=\dimen150
 loaded)
(/usr/share/texlive/texmf-dist/tex/generic/xypic/xyrotate.tex
 Xy-pic option: Rotate and Scale extension v.3.8 loaded)
(/usr/share/texlive/texmf-dist/tex/generic/xypic/xycolor.tex
 Xy-pic option: Colour extension v.3.11 loaded)
(/usr/share/texlive/texmf-dist/tex/generic/xypic/xymatrix.tex
 Xy-pic option: Matrix feature v.3.14
\Row=\count105
\Col=\count106
\queue@=\toks32
\queue@@=\toks33
\qcount@=\count107
\qcount@@=\count108
\matrixsize@=\count109
 loaded)
(/usr/share/texlive/texmf-dist/tex/generic/xypic/xyarrow.tex
 Xy-pic option: Arrow and Path feature v.3.9 path, \ar, loaded)
(/usr/share/texlive/texmf-dist/tex/generic/xypic/xygraph.tex
 Xy-pic option: Graph feature v.3.11 loaded) loaded)
(/usr/share/texlive/texmf-dist/tex/generic/xypic/xytips.tex
 Xy-pic option: More Tips extension v.3.11 not reloaded)
(/usr/share/texlive/texmf-dist/tex/generic/xypic/xypdf.tex
 Xy-pic option: PDF driver v.1.7 Xy-pic pdf driver: `color' extension support
(/usr/share/texlive/texmf-dist/tex/generic/xypic/xypdf-co.tex loaded)
Xy-pic pdf driver: `curve' extension support
(/usr/share/texlive/texmf-dist/tex/generic/xypic/xypdf-cu.tex loaded)
Xy-pic pdf driver: `frame' extension support
(/usr/share/texlive/texmf-dist/tex/generic/xypic/xypdf-fr.tex loaded)
Xy-pic pdf driver: `line' extension support
(/usr/share/texlive/texmf-dist/tex/generic/xypic/xypdf-li.tex loaded)
Xy-pic pdf driver: `rotate' extension support
(/usr/share/texlive/texmf-dist/tex/generic/xypic/xypdf-ro.tex loaded) loaded))
(/usr/share/texlive/texmf-dist/tex/latex/graphics/graphicx.sty
Package: graphicx 2017/06/01 v1.1a Enhanced LaTeX Graphics (DPC,SPQR)

(/usr/share/texlive/texmf-dist/tex/latex/graphics/keyval.sty
Package: keyval 2014/10/28 v1.15 key=value parser (DPC)
\KV@toks@=\toks34
)
(/usr/share/texlive/texmf-dist/tex/latex/graphics/graphics.sty
Package: graphics 2017/06/25 v1.2c Standard LaTeX Graphics (DPC,SPQR)

(/usr/share/texlive/texmf-dist/tex/latex/graphics/trig.sty
Package: trig 2016/01/03 v1.10 sin cos tan (DPC)
)
(/usr/share/texlive/texmf-dist/tex/latex/graphics-cfg/graphics.cfg
File: graphics.cfg 2016/06/04 v1.11 sample graphics configuration
)
Package graphics Info: Driver file: dvips.def on input line 99.

(/usr/share/texlive/texmf-dist/tex/latex/graphics-def/dvips.def
File: dvips.def 2017/06/20 v3.1d Graphics/color driver for dvips
))
\Gin@req@height=\dimen151
\Gin@req@width=\dimen152
)
(/usr/share/texlive/texmf-dist/tex/latex/tools/verbatim.sty
Package: verbatim 2014/10/28 v1.5q LaTeX2e package for verbatim enhancements
\every@verbatim=\toks35
\verbatim@line=\toks36
\verbatim@in@stream=\read2
)
(/usr/share/texlive/texmf-dist/tex/latex/base/syntonly.sty
Package: syntonly 1999/09/17 v2.1e Standard LaTeX2e package
)
(/usr/share/texlive/texmf-dist/tex/latex/preprint/fullpage.sty
Package: fullpage 1999/02/23 1.1 (PWD)
\FP@margin=\skip53
)
(/usr/share/texlive/texmf-dist/tex/latex/graphics/color.sty
Package: color 2016/07/10 v1.1e Standard LaTeX Color (DPC)

(/usr/share/texlive/texmf-dist/tex/latex/graphics-cfg/color.cfg
File: color.cfg 2016/01/02 v1.6 sample color configuration
)
Package color Info: Driver file: pdftex.def on input line 147.

(/usr/share/texlive/texmf-dist/tex/latex/graphics-def/pdftex.def
File: pdftex.def 2018/01/08 v1.0l Graphics/color driver for pdftex
))
(/usr/share/texlive/texmf-dist/tex/latex/graphics/epsfig.sty
Package: epsfig 2017/06/25 v1.7b (e)psfig emulation (SPQR)
\epsfxsize=\dimen153
\epsfysize=\dimen154
)
(/usr/share/texlive/texmf-dist/tex/latex/url/url.sty
\Urlmuskip=\muskip11
Package: url 2013/09/16  ver 3.4  Verb mode for urls, etc.
)
(/usr/share/texlive/texmf-dist/tex/latex/tools/indentfirst.sty
Package: indentfirst 1995/11/23 v1.03 Indent first paragraph (DPC)
)
(/usr/share/texlive/texmf-dist/tex/latex/soul/soul.sty
Package: soul 2003/11/17 v2.4 letterspacing/underlining (mf)
\SOUL@word=\toks37
\SOUL@lasttoken=\toks38
\SOUL@cmds=\toks39
\SOUL@buffer=\toks40
\SOUL@token=\toks41
\SOUL@spaceskip=\skip54
\SOUL@ttwidth=\dimen155
\SOUL@uldp=\dimen156
\SOUL@ulht=\dimen157
)
(/usr/share/texlive/texmf-dist/tex/latex/amsaddr/amsaddr.sty
\c@g@author=\count110
)
(/usr/share/texlive/texmf-dist/tex/latex/esint/esint.sty
Package: esint 
\symlargesymbolsA=\mathgroup8
) (./extract.sty
(/usr/share/texlive/texmf-dist/tex/latex/environ/environ.sty
Package: environ 2014/05/04 v0.3 A new way to define environments

(/usr/share/texlive/texmf-dist/tex/latex/trimspaces/trimspaces.sty
Package: trimspaces 2009/09/17 v1.1 Trim spaces around a token list
))
(/usr/share/texlive/texmf-dist/tex/latex/etextools/etextools.sty
Package: etextools 2010/12/07 v3.1415926 e-TeX more useful tools for LaTeX pack
age writers

(/usr/share/texlive/texmf-dist/tex/latex/etex-pkg/etex.sty
Package: etex 2016/08/01 v2.7 eTeX basic definition package (PEB,DPC)
\et@xins=\count111
)
(/usr/share/texlive/texmf-dist/tex/latex/etoolbox/etoolbox.sty
Package: etoolbox 2018/02/11 v2.5e e-TeX tools for LaTeX (JAW)
\etb@tempcnta=\count112
)
(/usr/share/texlive/texmf-dist/tex/latex/oberdiek/letltxmacro.sty
Package: letltxmacro 2016/05/16 v1.5 Let assignment for LaTeX macros (HO)
)
\ettl@fter=\count113
\ettl@for@nested=\count277
)
(/usr/share/texmf/tex/latex/preview/preview.sty
Package: preview 2017/04/24 11.91 (AUCTeX/preview-latex)

(/usr/share/texmf/tex/latex/preview/prtightpage.def
\PreviewBorder=\dimen158
)
\pr@snippet=\count114
\pr@box=\box33
\pr@output=\toks42
)
\c@propcounter=\count115
\mybox=\box34
)
\c@thm=\count116
\c@lem=\count117
\c@prop=\count118
\c@defn=\count119
\c@cor=\count120
\c@conj=\count121
\c@clm=\count122

(source_extraction/results/1709.09042.aux)
\openout1 = `1709.09042.aux'.

LaTeX Font Info:    Checking defaults for OML/cmm/m/it on input line 181.
LaTeX Font Info:    ... okay on input line 181.
LaTeX Font Info:    Checking defaults for T1/cmr/m/n on input line 181.
LaTeX Font Info:    ... okay on input line 181.
LaTeX Font Info:    Checking defaults for OT1/cmr/m/n on input line 181.
LaTeX Font Info:    ... okay on input line 181.
LaTeX Font Info:    Checking defaults for OMS/cmsy/m/n on input line 181.
LaTeX Font Info:    ... okay on input line 181.
LaTeX Font Info:    Checking defaults for OMX/cmex/m/n on input line 181.
LaTeX Font Info:    ... okay on input line 181.
LaTeX Font Info:    Checking defaults for U/cmr/m/n on input line 181.
LaTeX Font Info:    ... okay on input line 181.
LaTeX Font Info:    Try loading font information for OT1+ptm on input line 181.


(/usr/share/texlive/texmf-dist/tex/latex/psnfss/ot1ptm.fd
File: ot1ptm.fd 2001/06/04 font definitions for OT1/ptm.
)
LaTeX Font Info:    Try loading font information for OT1+ztmcm on input line 18
1.

(/usr/share/texlive/texmf-dist/tex/latex/psnfss/ot1ztmcm.fd
File: ot1ztmcm.fd 2000/01/03 Fontinst v1.801 font definitions for OT1/ztmcm.
)
LaTeX Font Info:    Try loading font information for OML+ztmcm on input line 18
1.

(/usr/share/texlive/texmf-dist/tex/latex/psnfss/omlztmcm.fd
File: omlztmcm.fd 2000/01/03 Fontinst v1.801 font definitions for OML/ztmcm.
)
LaTeX Font Info:    Try loading font information for OMS+ztmcm on input line 18
1.

(/usr/share/texlive/texmf-dist/tex/latex/psnfss/omsztmcm.fd
File: omsztmcm.fd 2000/01/03 Fontinst v1.801 font definitions for OMS/ztmcm.
)
LaTeX Font Info:    Try loading font information for OMX+ztmcm on input line 18
1.

(/usr/share/texlive/texmf-dist/tex/latex/psnfss/omxztmcm.fd
File: omxztmcm.fd 2000/01/03 Fontinst v1.801 font definitions for OMX/ztmcm.
)
LaTeX Font Info:    Try loading font information for U+msa on input line 181.

(/usr/share/texlive/texmf-dist/tex/latex/amsfonts/umsa.fd
File: umsa.fd 2013/01/14 v3.01 AMS symbols A
)
LaTeX Font Info:    Try loading font information for U+msb on input line 181.

(/usr/share/texlive/texmf-dist/tex/latex/amsfonts/umsb.fd
File: umsb.fd 2013/01/14 v3.01 AMS symbols B
)
LaTeX Font Info:    Font shape `OT1/ptm/bx/n' in size <10> not available
(Font)              Font shape `OT1/ptm/b/n' tried instead on input line 181.
LaTeX Font Info:    Font shape `OT1/ptm/bx/n' in size <7.4> not available
(Font)              Font shape `OT1/ptm/b/n' tried instead on input line 181.
LaTeX Font Info:    Font shape `OT1/ptm/bx/n' in size <6> not available
(Font)              Font shape `OT1/ptm/b/n' tried instead on input line 181.
LaTeX Font Info:    Try loading font information for U+esint on input line 181.


(/usr/share/texlive/texmf-dist/tex/latex/esint/uesint.fd
File: uesint.fd 
)
LaTeX Font Info:    Font shape `OT1/ptm/bx/n' in size <12> not available
(Font)              Font shape `OT1/ptm/b/n' tried instead on input line 181.
LaTeX Font Info:    Font shape `OT1/ptm/bx/n' in size <9> not available
(Font)              Font shape `OT1/ptm/b/n' tried instead on input line 181.
LaTeX Font Info:    Font shape `OT1/ptm/bx/n' in size <7> not available
(Font)              Font shape `OT1/ptm/b/n' tried instead on input line 181.
Package xypdf Info: Line width: 0.47987pt on input line 181.

(/usr/share/texlive/texmf-dist/tex/context/base/mkii/supp-pdf.mkii
[Loading MPS to PDF converter (version 2006.09.02).]
\scratchcounter=\count123
\scratchdimen=\dimen159
\scratchbox=\box35
\nofMPsegments=\count124
\nofMParguments=\count125
\everyMPshowfont=\toks43
\MPscratchCnt=\count126
\MPscratchDim=\dimen160
\MPnumerator=\count127
\makeMPintoPDFobject=\count128
\everyMPtoPDFconversion=\toks44
) (/usr/share/texlive/texmf-dist/tex/latex/oberdiek/epstopdf-base.sty
Package: epstopdf-base 2016/05/15 v2.6 Base part for package epstopdf

(/usr/share/texlive/texmf-dist/tex/generic/oberdiek/infwarerr.sty
Package: infwarerr 2016/05/16 v1.4 Providing info/warning/error messages (HO)
)
(/usr/share/texlive/texmf-dist/tex/latex/oberdiek/grfext.sty
Package: grfext 2016/05/16 v1.2 Manage graphics extensions (HO)

(/usr/share/texlive/texmf-dist/tex/generic/oberdiek/kvdefinekeys.sty
Package: kvdefinekeys 2016/05/16 v1.4 Define keys (HO)

(/usr/share/texlive/texmf-dist/tex/generic/oberdiek/ltxcmds.sty
Package: ltxcmds 2016/05/16 v1.23 LaTeX kernel commands for general use (HO)
)))
(/usr/share/texlive/texmf-dist/tex/latex/oberdiek/kvoptions.sty
Package: kvoptions 2016/05/16 v3.12 Key value format for package options (HO)

(/usr/share/texlive/texmf-dist/tex/generic/oberdiek/kvsetkeys.sty
Package: kvsetkeys 2016/05/16 v1.17 Key value parser (HO)

(/usr/share/texlive/texmf-dist/tex/generic/oberdiek/etexcmds.sty
Package: etexcmds 2016/05/16 v1.6 Avoid name clashes with e-TeX commands (HO)

(/usr/share/texlive/texmf-dist/tex/generic/oberdiek/ifluatex.sty
Package: ifluatex 2016/05/16 v1.4 Provides the ifluatex switch (HO)
Package ifluatex Info: LuaTeX not detected.
)
Package etexcmds Info: Could not find \expanded.
(etexcmds)             That can mean that you are not using pdfTeX 1.50 or
(etexcmds)             that some package has redefined \expanded.
(etexcmds)             In the latter case, load this package earlier.
)))
(/usr/share/texlive/texmf-dist/tex/generic/oberdiek/pdftexcmds.sty
Package: pdftexcmds 2018/01/21 v0.26 Utility functions of pdfTeX for LuaTeX (HO
)
Package pdftexcmds Info: LuaTeX not detected.
Package pdftexcmds Info: \pdf@primitive is available.
Package pdftexcmds Info: \pdf@ifprimitive is available.
Package pdftexcmds Info: \pdfdraftmode found.
)
Package epstopdf-base Info: Redefining graphics rule for `.eps' on input line 4
38.
Package grfext Info: Graphics extension search list:
(grfext)             [.pdf,.png,.jpg,.mps,.jpeg,.jbig2,.jb2,.PDF,.PNG,.JPG,.JPE
G,.JBIG2,.JB2,.eps]
(grfext)             \AppendGraphicsExtensions on input line 456.

(/usr/share/texlive/texmf-dist/tex/latex/latexconfig/epstopdf-sys.cfg
File: epstopdf-sys.cfg 2010/07/13 v1.3 Configuration of (r)epstopdf for TeX Liv
e
))
Preview: Fontsize 12pt
Preview: PDFoutput 1

Underfull \hbox (badness 10000) in paragraph at lines 207--212

 []

LaTeX Font Info:    Font shape `OT1/ptm/bx/n' in size <10.95> not available
(Font)              Font shape `OT1/ptm/b/n' tried instead on input line 213.

Underfull \hbox (badness 10000) in paragraph at lines 213--214

 []


LaTeX Warning: Reference `epde' on page 2 undefined on input line 241.


LaTeX Warning: Reference `drho' on page 2 undefined on input line 241.


LaTeX Warning: Reference `bsigma' on page 2 undefined on input line 242.


LaTeX Warning: Reference `btsigma' on page 2 undefined on input line 242.


LaTeX Warning: Reference `epde' on page 2 undefined on input line 245.


LaTeX Warning: Reference `ellip' on page 2 undefined on input line 271.


LaTeX Warning: Reference `ABd' on page 2 undefined on input line 271.


LaTeX Warning: Reference `epde' on page 2 undefined on input line 271.

Preview: Tightpage -32891 -32891 32891 32891
[1
Non-PDF special ignored!{/var/lib/texmf/fonts/map/pdftex/updmap/pdftex.map}]
Overfull \hbox (12.0pt too wide) in paragraph at lines 271--271
[][] 
 []


LaTeX Warning: Reference `ellip' on page 2 undefined on input line 288.


LaTeX Warning: Reference `ABd' on page 2 undefined on input line 288.

[2]
Overfull \hbox (12.0pt too wide) in paragraph at lines 288--288
[][] 
 []


LaTeX Warning: Reference `ellip' on page 3 undefined on input line 317.


LaTeX Warning: Reference `ABd' on page 3 undefined on input line 317.

[3]
Overfull \hbox (12.0pt too wide) in paragraph at lines 317--317
[][] 
 []


LaTeX Warning: Reference `ellip' on page 3 undefined on input line 332.


LaTeX Warning: Reference `ABd' on page 3 undefined on input line 332.


LaTeX Warning: Reference `epde' on page 3 undefined on input line 332.

[4]
Overfull \hbox (12.0pt too wide) in paragraph at lines 332--332
[][] 
 []


LaTeX Warning: Reference `ellip' on page 3 undefined on input line 354.


LaTeX Warning: Reference `ABd' on page 3 undefined on input line 354.


Underfull \vbox (badness 10000) has occurred while \output is active []

 [5]
Overfull \hbox (12.0pt too wide) in paragraph at lines 354--354
[][] 
 []


LaTeX Warning: Reference `ellip' on page 4 undefined on input line 370.


LaTeX Warning: Reference `ABd' on page 4 undefined on input line 370.

[6]
Overfull \hbox (12.0pt too wide) in paragraph at lines 370--370
[][] 
 []


LaTeX Warning: Reference `ellip' on page 4 undefined on input line 381.


LaTeX Warning: Reference `ABd' on page 4 undefined on input line 381.


LaTeX Warning: Reference `epde' on page 4 undefined on input line 381.

[7]
Overfull \hbox (12.0pt too wide) in paragraph at lines 381--381
[][] 
 []


LaTeX Warning: Reference `epde' on page 6 undefined on input line 445.


LaTeX Warning: Reference `S2' on page 6 undefined on input line 451.


LaTeX Warning: Reference `S3' on page 6 undefined on input line 453.


LaTeX Warning: Reference `S4' on page 6 undefined on input line 455.


LaTeX Warning: Reference `S5' on page 6 undefined on input line 457.


LaTeX Warning: Reference `S6' on page 6 undefined on input line 458.


LaTeX Warning: Reference `S7' on page 6 undefined on input line 458.


LaTeX Warning: Reference `S8' on page 6 undefined on input line 458.


LaTeX Warning: Reference `S9' on page 6 undefined on input line 459.


LaTeX Warning: Reference `AppA' on page 6 undefined on input line 462.


LaTeX Warning: Reference `AppB' on page 6 undefined on input line 463.


LaTeX Warning: Reference `S2' on page 6 undefined on input line 466.


Underfull \hbox (badness 10000) in paragraph at lines 461--467

 []


LaTeX Warning: Reference `ellip' on page 6 undefined on input line 478.


LaTeX Warning: Reference `ABd' on page 6 undefined on input line 478.

[8]
Overfull \hbox (12.0pt too wide) in paragraph at lines 490--490
[][] 
 []


Underfull \vbox (badness 4792) has occurred while \output is active []

 [9]
Overfull \hbox (12.0pt too wide) in paragraph at lines 500--500
[][] 
 []

[10]
Overfull \hbox (12.0pt too wide) in paragraph at lines 519--519
[][] 
 []

[11]
Overfull \hbox (12.0pt too wide) in paragraph at lines 532--532
[][] 
 []

[12]
Overfull \hbox (12.0pt too wide) in paragraph at lines 543--543
[][] 
 []


Underfull \vbox (badness 10000) has occurred while \output is active []

 [13]
Overfull \hbox (12.0pt too wide) in paragraph at lines 547--547
[][] 
 []


LaTeX Warning: Reference `ellip' on page 8 undefined on input line 569.


LaTeX Warning: Reference `ABd' on page 8 undefined on input line 569.


LaTeX Warning: Reference `ellip' on page 8 undefined on input line 570.


LaTeX Warning: Reference `ABd' on page 8 undefined on input line 570.


LaTeX Warning: Reference `biForm' on page 8 undefined on input line 594.

[14]
Overfull \hbox (12.0pt too wide) in paragraph at lines 594--594
[][] 
 []


LaTeX Warning: Reference `BVP*' on page 9 undefined on input line 636.


LaTeX Warning: Reference `functional' on page 9 undefined on input line 636.


LaTeX Warning: Reference `weakForm' on page 9 undefined on input line 636.


LaTeX Warning: Reference `BVP*' on page 9 undefined on input line 636.


LaTeX Warning: Reference `ellip' on page 9 undefined on input line 654.


LaTeX Warning: Reference `ABd' on page 9 undefined on input line 654.

[15]
Overfull \hbox (12.0pt too wide) in paragraph at lines 654--654
[][] 
 []


LaTeX Warning: Reference `BVP2' on page 10 undefined on input line 739.


LaTeX Warning: Reference `ABd' on page 10 undefined on input line 739.


LaTeX Warning: Reference `ellip' on page 10 undefined on input line 739.


LaTeX Warning: Reference `BVP2' on page 11 undefined on input line 739.


LaTeX Warning: Reference `ellip' on page 11 undefined on input line 739.


LaTeX Warning: Reference `AppB' on page 11 undefined on input line 739.


LaTeX Warning: Reference `AppB' on page 11 undefined on input line 739.


LaTeX Warning: Reference `BVP4' on page 11 undefined on input line 739.


Overfull \hbox (14.08727pt too wide) in paragraph at lines 739--739
\OT1/ptm/m/n/12 since $\OML/ztmcm/m/it/12 p > \OT1/ztmcm/m/n/12 1$\OT1/ptm/m/n/
12 , then $\OML/ztmcm/m/it/12 p[] \OMS/ztmcm/m/n/12 2 []$\OT1/ptm/m/n/12 , so i
t fol-lows from [] in The-o-rem 10  that $[] [][] \OT1/ztmcm/m/n/12 =
 []


LaTeX Warning: Reference `epde' on page 12 undefined on input line 741.


LaTeX Warning: Reference `epde' on page 12 undefined on input line 762.

[16]
Overfull \hbox (12.0pt too wide) in paragraph at lines 762--762
[][] 
 []


LaTeX Warning: Reference `ellip' on page 12 undefined on input line 812.


Overfull \hbox (25.71165pt too wide) detected at line 812
[]
 []

[17]
Overfull \hbox (12.0pt too wide) in paragraph at lines 828--828
[][] 
 []


LaTeX Warning: Reference `phiPDE' on page 13 undefined on input line 850.

[18]
Overfull \hbox (12.0pt too wide) in paragraph at lines 858--858
[][] 
 []


LaTeX Warning: Reference `phiPDE' on page 14 undefined on input line 1024.


LaTeX Warning: Reference `phiPDE' on page 14 undefined on input line 1024.

[19]
Overfull \hbox (12.0pt too wide) in paragraph at lines 1024--1024
[][] 
 []


LaTeX Warning: Reference `vpPDE' on page 14 undefined on input line 1024.


LaTeX Warning: Reference `scaleBds' on page 14 undefined on input line 1024.


Underfull \vbox (badness 1661) has occurred while \output is active []



LaTeX Warning: Reference `DivThmRes' on page 15 undefined on input line 1024.


LaTeX Warning: Reference `IIIBd' on page 15 undefined on input line 1024.


LaTeX Warning: Reference `scaleBds' on page 15 undefined on input line 1024.


LaTeX Warning: Reference `combinedEst' on page 15 undefined on input line 1024.



LaTeX Warning: Reference `vpPDE' on page 16 undefined on input line 1024.


Overfull \hbox (1.24965pt too wide) detected at line 1024
[]
 []

[20]
Overfull \hbox (12.0pt too wide) in paragraph at lines 1032--1032
[][] 
 []

[21]
Overfull \hbox (12.0pt too wide) in paragraph at lines 1063--1063
[][] 
 []

[22]
Overfull \hbox (12.0pt too wide) in paragraph at lines 1088--1088
[][] 
 []


LaTeX Warning: Reference `ellip' on page 18 undefined on input line 1090.


LaTeX Warning: Reference `ellip' on page 18 undefined on input line 1111.


LaTeX Warning: Reference `etaDef' on page 18 undefined on input line 1130.


LaTeX Warning: Reference `nuDef' on page 18 undefined on input line 1130.


LaTeX Warning: Reference `ellip' on page 19 undefined on input line 1165.


LaTeX Warning: Reference `ABd' on page 19 undefined on input line 1165.


LaTeX Warning: Reference `DDef' on page 19 undefined on input line 1170.


LaTeX Warning: Reference `DwDef' on page 19 undefined on input line 1170.

[23]
Overfull \hbox (12.0pt too wide) in paragraph at lines 1170--1170
[][] 
 []

[24]
Overfull \hbox (12.0pt too wide) in paragraph at lines 1187--1187
[][] 
 []

[25]
Overfull \hbox (12.0pt too wide) in paragraph at lines 1196--1196
[][] 
 []

[26]
Overfull \hbox (417.41618pt too wide) in paragraph at lines 1198--1209
\OT1/ptm/m/n/12 Alessan-drini and Es-cau-ri-aza in [[]], see Propo-si-tions 1, 
2, us-ing quasi-regular map-pings. [] 
 []


Overfull \hbox (6.64642pt too wide) detected at line 1258
[]
 []

[27]
Overfull \hbox (12.0pt too wide) in paragraph at lines 1271--1271
[][] 
 []

[28]
Overfull \hbox (12.0pt too wide) in paragraph at lines 1274--1274
[][] 
 []

[29]
Overfull \hbox (12.0pt too wide) in paragraph at lines 1299--1299
[][] 
 []

[30]
Overfull \hbox (12.0pt too wide) in paragraph at lines 1333--1333
[][] 
 []

[31]
Overfull \hbox (12.0pt too wide) in paragraph at lines 1377--1377
[][] 
 []


Underfull \vbox (badness 2556) has occurred while \output is active []



LaTeX Warning: Reference `epde' on page 23 undefined on input line 1394.


LaTeX Warning: Reference `tildev' on page 23 undefined on input line 1416.

[32]
Overfull \hbox (12.0pt too wide) in paragraph at lines 1451--1451
[][] 
 []


LaTeX Warning: Reference `ABd' on page 25 undefined on input line 1503.


LaTeX Warning: Reference `DDef' on page 25 undefined on input line 1505.


Underfull \vbox (badness 2538) has occurred while \output is active []



LaTeX Warning: Reference `ABd' on page 26 undefined on input line 1533.


LaTeX Warning: Reference `diffEq' on page 26 undefined on input line 1542.


LaTeX Warning: Reference `threeBall' on page 27 undefined on input line 1571.


LaTeX Warning: Reference `gBnd' on page 27 undefined on input line 1571.


LaTeX Warning: Reference `3balls2' on page 27 undefined on input line 1593.


LaTeX Warning: Reference `alDef' on page 28 undefined on input line 1621.


LaTeX Warning: Reference `gBnd' on page 28 undefined on input line 1621.

[33]
Overfull \hbox (12.0pt too wide) in paragraph at lines 1634--1634
[][] 
 []


LaTeX Warning: Reference `DDef' on page 28 undefined on input line 1642.


LaTeX Warning: Reference `ellip' on page 28 undefined on input line 1652.


LaTeX Warning: Reference `ABd' on page 28 undefined on input line 1652.

[34]
Overfull \hbox (12.0pt too wide) in paragraph at lines 1676--1676
[][] 
 []


LaTeX Warning: Reference `threeBall' on page 29 undefined on input line 1679.


LaTeX Warning: Reference `3ballw' on page 29 undefined on input line 1697.


LaTeX Warning: Reference `ABd' on page 29 undefined on input line 1720.


LaTeX Warning: Reference `1ballEst' on page 30 undefined on input line 1741.


LaTeX Warning: Reference `3ballw' on page 30 undefined on input line 1741.


LaTeX Warning: Reference `r3Est' on page 30 undefined on input line 1741.


LaTeX Warning: Reference `RHSEst' on page 30 undefined on input line 1746.


LaTeX Warning: Reference `L2vEst0' on page 30 undefined on input line 1746.


LaTeX Warning: Reference `L2vEst' on page 30 undefined on input line 1746.


LaTeX Warning: Reference `ellip' on page 30 undefined on input line 1769.


LaTeX Warning: Reference `ABd' on page 30 undefined on input line 1769.


LaTeX Warning: Reference `nuDef' on page 30 undefined on input line 1773.

[35]
Overfull \hbox (12.0pt too wide) in paragraph at lines 1797--1797
[][] 
 []

[36]
Overfull \hbox (12.0pt too wide) in paragraph at lines 1810--1810
[][] 
 []


LaTeX Warning: Reference `diffEq2' on page 32 undefined on input line 1851.


LaTeX Warning: Reference `3balls22' on page 32 undefined on input line 1884.


LaTeX Warning: Reference `3bgrLHS' on page 33 undefined on input line 1903.


LaTeX Warning: Reference `threeBall' on page 33 undefined on input line 1916.


LaTeX Warning: Reference `epde' on page 34 undefined on input line 1965.


LaTeX Warning: Reference `adjPDE' on page 34 undefined on input line 1982.


LaTeX Warning: Reference `phiBd1' on page 36 undefined on input line 2070.


LaTeX Warning: Reference `wUpper' on page 36 undefined on input line 2079.


LaTeX Warning: Reference `epde' on page 36 undefined on input line 2085.


LaTeX Warning: Reference `ellip' on page 36 undefined on input line 2088.


LaTeX Warning: Reference `uRUpperBd' on page 37 undefined on input line 2159.


LaTeX Warning: Reference `uRLowerBd' on page 37 undefined on input line 2159.


LaTeX Warning: Reference `uRUpperBd' on page 38 undefined on input line 2191.


LaTeX Warning: Reference `uRLowerBd' on page 38 undefined on input line 2191.


LaTeX Warning: Reference `curlCor' on page 38 undefined on input line 2199.


LaTeX Warning: Reference `ellip' on page 38 undefined on input line 2213.


LaTeX Warning: Reference `ABd' on page 38 undefined on input line 2213.

[37]
Overfull \hbox (12.0pt too wide) in paragraph at lines 2223--2223
[][] 
 []


Overfull \hbox (4.09569pt too wide) in paragraph at lines 2282--2282
\OT1/ptm/m/n/12 In the case where $[][] \OT1/ztmcm/m/n/12 = 0$ \OT1/ptm/m/n/12 
and $[][] \OT1/ztmcm/m/n/12 = 0$\OT1/ptm/m/n/12 , set $\OML/ztmcm/m/it/12 l \OT
1/ztmcm/m/n/12 = [] \OML/ztmcm/m/it/12 u[]$ \OT1/ptm/m/n/12 and de-fine $\OML/z
tmcm/m/it/12 v \OT1/ztmcm/m/n/12 = [] [] =
 []


LaTeX Warning: Reference `eqB.1' on page 40 undefined on input line 2319.


LaTeX Warning: Reference `ellip' on page 40 undefined on input line 2323.


LaTeX Warning: Reference `ABd' on page 40 undefined on input line 2323.


LaTeX Warning: Reference `ABd' on page 41 undefined on input line 2371.


LaTeX Warning: Reference `ellip' on page 41 undefined on input line 2371.

[38]
Overfull \hbox (12.0pt too wide) in paragraph at lines 2371--2371
[][] 
 []

[39]
Overfull \hbox (12.0pt too wide) in paragraph at lines 2392--2392
[][] 
 []


Underfull \vbox (badness 1577) has occurred while \output is active []

 [40]
Overfull \hbox (12.0pt too wide) in paragraph at lines 2396--2396
[][] 
 []

[41]
Overfull \hbox (12.0pt too wide) in paragraph at lines 2408--2408
[][] 
 []

[42]
Overfull \hbox (12.0pt too wide) in paragraph at lines 2420--2420
[][] 
 []

LaTeX Font Info:    Font shape `OT1/ptm/bx/it' in size <12> not available
(Font)              Font shape `OT1/ptm/b/it' tried instead on input line 2460.

[43]
Overfull \hbox (12.0pt too wide) in paragraph at lines 2460--2460
[][] 
 []


Underfull \vbox (badness 10000) has occurred while \output is active []

 [44]
Overfull \hbox (12.0pt too wide) in paragraph at lines 2533--2533
[][] 
 []


! LaTeX Error: \begin{proof} on input line 2535 ended by \end{pf}.

See the LaTeX manual or LaTeX Companion for explanation.
Type  H <return>  for immediate help.
 ...                                              
                                                  
l.3116 \end{pf}
               
Your command was ignored.
Type  I <command> <return>  to replace it with another command,
or  <return>  to continue without it.


Underfull \vbox (badness 4647) has occurred while \output is active []



LaTeX Warning: Reference `eqB.24' on page 44 undefined on input line 3116.


LaTeX Warning: Reference `eqB.29' on page 45 undefined on input line 3116.


LaTeX Warning: Reference `eqB.27' on page 45 undefined on input line 3116.


LaTeX Warning: Reference `eqB.30' on page 45 undefined on input line 3116.


LaTeX Warning: Reference `eqB.28' on page 45 undefined on input line 3116.


LaTeX Warning: Reference `eqB.29' on page 45 undefined on input line 3116.


LaTeX Warning: Reference `eqB.30' on page 45 undefined on input line 3116.


LaTeX Warning: Reference `eqB.29' on page 46 undefined on input line 3116.


LaTeX Warning: Reference `eqB.30' on page 46 undefined on input line 3116.


LaTeX Warning: Reference `eqB.31' on page 46 undefined on input line 3116.


LaTeX Warning: Reference `eqB.32' on page 46 undefined on input line 3116.


LaTeX Warning: Reference `eqB.33' on page 46 undefined on input line 3116.


LaTeX Warning: Reference `eqB.36' on page 46 undefined on input line 3116.


LaTeX Warning: Reference `eqB.38' on page 46 undefined on input line 3116.


LaTeX Warning: Reference `eqB.42' on page 47 undefined on input line 3116.


LaTeX Warning: Reference `eqB.40' on page 47 undefined on input line 3116.


LaTeX Warning: Reference `eqB.43' on page 47 undefined on input line 3116.


LaTeX Warning: Reference `eqB.26' on page 47 undefined on input line 3116.


LaTeX Warning: Reference `eqB.44' on page 47 undefined on input line 3116.


LaTeX Warning: Reference `eqB.41' on page 47 undefined on input line 3116.


LaTeX Warning: Reference `eqB.43' on page 47 undefined on input line 3116.


LaTeX Warning: Reference `eqB.26' on page 47 undefined on input line 3116.


LaTeX Warning: Reference `eqB.46' on page 47 undefined on input line 3116.


LaTeX Warning: Reference `eqB.47' on page 48 undefined on input line 3116.


LaTeX Warning: Reference `eqB.45' on page 48 undefined on input line 3116.


LaTeX Warning: Reference `eqB.47' on page 48 undefined on input line 3116.


LaTeX Warning: Reference `eqB.45' on page 48 undefined on input line 3116.


LaTeX Warning: Reference `eqB.48' on page 48 undefined on input line 3116.


LaTeX Warning: Reference `eqB.49' on page 48 undefined on input line 3116.


LaTeX Warning: Reference `eqB.44' on page 49 undefined on input line 3116.


LaTeX Warning: Reference `eqB.46' on page 49 undefined on input line 3116.


LaTeX Warning: Reference `eqB.25' on page 49 undefined on input line 3116.


LaTeX Warning: Reference `ABd' on page 49 undefined on input line 3116.


LaTeX Warning: Reference `eqB.52' on page 49 undefined on input line 3116.


LaTeX Warning: Reference `eqB.25' on page 49 undefined on input line 3116.


LaTeX Warning: Reference `ABd' on page 49 undefined on input line 3116.


LaTeX Warning: Reference `eqB.53' on page 49 undefined on input line 3116.


LaTeX Warning: Reference `eqB.54' on page 49 undefined on input line 3116.


LaTeX Warning: Reference `eqB.55' on page 49 undefined on input line 3116.


LaTeX Warning: Reference `eqB.29' on page 50 undefined on input line 3116.


LaTeX Warning: Reference `eqB.30' on page 50 undefined on input line 3116.


LaTeX Warning: Reference `eqB.33' on page 50 undefined on input line 3116.


LaTeX Warning: Reference `eqB.35' on page 50 undefined on input line 3116.


LaTeX Warning: Reference `eqB.53' on page 50 undefined on input line 3116.


LaTeX Warning: Reference `eqB.52' on page 50 undefined on input line 3116.


LaTeX Warning: Reference `eqB.52' on page 50 undefined on input line 3116.


LaTeX Warning: Reference `eqB.52' on page 50 undefined on input line 3116.


LaTeX Warning: Reference `eqB.53' on page 50 undefined on input line 3116.


LaTeX Warning: Reference `eqB.56' on page 50 undefined on input line 3116.


LaTeX Warning: Reference `eqB.49' on page 50 undefined on input line 3116.


LaTeX Warning: Reference `eqB.48' on page 50 undefined on input line 3116.


LaTeX Warning: Reference `eqB.44' on page 50 undefined on input line 3116.


LaTeX Warning: Reference `eqB.46' on page 50 undefined on input line 3116.


LaTeX Warning: Reference `eqB.45' on page 50 undefined on input line 3116.


LaTeX Warning: Reference `eqB.47' on page 50 undefined on input line 3116.


LaTeX Warning: Reference `eqB.52' on page 51 undefined on input line 3116.


LaTeX Warning: Reference `eqB.40' on page 51 undefined on input line 3116.


LaTeX Warning: Reference `eqB.57' on page 51 undefined on input line 3116.


LaTeX Warning: Reference `eqB.53' on page 51 undefined on input line 3116.


Overfull \hbox (2.69713pt too wide) in paragraph at lines 3116--3116
[]\OT1/ptm/m/n/12 By the same ar-gu-ments used for $\OT1/ztmcm/m/n/12 ^^@[]$\OT
1/ptm/m/n/12 , we ob-tain a se-quence $[][]$, $\OML/ztmcm/m/it/12 ^^[[] \OMS/zt
mcm/m/n/12 ! \OT1/ztmcm/m/n/12 0$\OT1/ptm/m/n/12 , such that $[] [] \OT1/ztmcm/
m/n/12 =
 []


LaTeX Warning: Reference `eqB.25' on page 52 undefined on input line 3116.


LaTeX Warning: Reference `eqB.58' on page 52 undefined on input line 3116.


LaTeX Warning: Reference `eqB.52' on page 52 undefined on input line 3116.


LaTeX Warning: Reference `eqB.59' on page 53 undefined on input line 3134.


LaTeX Warning: Reference `eqB.60' on page 53 undefined on input line 3134.

[45]
Overfull \hbox (12.0pt too wide) in paragraph at lines 3134--3134
[][] 
 []


! LaTeX Error: \begin{pf} on input line 2535 ended by \end{appendix}.

See the LaTeX manual or LaTeX Companion for explanation.
Type  H <return>  for immediate help.
 ...                                              
                                                  
l.3136 \end{appendix}
                     
Your command was ignored.
Type  I <command> <return>  to replace it with another command,
or  <return>  to continue without it.


! LaTeX Error: \begin{appendix} on input line 2201 ended by \end{document}.

See the LaTeX manual or LaTeX Companion for explanation.
Type  H <return>  for immediate help.
 ...                                              
                                                  
l.3249 \end{document}
                     
Your command was ignored.
Type  I <command> <return>  to replace it with another command,
or  <return>  to continue without it.

(source_extraction/results/1709.09042.aux)

LaTeX Warning: There were undefined references.

 )
(\end occurred inside a group at level 1)

### semi simple group (level 1) entered at line 2201 (\begingroup)
### bottom level 
Here is how much of TeX's memory you used:
 7902 strings out of 494260
 99291 string characters out of 6168642
 353731 words of memory out of 5000000
 10852 multiletter control sequences out of 15000+600000
 50701 words of font info for 133 fonts, out of 8000000 for 9000
 658 hyphenation exceptions out of 8191
 41i,16n,32p,3275b,352s stack positions out of 5000i,500n,10000p,200000b,80000s
{/usr/share/texlive/texmf-dist/fonts/enc/dvips/base/8r.enc}</us
r/share/texlive/texmf-dist/fonts/type1/public/amsfonts/cm/cmex10.pfb></usr/shar
e/texlive/texmf-dist/fonts/type1/public/amsfonts/cm/cmmi10.pfb></usr/share/texl
ive/texmf-dist/fonts/type1/public/amsfonts/cm/cmr10.pfb></usr/share/texlive/tex
mf-dist/fonts/type1/public/amsfonts/cm/cmsy10.pfb></usr/share/texlive/texmf-dis
t/fonts/type1/public/esint-type1/esint10.pfb></usr/share/texlive/texmf-dist/fon
ts/type1/public/amsfonts/symbols/msbm10.pfb></usr/share/texlive/texmf-dist/font
s/type1/public/rsfs/rsfs10.pfb></usr/share/texlive/texmf-dist/fonts/type1/urw/s
ymbol/usyr.pfb></usr/share/texlive/texmf-dist/fonts/type1/urw/symbol/usyr.pfb><
/usr/share/texlive/texmf-dist/fonts/type1/urw/times/utmb8a.pfb></usr/share/texl
ive/texmf-dist/fonts/type1/urw/times/utmbi8a.pfb></usr/share/texlive/texmf-dist
/fonts/type1/urw/times/utmr8a.pfb></usr/share/texlive/texmf-dist/fonts/type1/ur
w/times/utmri8a.pfb>
Output written on source_extraction/results/1709.09042.pdf (45 pages, 167677 by
tes).
PDF statistics:
 204 PDF objects out of 1000 (max. 8388607)
 142 compressed objects within 2 object streams
 0 named destinations out of 1000 (max. 500000)
 1 words of extra memory for PDF output out of 10000 (max. 10000000)

