This is pdfTeX, Version 3.14159265-2.6-1.40.18 (TeX Live 2017/Debian) (preloaded format=pdflatex 2018.11.16)  29 NOV 2018 14:50
entering extended mode
 restricted \write18 enabled.
 %&-line parsing enabled.
**source_extraction/results/1802.06253.tex
(./source_extraction/results/1802.06253.tex
LaTeX2e <2017-04-15>
Babel <3.18> and hyphenation patterns for 20 language(s) loaded.
(/usr/share/texlive/texmf-dist/tex/latex/amscls/amsart.cls
Document Class: amsart 2017/10/31 v2.20.4
\linespacing=\dimen102
\normalparindent=\dimen103
\normaltopskip=\skip41
(/usr/share/texlive/texmf-dist/tex/latex/amsmath/amsmath.sty
Package: amsmath 2017/09/02 v2.17a AMS math features
\@mathmargin=\skip42

For additional information on amsmath, use the `?' option.
(/usr/share/texlive/texmf-dist/tex/latex/amsmath/amstext.sty
Package: amstext 2000/06/29 v2.01 AMS text

(/usr/share/texlive/texmf-dist/tex/latex/amsmath/amsgen.sty
File: amsgen.sty 1999/11/30 v2.0 generic functions
\@emptytoks=\toks14
\ex@=\dimen104
))
(/usr/share/texlive/texmf-dist/tex/latex/amsmath/amsbsy.sty
Package: amsbsy 1999/11/29 v1.2d Bold Symbols
\pmbraise@=\dimen105
)
(/usr/share/texlive/texmf-dist/tex/latex/amsmath/amsopn.sty
Package: amsopn 2016/03/08 v2.02 operator names
)
\inf@bad=\count79
LaTeX Info: Redefining \frac on input line 213.
\uproot@=\count80
\leftroot@=\count81
LaTeX Info: Redefining \overline on input line 375.
\classnum@=\count82
\DOTSCASE@=\count83
LaTeX Info: Redefining \ldots on input line 472.
LaTeX Info: Redefining \dots on input line 475.
LaTeX Info: Redefining \cdots on input line 596.
\Mathstrutbox@=\box26
\strutbox@=\box27
\big@size=\dimen106
LaTeX Font Info:    Redeclaring font encoding OML on input line 712.
LaTeX Font Info:    Redeclaring font encoding OMS on input line 713.
\macc@depth=\count84
\c@MaxMatrixCols=\count85
\dotsspace@=\muskip10
\c@parentequation=\count86
\dspbrk@lvl=\count87
\tag@help=\toks15
\row@=\count88
\column@=\count89
\maxfields@=\count90
\andhelp@=\toks16
\eqnshift@=\dimen107
\alignsep@=\dimen108
\tagshift@=\dimen109
\tagwidth@=\dimen110
\totwidth@=\dimen111
\lineht@=\dimen112
\@envbody=\toks17
\multlinegap=\skip43
\multlinetaggap=\skip44
\mathdisplay@stack=\toks18
LaTeX Info: Redefining \[ on input line 2817.
LaTeX Info: Redefining \] on input line 2818.
)
LaTeX Font Info:    Try loading font information for U+msa on input line 398.

(/usr/share/texlive/texmf-dist/tex/latex/amsfonts/umsa.fd
File: umsa.fd 2013/01/14 v3.01 AMS symbols A
)
(/usr/share/texlive/texmf-dist/tex/latex/amsfonts/amsfonts.sty
Package: amsfonts 2013/01/14 v3.01 Basic AMSFonts support
\symAMSa=\mathgroup4
\symAMSb=\mathgroup5
LaTeX Font Info:    Overwriting math alphabet `\mathfrak' in version `bold'
(Font)                  U/euf/m/n --> U/euf/b/n on input line 106.
)
\copyins=\insert199
\abstractbox=\box28
\listisep=\skip45
\c@part=\count91
\c@section=\count92
\c@subsection=\count93
\c@subsubsection=\count94
\c@paragraph=\count95
\c@subparagraph=\count96
\c@figure=\count97
\c@table=\count98
\abovecaptionskip=\skip46
\belowcaptionskip=\skip47
\captionindent=\dimen113
\thm@style=\toks19
\thm@bodyfont=\toks20
\thm@headfont=\toks21
\thm@notefont=\toks22
\thm@headpunct=\toks23
\thm@preskip=\skip48
\thm@postskip=\skip49
\thm@headsep=\skip50
\dth@everypar=\toks24
)
(/usr/share/texlive/texmf-dist/tex/latex/amsfonts/amssymb.sty
Package: amssymb 2013/01/14 v3.01 AMS font symbols
)
(/usr/share/texlive/texmf-dist/tex/latex/amsmath/amscd.sty
Package: amscd 2017/04/14 v2.1 AMS Commutative Diagrams
\athelp@=\toks25
\minaw@=\dimen114
\bigaw@=\dimen115
\minCDarrowwidth=\dimen116
)
(/usr/share/texlive/texmf-dist/tex/latex/jknapltx/mathrsfs.sty
Package: mathrsfs 1996/01/01 Math RSFS package v1.0 (jk)
\symrsfs=\mathgroup6
)
(/usr/share/texlive/texmf-dist/tex/latex/tools/verbatim.sty
Package: verbatim 2014/10/28 v1.5q LaTeX2e package for verbatim enhancements
\every@verbatim=\toks26
\verbatim@line=\toks27
\verbatim@in@stream=\read1
) (./extract.sty
(/usr/share/texlive/texmf-dist/tex/latex/environ/environ.sty
Package: environ 2014/05/04 v0.3 A new way to define environments

(/usr/share/texlive/texmf-dist/tex/latex/trimspaces/trimspaces.sty
Package: trimspaces 2009/09/17 v1.1 Trim spaces around a token list
))
(/usr/share/texlive/texmf-dist/tex/latex/etextools/etextools.sty
Package: etextools 2010/12/07 v3.1415926 e-TeX more useful tools for LaTeX pack
age writers

(/usr/share/texlive/texmf-dist/tex/latex/etex-pkg/etex.sty
Package: etex 2016/08/01 v2.7 eTeX basic definition package (PEB,DPC)
\et@xins=\count99
)
(/usr/share/texlive/texmf-dist/tex/latex/etoolbox/etoolbox.sty
Package: etoolbox 2018/02/11 v2.5e e-TeX tools for LaTeX (JAW)
\etb@tempcnta=\count100
)
(/usr/share/texlive/texmf-dist/tex/latex/oberdiek/letltxmacro.sty
Package: letltxmacro 2016/05/16 v1.5 Let assignment for LaTeX macros (HO)
)
\ettl@fter=\count101
\ettl@for@nested=\count277
)
(/usr/share/texmf/tex/latex/preview/preview.sty
Package: preview 2017/04/24 11.91 (AUCTeX/preview-latex)

(/usr/share/texmf/tex/latex/preview/prtightpage.def
\PreviewBorder=\dimen117
)
\pr@snippet=\count102
\pr@box=\box29
\pr@output=\toks28
)
\c@propcounter=\count103
\mybox=\box30
)
\c@thm=\count104
\c@prop=\count105
\c@conj=\count106
\c@domanda=\count107
\c@obs=\count108
\c@rmk=\count109
\c@definition=\count110
\c@question=\count111
\c@prob=\count112
\c@example=\count113
\c@claim=\count114
\c@assumption=\count115
\c@step=\count116

(source_extraction/results/1802.06253.aux)
\openout1 = `1802.06253.aux'.

LaTeX Font Info:    Checking defaults for OML/cmm/m/it on input line 76.
LaTeX Font Info:    ... okay on input line 76.
LaTeX Font Info:    Checking defaults for T1/cmr/m/n on input line 76.
LaTeX Font Info:    ... okay on input line 76.
LaTeX Font Info:    Checking defaults for OT1/cmr/m/n on input line 76.
LaTeX Font Info:    ... okay on input line 76.
LaTeX Font Info:    Checking defaults for OMS/cmsy/m/n on input line 76.
LaTeX Font Info:    ... okay on input line 76.
LaTeX Font Info:    Checking defaults for OMX/cmex/m/n on input line 76.
LaTeX Font Info:    ... okay on input line 76.
LaTeX Font Info:    Checking defaults for U/cmr/m/n on input line 76.
LaTeX Font Info:    ... okay on input line 76.
LaTeX Font Info:    Try loading font information for U+msa on input line 76.

(/usr/share/texlive/texmf-dist/tex/latex/amsfonts/umsa.fd
File: umsa.fd 2013/01/14 v3.01 AMS symbols A
)
LaTeX Font Info:    Try loading font information for U+msb on input line 76.

(/usr/share/texlive/texmf-dist/tex/latex/amsfonts/umsb.fd
File: umsb.fd 2013/01/14 v3.01 AMS symbols B
)
LaTeX Font Info:    Try loading font information for U+rsfs on input line 76.

(/usr/share/texlive/texmf-dist/tex/latex/jknapltx/ursfs.fd
File: ursfs.fd 1998/03/24 rsfs font definition file (jk)
)
Preview: Fontsize 10pt
Preview: PDFoutput 1

Class amsart Warning: Abstract should precede \maketitle in AMS document classe
s; reported on input line 78.


LaTeX Warning: Reference `sec:d=2m=4' on page 1 undefined on input line 88.


LaTeX Warning: Reference `sec:setup' on page 1 undefined on input line 92.


LaTeX Warning: Reference `sec:red_I2' on page 1 undefined on input line 93.


LaTeX Warning: Reference `sec:diff' on page 1 undefined on input line 94.


LaTeX Warning: Reference `sec:d=2' on page 1 undefined on input line 94.


LaTeX Warning: Reference `sec:d=2m=4' on page 1 undefined on input line 94.

Preview: Tightpage -32891 -32891 32891 32891
[1{/var/lib/texmf/fonts/map/pdftex/updmap/pdftex.map}]
Overfull \hbox (136.11351pt too wide) in paragraph at lines 99--100
\OT1/cmr/m/n/10 [\OML/cmm/m/it/10 v\OT1/cmr/m/n/10 ] \OMS/cmsy/m/n/10 2 \U/msb/
m/n/10 P\OT1/cmr/m/n/10 (\OML/cmm/m/it/10 V\OT1/cmr/m/n/10 )$ its as-so-ci-ated
 point. [] 
 []

[2]
Overfull \hbox (12.0pt too wide) in paragraph at lines 104--104
[][] 
 []

[3]
Overfull \hbox (278.43562pt too wide) in paragraph at lines 105--112
[]\OT1/cmr/m/n/10 We col-lect a few well known facts in the fol-low-ing propo-s
i-tion. [] 
 []


Package amsmath Warning: Foreign command \atopwithdelims;
(amsmath)                \frac or \genfrac should be used instead
(amsmath)                 on input line 120.

[4]
Overfull \hbox (12.0pt too wide) in paragraph at lines 120--120
[][] 
 []

[5]
Overfull \hbox (12.0pt too wide) in paragraph at lines 129--129
[][] 
 []

[6]
Overfull \hbox (12.0pt too wide) in paragraph at lines 131--131
[][] 
 []

[7] [8] [9]
Overfull \hbox (12.0pt too wide) in paragraph at lines 157--157
[][] 
 []


LaTeX Warning: Reference `sec:red_I2' on page 4 undefined on input line 160.

[10]
Overfull \hbox (12.0pt too wide) in paragraph at lines 160--160
[][] 
 []

[11]
Overfull \hbox (257.67024pt too wide) in paragraph at lines 162--165
\OT1/cmr/m/n/10 which will be use-ful later to cover the case $\OML/cmm/m/it/10
 d \OT1/cmr/m/n/10 = 2$ and $\OML/cmm/m/it/10 m \OT1/cmr/m/n/10 = 4$. [] 
 []


LaTeX Warning: Reference `sec:red_I2' on page 4 undefined on input line 169.

[12]
Overfull \hbox (12.0pt too wide) in paragraph at lines 172--172
[][] 
 []

[13]

LaTeX Warning: Reference `eq:basicrel2' on page 6 undefined on input line 225.

[14]
Overfull \hbox (116.49092pt too wide) in paragraph at lines 227--229
\OT1/cmr/m/n/10 bra pre-sented by quadrics. [] 
 []

[15]
Overfull \hbox (12.0pt too wide) in paragraph at lines 241--241
[][] 
 []


Overfull \hbox (6.09839pt too wide) in paragraph at lines 264--264
\OT1/cmr/m/n/10 the cor-re-spond-ing de-com-po-si-tion into ir-re-ducible com-p
o-nents. Ob-serve that $[] \OML/cmm/m/it/10 ^^G[] \OT1/cmr/m/n/10 =
 []


LaTeX Warning: Reference `sec:diff' on page 8 undefined on input line 297.

[16]
Overfull \hbox (272.54668pt too wide) in paragraph at lines 296--299
\OT1/cmr/m/n/10 Under the no-ta-tions of Sec-tion [], we have the fol-low-ing r
e-sult. [] 
 []

[17]
Overfull \hbox (12.0pt too wide) in paragraph at lines 306--306
[][] 
 []


LaTeX Warning: Reference `sec:setup' on page 9 undefined on input line 310.

[18]
Overfull \hbox (12.0pt too wide) in paragraph at lines 313--313
[][] 
 []

[19]
Overfull \hbox (22.963pt too wide) in paragraph at lines 317--319
\OT1/cmr/m/n/10 way. [] 
 []

[20]
Overfull \hbox (162.21324pt too wide) in paragraph at lines 322--324
[]\OT1/cmr/m/n/10 We can fi-nally prove the fol-low-ing. [] 
 []


LaTeX Warning: Reference `eq:dimW' on page 9 undefined on input line 354.


LaTeX Warning: Reference `sec:diff' on page 9 undefined on input line 354.


LaTeX Warning: Reference `eq:Kbundle' on page 9 undefined on input line 354.


LaTeX Warning: Reference `sec:d=2m=4' on page 9 undefined on input line 354.

(source_extraction/results/1802.06253.aux)

LaTeX Warning: There were undefined references.

 ) 
Here is how much of TeX's memory you used:
 2892 strings out of 494260
 34658 string characters out of 6168642
 120885 words of memory out of 5000000
 6065 multiletter control sequences out of 15000+600000
 11802 words of font info for 46 fonts, out of 8000000 for 9000
 658 hyphenation exceptions out of 8191
 34i,11n,32p,1148b,345s stack positions out of 5000i,500n,10000p,200000b,80000s
</usr/share/texlive/texmf-dist/fonts/type1/public/amsfonts/cm/cmbx10.pfb></us
r/share/texlive/texmf-dist/fonts/type1/public/amsfonts/cm/cmex10.pfb></usr/shar
e/texlive/texmf-dist/fonts/type1/public/amsfonts/cm/cmmi10.pfb></usr/share/texl
ive/texmf-dist/fonts/type1/public/amsfonts/cm/cmmi5.pfb></usr/share/texlive/tex
mf-dist/fonts/type1/public/amsfonts/cm/cmmi7.pfb></usr/share/texlive/texmf-dist
/fonts/type1/public/amsfonts/cm/cmr10.pfb></usr/share/texlive/texmf-dist/fonts/
type1/public/amsfonts/cm/cmr5.pfb></usr/share/texlive/texmf-dist/fonts/type1/pu
blic/amsfonts/cm/cmr7.pfb></usr/share/texlive/texmf-dist/fonts/type1/public/ams
fonts/cm/cmsy10.pfb></usr/share/texlive/texmf-dist/fonts/type1/public/amsfonts/
cm/cmsy7.pfb></usr/share/texlive/texmf-dist/fonts/type1/public/amsfonts/cm/cmti
10.pfb></usr/share/texlive/texmf-dist/fonts/type1/public/amsfonts/symbols/msbm1
0.pfb>
Output written on source_extraction/results/1802.06253.pdf (20 pages, 145514 by
tes).
PDF statistics:
 117 PDF objects out of 1000 (max. 8388607)
 82 compressed objects within 1 object stream
 0 named destinations out of 1000 (max. 500000)
 1 words of extra memory for PDF output out of 10000 (max. 10000000)

