This is pdfTeX, Version 3.14159265-2.6-1.40.18 (TeX Live 2017/Debian) (preloaded format=pdflatex 2018.11.16)  29 NOV 2018 14:50
entering extended mode
 restricted \write18 enabled.
 %&-line parsing enabled.
**source_extraction/results/1804.00328.tex
(./source_extraction/results/1804.00328.tex
LaTeX2e <2017-04-15>
Babel <3.18> and hyphenation patterns for 20 language(s) loaded.
(/usr/share/texlive/texmf-dist/tex/latex/amscls/amsart.cls
Document Class: amsart 2017/10/31 v2.20.4
\linespacing=\dimen102
\normalparindent=\dimen103
\normaltopskip=\skip41
(/usr/share/texlive/texmf-dist/tex/latex/amsmath/amsmath.sty
Package: amsmath 2017/09/02 v2.17a AMS math features
\@mathmargin=\skip42

For additional information on amsmath, use the `?' option.
(/usr/share/texlive/texmf-dist/tex/latex/amsmath/amstext.sty
Package: amstext 2000/06/29 v2.01 AMS text

(/usr/share/texlive/texmf-dist/tex/latex/amsmath/amsgen.sty
File: amsgen.sty 1999/11/30 v2.0 generic functions
\@emptytoks=\toks14
\ex@=\dimen104
))
(/usr/share/texlive/texmf-dist/tex/latex/amsmath/amsbsy.sty
Package: amsbsy 1999/11/29 v1.2d Bold Symbols
\pmbraise@=\dimen105
)
(/usr/share/texlive/texmf-dist/tex/latex/amsmath/amsopn.sty
Package: amsopn 2016/03/08 v2.02 operator names
)
\inf@bad=\count79
LaTeX Info: Redefining \frac on input line 213.
\uproot@=\count80
\leftroot@=\count81
LaTeX Info: Redefining \overline on input line 375.
\classnum@=\count82
\DOTSCASE@=\count83
LaTeX Info: Redefining \ldots on input line 472.
LaTeX Info: Redefining \dots on input line 475.
LaTeX Info: Redefining \cdots on input line 596.
\Mathstrutbox@=\box26
\strutbox@=\box27
\big@size=\dimen106
LaTeX Font Info:    Redeclaring font encoding OML on input line 712.
LaTeX Font Info:    Redeclaring font encoding OMS on input line 713.
\macc@depth=\count84
\c@MaxMatrixCols=\count85
\dotsspace@=\muskip10
\c@parentequation=\count86
\dspbrk@lvl=\count87
\tag@help=\toks15
\row@=\count88
\column@=\count89
\maxfields@=\count90
\andhelp@=\toks16
\eqnshift@=\dimen107
\alignsep@=\dimen108
\tagshift@=\dimen109
\tagwidth@=\dimen110
\totwidth@=\dimen111
\lineht@=\dimen112
\@envbody=\toks17
\multlinegap=\skip43
\multlinetaggap=\skip44
\mathdisplay@stack=\toks18
LaTeX Info: Redefining \[ on input line 2817.
LaTeX Info: Redefining \] on input line 2818.
)
LaTeX Font Info:    Try loading font information for U+msa on input line 398.

(/usr/share/texlive/texmf-dist/tex/latex/amsfonts/umsa.fd
File: umsa.fd 2013/01/14 v3.01 AMS symbols A
)
(/usr/share/texlive/texmf-dist/tex/latex/amsfonts/amsfonts.sty
Package: amsfonts 2013/01/14 v3.01 Basic AMSFonts support
\symAMSa=\mathgroup4
\symAMSb=\mathgroup5
LaTeX Font Info:    Overwriting math alphabet `\mathfrak' in version `bold'
(Font)                  U/euf/m/n --> U/euf/b/n on input line 106.
)
\copyins=\insert199
\abstractbox=\box28
\listisep=\skip45
\c@part=\count91
\c@section=\count92
\c@subsection=\count93
\c@subsubsection=\count94
\c@paragraph=\count95
\c@subparagraph=\count96
\c@figure=\count97
\c@table=\count98
\abovecaptionskip=\skip46
\belowcaptionskip=\skip47
\captionindent=\dimen113
\thm@style=\toks19
\thm@bodyfont=\toks20
\thm@headfont=\toks21
\thm@notefont=\toks22
\thm@headpunct=\toks23
\thm@preskip=\skip48
\thm@postskip=\skip49
\thm@headsep=\skip50
\dth@everypar=\toks24
)
(/usr/share/texlive/texmf-dist/tex/latex/base/fontenc.sty
Package: fontenc 2017/04/05 v2.0i Standard LaTeX package

(/usr/share/texlive/texmf-dist/tex/latex/base/t1enc.def
File: t1enc.def 2017/04/05 v2.0i Standard LaTeX file
LaTeX Font Info:    Redeclaring font encoding T1 on input line 48.
))
(/usr/share/texlive/texmf-dist/tex/latex/base/inputenc.sty
Package: inputenc 2015/03/17 v1.2c Input encoding file
\inpenc@prehook=\toks25
\inpenc@posthook=\toks26

(/usr/share/texlive/texmf-dist/tex/latex/base/latin9.def
File: latin9.def 2015/03/17 v1.2c Input encoding file
))
(/usr/share/texlive/texmf-dist/tex/latex/geometry/geometry.sty
Package: geometry 2010/09/12 v5.6 Page Geometry

(/usr/share/texlive/texmf-dist/tex/latex/graphics/keyval.sty
Package: keyval 2014/10/28 v1.15 key=value parser (DPC)
\KV@toks@=\toks27
)
(/usr/share/texlive/texmf-dist/tex/generic/oberdiek/ifpdf.sty
Package: ifpdf 2017/03/15 v3.2 Provides the ifpdf switch
)
(/usr/share/texlive/texmf-dist/tex/generic/oberdiek/ifvtex.sty
Package: ifvtex 2016/05/16 v1.6 Detect VTeX and its facilities (HO)
Package ifvtex Info: VTeX not detected.
)
(/usr/share/texlive/texmf-dist/tex/generic/ifxetex/ifxetex.sty
Package: ifxetex 2010/09/12 v0.6 Provides ifxetex conditional
)
\Gm@cnth=\count99
\Gm@cntv=\count100
\c@Gm@tempcnt=\count101
\Gm@bindingoffset=\dimen114
\Gm@wd@mp=\dimen115
\Gm@odd@mp=\dimen116
\Gm@even@mp=\dimen117
\Gm@layoutwidth=\dimen118
\Gm@layoutheight=\dimen119
\Gm@layouthoffset=\dimen120
\Gm@layoutvoffset=\dimen121
\Gm@dimlist=\toks28
)
(/usr/share/texlive/texmf-dist/tex/latex/amsfonts/amssymb.sty
Package: amssymb 2013/01/14 v3.01 AMS font symbols
)
(/usr/share/texlive/texmf-dist/tex/generic/mathdots/mathdots.sty
Package: mathdots 2014/06/11 v0.9 Improve and add various macros for dots in ma
th.
\MDo@unit=\dimen122
\MDo@dotsbox=\box29
\MDoprekern=\muskip11
\MDopostkern=\muskip12
\MDodotkern=\muskip13
)
(./extract.sty (/usr/share/texlive/texmf-dist/tex/latex/environ/environ.sty
Package: environ 2014/05/04 v0.3 A new way to define environments

(/usr/share/texlive/texmf-dist/tex/latex/trimspaces/trimspaces.sty
Package: trimspaces 2009/09/17 v1.1 Trim spaces around a token list
))
(/usr/share/texlive/texmf-dist/tex/latex/etextools/etextools.sty
Package: etextools 2010/12/07 v3.1415926 e-TeX more useful tools for LaTeX pack
age writers

(/usr/share/texlive/texmf-dist/tex/latex/etex-pkg/etex.sty
Package: etex 2016/08/01 v2.7 eTeX basic definition package (PEB,DPC)
\et@xins=\count102
)
(/usr/share/texlive/texmf-dist/tex/latex/etoolbox/etoolbox.sty
Package: etoolbox 2018/02/11 v2.5e e-TeX tools for LaTeX (JAW)
\etb@tempcnta=\count103
)
(/usr/share/texlive/texmf-dist/tex/latex/oberdiek/letltxmacro.sty
Package: letltxmacro 2016/05/16 v1.5 Let assignment for LaTeX macros (HO)
)
\ettl@fter=\count104
\ettl@for@nested=\count277
)
(/usr/share/texmf/tex/latex/preview/preview.sty
Package: preview 2017/04/24 11.91 (AUCTeX/preview-latex)

(/usr/share/texmf/tex/latex/preview/prtightpage.def
\PreviewBorder=\dimen123
)
\pr@snippet=\count105
\pr@box=\box30
\pr@output=\toks29
)
\c@propcounter=\count106
\mybox=\box31
)
\c@thm=\count107

(/usr/share/texlive/texmf-dist/tex/generic/babel/babel.sty
Package: babel 2018/02/14 3.18 The Babel package

(/usr/share/texlive/texmf-dist/tex/generic/babel/switch.def
File: switch.def 2018/02/14 3.18 Babel switching mechanism
)
(/usr/share/texlive/texmf-dist/tex/generic/babel-english/english.ldf
Language: english 2017/06/06 v3.3r English support from the babel system

(/usr/share/texlive/texmf-dist/tex/generic/babel/babel.def
File: babel.def 2018/02/14 3.18 Babel common definitions
\babel@savecnt=\count108
\U@D=\dimen124

(/usr/share/texlive/texmf-dist/tex/generic/babel/txtbabel.def)
\bbl@dirlevel=\count109
)
\l@canadian = a dialect from \language\l@american 
\l@australian = a dialect from \language\l@british 
\l@newzealand = a dialect from \language\l@british 
))
(source_extraction/results/1804.00328.aux)
\openout1 = `1804.00328.aux'.

LaTeX Font Info:    Checking defaults for OML/cmm/m/it on input line 60.
LaTeX Font Info:    ... okay on input line 60.
LaTeX Font Info:    Checking defaults for T1/cmr/m/n on input line 60.
LaTeX Font Info:    ... okay on input line 60.
LaTeX Font Info:    Checking defaults for OT1/cmr/m/n on input line 60.
LaTeX Font Info:    ... okay on input line 60.
LaTeX Font Info:    Checking defaults for OMS/cmsy/m/n on input line 60.
LaTeX Font Info:    ... okay on input line 60.
LaTeX Font Info:    Checking defaults for OMX/cmex/m/n on input line 60.
LaTeX Font Info:    ... okay on input line 60.
LaTeX Font Info:    Checking defaults for U/cmr/m/n on input line 60.
LaTeX Font Info:    ... okay on input line 60.
LaTeX Font Info:    Try loading font information for U+msa on input line 60.

(/usr/share/texlive/texmf-dist/tex/latex/amsfonts/umsa.fd
File: umsa.fd 2013/01/14 v3.01 AMS symbols A
)
LaTeX Font Info:    Try loading font information for U+msb on input line 60.

(/usr/share/texlive/texmf-dist/tex/latex/amsfonts/umsb.fd
File: umsb.fd 2013/01/14 v3.01 AMS symbols B
)
*geometry* driver: auto-detecting
*geometry* detected driver: pdftex

Package geometry Warning: The marginal notes overrun the paper.
     Add 15.64174pt and more to the right margin.

*geometry* verbose mode - [ preamble ] result:
* driver: pdftex
* paper: <default>
* layout: <same size as paper>
* layoutoffset:(h,v)=(0.0pt,0.0pt)
* modes: 
* h-part:(L,W,R)=(92.14519pt, 436.79155pt, 85.35826pt)
* v-part:(T,H,B)=(95.39737pt, 556.47656pt, 143.09605pt)
* \paperwidth=614.295pt
* \paperheight=794.96999pt
* \textwidth=436.79155pt
* \textheight=556.47656pt
* \oddsidemargin=19.8752pt
* \evensidemargin=19.8752pt
* \topmargin=1.12738pt
* \headheight=8.0pt
* \headsep=14.0pt
* \topskip=10.0pt
* \footskip=12.0pt
* \marginparwidth=90.0pt
* \marginparsep=11.0pt
* \columnsep=10.0pt
* \skip\footins=7.0pt plus 11.0pt
* \hoffset=0.0pt
* \voffset=0.0pt
* \mag=1000
* \@twocolumnfalse
* \@twosidefalse
* \@mparswitchfalse
* \@reversemarginfalse
* (1in=72.27pt=25.4mm, 1cm=28.453pt)

Preview: Fontsize 10pt
Preview: PDFoutput 1
Preview: Tightpage -32891 -32891 32891 32891
[1{/var/lib/texmf/fonts/map/pdftex/updmap/pdftex.map}] [2]
Overfull \hbox (395.29652pt too wide) in paragraph at lines 220--220
 \T1/cmr/m/n/10 1.2.\T1/cmr/bx/n/10 The struc-ture of large fam-i-lies that are
 free from an ex-panded hy-per-graphs.[] [] 
 []

[3] [4]
Overfull \hbox (301.44492pt too wide) in paragraph at lines 269--283
\T1/cmr/m/n/10 au-thor [[]] and fur-ther de-vel-oped by El-lis, Keller, and the
 au-thor [[]]. [] 
 []

[5]
Overfull \hbox (160.5534pt too wide) in paragraph at lines 285--294
\T1/cmr/m/n/10 systems. They showed the fol-low-ing. [] 
 []

[6]
Underfull \vbox (badness 10000) has occurred while \output is active []

 [7]
[8]
Overfull \hbox (215.3826pt too wide) in paragraph at lines 382--395
\T1/cmr/m/n/10 are au-to-mat-i-cally free of some other hy-per-graphs. [] 
 []

[9]
Overfull \hbox (12.0pt too wide) in paragraph at lines 405--405
[][] 
 []

[10]
Overfull \hbox (111.2136pt too wide) in paragraph at lines 417--427
\T1/cmr/m/n/10 more pre-cisely as fol-lows. [] 
 []


Underfull \vbox (badness 10000) has occurred while \output is active []

 [11]
[12]
Overfull \hbox (19.62485pt too wide) in paragraph at lines 490--524
\T1/cmr/m/n/10 ple. [] 
 []

[13]
Overfull \hbox (144.09445pt too wide) in paragraph at lines 526--540
\T1/cmr/m/n/10 stronger as-sump-tion is suf-fi-cient. [] 
 []

[14]
Overfull \hbox (101.73444pt too wide) in paragraph at lines 552--564
\T1/cmr/m/n/10 large as a func-tion of $\OML/cmm/m/it/10 ^^N$\T1/cmr/m/n/10 . [
] 
 []


LaTeX Warning: Reference `sec:Sharp-threshold-theorems' on page 6 undefined on 
input line 574.


Underfull \vbox (badness 5985) has occurred while \output is active []



LaTeX Warning: Reference `sec:Sharp-threshold-theorems' on page 7 undefined on 
input line 658.

[15]
Overfull \hbox (23.51279pt too wide) in paragraph at lines 698--704
[]\T1/cmr/m/n/10 ]). [] 
 []

[16]
Overfull \hbox (205.46985pt too wide) in paragraph at lines 736--744
\T1/cmr/m/n/10 from 0 and 1, then $\OML/cmm/m/it/10 f$ \T1/cmr/m/n/10 ex-hibits
 a sharp thresh-old. [] 
 []

[17]
Overfull \hbox (12.0pt too wide) in paragraph at lines 766--766
[][] 
 []


Overfull \hbox (2.77399pt too wide) in paragraph at lines 800--805
\T1/cmr/m/n/10 ments $\OML/cmm/m/it/10 y \OMS/cmsy/m/n/10 2 [][]$ \T1/cmr/m/n/1
0 that sat-isfy $\OMS/cmsy/m/n/10 8\OML/cmm/m/it/10 i \OT1/cmr/m/n/10 :  \OML/c
mm/m/it/10 y[] \OMS/cmsy/m/n/10 ^^U \OT1/cmr/bx/n/10 x[]$\T1/cmr/m/n/10 . Say t
hat $\OML/cmm/m/it/10 f$ \T1/cmr/m/n/10 is `al-most mono-tone' if $[] []$
 []

[18]
Overfull \hbox (252.56796pt too wide) in paragraph at lines 826--846
\T1/cmr/m/n/10 All these no-tions are cap-tured by the fol-low-ing frame-work. 
[] 
 []

[19]
Overfull \hbox (334.94562pt too wide) in paragraph at lines 857--873
[]$\T1/cmr/m/n/10 -almost mono-tone func-tion $\OML/cmm/m/it/10 f$ \T1/cmr/m/n/
10 is $[]$-close to a mono-tone $\OML/cmm/m/it/10 j$\T1/cmr/m/n/10 -junta. [] 
 []

[20]
Overfull \hbox (46.97928pt too wide) in paragraph at lines 881--915
\T1/cmr/m/n/10 nec-es-sary. [] 
 []


Underfull \vbox (badness 10000) has occurred while \output is active []


Overfull \hbox (6.35316pt too wide) in paragraph at lines 917--922
[]\T1/cmr/m/n/10 The proof of The-o-rem 2.5  is based on the in-vari-ance prin-
ci-ple of Mos-sel, O'Donnell, and Oleszkiewicz
 []

[21]
Overfull \hbox (219.46532pt too wide) in paragraph at lines 933--947
\T1/cmr/m/n/10 the $\OML/cmm/m/it/10 ^^V[]$ \T1/cmr/m/n/10 mea-sures of $\OML/c
mm/m/it/10 f$ \T1/cmr/m/n/10 and of $\OML/cmm/m/it/10 f[]$ \T1/cmr/m/n/10 are n
ot far apart. [] 
 []

[22]
Overfull \hbox (375.90189pt too wide) in paragraph at lines 949--961
[]\T1/cmr/m/n/10 As we ex-plain be-low the fol-low-ing is a ro-bust ver-sion of
 the Friedgut--Kalai The-o-rem. [] 
 []

[23]
Underfull \vbox (badness 10000) has occurred while \output is active []

 [24]
[25] [26]
Overfull \hbox (384.96764pt too wide) in paragraph at lines 1156--1165
[]\T1/cmr/m/n/10 Another no-tion of im-por-tance for us is the no-tion of \T1/c
mr/m/it/10 in-flu-ence \T1/cmr/m/n/10 by Ben-Or and Linial [[]]. [] 
 []

[27]
Overfull \hbox (229.88199pt too wide) in paragraph at lines 1167--1182
[]\T1/cmr/m/n/10 We shall also need to in-tro-duce the noise op-er-a-tor. [] 
 []

[28]
Overfull \hbox (228.35219pt too wide) in paragraph at lines 1184--1196
[]\T1/cmr/m/n/10 We have the fol-low-ing Fourier for-mula for $\OT1/cmss/m/n/10
 T[] [] \OML/cmm/m/it/10 :$ [] 
 []

[29]
Overfull \hbox (18.3844pt too wide) in paragraph at lines 1225--1246
\T1/cmr/m/n/10 las: [] 
 []


LaTeX Warning: Reference `eq:comp1' on page 15 undefined on input line 1269.


LaTeX Warning: Reference `eq:comp2' on page 15 undefined on input line 1269.

[30]
Overfull \hbox (12.0pt too wide) in paragraph at lines 1282--1282
[][] 
 []

[31]
Overfull \hbox (275.08592pt too wide) in paragraph at lines 1340--1362
\T1/cmr/m/n/10 is $[]$-regular. So in a sense these no-tions are equiv-a-lent. 
[] 
 []


Underfull \vbox (badness 2856) has occurred while \output is active []



LaTeX Warning: Reference `eq:stab rho' on page 17 undefined on input line 1385.


[32]
Overfull \hbox (12.0pt too wide) in paragraph at lines 1395--1395
[][] 
 []

[33]
Overfull \hbox (48.70108pt too wide) in paragraph at lines 1400--1410
\T1/cmr/m/n/10 Jones [[]]. [] 
 []

[34]
Overfull \hbox (12.0pt too wide) in paragraph at lines 1417--1417
[][] 
 []

[35]
Overfull \hbox (263.957pt too wide) in paragraph at lines 1419--1432
[]\T1/cmr/m/n/10 We also make use of the fol-low-ing reg-u-lar-ity lemma of [[]
]. [] 
 []

[36]
Overfull \hbox (70.83456pt too wide) in paragraph at lines 1448--1464
\T1/cmr/m/n/10 fined as fol-lows. [] 
 []

[37]
Overfull \hbox (12.0pt too wide) in paragraph at lines 1479--1479
[][] 
 []

[38] [39]
Overfull \hbox (303.84308pt too wide) in paragraph at lines 1502--1514
\T1/cmr/m/n/10 For such pa-ram-e-ters, $\OT1/cmr/m/n/10 ^^C[] []$ \T1/cmr/m/n/1
0 ad-mits a slightly stronger up-per bound. [] 
 []

[40]
Overfull \hbox (210.9928pt too wide) in paragraph at lines 1527--1533
[]\T1/cmr/m/n/10 We shall also use the fol-low-ing es-ti-mate on $\OT1/cmr/m/n/
10 ^^C[]\OML/cmm/m/it/10 :$ [] 
 []

[41]
Overfull \hbox (129.08109pt too wide) in paragraph at lines 1535--1544
\OML/cmm/m/it/10 f$ \T1/cmr/m/n/10 is a mul-ti-lin-ear poly-no-mial: [] 
 []

[42]
Overfull \hbox (196.69565pt too wide) in paragraph at lines 1567--1579
[]\T1/cmr/m/n/10 We shall also need the fol-low-ing def-i-ni-tion. [] 
 []

[43]
Overfull \hbox (29.67795pt too wide) in paragraph at lines 1592--1608
\T1/cmr/m/n/10 small. [] 
 []

[44]
Overfull \hbox (53.89426pt too wide) in paragraph at lines 1613--1632
\T1/cmr/m/n/10 Mos-sel [[]]. [] 
 []

[45]
Overfull \hbox (68.0297pt too wide) in paragraph at lines 1660--1684
\T1/cmr/m/n/10 tails are be-low. [] 
 []

[46]

LaTeX Warning: Reference `eq:chops are small' on page 22 undefined on input lin
e 1776.


LaTeX Warning: Reference `eq:chops are small' on page 22 undefined on input lin
e 1776.

[47]
Overfull \hbox (319.24905pt too wide) in paragraph at lines 1776--1776
[]\T1/cmr/m/n/10 To fin-ish the proof of the lemma it re-mains to prove the fol
-low-ing claim. [] 
 []

[48]
Overfull \hbox (12.0pt too wide) in paragraph at lines 1799--1799
[][] 
 []


Underfull \vbox (badness 1902) has occurred while \output is active []

 [49]
Overfull \hbox (377.61444pt too wide) in paragraph at lines 1909--1920
[]\T1/cmr/m/n/10 In this sec-tion we prove The-o-rem 2.5 . We re-state it for t
he con-ve-nience of the reader. [] 
 []


LaTeX Warning: Reference `eq:sec4 1' on page 26 undefined on input line 2017.


LaTeX Warning: Reference `eq: sec 4 2' on page 26 undefined on input line 2017.


[50]
Overfull \hbox (62.97537pt too wide) in paragraph at lines 2018--2030
\T1/cmr/m/n/10 The-o-rem 2.8 . [] 
 []


LaTeX Warning: Reference `eq:Theorem 4.1' on page 26 undefined on input line 20
55.


LaTeX Warning: Reference `eq: sec 4 2' on page 26 undefined on input line 2055.



LaTeX Warning: Reference `eq:sec4 1' on page 26 undefined on input line 2055.

[51]
Overfull \hbox (360.06317pt too wide) in paragraph at lines 2056--2068
[]\T1/cmr/m/n/10 We shall now prove The-o-rem 2.8 . We re-state it for the con-
ve-nience of the reader. [] 
 []

[52]
Overfull \hbox (320.40367pt too wide) in paragraph at lines 2101--2119
[]\T1/cmr/m/n/10 In this sec-tion we prove The-o-rem 7.1  in the case where $\O
MS/cmsy/m/n/10 H$ \T1/cmr/m/n/10 is a match-ing. [] 
 []

[53]
Overfull \hbox (328.44427pt too wide) in paragraph at lines 2134--2148
[] \OML/cmm/m/it/10 :$ \T1/cmr/m/n/10 This con-struc-tion is orig-i-nated in th
e work of Friedgut and Regev [[]]. [] 
 []

[54] [55]
Overfull \hbox (265.17892pt too wide) in paragraph at lines 2165--2179
[]\T1/cmr/m/n/10 We shall also need to in-tro-duce the fol-low-ing dis-tri-bu-t
ions. [] 
 []

[56]
Overfull \hbox (350.00136pt too wide) in paragraph at lines 2184--2200
\T1/cmr/m/n/10 such that each of the sets $\OT1/cmr/bx/n/10 B[]$ \T1/cmr/m/n/10
 is dis-tributed ac-cord-ing to the $[]$-biased dis-tri-bu-tion. [] 
 []


Overfull \hbox (12.7236pt too wide) in paragraph at lines 2234--2237
[]\T1/cmr/m/n/10 We shall use the sim-i-lar-ity be-tween $\OML/cmm/m/it/10 ^^V[
]$ \T1/cmr/m/n/10 and $\OML/cmm/m/it/10 ^^V[]$ \T1/cmr/m/n/10 to de-duce that $
\OML/cmm/m/it/10 ^^V[] []$
 []


Overfull \hbox (2.52103pt too wide) in paragraph at lines 2238--2248
\T1/cmr/m/n/10 bil-ity. On the other hand for each $\OML/cmm/m/it/10 B[]$ \T1/c
mr/m/n/10 with $[][] [] [] \OT1/cmr/m/n/10 = 1$\T1/cmr/m/n/10 , we have $[][] [
] \OMS/cmsy/m/n/10 ^^U
 []

[57]
Overfull \hbox (98.63318pt too wide) in paragraph at lines 2254--2270
\T1/cmr/m/n/10 mately equal to $\OML/cmm/m/it/10 ^^V [] :$ [] 
 []


LaTeX Warning: Reference `eq:computation ff' on page 29 undefined on input line
 2287.

[58]
Overfull \hbox (12.0pt too wide) in paragraph at lines 2304--2304
[][] 
 []

[59]
Overfull \hbox (59.08743pt too wide) in paragraph at lines 2349--2360
\T1/cmr/m/n/10 ciently large. [] 
 []

[60]
Overfull \hbox (291.87659pt too wide) in paragraph at lines 2397--2397
 \T1/cmr/m/n/10 6.3.\T1/cmr/bx/n/10 Showing that if $[]$ is small, then $\OML/c
mm/m/it/10 f[]$ \T1/cmr/bx/n/10 is $[]$\T1/cmr/m/n/10 -regular\T1/cmr/bx/n/10 .
[] [] 
 []


LaTeX Warning: Reference `eq:k small 1' on page 31 undefined on input line 2442
.


LaTeX Warning: Reference `eq:k divided by n is negligible' on page 31 undefined
 on input line 2442.

[61]
Overfull \hbox (261.38261pt too wide) in paragraph at lines 2448--2464
\T1/cmr/m/n/10 the dis-tri-bu-tions $\OML/cmm/m/it/10 ^^V[]; ^^V[]$ \T1/cmr/m/n
/10 are very close to each other. [] 
 []

[62]
Overfull \hbox (350.31676pt too wide) in paragraph at lines 2483--2496
[]\T1/cmr/m/n/10 We shall now com-plete the sec-ond step of show-ing that $\OML
/cmm/m/it/10 ^^V[] []$ \T1/cmr/m/n/10 is large. [] 
 []

[63] [64]
Overfull \hbox (322.0817pt too wide) in paragraph at lines 2583--2599
[]\T1/cmr/m/n/10 We shall now gen-er-al-ize The-o-rem 6.1  to gen-eral ex-pande
d hy-per-graphs. [] 
 []

[65] [66]
Overfull \hbox (254.87242pt too wide) in paragraph at lines 2642--2655
\T1/cmr/m/n/10 prob-a-bil-ity, pro-vided that $\OML/cmm/m/it/10 k$ \T1/cmr/m/n/
10 is not too close to ei-ther $\OT1/cmr/m/n/10 0$ \T1/cmr/m/n/10 or $\OML/cmm/
m/it/10 n$\T1/cmr/m/n/10 . [] 
 []

[67]
Overfull \hbox (177.35303pt too wide) in paragraph at lines 2697--2713
\T1/cmr/m/n/10 of $\OMS/cmsy/m/n/10 H\OML/cmm/m/it/10 :$ \T1/cmr/m/n/10 We shal
l need the fol-low-ing lemma. [] 
 []

[68]
Overfull \hbox (179.97751pt too wide) in paragraph at lines 2749--2759
[]\T1/cmr/m/n/10 We will also need the fol-low-ing lemma. [] 
 []

[69]
Overfull \hbox (262.81839pt too wide) in paragraph at lines 2796--2807
[]\T1/cmr/m/n/10 We now prove the fol-low-ing re-state-ment of The-o-rem 1.13 .
 [] 
 []


Overfull \hbox (8.17628pt too wide) in paragraph at lines 2856--2856
\OML/cmm/m/it/10 ^^N[]$ \T1/cmr/m/n/10 is small enough, we may ap-ply The-o-rem
 7.1  with $\OML/cmm/m/it/10 ^^O=\OT1/cmr/m/n/10 2$ \T1/cmr/m/n/10 in-stead of 
$\OML/cmm/m/it/10 ^^O$\T1/cmr/m/n/10 , the hy-per-graph $[]$,
 []

[70]
Overfull \hbox (376.64246pt too wide) in paragraph at lines 2862--2870
[]\T1/cmr/m/n/10 We shall now prove Propo-si-tion 1.14 . We re-state it for the
 con-ve-nience of the reader. [] 
 []

[71]
Overfull \hbox (380.2897pt too wide) in paragraph at lines 2886--2901
[]\T1/cmr/m/n/10 Finally we shall prove The-o-rem 1.11  that we re-state for th
e con-ve-nience of the reader. [] 
 []


Underfull \hbox (badness 5431) in paragraph at lines 2955--2956
[]\T1/cmr/m/n/8 Yuval Fil-mus. Ahlswede-Khachatrian the-o-rems: Weighted, in-fi
-nite, and Ham-ming. \T1/cmr/m/it/8 arXiv preprint
 []


Underfull \vbox (badness 10000) has occurred while \output is active []


(source_extraction/results/1804.00328.aux)

LaTeX Warning: There were undefined references.

 ) 
Here is how much of TeX's memory you used:
 4197 strings out of 494260
 52945 string characters out of 6168642
 152466 words of memory out of 5000000
 7315 multiletter control sequences out of 15000+600000
 23514 words of font info for 64 fonts, out of 8000000 for 9000
 658 hyphenation exceptions out of 8191
 38i,18n,35p,914b,385s stack positions out of 5000i,500n,10000p,200000b,80000s
 </home/dasha/.texlive2017/texmf-var/fonts/pk/ljfour/jknappen/ec/ecti1000.600
pk> </home/dasha/.texlive2017/texmf-var/fonts/pk/ljfour/jknappen/ec/ecbx1000.60
0pk> </home/dasha/.texlive2017/texmf-var/fonts/pk/ljfour/jknappen/ec/ecrm1000.6
00pk></usr/share/texlive/texmf-dist/fonts/type1/public/amsfonts/cm/cmbx10.pfb><
/usr/share/texlive/texmf-dist/fonts/type1/public/amsfonts/cm/cmbx7.pfb></usr/sh
are/texlive/texmf-dist/fonts/type1/public/amsfonts/cm/cmex10.pfb></usr/share/te
xlive/texmf-dist/fonts/type1/public/amsfonts/cm/cmmi10.pfb></usr/share/texlive/
texmf-dist/fonts/type1/public/amsfonts/cm/cmmi5.pfb></usr/share/texlive/texmf-d
ist/fonts/type1/public/amsfonts/cm/cmmi7.pfb></usr/share/texlive/texmf-dist/fon
ts/type1/public/amsfonts/cm/cmmib10.pfb></usr/share/texlive/texmf-dist/fonts/ty
pe1/public/amsfonts/cm/cmr10.pfb></usr/share/texlive/texmf-dist/fonts/type1/pub
lic/amsfonts/cm/cmr5.pfb></usr/share/texlive/texmf-dist/fonts/type1/public/amsf
onts/cm/cmr7.pfb></usr/share/texlive/texmf-dist/fonts/type1/public/amsfonts/cm/
cmss10.pfb></usr/share/texlive/texmf-dist/fonts/type1/public/amsfonts/cm/cmsy10
.pfb></usr/share/texlive/texmf-dist/fonts/type1/public/amsfonts/cm/cmsy5.pfb></
usr/share/texlive/texmf-dist/fonts/type1/public/amsfonts/cm/cmsy7.pfb></usr/sha
re/texlive/texmf-dist/fonts/type1/public/amsfonts/symbols/msbm10.pfb></usr/shar
e/texlive/texmf-dist/fonts/type1/public/amsfonts/symbols/msbm7.pfb>
Output written on source_extraction/results/1804.00328.pdf (71 pages, 265539 by
tes).
PDF statistics:
 468 PDF objects out of 1000 (max. 8388607)
 218 compressed objects within 3 object streams
 0 named destinations out of 1000 (max. 500000)
 1 words of extra memory for PDF output out of 10000 (max. 10000000)

