This is pdfTeX, Version 3.14159265-2.6-1.40.18 (TeX Live 2017/Debian) (preloaded format=pdflatex 2018.11.16)  29 NOV 2018 16:38
entering extended mode
 restricted \write18 enabled.
 %&-line parsing enabled.
**source_extraction/results/1806.10737.tex
(./source_extraction/results/1806.10737.tex
LaTeX2e <2017-04-15>
Babel <3.18> and hyphenation patterns for 20 language(s) loaded.
(/usr/share/texlive/texmf-dist/tex/amstex/base/amstex.tex

AmS-TeX- Version 2.2

Loading definitions for misc utility macros,
\count@@=\count79
\count@@@=\count80
\defaulthelp@=\toks14
\athelp@=\toks15
\defahelp@=\toks16
\defbhelp@=\toks17
 page layout,
\captionwidth@=\dimen102
 accents/punctuation,
line and page breaks,
\saveskip@=\skip41
 figures,
\smallcaptionwidth@=\dimen103
 comments, math spacing, fractions,
\ex@=\dimen104

smash commands, large operator symbols, integrals,
\intno@=\count81
 operator names,
\buffer@=\dimen105

! Undefined control sequence.
l.474 \buffer@\fontdimen13 \tenex
                                 
The control sequence at the end of the top line
of your error message was never \def'ed. If you have
misspelled it (e.g., `\hobx'), type `I' and the correct
spelling (e.g., `I\hbox'). Otherwise just continue,
and I'll forget about whatever was undefined.

! Missing font identifier.
<to be read again> 
                   \global 
l.475 \newdimen\buffer
                      
I was looking for a control sequence whose
current meaning has been defined by \font.

! Font \nullfont has only 7 fontdimen parameters.
<to be read again> 
                   \global 
l.475 \newdimen\buffer
                      
To increase the number of font parameters, you must
use \fontdimen immediately after the \font is loaded.

\buffer=\dimen106
multilevel sub/superscripts,
\Mathstrutbox@=\box26
LaTeX Font Info:    External font `cmex10' loaded for size
(Font)              <7> on input line 504.
LaTeX Font Info:    External font `cmex10' loaded for size
(Font)              <5> on input line 504.
 matrices,
\spreadmlines@=\dimen107
\hashtoks@=\toks18
\dotsspace@=\muskip10
 multiline displays,
\strutbox@=\box27
\atcount@=\count82
\centering@=\skip42
\andhelp@=\toks19
\and@=\count83
\lwidth@=\dimen108
\rwidth@=\dimen109
\maxlwidth@=\dimen110
\maxrwidth@=\dimen111
\totwidth@=\dimen112
\lineht@=\dimen113
\savealignat@=\box28
\gwidth@=\dimen114
\gmaxwidth@=\dimen115
\glineht@=\dimen116
\multlinegap@=\dimen117
\multlinetaggap@=\dimen118
\mwidth@=\dimen119
\mlineht@=\dimen120
\mtagbox@=\box29
\ltwidth@=\dimen121
\rtwidth@=\dimen122

continued fractions,
\cfraccount@=\count84
 compound symbols, various kinds of dots,
\classnum@=\count85
\DOTSCASE@=\count86

special superscripts, \text,
! Undefined control sequence.
l.1246 \scriptfont\itfam
                        \tenit \scriptscriptfont\itfam\tenit
The control sequence at the end of the top line
of your error message was never \def'ed. If you have
misspelled it (e.g., `\hobx'), type `I' and the correct
spelling (e.g., `I\hbox'). Otherwise just continue,
and I'll forget about whatever was undefined.

! Undefined control sequence.
l.1246 \scriptfont\itfam\tenit
                               \scriptscriptfont\itfam\tenit
The control sequence at the end of the top line
of your error message was never \def'ed. If you have
misspelled it (e.g., `\hobx'), type `I' and the correct
spelling (e.g., `I\hbox'). Otherwise just continue,
and I'll forget about whatever was undefined.

! Missing number, treated as zero.
<to be read again> 
                   \scriptscriptfont 
l.1246 \scriptfont\itfam\tenit \scriptscriptfont
                                                \itfam\tenit
A number should have been here; I inserted `0'.
(If you can't figure out why I needed to see a number,
look up `weird error' in the index to The TeXbook.)

! Undefined control sequence.
l.1246 ...font\itfam\tenit \scriptscriptfont\itfam
                                                  \tenit
The control sequence at the end of the top line
of your error message was never \def'ed. If you have
misspelled it (e.g., `\hobx'), type `I' and the correct
spelling (e.g., `I\hbox'). Otherwise just continue,
and I'll forget about whatever was undefined.

! Undefined control sequence.
l.1246 ...tfam\tenit \scriptscriptfont\itfam\tenit
                                                  
The control sequence at the end of the top line
of your error message was never \def'ed. If you have
misspelled it (e.g., `\hobx'), type `I' and the correct
spelling (e.g., `I\hbox'). Otherwise just continue,
and I'll forget about whatever was undefined.

! Missing number, treated as zero.
<to be read again> 
                   \scriptfont 
l.1247 \scriptfont
                  \slfam\tensl \scriptscriptfont\slfam\tensl
A number should have been here; I inserted `0'.
(If you can't figure out why I needed to see a number,
look up `weird error' in the index to The TeXbook.)

! Undefined control sequence.
l.1247 \scriptfont\slfam
                        \tensl \scriptscriptfont\slfam\tensl
The control sequence at the end of the top line
of your error message was never \def'ed. If you have
misspelled it (e.g., `\hobx'), type `I' and the correct
spelling (e.g., `I\hbox'). Otherwise just continue,
and I'll forget about whatever was undefined.

! Undefined control sequence.
l.1247 \scriptfont\slfam\tensl
                               \scriptscriptfont\slfam\tensl
The control sequence at the end of the top line
of your error message was never \def'ed. If you have
misspelled it (e.g., `\hobx'), type `I' and the correct
spelling (e.g., `I\hbox'). Otherwise just continue,
and I'll forget about whatever was undefined.

! Missing number, treated as zero.
<to be read again> 
                   \scriptscriptfont 
l.1247 \scriptfont\slfam\tensl \scriptscriptfont
                                                \slfam\tensl
A number should have been here; I inserted `0'.
(If you can't figure out why I needed to see a number,
look up `weird error' in the index to The TeXbook.)

! Undefined control sequence.
l.1247 ...font\slfam\tensl \scriptscriptfont\slfam
                                                  \tensl
The control sequence at the end of the top line
of your error message was never \def'ed. If you have
misspelled it (e.g., `\hobx'), type `I' and the correct
spelling (e.g., `I\hbox'). Otherwise just continue,
and I'll forget about whatever was undefined.

! Undefined control sequence.
l.1247 ...lfam\tensl \scriptscriptfont\slfam\tensl
                                                  
The control sequence at the end of the top line
of your error message was never \def'ed. If you have
misspelled it (e.g., `\hobx'), type `I' and the correct
spelling (e.g., `I\hbox'). Otherwise just continue,
and I'll forget about whatever was undefined.

! Bad number (92).
\newif #1->\count@ 
                   \escapechar \escapechar \m@ne \let #1\iffalse \@if #1\ift...
l.1248 \newif\iftopfolded@
                          
Since I expected to read a number between 0 and 15,
I changed this one to zero.

! Missing number, treated as zero.
<to be read again> 
                   \let 
l.1248 \newif\iftopfolded@
                          
A number should have been here; I inserted `0'.
(If you can't figure out why I needed to see a number,
look up `weird error' in the index to The TeXbook.)

math font commands, \newsymbol, bold Greek and bold symbols,
! Undefined control sequence.
<argument> \bffam 
                  
l.1384 \edef\bffam@{\hexnumber@\bffam
                                     }
The control sequence at the end of the top line
of your error message was never \def'ed. If you have
misspelled it (e.g., `\hobx'), type `I' and the correct
spelling (e.g., `I\hbox'). Otherwise just continue,
and I'll forget about whatever was undefined.

\delimcount@=\count87
Euler fonts, math accents,
\skewcharcount@=\count88
\familycount@=\count89
\pointcount@=\count90
\accentdimen@=\dimen123
\accentmu@=\count91
roots,
\uproot@=\count92
\leftroot@=\count93
commutative diagrams,
\minaw@=\dimen124
\minCDaw@=\dimen125
\bigaw@=\dimen126
poor man's bold,
\pmbraise@=\dimen127
syntax check,
\countxviii@=\count94
... finished)
! Undefined control sequence.
l.3 \magnification
                  \magstephalf
The control sequence at the end of the top line
of your error message was never \def'ed. If you have
misspelled it (e.g., `\hobx'), type `I' and the correct
spelling (e.g., `I\hbox'). Otherwise just continue,
and I'll forget about whatever was undefined.


! LaTeX Error: Missing \begin{document}.

See the LaTeX manual or LaTeX Companion for explanation.
Type  H <return>  for immediate help.
 ...                                              
                                                  
l.3 \magnification\magstephalf
                              
You're in trouble here.  Try typing  <return>  to proceed.
If that doesn't work, type  X <return>  to quit.

Missing character: There is no 1 in font nullfont!
Missing character: There is no 0 in font nullfont!
Missing character: There is no 9 in font nullfont!
Missing character: There is no 5 in font nullfont!

(/usr/share/texlive/texmf-dist/tex/amstex/base/amsppt.sty
version 2.2 (2001/08/07): Loading utility definitions,
\bigsize@=\dimen128
\revert@=\toks20
more fonts,
\tenpoint@=\toks21
\eightpoint@=\toks22
\loadextrafonts@@=\toks23
page dimension settings,
\normalparindent=\dimen129
\indenti=\dimen130
top matter,
\chaptercount@=\count95
\titlebox@=\box30
\authorbox@=\box31
\affilbox@=\box32
\addresscount@=\count96
\abstractbox@=\box33
\tocheadbox@=\box34
\tocsubheadbox@=\box35
\tocbox@=\box36
\pagenumwd=\dimen131
! Undefined control sequence.
l.545 \newif\ifdocument@  \document@false
                                         
The control sequence at the end of the top line
of your error message was never \def'ed. If you have
misspelled it (e.g., `\hobx'), type `I' and the correct
spelling (e.g., `I\hbox'). Otherwise just continue,
and I'll forget about whatever was undefined.

section heads,
\aboveheadskip=\skip43
\belowheadskip=\dimen132
\abovespecialheadskip=\skip44
\subheadskip=\skip45
\subsubheadskip=\skip46
theorems/proofs/definitions/remarks,
\preproclaimskip=\skip47
\postproclaimskip=\skip48
\remarkskip=\skip49
\postdemoskip=\skip50
\predefinitionskip=\skip51
\postdefinitionskip=\skip52
rosters,
\rosteritemwd=\dimen133
\rostercount@=\count97
\everypartoks@=\toks24
\rosterhangafter@=\count98
footnotes,
\footmarkcount@=\count99
figures and captions, miscellaneous, references,
\refindentwd=\dimen134
! Undefined control sequence.
\eightpoint ...ixrm \scriptscriptfont \z@ \fiverm 
                                                  \textfont \@ne \eighti \sc...
l.859 \setboxz@h{\refsfont@
                            00.\enspace}
The control sequence at the end of the top line
of your error message was never \def'ed. If you have
misspelled it (e.g., `\hobx'), type `I' and the correct
spelling (e.g., `I\hbox'). Otherwise just continue,
and I'll forget about whatever was undefined.

! Undefined control sequence.
\eightpoint ...sixi \scriptscriptfont \@ne \fivei 
                                                  \textfont \tw@ \eightsy \s...
l.859 \setboxz@h{\refsfont@
                            00.\enspace}
The control sequence at the end of the top line
of your error message was never \def'ed. If you have
misspelled it (e.g., `\hobx'), type `I' and the correct
spelling (e.g., `I\hbox'). Otherwise just continue,
and I'll forget about whatever was undefined.

! Undefined control sequence.
\eightpoint ...xsy \scriptscriptfont \tw@ \fivesy 
                                                  \textfont \thr@@ \eightex ...
l.859 \setboxz@h{\refsfont@
                            00.\enspace}
The control sequence at the end of the top line
of your error message was never \def'ed. If you have
misspelled it (e.g., `\hobx'), type `I' and the correct
spelling (e.g., `I\hbox'). Otherwise just continue,
and I'll forget about whatever was undefined.

! Undefined control sequence.
\eightpoint ... \fivesy \textfont \thr@@ \eightex 
                                                  \scriptfont \thr@@ \sevene...
l.859 \setboxz@h{\refsfont@
                            00.\enspace}
The control sequence at the end of the top line
of your error message was never \def'ed. If you have
misspelled it (e.g., `\hobx'), type `I' and the correct
spelling (e.g., `I\hbox'). Otherwise just continue,
and I'll forget about whatever was undefined.

! Undefined control sequence.
\eightpoint ...ightex \scriptfont \thr@@ \sevenex 
                                                  \scriptscriptfont \thr@@ \...
l.859 \setboxz@h{\refsfont@
                            00.\enspace}
The control sequence at the end of the top line
of your error message was never \def'ed. If you have
misspelled it (e.g., `\hobx'), type `I' and the correct
spelling (e.g., `I\hbox'). Otherwise just continue,
and I'll forget about whatever was undefined.

! Undefined control sequence.
\eightpoint ... \scriptscriptfont \thr@@ \sevenex 
                                                  \textfont \itfam \eightit ...
l.859 \setboxz@h{\refsfont@
                            00.\enspace}
The control sequence at the end of the top line
of your error message was never \def'ed. If you have
misspelled it (e.g., `\hobx'), type `I' and the correct
spelling (e.g., `I\hbox'). Otherwise just continue,
and I'll forget about whatever was undefined.

! Undefined control sequence.
\eightpoint ...t \thr@@ \sevenex \textfont \itfam 
                                                  \eightit \scriptfont \itfa...
l.859 \setboxz@h{\refsfont@
                            00.\enspace}
The control sequence at the end of the top line
of your error message was never \def'ed. If you have
misspelled it (e.g., `\hobx'), type `I' and the correct
spelling (e.g., `I\hbox'). Otherwise just continue,
and I'll forget about whatever was undefined.

! Missing number, treated as zero.
<to be read again> 
                   \eightit 
l.859 \setboxz@h{\refsfont@
                            00.\enspace}
A number should have been here; I inserted `0'.
(If you can't figure out why I needed to see a number,
look up `weird error' in the index to The TeXbook.)

! Undefined control sequence.
\eightpoint ...\itfam \eightit \scriptfont \itfam 
                                                  \sevenit \scriptscriptfont...
l.859 \setboxz@h{\refsfont@
                            00.\enspace}
The control sequence at the end of the top line
of your error message was never \def'ed. If you have
misspelled it (e.g., `\hobx'), type `I' and the correct
spelling (e.g., `I\hbox'). Otherwise just continue,
and I'll forget about whatever was undefined.

! Missing number, treated as zero.
<to be read again> 
                   \sevenit 
l.859 \setboxz@h{\refsfont@
                            00.\enspace}
A number should have been here; I inserted `0'.
(If you can't figure out why I needed to see a number,
look up `weird error' in the index to The TeXbook.)

! Undefined control sequence.
\eightpoint ... \sevenit \scriptscriptfont \itfam 
                                                  \sevenit \textfont \bffam ...
l.859 \setboxz@h{\refsfont@
                            00.\enspace}
The control sequence at the end of the top line
of your error message was never \def'ed. If you have
misspelled it (e.g., `\hobx'), type `I' and the correct
spelling (e.g., `I\hbox'). Otherwise just continue,
and I'll forget about whatever was undefined.

! Missing number, treated as zero.
<to be read again> 
                   \sevenit 
l.859 \setboxz@h{\refsfont@
                            00.\enspace}
A number should have been here; I inserted `0'.
(If you can't figure out why I needed to see a number,
look up `weird error' in the index to The TeXbook.)

! Undefined control sequence.
\eightpoint ...t \itfam \sevenit \textfont \bffam 
                                                  \eightbf \scriptfont \bffa...
l.859 \setboxz@h{\refsfont@
                            00.\enspace}
The control sequence at the end of the top line
of your error message was never \def'ed. If you have
misspelled it (e.g., `\hobx'), type `I' and the correct
spelling (e.g., `I\hbox'). Otherwise just continue,
and I'll forget about whatever was undefined.

! Missing number, treated as zero.
<to be read again> 
                   \eightbf 
l.859 \setboxz@h{\refsfont@
                            00.\enspace}
A number should have been here; I inserted `0'.
(If you can't figure out why I needed to see a number,
look up `weird error' in the index to The TeXbook.)

! Undefined control sequence.
\eightpoint ...\bffam \eightbf \scriptfont \bffam 
                                                  \sixbf \scriptscriptfont \...
l.859 \setboxz@h{\refsfont@
                            00.\enspace}
The control sequence at the end of the top line
of your error message was never \def'ed. If you have
misspelled it (e.g., `\hobx'), type `I' and the correct
spelling (e.g., `I\hbox'). Otherwise just continue,
and I'll forget about whatever was undefined.

! Missing number, treated as zero.
<to be read again> 
                   \sixbf 
l.859 \setboxz@h{\refsfont@
                            00.\enspace}
A number should have been here; I inserted `0'.
(If you can't figure out why I needed to see a number,
look up `weird error' in the index to The TeXbook.)

! Undefined control sequence.
\eightpoint ...am \sixbf \scriptscriptfont \bffam 
                                                  \fivebf \setbox \strutbox ...
l.859 \setboxz@h{\refsfont@
                            00.\enspace}
The control sequence at the end of the top line
of your error message was never \def'ed. If you have
misspelled it (e.g., `\hobx'), type `I' and the correct
spelling (e.g., `I\hbox'). Otherwise just continue,
and I'll forget about whatever was undefined.

! Undefined control sequence.
\eightpoint ...f \scriptscriptfont \bffam \fivebf 
                                                  \setbox \strutbox \hbox {\...
l.859 \setboxz@h{\refsfont@
                            00.\enspace}
The control sequence at the end of the top line
of your error message was never \def'ed. If you have
misspelled it (e.g., `\hobx'), type `I' and the correct
spelling (e.g., `I\hbox'). Otherwise just continue,
and I'll forget about whatever was undefined.

! Missing number, treated as zero.
<to be read again> 
                   \setbox 
l.859 \setboxz@h{\refsfont@
                            00.\enspace}
A number should have been here; I inserted `0'.
(If you can't figure out why I needed to see a number,
look up `weird error' in the index to The TeXbook.)

! Missing font identifier.
<to be read again> 
                   \setbox 
l.859 \setboxz@h{\refsfont@
                            00.\enspace}
I was looking for a control sequence whose
current meaning has been defined by \font.

! Math formula deleted: Insufficient symbol fonts.
\eightpoint ...box }}\setbox \z@ \vbox {\hbox {$($
                                                  }\kern \z@ }\bigsize@ 1.2\...
l.859 \setboxz@h{\refsfont@
                            00.\enspace}
Sorry, but I can't typeset math unless \textfont 2
and \scriptfont 2 and \scriptscriptfont 2 have all
the \fontdimen values needed in math symbol fonts.

\keybox@=\box37
\bybox@=\box38
\paperbox@=\box39
\paperinfobox@=\box40
\jourbox@=\box41
\issuebox@=\box42
\yrbox@=\box43
\pagesbox@=\box44
\edbox@=\box45
\bookbox@=\box46
\bookinfobox@=\box47
\publbox@=\box48
\publaddrbox@=\box49
\procinfobox@=\box50
\finalinfobox@=\box51
\miscnotebox@=\box52
\langbox@=\box53
\morerefbox@=\box54
\volbox@=\box55
\MRbox@=\box56
\holdoverbox=\box57
end of document,
Overfull \hbox (20.0pt too wide) in paragraph at lines 3--1099
[]
 []

output routine,
\leftheadtoks=\toks25
\rightheadtoks=\toks26
! Undefined control sequence.
l.1143 \headline
                ={\def\\{\unskip\space\ignorespaces}\headlinefont@
The control sequence at the end of the top line
of your error message was never \def'ed. If you have
misspelled it (e.g., `\hobx'), type `I' and the correct
spelling (e.g., `I\hbox'). Otherwise just continue,
and I'll forget about whatever was undefined.


! LaTeX Error: Missing \begin{document}.

See the LaTeX manual or LaTeX Companion for explanation.
Type  H <return>  for immediate help.
 ...                                              
                                                  
l.1143 \headline=
                 {\def\\{\unskip\space\ignorespaces}\headlinefont@
You're in trouble here.  Try typing  <return>  to proceed.
If that doesn't work, type  X <return>  to quit.

Missing character: There is no = in font nullfont!
! Undefined control sequence.
\eightpoint ...ixrm \scriptscriptfont \z@ \fiverm 
                                                  \textfont \@ne \eighti \sc...
l.1143 ...unskip\space\ignorespaces}\headlinefont@
                                                  
The control sequence at the end of the top line
of your error message was never \def'ed. If you have
misspelled it (e.g., `\hobx'), type `I' and the correct
spelling (e.g., `I\hbox'). Otherwise just continue,
and I'll forget about whatever was undefined.

! Undefined control sequence.
\eightpoint ...sixi \scriptscriptfont \@ne \fivei 
                                                  \textfont \tw@ \eightsy \s...
l.1143 ...unskip\space\ignorespaces}\headlinefont@
                                                  
The control sequence at the end of the top line
of your error message was never \def'ed. If you have
misspelled it (e.g., `\hobx'), type `I' and the correct
spelling (e.g., `I\hbox'). Otherwise just continue,
and I'll forget about whatever was undefined.

! Undefined control sequence.
\eightpoint ...xsy \scriptscriptfont \tw@ \fivesy 
                                                  \textfont \thr@@ \eightex ...
l.1143 ...unskip\space\ignorespaces}\headlinefont@
                                                  
The control sequence at the end of the top line
of your error message was never \def'ed. If you have
misspelled it (e.g., `\hobx'), type `I' and the correct
spelling (e.g., `I\hbox'). Otherwise just continue,
and I'll forget about whatever was undefined.

! Undefined control sequence.
\eightpoint ... \fivesy \textfont \thr@@ \eightex 
                                                  \scriptfont \thr@@ \sevene...
l.1143 ...unskip\space\ignorespaces}\headlinefont@
                                                  
The control sequence at the end of the top line
of your error message was never \def'ed. If you have
misspelled it (e.g., `\hobx'), type `I' and the correct
spelling (e.g., `I\hbox'). Otherwise just continue,
and I'll forget about whatever was undefined.

! Undefined control sequence.
\eightpoint ...ightex \scriptfont \thr@@ \sevenex 
                                                  \scriptscriptfont \thr@@ \...
l.1143 ...unskip\space\ignorespaces}\headlinefont@
                                                  
The control sequence at the end of the top line
of your error message was never \def'ed. If you have
misspelled it (e.g., `\hobx'), type `I' and the correct
spelling (e.g., `I\hbox'). Otherwise just continue,
and I'll forget about whatever was undefined.

! Undefined control sequence.
\eightpoint ... \scriptscriptfont \thr@@ \sevenex 
                                                  \textfont \itfam \eightit ...
l.1143 ...unskip\space\ignorespaces}\headlinefont@
                                                  
The control sequence at the end of the top line
of your error message was never \def'ed. If you have
misspelled it (e.g., `\hobx'), type `I' and the correct
spelling (e.g., `I\hbox'). Otherwise just continue,
and I'll forget about whatever was undefined.

! Undefined control sequence.
\eightpoint ...t \thr@@ \sevenex \textfont \itfam 
                                                  \eightit \scriptfont \itfa...
l.1143 ...unskip\space\ignorespaces}\headlinefont@
                                                  
The control sequence at the end of the top line
of your error message was never \def'ed. If you have
misspelled it (e.g., `\hobx'), type `I' and the correct
spelling (e.g., `I\hbox'). Otherwise just continue,
and I'll forget about whatever was undefined.

! Missing number, treated as zero.
<to be read again> 
                   \eightit 
l.1143 ...unskip\space\ignorespaces}\headlinefont@
                                                  
A number should have been here; I inserted `0'.
(If you can't figure out why I needed to see a number,
look up `weird error' in the index to The TeXbook.)

! Undefined control sequence.
\eightpoint ...\itfam \eightit \scriptfont \itfam 
                                                  \sevenit \scriptscriptfont...
l.1143 ...unskip\space\ignorespaces}\headlinefont@
                                                  
The control sequence at the end of the top line
of your error message was never \def'ed. If you have
misspelled it (e.g., `\hobx'), type `I' and the correct
spelling (e.g., `I\hbox'). Otherwise just continue,
and I'll forget about whatever was undefined.

! Missing number, treated as zero.
<to be read again> 
                   \sevenit 
l.1143 ...unskip\space\ignorespaces}\headlinefont@
                                                  
A number should have been here; I inserted `0'.
(If you can't figure out why I needed to see a number,
look up `weird error' in the index to The TeXbook.)

! Undefined control sequence.
\eightpoint ... \sevenit \scriptscriptfont \itfam 
                                                  \sevenit \textfont \bffam ...
l.1143 ...unskip\space\ignorespaces}\headlinefont@
                                                  
The control sequence at the end of the top line
of your error message was never \def'ed. If you have
misspelled it (e.g., `\hobx'), type `I' and the correct
spelling (e.g., `I\hbox'). Otherwise just continue,
and I'll forget about whatever was undefined.

! Missing number, treated as zero.
<to be read again> 
                   \sevenit 
l.1143 ...unskip\space\ignorespaces}\headlinefont@
                                                  
A number should have been here; I inserted `0'.
(If you can't figure out why I needed to see a number,
look up `weird error' in the index to The TeXbook.)

! Undefined control sequence.
\eightpoint ...t \itfam \sevenit \textfont \bffam 
                                                  \eightbf \scriptfont \bffa...
l.1143 ...unskip\space\ignorespaces}\headlinefont@
                                                  
The control sequence at the end of the top line
of your error message was never \def'ed. If you have
misspelled it (e.g., `\hobx'), type `I' and the correct
spelling (e.g., `I\hbox'). Otherwise just continue,
and I'll forget about whatever was undefined.

! Missing number, treated as zero.
<to be read again> 
                   \eightbf 
l.1143 ...unskip\space\ignorespaces}\headlinefont@
                                                  
A number should have been here; I inserted `0'.
(If you can't figure out why I needed to see a number,
look up `weird error' in the index to The TeXbook.)

! Undefined control sequence.
\eightpoint ...\bffam \eightbf \scriptfont \bffam 
                                                  \sixbf \scriptscriptfont \...
l.1143 ...unskip\space\ignorespaces}\headlinefont@
                                                  
The control sequence at the end of the top line
of your error message was never \def'ed. If you have
misspelled it (e.g., `\hobx'), type `I' and the correct
spelling (e.g., `I\hbox'). Otherwise just continue,
and I'll forget about whatever was undefined.

! Missing number, treated as zero.
<to be read again> 
                   \sixbf 
l.1143 ...unskip\space\ignorespaces}\headlinefont@
                                                  
A number should have been here; I inserted `0'.
(If you can't figure out why I needed to see a number,
look up `weird error' in the index to The TeXbook.)

! Undefined control sequence.
\eightpoint ...am \sixbf \scriptscriptfont \bffam 
                                                  \fivebf \setbox \strutbox ...
l.1143 ...unskip\space\ignorespaces}\headlinefont@
                                                  
The control sequence at the end of the top line
of your error message was never \def'ed. If you have
misspelled it (e.g., `\hobx'), type `I' and the correct
spelling (e.g., `I\hbox'). Otherwise just continue,
and I'll forget about whatever was undefined.

! Undefined control sequence.
\eightpoint ...f \scriptscriptfont \bffam \fivebf 
                                                  \setbox \strutbox \hbox {\...
l.1143 ...unskip\space\ignorespaces}\headlinefont@
                                                  
The control sequence at the end of the top line
of your error message was never \def'ed. If you have
misspelled it (e.g., `\hobx'), type `I' and the correct
spelling (e.g., `I\hbox'). Otherwise just continue,
and I'll forget about whatever was undefined.

! Missing number, treated as zero.
<to be read again> 
                   \setbox 
l.1143 ...unskip\space\ignorespaces}\headlinefont@
                                                  
A number should have been here; I inserted `0'.
(If you can't figure out why I needed to see a number,
look up `weird error' in the index to The TeXbook.)

! Missing font identifier.
<to be read again> 
                   \setbox 
l.1143 ...unskip\space\ignorespaces}\headlinefont@
                                                  
I was looking for a control sequence whose
current meaning has been defined by \font.

! Math formula deleted: Insufficient symbol fonts.
\eightpoint ...box }}\setbox \z@ \vbox {\hbox {$($
                                                  }\kern \z@ }\bigsize@ 1.2\...
l.1143 ...unskip\space\ignorespaces}\headlinefont@
                                                  
Sorry, but I can't typeset math unless \textfont 2
and \scriptfont 2 and \scriptscriptfont 2 have all
the \fontdimen values needed in math symbol fonts.

! Undefined control sequence.
l.1148   \ifodd\pageno
                       \rightheadline \else \leftheadline\fi}
The control sequence at the end of the top line
of your error message was never \def'ed. If you have
misspelled it (e.g., `\hobx'), type `I' and the correct
spelling (e.g., `I\hbox'). Otherwise just continue,
and I'll forget about whatever was undefined.

! Missing number, treated as zero.
<to be read again> 
                   \hfill 
l.1148   \ifodd\pageno \rightheadline
                                      \else \leftheadline\fi}
A number should have been here; I inserted `0'.
(If you can't figure out why I needed to see a number,
look up `weird error' in the index to The TeXbook.)

! Undefined control sequence.
\folio ->\ifnum \pageno 
                        <\z@ \romannumeral -\pageno \else \number \pageno \fi 
l.1148 ...ageno \rightheadline \else \leftheadline
                                                  \fi}
The control sequence at the end of the top line
of your error message was never \def'ed. If you have
misspelled it (e.g., `\hobx'), type `I' and the correct
spelling (e.g., `I\hbox'). Otherwise just continue,
and I'll forget about whatever was undefined.

! Missing number, treated as zero.
<to be read again> 
                   <
l.1148 ...ageno \rightheadline \else \leftheadline
                                                  \fi}
A number should have been here; I inserted `0'.
(If you can't figure out why I needed to see a number,
look up `weird error' in the index to The TeXbook.)

! Undefined control sequence.
\folio ...nnumeral -\pageno \else \number \pageno 
                                                  \fi 
l.1148 ...ageno \rightheadline \else \leftheadline
                                                  \fi}
The control sequence at the end of the top line
of your error message was never \def'ed. If you have
misspelled it (e.g., `\hobx'), type `I' and the correct
spelling (e.g., `I\hbox'). Otherwise just continue,
and I'll forget about whatever was undefined.

! Missing number, treated as zero.
<to be read again> 
                   \hss 
l.1148 ...ageno \rightheadline \else \leftheadline
                                                  \fi}
A number should have been here; I inserted `0'.
(If you can't figure out why I needed to see a number,
look up `weird error' in the index to The TeXbook.)

! Undefined control sequence.
l.1151 \newif\iffirstpage@     \firstpage@true
                                              
The control sequence at the end of the top line
of your error message was never \def'ed. If you have
misspelled it (e.g., `\hobx'), type `I' and the correct
spelling (e.g., `I\hbox'). Otherwise just continue,
and I'll forget about whatever was undefined.

! Undefined control sequence.
l.1152 \newif\ifrunheads@      \runheads@true
                                             
The control sequence at the end of the top line
of your error message was never \def'ed. If you have
misspelled it (e.g., `\hobx'), type `I' and the correct
spelling (e.g., `I\hbox'). Otherwise just continue,
and I'll forget about whatever was undefined.

\headlineheight=\dimen135
\headlinespace=\dimen136
\dropfoliodepth=\dimen137

Overfull \hbox (12.0pt too wide) in paragraph at lines 1143--1156
[][]
 []

\copyins=\insert200
! Undefined control sequence.
l.1182 \newif\ifplain@  \plain@false
                                    
The control sequence at the end of the top line
of your error message was never \def'ed. If you have
misspelled it (e.g., `\hobx'), type `I' and the correct
spelling (e.g., `I\hbox'). Otherwise just continue,
and I'll forget about whatever was undefined.

hyphenation exceptions (U.S. English)
(/usr/share/texlive/texmf-dist/tex/amstex/base/amsppt.sti symbol names
(/usr/share/texlive/texmf-dist/tex/plain/amsfonts/amssym.tex
! AmS-TeX error: \sqsubset is already defined.
\err@ #1->\errmessage {AmS-TeX error: #1}
                                         
l.115 \newsymbol\sqsubset 1340
                              
\I've ignored your definition, because it might
 conflict with other uses that are important to me. 

! AmS-TeX error: \sqsupset is already defined.
\err@ #1->\errmessage {AmS-TeX error: #1}
                                         
l.116 \newsymbol\sqsupset 1341
                              
\I've ignored your definition, because it might
 conflict with other uses that are important to me. 

! AmS-TeX error: Invalid use of \newsymbol.
\err@ #1->\errmessage {AmS-TeX error: #1}
                                         
l.174 \newsymbol\lvertneqq 2300
                               
\Sorry, I already gave what help I could...
 Maybe you should try asking a human?
 An error might have occurred before I noticed any problems.
 ``If all else fails, read the instructions.'' 

! AmS-TeX error: Invalid use of \newsymbol.
\err@ #1->\errmessage {AmS-TeX error: #1}
                                         
l.175 \newsymbol\gvertneqq 2301
                               
\Sorry, I already gave what help I could...
 Maybe you should try asking a human?
 An error might have occurred before I noticed any problems.
 ``If all else fails, read the instructions.'' 

! AmS-TeX error: Invalid use of \newsymbol.
\err@ #1->\errmessage {AmS-TeX error: #1}
                                         
l.176 \newsymbol\nleq 2302
                          
\Sorry, I already gave what help I could...
 Maybe you should try asking a human?
 An error might have occurred before I noticed any problems.
 ``If all else fails, read the instructions.'' 

! AmS-TeX error: Invalid use of \newsymbol.
\err@ #1->\errmessage {AmS-TeX error: #1}
                                         
l.177 \newsymbol\ngeq 2303
                          
\Sorry, I already gave what help I could...
 Maybe you should try asking a human?
 An error might have occurred before I noticed any problems.
 ``If all else fails, read the instructions.'' 

! AmS-TeX error: Invalid use of \newsymbol.
\err@ #1->\errmessage {AmS-TeX error: #1}
                                         
l.178 \newsymbol\nless 2304
                           
\Sorry, I already gave what help I could...
 Maybe you should try asking a human?
 An error might have occurred before I noticed any problems.
 ``If all else fails, read the instructions.'' 

! AmS-TeX error: Invalid use of \newsymbol.
\err@ #1->\errmessage {AmS-TeX error: #1}
                                         
l.179 \newsymbol\ngtr 2305
                          
\Sorry, I already gave what help I could...
 Maybe you should try asking a human?
 An error might have occurred before I noticed any problems.
 ``If all else fails, read the instructions.'' 

! AmS-TeX error: Invalid use of \newsymbol.
\err@ #1->\errmessage {AmS-TeX error: #1}
                                         
l.180 \newsymbol\nprec 2306
                           
\Sorry, I already gave what help I could...
 Maybe you should try asking a human?
 An error might have occurred before I noticed any problems.
 ``If all else fails, read the instructions.'' 

! AmS-TeX error: Invalid use of \newsymbol.
\err@ #1->\errmessage {AmS-TeX error: #1}
                                         
l.181 \newsymbol\nsucc 2307
                           
\Sorry, I already gave what help I could...
 Maybe you should try asking a human?
 An error might have occurred before I noticed any problems.
 ``If all else fails, read the instructions.'' 

! AmS-TeX error: Invalid use of \newsymbol.
\err@ #1->\errmessage {AmS-TeX error: #1}
                                         
l.182 \newsymbol\lneqq 2308
                           
\Sorry, I already gave what help I could...
 Maybe you should try asking a human?
 An error might have occurred before I noticed any problems.
 ``If all else fails, read the instructions.'' 

! AmS-TeX error: Invalid use of \newsymbol.
\err@ #1->\errmessage {AmS-TeX error: #1}
                                         
l.183 \newsymbol\gneqq 2309
                           
\Sorry, I already gave what help I could...
 Maybe you should try asking a human?
 An error might have occurred before I noticed any problems.
 ``If all else fails, read the instructions.'' 

! AmS-TeX error: Invalid use of \newsymbol.
\err@ #1->\errmessage {AmS-TeX error: #1}
                                         
l.184 \newsymbol\nleqslant 230A
                               
\Sorry, I already gave what help I could...
 Maybe you should try asking a human?
 An error might have occurred before I noticed any problems.
 ``If all else fails, read the instructions.'' 

! AmS-TeX error: Invalid use of \newsymbol.
\err@ #1->\errmessage {AmS-TeX error: #1}
                                         
l.185 \newsymbol\ngeqslant 230B
                               
\Sorry, I already gave what help I could...
 Maybe you should try asking a human?
 An error might have occurred before I noticed any problems.
 ``If all else fails, read the instructions.'' 

! AmS-TeX error: Invalid use of \newsymbol.
\err@ #1->\errmessage {AmS-TeX error: #1}
                                         
l.186 \newsymbol\lneq 230C
                          
\Sorry, I already gave what help I could...
 Maybe you should try asking a human?
 An error might have occurred before I noticed any problems.
 ``If all else fails, read the instructions.'' 

! AmS-TeX error: Invalid use of \newsymbol.
\err@ #1->\errmessage {AmS-TeX error: #1}
                                         
l.187 \newsymbol\gneq 230D
                          
\Sorry, I already gave what help I could...
 Maybe you should try asking a human?
 An error might have occurred before I noticed any problems.
 ``If all else fails, read the instructions.'' 

! AmS-TeX error: Invalid use of \newsymbol.
\err@ #1->\errmessage {AmS-TeX error: #1}
                                         
l.188 \newsymbol\npreceq 230E
                             
\Sorry, I already gave what help I could...
 Maybe you should try asking a human?
 An error might have occurred before I noticed any problems.
 ``If all else fails, read the instructions.'' 

! AmS-TeX error: Invalid use of \newsymbol.
\err@ #1->\errmessage {AmS-TeX error: #1}
                                         
l.189 \newsymbol\nsucceq 230F
                             
\Sorry, I already gave what help I could...
 Maybe you should try asking a human?
 An error might have occurred before I noticed any problems.
 ``If all else fails, read the instructions.'' 

! AmS-TeX error: Invalid use of \newsymbol.
\err@ #1->\errmessage {AmS-TeX error: #1}
                                         
l.190 \newsymbol\precnsim 2310
                              
\Sorry, I already gave what help I could...
 Maybe you should try asking a human?
 An error might have occurred before I noticed any problems.
 ``If all else fails, read the instructions.'' 

! AmS-TeX error: Invalid use of \newsymbol.
\err@ #1->\errmessage {AmS-TeX error: #1}
                                         
l.191 \newsymbol\succnsim 2311
                              
\Sorry, I already gave what help I could...
 Maybe you should try asking a human?
 An error might have occurred before I noticed any problems.
 ``If all else fails, read the instructions.'' 

! AmS-TeX error: Invalid use of \newsymbol.
\err@ #1->\errmessage {AmS-TeX error: #1}
                                         
l.192 \newsymbol\lnsim 2312
                           
\Sorry, I already gave what help I could...
 Maybe you should try asking a human?
 An error might have occurred before I noticed any problems.
 ``If all else fails, read the instructions.'' 

! AmS-TeX error: Invalid use of \newsymbol.
\err@ #1->\errmessage {AmS-TeX error: #1}
                                         
l.193 \newsymbol\gnsim 2313
                           
\Sorry, I already gave what help I could...
 Maybe you should try asking a human?
 An error might have occurred before I noticed any problems.
 ``If all else fails, read the instructions.'' 

! AmS-TeX error: Invalid use of \newsymbol.
\err@ #1->\errmessage {AmS-TeX error: #1}
                                         
l.194 \newsymbol\nleqq 2314
                           
\Sorry, I already gave what help I could...
 Maybe you should try asking a human?
 An error might have occurred before I noticed any problems.
 ``If all else fails, read the instructions.'' 

! AmS-TeX error: Invalid use of \newsymbol.
\err@ #1->\errmessage {AmS-TeX error: #1}
                                         
l.195 \newsymbol\ngeqq 2315
                           
\Sorry, I already gave what help I could...
 Maybe you should try asking a human?
 An error might have occurred before I noticed any problems.
 ``If all else fails, read the instructions.'' 

! AmS-TeX error: Invalid use of \newsymbol.
\err@ #1->\errmessage {AmS-TeX error: #1}
                                         
l.196 \newsymbol\precneqq 2316
                              
\Sorry, I already gave what help I could...
 Maybe you should try asking a human?
 An error might have occurred before I noticed any problems.
 ``If all else fails, read the instructions.'' 

! AmS-TeX error: Invalid use of \newsymbol.
\err@ #1->\errmessage {AmS-TeX error: #1}
                                         
l.197 \newsymbol\succneqq 2317
                              
\Sorry, I already gave what help I could...
 Maybe you should try asking a human?
 An error might have occurred before I noticed any problems.
 ``If all else fails, read the instructions.'' 

! AmS-TeX error: Invalid use of \newsymbol.
\err@ #1->\errmessage {AmS-TeX error: #1}
                                         
l.198 \newsymbol\precnapprox 2318
                                 
\Sorry, I already gave what help I could...
 Maybe you should try asking a human?
 An error might have occurred before I noticed any problems.
 ``If all else fails, read the instructions.'' 

! AmS-TeX error: Invalid use of \newsymbol.
\err@ #1->\errmessage {AmS-TeX error: #1}
                                         
l.199 \newsymbol\succnapprox 2319
                                 
\Sorry, I already gave what help I could...
 Maybe you should try asking a human?
 An error might have occurred before I noticed any problems.
 ``If all else fails, read the instructions.'' 

! AmS-TeX error: Invalid use of \newsymbol.
\err@ #1->\errmessage {AmS-TeX error: #1}
                                         
l.200 \newsymbol\lnapprox 231A
                              
\Sorry, I already gave what help I could...
 Maybe you should try asking a human?
 An error might have occurred before I noticed any problems.
 ``If all else fails, read the instructions.'' 

! AmS-TeX error: Invalid use of \newsymbol.
\err@ #1->\errmessage {AmS-TeX error: #1}
                                         
l.201 \newsymbol\gnapprox 231B
                              
\Sorry, I already gave what help I could...
 Maybe you should try asking a human?
 An error might have occurred before I noticed any problems.
 ``If all else fails, read the instructions.'' 

! AmS-TeX error: Invalid use of \newsymbol.
\err@ #1->\errmessage {AmS-TeX error: #1}
                                         
l.202 \newsymbol\nsim 231C
                          
\Sorry, I already gave what help I could...
 Maybe you should try asking a human?
 An error might have occurred before I noticed any problems.
 ``If all else fails, read the instructions.'' 

! AmS-TeX error: Invalid use of \newsymbol.
\err@ #1->\errmessage {AmS-TeX error: #1}
                                         
l.203 \newsymbol\ncong 231D
                           
\Sorry, I already gave what help I could...
 Maybe you should try asking a human?
 An error might have occurred before I noticed any problems.
 ``If all else fails, read the instructions.'' 

! AmS-TeX error: Invalid use of \newsymbol.
\err@ #1->\errmessage {AmS-TeX error: #1}
                                         
l.204 \newsymbol\diagup 201E
                            
\Sorry, I already gave what help I could...
 Maybe you should try asking a human?
 An error might have occurred before I noticed any problems.
 ``If all else fails, read the instructions.'' 

! AmS-TeX error: Invalid use of \newsymbol.
\err@ #1->\errmessage {AmS-TeX error: #1}
                                         
l.205 \newsymbol\diagdown 201F
                              
\Sorry, I already gave what help I could...
 Maybe you should try asking a human?
 An error might have occurred before I noticed any problems.
 ``If all else fails, read the instructions.'' 

! AmS-TeX error: Invalid use of \newsymbol.
\err@ #1->\errmessage {AmS-TeX error: #1}
                                         
l.206 \newsymbol\varsubsetneq 2320
                                  
\Sorry, I already gave what help I could...
 Maybe you should try asking a human?
 An error might have occurred before I noticed any problems.
 ``If all else fails, read the instructions.'' 

! AmS-TeX error: Invalid use of \newsymbol.
\err@ #1->\errmessage {AmS-TeX error: #1}
                                         
l.207 \newsymbol\varsupsetneq 2321
                                  
\Sorry, I already gave what help I could...
 Maybe you should try asking a human?
 An error might have occurred before I noticed any problems.
 ``If all else fails, read the instructions.'' 

! AmS-TeX error: Invalid use of \newsymbol.
\err@ #1->\errmessage {AmS-TeX error: #1}
                                         
l.208 \newsymbol\nsubseteqq 2322
                                
\Sorry, I already gave what help I could...
 Maybe you should try asking a human?
 An error might have occurred before I noticed any problems.
 ``If all else fails, read the instructions.'' 

! AmS-TeX error: Invalid use of \newsymbol.
\err@ #1->\errmessage {AmS-TeX error: #1}
                                         
l.209 \newsymbol\nsupseteqq 2323
                                
\Sorry, I already gave what help I could...
 Maybe you should try asking a human?
 An error might have occurred before I noticed any problems.
 ``If all else fails, read the instructions.'' 

! AmS-TeX error: Invalid use of \newsymbol.
\err@ #1->\errmessage {AmS-TeX error: #1}
                                         
l.210 \newsymbol\subsetneqq 2324
                                
\Sorry, I already gave what help I could...
 Maybe you should try asking a human?
 An error might have occurred before I noticed any problems.
 ``If all else fails, read the instructions.'' 

! AmS-TeX error: Invalid use of \newsymbol.
\err@ #1->\errmessage {AmS-TeX error: #1}
                                         
l.211 \newsymbol\supsetneqq 2325
                                
\Sorry, I already gave what help I could...
 Maybe you should try asking a human?
 An error might have occurred before I noticed any problems.
 ``If all else fails, read the instructions.'' 

! AmS-TeX error: Invalid use of \newsymbol.
\err@ #1->\errmessage {AmS-TeX error: #1}
                                         
l.212 \newsymbol\varsubsetneqq 2326
                                   
\Sorry, I already gave what help I could...
 Maybe you should try asking a human?
 An error might have occurred before I noticed any problems.
 ``If all else fails, read the instructions.'' 

! AmS-TeX error: Invalid use of \newsymbol.
\err@ #1->\errmessage {AmS-TeX error: #1}
                                         
l.213 \newsymbol\varsupsetneqq 2327
                                   
\Sorry, I already gave what help I could...
 Maybe you should try asking a human?
 An error might have occurred before I noticed any problems.
 ``If all else fails, read the instructions.'' 

! AmS-TeX error: Invalid use of \newsymbol.
\err@ #1->\errmessage {AmS-TeX error: #1}
                                         
l.214 \newsymbol\subsetneq 2328
                               
\Sorry, I already gave what help I could...
 Maybe you should try asking a human?
 An error might have occurred before I noticed any problems.
 ``If all else fails, read the instructions.'' 

! AmS-TeX error: Invalid use of \newsymbol.
\err@ #1->\errmessage {AmS-TeX error: #1}
                                         
l.215 \newsymbol\supsetneq 2329
                               
\Sorry, I already gave what help I could...
 Maybe you should try asking a human?
 An error might have occurred before I noticed any problems.
 ``If all else fails, read the instructions.'' 

! AmS-TeX error: Invalid use of \newsymbol.
\err@ #1->\errmessage {AmS-TeX error: #1}
                                         
l.216 \newsymbol\nsubseteq 232A
                               
\Sorry, I already gave what help I could...
 Maybe you should try asking a human?
 An error might have occurred before I noticed any problems.
 ``If all else fails, read the instructions.'' 

! AmS-TeX error: Invalid use of \newsymbol.
\err@ #1->\errmessage {AmS-TeX error: #1}
                                         
l.217 \newsymbol\nsupseteq 232B
                               
\Sorry, I already gave what help I could...
 Maybe you should try asking a human?
 An error might have occurred before I noticed any problems.
 ``If all else fails, read the instructions.'' 

! AmS-TeX error: Invalid use of \newsymbol.
\err@ #1->\errmessage {AmS-TeX error: #1}
                                         
l.218 \newsymbol\nparallel 232C
                               
\Sorry, I already gave what help I could...
 Maybe you should try asking a human?
 An error might have occurred before I noticed any problems.
 ``If all else fails, read the instructions.'' 

! AmS-TeX error: Invalid use of \newsymbol.
\err@ #1->\errmessage {AmS-TeX error: #1}
                                         
l.219 \newsymbol\nmid 232D
                          
\Sorry, I already gave what help I could...
 Maybe you should try asking a human?
 An error might have occurred before I noticed any problems.
 ``If all else fails, read the instructions.'' 

! AmS-TeX error: Invalid use of \newsymbol.
\err@ #1->\errmessage {AmS-TeX error: #1}
                                         
l.220 \newsymbol\nshortmid 232E
                               
\Sorry, I already gave what help I could...
 Maybe you should try asking a human?
 An error might have occurred before I noticed any problems.
 ``If all else fails, read the instructions.'' 

! AmS-TeX error: Invalid use of \newsymbol.
\err@ #1->\errmessage {AmS-TeX error: #1}
                                         
l.221 \newsymbol\nshortparallel 232F
                                    
\Sorry, I already gave what help I could...
 Maybe you should try asking a human?
 An error might have occurred before I noticed any problems.
 ``If all else fails, read the instructions.'' 

! AmS-TeX error: Invalid use of \newsymbol.
\err@ #1->\errmessage {AmS-TeX error: #1}
                                         
l.222 \newsymbol\nvdash 2330
                            
\Sorry, I already gave what help I could...
 Maybe you should try asking a human?
 An error might have occurred before I noticed any problems.
 ``If all else fails, read the instructions.'' 

! AmS-TeX error: Invalid use of \newsymbol.
\err@ #1->\errmessage {AmS-TeX error: #1}
                                         
l.223 \newsymbol\nVdash 2331
                            
\Sorry, I already gave what help I could...
 Maybe you should try asking a human?
 An error might have occurred before I noticed any problems.
 ``If all else fails, read the instructions.'' 

! AmS-TeX error: Invalid use of \newsymbol.
\err@ #1->\errmessage {AmS-TeX error: #1}
                                         
l.224 \newsymbol\nvDash 2332
                            
\Sorry, I already gave what help I could...
 Maybe you should try asking a human?
 An error might have occurred before I noticed any problems.
 ``If all else fails, read the instructions.'' 

! AmS-TeX error: Invalid use of \newsymbol.
\err@ #1->\errmessage {AmS-TeX error: #1}
                                         
l.225 \newsymbol\nVDash 2333
                            
\Sorry, I already gave what help I could...
 Maybe you should try asking a human?
 An error might have occurred before I noticed any problems.
 ``If all else fails, read the instructions.'' 

! AmS-TeX error: Invalid use of \newsymbol.
\err@ #1->\errmessage {AmS-TeX error: #1}
                                         
l.226 \newsymbol\ntrianglerighteq 2334
                                      
\Sorry, I already gave what help I could...
 Maybe you should try asking a human?
 An error might have occurred before I noticed any problems.
 ``If all else fails, read the instructions.'' 

! AmS-TeX error: Invalid use of \newsymbol.
\err@ #1->\errmessage {AmS-TeX error: #1}
                                         
l.227 \newsymbol\ntrianglelefteq 2335
                                     
\Sorry, I already gave what help I could...
 Maybe you should try asking a human?
 An error might have occurred before I noticed any problems.
 ``If all else fails, read the instructions.'' 

! AmS-TeX error: Invalid use of \newsymbol.
\err@ #1->\errmessage {AmS-TeX error: #1}
                                         
l.228 \newsymbol\ntriangleleft 2336
                                   
\Sorry, I already gave what help I could...
 Maybe you should try asking a human?
 An error might have occurred before I noticed any problems.
 ``If all else fails, read the instructions.'' 

! AmS-TeX error: Invalid use of \newsymbol.
\err@ #1->\errmessage {AmS-TeX error: #1}
                                         
l.229 \newsymbol\ntriangleright 2337
                                    
\Sorry, I already gave what help I could...
 Maybe you should try asking a human?
 An error might have occurred before I noticed any problems.
 ``If all else fails, read the instructions.'' 

! AmS-TeX error: Invalid use of \newsymbol.
\err@ #1->\errmessage {AmS-TeX error: #1}
                                         
l.230 \newsymbol\nleftarrow 2338
                                
\Sorry, I already gave what help I could...
 Maybe you should try asking a human?
 An error might have occurred before I noticed any problems.
 ``If all else fails, read the instructions.'' 

! AmS-TeX error: Invalid use of \newsymbol.
\err@ #1->\errmessage {AmS-TeX error: #1}
                                         
l.231 \newsymbol\nrightarrow 2339
                                 
\Sorry, I already gave what help I could...
 Maybe you should try asking a human?
 An error might have occurred before I noticed any problems.
 ``If all else fails, read the instructions.'' 

! AmS-TeX error: Invalid use of \newsymbol.
\err@ #1->\errmessage {AmS-TeX error: #1}
                                         
l.232 \newsymbol\nLeftarrow 233A
                                
\Sorry, I already gave what help I could...
 Maybe you should try asking a human?
 An error might have occurred before I noticed any problems.
 ``If all else fails, read the instructions.'' 

! AmS-TeX error: Invalid use of \newsymbol.
\err@ #1->\errmessage {AmS-TeX error: #1}
                                         
l.233 \newsymbol\nRightarrow 233B
                                 
\Sorry, I already gave what help I could...
 Maybe you should try asking a human?
 An error might have occurred before I noticed any problems.
 ``If all else fails, read the instructions.'' 

! AmS-TeX error: Invalid use of \newsymbol.
\err@ #1->\errmessage {AmS-TeX error: #1}
                                         
l.234 \newsymbol\nLeftrightarrow 233C
                                     
\Sorry, I already gave what help I could...
 Maybe you should try asking a human?
 An error might have occurred before I noticed any problems.
 ``If all else fails, read the instructions.'' 

! AmS-TeX error: Invalid use of \newsymbol.
\err@ #1->\errmessage {AmS-TeX error: #1}
                                         
l.235 \newsymbol\nleftrightarrow 233D
                                     
\Sorry, I already gave what help I could...
 Maybe you should try asking a human?
 An error might have occurred before I noticed any problems.
 ``If all else fails, read the instructions.'' 

! AmS-TeX error: Invalid use of \newsymbol.
\err@ #1->\errmessage {AmS-TeX error: #1}
                                         
l.236 \newsymbol\divideontimes 223E
                                   
\Sorry, I already gave what help I could...
 Maybe you should try asking a human?
 An error might have occurred before I noticed any problems.
 ``If all else fails, read the instructions.'' 

! AmS-TeX error: Invalid use of \newsymbol.
\err@ #1->\errmessage {AmS-TeX error: #1}
                                         
l.237 \newsymbol\varnothing 203F
                                
\Sorry, I already gave what help I could...
 Maybe you should try asking a human?
 An error might have occurred before I noticed any problems.
 ``If all else fails, read the instructions.'' 

! AmS-TeX error: Invalid use of \newsymbol.
\err@ #1->\errmessage {AmS-TeX error: #1}
                                         
l.238 \newsymbol\nexists 2040
                             
\Sorry, I already gave what help I could...
 Maybe you should try asking a human?
 An error might have occurred before I noticed any problems.
 ``If all else fails, read the instructions.'' 

! AmS-TeX error: Invalid use of \newsymbol.
\err@ #1->\errmessage {AmS-TeX error: #1}
                                         
l.239 \newsymbol\Finv 2060
                          
\Sorry, I already gave what help I could...
 Maybe you should try asking a human?
 An error might have occurred before I noticed any problems.
 ``If all else fails, read the instructions.'' 

! AmS-TeX error: Invalid use of \newsymbol.
\err@ #1->\errmessage {AmS-TeX error: #1}
                                         
l.240 \newsymbol\Game 2061
                          
\Sorry, I already gave what help I could...
 Maybe you should try asking a human?
 An error might have occurred before I noticed any problems.
 ``If all else fails, read the instructions.'' 

! AmS-TeX error: \mho is already defined.
\err@ #1->\errmessage {AmS-TeX error: #1}
                                         
l.241 \newsymbol\mho 2066
                         
\I've ignored your definition, because it might
 conflict with other uses that are important to me. 

! AmS-TeX error: Invalid use of \newsymbol.
\err@ #1->\errmessage {AmS-TeX error: #1}
                                         
l.241 \newsymbol\mho 2066
                         
\Sorry, I already gave what help I could...
 Maybe you should try asking a human?
 An error might have occurred before I noticed any problems.
 ``If all else fails, read the instructions.'' 

! AmS-TeX error: Invalid use of \newsymbol.
\err@ #1->\errmessage {AmS-TeX error: #1}
                                         
l.242 \newsymbol\eth 2067
                         
\Sorry, I already gave what help I could...
 Maybe you should try asking a human?
 An error might have occurred before I noticed any problems.
 ``If all else fails, read the instructions.'' 

! AmS-TeX error: Invalid use of \newsymbol.
\err@ #1->\errmessage {AmS-TeX error: #1}
                                         
l.243 \newsymbol\eqsim 2368
                           
\Sorry, I already gave what help I could...
 Maybe you should try asking a human?
 An error might have occurred before I noticed any problems.
 ``If all else fails, read the instructions.'' 

! AmS-TeX error: Invalid use of \newsymbol.
\err@ #1->\errmessage {AmS-TeX error: #1}
                                         
l.244 \newsymbol\beth 2069
                          
\Sorry, I already gave what help I could...
 Maybe you should try asking a human?
 An error might have occurred before I noticed any problems.
 ``If all else fails, read the instructions.'' 

! AmS-TeX error: Invalid use of \newsymbol.
\err@ #1->\errmessage {AmS-TeX error: #1}
                                         
l.245 \newsymbol\gimel 206A
                           
\Sorry, I already gave what help I could...
 Maybe you should try asking a human?
 An error might have occurred before I noticed any problems.
 ``If all else fails, read the instructions.'' 

! AmS-TeX error: Invalid use of \newsymbol.
\err@ #1->\errmessage {AmS-TeX error: #1}
                                         
l.246 \newsymbol\daleth 206B
                            
\Sorry, I already gave what help I could...
 Maybe you should try asking a human?
 An error might have occurred before I noticed any problems.
 ``If all else fails, read the instructions.'' 

! AmS-TeX error: Invalid use of \newsymbol.
\err@ #1->\errmessage {AmS-TeX error: #1}
                                         
l.247 \newsymbol\lessdot 236C
                             
\Sorry, I already gave what help I could...
 Maybe you should try asking a human?
 An error might have occurred before I noticed any problems.
 ``If all else fails, read the instructions.'' 

! AmS-TeX error: Invalid use of \newsymbol.
\err@ #1->\errmessage {AmS-TeX error: #1}
                                         
l.248 \newsymbol\gtrdot 236D
                            
\Sorry, I already gave what help I could...
 Maybe you should try asking a human?
 An error might have occurred before I noticed any problems.
 ``If all else fails, read the instructions.'' 

! AmS-TeX error: Invalid use of \newsymbol.
\err@ #1->\errmessage {AmS-TeX error: #1}
                                         
l.249 \newsymbol\ltimes 226E
                            
\Sorry, I already gave what help I could...
 Maybe you should try asking a human?
 An error might have occurred before I noticed any problems.
 ``If all else fails, read the instructions.'' 

! AmS-TeX error: Invalid use of \newsymbol.
\err@ #1->\errmessage {AmS-TeX error: #1}
                                         
l.250 \newsymbol\rtimes 226F
                            
\Sorry, I already gave what help I could...
 Maybe you should try asking a human?
 An error might have occurred before I noticed any problems.
 ``If all else fails, read the instructions.'' 

! AmS-TeX error: Invalid use of \newsymbol.
\err@ #1->\errmessage {AmS-TeX error: #1}
                                         
l.251 \newsymbol\shortmid 2370
                              
\Sorry, I already gave what help I could...
 Maybe you should try asking a human?
 An error might have occurred before I noticed any problems.
 ``If all else fails, read the instructions.'' 

! AmS-TeX error: Invalid use of \newsymbol.
\err@ #1->\errmessage {AmS-TeX error: #1}
                                         
l.252 \newsymbol\shortparallel 2371
                                   
\Sorry, I already gave what help I could...
 Maybe you should try asking a human?
 An error might have occurred before I noticed any problems.
 ``If all else fails, read the instructions.'' 

! AmS-TeX error: Invalid use of \newsymbol.
\err@ #1->\errmessage {AmS-TeX error: #1}
                                         
l.253 \newsymbol\smallsetminus 2272
                                   
\Sorry, I already gave what help I could...
 Maybe you should try asking a human?
 An error might have occurred before I noticed any problems.
 ``If all else fails, read the instructions.'' 

! AmS-TeX error: Invalid use of \newsymbol.
\err@ #1->\errmessage {AmS-TeX error: #1}
                                         
l.254 \newsymbol\thicksim 2373
                              
\Sorry, I already gave what help I could...
 Maybe you should try asking a human?
 An error might have occurred before I noticed any problems.
 ``If all else fails, read the instructions.'' 

! AmS-TeX error: Invalid use of \newsymbol.
\err@ #1->\errmessage {AmS-TeX error: #1}
                                         
l.255 \newsymbol\thickapprox 2374
                                 
\Sorry, I already gave what help I could...
 Maybe you should try asking a human?
 An error might have occurred before I noticed any problems.
 ``If all else fails, read the instructions.'' 

! AmS-TeX error: Invalid use of \newsymbol.
\err@ #1->\errmessage {AmS-TeX error: #1}
                                         
l.256 \newsymbol\approxeq 2375
                              
\Sorry, I already gave what help I could...
 Maybe you should try asking a human?
 An error might have occurred before I noticed any problems.
 ``If all else fails, read the instructions.'' 

! AmS-TeX error: Invalid use of \newsymbol.
\err@ #1->\errmessage {AmS-TeX error: #1}
                                         
l.257 \newsymbol\succapprox 2376
                                
\Sorry, I already gave what help I could...
 Maybe you should try asking a human?
 An error might have occurred before I noticed any problems.
 ``If all else fails, read the instructions.'' 

! AmS-TeX error: Invalid use of \newsymbol.
\err@ #1->\errmessage {AmS-TeX error: #1}
                                         
l.258 \newsymbol\precapprox 2377
                                
\Sorry, I already gave what help I could...
 Maybe you should try asking a human?
 An error might have occurred before I noticed any problems.
 ``If all else fails, read the instructions.'' 

! AmS-TeX error: Invalid use of \newsymbol.
\err@ #1->\errmessage {AmS-TeX error: #1}
                                         
l.259 \newsymbol\curvearrowleft 2378
                                    
\Sorry, I already gave what help I could...
 Maybe you should try asking a human?
 An error might have occurred before I noticed any problems.
 ``If all else fails, read the instructions.'' 

! AmS-TeX error: Invalid use of \newsymbol.
\err@ #1->\errmessage {AmS-TeX error: #1}
                                         
l.260 \newsymbol\curvearrowright 2379
                                     
\Sorry, I already gave what help I could...
 Maybe you should try asking a human?
 An error might have occurred before I noticed any problems.
 ``If all else fails, read the instructions.'' 

! AmS-TeX error: Invalid use of \newsymbol.
\err@ #1->\errmessage {AmS-TeX error: #1}
                                         
l.261 \newsymbol\digamma 207A
                             
\Sorry, I already gave what help I could...
 Maybe you should try asking a human?
 An error might have occurred before I noticed any problems.
 ``If all else fails, read the instructions.'' 

! AmS-TeX error: Invalid use of \newsymbol.
\err@ #1->\errmessage {AmS-TeX error: #1}
                                         
l.262 \newsymbol\varkappa 207B
                              
\Sorry, I already gave what help I could...
 Maybe you should try asking a human?
 An error might have occurred before I noticed any problems.
 ``If all else fails, read the instructions.'' 

! AmS-TeX error: Invalid use of \newsymbol.
\err@ #1->\errmessage {AmS-TeX error: #1}
                                         
l.263 \newsymbol\Bbbk 207C
                          
\Sorry, I already gave what help I could...
 Maybe you should try asking a human?
 An error might have occurred before I noticed any problems.
 ``If all else fails, read the instructions.'' 

! AmS-TeX error: Invalid use of \newsymbol.
\err@ #1->\errmessage {AmS-TeX error: #1}
                                         
l.264 \newsymbol\hslash 207D
                            
\Sorry, I already gave what help I could...
 Maybe you should try asking a human?
 An error might have occurred before I noticed any problems.
 ``If all else fails, read the instructions.'' 

! AmS-TeX error: Invalid use of \newsymbol.
\err@ #1->\errmessage {AmS-TeX error: #1}
                                         
l.266 \newsymbol\hbar 207E
                          
\Sorry, I already gave what help I could...
 Maybe you should try asking a human?
 An error might have occurred before I noticed any problems.
 ``If all else fails, read the instructions.'' 

! AmS-TeX error: Invalid use of \newsymbol.
\err@ #1->\errmessage {AmS-TeX error: #1}
                                         
l.267 \newsymbol\backepsilon 237F
                                 
\Sorry, I already gave what help I could...
 Maybe you should try asking a human?
 An error might have occurred before I noticed any problems.
 ``If all else fails, read the instructions.'' 

) ,
! Undefined control sequence.
\tenpoint ...Bigg \big \else \textfont \z@ \tenrm 
                                                  \scriptfont \z@ \sevenrm \...
l.65 \tenpoint
              
The control sequence at the end of the top line
of your error message was never \def'ed. If you have
misspelled it (e.g., `\hobx'), type `I' and the correct
spelling (e.g., `I\hbox'). Otherwise just continue,
and I'll forget about whatever was undefined.

! Undefined control sequence.
\tenpoint ... \z@ \tenrm \scriptfont \z@ \sevenrm 
                                                  \scriptscriptfont \z@ \fiv...
l.65 \tenpoint
              
The control sequence at the end of the top line
of your error message was never \def'ed. If you have
misspelled it (e.g., `\hobx'), type `I' and the correct
spelling (e.g., `I\hbox'). Otherwise just continue,
and I'll forget about whatever was undefined.

! Undefined control sequence.
\tenpoint ...evenrm \scriptscriptfont \z@ \fiverm 
                                                  \textfont \@ne \teni \scri...
l.65 \tenpoint
              
(That makes 100 errors; please try again.) 
Here is how much of TeX's memory you used:
 1814 strings out of 494260
 20199 string characters out of 6168642
 65231 words of memory out of 5000000
 5060 multiletter control sequences out of 15000+600000
 9585 words of font info for 37 fonts, out of 8000000 for 9000
 663 hyphenation exceptions out of 8191
 19i,4n,12p,395b,69s stack positions out of 5000i,500n,10000p,200000b,80000s

!  ==> Fatal error occurred, no output PDF file produced!
