This is pdfTeX, Version 3.14159265-2.6-1.40.18 (TeX Live 2017/Debian) (preloaded format=pdflatex 2018.11.16)  29 NOV 2018 14:50
entering extended mode
 restricted \write18 enabled.
 %&-line parsing enabled.
**source_extraction/results/1808.09631.tex
(./source_extraction/results/1808.09631.tex
LaTeX2e <2017-04-15>
Babel <3.18> and hyphenation patterns for 20 language(s) loaded.
(/usr/share/texlive/texmf-dist/tex/latex/amscls/amsart.cls
Document Class: amsart 2017/10/31 v2.20.4
\linespacing=\dimen102
\normalparindent=\dimen103
\normaltopskip=\skip41
(/usr/share/texlive/texmf-dist/tex/latex/amsmath/amsmath.sty
Package: amsmath 2017/09/02 v2.17a AMS math features
\@mathmargin=\skip42

For additional information on amsmath, use the `?' option.
(/usr/share/texlive/texmf-dist/tex/latex/amsmath/amstext.sty
Package: amstext 2000/06/29 v2.01 AMS text

(/usr/share/texlive/texmf-dist/tex/latex/amsmath/amsgen.sty
File: amsgen.sty 1999/11/30 v2.0 generic functions
\@emptytoks=\toks14
\ex@=\dimen104
))
(/usr/share/texlive/texmf-dist/tex/latex/amsmath/amsbsy.sty
Package: amsbsy 1999/11/29 v1.2d Bold Symbols
\pmbraise@=\dimen105
)
(/usr/share/texlive/texmf-dist/tex/latex/amsmath/amsopn.sty
Package: amsopn 2016/03/08 v2.02 operator names
)
\inf@bad=\count79
LaTeX Info: Redefining \frac on input line 213.
\uproot@=\count80
\leftroot@=\count81
LaTeX Info: Redefining \overline on input line 375.
\classnum@=\count82
\DOTSCASE@=\count83
LaTeX Info: Redefining \ldots on input line 472.
LaTeX Info: Redefining \dots on input line 475.
LaTeX Info: Redefining \cdots on input line 596.
\Mathstrutbox@=\box26
\strutbox@=\box27
\big@size=\dimen106
LaTeX Font Info:    Redeclaring font encoding OML on input line 712.
LaTeX Font Info:    Redeclaring font encoding OMS on input line 713.
\macc@depth=\count84
\c@MaxMatrixCols=\count85
\dotsspace@=\muskip10
\c@parentequation=\count86
\dspbrk@lvl=\count87
\tag@help=\toks15
\row@=\count88
\column@=\count89
\maxfields@=\count90
\andhelp@=\toks16
\eqnshift@=\dimen107
\alignsep@=\dimen108
\tagshift@=\dimen109
\tagwidth@=\dimen110
\totwidth@=\dimen111
\lineht@=\dimen112
\@envbody=\toks17
\multlinegap=\skip43
\multlinetaggap=\skip44
\mathdisplay@stack=\toks18
LaTeX Info: Redefining \[ on input line 2817.
LaTeX Info: Redefining \] on input line 2818.
)
LaTeX Font Info:    Try loading font information for U+msa on input line 398.

(/usr/share/texlive/texmf-dist/tex/latex/amsfonts/umsa.fd
File: umsa.fd 2013/01/14 v3.01 AMS symbols A
)
(/usr/share/texlive/texmf-dist/tex/latex/amsfonts/amsfonts.sty
Package: amsfonts 2013/01/14 v3.01 Basic AMSFonts support
\symAMSa=\mathgroup4
\symAMSb=\mathgroup5
LaTeX Font Info:    Overwriting math alphabet `\mathfrak' in version `bold'
(Font)                  U/euf/m/n --> U/euf/b/n on input line 106.
)
\copyins=\insert199
\abstractbox=\box28
\listisep=\skip45
\c@part=\count91
\c@section=\count92
\c@subsection=\count93
\c@subsubsection=\count94
\c@paragraph=\count95
\c@subparagraph=\count96
\c@figure=\count97
\c@table=\count98
\abovecaptionskip=\skip46
\belowcaptionskip=\skip47
\captionindent=\dimen113
\thm@style=\toks19
\thm@bodyfont=\toks20
\thm@headfont=\toks21
\thm@notefont=\toks22
\thm@headpunct=\toks23
\thm@preskip=\skip48
\thm@postskip=\skip49
\thm@headsep=\skip50
\dth@everypar=\toks24
)
(/usr/share/texlive/texmf-dist/tex/latex/base/inputenc.sty
Package: inputenc 2015/03/17 v1.2c Input encoding file
\inpenc@prehook=\toks25
\inpenc@posthook=\toks26

(/usr/share/texlive/texmf-dist/tex/latex/base/latin1.def
File: latin1.def 2015/03/17 v1.2c Input encoding file
))
(/usr/share/texlive/texmf-dist/tex/generic/babel/babel.sty
Package: babel 2018/02/14 3.18 The Babel package

(/usr/share/texlive/texmf-dist/tex/generic/babel/switch.def
File: switch.def 2018/02/14 3.18 Babel switching mechanism
)
(/usr/share/texlive/texmf-dist/tex/generic/babel-english/english.ldf
Language: english 2017/06/06 v3.3r English support from the babel system

(/usr/share/texlive/texmf-dist/tex/generic/babel/babel.def
File: babel.def 2018/02/14 3.18 Babel common definitions
\babel@savecnt=\count99
\U@D=\dimen114

(/usr/share/texlive/texmf-dist/tex/generic/babel/txtbabel.def)
\bbl@dirlevel=\count100
)
\l@canadian = a dialect from \language\l@american 
\l@australian = a dialect from \language\l@british 
\l@newzealand = a dialect from \language\l@british 
))
(/usr/share/texlive/texmf-dist/tex/latex/graphics/graphicx.sty
Package: graphicx 2017/06/01 v1.1a Enhanced LaTeX Graphics (DPC,SPQR)

(/usr/share/texlive/texmf-dist/tex/latex/graphics/keyval.sty
Package: keyval 2014/10/28 v1.15 key=value parser (DPC)
\KV@toks@=\toks27
)
(/usr/share/texlive/texmf-dist/tex/latex/graphics/graphics.sty
Package: graphics 2017/06/25 v1.2c Standard LaTeX Graphics (DPC,SPQR)

(/usr/share/texlive/texmf-dist/tex/latex/graphics/trig.sty
Package: trig 2016/01/03 v1.10 sin cos tan (DPC)
)
(/usr/share/texlive/texmf-dist/tex/latex/graphics-cfg/graphics.cfg
File: graphics.cfg 2016/06/04 v1.11 sample graphics configuration
)
Package graphics Info: Driver file: dvips.def on input line 99.

(/usr/share/texlive/texmf-dist/tex/latex/graphics-def/dvips.def
File: dvips.def 2017/06/20 v3.1d Graphics/color driver for dvips
))
\Gin@req@height=\dimen115
\Gin@req@width=\dimen116
)
(/usr/share/texlive/texmf-dist/tex/latex/amsfonts/amssymb.sty
Package: amssymb 2013/01/14 v3.01 AMS font symbols
)
(/usr/share/texlive/texmf-dist/tex/latex/url/url.sty
\Urlmuskip=\muskip11
Package: url 2013/09/16  ver 3.4  Verb mode for urls, etc.
)
(/usr/share/texlive/texmf-dist/tex/latex/a4wide/a4wide.sty
Package: a4wide 1994/08/30

(/usr/share/texlive/texmf-dist/tex/latex/ntgclass/a4.sty
Package: a4 2004/04/15 v1.2g A4 based page layout
))
(/usr/share/texlive/texmf-dist/tex/latex/geometry/geometry.sty
Package: geometry 2010/09/12 v5.6 Page Geometry

(/usr/share/texlive/texmf-dist/tex/generic/oberdiek/ifpdf.sty
Package: ifpdf 2017/03/15 v3.2 Provides the ifpdf switch
)
(/usr/share/texlive/texmf-dist/tex/generic/oberdiek/ifvtex.sty
Package: ifvtex 2016/05/16 v1.6 Detect VTeX and its facilities (HO)
Package ifvtex Info: VTeX not detected.
)
(/usr/share/texlive/texmf-dist/tex/generic/ifxetex/ifxetex.sty
Package: ifxetex 2010/09/12 v0.6 Provides ifxetex conditional
)
\Gm@cnth=\count101
\Gm@cntv=\count102
\c@Gm@tempcnt=\count103
\Gm@bindingoffset=\dimen117
\Gm@wd@mp=\dimen118
\Gm@odd@mp=\dimen119
\Gm@even@mp=\dimen120
\Gm@layoutwidth=\dimen121
\Gm@layoutheight=\dimen122
\Gm@layouthoffset=\dimen123
\Gm@layoutvoffset=\dimen124
\Gm@dimlist=\toks28
) (./extract.sty (/usr/share/texlive/texmf-dist/tex/latex/environ/environ.sty
Package: environ 2014/05/04 v0.3 A new way to define environments

(/usr/share/texlive/texmf-dist/tex/latex/trimspaces/trimspaces.sty
Package: trimspaces 2009/09/17 v1.1 Trim spaces around a token list
))
(/usr/share/texlive/texmf-dist/tex/latex/etextools/etextools.sty
Package: etextools 2010/12/07 v3.1415926 e-TeX more useful tools for LaTeX pack
age writers

(/usr/share/texlive/texmf-dist/tex/latex/etex-pkg/etex.sty
Package: etex 2016/08/01 v2.7 eTeX basic definition package (PEB,DPC)
\et@xins=\count104
)
(/usr/share/texlive/texmf-dist/tex/latex/etoolbox/etoolbox.sty
Package: etoolbox 2018/02/11 v2.5e e-TeX tools for LaTeX (JAW)
\etb@tempcnta=\count105
)
(/usr/share/texlive/texmf-dist/tex/latex/oberdiek/letltxmacro.sty
Package: letltxmacro 2016/05/16 v1.5 Let assignment for LaTeX macros (HO)
)
\ettl@fter=\count106
\ettl@for@nested=\count277
)
(/usr/share/texmf/tex/latex/preview/preview.sty
Package: preview 2017/04/24 11.91 (AUCTeX/preview-latex)

(/usr/share/texmf/tex/latex/preview/prtightpage.def
\PreviewBorder=\dimen125
)
\pr@snippet=\count107
\pr@box=\box29
\pr@output=\toks29
)
\c@propcounter=\count108
\mybox=\box30
)
\c@theorem=\count109

(source_extraction/results/1808.09631.aux)
\openout1 = `1808.09631.aux'.

LaTeX Font Info:    Checking defaults for OML/cmm/m/it on input line 95.
LaTeX Font Info:    ... okay on input line 95.
LaTeX Font Info:    Checking defaults for T1/cmr/m/n on input line 95.
LaTeX Font Info:    ... okay on input line 95.
LaTeX Font Info:    Checking defaults for OT1/cmr/m/n on input line 95.
LaTeX Font Info:    ... okay on input line 95.
LaTeX Font Info:    Checking defaults for OMS/cmsy/m/n on input line 95.
LaTeX Font Info:    ... okay on input line 95.
LaTeX Font Info:    Checking defaults for OMX/cmex/m/n on input line 95.
LaTeX Font Info:    ... okay on input line 95.
LaTeX Font Info:    Checking defaults for U/cmr/m/n on input line 95.
LaTeX Font Info:    ... okay on input line 95.
LaTeX Font Info:    Try loading font information for U+msa on input line 95.

(/usr/share/texlive/texmf-dist/tex/latex/amsfonts/umsa.fd
File: umsa.fd 2013/01/14 v3.01 AMS symbols A
)
LaTeX Font Info:    Try loading font information for U+msb on input line 95.

(/usr/share/texlive/texmf-dist/tex/latex/amsfonts/umsb.fd
File: umsb.fd 2013/01/14 v3.01 AMS symbols B
)
*geometry* driver: auto-detecting
*geometry* detected driver: pdftex
*geometry* verbose mode - [ preamble ] result:
* driver: pdftex
* paper: a4paper
* layout: <same size as paper>
* layoutoffset:(h,v)=(0.0pt,0.0pt)
* modes: 
* h-part:(L,W,R)=(51.21504pt, 495.07779pt, 51.21504pt)
* v-part:(T,H,B)=(65.44142pt, 714.164pt, 65.44142pt)
* \paperwidth=597.50787pt
* \paperheight=845.04684pt
* \textwidth=495.07779pt
* \textheight=714.164pt
* \oddsidemargin=-21.05495pt
* \evensidemargin=-21.05495pt
* \topmargin=-28.82857pt
* \headheight=8.0pt
* \headsep=14.0pt
* \topskip=10.0pt
* \footskip=12.0pt
* \marginparwidth=54.2025pt
* \marginparsep=11.0pt
* \columnsep=10.0pt
* \skip\footins=7.0pt plus 11.0pt
* \hoffset=0.0pt
* \voffset=0.0pt
* \mag=1000
* \@twocolumnfalse
* \@twosidefalse
* \@mparswitchfalse
* \@reversemarginfalse
* (1in=72.27pt=25.4mm, 1cm=28.453pt)

Preview: Fontsize 12pt
Preview: PDFoutput 1

Class amsart Warning: Abstract should precede \maketitle in AMS document classe
s; reported on input line 115.


Package amsmath Warning: Foreign command \over;
(amsmath)                \frac or \genfrac should be used instead
(amsmath)                 on input line 126.


LaTeX Warning: Reference `pre' on page 2 undefined on input line 171.


LaTeX Warning: Reference `intro1' on page 2 undefined on input line 173.


LaTeX Warning: Reference `intro2' on page 2 undefined on input line 173.


LaTeX Warning: Reference `intro1' on page 2 undefined on input line 174.


LaTeX Warning: Reference `intro2' on page 2 undefined on input line 174.


LaTeX Warning: Reference `intro1' on page 2 undefined on input line 176.


LaTeX Warning: Reference `intro1' on page 2 undefined on input line 189.


LaTeX Warning: Reference `intro2' on page 2 undefined on input line 189.


LaTeX Warning: Reference `moller' on page 2 undefined on input line 201.


LaTeX Warning: Reference `exact' on page 2 undefined on input line 202.


LaTeX Warning: Reference `intro-exact' on page 3 undefined on input line 243.


LaTeX Warning: Reference `intro-exact' on page 3 undefined on input line 243.


LaTeX Warning: Reference `var-for' on page 3 undefined on input line 253.


LaTeX Warning: Reference `lowering' on page 3 undefined on input line 257.


LaTeX Warning: Reference `ad-sec' on page 3 undefined on input line 261.

Preview: Tightpage -32891 -32891 32891 32891
[1
Non-PDF special ignored!{/var/lib/texmf/fonts/map/pdftex/updmap/pdftex.map}]
Overfull \hbox (12.0pt too wide) in paragraph at lines 436--436
[][] 
 []

[2]
Overfull \hbox (12.0pt too wide) in paragraph at lines 468--468
[][] 
 []


LaTeX Warning: Reference `hada-dist' on page 7 undefined on input line 507.


LaTeX Warning: Reference `tay-ex' on page 7 undefined on input line 527.


LaTeX Warning: Reference `taylor' on page 7 undefined on input line 561.


LaTeX Warning: Reference `e4' on page 8 undefined on input line 572.


LaTeX Warning: Reference `tay-ex' on page 8 undefined on input line 585.


LaTeX Warning: Reference `gradS' on page 8 undefined on input line 593.


LaTeX Warning: Reference `e7' on page 8 undefined on input line 605.


LaTeX Warning: Reference `ess-app-1' on page 8 undefined on input line 609.


LaTeX Warning: Reference `t-ex' on page 8 undefined on input line 609.

[3]
Overfull \hbox (12.0pt too wide) in paragraph at lines 637--637
[][] 
 []

[4]
Overfull \hbox (12.0pt too wide) in paragraph at lines 721--721
[][] 
 []


Overfull \vbox (105.49477pt too high) has occurred while \output is active []


Overfull \hbox (26.64139pt too wide) in paragraph at lines 730--738
\OT1/cmr/m/n/12 lead to ex-tra pseudo-differential-like terms in the trans-port
 equa-tion. In the case where $\OML/cmm/m/it/12 ^^[\OT1/cmr/m/n/12 (\OML/cmm/m/
it/12 x; ![]; !; E[]; E\OT1/cmr/m/n/12 )$
 []


LaTeX Warning: Reference `co-bb' on page 11 undefined on input line 852.


LaTeX Warning: Reference `co-bb' on page 11 undefined on input line 854.


LaTeX Warning: Reference `co-cc' on page 11 undefined on input line 872.


LaTeX Warning: Reference `co-cc' on page 12 undefined on input line 898.


LaTeX Warning: Reference `ex+1' on page 12 undefined on input line 926.


LaTeX Warning: Reference `ex-0' on page 12 undefined on input line 926.

[5]
Overfull \hbox (12.0pt too wide) in paragraph at lines 971--971
[][] 
 []


LaTeX Warning: Reference `vf-9' on page 14 undefined on input line 1070.


LaTeX Warning: Reference `vf-11' on page 14 undefined on input line 1070.


LaTeX Warning: Reference `vf-12' on page 14 undefined on input line 1070.


LaTeX Warning: Reference `vf-13' on page 14 undefined on input line 1070.

[6]
Overfull \hbox (12.0pt too wide) in paragraph at lines 1090--1090
[][] 
 []

[7]
Overfull \hbox (12.0pt too wide) in paragraph at lines 1133--1133
[][] 
 []


Underfull \vbox (badness 1092) has occurred while \output is active []

 [8]
Overfull \hbox (12.0pt too wide) in paragraph at lines 1181--1181
[][] 
 []

[9]
Overfull \hbox (12.0pt too wide) in paragraph at lines 1202--1202
[][] 
 []

[10]
Overfull \hbox (12.0pt too wide) in paragraph at lines 1229--1229
[][] 
 []


LaTeX Warning: Reference `def-h2' on page 16 undefined on input line 1299.


LaTeX Warning: Reference `var-for-10' on page 16 undefined on input line 1299.


LaTeX Warning: Reference `var-for-11' on page 16 undefined on input line 1299.


LaTeX Warning: Reference `ad-sec' on page 17 undefined on input line 1311.


LaTeX Warning: Reference `var-for' on page 17 undefined on input line 1311.

[11]
Overfull \hbox (12.0pt too wide) in paragraph at lines 1325--1325
[][] 
 []


LaTeX Warning: Reference `dis-int' on page 18 undefined on input line 1400.


LaTeX Warning: Reference `ccc' on page 18 undefined on input line 1400.


LaTeX Warning: Reference `moller' on page 18 undefined on input line 1414.

[12]
Overfull \hbox (12.0pt too wide) in paragraph at lines 1414--1414
[][] 
 []


LaTeX Warning: Reference `taylor-S' on page 18 undefined on input line 1495.

[13]
Overfull \hbox (12.0pt too wide) in paragraph at lines 1495--1495
[][] 
 []


Underfull \vbox (badness 4036) has occurred while \output is active []



LaTeX Warning: Reference `e7' on page 20 undefined on input line 1662.


LaTeX Warning: Reference `ex-12-b' on page 21 undefined on input line 1662.


LaTeX Warning: Reference `ex-9' on page 21 undefined on input line 1662.


LaTeX Warning: Reference `lim-1' on page 21 undefined on input line 1662.


LaTeX Warning: Reference `lim-3' on page 21 undefined on input line 1662.

[14]
Overfull \hbox (12.0pt too wide) in paragraph at lines 1685--1685
[][] 
 []


LaTeX Warning: Reference `moller' on page 22 undefined on input line 1785.


LaTeX Warning: Reference `aij-4' on page 22 undefined on input line 1785.


LaTeX Warning: Reference `nab0' on page 22 undefined on input line 1811.

[15]
Overfull \hbox (12.0pt too wide) in paragraph at lines 1811--1811
[][] 
 []


Underfull \vbox (badness 2744) has occurred while \output is active []

 [16]
Overfull \hbox (12.0pt too wide) in paragraph at lines 1841--1841
[][] 
 []

[17]
Overfull \hbox (12.0pt too wide) in paragraph at lines 1880--1880
[][] 
 []

[18]
Overfull \hbox (12.0pt too wide) in paragraph at lines 1896--1896
[][] 
 []


LaTeX Warning: Reference `e-6' on page 24 undefined on input line 1973.


LaTeX Warning: Reference `e-7' on page 24 undefined on input line 1973.


LaTeX Warning: Reference `e-8' on page 24 undefined on input line 1973.

[19]
Overfull \hbox (12.0pt too wide) in paragraph at lines 2006--2006
[][] 
 []


LaTeX Warning: Reference `t-ex' on page 25 undefined on input line 2249.


LaTeX Warning: Reference `le-reg-20' on page 28 undefined on input line 2249.


LaTeX Warning: Reference `le-reg-11' on page 28 undefined on input line 2249.


LaTeX Warning: Reference `le-reg-2a' on page 28 undefined on input line 2249.


LaTeX Warning: Reference `apu' on page 28 undefined on input line 2249.


LaTeX Warning: Reference `u1' on page 28 undefined on input line 2249.


LaTeX Warning: Reference `u2' on page 28 undefined on input line 2249.


LaTeX Warning: Reference `ex-10-a' on page 28 undefined on input line 2249.


LaTeX Warning: Reference `le-reg-23' on page 28 undefined on input line 2249.

[20]
Overfull \hbox (12.0pt too wide) in paragraph at lines 2309--2309
[][] 
 []


Underfull \vbox (badness 10000) has occurred while \output is active []



LaTeX Warning: Reference `exth-3' on page 29 undefined on input line 2398.


LaTeX Warning: Reference `var-for-14' on page 30 undefined on input line 2398.


LaTeX Warning: Reference `nab0' on page 30 undefined on input line 2398.


LaTeX Warning: Reference `exth-3' on page 30 undefined on input line 2398.


LaTeX Warning: Reference `exth-4-a' on page 30 undefined on input line 2398.


LaTeX Warning: Reference `exth-5' on page 30 undefined on input line 2398.


LaTeX Warning: Reference `exth-6' on page 30 undefined on input line 2398.


LaTeX Warning: Reference `exth-6' on page 30 undefined on input line 2549.


LaTeX Warning: Reference `ex+1' on page 30 undefined on input line 2549.

[21]
Overfull \hbox (12.0pt too wide) in paragraph at lines 2549--2549
[][] 
 []


Underfull \vbox (badness 10000) has occurred while \output is active []


Overfull \vbox (607.17467pt too high) has occurred while \output is active []


[22]
Overfull \hbox (12.0pt too wide) in paragraph at lines 2624--2624
[][] 
 []

[23]
Overfull \hbox (12.0pt too wide) in paragraph at lines 2687--2687
[][] 
 []


LaTeX Warning: Reference `var-for-12' on page 33 undefined on input line 2769.


Underfull \vbox (badness 1728) has occurred while \output is active []



LaTeX Warning: Reference `var-for-12' on page 34 undefined on input line 2769.


Underfull \vbox (badness 2334) has occurred while \output is active []



LaTeX Warning: Reference `var-for' on page 35 undefined on input line 2799.


LaTeX Warning: Reference `var-for-3-a' on page 35 undefined on input line 2861.



LaTeX Warning: Reference `var-for-3-b' on page 36 undefined on input line 2870.



LaTeX Warning: Reference `var-for-3-a' on page 36 undefined on input line 2870.



LaTeX Warning: Reference `var-for-2-a' on page 36 undefined on input line 2877.



LaTeX Warning: Reference `var-for-3-a' on page 36 undefined on input line 2877.



LaTeX Warning: Reference `v-1' on page 36 undefined on input line 2886.

[24]
Overfull \hbox (12.0pt too wide) in paragraph at lines 2892--2892
[][] 
 []


LaTeX Warning: Reference `sigma' on page 36 undefined on input line 2970.


LaTeX Warning: Reference `ass5-a' on page 36 undefined on input line 2970.


LaTeX Warning: Reference `ass7' on page 36 undefined on input line 2970.


LaTeX Warning: Reference `ass-8' on page 36 undefined on input line 2970.


LaTeX Warning: Reference `var-for-1-a' on page 36 undefined on input line 2970.



LaTeX Warning: Reference `var-for-2-a' on page 36 undefined on input line 2970.



LaTeX Warning: Reference `var-for-3-a' on page 36 undefined on input line 2970.


[25]
Overfull \hbox (12.0pt too wide) in paragraph at lines 2970--2970
[][] 
 []


Underfull \vbox (badness 10000) has occurred while \output is active []


Underfull \vbox (badness 3557) has occurred while \output is active []



LaTeX Warning: Reference `v-3a' on page 38 undefined on input line 3539.


LaTeX Warning: Reference `fb-a' on page 38 undefined on input line 3539.


LaTeX Warning: Reference `b1-b' on page 38 undefined on input line 3539.


LaTeX Warning: Reference `b0-b' on page 38 undefined on input line 3539.


LaTeX Warning: Reference `Aj-a' on page 38 undefined on input line 3539.


LaTeX Warning: Reference `A2' on page 38 undefined on input line 3539.


LaTeX Warning: Reference `var-for-3-a' on page 38 undefined on input line 3539.



LaTeX Warning: Reference `var-for-12' on page 39 undefined on input line 3539.


Underfull \vbox (badness 3407) has occurred while \output is active []



LaTeX Warning: Reference `var-for-8' on page 41 undefined on input line 3539.


LaTeX Warning: Reference `var-for-8-b' on page 41 undefined on input line 3539.



LaTeX Warning: Reference `var-for-14-a' on page 41 undefined on input line 3539
.


LaTeX Warning: Reference `var-for-16-a' on page 41 undefined on input line 3539
.


Overfull \hbox (9.26003pt too wide) detected at line 3539
[]
 []


Underfull \vbox (badness 3724) has occurred while \output is active []



LaTeX Warning: Reference `var-for-15-a-1' on page 43 undefined on input line 35
39.


LaTeX Warning: Reference `var-for-14' on page 43 undefined on input line 3539.


LaTeX Warning: Reference `nab0' on page 43 undefined on input line 3539.

[26]
Overfull \hbox (12.0pt too wide) in paragraph at lines 3553--3553
[][] 
 []


LaTeX Warning: Reference `limv' on page 44 undefined on input line 3603.


LaTeX Warning: Reference `var-for-12' on page 45 undefined on input line 3690.


LaTeX Warning: Reference `lo-2' on page 46 undefined on input line 3750.


LaTeX Warning: Reference `lo-3' on page 46 undefined on input line 3787.


LaTeX Warning: Reference `lo-4' on page 46 undefined on input line 3787.


LaTeX Warning: Reference `lo-5' on page 46 undefined on input line 3787.


LaTeX Warning: Reference `var-for-14' on page 47 undefined on input line 3844.


LaTeX Warning: Reference `bij-a' on page 47 undefined on input line 3872.


Underfull \vbox (badness 4927) has occurred while \output is active []



LaTeX Warning: Reference `nab0' on page 48 undefined on input line 3886.


LaTeX Warning: Reference `lo-6-a' on page 48 undefined on input line 3890.


LaTeX Warning: Reference `lo-6' on page 48 undefined on input line 3890.

[27]
Overfull \hbox (12.0pt too wide) in paragraph at lines 3941--3941
[][] 
 []

[28]
Overfull \hbox (12.0pt too wide) in paragraph at lines 3962--3962
[][] 
 []


LaTeX Warning: Reference `sigma' on page 48 undefined on input line 4080.


LaTeX Warning: Reference `ass5-a' on page 48 undefined on input line 4080.


LaTeX Warning: Reference `ass7' on page 48 undefined on input line 4080.


LaTeX Warning: Reference `ass-8' on page 48 undefined on input line 4080.

[29]
Overfull \hbox (12.0pt too wide) in paragraph at lines 4080--4080
[][] 
 []


Underfull \vbox (badness 10000) has occurred while \output is active []


Overfull \vbox (173.62276pt too high) has occurred while \output is active []



LaTeX Warning: Reference `intro-exact' on page 51 undefined on input line 4087.



LaTeX Warning: Reference `intro-exact' on page 51 undefined on input line 4088.



LaTeX Warning: Reference `tr-op-gene' on page 51 undefined on input line 4105.


LaTeX Warning: Reference `intro-exact' on page 51 undefined on input line 4111.


(source_extraction/results/1808.09631.aux)

LaTeX Warning: There were undefined references.

 ) 
Here is how much of TeX's memory you used:
 4337 strings out of 494260
 54142 string characters out of 6168642
 239115 words of memory out of 5000000
 7449 multiletter control sequences out of 15000+600000
 13424 words of font info for 50 fonts, out of 8000000 for 9000
 658 hyphenation exceptions out of 8191
 34i,17n,32p,907b,365s stack positions out of 5000i,500n,10000p,200000b,80000s
</usr/share/texlive/texmf-dist/fonts/type1/public/amsfonts/cm/cmbx12.pfb></us
r/share/texlive/texmf-dist/fonts/type1/public/amsfonts/cm/cmex10.pfb></usr/shar
e/texlive/texmf-dist/fonts/type1/public/amsfonts/cm/cmmi12.pfb></usr/share/texl
ive/texmf-dist/fonts/type1/public/amsfonts/cm/cmmi6.pfb></usr/share/texlive/tex
mf-dist/fonts/type1/public/amsfonts/cm/cmmi8.pfb></usr/share/texlive/texmf-dist
/fonts/type1/public/amsfonts/cm/cmr12.pfb></usr/share/texlive/texmf-dist/fonts/
type1/public/amsfonts/cm/cmr6.pfb></usr/share/texlive/texmf-dist/fonts/type1/pu
blic/amsfonts/cm/cmr8.pfb></usr/share/texlive/texmf-dist/fonts/type1/public/ams
fonts/cm/cmsy10.pfb></usr/share/texlive/texmf-dist/fonts/type1/public/amsfonts/
cm/cmsy6.pfb></usr/share/texlive/texmf-dist/fonts/type1/public/amsfonts/cm/cmsy
8.pfb></usr/share/texlive/texmf-dist/fonts/type1/public/amsfonts/cm/cmti12.pfb>
</usr/share/texlive/texmf-dist/fonts/type1/public/amsfonts/symbols/msbm10.pfb>
Output written on source_extraction/results/1808.09631.pdf (29 pages, 188754 by
tes).
PDF statistics:
 150 PDF objects out of 1000 (max. 8388607)
 104 compressed objects within 2 object streams
 0 named destinations out of 1000 (max. 500000)
 1 words of extra memory for PDF output out of 10000 (max. 10000000)

