This is pdfTeX, Version 3.14159265-2.6-1.40.18 (TeX Live 2017/Debian) (preloaded format=pdflatex 2018.11.16)  29 NOV 2018 16:34
entering extended mode
 restricted \write18 enabled.
 %&-line parsing enabled.
**source_extraction/results/1811.00913.tex
(./source_extraction/results/1811.00913.tex
LaTeX2e <2017-04-15>
Babel <3.18> and hyphenation patterns for 20 language(s) loaded.
(/usr/share/texlive/texmf-dist/tex/latex/amscls/amsart.cls
Document Class: amsart 2017/10/31 v2.20.4
\linespacing=\dimen102
\normalparindent=\dimen103
\normaltopskip=\skip41
(/usr/share/texlive/texmf-dist/tex/latex/amsmath/amsmath.sty
Package: amsmath 2017/09/02 v2.17a AMS math features
\@mathmargin=\skip42

For additional information on amsmath, use the `?' option.
(/usr/share/texlive/texmf-dist/tex/latex/amsmath/amstext.sty
Package: amstext 2000/06/29 v2.01 AMS text

(/usr/share/texlive/texmf-dist/tex/latex/amsmath/amsgen.sty
File: amsgen.sty 1999/11/30 v2.0 generic functions
\@emptytoks=\toks14
\ex@=\dimen104
))
(/usr/share/texlive/texmf-dist/tex/latex/amsmath/amsbsy.sty
Package: amsbsy 1999/11/29 v1.2d Bold Symbols
\pmbraise@=\dimen105
)
(/usr/share/texlive/texmf-dist/tex/latex/amsmath/amsopn.sty
Package: amsopn 2016/03/08 v2.02 operator names
)
\inf@bad=\count79
LaTeX Info: Redefining \frac on input line 213.
\uproot@=\count80
\leftroot@=\count81
LaTeX Info: Redefining \overline on input line 375.
\classnum@=\count82
\DOTSCASE@=\count83
LaTeX Info: Redefining \ldots on input line 472.
LaTeX Info: Redefining \dots on input line 475.
LaTeX Info: Redefining \cdots on input line 596.
\Mathstrutbox@=\box26
\strutbox@=\box27
\big@size=\dimen106
LaTeX Font Info:    Redeclaring font encoding OML on input line 712.
LaTeX Font Info:    Redeclaring font encoding OMS on input line 713.
\macc@depth=\count84
\c@MaxMatrixCols=\count85
\dotsspace@=\muskip10
\c@parentequation=\count86
\dspbrk@lvl=\count87
\tag@help=\toks15
\row@=\count88
\column@=\count89
\maxfields@=\count90
\andhelp@=\toks16
\eqnshift@=\dimen107
\alignsep@=\dimen108
\tagshift@=\dimen109
\tagwidth@=\dimen110
\totwidth@=\dimen111
\lineht@=\dimen112
\@envbody=\toks17
\multlinegap=\skip43
\multlinetaggap=\skip44
\mathdisplay@stack=\toks18
LaTeX Info: Redefining \[ on input line 2817.
LaTeX Info: Redefining \] on input line 2818.
)
LaTeX Font Info:    Try loading font information for U+msa on input line 398.

(/usr/share/texlive/texmf-dist/tex/latex/amsfonts/umsa.fd
File: umsa.fd 2013/01/14 v3.01 AMS symbols A
)
(/usr/share/texlive/texmf-dist/tex/latex/amsfonts/amsfonts.sty
Package: amsfonts 2013/01/14 v3.01 Basic AMSFonts support
\symAMSa=\mathgroup4
\symAMSb=\mathgroup5
LaTeX Font Info:    Overwriting math alphabet `\mathfrak' in version `bold'
(Font)                  U/euf/m/n --> U/euf/b/n on input line 106.
)
\copyins=\insert199
\abstractbox=\box28
\listisep=\skip45
\c@part=\count91
\c@section=\count92
\c@subsection=\count93
\c@subsubsection=\count94
\c@paragraph=\count95
\c@subparagraph=\count96
\c@figure=\count97
\c@table=\count98
\abovecaptionskip=\skip46
\belowcaptionskip=\skip47
\captionindent=\dimen113
\thm@style=\toks19
\thm@bodyfont=\toks20
\thm@headfont=\toks21
\thm@notefont=\toks22
\thm@headpunct=\toks23
\thm@preskip=\skip48
\thm@postskip=\skip49
\thm@headsep=\skip50
\dth@everypar=\toks24
)
(/usr/share/texlive/texmf-dist/tex/latex/amsfonts/amssymb.sty
Package: amssymb 2013/01/14 v3.01 AMS font symbols
)
(/usr/share/texlive/texmf-dist/tex/latex/tools/enumerate.sty
Package: enumerate 2015/07/23 v3.00 enumerate extensions (DPC)
\@enLab=\toks25
)
(/usr/share/texlive/texmf-dist/tex/latex/url/url.sty
\Urlmuskip=\muskip11
Package: url 2013/09/16  ver 3.4  Verb mode for urls, etc.
)
(/usr/share/texlive/texmf-dist/tex/latex/amsfonts/eucal.sty
Package: eucal 2009/06/22 v3.00 Euler Script fonts
LaTeX Font Info:    Overwriting math alphabet `\EuScript' in version `bold'
(Font)                  U/eus/m/n --> U/eus/b/n on input line 33.
) (./extract.sty
(/usr/share/texlive/texmf-dist/tex/latex/environ/environ.sty
Package: environ 2014/05/04 v0.3 A new way to define environments

(/usr/share/texlive/texmf-dist/tex/latex/trimspaces/trimspaces.sty
Package: trimspaces 2009/09/17 v1.1 Trim spaces around a token list
))
(/usr/share/texlive/texmf-dist/tex/latex/etextools/etextools.sty
Package: etextools 2010/12/07 v3.1415926 e-TeX more useful tools for LaTeX pack
age writers

(/usr/share/texlive/texmf-dist/tex/latex/etex-pkg/etex.sty
Package: etex 2016/08/01 v2.7 eTeX basic definition package (PEB,DPC)
\et@xins=\count99
)
(/usr/share/texlive/texmf-dist/tex/latex/etoolbox/etoolbox.sty
Package: etoolbox 2018/02/11 v2.5e e-TeX tools for LaTeX (JAW)
\etb@tempcnta=\count100
)
(/usr/share/texlive/texmf-dist/tex/latex/oberdiek/letltxmacro.sty
Package: letltxmacro 2016/05/16 v1.5 Let assignment for LaTeX macros (HO)
)
\ettl@fter=\count101
\ettl@for@nested=\count277
)
(/usr/share/texmf/tex/latex/preview/preview.sty
Package: preview 2017/04/24 11.91 (AUCTeX/preview-latex)

(/usr/share/texmf/tex/latex/preview/prtightpage.def
\PreviewBorder=\dimen114
)
\pr@snippet=\count102
\pr@box=\box29
\pr@output=\toks26
)
\c@propcounter=\count103
\mybox=\box30
)
\c@theorem=\count104

(source_extraction/results/1811.00913.aux)
\openout1 = `1811.00913.aux'.

LaTeX Font Info:    Checking defaults for OML/cmm/m/it on input line 153.
LaTeX Font Info:    ... okay on input line 153.
LaTeX Font Info:    Checking defaults for T1/cmr/m/n on input line 153.
LaTeX Font Info:    ... okay on input line 153.
LaTeX Font Info:    Checking defaults for OT1/cmr/m/n on input line 153.
LaTeX Font Info:    ... okay on input line 153.
LaTeX Font Info:    Checking defaults for OMS/cmsy/m/n on input line 153.
LaTeX Font Info:    ... okay on input line 153.
LaTeX Font Info:    Checking defaults for OMX/cmex/m/n on input line 153.
LaTeX Font Info:    ... okay on input line 153.
LaTeX Font Info:    Checking defaults for U/cmr/m/n on input line 153.
LaTeX Font Info:    ... okay on input line 153.
LaTeX Font Info:    Try loading font information for U+msa on input line 153.

(/usr/share/texlive/texmf-dist/tex/latex/amsfonts/umsa.fd
File: umsa.fd 2013/01/14 v3.01 AMS symbols A
)
LaTeX Font Info:    Try loading font information for U+msb on input line 153.

(/usr/share/texlive/texmf-dist/tex/latex/amsfonts/umsb.fd
File: umsb.fd 2013/01/14 v3.01 AMS symbols B
)
Preview: Fontsize 10pt
Preview: PDFoutput 1

LaTeX Warning: Reference `sec:terminology' on page 1 undefined on input line 20
7.

Preview: Tightpage -32891 -32891 32891 32891
[1{/var/lib/texmf/fonts/map/pdftex/updmap/pdftex.map}]
Overfull \hbox (12.0pt too wide) in paragraph at lines 230--230
[][] 
 []

[2]
Overfull \hbox (12.0pt too wide) in paragraph at lines 239--239
[][] 
 []

LaTeX Font Info:    Try loading font information for U+eus on input line 244.
(/usr/share/texlive/texmf-dist/tex/latex/amsfonts/ueus.fd
File: ueus.fd 2013/01/14 v3.01 Euler Script
)

LaTeX Warning: Reference `sec:2' on page 2 undefined on input line 271.


LaTeX Warning: Reference `sec:3' on page 2 undefined on input line 275.


LaTeX Warning: Reference `sec:4' on page 2 undefined on input line 278.


LaTeX Warning: Reference `sec:5' on page 2 undefined on input line 281.


LaTeX Warning: Reference `sec:BB' on page 2 undefined on input line 285.


LaTeX Warning: Reference `sec:4' on page 2 undefined on input line 285.


LaTeX Warning: Reference `sec:5' on page 2 undefined on input line 286.


LaTeX Warning: Reference `sec:ends' on page 2 undefined on input line 290.


LaTeX Warning: Reference `sec:6' on page 2 undefined on input line 293.


LaTeX Warning: Reference `sec:BB' on page 2 undefined on input line 294.


LaTeX Warning: Reference `sec:8' on page 2 undefined on input line 300.


LaTeX Warning: Reference `sec:9' on page 2 undefined on input line 302.


LaTeX Warning: Reference `sec:10' on page 2 undefined on input line 304.


LaTeX Warning: Reference `sec:11' on page 2 undefined on input line 306.


LaTeX Warning: Reference `sec:12' on page 2 undefined on input line 308.


LaTeX Warning: Reference `sec:13' on page 2 undefined on input line 310.

[3]
Overfull \hbox (12.0pt too wide) in paragraph at lines 386--386
[][] 
 []

[4]
Overfull \hbox (12.0pt too wide) in paragraph at lines 448--448
[][] 
 []

[5]
Overfull \hbox (12.0pt too wide) in paragraph at lines 503--503
[][] 
 []

[6]
Overfull \hbox (12.0pt too wide) in paragraph at lines 551--551
[][] 
 []

[7]
Overfull \hbox (12.0pt too wide) in paragraph at lines 579--579
[][] 
 []

[8]
Overfull \hbox (12.0pt too wide) in paragraph at lines 608--608
[][] 
 []

[9]
Overfull \hbox (12.0pt too wide) in paragraph at lines 672--672
[][] 
 []

[10]
Overfull \hbox (12.0pt too wide) in paragraph at lines 790--790
[][] 
 []


Overfull \vbox (87.78185pt too high) has occurred while \output is active []


[11]
Overfull \hbox (12.0pt too wide) in paragraph at lines 798--798
[][] 
 []


LaTeX Warning: Reference `eq:cay' on page 8 undefined on input line 824.


LaTeX Warning: Reference `eq:cay' on page 8 undefined on input line 824.

[12]
Overfull \hbox (12.0pt too wide) in paragraph at lines 875--875
[][] 
 []

[13]
Overfull \hbox (12.0pt too wide) in paragraph at lines 893--893
[][] 
 []

[14]
Overfull \hbox (12.0pt too wide) in paragraph at lines 911--911
[][] 
 []

[15]
Overfull \hbox (12.0pt too wide) in paragraph at lines 1034--1034
[][] 
 []

[16]
Overfull \hbox (12.0pt too wide) in paragraph at lines 1094--1094
[][] 
 []

[17]
Overfull \hbox (12.0pt too wide) in paragraph at lines 1102--1102
[][] 
 []


LaTeX Warning: Reference `eq:k' on page 12 undefined on input line 1261.


LaTeX Warning: Reference `eq:k' on page 12 undefined on input line 1261.

[18]
Overfull \hbox (12.0pt too wide) in paragraph at lines 1274--1274
[][] 
 []


LaTeX Warning: Reference `eq:symm2' on page 13 undefined on input line 1316.

[19]
Overfull \hbox (12.0pt too wide) in paragraph at lines 1353--1353
[][] 
 []

[20]
Overfull \hbox (12.0pt too wide) in paragraph at lines 1370--1370
[][] 
 []


LaTeX Warning: Reference `eq:eq2' on page 15 undefined on input line 1477.


LaTeX Warning: Reference `eq:eq2' on page 15 undefined on input line 1477.

[21]
Overfull \hbox (12.0pt too wide) in paragraph at lines 1533--1533
[][] 
 []

[22]
Overfull \hbox (12.0pt too wide) in paragraph at lines 1559--1559
[][] 
 []

[23]
Overfull \hbox (12.0pt too wide) in paragraph at lines 1574--1574
[][] 
 []


LaTeX Warning: Reference `eq:2aa' on page 17 undefined on input line 1754.


LaTeX Warning: Reference `eq:2aa' on page 17 undefined on input line 1754.


LaTeX Warning: Reference `eq:2ab' on page 17 undefined on input line 1754.


LaTeX Warning: Reference `eq:2ab' on page 18 undefined on input line 1754.


LaTeX Warning: Reference `eq:2aa' on page 18 undefined on input line 1754.


LaTeX Warning: Reference `eq:2ab' on page 18 undefined on input line 1754.


LaTeX Warning: Reference `eq:2a' on page 18 undefined on input line 1754.


LaTeX Warning: Reference `eq:4a' on page 18 undefined on input line 1754.


LaTeX Warning: Reference `eq:6a' on page 18 undefined on input line 1754.

[24]
Overfull \hbox (12.0pt too wide) in paragraph at lines 1790--1790
[][] 
 []

[25]
Overfull \hbox (12.0pt too wide) in paragraph at lines 1798--1798
[][] 
 []

[26]
Overfull \hbox (12.0pt too wide) in paragraph at lines 1811--1811
[][] 
 []

[27]
Overfull \hbox (12.0pt too wide) in paragraph at lines 1842--1842
[][] 
 []

LaTeX Font Info:    Try loading font information for U+euf on input line 1932.
(/usr/share/texlive/texmf-dist/tex/latex/amsfonts/ueuf.fd
File: ueuf.fd 2013/01/14 v3.01 Euler Fraktur
) [28]
Overfull \hbox (12.0pt too wide) in paragraph at lines 1932--1932
[][] 
 []


Overfull \vbox (20.28268pt too high) has occurred while \output is active []


[29]
Overfull \hbox (12.0pt too wide) in paragraph at lines 1964--1964
[][] 
 []


LaTeX Warning: Reference `eq:infty' on page 22 undefined on input line 2345.


LaTeX Warning: Reference `eq:sep' on page 22 undefined on input line 2345.


Overfull \hbox (11.7062pt too wide) in paragraph at lines 2345--2345
[]\OT1/cmr/m/n/10 [Proof of []] Con-sider $\OML/cmm/m/it/10 v$\OT1/cmr/m/n/10 ,
 $\OML/cmm/m/it/10 w \OMS/cmsy/m/n/10 2 []\OT1/cmr/m/n/10 (\OML/cmm/m/it/10 Y\O
T1/cmr/m/n/10 )$. We shall show [] 
 []


LaTeX Warning: Reference `eq:dd' on page 22 undefined on input line 2345.


LaTeX Warning: Reference `eq:sep' on page 23 undefined on input line 2345.


LaTeX Warning: Reference `eq:R1' on page 23 undefined on input line 2345.


LaTeX Warning: Reference `eq:R2' on page 23 undefined on input line 2345.


LaTeX Warning: Reference `eq:sep' on page 23 undefined on input line 2345.


LaTeX Warning: Reference `eq:R1' on page 23 undefined on input line 2345.


LaTeX Warning: Reference `eq:R2' on page 24 undefined on input line 2345.


LaTeX Warning: Reference `eq:R1' on page 24 undefined on input line 2345.


LaTeX Warning: Reference `eq:R2' on page 24 undefined on input line 2345.


LaTeX Warning: Reference `eq:u' on page 24 undefined on input line 2345.


LaTeX Warning: Reference `eq:sep' on page 24 undefined on input line 2345.


LaTeX Warning: Reference `eq:dd' on page 24 undefined on input line 2345.


LaTeX Warning: Reference `eq:u' on page 24 undefined on input line 2345.


LaTeX Warning: Reference `eq:infty' on page 25 undefined on input line 2345.


LaTeX Warning: Reference `eq:infty' on page 25 undefined on input line 2345.


LaTeX Warning: Reference `eq:infty' on page 26 undefined on input line 2345.

[30]
Overfull \hbox (12.0pt too wide) in paragraph at lines 2357--2357
[][] 
 []

[31]
Overfull \hbox (12.0pt too wide) in paragraph at lines 2383--2383
[][] 
 []

[32]
Overfull \hbox (12.0pt too wide) in paragraph at lines 2466--2466
[][] 
 []


LaTeX Warning: Reference `eq:Tn' on page 27 undefined on input line 2645.


LaTeX Warning: Reference `eq:Tn' on page 28 undefined on input line 2645.


LaTeX Warning: Reference `eq:stable' on page 28 undefined on input line 2645.


LaTeX Warning: Reference `eq:stable' on page 29 undefined on input line 2645.


LaTeX Warning: Reference `eq:stable' on page 29 undefined on input line 2645.

[33]
Overfull \hbox (12.0pt too wide) in paragraph at lines 2665--2665
[][] 
 []

[34]
Overfull \hbox (12.0pt too wide) in paragraph at lines 2732--2732
[][] 
 []

[35]
Overfull \hbox (12.0pt too wide) in paragraph at lines 2752--2752
[][] 
 []

[36]
Overfull \hbox (12.0pt too wide) in paragraph at lines 2887--2887
[][] 
 []

(source_extraction/results/1811.00913.aux)

LaTeX Warning: There were undefined references.

 ) 
Here is how much of TeX's memory you used:
 3121 strings out of 494260
 37417 string characters out of 6168642
 226202 words of memory out of 5000000
 6281 multiletter control sequences out of 15000+600000
 16690 words of font info for 62 fonts, out of 8000000 for 9000
 658 hyphenation exceptions out of 8191
 34i,14n,32p,905b,345s stack positions out of 5000i,500n,10000p,200000b,80000s
</usr/share/texlive/texmf-dist/fonts/type1/public/amsfonts/cm/cmbx10.pfb></us
r/share/texlive/texmf-dist/fonts/type1/public/amsfonts/cm/cmbx7.pfb></usr/share
/texlive/texmf-dist/fonts/type1/public/amsfonts/cm/cmbxti10.pfb></usr/share/tex
live/texmf-dist/fonts/type1/public/amsfonts/cm/cmex10.pfb></usr/share/texlive/t
exmf-dist/fonts/type1/public/amsfonts/cm/cmmi10.pfb></usr/share/texlive/texmf-d
ist/fonts/type1/public/amsfonts/cm/cmmi5.pfb></usr/share/texlive/texmf-dist/fon
ts/type1/public/amsfonts/cm/cmmi7.pfb></usr/share/texlive/texmf-dist/fonts/type
1/public/amsfonts/cm/cmr10.pfb></usr/share/texlive/texmf-dist/fonts/type1/publi
c/amsfonts/cm/cmr5.pfb></usr/share/texlive/texmf-dist/fonts/type1/public/amsfon
ts/cm/cmr7.pfb></usr/share/texlive/texmf-dist/fonts/type1/public/amsfonts/cm/cm
sy10.pfb></usr/share/texlive/texmf-dist/fonts/type1/public/amsfonts/cm/cmsy5.pf
b></usr/share/texlive/texmf-dist/fonts/type1/public/amsfonts/cm/cmsy7.pfb></usr
/share/texlive/texmf-dist/fonts/type1/public/amsfonts/cm/cmti10.pfb></usr/share
/texlive/texmf-dist/fonts/type1/public/amsfonts/euler/eufm10.pfb></usr/share/te
xlive/texmf-dist/fonts/type1/public/amsfonts/euler/eusm10.pfb></usr/share/texli
ve/texmf-dist/fonts/type1/public/amsfonts/euler/eusm7.pfb></usr/share/texlive/t
exmf-dist/fonts/type1/public/amsfonts/symbols/msam10.pfb></usr/share/texlive/te
xmf-dist/fonts/type1/public/amsfonts/symbols/msbm10.pfb>
Output written on source_extraction/results/1811.00913.pdf (36 pages, 233986 by
tes).
PDF statistics:
 196 PDF objects out of 1000 (max. 8388607)
 137 compressed objects within 2 object streams
 0 named destinations out of 1000 (max. 500000)
 1 words of extra memory for PDF output out of 10000 (max. 10000000)

